Send POST https://api.jpush.cn/v3/push, body:{"platform":"all","audience":{"registration_id":["140fe1da9e9bb7fbd2e"]},"notification":{"alert":"1234.\u70b9\u8d5e\u4e86\u4f60\u7684\u63a8\u8350"},"options":{"sendno":36478,"apns_production":false}}, times:1
Send POST https://api.jpush.cn/v3/push, body:{"platform":"all","audience":{"registration_id":["140fe1da9e9bb7fbd2e"]},"notification":{"alert":"1234\u70b9\u8d5e\u4e86\u4f60\u7684\u63a8\u8350"},"options":{"sendno":46476,"apns_production":false}}, times:1
Send POST https://api.jpush.cn/v3/push, body:{"platform":"all","audience":{"registration_id":["140fe1da9e9bb7fbd2e"]},"notification":{"alert":"1234\u70b9\u8d5e\u4e86\u4f60\u7684\u63a8\u8350"},"options":{"sendno":38243,"apns_production":false}}, times:1
Send POST https://api.jpush.cn/v3/push, body:{"platform":"all","audience":{"registration_id":["140fe1da9e9bb7fbd2e"]},"notification":{"alert":"wang\u70b9\u8d5e\u4e86\u4f60\u7684\u63a8\u8350"},"options":{"sendno":58816,"apns_production":false}}, times:1
Send POST https://api.jpush.cn/v3/push, body:{"platform":"all","audience":{"registration_id":["140fe1da9e9bb7fbd2e"]},"notification":{"alert":"1234\u70b9\u8d5e\u4e86\u4f60\u7684\u63a8\u8350"},"options":{"sendno":53653,"apns_production":false}}, times:1
Send POST https://api.jpush.cn/v3/push, body:{"platform":"all","audience":{"registration_id":["140fe1da9e9bb7fbd2e"]},"notification":{"alert":"huang\u70b9\u8d5e\u4e86\u4f60\u7684\u63a8\u8350"},"options":{"sendno":53676,"apns_production":false}}, times:1
Send POST https://api.jpush.cn/v3/push, body:{"platform":"all","audience":{"registration_id":["140fe1da9e9bb7fbd2e"]},"notification":{"alert":"huang\u70b9\u8d5e\u4e86\u4f60\u7684\u63a8\u8350"},"options":{"sendno":35776,"apns_production":false}}, times:1
Send POST https://api.jpush.cn/v3/push, body:{"platform":"all","audience":{"registration_id":["140fe1da9e9bb7fbd2e"]},"notification":{"alert":"huang\u70b9\u8d5e\u4e86\u4f60\u7684\u63a8\u8350"},"options":{"sendno":91352,"apns_production":false}}, times:1
Send POST https://api.jpush.cn/v3/push, body:{"platform":"all","audience":{"registration_id":["140fe1da9e9bb7fbd2e"]},"notification":{"alert":"huang\u70b9\u8d5e\u4e86\u4f60\u7684\u63a8\u8350"},"options":{"sendno":38604,"apns_production":false}}, times:1
Send POST https://api.jpush.cn/v3/push, body:{"platform":"all","audience":{"registration_id":["140fe1da9e9bb7fbd2e"]},"notification":{"alert":"huang\u70b9\u8d5e\u4e86\u4f60\u7684\u63a8\u8350"},"options":{"sendno":89481,"apns_production":false}}, times:1
Send POST https://api.jpush.cn/v3/push, body:{"platform":"all","audience":{"registration_id":["140fe1da9e9bb7fbd2e"]},"notification":{"alert":"huang\u70b9\u8d5e\u4e86\u4f60\u7684\u63a8\u8350"},"options":{"sendno":53147,"apns_production":false}}, times:1
Send POST https://api.jpush.cn/v3/push, body:{"platform":"all","audience":{"registration_id":["140fe1da9e9bb7fbd2e"]},"notification":{"alert":"huang\u70b9\u8d5e\u4e86\u4f60\u7684\u63a8\u8350"},"options":{"sendno":98234,"apns_production":false}}, times:1
Send POST https://api.jpush.cn/v3/push, body:{"platform":"all","audience":{"registration_id":["140fe1da9e9bb7fbd2e"]},"notification":{"alert":"chen\u70b9\u8d5e\u4e86\u4f60\u7684\u63a8\u8350"},"options":{"sendno":97606,"apns_production":false}}, times:1
Send POST https://api.jpush.cn/v3/push, body:{"platform":"all","audience":{"registration_id":["140fe1da9e9bb7fbd2e"]},"notification":{"alert":"wang\u8bc4\u8bba\u4e86\u4f60\u7684\u63a8\u8350"},"options":{"sendno":46934,"apns_production":false}}, times:1
Send POST https://api.jpush.cn/v3/push, body:{"platform":"all","audience":{"registration_id":["140fe1da9e9bb7fbd2e"]},"notification":{"alert":"wang\u8f6c\u8f7d\u4e86\u4f60\u7684\u63a8\u8350"},"options":{"sendno":80761,"apns_production":false}}, times:1
Send POST https://api.jpush.cn/v3/push, body:{"platform":"all","audience":{"registration_id":["140fe1da9e9bb7fbd2e"]},"notification":{"alert":"test21\u8bf7\u6c42\u6dfb\u52a0\u597d\u53cb"},"options":{"sendno":67460,"apns_production":false}}, times:1
Send POST https://api.jpush.cn/v3/push, body:{"platform":"all","audience":{"registration_id":["140fe1da9e9bb7fbd2e"]},"notification":{"alert":"huang\u70b9\u8d5e\u4e86\u4f60\u7684\u63a8\u8350"},"options":{"sendno":71969,"apns_production":false}}, times:1
Send POST https://api.jpush.cn/v3/push, body:{"platform":"all","audience":"all","notification":{"alert":"fdsa"},"options":{"sendno":93043,"apns_production":false}}, times:1
Send POST https://api.jpush.cn/v3/push, body:{"platform":"all","audience":{"registration_id":["140fe1da9e9bb7fbd2e"]},"message":{"msg_content":"huang\u70b9\u8d5e\u4e86\u4f60\u7684\u63a8\u8350","title":"\u6c5f\u6e56","extras":{"type":"praise"}},"options":{"sendno":44790,"apns_production":false}}, times:1
Send POST https://api.jpush.cn/v3/push, body:{"platform":"all","audience":{"registration_id":["140fe1da9e9bb7fbd2e"]},"message":{"msg_content":"li\u70b9\u8d5e\u4e86\u4f60\u7684\u63a8\u8350","title":"\u6c5f\u6e56","extras":{"type":"praise"}},"options":{"sendno":62408,"apns_production":false}}, times:1
Send POST https://api.jpush.cn/v3/push, body:{"platform":"all","audience":{"registration_id":["140fe1da9e9bb7fbd2e"]},"notification":{"alert":"li\u70b9\u8d5e\u4e86\u4f60\u7684\u63a8\u8350"},"options":{"sendno":80363,"apns_production":false}}, times:1
Send POST https://api.jpush.cn/v3/push, body:{"platform":"all","audience":{"registration_id":["140fe1da9e9bb7fbd2e"]},"notification":{"alert":"ming\u70b9\u8d5e\u4e86\u4f60\u7684\u63a8\u8350"},"options":{"sendno":63561,"apns_production":false}}, times:1
Send POST https://api.jpush.cn/v3/push, body:{"platform":"all","audience":{"registration_id":["140fe1da9e9bb7fbd2e"]},"notification":{"alert":"ming\u70b9\u8d5e\u4e86\u4f60\u7684\u63a8\u8350"},"options":{"sendno":35869,"apns_production":false}}, times:1
Send POST https://api.jpush.cn/v3/push, body:{"platform":"all","audience":{"registration_id":["140fe1da9e9bb7fbd2e"]},"notification":{"alert":"chen\u70b9\u8d5e\u4e86\u4f60\u7684\u63a8\u8350"},"options":{"sendno":72296,"apns_production":false}}, times:1
Send POST https://api.jpush.cn/v3/push, body:{"platform":"all","audience":{"registration_id":["140fe1da9e9bb7fbd2e"]},"notification":{"alert":"chen\u70b9\u8d5e\u4e86\u4f60\u7684\u63a8\u8350"},"options":{"sendno":54017,"apns_production":false}}, times:1
Send POST https://api.jpush.cn/v3/push, body:{"platform":"all","audience":{"registration_id":["140fe1da9e9bb7fbd2e"]},"notification":{"alert":"chen\u70b9\u8d5e\u4e86\u4f60\u7684\u63a8\u8350"},"options":{"sendno":83806,"apns_production":false}}, times:1
Send POST https://api.jpush.cn/v3/push, body:{"platform":"all","audience":"all","notification":{"alert":"hjk"},"options":{"sendno":71157,"apns_production":false}}, times:1
Send POST https://api.jpush.cn/v3/push, body:{"platform":"all","audience":{"registration_id":["140fe1da9e9bb7fbd2e"]},"message":{"msg_content":"chen\u70b9\u8d5e\u4e86\u4f60\u7684\u63a8\u8350","title":"\u6c5f\u6e56","extras":{"type":"praise"}},"options":{"sendno":53930,"apns_production":false}}, times:1
Send POST https://api.jpush.cn/v3/push, body:{"platform":"all","audience":{"registration_id":["140fe1da9e9bb7fbd2e"]},"message":{"msg_content":"chen\u70b9\u8d5e\u4e86\u4f60\u7684\u63a8\u8350","title":"\u6c5f\u6e56","extras":{"type":"praise"}},"options":{"sendno":34494,"apns_production":false}}, times:1
Send POST https://api.jpush.cn/v3/push, body:{"platform":"all","audience":{"registration_id":["140fe1da9e9bb7fbd2e"]},"notification":{"alert":"chen\u70b9\u8d5e\u4e86\u4f60\u7684\u63a8\u8350"},"options":{"sendno":93624,"apns_production":false}}, times:1
Send POST https://api.jpush.cn/v3/push, body:{"platform":"all","audience":{"registration_id":["140fe1da9e9bb7fbd2e"]},"notification":{"android":{"alert":"chen\u70b9\u8d5e\u4e86\u4f60\u7684\u63a8\u8350","title":"\u6c5f\u6e56","extras":{"type":"praise"}}},"options":{"sendno":56115,"apns_production":false}}, times:1
Send POST https://api.jpush.cn/v3/push, body:{"platform":"all","audience":"all","notification":{"alert":"fda"},"options":{"sendno":69926,"apns_production":false}}, times:1
Send POST https://api.jpush.cn/v3/push, body:{"platform":"all","audience":"all","notification":{"alert":"asdf"},"options":{"sendno":76194,"apns_production":false}}, times:1
Send POST https://api.jpush.cn/v3/push, body:{"platform":"all","audience":{"registration_id":["140fe1da9e9bb7fbd2e"]},"notification":{"android":{"alert":"chen\u70b9\u8d5e\u4e86\u4f60\u7684\u63a8\u8350","title":"\u6c5f\u6e56","extras":{"type":"praise"}}},"options":{"sendno":62938,"apns_production":false}}, times:1
Send POST https://api.jpush.cn/v3/push, body:{"platform":"all","audience":{"registration_id":["140fe1da9e9a7b388e1"]},"notification":{"android":{"alert":"chen\u70b9\u8d5e\u4e86\u4f60\u7684\u63a8\u8350","title":"\u6c5f\u6e56","extras":{"type":"praise"}}},"options":{"sendno":85538,"apns_production":false}}, times:1
Send POST https://api.jpush.cn/v3/push, body:{"platform":"all","audience":"all","notification":{"android":{"alert":"fdsa","title":"\u6c5f\u6e56","extras":{"type":"","msg":""}}},"options":{"sendno":60248,"apns_production":false}}, times:1
Send POST https://api.jpush.cn/v3/push, body:{"platform":"all","audience":"all","notification":{"android":{"alert":"fdsa","title":"\u6c5f\u6e56","extras":{"type":"","msg":""}}},"options":{"sendno":68625,"apns_production":false}}, times:1
Send POST https://api.jpush.cn/v3/push, body:{"platform":"all","audience":{"registration_id":["140fe1da9e9a7b388e1"]},"notification":{"android":{"alert":"F\u8bf7\u6c42\u6dfb\u52a0\u60a8\u4e3a\u597d\u53cb","title":"\u6c5f\u6e56","extras":{"type":""}}},"options":{"sendno":45758,"apns_production":false}}, times:1
Send POST https://api.jpush.cn/v3/push, body:{"platform":"all","audience":"all","notification":{"android":{"alert":"fda","title":"\u6c5f\u6e56","extras":{"type":"poster","msg":"62"}}},"options":{"sendno":75523,"apns_production":false}}, times:1
Send POST https://api.jpush.cn/v3/push, body:{"platform":"all","audience":{"registration_id":["18071adc033cbbb686c"]},"notification":{"android":{"alert":"nihaoma\u8f6c\u8f7d\u4e86\u4f60\u7684\u63a8\u8350","title":"\u6c5f\u6e56\u6307\u5357","extras":{"type":""}}},"options":{"sendno":94853,"apns_production":false}}, times:1
Send POST https://api.jpush.cn/v3/push, body:{"platform":"all","audience":{"registration_id":["100d85590976d5ac2df"]},"notification":{"android":{"alert":"\u6211\u662f\u7b2c\u4e8c2\u8bc4\u8bba\u4e86\u4f60\u7684\u63a8\u8350","title":"\u6c5f\u6e56\u6307\u5357","extras":{"type":"comment"}}},"options":{"sendno":63600,"apns_production":false}}, times:1
