[ 2016-09-27T00:36:03+08:00 ] ::1 /jianghu/index.php
INFO: [ app_init ] --START--
INFO: Run Behavior\BuildLiteBehavior [ RunTime:0.000016s ]
INFO: [ app_init ] --END-- [ RunTime:0.000570s ]
INFO: [ app_begin ] --START--
INFO: Run Behavior\ReadHtmlCacheBehavior [ RunTime:0.000949s ]
INFO: [ app_begin ] --END-- [ RunTime:0.001008s ]
INFO: [ view_parse ] --START--
INFO: [ template_filter ] --START--
INFO: Run Behavior\ContentReplaceBehavior [ RunTime:0.000060s ]
INFO: [ template_filter ] --END-- [ RunTime:0.000125s ]
INFO: Run Behavior\ParseTemplateBehavior [ RunTime:0.009889s ]
INFO: [ view_parse ] --END-- [ RunTime:0.009950s ]
INFO: [ view_filter ] --START--
INFO: Run Behavior\WriteHtmlCacheBehavior [ RunTime:0.000719s ]
INFO: [ view_filter ] --END-- [ RunTime:0.000763s ]
INFO: [ app_end ] --START--
INFO: Run Behavior\ShowPageTraceBehavior [ RunTime:0.000916s ]
INFO: [ app_end ] --END-- [ RunTime:0.000963s ]

[ 2016-09-27T19:03:06+08:00 ] ::1 /jianghu/index.php
INFO: [ app_init ] --START--
INFO: Run Behavior\BuildLiteBehavior [ RunTime:0.000025s ]
INFO: [ app_init ] --END-- [ RunTime:0.001065s ]
INFO: [ app_begin ] --START--
INFO: Run Behavior\ReadHtmlCacheBehavior [ RunTime:0.001475s ]
INFO: [ app_begin ] --END-- [ RunTime:0.001587s ]
INFO: [ view_parse ] --START--
INFO: [ template_filter ] --START--
INFO: Run Behavior\ContentReplaceBehavior [ RunTime:0.000053s ]
INFO: [ template_filter ] --END-- [ RunTime:0.000103s ]
INFO: Run Behavior\ParseTemplateBehavior [ RunTime:0.058972s ]
INFO: [ view_parse ] --END-- [ RunTime:0.059025s ]
INFO: [ view_filter ] --START--
INFO: Run Behavior\WriteHtmlCacheBehavior [ RunTime:0.008475s ]
INFO: [ view_filter ] --END-- [ RunTime:0.008523s ]
INFO: [ app_end ] --START--
INFO: Run Behavior\ShowPageTraceBehavior [ RunTime:0.001104s ]
INFO: [ app_end ] --END-- [ RunTime:0.001147s ]

[ 2016-09-27T19:03:18+08:00 ] ::1 /jianghu/index.php/home/introduce/addpraise.html
INFO: [ app_init ] --START--
INFO: Run Behavior\BuildLiteBehavior [ RunTime:0.000024s ]
INFO: [ app_init ] --END-- [ RunTime:0.000868s ]
INFO: [ app_begin ] --START--
INFO: Run Behavior\ReadHtmlCacheBehavior [ RunTime:0.001279s ]
INFO: [ app_begin ] --END-- [ RunTime:0.001395s ]

[ 2016-09-27T19:03:42+08:00 ] ::1 /jianghu/index.php/home/user/login.html?username=he&password=123
INFO: [ app_init ] --START--
INFO: Run Behavior\BuildLiteBehavior [ RunTime:0.000014s ]
INFO: [ app_init ] --END-- [ RunTime:0.000451s ]
INFO: [ app_begin ] --START--
INFO: Run Behavior\ReadHtmlCacheBehavior [ RunTime:0.000702s ]
INFO: [ app_begin ] --END-- [ RunTime:0.000749s ]
SQL: SHOW COLUMNS FROM `jianghu_user` [ RunTime:0.0031s ]
SQL: SELECT * FROM `jianghu_user` WHERE `username` = 'he'  [ RunTime:0.0004s ]
NOTIC: [8] Use of undefined constant flag - assumed 'flag' D:\xampp\htdocs\jianghu\Application\Home\Controller\UserController.class.php 第 47 行.
SQL: SELECT `password` FROM `jianghu_user` WHERE `username` = 'he' LIMIT 1   [ RunTime:0.0002s ]
SQL: SELECT `id` FROM `jianghu_user` WHERE `username` = 'he' LIMIT 1   [ RunTime:0.0002s ]

[ 2016-09-27T19:03:48+08:00 ] ::1 /jianghu/index.php/home/introduce/addpraise.html
INFO: [ app_init ] --START--
INFO: Run Behavior\BuildLiteBehavior [ RunTime:0.000018s ]
INFO: [ app_init ] --END-- [ RunTime:0.000655s ]
INFO: [ app_begin ] --START--
INFO: Run Behavior\ReadHtmlCacheBehavior [ RunTime:0.000739s ]
INFO: [ app_begin ] --END-- [ RunTime:0.000797s ]
SQL: SHOW COLUMNS FROM `jianghu_user` [ RunTime:0.0284s ]
SQL: SHOW COLUMNS FROM `jianghu_introduce` [ RunTime:0.0574s ]
SQL: SHOW COLUMNS FROM `jianghu_praise` [ RunTime:0.0410s ]
SQL: SELECT `id` FROM `jianghu_user` WHERE `username` = 'he' LIMIT 1   [ RunTime:0.0003s ]
SQL: INSERT INTO `jianghu_praise` (`introduce_id`,`user_id`,`time`) VALUES ('8','1','2016-09-27 19-03-48') [ RunTime:0.0556s ]
SQL: UPDATE `jianghu_introduce` SET `praisenum`=praisenum+1 WHERE `id` = 8 [ RunTime:0.0886s ]
NOTIC: [8] Use of undefined constant data - assumed 'data' D:\xampp\htdocs\jianghu\Application\Home\Controller\IntroduceController.class.php 第 188 行.
NOTIC: [2] Illegal string offset 'introduce_id' D:\xampp\htdocs\jianghu\Application\Home\Controller\IntroduceController.class.php 第 188 行.
SQL: SELECT `user_id` FROM `jianghu_introduce` WHERE `id` = 0 LIMIT 1   [ RunTime:0.0003s ]
SQL: UPDATE `jianghu_user` SET `praisenum`=praisenum+1 [ RunTime:0.0882s ]

[ 2016-09-27T19:05:52+08:00 ] ::1 /jianghu/index.php/home/introduce/addpraise.html
INFO: [ app_init ] --START--
INFO: Run Behavior\BuildLiteBehavior [ RunTime:0.000019s ]
INFO: [ app_init ] --END-- [ RunTime:0.000822s ]
INFO: [ app_begin ] --START--
INFO: Run Behavior\ReadHtmlCacheBehavior [ RunTime:0.001140s ]
INFO: [ app_begin ] --END-- [ RunTime:0.001217s ]
SQL: SHOW COLUMNS FROM `jianghu_user` [ RunTime:0.0170s ]
SQL: SHOW COLUMNS FROM `jianghu_introduce` [ RunTime:0.0572s ]
SQL: SHOW COLUMNS FROM `jianghu_praise` [ RunTime:0.0405s ]
SQL: SELECT `id` FROM `jianghu_user` WHERE `username` = 'he' LIMIT 1   [ RunTime:0.0003s ]
SQL: INSERT INTO `jianghu_praise` (`introduce_id`,`user_id`,`time`) VALUES ('8','1','2016-09-27 19-05-52') [ RunTime:0.0556s ]
SQL: UPDATE `jianghu_introduce` SET `praisenum`=praisenum+1 WHERE `id` = 8 [ RunTime:0.0973s ]
NOTIC: [8] Use of undefined constant data - assumed 'data' D:\xampp\htdocs\jianghu\Application\Home\Controller\IntroduceController.class.php 第 188 行.
NOTIC: [2] Illegal string offset 'introduce_id' D:\xampp\htdocs\jianghu\Application\Home\Controller\IntroduceController.class.php 第 188 行.
SQL: SELECT `user_id` FROM `jianghu_introduce` WHERE `id` = 0 LIMIT 1   [ RunTime:0.0003s ]
SQL: UPDATE `jianghu_user` SET `praisenum`=praisenum+1 WHERE `id` = null [ RunTime:0.0002s ]

[ 2016-09-27T19:06:33+08:00 ] ::1 /jianghu/index.php/home/introduce/addpraise.html
INFO: [ app_init ] --START--
INFO: Run Behavior\BuildLiteBehavior [ RunTime:0.000013s ]
INFO: [ app_init ] --END-- [ RunTime:0.000475s ]
INFO: [ app_begin ] --START--
INFO: Run Behavior\ReadHtmlCacheBehavior [ RunTime:0.001389s ]
INFO: [ app_begin ] --END-- [ RunTime:0.001514s ]
SQL: SHOW COLUMNS FROM `jianghu_user` [ RunTime:0.0257s ]
SQL: SHOW COLUMNS FROM `jianghu_introduce` [ RunTime:0.0585s ]
SQL: SHOW COLUMNS FROM `jianghu_praise` [ RunTime:0.0397s ]
SQL: SELECT `id` FROM `jianghu_user` WHERE `username` = 'he' LIMIT 1   [ RunTime:0.0004s ]
SQL: INSERT INTO `jianghu_praise` (`introduce_id`,`user_id`,`time`) VALUES ('8','1','2016-09-27 19-06-33') [ RunTime:0.0555s ]
SQL: UPDATE `jianghu_introduce` SET `praisenum`=praisenum+1 WHERE `id` = 8 [ RunTime:0.0890s ]
NOTIC: [8] Use of undefined constant data1 - assumed 'data1' D:\xampp\htdocs\jianghu\Application\Home\Controller\IntroduceController.class.php 第 188 行.
NOTIC: [2] Illegal string offset 'introduce_id' D:\xampp\htdocs\jianghu\Application\Home\Controller\IntroduceController.class.php 第 188 行.
SQL: SELECT `user_id` FROM `jianghu_introduce` WHERE `id` = 0 LIMIT 1   [ RunTime:0.0005s ]
SQL: UPDATE `jianghu_user` SET `praisenum`=praisenum+1 WHERE `id` = null [ RunTime:0.0003s ]

[ 2016-09-27T19:08:17+08:00 ] ::1 /jianghu/index.php/home/introduce/addpraise.html
INFO: [ app_init ] --START--
INFO: Run Behavior\BuildLiteBehavior [ RunTime:0.000013s ]
INFO: [ app_init ] --END-- [ RunTime:0.000557s ]
INFO: [ app_begin ] --START--
INFO: Run Behavior\ReadHtmlCacheBehavior [ RunTime:0.001914s ]
INFO: [ app_begin ] --END-- [ RunTime:0.002064s ]
SQL: SHOW COLUMNS FROM `jianghu_user` [ RunTime:0.0422s ]
SQL: SHOW COLUMNS FROM `jianghu_introduce` [ RunTime:0.0570s ]
SQL: SHOW COLUMNS FROM `jianghu_praise` [ RunTime:0.0418s ]
SQL: SELECT `id` FROM `jianghu_user` WHERE `username` = 'he' LIMIT 1   [ RunTime:0.0003s ]
SQL: INSERT INTO `jianghu_praise` (`introduce_id`,`user_id`,`time`) VALUES ('8','1','2016-09-27 19-08-17') [ RunTime:0.0555s ]
SQL: UPDATE `jianghu_introduce` SET `praisenum`=praisenum+1 WHERE `id` = 8 [ RunTime:0.0443s ]
NOTIC: [8] Use of undefined constant data1 - assumed 'data1' D:\xampp\htdocs\jianghu\Application\Home\Controller\IntroduceController.class.php 第 188 行.
NOTIC: [2] Illegal string offset 'introduce_id' D:\xampp\htdocs\jianghu\Application\Home\Controller\IntroduceController.class.php 第 188 行.
SQL: SELECT `user_id` FROM `jianghu_introduce` WHERE `id` = 0 LIMIT 1   [ RunTime:0.0003s ]

[ 2016-09-27T19:09:10+08:00 ] ::1 /jianghu/index.php
INFO: [ app_init ] --START--
INFO: Run Behavior\BuildLiteBehavior [ RunTime:0.000018s ]
INFO: [ app_init ] --END-- [ RunTime:0.000623s ]
INFO: [ app_begin ] --START--
INFO: Run Behavior\ReadHtmlCacheBehavior [ RunTime:0.000875s ]
INFO: [ app_begin ] --END-- [ RunTime:0.000956s ]
INFO: [ view_parse ] --START--
INFO: [ template_filter ] --START--
INFO: Run Behavior\ContentReplaceBehavior [ RunTime:0.000056s ]
INFO: [ template_filter ] --END-- [ RunTime:0.000110s ]
INFO: Run Behavior\ParseTemplateBehavior [ RunTime:0.008456s ]
INFO: [ view_parse ] --END-- [ RunTime:0.008512s ]
INFO: [ view_filter ] --START--
INFO: Run Behavior\WriteHtmlCacheBehavior [ RunTime:0.000548s ]
INFO: [ view_filter ] --END-- [ RunTime:0.000585s ]
INFO: [ app_end ] --START--
INFO: Run Behavior\ShowPageTraceBehavior [ RunTime:0.000720s ]
INFO: [ app_end ] --END-- [ RunTime:0.000762s ]

[ 2016-09-27T19:09:17+08:00 ] ::1 /jianghu/index.php/home/introduce/addpraise.html
INFO: [ app_init ] --START--
INFO: Run Behavior\BuildLiteBehavior [ RunTime:0.000012s ]
INFO: [ app_init ] --END-- [ RunTime:0.000460s ]
INFO: [ app_begin ] --START--
INFO: Run Behavior\ReadHtmlCacheBehavior [ RunTime:0.000626s ]
INFO: [ app_begin ] --END-- [ RunTime:0.000682s ]
SQL: SHOW COLUMNS FROM `jianghu_user` [ RunTime:0.0046s ]
SQL: SHOW COLUMNS FROM `jianghu_introduce` [ RunTime:0.0549s ]
SQL: SHOW COLUMNS FROM `jianghu_praise` [ RunTime:0.0577s ]
SQL: SELECT `id` FROM `jianghu_user` WHERE `username` = 'he' LIMIT 1   [ RunTime:0.0003s ]
SQL: INSERT INTO `jianghu_praise` (`introduce_id`,`user_id`,`time`) VALUES ('8','1','2016-09-27 19-09-16') [ RunTime:0.0864s ]
SQL: UPDATE `jianghu_introduce` SET `praisenum`=praisenum+1 WHERE `id` = 8 [ RunTime:0.0889s ]
SQL: SELECT `user_id` FROM `jianghu_introduce` WHERE `id` = 8 LIMIT 1   [ RunTime:0.0004s ]
SQL: UPDATE `jianghu_user` SET `praisenum`=praisenum+1 WHERE `id` = 4 [ RunTime:0.0844s ]

[ 2016-09-27T19:24:23+08:00 ] ::1 /jianghu/index.php/home/introduce/delpraise.html
INFO: [ app_init ] --START--
INFO: Run Behavior\BuildLiteBehavior [ RunTime:0.000015s ]
INFO: [ app_init ] --END-- [ RunTime:0.000749s ]
INFO: [ app_begin ] --START--
INFO: Run Behavior\ReadHtmlCacheBehavior [ RunTime:0.000882s ]
INFO: [ app_begin ] --END-- [ RunTime:0.000941s ]
SQL: SHOW COLUMNS FROM `jianghu_user` [ RunTime:0.0310s ]
SQL: SHOW COLUMNS FROM `jianghu_praise` [ RunTime:0.0687s ]
SQL: SHOW COLUMNS FROM `jianghu_introduce` [ RunTime:0.0422s ]
SQL: SELECT `introduce_id` FROM `jianghu_praise` WHERE `id` = 5 LIMIT 1   [ RunTime:0.0003s ]
SQL: SELECT `user_id` FROM `jianghu_introduce` WHERE `id` = 8 LIMIT 1   [ RunTime:0.0003s ]
SQL: UPDATE `jianghu_user` SET `praisenum`=praisenum-1 WHERE `id` = 4 [ RunTime:0.0852s ]
SQL: DELETE FROM `jianghu_praise` WHERE `id` = 5 [ RunTime:0.0547s ]
SQL: UPDATE `jianghu_introduce` SET `praisenum`=praisenum-1 WHERE `id` = 8 [ RunTime:0.0360s ]

[ 2016-09-27T19:31:28+08:00 ] ::1 /jianghu/index.php/home/introduce/showwhopraise.html
INFO: [ app_init ] --START--
INFO: Run Behavior\BuildLiteBehavior [ RunTime:0.000011s ]
INFO: [ app_init ] --END-- [ RunTime:0.000526s ]
INFO: [ app_begin ] --START--
INFO: Run Behavior\ReadHtmlCacheBehavior [ RunTime:0.000753s ]
INFO: [ app_begin ] --END-- [ RunTime:0.000823s ]
SQL: SHOW COLUMNS FROM `jianghu_user` [ RunTime:0.0083s ]
SQL: SHOW COLUMNS FROM `jianghu_introduce` [ RunTime:0.0644s ]
SQL: SHOW COLUMNS FROM `jianghu_praise` [ RunTime:0.0683s ]
SQL: SELECT `user_id`,`id` FROM `jianghu_praise` WHERE `introduce_id` = 8 ORDER BY time desc  [ RunTime:0.0004s ]
SQL: SELECT `faceurl` FROM `jianghu_user` WHERE `id` = 1 LIMIT 1   [ RunTime:0.0003s ]
SQL: SELECT `faceurl` FROM `jianghu_user` WHERE `id` = 1 LIMIT 1   [ RunTime:0.0002s ]
SQL: SELECT `faceurl` FROM `jianghu_user` WHERE `id` = 1 LIMIT 1   [ RunTime:0.0002s ]
SQL: SELECT `faceurl` FROM `jianghu_user` WHERE `id` = 1 LIMIT 1   [ RunTime:0.0002s ]
SQL: SELECT `faceurl` FROM `jianghu_user` WHERE `id` = 1 LIMIT 1   [ RunTime:0.0003s ]

[ 2016-09-27T19:36:56+08:00 ] ::1 /jianghu/index.php/home/introduce/showwhopraise.html
INFO: [ app_init ] --START--
INFO: Run Behavior\BuildLiteBehavior [ RunTime:0.000014s ]
INFO: [ app_init ] --END-- [ RunTime:0.000597s ]
INFO: [ app_begin ] --START--
INFO: Run Behavior\ReadHtmlCacheBehavior [ RunTime:0.001107s ]
INFO: [ app_begin ] --END-- [ RunTime:0.001197s ]
SQL: SHOW COLUMNS FROM `jianghu_user` [ RunTime:0.0220s ]
SQL: SHOW COLUMNS FROM `jianghu_introduce` [ RunTime:0.0442s ]
SQL: SHOW COLUMNS FROM `jianghu_praise` [ RunTime:0.0021s ]
SQL: SELECT `user_id`,`id`,`time` FROM `jianghu_praise` WHERE `introduce_id` = 8 ORDER BY time desc  [ RunTime:0.0003s ]
SQL: SELECT `faceurl` FROM `jianghu_user` WHERE `id` = 1 LIMIT 1   [ RunTime:0.0002s ]
SQL: SELECT `username` FROM `jianghu_user` WHERE `id` = 1 LIMIT 1   [ RunTime:0.0002s ]
SQL: SELECT `faceurl` FROM `jianghu_user` WHERE `id` = 1 LIMIT 1   [ RunTime:0.0002s ]
SQL: SELECT `username` FROM `jianghu_user` WHERE `id` = 1 LIMIT 1   [ RunTime:0.0002s ]
SQL: SELECT `faceurl` FROM `jianghu_user` WHERE `id` = 1 LIMIT 1   [ RunTime:0.0002s ]
SQL: SELECT `username` FROM `jianghu_user` WHERE `id` = 1 LIMIT 1   [ RunTime:0.0002s ]
SQL: SELECT `faceurl` FROM `jianghu_user` WHERE `id` = 1 LIMIT 1   [ RunTime:0.0005s ]
SQL: SELECT `username` FROM `jianghu_user` WHERE `id` = 1 LIMIT 1   [ RunTime:0.0003s ]
SQL: SELECT `faceurl` FROM `jianghu_user` WHERE `id` = 1 LIMIT 1   [ RunTime:0.0003s ]
SQL: SELECT `username` FROM `jianghu_user` WHERE `id` = 1 LIMIT 1   [ RunTime:0.0003s ]

[ 2016-09-27T19:44:50+08:00 ] ::1 /jianghu/index.php/home/introduce/forward.html
INFO: [ app_init ] --START--
INFO: Run Behavior\BuildLiteBehavior [ RunTime:0.000013s ]
INFO: [ app_init ] --END-- [ RunTime:0.000506s ]
INFO: [ app_begin ] --START--
INFO: Run Behavior\ReadHtmlCacheBehavior [ RunTime:0.000748s ]
INFO: [ app_begin ] --END-- [ RunTime:0.000813s ]
SQL: SHOW COLUMNS FROM `jianghu_user` [ RunTime:0.0052s ]
SQL: SHOW COLUMNS FROM `jianghu_introduce` [ RunTime:0.0556s ]
SQL: SHOW COLUMNS FROM `jianghu_forward` [ RunTime:0.0678s ]
SQL: SELECT `isforward` FROM `jianghu_introduce` WHERE `id` = 9 LIMIT 1   [ RunTime:0.0006s ]
SQL: INSERT INTO `jianghu_introduce` (`time`,`isforward`,`text`,`user_id`) VALUES ('2016-09-27 19-44-50','9','he转发了wang的推荐','0') [ RunTime:0.0978s ]
SQL: INSERT INTO `jianghu_forward` (`user_id`,`introduce_id`,`time`) VALUES ('0','9','2016-09-27 19-44-50') [ RunTime:0.1078s ]
SQL: UPDATE `jianghu_introduce` SET `forwardnum`=forwardnum+1 WHERE `id` = 9 [ RunTime:0.0874s ]
SQL: SELECT `user_id` FROM `jianghu_introduce` WHERE `id` = 9 LIMIT 1   [ RunTime:0.0003s ]
SQL: UPDATE `jianghu_user` SET `praisenum`=praisenum+1 WHERE `id` = 3 [ RunTime:0.0466s ]

[ 2016-09-27T19:46:28+08:00 ] ::1 /jianghu/index.php/home/introduce/forward.html
INFO: [ app_init ] --START--
INFO: Run Behavior\BuildLiteBehavior [ RunTime:0.000019s ]
INFO: [ app_init ] --END-- [ RunTime:0.000654s ]
INFO: [ app_begin ] --START--
INFO: Run Behavior\ReadHtmlCacheBehavior [ RunTime:0.000674s ]
INFO: [ app_begin ] --END-- [ RunTime:0.000729s ]
SQL: SHOW COLUMNS FROM `jianghu_user` [ RunTime:0.0033s ]
SQL: SHOW COLUMNS FROM `jianghu_introduce` [ RunTime:0.0021s ]
SQL: SHOW COLUMNS FROM `jianghu_forward` [ RunTime:0.0022s ]
SQL: SELECT `isforward` FROM `jianghu_introduce` WHERE `id` = 9 LIMIT 1   [ RunTime:0.0003s ]
SQL: INSERT INTO `jianghu_introduce` (`time`,`isforward`,`text`,`user_id`) VALUES ('2016-09-27 19-46-28','9','he转发了wang的推荐','0') [ RunTime:0.0905s ]
SQL: INSERT INTO `jianghu_forward` (`user_id`,`introduce_id`,`time`) VALUES ('0','9','2016-09-27 19-46-28') [ RunTime:0.0918s ]
SQL: UPDATE `jianghu_introduce` SET `forwardnum`=forwardnum+1 WHERE `id` = 9 [ RunTime:0.0859s ]
SQL: SELECT `user_id` FROM `jianghu_introduce` WHERE `id` = 9 LIMIT 1   [ RunTime:0.0002s ]
SQL: UPDATE `jianghu_user` SET `praisenum`=praisenum+3 WHERE `id` = 3 [ RunTime:0.0564s ]

