[ 2016-11-08T18:37:28+08:00 ] ::1 /jianghu/index.php/home/introduce/forward
INFO: [ app_init ] --START--
INFO: Run Behavior\BuildLiteBehavior [ RunTime:0.000015s ]
INFO: [ app_init ] --END-- [ RunTime:0.000621s ]
INFO: [ app_begin ] --START--
INFO: Run Behavior\ReadHtmlCacheBehavior [ RunTime:0.000692s ]
INFO: [ app_begin ] --END-- [ RunTime:0.000741s ]
SQL: SHOW COLUMNS FROM `jianghu_token` [ RunTime:0.0027s ]
SQL: SHOW COLUMNS FROM `jianghu_user` [ RunTime:0.0027s ]
SQL: SHOW COLUMNS FROM `jianghu_login_count` [ RunTime:0.0026s ]
SQL: SHOW COLUMNS FROM `jianghu_daily_num` [ RunTime:0.0026s ]
SQL: SELECT * FROM `jianghu_token` WHERE `token` = 'f0eac881e871f806c946703600ca3c5e' AND `state` = 0 LIMIT 1   [ RunTime:0.0004s ]
SQL: SELECT `isban` FROM `jianghu_user` WHERE `id` = 6 LIMIT 1   [ RunTime:0.0002s ]
SQL: SELECT * FROM `jianghu_login_count` WHERE `user_id` = 6 AND `date` = '2016-11-08' LIMIT 1   [ RunTime:0.0003s ]
SQL: SELECT * FROM `jianghu_daily_num` WHERE `date` = '2016-11-08' LIMIT 1   [ RunTime:0.0003s ]
SQL: SELECT `jointime` FROM `jianghu_user` WHERE `id` = 6 LIMIT 1   [ RunTime:0.0002s ]
SQL: INSERT INTO `jianghu_login_count` (`user_id`,`date`) VALUES ('6','2016-11-08') [ RunTime:0.0740s ]
SQL: UPDATE `jianghu_user` SET `praisenum`=praisenum+1 WHERE `id` = 6 [ RunTime:0.0570s ]
SQL: SELECT * FROM `jianghu_daily_num` WHERE `date` = '2016-11-08'  [ RunTime:0.0007s ]
SQL: INSERT INTO `jianghu_daily_num` (`date`,`lognum`) VALUES ('2016-11-08','1') [ RunTime:0.0611s ]
SQL: SHOW COLUMNS FROM `jianghu_introduce` [ RunTime:0.0479s ]
SQL: SHOW COLUMNS FROM `jianghu_forward` [ RunTime:0.0566s ]
SQL: SHOW COLUMNS FROM `jianghu_friend` [ RunTime:0.0353s ]
SQL: SELECT `user_id` FROM `jianghu_introduce` WHERE `id` = 90 LIMIT 1   [ RunTime:0.0004s ]
SQL: UPDATE `jianghu_user` SET `unreadnum`=unreadnum+1 WHERE `id` = 1 [ RunTime:0.1175s ]
SQL: SELECT `isforward` FROM `jianghu_introduce` WHERE `id` = 90 LIMIT 1   [ RunTime:0.0004s ]
SQL: SELECT `degree` FROM `jianghu_introduce` WHERE `id` = 90 LIMIT 1   [ RunTime:0.0004s ]
SQL: SELECT `forward_id` FROM `jianghu_introduce` WHERE `id` = 90 LIMIT 1   [ RunTime:0.0004s ]
SQL: SELECT `user_id` FROM `jianghu_forward` WHERE `id` = 0 LIMIT 1   [ RunTime:0.0005s ]
SQL: UPDATE `jianghu_introduce` SET `alldegree`=alldegree+2 WHERE `id` = 90 [ RunTime:0.0613s ]
SQL: INSERT INTO `jianghu_forward` (`user_id`,`introduce_id`,`time`,`owner_id`,`original_id`,`original_id2`,`degree`) VALUES ('6','90','2016-11-08 18:37:28','1','90','6','2') [ RunTime:0.0466s ]
SQL: INSERT INTO `jianghu_introduce` (`time`,`isforward`,`text`,`user_id`,`degree`,`forward_id`) VALUES ('2016-11-08 18:37:28','90','1','6','2','86') [ RunTime:0.0493s ]
SQL: UPDATE `jianghu_introduce` SET `forwardnum`=forwardnum+1 WHERE `id` = 90 [ RunTime:0.0611s ]
SQL: UPDATE `jianghu_introduce` SET `praisenum`=praisenum+1 WHERE `id` = 90 [ RunTime:0.0649s ]

[ 2016-11-08T18:42:06+08:00 ] ::1 /jianghu/index.php/home/introduce/forward
INFO: [ app_init ] --START--
INFO: Run Behavior\BuildLiteBehavior [ RunTime:0.000013s ]
INFO: [ app_init ] --END-- [ RunTime:0.000501s ]
INFO: [ app_begin ] --START--
INFO: Run Behavior\ReadHtmlCacheBehavior [ RunTime:0.000799s ]
INFO: [ app_begin ] --END-- [ RunTime:0.000854s ]
SQL: SHOW COLUMNS FROM `jianghu_token` [ RunTime:0.0048s ]
SQL: SHOW COLUMNS FROM `jianghu_user` [ RunTime:0.0027s ]
SQL: SHOW COLUMNS FROM `jianghu_login_count` [ RunTime:0.0025s ]
SQL: SHOW COLUMNS FROM `jianghu_daily_num` [ RunTime:0.0026s ]
SQL: SELECT * FROM `jianghu_token` WHERE `token` = 'f0eac881e871f806c946703600ca3c5e' AND `state` = 0 LIMIT 1   [ RunTime:0.0013s ]
SQL: SELECT `isban` FROM `jianghu_user` WHERE `id` = 6 LIMIT 1   [ RunTime:0.0004s ]
SQL: SELECT * FROM `jianghu_login_count` WHERE `user_id` = 6 AND `date` = '2016-11-08' LIMIT 1   [ RunTime:0.0003s ]
SQL: SELECT * FROM `jianghu_daily_num` WHERE `date` = '2016-11-08' LIMIT 1   [ RunTime:0.0003s ]
SQL: SELECT `jointime` FROM `jianghu_user` WHERE `id` = 6 LIMIT 1   [ RunTime:0.0003s ]
SQL: SHOW COLUMNS FROM `jianghu_introduce` [ RunTime:0.0029s ]
SQL: SHOW COLUMNS FROM `jianghu_forward` [ RunTime:0.0026s ]
SQL: SHOW COLUMNS FROM `jianghu_friend` [ RunTime:0.0024s ]
SQL: SELECT `user_id` FROM `jianghu_introduce` WHERE `id` = 90 LIMIT 1   [ RunTime:0.0194s ]
SQL: UPDATE `jianghu_user` SET `unreadnum`=unreadnum+1 WHERE `id` = 1 [ RunTime:0.1143s ]
SQL: SELECT `isforward` FROM `jianghu_introduce` WHERE `id` = 90 LIMIT 1   [ RunTime:0.0008s ]
SQL: SELECT `degree` FROM `jianghu_introduce` WHERE `id` = 90 LIMIT 1   [ RunTime:0.0008s ]
SQL: SELECT `forward_id` FROM `jianghu_introduce` WHERE `id` = 90 LIMIT 1   [ RunTime:0.0026s ]
SQL: SELECT `user_id` FROM `jianghu_forward` WHERE `id` = 0 LIMIT 1   [ RunTime:0.1017s ]
SQL: UPDATE `jianghu_introduce` SET `alldegree`=alldegree+2 WHERE `id` = 90 [ RunTime:0.0510s ]
SQL: INSERT INTO `jianghu_forward` (`user_id`,`introduce_id`,`time`,`owner_id`,`original_id`,`original_id2`,`degree`) VALUES ('6','90','2016-11-08 18:42:05','1','90','6','2') [ RunTime:0.1050s ]
SQL: INSERT INTO `jianghu_introduce` (`time`,`isforward`,`text`,`user_id`,`degree`,`forward_id`) VALUES ('2016-11-08 18:42:05','90','1','6','2','87') [ RunTime:0.0486s ]
SQL: UPDATE `jianghu_introduce` SET `forwardnum`=forwardnum+1 WHERE `id` = 90 [ RunTime:0.0501s ]
SQL: UPDATE `jianghu_introduce` SET `praisenum`=praisenum+1 WHERE `id` = 90 [ RunTime:0.0438s ]

[ 2016-11-08T18:43:22+08:00 ] ::1 /jianghu/index.php/home/introduce/forward
INFO: [ app_init ] --START--
INFO: Run Behavior\BuildLiteBehavior [ RunTime:0.000012s ]
INFO: [ app_init ] --END-- [ RunTime:0.000458s ]
INFO: [ app_begin ] --START--
INFO: Run Behavior\ReadHtmlCacheBehavior [ RunTime:0.000902s ]
INFO: [ app_begin ] --END-- [ RunTime:0.001096s ]
SQL: SHOW COLUMNS FROM `jianghu_token` [ RunTime:0.0026s ]
SQL: SHOW COLUMNS FROM `jianghu_user` [ RunTime:0.0029s ]
SQL: SHOW COLUMNS FROM `jianghu_login_count` [ RunTime:0.0023s ]
SQL: SHOW COLUMNS FROM `jianghu_daily_num` [ RunTime:0.0028s ]
SQL: SELECT * FROM `jianghu_token` WHERE `token` = 'f0eac881e871f806c946703600ca3c5e' AND `state` = 0 LIMIT 1   [ RunTime:0.0004s ]
SQL: SELECT `isban` FROM `jianghu_user` WHERE `id` = 6 LIMIT 1   [ RunTime:0.0002s ]
SQL: SELECT * FROM `jianghu_login_count` WHERE `user_id` = 6 AND `date` = '2016-11-08' LIMIT 1   [ RunTime:0.0002s ]
SQL: SELECT * FROM `jianghu_daily_num` WHERE `date` = '2016-11-08' LIMIT 1   [ RunTime:0.0003s ]
SQL: SELECT `jointime` FROM `jianghu_user` WHERE `id` = 6 LIMIT 1   [ RunTime:0.0002s ]
SQL: SHOW COLUMNS FROM `jianghu_introduce` [ RunTime:0.0029s ]
SQL: SHOW COLUMNS FROM `jianghu_forward` [ RunTime:0.0027s ]
SQL: SHOW COLUMNS FROM `jianghu_friend` [ RunTime:0.0025s ]
SQL: SELECT `user_id` FROM `jianghu_introduce` WHERE `id` = 90 LIMIT 1   [ RunTime:0.0003s ]
SQL: UPDATE `jianghu_user` SET `unreadnum`=unreadnum+1 WHERE `id` = 1 [ RunTime:0.0901s ]
SQL: SELECT `isforward` FROM `jianghu_introduce` WHERE `id` = 90 LIMIT 1   [ RunTime:0.0003s ]
SQL: SELECT `degree` FROM `jianghu_introduce` WHERE `id` = 90 LIMIT 1   [ RunTime:0.0002s ]
SQL: SELECT `forward_id` FROM `jianghu_introduce` WHERE `id` = 90 LIMIT 1   [ RunTime:0.0003s ]
SQL: SELECT `user_id` FROM `jianghu_forward` WHERE `id` = 0 LIMIT 1   [ RunTime:0.0003s ]
SQL: INSERT INTO `jianghu_forward` (`user_id`,`introduce_id`,`time`,`owner_id`,`original_id`,`original_id2`,`degree`) VALUES ('6','90','2016-11-08 18:43:22','1','90','6','2') [ RunTime:0.0543s ]
SQL: INSERT INTO `jianghu_introduce` (`time`,`isforward`,`text`,`user_id`,`degree`,`forward_id`) VALUES ('2016-11-08 18:43:22','90','1','6','2','88') [ RunTime:0.0449s ]
SQL: UPDATE `jianghu_introduce` SET `forwardnum`=forwardnum+1 WHERE `id` = 90 [ RunTime:0.0409s ]
SQL: UPDATE `jianghu_introduce` SET `praisenum`=praisenum+1 WHERE `id` = 90 [ RunTime:0.0450s ]
NOTIC: [8] Undefined variable: flag3 D:\xampp\htdocs\jianghu\Application\Home\Controller\IntroduceController.class.php 第 555 行.

[ 2016-11-08T18:43:49+08:00 ] ::1 /jianghu/index.php/home/introduce/forward
INFO: [ app_init ] --START--
INFO: Run Behavior\BuildLiteBehavior [ RunTime:0.000013s ]
INFO: [ app_init ] --END-- [ RunTime:0.000534s ]
INFO: [ app_begin ] --START--
INFO: Run Behavior\ReadHtmlCacheBehavior [ RunTime:0.000591s ]
INFO: [ app_begin ] --END-- [ RunTime:0.000641s ]
SQL: SHOW COLUMNS FROM `jianghu_token` [ RunTime:0.0028s ]
SQL: SHOW COLUMNS FROM `jianghu_user` [ RunTime:0.0027s ]
SQL: SHOW COLUMNS FROM `jianghu_login_count` [ RunTime:0.0024s ]
SQL: SHOW COLUMNS FROM `jianghu_daily_num` [ RunTime:0.0025s ]
SQL: SELECT * FROM `jianghu_token` WHERE `token` = 'f0eac881e871f806c946703600ca3c5e' AND `state` = 0 LIMIT 1   [ RunTime:0.0004s ]
SQL: SELECT `isban` FROM `jianghu_user` WHERE `id` = 6 LIMIT 1   [ RunTime:0.0008s ]
SQL: SELECT * FROM `jianghu_login_count` WHERE `user_id` = 6 AND `date` = '2016-11-08' LIMIT 1   [ RunTime:0.0004s ]
SQL: SELECT * FROM `jianghu_daily_num` WHERE `date` = '2016-11-08' LIMIT 1   [ RunTime:0.0004s ]
SQL: SELECT `jointime` FROM `jianghu_user` WHERE `id` = 6 LIMIT 1   [ RunTime:0.0003s ]
SQL: SHOW COLUMNS FROM `jianghu_introduce` [ RunTime:0.0029s ]
SQL: SHOW COLUMNS FROM `jianghu_forward` [ RunTime:0.0028s ]
SQL: SHOW COLUMNS FROM `jianghu_friend` [ RunTime:0.0029s ]
SQL: SELECT `user_id` FROM `jianghu_introduce` WHERE `id` = 90 LIMIT 1   [ RunTime:0.0003s ]
SQL: UPDATE `jianghu_user` SET `unreadnum`=unreadnum+1 WHERE `id` = 1 [ RunTime:0.1062s ]
SQL: SELECT `isforward` FROM `jianghu_introduce` WHERE `id` = 90 LIMIT 1   [ RunTime:0.0004s ]
SQL: SELECT `degree` FROM `jianghu_introduce` WHERE `id` = 90 LIMIT 1   [ RunTime:0.0002s ]
SQL: SELECT `forward_id` FROM `jianghu_introduce` WHERE `id` = 90 LIMIT 1   [ RunTime:0.0006s ]
SQL: SELECT `user_id` FROM `jianghu_forward` WHERE `id` = 0 LIMIT 1   [ RunTime:0.0003s ]
SQL: INSERT INTO `jianghu_forward` (`user_id`,`introduce_id`,`time`,`owner_id`,`original_id`,`original_id2`,`degree`) VALUES ('6','90','2016-11-08 18:43:49','1','90','6','2') [ RunTime:0.0764s ]
SQL: INSERT INTO `jianghu_introduce` (`time`,`isforward`,`text`,`user_id`,`degree`,`forward_id`) VALUES ('2016-11-08 18:43:49','90','1','6','2','89') [ RunTime:0.1046s ]
SQL: UPDATE `jianghu_introduce` SET `forwardnum`=forwardnum+1 WHERE `id` = 90 [ RunTime:0.0558s ]
SQL: UPDATE `jianghu_introduce` SET `praisenum`=praisenum+1 WHERE `id` = 90 [ RunTime:0.1054s ]

[ 2016-11-08T18:51:57+08:00 ] ::1 /jianghu/index.php/home/introduce/jianghuIntroduce?token=&user_id=&type=209&%5B%5D=%E5%8F%91%E9%80%81&%5B%5D=mock&_=1478600999037
INFO: [ app_init ] --START--
INFO: Run Behavior\BuildLiteBehavior [ RunTime:0.000011s ]
INFO: [ app_init ] --END-- [ RunTime:0.000553s ]
INFO: [ app_begin ] --START--
INFO: Run Behavior\ReadHtmlCacheBehavior [ RunTime:0.000748s ]
INFO: [ app_begin ] --END-- [ RunTime:0.000801s ]

[ 2016-11-08T18:52:10+08:00 ] ::1 /jianghu/index.php/home/introduce/jianghuIntroduce?token=&user_id=&type=209&%5B%5D=%E5%8F%91%E9%80%81&%5B%5D=mock&_=1478600999038
INFO: [ app_init ] --START--
INFO: Run Behavior\BuildLiteBehavior [ RunTime:0.000013s ]
INFO: [ app_init ] --END-- [ RunTime:0.000544s ]
INFO: [ app_begin ] --START--
INFO: Run Behavior\ReadHtmlCacheBehavior [ RunTime:0.001432s ]
INFO: [ app_begin ] --END-- [ RunTime:0.001562s ]
ERR: 1146:Table 'jianghu.jianghu_intro' doesn't exist
 [ SQL语句 ] : SHOW COLUMNS FROM `jianghu_intro`
ERR: 1146:Table 'jianghu.jianghu_intro' doesn't exist
 [ SQL语句 ] : SHOW COLUMNS FROM `jianghu_intro`

[ 2016-11-08T18:52:35+08:00 ] ::1 /jianghu/index.php/home/introduce/jianghuIntroduce?token=&user_id=&type=209&%5B%5D=%E5%8F%91%E9%80%81&%5B%5D=mock&_=1478600999039
INFO: [ app_init ] --START--
INFO: Run Behavior\BuildLiteBehavior [ RunTime:0.000014s ]
INFO: [ app_init ] --END-- [ RunTime:0.000596s ]
INFO: [ app_begin ] --START--
INFO: Run Behavior\ReadHtmlCacheBehavior [ RunTime:0.000765s ]
INFO: [ app_begin ] --END-- [ RunTime:0.000821s ]
SQL: SHOW COLUMNS FROM `jianghu_introduce` [ RunTime:0.0031s ]
SQL: SHOW COLUMNS FROM `jianghu_user` [ RunTime:0.0034s ]
NOTIC: [8] Undefined variable: where D:\xampp\htdocs\jianghu\Application\Home\Controller\IntroduceController.class.php 第 692 行.
SQL: SELECT * FROM `jianghu_introduce` ORDER BY alldegree desc LIMIT 30   [ RunTime:0.0007s ]

[ 2016-11-08T18:54:39+08:00 ] ::1 /jianghu/index.php/home/introduce/jianghuIntroduce?token=&user_id=&type=209&%5B%5D=%E5%8F%91%E9%80%81&%5B%5D=mock&_=1478602470872
INFO: [ app_init ] --START--
INFO: Run Behavior\BuildLiteBehavior [ RunTime:0.000012s ]
INFO: [ app_init ] --END-- [ RunTime:0.000496s ]
INFO: [ app_begin ] --START--
INFO: Run Behavior\ReadHtmlCacheBehavior [ RunTime:0.000701s ]
INFO: [ app_begin ] --END-- [ RunTime:0.000761s ]
SQL: SHOW COLUMNS FROM `jianghu_introduce` [ RunTime:0.0042s ]
SQL: SHOW COLUMNS FROM `jianghu_user` [ RunTime:0.0026s ]
NOTIC: [8] Undefined variable: where D:\xampp\htdocs\jianghu\Application\Home\Controller\IntroduceController.class.php 第 692 行.
SQL: SELECT * FROM `jianghu_introduce` ORDER BY alldegree desc LIMIT 30   [ RunTime:0.0007s ]

[ 2016-11-08T18:55:08+08:00 ] ::1 /jianghu/index.php/home/introduce/jianghuIntroduce?token=&user_id=&type=209&%5B%5D=%E5%8F%91%E9%80%81&%5B%5D=mock&_=1478602501252
INFO: [ app_init ] --START--
INFO: Run Behavior\BuildLiteBehavior [ RunTime:0.000016s ]
INFO: [ app_init ] --END-- [ RunTime:0.000536s ]
INFO: [ app_begin ] --START--
INFO: Run Behavior\ReadHtmlCacheBehavior [ RunTime:0.000984s ]
INFO: [ app_begin ] --END-- [ RunTime:0.001062s ]
SQL: SHOW COLUMNS FROM `jianghu_introduce` [ RunTime:0.0049s ]
SQL: SHOW COLUMNS FROM `jianghu_user` [ RunTime:0.0027s ]
NOTIC: [8] Undefined variable: where D:\xampp\htdocs\jianghu\Application\Home\Controller\IntroduceController.class.php 第 692 行.
SQL: SELECT * FROM `jianghu_introduce` ORDER BY alldegree desc LIMIT 30   [ RunTime:0.0007s ]

[ 2016-11-08T20:59:42+08:00 ] ::1 /jianghu/index.php/home/domain/returnDomain
INFO: [ app_init ] --START--
INFO: Run Behavior\BuildLiteBehavior [ RunTime:0.000014s ]
INFO: [ app_init ] --END-- [ RunTime:0.000524s ]
INFO: [ app_begin ] --START--
INFO: Run Behavior\ReadHtmlCacheBehavior [ RunTime:0.000729s ]
INFO: [ app_begin ] --END-- [ RunTime:0.000785s ]
SQL: SHOW COLUMNS FROM `jianghu_domain` [ RunTime:0.0027s ]
SQL: SELECT * FROM `jianghu_domain`  [ RunTime:0.0003s ]

[ 2016-11-08T21:01:44+08:00 ] ::1 /jianghu/index.php/home/user/join?type=100&username=test6&password=123&sex=0&phonenum=100006&addr=&birthday=&description=&email=9303&domain_id%5B%5D=1&domain_id%5B%5D=3&domain_id%5B%5D=4&%5B%5D=%E5%8F%91%E9%80%81&%5B%5D=mock&_=1478602501253
INFO: [ app_init ] --START--
INFO: Run Behavior\BuildLiteBehavior [ RunTime:0.000014s ]
INFO: [ app_init ] --END-- [ RunTime:0.000641s ]
INFO: [ app_begin ] --START--
INFO: Run Behavior\ReadHtmlCacheBehavior [ RunTime:0.000698s ]
INFO: [ app_begin ] --END-- [ RunTime:0.000751s ]
SQL: SHOW COLUMNS FROM `jianghu_user` [ RunTime:0.0042s ]
SQL: SHOW COLUMNS FROM `jianghu_friend` [ RunTime:0.0024s ]
SQL: SHOW COLUMNS FROM `jianghu_token` [ RunTime:0.0025s ]
SQL: SHOW COLUMNS FROM `jianghu_login_count` [ RunTime:0.0028s ]
SQL: SHOW COLUMNS FROM `jianghu_daily_num` [ RunTime:0.0026s ]
SQL: SHOW COLUMNS FROM `jianghu_user_domain` [ RunTime:0.0026s ]
SQL: SELECT * FROM `jianghu_user` WHERE `username` = 'test6'  [ RunTime:0.0004s ]
SQL: INSERT INTO `jianghu_user` (`username`,`password`,`phonenum`,`sex`,`addr`,`jointime`) VALUES ('test6','202cb962ac59075b964b07152d234b70','100006','1','','2016-11-08') [ RunTime:0.1073s ]
NOTIC: [2] Illegal string offset 'id' D:\xampp\htdocs\jianghu\Application\Home\Controller\UserController.class.php 第 43 行.
ERR: 1054:Unknown column 'name' in 'field list'
 [ SQL语句 ] : SELECT `name` FROM `jianghu_user_domain` WHERE `id` = 1 LIMIT 1  
ERR: 1054:Unknown column 'name' in 'field list'
 [ SQL语句 ] : SELECT `name` FROM `jianghu_user_domain` WHERE `id` = 1 LIMIT 1  

[ 2016-11-08T21:05:26+08:00 ] ::1 /jianghu/index.php/home/user/join?type=100&username=test7&password=123&sex=0&phonenum=100007&addr=&birthday=&description=&email=9303&domain_id%5B%5D=1&domain_id%5B%5D=3&domain_id%5B%5D=4&%5B%5D=%E5%8F%91%E9%80%81&%5B%5D=mock&_=1478602501254
INFO: [ app_init ] --START--
INFO: Run Behavior\BuildLiteBehavior [ RunTime:0.000012s ]
INFO: [ app_init ] --END-- [ RunTime:0.000530s ]
INFO: [ app_begin ] --START--
INFO: Run Behavior\ReadHtmlCacheBehavior [ RunTime:0.000780s ]
INFO: [ app_begin ] --END-- [ RunTime:0.000830s ]
SQL: SHOW COLUMNS FROM `jianghu_user` [ RunTime:0.0047s ]
SQL: SHOW COLUMNS FROM `jianghu_friend` [ RunTime:0.0027s ]
SQL: SHOW COLUMNS FROM `jianghu_token` [ RunTime:0.0026s ]
SQL: SHOW COLUMNS FROM `jianghu_login_count` [ RunTime:0.0027s ]
SQL: SHOW COLUMNS FROM `jianghu_daily_num` [ RunTime:0.0027s ]
SQL: SHOW COLUMNS FROM `jianghu_user_domain` [ RunTime:0.0027s ]
SQL: SHOW COLUMNS FROM `jianghu_domain` [ RunTime:0.0033s ]
SQL: SELECT * FROM `jianghu_user` WHERE `username` = 'test7'  [ RunTime:0.0005s ]
SQL: INSERT INTO `jianghu_user` (`username`,`password`,`phonenum`,`sex`,`addr`,`jointime`) VALUES ('test7','202cb962ac59075b964b07152d234b70','100007','1','','2016-11-08') [ RunTime:0.1028s ]
NOTIC: [2] Illegal string offset 'id' D:\xampp\htdocs\jianghu\Application\Home\Controller\UserController.class.php 第 44 行.
SQL: SELECT `name` FROM `jianghu_domain` WHERE `id` = 1 LIMIT 1   [ RunTime:0.0007s ]
SQL: INSERT INTO `jianghu_user_domain` (`user_id`) VALUES ('33') [ RunTime:0.0607s ]
NOTIC: [2] Illegal string offset 'id' D:\xampp\htdocs\jianghu\Application\Home\Controller\UserController.class.php 第 44 行.
SQL: SELECT `name` FROM `jianghu_domain` WHERE `id` = 3 LIMIT 1   [ RunTime:0.0007s ]
SQL: INSERT INTO `jianghu_user_domain` (`user_id`) VALUES ('33') [ RunTime:0.0508s ]
NOTIC: [2] Illegal string offset 'id' D:\xampp\htdocs\jianghu\Application\Home\Controller\UserController.class.php 第 44 行.
SQL: SELECT `name` FROM `jianghu_domain` WHERE `id` = 4 LIMIT 1   [ RunTime:0.0033s ]
SQL: INSERT INTO `jianghu_user_domain` (`user_id`) VALUES ('33') [ RunTime:0.0517s ]
SQL: INSERT INTO `jianghu_friend` (`user_id`,`friend_id`) VALUES ('33','33') [ RunTime:0.0409s ]
SQL: SELECT * FROM `jianghu_daily_num` WHERE `date` = '2016-11-08'  [ RunTime:0.0009s ]
SQL: UPDATE `jianghu_daily_num` SET `joinnum`=joinnum+1 WHERE `date` = '2016-11-08' [ RunTime:0.0466s ]
SQL: INSERT INTO `jianghu_token` (`token`,`user_id`,`time`) VALUES ('f5fbb3cb62813bac844d67538329427c','33','2016-11-08 21:05:25') [ RunTime:0.0456s ]
SQL: SELECT * FROM `jianghu_daily_num` WHERE `date` = '2016-11-08'  [ RunTime:0.0032s ]
SQL: UPDATE `jianghu_daily_num` SET `lognum`=lognum+1 WHERE `date` = '2016-11-08' [ RunTime:0.0899s ]
SQL: SELECT `jointime` FROM `jianghu_user` WHERE `id` = 33 LIMIT 1   [ RunTime:0.0009s ]
SQL: INSERT INTO `jianghu_login_count` (`user_id`,`date`) VALUES ('33','2016-11-08') [ RunTime:0.0886s ]
SQL: UPDATE `jianghu_user` SET `praisenum`=praisenum+1 WHERE `id` = 33 [ RunTime:0.0450s ]
SQL: SELECT * FROM `jianghu_user` WHERE `id` = 33 LIMIT 1   [ RunTime:0.0006s ]

[ 2016-11-08T21:07:33+08:00 ] ::1 /jianghu/index.php/home/user/join?type=100&username=test7&password=123&sex=0&phonenum=100007&addr=&birthday=&description=&email=9303&domain_id%5B%5D=1&domain_id%5B%5D=3&domain_id%5B%5D=&%5B%5D=%E5%8F%91%E9%80%81&%5B%5D=mock&_=1478602501255
INFO: [ app_init ] --START--
INFO: Run Behavior\BuildLiteBehavior [ RunTime:0.000012s ]
INFO: [ app_init ] --END-- [ RunTime:0.000465s ]
INFO: [ app_begin ] --START--
INFO: Run Behavior\ReadHtmlCacheBehavior [ RunTime:0.000766s ]
INFO: [ app_begin ] --END-- [ RunTime:0.000819s ]
SQL: SHOW COLUMNS FROM `jianghu_user` [ RunTime:0.0029s ]
SQL: SHOW COLUMNS FROM `jianghu_friend` [ RunTime:0.0029s ]
SQL: SHOW COLUMNS FROM `jianghu_token` [ RunTime:0.0026s ]
SQL: SHOW COLUMNS FROM `jianghu_login_count` [ RunTime:0.0025s ]
SQL: SHOW COLUMNS FROM `jianghu_daily_num` [ RunTime:0.0026s ]
SQL: SHOW COLUMNS FROM `jianghu_user_domain` [ RunTime:0.0029s ]
SQL: SHOW COLUMNS FROM `jianghu_domain` [ RunTime:0.0024s ]
SQL: SELECT * FROM `jianghu_user` WHERE `username` = 'test7'  [ RunTime:0.0004s ]

[ 2016-11-08T21:07:44+08:00 ] ::1 /jianghu/index.php/home/user/join?type=100&username=test8&password=123&sex=0&phonenum=100008&addr=&birthday=&description=&email=9303&domain_id%5B%5D=1&domain_id%5B%5D=3&domain_id%5B%5D=&%5B%5D=%E5%8F%91%E9%80%81&%5B%5D=mock&_=1478602501256
INFO: [ app_init ] --START--
INFO: Run Behavior\BuildLiteBehavior [ RunTime:0.000014s ]
INFO: [ app_init ] --END-- [ RunTime:0.000583s ]
INFO: [ app_begin ] --START--
INFO: Run Behavior\ReadHtmlCacheBehavior [ RunTime:0.000788s ]
INFO: [ app_begin ] --END-- [ RunTime:0.000846s ]
SQL: SHOW COLUMNS FROM `jianghu_user` [ RunTime:0.0031s ]
SQL: SHOW COLUMNS FROM `jianghu_friend` [ RunTime:0.0026s ]
SQL: SHOW COLUMNS FROM `jianghu_token` [ RunTime:0.0025s ]
SQL: SHOW COLUMNS FROM `jianghu_login_count` [ RunTime:0.0026s ]
SQL: SHOW COLUMNS FROM `jianghu_daily_num` [ RunTime:0.0025s ]
SQL: SHOW COLUMNS FROM `jianghu_user_domain` [ RunTime:0.0032s ]
SQL: SHOW COLUMNS FROM `jianghu_domain` [ RunTime:0.0024s ]
SQL: SELECT * FROM `jianghu_user` WHERE `username` = 'test8'  [ RunTime:0.0004s ]
SQL: INSERT INTO `jianghu_user` (`username`,`password`,`phonenum`,`sex`,`addr`,`jointime`) VALUES ('test8','202cb962ac59075b964b07152d234b70','100008','1','','2016-11-08') [ RunTime:0.0897s ]
NOTIC: [2] Illegal string offset 'id' D:\xampp\htdocs\jianghu\Application\Home\Controller\UserController.class.php 第 44 行.
SQL: SELECT `name` FROM `jianghu_domain` WHERE `id` = 1 LIMIT 1   [ RunTime:0.0003s ]
SQL: INSERT INTO `jianghu_user_domain` (`user_id`,`domain`) VALUES ('34','美食') [ RunTime:0.0593s ]
NOTIC: [2] Illegal string offset 'id' D:\xampp\htdocs\jianghu\Application\Home\Controller\UserController.class.php 第 44 行.
SQL: SELECT `name` FROM `jianghu_domain` WHERE `id` = 3 LIMIT 1   [ RunTime:0.0003s ]
SQL: INSERT INTO `jianghu_user_domain` (`user_id`,`domain`) VALUES ('34','运动') [ RunTime:0.0515s ]
NOTIC: [2] Illegal string offset 'id' D:\xampp\htdocs\jianghu\Application\Home\Controller\UserController.class.php 第 44 行.
NOTIC: [8] Uninitialized string offset: 0 D:\xampp\htdocs\jianghu\Application\Home\Controller\UserController.class.php 第 44 行.
SQL: SELECT `name` FROM `jianghu_domain` WHERE `id` = 0 LIMIT 1   [ RunTime:0.0002s ]
ERR: 1048:Column 'domain' cannot be null
 [ SQL语句 ] : INSERT INTO `jianghu_user_domain` (`user_id`,`domain`) VALUES ('34',NULL)
ERR: 1048:Column 'domain' cannot be null
 [ SQL语句 ] : INSERT INTO `jianghu_user_domain` (`user_id`,`domain`) VALUES ('34',NULL)

[ 2016-11-08T21:09:43+08:00 ] ::1 /jianghu/index.php/home/user/join?type=100&username=test8&password=123&sex=0&phonenum=100008&addr=&birthday=&description=&email=9303&domain_id%5B%5D=1&domain_id%5B%5D=3&domain_id%5B%5D=&%5B%5D=%E5%8F%91%E9%80%81&%5B%5D=mock&_=1478602501257
INFO: [ app_init ] --START--
INFO: Run Behavior\BuildLiteBehavior [ RunTime:0.000011s ]
INFO: [ app_init ] --END-- [ RunTime:0.000533s ]
INFO: [ app_begin ] --START--
INFO: Run Behavior\ReadHtmlCacheBehavior [ RunTime:0.000743s ]
INFO: [ app_begin ] --END-- [ RunTime:0.000793s ]
SQL: SHOW COLUMNS FROM `jianghu_user` [ RunTime:0.0045s ]
SQL: SHOW COLUMNS FROM `jianghu_friend` [ RunTime:0.0027s ]
SQL: SHOW COLUMNS FROM `jianghu_token` [ RunTime:0.0025s ]
SQL: SHOW COLUMNS FROM `jianghu_login_count` [ RunTime:0.0029s ]
SQL: SHOW COLUMNS FROM `jianghu_daily_num` [ RunTime:0.0025s ]
SQL: SHOW COLUMNS FROM `jianghu_user_domain` [ RunTime:0.0025s ]
SQL: SHOW COLUMNS FROM `jianghu_domain` [ RunTime:0.0024s ]
SQL: SELECT * FROM `jianghu_user` WHERE `username` = 'test8'  [ RunTime:0.0005s ]

[ 2016-11-08T21:09:51+08:00 ] ::1 /jianghu/index.php/home/user/join?type=100&username=test9&password=123&sex=0&phonenum=100009&addr=&birthday=&description=&email=9303&domain_id%5B%5D=1&domain_id%5B%5D=3&domain_id%5B%5D=&%5B%5D=%E5%8F%91%E9%80%81&%5B%5D=mock&_=1478602501258
INFO: [ app_init ] --START--
INFO: Run Behavior\BuildLiteBehavior [ RunTime:0.000014s ]
INFO: [ app_init ] --END-- [ RunTime:0.000502s ]
INFO: [ app_begin ] --START--
INFO: Run Behavior\ReadHtmlCacheBehavior [ RunTime:0.001084s ]
INFO: [ app_begin ] --END-- [ RunTime:0.001168s ]
SQL: SHOW COLUMNS FROM `jianghu_user` [ RunTime:0.0028s ]
SQL: SHOW COLUMNS FROM `jianghu_friend` [ RunTime:0.0026s ]
SQL: SHOW COLUMNS FROM `jianghu_token` [ RunTime:0.0026s ]
SQL: SHOW COLUMNS FROM `jianghu_login_count` [ RunTime:0.0025s ]
SQL: SHOW COLUMNS FROM `jianghu_daily_num` [ RunTime:0.0025s ]
SQL: SHOW COLUMNS FROM `jianghu_user_domain` [ RunTime:0.0026s ]
SQL: SHOW COLUMNS FROM `jianghu_domain` [ RunTime:0.0029s ]
SQL: SELECT * FROM `jianghu_user` WHERE `username` = 'test9'  [ RunTime:0.0004s ]
SQL: INSERT INTO `jianghu_user` (`username`,`password`,`phonenum`,`sex`,`addr`,`jointime`) VALUES ('test9','202cb962ac59075b964b07152d234b70','100009','1','','2016-11-08') [ RunTime:0.0827s ]
NOTIC: [2] Illegal string offset 'id' D:\xampp\htdocs\jianghu\Application\Home\Controller\UserController.class.php 第 44 行.
SQL: SELECT `name` FROM `jianghu_domain` WHERE `id` = 1 LIMIT 1   [ RunTime:0.0003s ]
NOTIC: [2] Illegal string offset 'id' D:\xampp\htdocs\jianghu\Application\Home\Controller\UserController.class.php 第 45 行.
SQL: INSERT INTO `jianghu_user_domain` (`user_id`,`domain`) VALUES ('35','美食') [ RunTime:0.0389s ]
NOTIC: [2] Illegal string offset 'id' D:\xampp\htdocs\jianghu\Application\Home\Controller\UserController.class.php 第 44 行.
SQL: SELECT `name` FROM `jianghu_domain` WHERE `id` = 3 LIMIT 1   [ RunTime:0.0003s ]
NOTIC: [2] Illegal string offset 'id' D:\xampp\htdocs\jianghu\Application\Home\Controller\UserController.class.php 第 45 行.
SQL: INSERT INTO `jianghu_user_domain` (`user_id`,`domain`) VALUES ('35','运动') [ RunTime:0.0441s ]
NOTIC: [2] Illegal string offset 'id' D:\xampp\htdocs\jianghu\Application\Home\Controller\UserController.class.php 第 44 行.
NOTIC: [8] Uninitialized string offset: 0 D:\xampp\htdocs\jianghu\Application\Home\Controller\UserController.class.php 第 44 行.
SQL: SELECT `name` FROM `jianghu_domain` WHERE `id` = 0 LIMIT 1   [ RunTime:0.0003s ]
NOTIC: [2] Illegal string offset 'id' D:\xampp\htdocs\jianghu\Application\Home\Controller\UserController.class.php 第 45 行.
NOTIC: [8] Uninitialized string offset: 0 D:\xampp\htdocs\jianghu\Application\Home\Controller\UserController.class.php 第 45 行.
SQL: INSERT INTO `jianghu_friend` (`user_id`,`friend_id`) VALUES ('35','35') [ RunTime:0.0403s ]
SQL: SELECT * FROM `jianghu_daily_num` WHERE `date` = '2016-11-08'  [ RunTime:0.0004s ]
SQL: UPDATE `jianghu_daily_num` SET `joinnum`=joinnum+1 WHERE `date` = '2016-11-08' [ RunTime:0.0884s ]
SQL: INSERT INTO `jianghu_token` (`token`,`user_id`,`time`) VALUES ('36f9dad86eb76cf3bab210ceb124ff56','35','2016-11-08 21:09:50') [ RunTime:0.0913s ]
SQL: SELECT * FROM `jianghu_daily_num` WHERE `date` = '2016-11-08'  [ RunTime:0.0004s ]
SQL: UPDATE `jianghu_daily_num` SET `lognum`=lognum+1 WHERE `date` = '2016-11-08' [ RunTime:0.0693s ]
SQL: SELECT `jointime` FROM `jianghu_user` WHERE `id` = 35 LIMIT 1   [ RunTime:0.0003s ]
SQL: INSERT INTO `jianghu_login_count` (`user_id`,`date`) VALUES ('35','2016-11-08') [ RunTime:0.0515s ]
SQL: UPDATE `jianghu_user` SET `praisenum`=praisenum+1 WHERE `id` = 35 [ RunTime:0.0450s ]
SQL: SELECT * FROM `jianghu_user` WHERE `id` = 35 LIMIT 1   [ RunTime:0.0004s ]

[ 2016-11-08T21:30:54+08:00 ] ::1 /jianghu/index.php/home/user/join?type=100&username=test10&password=123&sex=0&phonenum=1000010&addr=&birthday=&description=&email=9303&domain_id%5B%5D=1&domain_id%5B%5D=3&domain_id%5B%5D=&%5B%5D=%E5%8F%91%E9%80%81&%5B%5D=mock&_=1478602501259
INFO: [ app_init ] --START--
INFO: Run Behavior\BuildLiteBehavior [ RunTime:0.000012s ]
INFO: [ app_init ] --END-- [ RunTime:0.000439s ]
INFO: [ app_begin ] --START--
INFO: Run Behavior\ReadHtmlCacheBehavior [ RunTime:0.000697s ]
INFO: [ app_begin ] --END-- [ RunTime:0.000746s ]
SQL: SHOW COLUMNS FROM `jianghu_user` [ RunTime:0.0036s ]
SQL: SHOW COLUMNS FROM `jianghu_friend` [ RunTime:0.0025s ]
SQL: SHOW COLUMNS FROM `jianghu_token` [ RunTime:0.0026s ]
SQL: SHOW COLUMNS FROM `jianghu_login_count` [ RunTime:0.0025s ]
SQL: SHOW COLUMNS FROM `jianghu_daily_num` [ RunTime:0.0031s ]
SQL: SHOW COLUMNS FROM `jianghu_user_domain` [ RunTime:0.0027s ]
SQL: SHOW COLUMNS FROM `jianghu_domain` [ RunTime:0.0029s ]
SQL: SELECT * FROM `jianghu_user` WHERE `username` = 'test10'  [ RunTime:0.0005s ]
SQL: INSERT INTO `jianghu_user` (`username`,`password`,`phonenum`,`sex`,`addr`,`jointime`) VALUES ('test10','202cb962ac59075b964b07152d234b70','1000010','1','','2016-11-08') [ RunTime:0.0907s ]
NOTIC: [2] Illegal string offset 'id' D:\xampp\htdocs\jianghu\Application\Home\Controller\UserController.class.php 第 44 行.
SQL: SELECT `name` FROM `jianghu_domain` WHERE `id` = 1 LIMIT 1   [ RunTime:0.0003s ]
NOTIC: [2] Illegal string offset 'id' D:\xampp\htdocs\jianghu\Application\Home\Controller\UserController.class.php 第 46 行.
SQL: INSERT INTO `jianghu_user_domain` (`user_id`,`domain`) VALUES ('36','美食') [ RunTime:0.1076s ]
NOTIC: [2] Illegal string offset 'id' D:\xampp\htdocs\jianghu\Application\Home\Controller\UserController.class.php 第 44 行.
SQL: SELECT `name` FROM `jianghu_domain` WHERE `id` = 3 LIMIT 1   [ RunTime:0.0003s ]
NOTIC: [2] Illegal string offset 'id' D:\xampp\htdocs\jianghu\Application\Home\Controller\UserController.class.php 第 46 行.
SQL: INSERT INTO `jianghu_user_domain` (`user_id`,`domain`) VALUES ('36','运动') [ RunTime:0.0516s ]
NOTIC: [2] Illegal string offset 'id' D:\xampp\htdocs\jianghu\Application\Home\Controller\UserController.class.php 第 44 行.
NOTIC: [8] Uninitialized string offset: 0 D:\xampp\htdocs\jianghu\Application\Home\Controller\UserController.class.php 第 44 行.
SQL: SELECT `name` FROM `jianghu_domain` WHERE `id` = 0 LIMIT 1   [ RunTime:0.0003s ]
NOTIC: [2] Illegal string offset 'id' D:\xampp\htdocs\jianghu\Application\Home\Controller\UserController.class.php 第 46 行.
NOTIC: [8] Uninitialized string offset: 0 D:\xampp\htdocs\jianghu\Application\Home\Controller\UserController.class.php 第 46 行.
SQL: INSERT INTO `jianghu_friend` (`user_id`,`friend_id`) VALUES ('36','36') [ RunTime:0.0786s ]
SQL: SELECT * FROM `jianghu_daily_num` WHERE `date` = '2016-11-08'  [ RunTime:0.0003s ]
SQL: UPDATE `jianghu_daily_num` SET `joinnum`=joinnum+1 WHERE `date` = '2016-11-08' [ RunTime:0.0780s ]
SQL: INSERT INTO `jianghu_token` (`token`,`user_id`,`time`) VALUES ('d5b62cc95af721dfda31f17894a9588d','36','2016-11-08 21:30:53') [ RunTime:0.0728s ]
SQL: SELECT * FROM `jianghu_daily_num` WHERE `date` = '2016-11-08'  [ RunTime:0.0004s ]
SQL: UPDATE `jianghu_daily_num` SET `lognum`=lognum+1 WHERE `date` = '2016-11-08' [ RunTime:0.0908s ]
SQL: SELECT `jointime` FROM `jianghu_user` WHERE `id` = 36 LIMIT 1   [ RunTime:0.0003s ]
SQL: INSERT INTO `jianghu_login_count` (`user_id`,`date`) VALUES ('36','2016-11-08') [ RunTime:0.0622s ]
SQL: UPDATE `jianghu_user` SET `praisenum`=praisenum+1 WHERE `id` = 36 [ RunTime:0.0908s ]
SQL: SELECT * FROM `jianghu_user` WHERE `id` = 36 LIMIT 1   [ RunTime:0.0011s ]

[ 2016-11-08T21:30:56+08:00 ] ::1 /jianghu/index.php/home/user/join?type=100&username=test10&password=123&sex=0&phonenum=1000010&addr=&birthday=&description=&email=9303&domain_id%5B%5D=1&domain_id%5B%5D=3&domain_id%5B%5D=&%5B%5D=%E5%8F%91%E9%80%81&%5B%5D=mock&_=1478602501260
INFO: [ app_init ] --START--
INFO: Run Behavior\BuildLiteBehavior [ RunTime:0.000015s ]
INFO: [ app_init ] --END-- [ RunTime:0.000566s ]
INFO: [ app_begin ] --START--
INFO: Run Behavior\ReadHtmlCacheBehavior [ RunTime:0.000787s ]
INFO: [ app_begin ] --END-- [ RunTime:0.000845s ]
SQL: SHOW COLUMNS FROM `jianghu_user` [ RunTime:0.0067s ]
SQL: SHOW COLUMNS FROM `jianghu_friend` [ RunTime:0.0540s ]
SQL: SHOW COLUMNS FROM `jianghu_token` [ RunTime:0.0025s ]
SQL: SHOW COLUMNS FROM `jianghu_login_count` [ RunTime:0.0033s ]
SQL: SHOW COLUMNS FROM `jianghu_daily_num` [ RunTime:0.0030s ]
SQL: SHOW COLUMNS FROM `jianghu_user_domain` [ RunTime:0.0026s ]
SQL: SHOW COLUMNS FROM `jianghu_domain` [ RunTime:0.0024s ]
SQL: SELECT * FROM `jianghu_user` WHERE `username` = 'test10'  [ RunTime:0.0004s ]

[ 2016-11-08T21:31:11+08:00 ] ::1 /jianghu/index.php/home/user/join?type=100&username=test11&password=123&sex=0&phonenum=1000011&addr=&birthday=&description=&email=9303&domain_id%5B%5D=1&domain_id%5B%5D=3&domain_id%5B%5D=&%5B%5D=%E5%8F%91%E9%80%81&%5B%5D=mock&_=1478602501261
INFO: [ app_init ] --START--
INFO: Run Behavior\BuildLiteBehavior [ RunTime:0.000015s ]
INFO: [ app_init ] --END-- [ RunTime:0.000578s ]
INFO: [ app_begin ] --START--
INFO: Run Behavior\ReadHtmlCacheBehavior [ RunTime:0.000757s ]
INFO: [ app_begin ] --END-- [ RunTime:0.000810s ]
SQL: SHOW COLUMNS FROM `jianghu_user` [ RunTime:0.0037s ]
SQL: SHOW COLUMNS FROM `jianghu_friend` [ RunTime:0.0024s ]
SQL: SHOW COLUMNS FROM `jianghu_token` [ RunTime:0.0029s ]
SQL: SHOW COLUMNS FROM `jianghu_login_count` [ RunTime:0.0025s ]
SQL: SHOW COLUMNS FROM `jianghu_daily_num` [ RunTime:0.0026s ]
SQL: SHOW COLUMNS FROM `jianghu_user_domain` [ RunTime:0.0029s ]
SQL: SHOW COLUMNS FROM `jianghu_domain` [ RunTime:0.0024s ]
SQL: SELECT * FROM `jianghu_user` WHERE `username` = 'test11'  [ RunTime:0.0005s ]
SQL: INSERT INTO `jianghu_user` (`username`,`password`,`phonenum`,`sex`,`addr`,`jointime`) VALUES ('test11','202cb962ac59075b964b07152d234b70','1000011','1','','2016-11-08') [ RunTime:0.0754s ]
NOTIC: [2] Illegal string offset 'id' D:\xampp\htdocs\jianghu\Application\Home\Controller\UserController.class.php 第 44 行.
SQL: SELECT `name` FROM `jianghu_domain` WHERE `id` = 1 LIMIT 1   [ RunTime:0.0029s ]
NOTIC: [2] Illegal string offset 'id' D:\xampp\htdocs\jianghu\Application\Home\Controller\UserController.class.php 第 46 行.
SQL: INSERT INTO `jianghu_user_domain` (`user_id`,`domain`) VALUES ('37','美食') [ RunTime:0.0647s ]
NOTIC: [2] Illegal string offset 'id' D:\xampp\htdocs\jianghu\Application\Home\Controller\UserController.class.php 第 44 行.
SQL: SELECT `name` FROM `jianghu_domain` WHERE `id` = 3 LIMIT 1   [ RunTime:0.0007s ]
NOTIC: [2] Illegal string offset 'id' D:\xampp\htdocs\jianghu\Application\Home\Controller\UserController.class.php 第 46 行.
SQL: INSERT INTO `jianghu_user_domain` (`user_id`,`domain`) VALUES ('37','运动') [ RunTime:0.0503s ]
NOTIC: [2] Illegal string offset 'id' D:\xampp\htdocs\jianghu\Application\Home\Controller\UserController.class.php 第 44 行.
NOTIC: [8] Uninitialized string offset: 0 D:\xampp\htdocs\jianghu\Application\Home\Controller\UserController.class.php 第 44 行.
SQL: SELECT `name` FROM `jianghu_domain` WHERE `id` = 0 LIMIT 1   [ RunTime:0.0009s ]
NOTIC: [2] Illegal string offset 'id' D:\xampp\htdocs\jianghu\Application\Home\Controller\UserController.class.php 第 46 行.
NOTIC: [8] Uninitialized string offset: 0 D:\xampp\htdocs\jianghu\Application\Home\Controller\UserController.class.php 第 46 行.
SQL: INSERT INTO `jianghu_friend` (`user_id`,`friend_id`) VALUES ('37','37') [ RunTime:0.0863s ]
SQL: SELECT * FROM `jianghu_daily_num` WHERE `date` = '2016-11-08'  [ RunTime:0.0004s ]
SQL: UPDATE `jianghu_daily_num` SET `joinnum`=joinnum+1 WHERE `date` = '2016-11-08' [ RunTime:0.0415s ]
SQL: INSERT INTO `jianghu_token` (`token`,`user_id`,`time`) VALUES ('f728b6208601578418163ad16b8b820b','37','2016-11-08 21:31:11') [ RunTime:0.0594s ]
SQL: SELECT * FROM `jianghu_daily_num` WHERE `date` = '2016-11-08'  [ RunTime:0.0006s ]
SQL: UPDATE `jianghu_daily_num` SET `lognum`=lognum+1 WHERE `date` = '2016-11-08' [ RunTime:0.0632s ]
SQL: SELECT `jointime` FROM `jianghu_user` WHERE `id` = 37 LIMIT 1   [ RunTime:0.0003s ]
SQL: INSERT INTO `jianghu_login_count` (`user_id`,`date`) VALUES ('37','2016-11-08') [ RunTime:0.1036s ]
SQL: UPDATE `jianghu_user` SET `praisenum`=praisenum+1 WHERE `id` = 37 [ RunTime:0.0675s ]
SQL: SELECT * FROM `jianghu_user` WHERE `id` = 37 LIMIT 1   [ RunTime:0.0010s ]

[ 2016-11-08T21:32:52+08:00 ] ::1 /jianghu/index.php/home/user/join?type=100&username=test12&password=123&sex=0&phonenum=1000012&addr=&birthday=&description=&email=9303&domain_id%5B%5D=1&domain_id%5B%5D=3&domain_id%5B%5D=&%5B%5D=%E5%8F%91%E9%80%81&%5B%5D=mock&_=1478602501262
INFO: [ app_init ] --START--
INFO: Run Behavior\BuildLiteBehavior [ RunTime:0.000014s ]
INFO: [ app_init ] --END-- [ RunTime:0.000658s ]
INFO: [ app_begin ] --START--
INFO: Run Behavior\ReadHtmlCacheBehavior [ RunTime:0.000956s ]
INFO: [ app_begin ] --END-- [ RunTime:0.001022s ]
SQL: SHOW COLUMNS FROM `jianghu_user` [ RunTime:0.0031s ]
SQL: SHOW COLUMNS FROM `jianghu_friend` [ RunTime:0.0028s ]
SQL: SHOW COLUMNS FROM `jianghu_token` [ RunTime:0.0025s ]
SQL: SHOW COLUMNS FROM `jianghu_login_count` [ RunTime:0.0026s ]
SQL: SHOW COLUMNS FROM `jianghu_daily_num` [ RunTime:0.0024s ]
SQL: SHOW COLUMNS FROM `jianghu_user_domain` [ RunTime:0.0027s ]
SQL: SHOW COLUMNS FROM `jianghu_domain` [ RunTime:0.0024s ]
SQL: SELECT * FROM `jianghu_user` WHERE `username` = 'test12'  [ RunTime:0.0005s ]
SQL: INSERT INTO `jianghu_user` (`username`,`password`,`phonenum`,`sex`,`addr`,`jointime`) VALUES ('test12','202cb962ac59075b964b07152d234b70','1000012','1','','2016-11-08') [ RunTime:0.1046s ]
NOTIC: [2] Illegal string offset 'id' D:\xampp\htdocs\jianghu\Application\Home\Controller\UserController.class.php 第 44 行.
SQL: SELECT `name` FROM `jianghu_domain` WHERE `id` = 1 LIMIT 1   [ RunTime:0.0190s ]
NOTIC: [2] Illegal string offset 'id' D:\xampp\htdocs\jianghu\Application\Home\Controller\UserController.class.php 第 45 行.
SQL: INSERT INTO `jianghu_user_domain` (`user_id`,`domain`) VALUES ('38','美食') [ RunTime:0.0468s ]
NOTIC: [2] Illegal string offset 'id' D:\xampp\htdocs\jianghu\Application\Home\Controller\UserController.class.php 第 44 行.
SQL: SELECT `name` FROM `jianghu_domain` WHERE `id` = 3 LIMIT 1   [ RunTime:0.0003s ]
NOTIC: [2] Illegal string offset 'id' D:\xampp\htdocs\jianghu\Application\Home\Controller\UserController.class.php 第 45 行.
SQL: INSERT INTO `jianghu_user_domain` (`user_id`,`domain`) VALUES ('38','运动') [ RunTime:0.0494s ]
NOTIC: [2] Illegal string offset 'id' D:\xampp\htdocs\jianghu\Application\Home\Controller\UserController.class.php 第 44 行.
NOTIC: [8] Uninitialized string offset: 0 D:\xampp\htdocs\jianghu\Application\Home\Controller\UserController.class.php 第 44 行.
SQL: SELECT `name` FROM `jianghu_domain` WHERE `id` = 0 LIMIT 1   [ RunTime:0.0003s ]
NOTIC: [2] Illegal string offset 'id' D:\xampp\htdocs\jianghu\Application\Home\Controller\UserController.class.php 第 45 行.
NOTIC: [8] Uninitialized string offset: 0 D:\xampp\htdocs\jianghu\Application\Home\Controller\UserController.class.php 第 45 行.
SQL: INSERT INTO `jianghu_friend` (`user_id`,`friend_id`) VALUES ('38','38') [ RunTime:0.0446s ]
SQL: SELECT * FROM `jianghu_daily_num` WHERE `date` = '2016-11-08'  [ RunTime:0.0004s ]
SQL: UPDATE `jianghu_daily_num` SET `joinnum`=joinnum+1 WHERE `date` = '2016-11-08' [ RunTime:0.0401s ]
SQL: INSERT INTO `jianghu_token` (`token`,`user_id`,`time`) VALUES ('a71301bb1e5d448cd5955fe0809bc6c8','38','2016-11-08 21:32:51') [ RunTime:0.0475s ]
SQL: SELECT * FROM `jianghu_daily_num` WHERE `date` = '2016-11-08'  [ RunTime:0.0003s ]
SQL: UPDATE `jianghu_daily_num` SET `lognum`=lognum+1 WHERE `date` = '2016-11-08' [ RunTime:0.0405s ]
SQL: SELECT `jointime` FROM `jianghu_user` WHERE `id` = 38 LIMIT 1   [ RunTime:0.0003s ]
SQL: INSERT INTO `jianghu_login_count` (`user_id`,`date`) VALUES ('38','2016-11-08') [ RunTime:0.0471s ]
SQL: UPDATE `jianghu_user` SET `praisenum`=praisenum+1 WHERE `id` = 38 [ RunTime:0.0409s ]
SQL: SELECT * FROM `jianghu_user` WHERE `id` = 38 LIMIT 1   [ RunTime:0.0004s ]

[ 2016-11-08T21:41:17+08:00 ] ::1 /jianghu/index.php/home/user/join?type=100&username=test13&password=123&sex=0&phonenum=1000013&addr=&birthday=&description=&email=9303&domain_id%5B%5D=1&domain_id%5B%5D=3&domain_id%5B%5D=&%5B%5D=%E5%8F%91%E9%80%81&%5B%5D=mock&_=1478602501263
INFO: [ app_init ] --START--
INFO: Run Behavior\BuildLiteBehavior [ RunTime:0.000011s ]
INFO: [ app_init ] --END-- [ RunTime:0.000504s ]
INFO: [ app_begin ] --START--
INFO: Run Behavior\ReadHtmlCacheBehavior [ RunTime:0.000834s ]
INFO: [ app_begin ] --END-- [ RunTime:0.000891s ]
SQL: SHOW COLUMNS FROM `jianghu_user` [ RunTime:0.0049s ]
SQL: SHOW COLUMNS FROM `jianghu_friend` [ RunTime:0.0025s ]
SQL: SHOW COLUMNS FROM `jianghu_token` [ RunTime:0.0031s ]
SQL: SHOW COLUMNS FROM `jianghu_login_count` [ RunTime:0.0025s ]
SQL: SHOW COLUMNS FROM `jianghu_daily_num` [ RunTime:0.0025s ]
SQL: SHOW COLUMNS FROM `jianghu_user_domain` [ RunTime:0.0024s ]
SQL: SHOW COLUMNS FROM `jianghu_domain` [ RunTime:0.0033s ]
SQL: SELECT * FROM `jianghu_user` WHERE `username` = 'test13'  [ RunTime:0.0005s ]
SQL: INSERT INTO `jianghu_user` (`username`,`password`,`phonenum`,`sex`,`addr`,`jointime`) VALUES ('test13','202cb962ac59075b964b07152d234b70','1000013','1','','2016-11-08') [ RunTime:0.0892s ]
NOTIC: [2] Illegal string offset 'id' D:\xampp\htdocs\jianghu\Application\Home\Controller\UserController.class.php 第 44 行.
SQL: SELECT `name` FROM `jianghu_domain` WHERE `id` = 1 LIMIT 1   [ RunTime:0.0009s ]
NOTIC: [2] Illegal string offset 'id' D:\xampp\htdocs\jianghu\Application\Home\Controller\UserController.class.php 第 45 行.
SQL: INSERT INTO `jianghu_user_domain` (`user_id`,`domain`) VALUES ('39','美食') [ RunTime:0.1282s ]
NOTIC: [2] Illegal string offset 'id' D:\xampp\htdocs\jianghu\Application\Home\Controller\UserController.class.php 第 44 行.
SQL: SELECT `name` FROM `jianghu_domain` WHERE `id` = 3 LIMIT 1   [ RunTime:0.0007s ]
NOTIC: [2] Illegal string offset 'id' D:\xampp\htdocs\jianghu\Application\Home\Controller\UserController.class.php 第 45 行.
SQL: INSERT INTO `jianghu_user_domain` (`user_id`,`domain`) VALUES ('39','运动') [ RunTime:0.0564s ]
NOTIC: [2] Illegal string offset 'id' D:\xampp\htdocs\jianghu\Application\Home\Controller\UserController.class.php 第 44 行.
NOTIC: [8] Uninitialized string offset: 0 D:\xampp\htdocs\jianghu\Application\Home\Controller\UserController.class.php 第 44 行.
SQL: SELECT `name` FROM `jianghu_domain` WHERE `id` = 0 LIMIT 1   [ RunTime:0.0020s ]
NOTIC: [2] Illegal string offset 'id' D:\xampp\htdocs\jianghu\Application\Home\Controller\UserController.class.php 第 45 行.
NOTIC: [8] Uninitialized string offset: 0 D:\xampp\htdocs\jianghu\Application\Home\Controller\UserController.class.php 第 45 行.
SQL: INSERT INTO `jianghu_friend` (`user_id`,`friend_id`) VALUES ('39','39') [ RunTime:0.0507s ]
SQL: SELECT * FROM `jianghu_daily_num` WHERE `date` = '2016-11-08'  [ RunTime:0.0004s ]
SQL: UPDATE `jianghu_daily_num` SET `joinnum`=joinnum+1 WHERE `date` = '2016-11-08' [ RunTime:0.0682s ]
SQL: INSERT INTO `jianghu_token` (`token`,`user_id`,`time`) VALUES ('3a2048f8a7fed285b5c8c23065bfc38b','39','2016-11-08 21:41:16') [ RunTime:0.0661s ]
SQL: SELECT * FROM `jianghu_daily_num` WHERE `date` = '2016-11-08'  [ RunTime:0.0010s ]
SQL: UPDATE `jianghu_daily_num` SET `lognum`=lognum+1 WHERE `date` = '2016-11-08' [ RunTime:0.0816s ]
SQL: SELECT `jointime` FROM `jianghu_user` WHERE `id` = 39 LIMIT 1   [ RunTime:0.0008s ]
SQL: INSERT INTO `jianghu_login_count` (`user_id`,`date`) VALUES ('39','2016-11-08') [ RunTime:0.1081s ]
SQL: UPDATE `jianghu_user` SET `praisenum`=praisenum+1 WHERE `id` = 39 [ RunTime:0.0444s ]
SQL: SELECT * FROM `jianghu_user` WHERE `id` = 39 LIMIT 1   [ RunTime:0.0009s ]

[ 2016-11-08T21:48:55+08:00 ] ::1 /jianghu/index.php/home/user/login?type=101&phonenum=1000013&password=123&%5B%5D=%E5%8F%91%E9%80%81&%5B%5D=mock&_=1478602501264
INFO: [ app_init ] --START--
INFO: Run Behavior\BuildLiteBehavior [ RunTime:0.000014s ]
INFO: [ app_init ] --END-- [ RunTime:0.000582s ]
INFO: [ app_begin ] --START--
INFO: Run Behavior\ReadHtmlCacheBehavior [ RunTime:0.000801s ]
INFO: [ app_begin ] --END-- [ RunTime:0.000865s ]
SQL: SHOW COLUMNS FROM `jianghu_user` [ RunTime:0.0314s ]
SQL: SHOW COLUMNS FROM `jianghu_daily_num` [ RunTime:0.0026s ]
SQL: SHOW COLUMNS FROM `jianghu_token` [ RunTime:0.0025s ]
SQL: SHOW COLUMNS FROM `jianghu_user_domain` [ RunTime:0.0027s ]
SQL: SHOW COLUMNS FROM `jianghu_login_count` [ RunTime:0.0023s ]
SQL: SELECT * FROM `jianghu_user` WHERE `phonenum` = '1000013'  [ RunTime:0.0005s ]
NOTIC: [8] Use of undefined constant flag - assumed 'flag' D:\xampp\htdocs\jianghu\Application\Home\Controller\UserController.class.php 第 132 行.
SQL: SELECT `id` FROM `jianghu_user` WHERE `phonenum` = '1000013' LIMIT 1   [ RunTime:0.0003s ]
SQL: SELECT `isban` FROM `jianghu_user` WHERE `id` = 39 LIMIT 1   [ RunTime:0.0003s ]
SQL: SELECT `password` FROM `jianghu_user` WHERE `phonenum` = '1000013' LIMIT 1   [ RunTime:0.0003s ]
SQL: INSERT INTO `jianghu_token` (`token`,`user_id`,`time`) VALUES ('f6ad918fa6119c9274c0d24f1c721f36','39','2016-11-08 21:48:55') [ RunTime:0.0747s ]
SQL: SELECT * FROM `jianghu_daily_num` WHERE `date` = '2016-11-08'  [ RunTime:0.0008s ]
SQL: UPDATE `jianghu_daily_num` SET `lognum`=lognum+1 WHERE `date` = '2016-11-08' [ RunTime:0.0452s ]
SQL: SELECT `jointime` FROM `jianghu_user` WHERE `id` = 39 LIMIT 1   [ RunTime:0.0007s ]
SQL: INSERT INTO `jianghu_login_count` (`user_id`,`date`) VALUES ('39','2016-11-08') [ RunTime:0.0506s ]
SQL: UPDATE `jianghu_user` SET `praisenum`=praisenum+1 WHERE `id` = 39 [ RunTime:0.0418s ]
SQL: SELECT * FROM `jianghu_user` WHERE `id` = 39 LIMIT 1   [ RunTime:0.0009s ]
SQL: SELECT * FROM `jianghu_user_domain` WHERE `id` = 39  [ RunTime:0.0005s ]

[ 2016-11-08T21:54:03+08:00 ] ::1 /jianghu/index.php/home/user/login?type=101&phonenum=1000013&password=123&%5B%5D=%E5%8F%91%E9%80%81&%5B%5D=mock&_=1478602501265
INFO: [ app_init ] --START--
INFO: Run Behavior\BuildLiteBehavior [ RunTime:0.000011s ]
INFO: [ app_init ] --END-- [ RunTime:0.000516s ]
INFO: [ app_begin ] --START--
INFO: Run Behavior\ReadHtmlCacheBehavior [ RunTime:0.000780s ]
INFO: [ app_begin ] --END-- [ RunTime:0.000844s ]
SQL: SHOW COLUMNS FROM `jianghu_user` [ RunTime:0.0028s ]
SQL: SHOW COLUMNS FROM `jianghu_daily_num` [ RunTime:0.0028s ]
SQL: SHOW COLUMNS FROM `jianghu_token` [ RunTime:0.0029s ]
SQL: SHOW COLUMNS FROM `jianghu_user_domain` [ RunTime:0.0026s ]
SQL: SHOW COLUMNS FROM `jianghu_login_count` [ RunTime:0.0025s ]
SQL: SELECT * FROM `jianghu_user` WHERE `phonenum` = '1000013'  [ RunTime:0.0004s ]
NOTIC: [8] Use of undefined constant flag - assumed 'flag' D:\xampp\htdocs\jianghu\Application\Home\Controller\UserController.class.php 第 132 行.
SQL: SELECT `id` FROM `jianghu_user` WHERE `phonenum` = '1000013' LIMIT 1   [ RunTime:0.0003s ]
SQL: SELECT `isban` FROM `jianghu_user` WHERE `id` = 39 LIMIT 1   [ RunTime:0.0002s ]
SQL: SELECT `password` FROM `jianghu_user` WHERE `phonenum` = '1000013' LIMIT 1   [ RunTime:0.0002s ]
SQL: INSERT INTO `jianghu_token` (`token`,`user_id`,`time`) VALUES ('5ce8d5e818112df5f9ff8683747fa897','39','2016-11-08 21:54:03') [ RunTime:0.0847s ]
SQL: SELECT * FROM `jianghu_daily_num` WHERE `date` = '2016-11-08'  [ RunTime:0.0003s ]
SQL: UPDATE `jianghu_daily_num` SET `lognum`=lognum+1 WHERE `date` = '2016-11-08' [ RunTime:0.0402s ]
SQL: SELECT `jointime` FROM `jianghu_user` WHERE `id` = 39 LIMIT 1   [ RunTime:0.0007s ]
SQL: INSERT INTO `jianghu_login_count` (`user_id`,`date`) VALUES ('39','2016-11-08') [ RunTime:0.0429s ]
SQL: UPDATE `jianghu_user` SET `praisenum`=praisenum+1 WHERE `id` = 39 [ RunTime:0.0882s ]
SQL: SELECT * FROM `jianghu_user` WHERE `id` = 39 LIMIT 1   [ RunTime:0.0006s ]
SQL: SELECT * FROM `jianghu_user_domain` WHERE `user_id` = 39  [ RunTime:0.0003s ]

[ 2016-11-08T21:54:32+08:00 ] ::1 /jianghu/index.php/home/introduce/add
INFO: [ app_init ] --START--
INFO: Run Behavior\BuildLiteBehavior [ RunTime:0.000014s ]
INFO: [ app_init ] --END-- [ RunTime:0.000598s ]
INFO: [ app_begin ] --START--
INFO: Run Behavior\ReadHtmlCacheBehavior [ RunTime:0.000852s ]
INFO: [ app_begin ] --END-- [ RunTime:0.000901s ]
SQL: SHOW COLUMNS FROM `jianghu_token` [ RunTime:0.0041s ]
SQL: SHOW COLUMNS FROM `jianghu_user` [ RunTime:0.0027s ]
SQL: SHOW COLUMNS FROM `jianghu_login_count` [ RunTime:0.0026s ]
SQL: SHOW COLUMNS FROM `jianghu_daily_num` [ RunTime:0.0024s ]
SQL: SELECT * FROM `jianghu_token` WHERE `token` = '2ea7c6999b86afb0f34bc274e78377fe' AND `state` = 0 LIMIT 1   [ RunTime:0.0227s ]
SQL: SELECT `isban` FROM `jianghu_user` WHERE `id` = 27 LIMIT 1   [ RunTime:0.0003s ]
SQL: SELECT * FROM `jianghu_login_count` WHERE `user_id` = 27 AND `date` = '2016-11-08' LIMIT 1   [ RunTime:0.0003s ]
SQL: SELECT * FROM `jianghu_daily_num` WHERE `date` = '2016-11-08' LIMIT 1   [ RunTime:0.0003s ]
SQL: SELECT `jointime` FROM `jianghu_user` WHERE `id` = 27 LIMIT 1   [ RunTime:0.0002s ]
SQL: UPDATE `jianghu_daily_num` SET `keep`=keep+1 WHERE `date` = '2016-11-08' [ RunTime:0.0840s ]
SQL: INSERT INTO `jianghu_login_count` (`user_id`,`date`) VALUES ('27','2016-11-08') [ RunTime:0.0674s ]
SQL: UPDATE `jianghu_user` SET `praisenum`=praisenum+1 WHERE `id` = 27 [ RunTime:0.0409s ]
SQL: SELECT * FROM `jianghu_daily_num` WHERE `date` = '2016-11-08'  [ RunTime:0.0003s ]
SQL: UPDATE `jianghu_daily_num` SET `lognum`=lognum+1 WHERE `date` = '2016-11-08' [ RunTime:0.0443s ]
SQL: SHOW COLUMNS FROM `jianghu_introduce_domain` [ RunTime:0.0025s ]
SQL: SHOW COLUMNS FROM `jianghu_domain` [ RunTime:0.0024s ]
SQL: SHOW COLUMNS FROM `jianghu_introduce` [ RunTime:0.0026s ]
SQL: SHOW COLUMNS FROM `jianghu_introduce_images` [ RunTime:0.0027s ]
SQL: SHOW COLUMNS FROM `jianghu_forward` [ RunTime:0.0026s ]
SQL: SELECT `name` FROM `jianghu_domain` WHERE `id` = 1 LIMIT 1   [ RunTime:0.0003s ]
SQL: INSERT INTO `jianghu_introduce` (`text`,`user_id`,`time`,`degree`) VALUES ('这是test1的内容','27','2016-11-08 21:54:31','1') [ RunTime:0.0973s ]
SQL: INSERT INTO `jianghu_introduce_domain` (`introduce_id`) VALUES ('107') [ RunTime:0.0693s ]
NOTIC: [2] call_user_func() expects parameter 1 to be a valid callback, no array or string given D:\xampp\htdocs\jianghu\ThinkPHP\Library\Think\Upload.class.php 第 170 行.
SQL: INSERT INTO `jianghu_introduce_images` (`introduce_id`,`imageurl`,`imagepath`) VALUES ('107','http://localhost/jianghu/Uploads/2016-11-08/5821d917e6497.jpg','./Uploads/2016-11-08/5821d917e6497.jpg') [ RunTime:0.0414s ]
SQL: INSERT INTO `jianghu_forward` (`user_id`,`introduce_id`,`original_id`,`time`,`owner_id`,`degree`) VALUES ('27','107','107','2016-11-08 21:54:31','27','1') [ RunTime:0.0445s ]
SQL: UPDATE `jianghu_user` SET `praisenum`=praisenum+1 WHERE `id` = 27 [ RunTime:0.0884s ]

[ 2016-11-08T22:07:04+08:00 ] ::1 /jianghu/index.php/home/introduce/add
INFO: [ app_init ] --START--
INFO: Run Behavior\BuildLiteBehavior [ RunTime:0.000014s ]
INFO: [ app_init ] --END-- [ RunTime:0.000603s ]
INFO: [ app_begin ] --START--
INFO: Run Behavior\ReadHtmlCacheBehavior [ RunTime:0.000697s ]
INFO: [ app_begin ] --END-- [ RunTime:0.000747s ]
SQL: SHOW COLUMNS FROM `jianghu_token` [ RunTime:0.0035s ]
SQL: SHOW COLUMNS FROM `jianghu_user` [ RunTime:0.0027s ]
SQL: SHOW COLUMNS FROM `jianghu_login_count` [ RunTime:0.0025s ]
SQL: SHOW COLUMNS FROM `jianghu_daily_num` [ RunTime:0.0029s ]
SQL: SELECT * FROM `jianghu_token` WHERE `token` = '2ea7c6999b86afb0f34bc274e78377fe' AND `state` = 0 LIMIT 1   [ RunTime:0.0004s ]
SQL: SELECT `isban` FROM `jianghu_user` WHERE `id` = 27 LIMIT 1   [ RunTime:0.0003s ]
SQL: SELECT * FROM `jianghu_login_count` WHERE `user_id` = 27 AND `date` = '2016-11-08' LIMIT 1   [ RunTime:0.0003s ]
SQL: SELECT * FROM `jianghu_daily_num` WHERE `date` = '2016-11-08' LIMIT 1   [ RunTime:0.0003s ]
SQL: SELECT `jointime` FROM `jianghu_user` WHERE `id` = 27 LIMIT 1   [ RunTime:0.0002s ]
SQL: UPDATE `jianghu_daily_num` SET `keep`=keep+1 WHERE `date` = '2016-11-08' [ RunTime:0.0789s ]
SQL: SHOW COLUMNS FROM `jianghu_introduce_domain` [ RunTime:0.0026s ]
SQL: SHOW COLUMNS FROM `jianghu_domain` [ RunTime:0.0024s ]
SQL: SHOW COLUMNS FROM `jianghu_introduce` [ RunTime:0.0025s ]
SQL: SHOW COLUMNS FROM `jianghu_introduce_images` [ RunTime:0.0024s ]
SQL: SHOW COLUMNS FROM `jianghu_forward` [ RunTime:0.0030s ]
SQL: SELECT `name` FROM `jianghu_domain` WHERE `id` = 1 LIMIT 1   [ RunTime:0.0003s ]
SQL: INSERT INTO `jianghu_introduce` (`text`,`user_id`,`time`,`degree`) VALUES ('这是test1的内容','27','2016-11-08 22:07:04','1') [ RunTime:0.0896s ]
SQL: INSERT INTO `jianghu_introduce_domain` (`domain`,`introduce_id`) VALUES ('美食','108') [ RunTime:0.0525s ]
NOTIC: [2] call_user_func() expects parameter 1 to be a valid callback, no array or string given D:\xampp\htdocs\jianghu\ThinkPHP\Library\Think\Upload.class.php 第 170 行.
SQL: INSERT INTO `jianghu_introduce_images` (`introduce_id`,`imageurl`,`imagepath`) VALUES ('108','http://localhost/jianghu/Uploads/2016-11-08/5821dc088f01c.jpg','./Uploads/2016-11-08/5821dc088f01c.jpg') [ RunTime:0.1881s ]
SQL: INSERT INTO `jianghu_forward` (`user_id`,`introduce_id`,`original_id`,`time`,`owner_id`,`degree`) VALUES ('27','108','108','2016-11-08 22:07:04','27','1') [ RunTime:0.0695s ]
SQL: UPDATE `jianghu_user` SET `praisenum`=praisenum+1 WHERE `id` = 27 [ RunTime:0.0410s ]

