[ 2016-10-27T00:00:02+08:00 ] ::1 /jianghu/index.php/home/msg/getunreadnum
INFO: [ app_init ] --START--
INFO: Run Behavior\BuildLiteBehavior [ RunTime:0.000010s ]
INFO: [ app_init ] --END-- [ RunTime:0.000472s ]
INFO: [ app_begin ] --START--
INFO: Run Behavior\ReadHtmlCacheBehavior [ RunTime:0.000696s ]
INFO: [ app_begin ] --END-- [ RunTime:0.000754s ]
SQL: SHOW COLUMNS FROM `jianghu_user` [ RunTime:0.0045s ]
SQL: SELECT `unreadnum` FROM `jianghu_user` WHERE `id` = 4 LIMIT 1   [ RunTime:0.0003s ]

[ 2016-10-27T00:00:13+08:00 ] ::1 /jianghu/index.php/home/msg/getunreadnum
INFO: [ app_init ] --START--
INFO: Run Behavior\BuildLiteBehavior [ RunTime:0.000033s ]
INFO: [ app_init ] --END-- [ RunTime:0.000712s ]
INFO: [ app_begin ] --START--
INFO: Run Behavior\ReadHtmlCacheBehavior [ RunTime:0.000706s ]
INFO: [ app_begin ] --END-- [ RunTime:0.000754s ]
SQL: SHOW COLUMNS FROM `jianghu_user` [ RunTime:0.0053s ]
SQL: SELECT `unreadnum` FROM `jianghu_user` WHERE `id` = 4 LIMIT 1   [ RunTime:0.0004s ]

[ 2016-10-27T00:00:24+08:00 ] ::1 /jianghu/index.php/home/msg/getunreadnum
INFO: [ app_init ] --START--
INFO: Run Behavior\BuildLiteBehavior [ RunTime:0.000011s ]
INFO: [ app_init ] --END-- [ RunTime:0.000555s ]
INFO: [ app_begin ] --START--
INFO: Run Behavior\ReadHtmlCacheBehavior [ RunTime:0.000779s ]
INFO: [ app_begin ] --END-- [ RunTime:0.000829s ]
SQL: SHOW COLUMNS FROM `jianghu_user` [ RunTime:0.0035s ]
SQL: SELECT `unreadnum` FROM `jianghu_user` WHERE `id` = 4 LIMIT 1   [ RunTime:0.0003s ]

[ 2016-10-27T00:00:35+08:00 ] ::1 /jianghu/index.php/home/msg/getunreadnum
INFO: [ app_init ] --START--
INFO: Run Behavior\BuildLiteBehavior [ RunTime:0.000011s ]
INFO: [ app_init ] --END-- [ RunTime:0.000538s ]
INFO: [ app_begin ] --START--
INFO: Run Behavior\ReadHtmlCacheBehavior [ RunTime:0.000677s ]
INFO: [ app_begin ] --END-- [ RunTime:0.000725s ]
SQL: SHOW COLUMNS FROM `jianghu_user` [ RunTime:0.0048s ]
SQL: SELECT `unreadnum` FROM `jianghu_user` WHERE `id` = 4 LIMIT 1   [ RunTime:0.0003s ]

[ 2016-10-27T00:00:46+08:00 ] ::1 /jianghu/index.php/home/msg/getunreadnum
INFO: [ app_init ] --START--
INFO: Run Behavior\BuildLiteBehavior [ RunTime:0.000014s ]
INFO: [ app_init ] --END-- [ RunTime:0.000629s ]
INFO: [ app_begin ] --START--
INFO: Run Behavior\ReadHtmlCacheBehavior [ RunTime:0.000856s ]
INFO: [ app_begin ] --END-- [ RunTime:0.000913s ]
SQL: SHOW COLUMNS FROM `jianghu_user` [ RunTime:0.0056s ]
SQL: SELECT `unreadnum` FROM `jianghu_user` WHERE `id` = 4 LIMIT 1   [ RunTime:0.0003s ]

[ 2016-10-27T00:00:57+08:00 ] ::1 /jianghu/index.php/home/msg/getunreadnum
INFO: [ app_init ] --START--
INFO: Run Behavior\BuildLiteBehavior [ RunTime:0.000011s ]
INFO: [ app_init ] --END-- [ RunTime:0.000507s ]
INFO: [ app_begin ] --START--
INFO: Run Behavior\ReadHtmlCacheBehavior [ RunTime:0.000726s ]
INFO: [ app_begin ] --END-- [ RunTime:0.000775s ]
SQL: SHOW COLUMNS FROM `jianghu_user` [ RunTime:0.0035s ]
SQL: SELECT `unreadnum` FROM `jianghu_user` WHERE `id` = 4 LIMIT 1   [ RunTime:0.0003s ]

[ 2016-10-27T00:01:08+08:00 ] ::1 /jianghu/index.php/home/msg/getunreadnum
INFO: [ app_init ] --START--
INFO: Run Behavior\BuildLiteBehavior [ RunTime:0.000011s ]
INFO: [ app_init ] --END-- [ RunTime:0.000503s ]
INFO: [ app_begin ] --START--
INFO: Run Behavior\ReadHtmlCacheBehavior [ RunTime:0.000721s ]
INFO: [ app_begin ] --END-- [ RunTime:0.000767s ]
SQL: SHOW COLUMNS FROM `jianghu_user` [ RunTime:0.0056s ]
SQL: SELECT `unreadnum` FROM `jianghu_user` WHERE `id` = 4 LIMIT 1   [ RunTime:0.0003s ]

[ 2016-10-27T00:01:19+08:00 ] ::1 /jianghu/index.php/home/msg/getunreadnum
INFO: [ app_init ] --START--
INFO: Run Behavior\BuildLiteBehavior [ RunTime:0.000011s ]
INFO: [ app_init ] --END-- [ RunTime:0.000534s ]
INFO: [ app_begin ] --START--
INFO: Run Behavior\ReadHtmlCacheBehavior [ RunTime:0.000625s ]
INFO: [ app_begin ] --END-- [ RunTime:0.000670s ]
SQL: SHOW COLUMNS FROM `jianghu_user` [ RunTime:0.0048s ]
SQL: SELECT `unreadnum` FROM `jianghu_user` WHERE `id` = 4 LIMIT 1   [ RunTime:0.0003s ]

[ 2016-10-27T00:01:30+08:00 ] ::1 /jianghu/index.php/home/msg/getunreadnum
INFO: [ app_init ] --START--
INFO: Run Behavior\BuildLiteBehavior [ RunTime:0.000011s ]
INFO: [ app_init ] --END-- [ RunTime:0.000512s ]
INFO: [ app_begin ] --START--
INFO: Run Behavior\ReadHtmlCacheBehavior [ RunTime:0.000633s ]
INFO: [ app_begin ] --END-- [ RunTime:0.000676s ]
SQL: SHOW COLUMNS FROM `jianghu_user` [ RunTime:0.0047s ]
SQL: SELECT `unreadnum` FROM `jianghu_user` WHERE `id` = 4 LIMIT 1   [ RunTime:0.0003s ]

[ 2016-10-27T00:01:41+08:00 ] ::1 /jianghu/index.php/home/msg/getunreadnum
INFO: [ app_init ] --START--
INFO: Run Behavior\BuildLiteBehavior [ RunTime:0.000020s ]
INFO: [ app_init ] --END-- [ RunTime:0.000616s ]
INFO: [ app_begin ] --START--
INFO: Run Behavior\ReadHtmlCacheBehavior [ RunTime:0.000643s ]
INFO: [ app_begin ] --END-- [ RunTime:0.000697s ]
SQL: SHOW COLUMNS FROM `jianghu_user` [ RunTime:0.0061s ]
SQL: SELECT `unreadnum` FROM `jianghu_user` WHERE `id` = 4 LIMIT 1   [ RunTime:0.0003s ]

[ 2016-10-27T00:01:52+08:00 ] ::1 /jianghu/index.php/home/msg/getunreadnum
INFO: [ app_init ] --START--
INFO: Run Behavior\BuildLiteBehavior [ RunTime:0.000011s ]
INFO: [ app_init ] --END-- [ RunTime:0.000498s ]
INFO: [ app_begin ] --START--
INFO: Run Behavior\ReadHtmlCacheBehavior [ RunTime:0.000727s ]
INFO: [ app_begin ] --END-- [ RunTime:0.000787s ]
SQL: SHOW COLUMNS FROM `jianghu_user` [ RunTime:0.0034s ]
SQL: SELECT `unreadnum` FROM `jianghu_user` WHERE `id` = 4 LIMIT 1   [ RunTime:0.0004s ]

[ 2016-10-27T00:02:03+08:00 ] ::1 /jianghu/index.php/home/msg/getunreadnum
INFO: [ app_init ] --START--
INFO: Run Behavior\BuildLiteBehavior [ RunTime:0.000018s ]
INFO: [ app_init ] --END-- [ RunTime:0.000789s ]
INFO: [ app_begin ] --START--
INFO: Run Behavior\ReadHtmlCacheBehavior [ RunTime:0.000603s ]
INFO: [ app_begin ] --END-- [ RunTime:0.000653s ]
SQL: SHOW COLUMNS FROM `jianghu_user` [ RunTime:0.0037s ]
SQL: SELECT `unreadnum` FROM `jianghu_user` WHERE `id` = 4 LIMIT 1   [ RunTime:0.0003s ]

[ 2016-10-27T00:02:14+08:00 ] ::1 /jianghu/index.php/home/msg/getunreadnum
INFO: [ app_init ] --START--
INFO: Run Behavior\BuildLiteBehavior [ RunTime:0.000013s ]
INFO: [ app_init ] --END-- [ RunTime:0.000498s ]
INFO: [ app_begin ] --START--
INFO: Run Behavior\ReadHtmlCacheBehavior [ RunTime:0.000723s ]
INFO: [ app_begin ] --END-- [ RunTime:0.000784s ]
SQL: SHOW COLUMNS FROM `jianghu_user` [ RunTime:0.0039s ]
SQL: SELECT `unreadnum` FROM `jianghu_user` WHERE `id` = 4 LIMIT 1   [ RunTime:0.0003s ]

[ 2016-10-27T00:02:25+08:00 ] ::1 /jianghu/index.php/home/msg/getunreadnum
INFO: [ app_init ] --START--
INFO: Run Behavior\BuildLiteBehavior [ RunTime:0.000023s ]
INFO: [ app_init ] --END-- [ RunTime:0.000801s ]
INFO: [ app_begin ] --START--
INFO: Run Behavior\ReadHtmlCacheBehavior [ RunTime:0.001192s ]
INFO: [ app_begin ] --END-- [ RunTime:0.001280s ]
SQL: SHOW COLUMNS FROM `jianghu_user` [ RunTime:0.0046s ]
SQL: SELECT `unreadnum` FROM `jianghu_user` WHERE `id` = 4 LIMIT 1   [ RunTime:0.0003s ]

[ 2016-10-27T00:02:36+08:00 ] ::1 /jianghu/index.php/home/msg/getunreadnum
INFO: [ app_init ] --START--
INFO: Run Behavior\BuildLiteBehavior [ RunTime:0.000014s ]
INFO: [ app_init ] --END-- [ RunTime:0.000542s ]
INFO: [ app_begin ] --START--
INFO: Run Behavior\ReadHtmlCacheBehavior [ RunTime:0.001158s ]
INFO: [ app_begin ] --END-- [ RunTime:0.001245s ]
SQL: SHOW COLUMNS FROM `jianghu_user` [ RunTime:0.0048s ]
SQL: SELECT `unreadnum` FROM `jianghu_user` WHERE `id` = 4 LIMIT 1   [ RunTime:0.0003s ]

[ 2016-10-27T00:02:47+08:00 ] ::1 /jianghu/index.php/home/msg/getunreadnum
INFO: [ app_init ] --START--
INFO: Run Behavior\BuildLiteBehavior [ RunTime:0.000013s ]
INFO: [ app_init ] --END-- [ RunTime:0.000575s ]
INFO: [ app_begin ] --START--
INFO: Run Behavior\ReadHtmlCacheBehavior [ RunTime:0.000767s ]
INFO: [ app_begin ] --END-- [ RunTime:0.000826s ]
SQL: SHOW COLUMNS FROM `jianghu_user` [ RunTime:0.0037s ]
SQL: SELECT `unreadnum` FROM `jianghu_user` WHERE `id` = 4 LIMIT 1   [ RunTime:0.0003s ]

[ 2016-10-27T00:02:58+08:00 ] ::1 /jianghu/index.php/home/msg/getunreadnum
INFO: [ app_init ] --START--
INFO: Run Behavior\BuildLiteBehavior [ RunTime:0.000097s ]
INFO: [ app_init ] --END-- [ RunTime:0.000709s ]
INFO: [ app_begin ] --START--
INFO: Run Behavior\ReadHtmlCacheBehavior [ RunTime:0.000752s ]
INFO: [ app_begin ] --END-- [ RunTime:0.000800s ]
SQL: SHOW COLUMNS FROM `jianghu_user` [ RunTime:0.0040s ]
SQL: SELECT `unreadnum` FROM `jianghu_user` WHERE `id` = 4 LIMIT 1   [ RunTime:0.0003s ]

[ 2016-10-27T00:03:09+08:00 ] ::1 /jianghu/index.php/home/msg/getunreadnum
INFO: [ app_init ] --START--
INFO: Run Behavior\BuildLiteBehavior [ RunTime:0.000014s ]
INFO: [ app_init ] --END-- [ RunTime:0.000611s ]
INFO: [ app_begin ] --START--
INFO: Run Behavior\ReadHtmlCacheBehavior [ RunTime:0.000676s ]
INFO: [ app_begin ] --END-- [ RunTime:0.000723s ]
SQL: SHOW COLUMNS FROM `jianghu_user` [ RunTime:0.0049s ]
SQL: SELECT `unreadnum` FROM `jianghu_user` WHERE `id` = 4 LIMIT 1   [ RunTime:0.0003s ]

[ 2016-10-27T00:03:20+08:00 ] ::1 /jianghu/index.php/home/msg/getunreadnum
INFO: [ app_init ] --START--
INFO: Run Behavior\BuildLiteBehavior [ RunTime:0.000014s ]
INFO: [ app_init ] --END-- [ RunTime:0.000616s ]
INFO: [ app_begin ] --START--
INFO: Run Behavior\ReadHtmlCacheBehavior [ RunTime:0.000588s ]
INFO: [ app_begin ] --END-- [ RunTime:0.000631s ]
SQL: SHOW COLUMNS FROM `jianghu_user` [ RunTime:0.0049s ]
SQL: SELECT `unreadnum` FROM `jianghu_user` WHERE `id` = 4 LIMIT 1   [ RunTime:0.0004s ]

[ 2016-10-27T00:03:31+08:00 ] ::1 /jianghu/index.php/home/msg/getunreadnum
INFO: [ app_init ] --START--
INFO: Run Behavior\BuildLiteBehavior [ RunTime:0.000011s ]
INFO: [ app_init ] --END-- [ RunTime:0.000594s ]
INFO: [ app_begin ] --START--
INFO: Run Behavior\ReadHtmlCacheBehavior [ RunTime:0.000682s ]
INFO: [ app_begin ] --END-- [ RunTime:0.000736s ]
SQL: SHOW COLUMNS FROM `jianghu_user` [ RunTime:0.0049s ]
SQL: SELECT `unreadnum` FROM `jianghu_user` WHERE `id` = 4 LIMIT 1   [ RunTime:0.0003s ]

[ 2016-10-27T00:03:42+08:00 ] ::1 /jianghu/index.php/home/msg/getunreadnum
INFO: [ app_init ] --START--
INFO: Run Behavior\BuildLiteBehavior [ RunTime:0.000015s ]
INFO: [ app_init ] --END-- [ RunTime:0.000516s ]
INFO: [ app_begin ] --START--
INFO: Run Behavior\ReadHtmlCacheBehavior [ RunTime:0.000708s ]
INFO: [ app_begin ] --END-- [ RunTime:0.000753s ]
SQL: SHOW COLUMNS FROM `jianghu_user` [ RunTime:0.0039s ]
SQL: SELECT `unreadnum` FROM `jianghu_user` WHERE `id` = 4 LIMIT 1   [ RunTime:0.0003s ]

[ 2016-10-27T00:03:53+08:00 ] ::1 /jianghu/index.php/home/msg/getunreadnum
INFO: [ app_init ] --START--
INFO: Run Behavior\BuildLiteBehavior [ RunTime:0.000014s ]
INFO: [ app_init ] --END-- [ RunTime:0.000619s ]
INFO: [ app_begin ] --START--
INFO: Run Behavior\ReadHtmlCacheBehavior [ RunTime:0.000970s ]
INFO: [ app_begin ] --END-- [ RunTime:0.001036s ]
SQL: SHOW COLUMNS FROM `jianghu_user` [ RunTime:0.0049s ]
SQL: SELECT `unreadnum` FROM `jianghu_user` WHERE `id` = 4 LIMIT 1   [ RunTime:0.0003s ]

[ 2016-10-27T00:04:04+08:00 ] ::1 /jianghu/index.php/home/msg/getunreadnum
INFO: [ app_init ] --START--
INFO: Run Behavior\BuildLiteBehavior [ RunTime:0.000016s ]
INFO: [ app_init ] --END-- [ RunTime:0.000515s ]
INFO: [ app_begin ] --START--
INFO: Run Behavior\ReadHtmlCacheBehavior [ RunTime:0.000672s ]
INFO: [ app_begin ] --END-- [ RunTime:0.000765s ]
SQL: SHOW COLUMNS FROM `jianghu_user` [ RunTime:0.0051s ]
SQL: SELECT `unreadnum` FROM `jianghu_user` WHERE `id` = 4 LIMIT 1   [ RunTime:0.0003s ]

[ 2016-10-27T00:04:15+08:00 ] ::1 /jianghu/index.php/home/msg/getunreadnum
INFO: [ app_init ] --START--
INFO: Run Behavior\BuildLiteBehavior [ RunTime:0.000011s ]
INFO: [ app_init ] --END-- [ RunTime:0.000495s ]
INFO: [ app_begin ] --START--
INFO: Run Behavior\ReadHtmlCacheBehavior [ RunTime:0.000718s ]
INFO: [ app_begin ] --END-- [ RunTime:0.000766s ]
SQL: SHOW COLUMNS FROM `jianghu_user` [ RunTime:0.0033s ]
SQL: SELECT `unreadnum` FROM `jianghu_user` WHERE `id` = 4 LIMIT 1   [ RunTime:0.0003s ]

[ 2016-10-27T00:04:26+08:00 ] ::1 /jianghu/index.php/home/msg/getunreadnum
INFO: [ app_init ] --START--
INFO: Run Behavior\BuildLiteBehavior [ RunTime:0.000012s ]
INFO: [ app_init ] --END-- [ RunTime:0.000496s ]
INFO: [ app_begin ] --START--
INFO: Run Behavior\ReadHtmlCacheBehavior [ RunTime:0.000752s ]
INFO: [ app_begin ] --END-- [ RunTime:0.000806s ]
SQL: SHOW COLUMNS FROM `jianghu_user` [ RunTime:0.0035s ]
SQL: SELECT `unreadnum` FROM `jianghu_user` WHERE `id` = 4 LIMIT 1   [ RunTime:0.0003s ]

[ 2016-10-27T00:04:37+08:00 ] ::1 /jianghu/index.php/home/msg/getunreadnum
INFO: [ app_init ] --START--
INFO: Run Behavior\BuildLiteBehavior [ RunTime:0.000021s ]
INFO: [ app_init ] --END-- [ RunTime:0.001218s ]
INFO: [ app_begin ] --START--
INFO: Run Behavior\ReadHtmlCacheBehavior [ RunTime:0.000744s ]
INFO: [ app_begin ] --END-- [ RunTime:0.000807s ]
SQL: SHOW COLUMNS FROM `jianghu_user` [ RunTime:0.0048s ]
SQL: SELECT `unreadnum` FROM `jianghu_user` WHERE `id` = 4 LIMIT 1   [ RunTime:0.0003s ]

[ 2016-10-27T00:04:48+08:00 ] ::1 /jianghu/index.php/home/msg/getunreadnum
INFO: [ app_init ] --START--
INFO: Run Behavior\BuildLiteBehavior [ RunTime:0.000011s ]
INFO: [ app_init ] --END-- [ RunTime:0.000524s ]
INFO: [ app_begin ] --START--
INFO: Run Behavior\ReadHtmlCacheBehavior [ RunTime:0.000776s ]
INFO: [ app_begin ] --END-- [ RunTime:0.000822s ]
SQL: SHOW COLUMNS FROM `jianghu_user` [ RunTime:0.0050s ]
SQL: SELECT `unreadnum` FROM `jianghu_user` WHERE `id` = 4 LIMIT 1   [ RunTime:0.0003s ]

[ 2016-10-27T00:04:59+08:00 ] ::1 /jianghu/index.php/home/msg/getunreadnum
INFO: [ app_init ] --START--
INFO: Run Behavior\BuildLiteBehavior [ RunTime:0.000011s ]
INFO: [ app_init ] --END-- [ RunTime:0.000530s ]
INFO: [ app_begin ] --START--
INFO: Run Behavior\ReadHtmlCacheBehavior [ RunTime:0.000743s ]
INFO: [ app_begin ] --END-- [ RunTime:0.000786s ]
SQL: SHOW COLUMNS FROM `jianghu_user` [ RunTime:0.0036s ]
SQL: SELECT `unreadnum` FROM `jianghu_user` WHERE `id` = 4 LIMIT 1   [ RunTime:0.0003s ]

[ 2016-10-27T00:05:10+08:00 ] ::1 /jianghu/index.php/home/msg/getunreadnum
INFO: [ app_init ] --START--
INFO: Run Behavior\BuildLiteBehavior [ RunTime:0.000018s ]
INFO: [ app_init ] --END-- [ RunTime:0.000768s ]
INFO: [ app_begin ] --START--
INFO: Run Behavior\ReadHtmlCacheBehavior [ RunTime:0.000663s ]
INFO: [ app_begin ] --END-- [ RunTime:0.000722s ]
SQL: SHOW COLUMNS FROM `jianghu_user` [ RunTime:0.0053s ]
SQL: SELECT `unreadnum` FROM `jianghu_user` WHERE `id` = 4 LIMIT 1   [ RunTime:0.0004s ]

[ 2016-10-27T00:05:21+08:00 ] ::1 /jianghu/index.php/home/msg/getunreadnum
INFO: [ app_init ] --START--
INFO: Run Behavior\BuildLiteBehavior [ RunTime:0.000014s ]
INFO: [ app_init ] --END-- [ RunTime:0.000559s ]
INFO: [ app_begin ] --START--
INFO: Run Behavior\ReadHtmlCacheBehavior [ RunTime:0.001158s ]
INFO: [ app_begin ] --END-- [ RunTime:0.001250s ]
SQL: SHOW COLUMNS FROM `jianghu_user` [ RunTime:0.0032s ]
SQL: SELECT `unreadnum` FROM `jianghu_user` WHERE `id` = 4 LIMIT 1   [ RunTime:0.0003s ]

[ 2016-10-27T00:05:32+08:00 ] ::1 /jianghu/index.php/home/msg/getunreadnum
INFO: [ app_init ] --START--
INFO: Run Behavior\BuildLiteBehavior [ RunTime:0.000011s ]
INFO: [ app_init ] --END-- [ RunTime:0.000446s ]
INFO: [ app_begin ] --START--
INFO: Run Behavior\ReadHtmlCacheBehavior [ RunTime:0.000736s ]
INFO: [ app_begin ] --END-- [ RunTime:0.000788s ]
SQL: SHOW COLUMNS FROM `jianghu_user` [ RunTime:0.0057s ]
SQL: SELECT `unreadnum` FROM `jianghu_user` WHERE `id` = 4 LIMIT 1   [ RunTime:0.0004s ]

[ 2016-10-27T00:05:43+08:00 ] ::1 /jianghu/index.php/home/msg/getunreadnum
INFO: [ app_init ] --START--
INFO: Run Behavior\BuildLiteBehavior [ RunTime:0.000013s ]
INFO: [ app_init ] --END-- [ RunTime:0.000474s ]
INFO: [ app_begin ] --START--
INFO: Run Behavior\ReadHtmlCacheBehavior [ RunTime:0.001126s ]
INFO: [ app_begin ] --END-- [ RunTime:0.001194s ]
SQL: SHOW COLUMNS FROM `jianghu_user` [ RunTime:0.0053s ]
SQL: SELECT `unreadnum` FROM `jianghu_user` WHERE `id` = 4 LIMIT 1   [ RunTime:0.0004s ]

[ 2016-10-27T00:05:54+08:00 ] ::1 /jianghu/index.php/home/msg/getunreadnum
INFO: [ app_init ] --START--
INFO: Run Behavior\BuildLiteBehavior [ RunTime:0.000022s ]
INFO: [ app_init ] --END-- [ RunTime:0.000531s ]
INFO: [ app_begin ] --START--
INFO: Run Behavior\ReadHtmlCacheBehavior [ RunTime:0.000711s ]
INFO: [ app_begin ] --END-- [ RunTime:0.000756s ]
SQL: SHOW COLUMNS FROM `jianghu_user` [ RunTime:0.0049s ]
SQL: SELECT `unreadnum` FROM `jianghu_user` WHERE `id` = 4 LIMIT 1   [ RunTime:0.0003s ]

[ 2016-10-27T00:06:05+08:00 ] ::1 /jianghu/index.php/home/msg/getunreadnum
INFO: [ app_init ] --START--
INFO: Run Behavior\BuildLiteBehavior [ RunTime:0.000015s ]
INFO: [ app_init ] --END-- [ RunTime:0.000515s ]
INFO: [ app_begin ] --START--
INFO: Run Behavior\ReadHtmlCacheBehavior [ RunTime:0.000733s ]
INFO: [ app_begin ] --END-- [ RunTime:0.000805s ]
SQL: SHOW COLUMNS FROM `jianghu_user` [ RunTime:0.0038s ]
SQL: SELECT `unreadnum` FROM `jianghu_user` WHERE `id` = 4 LIMIT 1   [ RunTime:0.0003s ]

[ 2016-10-27T00:06:16+08:00 ] ::1 /jianghu/index.php/home/msg/getunreadnum
INFO: [ app_init ] --START--
INFO: Run Behavior\BuildLiteBehavior [ RunTime:0.000012s ]
INFO: [ app_init ] --END-- [ RunTime:0.000576s ]
INFO: [ app_begin ] --START--
INFO: Run Behavior\ReadHtmlCacheBehavior [ RunTime:0.000694s ]
INFO: [ app_begin ] --END-- [ RunTime:0.000738s ]
SQL: SHOW COLUMNS FROM `jianghu_user` [ RunTime:0.0069s ]
SQL: SELECT `unreadnum` FROM `jianghu_user` WHERE `id` = 4 LIMIT 1   [ RunTime:0.0004s ]

[ 2016-10-27T00:06:27+08:00 ] ::1 /jianghu/index.php/home/msg/getunreadnum
INFO: [ app_init ] --START--
INFO: Run Behavior\BuildLiteBehavior [ RunTime:0.000018s ]
INFO: [ app_init ] --END-- [ RunTime:0.000977s ]
INFO: [ app_begin ] --START--
INFO: Run Behavior\ReadHtmlCacheBehavior [ RunTime:0.000720s ]
INFO: [ app_begin ] --END-- [ RunTime:0.000770s ]
SQL: SHOW COLUMNS FROM `jianghu_user` [ RunTime:0.0047s ]
SQL: SELECT `unreadnum` FROM `jianghu_user` WHERE `id` = 4 LIMIT 1   [ RunTime:0.0003s ]

[ 2016-10-27T00:06:38+08:00 ] ::1 /jianghu/index.php/home/msg/getunreadnum
INFO: [ app_init ] --START--
INFO: Run Behavior\BuildLiteBehavior [ RunTime:0.000035s ]
INFO: [ app_init ] --END-- [ RunTime:0.000784s ]
INFO: [ app_begin ] --START--
INFO: Run Behavior\ReadHtmlCacheBehavior [ RunTime:0.000618s ]
INFO: [ app_begin ] --END-- [ RunTime:0.000665s ]
SQL: SHOW COLUMNS FROM `jianghu_user` [ RunTime:0.0069s ]
SQL: SELECT `unreadnum` FROM `jianghu_user` WHERE `id` = 4 LIMIT 1   [ RunTime:0.0005s ]

[ 2016-10-27T00:06:49+08:00 ] ::1 /jianghu/index.php/home/msg/getunreadnum
INFO: [ app_init ] --START--
INFO: Run Behavior\BuildLiteBehavior [ RunTime:0.000014s ]
INFO: [ app_init ] --END-- [ RunTime:0.000618s ]
INFO: [ app_begin ] --START--
INFO: Run Behavior\ReadHtmlCacheBehavior [ RunTime:0.000857s ]
INFO: [ app_begin ] --END-- [ RunTime:0.000936s ]
SQL: SHOW COLUMNS FROM `jianghu_user` [ RunTime:0.0060s ]
SQL: SELECT `unreadnum` FROM `jianghu_user` WHERE `id` = 4 LIMIT 1   [ RunTime:0.0003s ]

[ 2016-10-27T00:07:00+08:00 ] ::1 /jianghu/index.php/home/msg/getunreadnum
INFO: [ app_init ] --START--
INFO: Run Behavior\BuildLiteBehavior [ RunTime:0.000011s ]
INFO: [ app_init ] --END-- [ RunTime:0.000504s ]
INFO: [ app_begin ] --START--
INFO: Run Behavior\ReadHtmlCacheBehavior [ RunTime:0.000863s ]
INFO: [ app_begin ] --END-- [ RunTime:0.000945s ]
SQL: SHOW COLUMNS FROM `jianghu_user` [ RunTime:0.0035s ]
SQL: SELECT `unreadnum` FROM `jianghu_user` WHERE `id` = 4 LIMIT 1   [ RunTime:0.0003s ]

[ 2016-10-27T00:07:11+08:00 ] ::1 /jianghu/index.php/home/msg/getunreadnum
INFO: [ app_init ] --START--
INFO: Run Behavior\BuildLiteBehavior [ RunTime:0.000013s ]
INFO: [ app_init ] --END-- [ RunTime:0.000605s ]
INFO: [ app_begin ] --START--
INFO: Run Behavior\ReadHtmlCacheBehavior [ RunTime:0.000874s ]
INFO: [ app_begin ] --END-- [ RunTime:0.000934s ]
SQL: SHOW COLUMNS FROM `jianghu_user` [ RunTime:0.0049s ]
SQL: SELECT `unreadnum` FROM `jianghu_user` WHERE `id` = 4 LIMIT 1   [ RunTime:0.0003s ]

[ 2016-10-27T00:07:22+08:00 ] ::1 /jianghu/index.php/home/msg/getunreadnum
INFO: [ app_init ] --START--
INFO: Run Behavior\BuildLiteBehavior [ RunTime:0.000013s ]
INFO: [ app_init ] --END-- [ RunTime:0.000555s ]
INFO: [ app_begin ] --START--
INFO: Run Behavior\ReadHtmlCacheBehavior [ RunTime:0.000654s ]
INFO: [ app_begin ] --END-- [ RunTime:0.000699s ]
SQL: SHOW COLUMNS FROM `jianghu_user` [ RunTime:0.0041s ]
SQL: SELECT `unreadnum` FROM `jianghu_user` WHERE `id` = 4 LIMIT 1   [ RunTime:0.0003s ]

[ 2016-10-27T00:07:33+08:00 ] ::1 /jianghu/index.php/home/msg/getunreadnum
INFO: [ app_init ] --START--
INFO: Run Behavior\BuildLiteBehavior [ RunTime:0.000013s ]
INFO: [ app_init ] --END-- [ RunTime:0.000492s ]
INFO: [ app_begin ] --START--
INFO: Run Behavior\ReadHtmlCacheBehavior [ RunTime:0.000609s ]
INFO: [ app_begin ] --END-- [ RunTime:0.000655s ]
SQL: SHOW COLUMNS FROM `jianghu_user` [ RunTime:0.0041s ]
SQL: SELECT `unreadnum` FROM `jianghu_user` WHERE `id` = 4 LIMIT 1   [ RunTime:0.0003s ]

[ 2016-10-27T00:07:44+08:00 ] ::1 /jianghu/index.php/home/msg/getunreadnum
INFO: [ app_init ] --START--
INFO: Run Behavior\BuildLiteBehavior [ RunTime:0.000012s ]
INFO: [ app_init ] --END-- [ RunTime:0.000536s ]
INFO: [ app_begin ] --START--
INFO: Run Behavior\ReadHtmlCacheBehavior [ RunTime:0.000738s ]
INFO: [ app_begin ] --END-- [ RunTime:0.000807s ]
SQL: SHOW COLUMNS FROM `jianghu_user` [ RunTime:0.0045s ]
SQL: SELECT `unreadnum` FROM `jianghu_user` WHERE `id` = 4 LIMIT 1   [ RunTime:0.0003s ]

[ 2016-10-27T00:07:55+08:00 ] ::1 /jianghu/index.php/home/msg/getunreadnum
INFO: [ app_init ] --START--
INFO: Run Behavior\BuildLiteBehavior [ RunTime:0.000014s ]
INFO: [ app_init ] --END-- [ RunTime:0.000450s ]
INFO: [ app_begin ] --START--
INFO: Run Behavior\ReadHtmlCacheBehavior [ RunTime:0.000654s ]
INFO: [ app_begin ] --END-- [ RunTime:0.000711s ]
SQL: SHOW COLUMNS FROM `jianghu_user` [ RunTime:0.0037s ]
SQL: SELECT `unreadnum` FROM `jianghu_user` WHERE `id` = 4 LIMIT 1   [ RunTime:0.0003s ]

[ 2016-10-27T00:08:06+08:00 ] ::1 /jianghu/index.php/home/msg/getunreadnum
INFO: [ app_init ] --START--
INFO: Run Behavior\BuildLiteBehavior [ RunTime:0.000017s ]
INFO: [ app_init ] --END-- [ RunTime:0.000527s ]
INFO: [ app_begin ] --START--
INFO: Run Behavior\ReadHtmlCacheBehavior [ RunTime:0.000655s ]
INFO: [ app_begin ] --END-- [ RunTime:0.000717s ]
SQL: SHOW COLUMNS FROM `jianghu_user` [ RunTime:0.0035s ]
SQL: SELECT `unreadnum` FROM `jianghu_user` WHERE `id` = 4 LIMIT 1   [ RunTime:0.0003s ]

[ 2016-10-27T00:08:17+08:00 ] ::1 /jianghu/index.php/home/msg/getunreadnum
INFO: [ app_init ] --START--
INFO: Run Behavior\BuildLiteBehavior [ RunTime:0.000013s ]
INFO: [ app_init ] --END-- [ RunTime:0.000647s ]
INFO: [ app_begin ] --START--
INFO: Run Behavior\ReadHtmlCacheBehavior [ RunTime:0.000941s ]
INFO: [ app_begin ] --END-- [ RunTime:0.001020s ]
SQL: SHOW COLUMNS FROM `jianghu_user` [ RunTime:0.0032s ]
SQL: SELECT `unreadnum` FROM `jianghu_user` WHERE `id` = 4 LIMIT 1   [ RunTime:0.0003s ]

[ 2016-10-27T00:08:28+08:00 ] ::1 /jianghu/index.php/home/msg/getunreadnum
INFO: [ app_init ] --START--
INFO: Run Behavior\BuildLiteBehavior [ RunTime:0.000012s ]
INFO: [ app_init ] --END-- [ RunTime:0.000573s ]
INFO: [ app_begin ] --START--
INFO: Run Behavior\ReadHtmlCacheBehavior [ RunTime:0.001163s ]
INFO: [ app_begin ] --END-- [ RunTime:0.001266s ]
SQL: SHOW COLUMNS FROM `jianghu_user` [ RunTime:0.0047s ]
SQL: SELECT `unreadnum` FROM `jianghu_user` WHERE `id` = 4 LIMIT 1   [ RunTime:0.0003s ]

[ 2016-10-27T00:08:39+08:00 ] ::1 /jianghu/index.php/home/msg/getunreadnum
INFO: [ app_init ] --START--
INFO: Run Behavior\BuildLiteBehavior [ RunTime:0.000015s ]
INFO: [ app_init ] --END-- [ RunTime:0.000605s ]
INFO: [ app_begin ] --START--
INFO: Run Behavior\ReadHtmlCacheBehavior [ RunTime:0.000779s ]
INFO: [ app_begin ] --END-- [ RunTime:0.000836s ]
SQL: SHOW COLUMNS FROM `jianghu_user` [ RunTime:0.0037s ]
SQL: SELECT `unreadnum` FROM `jianghu_user` WHERE `id` = 4 LIMIT 1   [ RunTime:0.0003s ]

[ 2016-10-27T00:08:50+08:00 ] ::1 /jianghu/index.php/home/msg/getunreadnum
INFO: [ app_init ] --START--
INFO: Run Behavior\BuildLiteBehavior [ RunTime:0.000012s ]
INFO: [ app_init ] --END-- [ RunTime:0.000496s ]
INFO: [ app_begin ] --START--
INFO: Run Behavior\ReadHtmlCacheBehavior [ RunTime:0.001264s ]
INFO: [ app_begin ] --END-- [ RunTime:0.001395s ]
SQL: SHOW COLUMNS FROM `jianghu_user` [ RunTime:0.0049s ]
SQL: SELECT `unreadnum` FROM `jianghu_user` WHERE `id` = 4 LIMIT 1   [ RunTime:0.0003s ]

[ 2016-10-27T00:09:01+08:00 ] ::1 /jianghu/index.php/home/msg/getunreadnum
INFO: [ app_init ] --START--
INFO: Run Behavior\BuildLiteBehavior [ RunTime:0.000012s ]
INFO: [ app_init ] --END-- [ RunTime:0.000560s ]
INFO: [ app_begin ] --START--
INFO: Run Behavior\ReadHtmlCacheBehavior [ RunTime:0.000704s ]
INFO: [ app_begin ] --END-- [ RunTime:0.000752s ]
SQL: SHOW COLUMNS FROM `jianghu_user` [ RunTime:0.0050s ]
SQL: SELECT `unreadnum` FROM `jianghu_user` WHERE `id` = 4 LIMIT 1   [ RunTime:0.0003s ]

[ 2016-10-27T00:09:12+08:00 ] ::1 /jianghu/index.php/home/msg/getunreadnum
INFO: [ app_init ] --START--
INFO: Run Behavior\BuildLiteBehavior [ RunTime:0.000011s ]
INFO: [ app_init ] --END-- [ RunTime:0.000532s ]
INFO: [ app_begin ] --START--
INFO: Run Behavior\ReadHtmlCacheBehavior [ RunTime:0.000670s ]
INFO: [ app_begin ] --END-- [ RunTime:0.000713s ]
SQL: SHOW COLUMNS FROM `jianghu_user` [ RunTime:0.0048s ]
SQL: SELECT `unreadnum` FROM `jianghu_user` WHERE `id` = 4 LIMIT 1   [ RunTime:0.0003s ]

[ 2016-10-27T00:09:23+08:00 ] ::1 /jianghu/index.php/home/msg/getunreadnum
INFO: [ app_init ] --START--
INFO: Run Behavior\BuildLiteBehavior [ RunTime:0.000016s ]
INFO: [ app_init ] --END-- [ RunTime:0.000620s ]
INFO: [ app_begin ] --START--
INFO: Run Behavior\ReadHtmlCacheBehavior [ RunTime:0.000636s ]
INFO: [ app_begin ] --END-- [ RunTime:0.000682s ]
SQL: SHOW COLUMNS FROM `jianghu_user` [ RunTime:0.0033s ]
SQL: SELECT `unreadnum` FROM `jianghu_user` WHERE `id` = 4 LIMIT 1   [ RunTime:0.0003s ]

[ 2016-10-27T00:09:34+08:00 ] ::1 /jianghu/index.php/home/msg/getunreadnum
INFO: [ app_init ] --START--
INFO: Run Behavior\BuildLiteBehavior [ RunTime:0.000011s ]
INFO: [ app_init ] --END-- [ RunTime:0.000580s ]
INFO: [ app_begin ] --START--
INFO: Run Behavior\ReadHtmlCacheBehavior [ RunTime:0.000907s ]
INFO: [ app_begin ] --END-- [ RunTime:0.000982s ]
SQL: SHOW COLUMNS FROM `jianghu_user` [ RunTime:0.0034s ]
SQL: SELECT `unreadnum` FROM `jianghu_user` WHERE `id` = 4 LIMIT 1   [ RunTime:0.0003s ]

[ 2016-10-27T00:09:45+08:00 ] ::1 /jianghu/index.php/home/msg/getunreadnum
INFO: [ app_init ] --START--
INFO: Run Behavior\BuildLiteBehavior [ RunTime:0.000011s ]
INFO: [ app_init ] --END-- [ RunTime:0.000471s ]
INFO: [ app_begin ] --START--
INFO: Run Behavior\ReadHtmlCacheBehavior [ RunTime:0.000777s ]
INFO: [ app_begin ] --END-- [ RunTime:0.000829s ]
SQL: SHOW COLUMNS FROM `jianghu_user` [ RunTime:0.0054s ]
SQL: SELECT `unreadnum` FROM `jianghu_user` WHERE `id` = 4 LIMIT 1   [ RunTime:0.0003s ]

[ 2016-10-27T00:09:56+08:00 ] ::1 /jianghu/index.php/home/msg/getunreadnum
INFO: [ app_init ] --START--
INFO: Run Behavior\BuildLiteBehavior [ RunTime:0.000018s ]
INFO: [ app_init ] --END-- [ RunTime:0.000695s ]
INFO: [ app_begin ] --START--
INFO: Run Behavior\ReadHtmlCacheBehavior [ RunTime:0.000678s ]
INFO: [ app_begin ] --END-- [ RunTime:0.000731s ]
SQL: SHOW COLUMNS FROM `jianghu_user` [ RunTime:0.0032s ]
SQL: SELECT `unreadnum` FROM `jianghu_user` WHERE `id` = 4 LIMIT 1   [ RunTime:0.0002s ]

[ 2016-10-27T00:10:07+08:00 ] ::1 /jianghu/index.php/home/msg/getunreadnum
INFO: [ app_init ] --START--
INFO: Run Behavior\BuildLiteBehavior [ RunTime:0.000013s ]
INFO: [ app_init ] --END-- [ RunTime:0.000588s ]
INFO: [ app_begin ] --START--
INFO: Run Behavior\ReadHtmlCacheBehavior [ RunTime:0.000789s ]
INFO: [ app_begin ] --END-- [ RunTime:0.000843s ]
SQL: SHOW COLUMNS FROM `jianghu_user` [ RunTime:0.0033s ]
SQL: SELECT `unreadnum` FROM `jianghu_user` WHERE `id` = 4 LIMIT 1   [ RunTime:0.0003s ]

[ 2016-10-27T00:10:18+08:00 ] ::1 /jianghu/index.php/home/msg/getunreadnum
INFO: [ app_init ] --START--
INFO: Run Behavior\BuildLiteBehavior [ RunTime:0.000016s ]
INFO: [ app_init ] --END-- [ RunTime:0.000711s ]
INFO: [ app_begin ] --START--
INFO: Run Behavior\ReadHtmlCacheBehavior [ RunTime:0.000808s ]
INFO: [ app_begin ] --END-- [ RunTime:0.000870s ]
SQL: SHOW COLUMNS FROM `jianghu_user` [ RunTime:0.0052s ]
SQL: SELECT `unreadnum` FROM `jianghu_user` WHERE `id` = 4 LIMIT 1   [ RunTime:0.0003s ]

[ 2016-10-27T00:10:29+08:00 ] ::1 /jianghu/index.php/home/msg/getunreadnum
INFO: [ app_init ] --START--
INFO: Run Behavior\BuildLiteBehavior [ RunTime:0.000012s ]
INFO: [ app_init ] --END-- [ RunTime:0.000477s ]
INFO: [ app_begin ] --START--
INFO: Run Behavior\ReadHtmlCacheBehavior [ RunTime:0.000673s ]
INFO: [ app_begin ] --END-- [ RunTime:0.000732s ]
SQL: SHOW COLUMNS FROM `jianghu_user` [ RunTime:0.0040s ]
SQL: SELECT `unreadnum` FROM `jianghu_user` WHERE `id` = 4 LIMIT 1   [ RunTime:0.0003s ]

[ 2016-10-27T00:10:40+08:00 ] ::1 /jianghu/index.php/home/msg/getunreadnum
INFO: [ app_init ] --START--
INFO: Run Behavior\BuildLiteBehavior [ RunTime:0.000012s ]
INFO: [ app_init ] --END-- [ RunTime:0.000529s ]
INFO: [ app_begin ] --START--
INFO: Run Behavior\ReadHtmlCacheBehavior [ RunTime:0.001197s ]
INFO: [ app_begin ] --END-- [ RunTime:0.001273s ]
SQL: SHOW COLUMNS FROM `jianghu_user` [ RunTime:0.0194s ]
SQL: SELECT `unreadnum` FROM `jianghu_user` WHERE `id` = 4 LIMIT 1   [ RunTime:0.0004s ]

[ 2016-10-27T00:10:51+08:00 ] ::1 /jianghu/index.php/home/msg/getunreadnum
INFO: [ app_init ] --START--
INFO: Run Behavior\BuildLiteBehavior [ RunTime:0.000011s ]
INFO: [ app_init ] --END-- [ RunTime:0.000503s ]
INFO: [ app_begin ] --START--
INFO: Run Behavior\ReadHtmlCacheBehavior [ RunTime:0.000702s ]
INFO: [ app_begin ] --END-- [ RunTime:0.000748s ]
SQL: SHOW COLUMNS FROM `jianghu_user` [ RunTime:0.0036s ]
SQL: SELECT `unreadnum` FROM `jianghu_user` WHERE `id` = 4 LIMIT 1   [ RunTime:0.0003s ]

[ 2016-10-27T00:11:02+08:00 ] ::1 /jianghu/index.php/home/msg/getunreadnum
INFO: [ app_init ] --START--
INFO: Run Behavior\BuildLiteBehavior [ RunTime:0.000013s ]
INFO: [ app_init ] --END-- [ RunTime:0.000547s ]
INFO: [ app_begin ] --START--
INFO: Run Behavior\ReadHtmlCacheBehavior [ RunTime:0.000743s ]
INFO: [ app_begin ] --END-- [ RunTime:0.000801s ]
SQL: SHOW COLUMNS FROM `jianghu_user` [ RunTime:0.0259s ]
SQL: SELECT `unreadnum` FROM `jianghu_user` WHERE `id` = 4 LIMIT 1   [ RunTime:0.0003s ]

[ 2016-10-27T00:11:13+08:00 ] ::1 /jianghu/index.php/home/msg/getunreadnum
INFO: [ app_init ] --START--
INFO: Run Behavior\BuildLiteBehavior [ RunTime:0.000011s ]
INFO: [ app_init ] --END-- [ RunTime:0.000534s ]
INFO: [ app_begin ] --START--
INFO: Run Behavior\ReadHtmlCacheBehavior [ RunTime:0.000612s ]
INFO: [ app_begin ] --END-- [ RunTime:0.000657s ]
SQL: SHOW COLUMNS FROM `jianghu_user` [ RunTime:0.0280s ]
SQL: SELECT `unreadnum` FROM `jianghu_user` WHERE `id` = 4 LIMIT 1   [ RunTime:0.0003s ]

[ 2016-10-27T00:11:24+08:00 ] ::1 /jianghu/index.php/home/msg/getunreadnum
INFO: [ app_init ] --START--
INFO: Run Behavior\BuildLiteBehavior [ RunTime:0.000012s ]
INFO: [ app_init ] --END-- [ RunTime:0.000524s ]
INFO: [ app_begin ] --START--
INFO: Run Behavior\ReadHtmlCacheBehavior [ RunTime:0.000810s ]
INFO: [ app_begin ] --END-- [ RunTime:0.000911s ]
SQL: SHOW COLUMNS FROM `jianghu_user` [ RunTime:0.0191s ]
SQL: SELECT `unreadnum` FROM `jianghu_user` WHERE `id` = 4 LIMIT 1   [ RunTime:0.0004s ]

[ 2016-10-27T00:11:35+08:00 ] ::1 /jianghu/index.php/home/msg/getunreadnum
INFO: [ app_init ] --START--
INFO: Run Behavior\BuildLiteBehavior [ RunTime:0.000020s ]
INFO: [ app_init ] --END-- [ RunTime:0.000628s ]
INFO: [ app_begin ] --START--
INFO: Run Behavior\ReadHtmlCacheBehavior [ RunTime:0.000716s ]
INFO: [ app_begin ] --END-- [ RunTime:0.000774s ]
SQL: SHOW COLUMNS FROM `jianghu_user` [ RunTime:0.0054s ]
SQL: SELECT `unreadnum` FROM `jianghu_user` WHERE `id` = 4 LIMIT 1   [ RunTime:0.0007s ]

[ 2016-10-27T00:11:46+08:00 ] ::1 /jianghu/index.php/home/msg/getunreadnum
INFO: [ app_init ] --START--
INFO: Run Behavior\BuildLiteBehavior [ RunTime:0.000013s ]
INFO: [ app_init ] --END-- [ RunTime:0.000555s ]
INFO: [ app_begin ] --START--
INFO: Run Behavior\ReadHtmlCacheBehavior [ RunTime:0.000645s ]
INFO: [ app_begin ] --END-- [ RunTime:0.000690s ]
SQL: SHOW COLUMNS FROM `jianghu_user` [ RunTime:0.0038s ]
SQL: SELECT `unreadnum` FROM `jianghu_user` WHERE `id` = 4 LIMIT 1   [ RunTime:0.0003s ]

[ 2016-10-27T00:11:58+08:00 ] ::1 /jianghu/index.php/home/msg/getunreadnum
INFO: [ app_init ] --START--
INFO: Run Behavior\BuildLiteBehavior [ RunTime:0.000013s ]
INFO: [ app_init ] --END-- [ RunTime:0.000708s ]
INFO: [ app_begin ] --START--
INFO: Run Behavior\ReadHtmlCacheBehavior [ RunTime:0.000632s ]
INFO: [ app_begin ] --END-- [ RunTime:0.000680s ]
SQL: SHOW COLUMNS FROM `jianghu_user` [ RunTime:0.0561s ]
SQL: SELECT `unreadnum` FROM `jianghu_user` WHERE `id` = 4 LIMIT 1   [ RunTime:0.0003s ]

[ 2016-10-27T00:12:08+08:00 ] ::1 /jianghu/index.php/home/msg/getunreadnum
INFO: [ app_init ] --START--
INFO: Run Behavior\BuildLiteBehavior [ RunTime:0.000029s ]
INFO: [ app_init ] --END-- [ RunTime:0.000580s ]
INFO: [ app_begin ] --START--
INFO: Run Behavior\ReadHtmlCacheBehavior [ RunTime:0.000711s ]
INFO: [ app_begin ] --END-- [ RunTime:0.000760s ]
SQL: SHOW COLUMNS FROM `jianghu_user` [ RunTime:0.0038s ]
SQL: SELECT `unreadnum` FROM `jianghu_user` WHERE `id` = 4 LIMIT 1   [ RunTime:0.0003s ]

[ 2016-10-27T00:12:19+08:00 ] ::1 /jianghu/index.php/home/msg/getunreadnum
INFO: [ app_init ] --START--
INFO: Run Behavior\BuildLiteBehavior [ RunTime:0.000036s ]
INFO: [ app_init ] --END-- [ RunTime:0.000935s ]
INFO: [ app_begin ] --START--
INFO: Run Behavior\ReadHtmlCacheBehavior [ RunTime:0.000722s ]
INFO: [ app_begin ] --END-- [ RunTime:0.000775s ]
SQL: SHOW COLUMNS FROM `jianghu_user` [ RunTime:0.0057s ]
SQL: SELECT `unreadnum` FROM `jianghu_user` WHERE `id` = 4 LIMIT 1   [ RunTime:0.0003s ]

[ 2016-10-27T00:12:31+08:00 ] ::1 /jianghu/index.php/home/msg/getunreadnum
INFO: [ app_init ] --START--
INFO: Run Behavior\BuildLiteBehavior [ RunTime:0.000011s ]
INFO: [ app_init ] --END-- [ RunTime:0.000503s ]
INFO: [ app_begin ] --START--
INFO: Run Behavior\ReadHtmlCacheBehavior [ RunTime:0.000711s ]
INFO: [ app_begin ] --END-- [ RunTime:0.000753s ]
SQL: SHOW COLUMNS FROM `jianghu_user` [ RunTime:0.0477s ]
SQL: SELECT `unreadnum` FROM `jianghu_user` WHERE `id` = 4 LIMIT 1   [ RunTime:0.0006s ]

[ 2016-10-27T00:12:41+08:00 ] ::1 /jianghu/index.php/home/msg/getunreadnum
INFO: [ app_init ] --START--
INFO: Run Behavior\BuildLiteBehavior [ RunTime:0.000014s ]
INFO: [ app_init ] --END-- [ RunTime:0.000604s ]
INFO: [ app_begin ] --START--
INFO: Run Behavior\ReadHtmlCacheBehavior [ RunTime:0.000928s ]
INFO: [ app_begin ] --END-- [ RunTime:0.000992s ]
SQL: SHOW COLUMNS FROM `jianghu_user` [ RunTime:0.0053s ]
SQL: SELECT `unreadnum` FROM `jianghu_user` WHERE `id` = 4 LIMIT 1   [ RunTime:0.0003s ]

[ 2016-10-27T00:12:52+08:00 ] ::1 /jianghu/index.php/home/msg/getunreadnum
INFO: [ app_init ] --START--
INFO: Run Behavior\BuildLiteBehavior [ RunTime:0.000011s ]
INFO: [ app_init ] --END-- [ RunTime:0.000547s ]
INFO: [ app_begin ] --START--
INFO: Run Behavior\ReadHtmlCacheBehavior [ RunTime:0.000699s ]
INFO: [ app_begin ] --END-- [ RunTime:0.000766s ]
SQL: SHOW COLUMNS FROM `jianghu_user` [ RunTime:0.0050s ]
SQL: SELECT `unreadnum` FROM `jianghu_user` WHERE `id` = 4 LIMIT 1   [ RunTime:0.0003s ]

[ 2016-10-27T00:13:03+08:00 ] ::1 /jianghu/index.php/home/msg/getunreadnum
INFO: [ app_init ] --START--
INFO: Run Behavior\BuildLiteBehavior [ RunTime:0.000020s ]
INFO: [ app_init ] --END-- [ RunTime:0.000836s ]
INFO: [ app_begin ] --START--
INFO: Run Behavior\ReadHtmlCacheBehavior [ RunTime:0.000869s ]
INFO: [ app_begin ] --END-- [ RunTime:0.000937s ]
SQL: SHOW COLUMNS FROM `jianghu_user` [ RunTime:0.0041s ]
SQL: SELECT `unreadnum` FROM `jianghu_user` WHERE `id` = 4 LIMIT 1   [ RunTime:0.0003s ]

[ 2016-10-27T00:13:14+08:00 ] ::1 /jianghu/index.php/home/msg/getunreadnum
INFO: [ app_init ] --START--
INFO: Run Behavior\BuildLiteBehavior [ RunTime:0.000013s ]
INFO: [ app_init ] --END-- [ RunTime:0.000604s ]
INFO: [ app_begin ] --START--
INFO: Run Behavior\ReadHtmlCacheBehavior [ RunTime:0.000761s ]
INFO: [ app_begin ] --END-- [ RunTime:0.000816s ]
SQL: SHOW COLUMNS FROM `jianghu_user` [ RunTime:0.0035s ]
SQL: SELECT `unreadnum` FROM `jianghu_user` WHERE `id` = 4 LIMIT 1   [ RunTime:0.0003s ]

[ 2016-10-27T00:13:25+08:00 ] ::1 /jianghu/index.php/home/msg/getunreadnum
INFO: [ app_init ] --START--
INFO: Run Behavior\BuildLiteBehavior [ RunTime:0.000014s ]
INFO: [ app_init ] --END-- [ RunTime:0.000558s ]
INFO: [ app_begin ] --START--
INFO: Run Behavior\ReadHtmlCacheBehavior [ RunTime:0.001501s ]
INFO: [ app_begin ] --END-- [ RunTime:0.001583s ]
SQL: SHOW COLUMNS FROM `jianghu_user` [ RunTime:0.0035s ]
SQL: SELECT `unreadnum` FROM `jianghu_user` WHERE `id` = 4 LIMIT 1   [ RunTime:0.0003s ]

[ 2016-10-27T00:13:36+08:00 ] ::1 /jianghu/index.php/home/msg/getunreadnum
INFO: [ app_init ] --START--
INFO: Run Behavior\BuildLiteBehavior [ RunTime:0.000022s ]
INFO: [ app_init ] --END-- [ RunTime:0.000682s ]
INFO: [ app_begin ] --START--
INFO: Run Behavior\ReadHtmlCacheBehavior [ RunTime:0.000852s ]
INFO: [ app_begin ] --END-- [ RunTime:0.000929s ]
SQL: SHOW COLUMNS FROM `jianghu_user` [ RunTime:0.0047s ]
SQL: SELECT `unreadnum` FROM `jianghu_user` WHERE `id` = 4 LIMIT 1   [ RunTime:0.0004s ]

[ 2016-10-27T00:13:47+08:00 ] ::1 /jianghu/index.php/home/msg/getunreadnum
INFO: [ app_init ] --START--
INFO: Run Behavior\BuildLiteBehavior [ RunTime:0.000014s ]
INFO: [ app_init ] --END-- [ RunTime:0.000619s ]
INFO: [ app_begin ] --START--
INFO: Run Behavior\ReadHtmlCacheBehavior [ RunTime:0.000825s ]
INFO: [ app_begin ] --END-- [ RunTime:0.000884s ]
SQL: SHOW COLUMNS FROM `jianghu_user` [ RunTime:0.0055s ]
SQL: SELECT `unreadnum` FROM `jianghu_user` WHERE `id` = 4 LIMIT 1   [ RunTime:0.0003s ]

[ 2016-10-27T00:13:58+08:00 ] ::1 /jianghu/index.php/home/msg/getunreadnum
INFO: [ app_init ] --START--
INFO: Run Behavior\BuildLiteBehavior [ RunTime:0.000015s ]
INFO: [ app_init ] --END-- [ RunTime:0.000660s ]
INFO: [ app_begin ] --START--
INFO: Run Behavior\ReadHtmlCacheBehavior [ RunTime:0.000735s ]
INFO: [ app_begin ] --END-- [ RunTime:0.000781s ]
SQL: SHOW COLUMNS FROM `jianghu_user` [ RunTime:0.0050s ]
SQL: SELECT `unreadnum` FROM `jianghu_user` WHERE `id` = 4 LIMIT 1   [ RunTime:0.0003s ]

[ 2016-10-27T00:14:09+08:00 ] ::1 /jianghu/index.php/home/msg/getunreadnum
INFO: [ app_init ] --START--
INFO: Run Behavior\BuildLiteBehavior [ RunTime:0.000017s ]
INFO: [ app_init ] --END-- [ RunTime:0.000604s ]
INFO: [ app_begin ] --START--
INFO: Run Behavior\ReadHtmlCacheBehavior [ RunTime:0.000767s ]
INFO: [ app_begin ] --END-- [ RunTime:0.000833s ]
SQL: SHOW COLUMNS FROM `jianghu_user` [ RunTime:0.0067s ]
SQL: SELECT `unreadnum` FROM `jianghu_user` WHERE `id` = 4 LIMIT 1   [ RunTime:0.0004s ]

[ 2016-10-27T00:14:20+08:00 ] ::1 /jianghu/index.php/home/msg/getunreadnum
INFO: [ app_init ] --START--
INFO: Run Behavior\BuildLiteBehavior [ RunTime:0.000011s ]
INFO: [ app_init ] --END-- [ RunTime:0.000447s ]
INFO: [ app_begin ] --START--
INFO: Run Behavior\ReadHtmlCacheBehavior [ RunTime:0.000696s ]
INFO: [ app_begin ] --END-- [ RunTime:0.000739s ]
SQL: SHOW COLUMNS FROM `jianghu_user` [ RunTime:0.0122s ]
SQL: SELECT `unreadnum` FROM `jianghu_user` WHERE `id` = 4 LIMIT 1   [ RunTime:0.0004s ]

[ 2016-10-27T00:14:31+08:00 ] ::1 /jianghu/index.php/home/msg/getunreadnum
INFO: [ app_init ] --START--
INFO: Run Behavior\BuildLiteBehavior [ RunTime:0.000012s ]
INFO: [ app_init ] --END-- [ RunTime:0.000447s ]
INFO: [ app_begin ] --START--
INFO: Run Behavior\ReadHtmlCacheBehavior [ RunTime:0.000606s ]
INFO: [ app_begin ] --END-- [ RunTime:0.000655s ]
SQL: SHOW COLUMNS FROM `jianghu_user` [ RunTime:0.0047s ]
SQL: SELECT `unreadnum` FROM `jianghu_user` WHERE `id` = 4 LIMIT 1   [ RunTime:0.0003s ]

[ 2016-10-27T00:14:42+08:00 ] ::1 /jianghu/index.php/home/msg/getunreadnum
INFO: [ app_init ] --START--
INFO: Run Behavior\BuildLiteBehavior [ RunTime:0.000017s ]
INFO: [ app_init ] --END-- [ RunTime:0.000649s ]
INFO: [ app_begin ] --START--
INFO: Run Behavior\ReadHtmlCacheBehavior [ RunTime:0.001025s ]
INFO: [ app_begin ] --END-- [ RunTime:0.001156s ]
SQL: SHOW COLUMNS FROM `jianghu_user` [ RunTime:0.0054s ]
SQL: SELECT `unreadnum` FROM `jianghu_user` WHERE `id` = 4 LIMIT 1   [ RunTime:0.0003s ]

[ 2016-10-27T00:14:53+08:00 ] ::1 /jianghu/index.php/home/msg/getunreadnum
INFO: [ app_init ] --START--
INFO: Run Behavior\BuildLiteBehavior [ RunTime:0.000012s ]
INFO: [ app_init ] --END-- [ RunTime:0.000519s ]
INFO: [ app_begin ] --START--
INFO: Run Behavior\ReadHtmlCacheBehavior [ RunTime:0.000973s ]
INFO: [ app_begin ] --END-- [ RunTime:0.001071s ]
SQL: SHOW COLUMNS FROM `jianghu_user` [ RunTime:0.0052s ]
SQL: SELECT `unreadnum` FROM `jianghu_user` WHERE `id` = 4 LIMIT 1   [ RunTime:0.0003s ]

[ 2016-10-27T00:15:04+08:00 ] ::1 /jianghu/index.php/home/msg/getunreadnum
INFO: [ app_init ] --START--
INFO: Run Behavior\BuildLiteBehavior [ RunTime:0.000011s ]
INFO: [ app_init ] --END-- [ RunTime:0.000530s ]
INFO: [ app_begin ] --START--
INFO: Run Behavior\ReadHtmlCacheBehavior [ RunTime:0.000676s ]
INFO: [ app_begin ] --END-- [ RunTime:0.000722s ]
SQL: SHOW COLUMNS FROM `jianghu_user` [ RunTime:0.0047s ]
SQL: SELECT `unreadnum` FROM `jianghu_user` WHERE `id` = 4 LIMIT 1   [ RunTime:0.0003s ]

[ 2016-10-27T00:15:15+08:00 ] ::1 /jianghu/index.php/home/msg/getunreadnum
INFO: [ app_init ] --START--
INFO: Run Behavior\BuildLiteBehavior [ RunTime:0.000034s ]
INFO: [ app_init ] --END-- [ RunTime:0.000970s ]
INFO: [ app_begin ] --START--
INFO: Run Behavior\ReadHtmlCacheBehavior [ RunTime:0.000724s ]
INFO: [ app_begin ] --END-- [ RunTime:0.000776s ]
SQL: SHOW COLUMNS FROM `jianghu_user` [ RunTime:0.0150s ]
SQL: SELECT `unreadnum` FROM `jianghu_user` WHERE `id` = 4 LIMIT 1   [ RunTime:0.0004s ]

[ 2016-10-27T00:15:26+08:00 ] ::1 /jianghu/index.php/home/msg/getunreadnum
INFO: [ app_init ] --START--
INFO: Run Behavior\BuildLiteBehavior [ RunTime:0.000011s ]
INFO: [ app_init ] --END-- [ RunTime:0.000512s ]
INFO: [ app_begin ] --START--
INFO: Run Behavior\ReadHtmlCacheBehavior [ RunTime:0.000741s ]
INFO: [ app_begin ] --END-- [ RunTime:0.000787s ]
SQL: SHOW COLUMNS FROM `jianghu_user` [ RunTime:0.0049s ]
SQL: SELECT `unreadnum` FROM `jianghu_user` WHERE `id` = 4 LIMIT 1   [ RunTime:0.0003s ]

[ 2016-10-27T00:15:37+08:00 ] ::1 /jianghu/index.php/home/msg/getunreadnum
INFO: [ app_init ] --START--
INFO: Run Behavior\BuildLiteBehavior [ RunTime:0.000013s ]
INFO: [ app_init ] --END-- [ RunTime:0.000517s ]
INFO: [ app_begin ] --START--
INFO: Run Behavior\ReadHtmlCacheBehavior [ RunTime:0.000791s ]
INFO: [ app_begin ] --END-- [ RunTime:0.000836s ]
SQL: SHOW COLUMNS FROM `jianghu_user` [ RunTime:0.0049s ]
SQL: SELECT `unreadnum` FROM `jianghu_user` WHERE `id` = 4 LIMIT 1   [ RunTime:0.0005s ]

[ 2016-10-27T00:15:48+08:00 ] ::1 /jianghu/index.php/home/msg/getunreadnum
INFO: [ app_init ] --START--
INFO: Run Behavior\BuildLiteBehavior [ RunTime:0.000019s ]
INFO: [ app_init ] --END-- [ RunTime:0.000669s ]
INFO: [ app_begin ] --START--
INFO: Run Behavior\ReadHtmlCacheBehavior [ RunTime:0.000774s ]
INFO: [ app_begin ] --END-- [ RunTime:0.000840s ]
SQL: SHOW COLUMNS FROM `jianghu_user` [ RunTime:0.0056s ]
SQL: SELECT `unreadnum` FROM `jianghu_user` WHERE `id` = 4 LIMIT 1   [ RunTime:0.0003s ]

[ 2016-10-27T00:15:59+08:00 ] ::1 /jianghu/index.php/home/msg/getunreadnum
INFO: [ app_init ] --START--
INFO: Run Behavior\BuildLiteBehavior [ RunTime:0.000011s ]
INFO: [ app_init ] --END-- [ RunTime:0.000510s ]
INFO: [ app_begin ] --START--
INFO: Run Behavior\ReadHtmlCacheBehavior [ RunTime:0.000684s ]
INFO: [ app_begin ] --END-- [ RunTime:0.000730s ]
SQL: SHOW COLUMNS FROM `jianghu_user` [ RunTime:0.0071s ]
SQL: SELECT `unreadnum` FROM `jianghu_user` WHERE `id` = 4 LIMIT 1   [ RunTime:0.0003s ]

[ 2016-10-27T00:16:10+08:00 ] ::1 /jianghu/index.php/home/msg/getunreadnum
INFO: [ app_init ] --START--
INFO: Run Behavior\BuildLiteBehavior [ RunTime:0.000011s ]
INFO: [ app_init ] --END-- [ RunTime:0.000496s ]
INFO: [ app_begin ] --START--
INFO: Run Behavior\ReadHtmlCacheBehavior [ RunTime:0.001062s ]
INFO: [ app_begin ] --END-- [ RunTime:0.001187s ]
SQL: SHOW COLUMNS FROM `jianghu_user` [ RunTime:0.0035s ]
SQL: SELECT `unreadnum` FROM `jianghu_user` WHERE `id` = 4 LIMIT 1   [ RunTime:0.0003s ]

[ 2016-10-27T00:16:21+08:00 ] ::1 /jianghu/index.php/home/msg/getunreadnum
INFO: [ app_init ] --START--
INFO: Run Behavior\BuildLiteBehavior [ RunTime:0.000027s ]
INFO: [ app_init ] --END-- [ RunTime:0.000840s ]
INFO: [ app_begin ] --START--
INFO: Run Behavior\ReadHtmlCacheBehavior [ RunTime:0.000861s ]
INFO: [ app_begin ] --END-- [ RunTime:0.000932s ]
SQL: SHOW COLUMNS FROM `jianghu_user` [ RunTime:0.0041s ]
SQL: SELECT `unreadnum` FROM `jianghu_user` WHERE `id` = 4 LIMIT 1   [ RunTime:0.0003s ]

[ 2016-10-27T00:16:32+08:00 ] ::1 /jianghu/index.php/home/msg/getunreadnum
INFO: [ app_init ] --START--
INFO: Run Behavior\BuildLiteBehavior [ RunTime:0.000020s ]
INFO: [ app_init ] --END-- [ RunTime:0.000732s ]
INFO: [ app_begin ] --START--
INFO: Run Behavior\ReadHtmlCacheBehavior [ RunTime:0.000674s ]
INFO: [ app_begin ] --END-- [ RunTime:0.000732s ]
SQL: SHOW COLUMNS FROM `jianghu_user` [ RunTime:0.0039s ]
SQL: SELECT `unreadnum` FROM `jianghu_user` WHERE `id` = 4 LIMIT 1   [ RunTime:0.0010s ]

[ 2016-10-27T00:16:43+08:00 ] ::1 /jianghu/index.php/home/msg/getunreadnum
INFO: [ app_init ] --START--
INFO: Run Behavior\BuildLiteBehavior [ RunTime:0.000013s ]
INFO: [ app_init ] --END-- [ RunTime:0.000481s ]
INFO: [ app_begin ] --START--
INFO: Run Behavior\ReadHtmlCacheBehavior [ RunTime:0.001060s ]
INFO: [ app_begin ] --END-- [ RunTime:0.001134s ]
SQL: SHOW COLUMNS FROM `jianghu_user` [ RunTime:0.0068s ]
SQL: SELECT `unreadnum` FROM `jianghu_user` WHERE `id` = 4 LIMIT 1   [ RunTime:0.0004s ]

[ 2016-10-27T00:16:54+08:00 ] ::1 /jianghu/index.php/home/msg/getunreadnum
INFO: [ app_init ] --START--
INFO: Run Behavior\BuildLiteBehavior [ RunTime:0.000012s ]
INFO: [ app_init ] --END-- [ RunTime:0.000534s ]
INFO: [ app_begin ] --START--
INFO: Run Behavior\ReadHtmlCacheBehavior [ RunTime:0.000806s ]
INFO: [ app_begin ] --END-- [ RunTime:0.000855s ]
SQL: SHOW COLUMNS FROM `jianghu_user` [ RunTime:0.0292s ]
SQL: SELECT `unreadnum` FROM `jianghu_user` WHERE `id` = 4 LIMIT 1   [ RunTime:0.0004s ]

[ 2016-10-27T00:17:05+08:00 ] ::1 /jianghu/index.php/home/msg/getunreadnum
INFO: [ app_init ] --START--
INFO: Run Behavior\BuildLiteBehavior [ RunTime:0.000012s ]
INFO: [ app_init ] --END-- [ RunTime:0.000552s ]
INFO: [ app_begin ] --START--
INFO: Run Behavior\ReadHtmlCacheBehavior [ RunTime:0.000623s ]
INFO: [ app_begin ] --END-- [ RunTime:0.000669s ]
SQL: SHOW COLUMNS FROM `jianghu_user` [ RunTime:0.0042s ]
SQL: SELECT `unreadnum` FROM `jianghu_user` WHERE `id` = 4 LIMIT 1   [ RunTime:0.0003s ]

[ 2016-10-27T00:17:16+08:00 ] ::1 /jianghu/index.php/home/msg/getunreadnum
INFO: [ app_init ] --START--
INFO: Run Behavior\BuildLiteBehavior [ RunTime:0.000018s ]
INFO: [ app_init ] --END-- [ RunTime:0.000823s ]
INFO: [ app_begin ] --START--
INFO: Run Behavior\ReadHtmlCacheBehavior [ RunTime:0.000838s ]
INFO: [ app_begin ] --END-- [ RunTime:0.000907s ]
SQL: SHOW COLUMNS FROM `jianghu_user` [ RunTime:0.0059s ]
SQL: SELECT `unreadnum` FROM `jianghu_user` WHERE `id` = 4 LIMIT 1   [ RunTime:0.0003s ]

[ 2016-10-27T00:17:27+08:00 ] ::1 /jianghu/index.php/home/msg/getunreadnum
INFO: [ app_init ] --START--
INFO: Run Behavior\BuildLiteBehavior [ RunTime:0.000023s ]
INFO: [ app_init ] --END-- [ RunTime:0.000814s ]
INFO: [ app_begin ] --START--
INFO: Run Behavior\ReadHtmlCacheBehavior [ RunTime:0.000874s ]
INFO: [ app_begin ] --END-- [ RunTime:0.000937s ]
SQL: SHOW COLUMNS FROM `jianghu_user` [ RunTime:0.0049s ]
SQL: SELECT `unreadnum` FROM `jianghu_user` WHERE `id` = 4 LIMIT 1   [ RunTime:0.0003s ]

[ 2016-10-27T00:17:38+08:00 ] ::1 /jianghu/index.php/home/msg/getunreadnum
INFO: [ app_init ] --START--
INFO: Run Behavior\BuildLiteBehavior [ RunTime:0.000020s ]
INFO: [ app_init ] --END-- [ RunTime:0.000783s ]
INFO: [ app_begin ] --START--
INFO: Run Behavior\ReadHtmlCacheBehavior [ RunTime:0.000743s ]
INFO: [ app_begin ] --END-- [ RunTime:0.000810s ]
SQL: SHOW COLUMNS FROM `jianghu_user` [ RunTime:0.0034s ]
SQL: SELECT `unreadnum` FROM `jianghu_user` WHERE `id` = 4 LIMIT 1   [ RunTime:0.0003s ]

[ 2016-10-27T00:17:49+08:00 ] ::1 /jianghu/index.php/home/msg/getunreadnum
INFO: [ app_init ] --START--
INFO: Run Behavior\BuildLiteBehavior [ RunTime:0.000015s ]
INFO: [ app_init ] --END-- [ RunTime:0.000590s ]
INFO: [ app_begin ] --START--
INFO: Run Behavior\ReadHtmlCacheBehavior [ RunTime:0.000870s ]
INFO: [ app_begin ] --END-- [ RunTime:0.000974s ]
SQL: SHOW COLUMNS FROM `jianghu_user` [ RunTime:0.0036s ]
SQL: SELECT `unreadnum` FROM `jianghu_user` WHERE `id` = 4 LIMIT 1   [ RunTime:0.0004s ]

[ 2016-10-27T00:18:00+08:00 ] ::1 /jianghu/index.php/home/msg/getunreadnum
INFO: [ app_init ] --START--
INFO: Run Behavior\BuildLiteBehavior [ RunTime:0.000014s ]
INFO: [ app_init ] --END-- [ RunTime:0.000572s ]
INFO: [ app_begin ] --START--
INFO: Run Behavior\ReadHtmlCacheBehavior [ RunTime:0.000725s ]
INFO: [ app_begin ] --END-- [ RunTime:0.000773s ]
SQL: SHOW COLUMNS FROM `jianghu_user` [ RunTime:0.0034s ]
SQL: SELECT `unreadnum` FROM `jianghu_user` WHERE `id` = 4 LIMIT 1   [ RunTime:0.0003s ]

[ 2016-10-27T00:18:11+08:00 ] ::1 /jianghu/index.php/home/msg/getunreadnum
INFO: [ app_init ] --START--
INFO: Run Behavior\BuildLiteBehavior [ RunTime:0.000013s ]
INFO: [ app_init ] --END-- [ RunTime:0.000570s ]
INFO: [ app_begin ] --START--
INFO: Run Behavior\ReadHtmlCacheBehavior [ RunTime:0.000894s ]
INFO: [ app_begin ] --END-- [ RunTime:0.000962s ]
SQL: SHOW COLUMNS FROM `jianghu_user` [ RunTime:0.0043s ]
SQL: SELECT `unreadnum` FROM `jianghu_user` WHERE `id` = 4 LIMIT 1   [ RunTime:0.0003s ]

[ 2016-10-27T00:18:22+08:00 ] ::1 /jianghu/index.php/home/msg/getunreadnum
INFO: [ app_init ] --START--
INFO: Run Behavior\BuildLiteBehavior [ RunTime:0.000011s ]
INFO: [ app_init ] --END-- [ RunTime:0.000500s ]
INFO: [ app_begin ] --START--
INFO: Run Behavior\ReadHtmlCacheBehavior [ RunTime:0.000716s ]
INFO: [ app_begin ] --END-- [ RunTime:0.000760s ]
SQL: SHOW COLUMNS FROM `jianghu_user` [ RunTime:0.0035s ]
SQL: SELECT `unreadnum` FROM `jianghu_user` WHERE `id` = 4 LIMIT 1   [ RunTime:0.0003s ]

[ 2016-10-27T00:18:33+08:00 ] ::1 /jianghu/index.php/home/msg/getunreadnum
INFO: [ app_init ] --START--
INFO: Run Behavior\BuildLiteBehavior [ RunTime:0.000015s ]
INFO: [ app_init ] --END-- [ RunTime:0.000537s ]
INFO: [ app_begin ] --START--
INFO: Run Behavior\ReadHtmlCacheBehavior [ RunTime:0.000815s ]
INFO: [ app_begin ] --END-- [ RunTime:0.000868s ]
SQL: SHOW COLUMNS FROM `jianghu_user` [ RunTime:0.0053s ]
SQL: SELECT `unreadnum` FROM `jianghu_user` WHERE `id` = 4 LIMIT 1   [ RunTime:0.0003s ]

[ 2016-10-27T00:18:44+08:00 ] ::1 /jianghu/index.php/home/msg/getunreadnum
INFO: [ app_init ] --START--
INFO: Run Behavior\BuildLiteBehavior [ RunTime:0.000012s ]
INFO: [ app_init ] --END-- [ RunTime:0.000513s ]
INFO: [ app_begin ] --START--
INFO: Run Behavior\ReadHtmlCacheBehavior [ RunTime:0.000752s ]
INFO: [ app_begin ] --END-- [ RunTime:0.000802s ]
SQL: SHOW COLUMNS FROM `jianghu_user` [ RunTime:0.0049s ]
SQL: SELECT `unreadnum` FROM `jianghu_user` WHERE `id` = 4 LIMIT 1   [ RunTime:0.0003s ]

[ 2016-10-27T00:18:55+08:00 ] ::1 /jianghu/index.php/home/msg/getunreadnum
INFO: [ app_init ] --START--
INFO: Run Behavior\BuildLiteBehavior [ RunTime:0.000011s ]
INFO: [ app_init ] --END-- [ RunTime:0.000527s ]
INFO: [ app_begin ] --START--
INFO: Run Behavior\ReadHtmlCacheBehavior [ RunTime:0.000821s ]
INFO: [ app_begin ] --END-- [ RunTime:0.000874s ]
SQL: SHOW COLUMNS FROM `jianghu_user` [ RunTime:0.0052s ]
SQL: SELECT `unreadnum` FROM `jianghu_user` WHERE `id` = 4 LIMIT 1   [ RunTime:0.0004s ]

[ 2016-10-27T00:19:06+08:00 ] ::1 /jianghu/index.php/home/msg/getunreadnum
INFO: [ app_init ] --START--
INFO: Run Behavior\BuildLiteBehavior [ RunTime:0.000011s ]
INFO: [ app_init ] --END-- [ RunTime:0.000571s ]
INFO: [ app_begin ] --START--
INFO: Run Behavior\ReadHtmlCacheBehavior [ RunTime:0.000609s ]
INFO: [ app_begin ] --END-- [ RunTime:0.000652s ]
SQL: SHOW COLUMNS FROM `jianghu_user` [ RunTime:0.0048s ]
SQL: SELECT `unreadnum` FROM `jianghu_user` WHERE `id` = 4 LIMIT 1   [ RunTime:0.0003s ]

[ 2016-10-27T00:19:17+08:00 ] ::1 /jianghu/index.php/home/msg/getunreadnum
INFO: [ app_init ] --START--
INFO: Run Behavior\BuildLiteBehavior [ RunTime:0.000012s ]
INFO: [ app_init ] --END-- [ RunTime:0.000519s ]
INFO: [ app_begin ] --START--
INFO: Run Behavior\ReadHtmlCacheBehavior [ RunTime:0.000696s ]
INFO: [ app_begin ] --END-- [ RunTime:0.000741s ]
SQL: SHOW COLUMNS FROM `jianghu_user` [ RunTime:0.0165s ]
SQL: SELECT `unreadnum` FROM `jianghu_user` WHERE `id` = 4 LIMIT 1   [ RunTime:0.0003s ]

[ 2016-10-27T00:19:28+08:00 ] ::1 /jianghu/index.php/home/msg/getunreadnum
INFO: [ app_init ] --START--
INFO: Run Behavior\BuildLiteBehavior [ RunTime:0.000015s ]
INFO: [ app_init ] --END-- [ RunTime:0.000535s ]
INFO: [ app_begin ] --START--
INFO: Run Behavior\ReadHtmlCacheBehavior [ RunTime:0.000968s ]
INFO: [ app_begin ] --END-- [ RunTime:0.001110s ]
SQL: SHOW COLUMNS FROM `jianghu_user` [ RunTime:0.0093s ]
SQL: SELECT `unreadnum` FROM `jianghu_user` WHERE `id` = 4 LIMIT 1   [ RunTime:0.0004s ]

[ 2016-10-27T00:19:39+08:00 ] ::1 /jianghu/index.php/home/msg/getunreadnum
INFO: [ app_init ] --START--
INFO: Run Behavior\BuildLiteBehavior [ RunTime:0.000015s ]
INFO: [ app_init ] --END-- [ RunTime:0.000533s ]
INFO: [ app_begin ] --START--
INFO: Run Behavior\ReadHtmlCacheBehavior [ RunTime:0.001603s ]
INFO: [ app_begin ] --END-- [ RunTime:0.001705s ]
SQL: SHOW COLUMNS FROM `jianghu_user` [ RunTime:0.0074s ]
SQL: SELECT `unreadnum` FROM `jianghu_user` WHERE `id` = 4 LIMIT 1   [ RunTime:0.0004s ]

[ 2016-10-27T00:19:50+08:00 ] ::1 /jianghu/index.php/home/msg/getunreadnum
INFO: [ app_init ] --START--
INFO: Run Behavior\BuildLiteBehavior [ RunTime:0.000013s ]
INFO: [ app_init ] --END-- [ RunTime:0.000676s ]
INFO: [ app_begin ] --START--
INFO: Run Behavior\ReadHtmlCacheBehavior [ RunTime:0.000803s ]
INFO: [ app_begin ] --END-- [ RunTime:0.000859s ]
SQL: SHOW COLUMNS FROM `jianghu_user` [ RunTime:0.0050s ]
SQL: SELECT `unreadnum` FROM `jianghu_user` WHERE `id` = 4 LIMIT 1   [ RunTime:0.0003s ]

[ 2016-10-27T00:20:01+08:00 ] ::1 /jianghu/index.php/home/msg/getunreadnum
INFO: [ app_init ] --START--
INFO: Run Behavior\BuildLiteBehavior [ RunTime:0.000011s ]
INFO: [ app_init ] --END-- [ RunTime:0.000448s ]
INFO: [ app_begin ] --START--
INFO: Run Behavior\ReadHtmlCacheBehavior [ RunTime:0.001057s ]
INFO: [ app_begin ] --END-- [ RunTime:0.001128s ]
SQL: SHOW COLUMNS FROM `jianghu_user` [ RunTime:0.0064s ]
SQL: SELECT `unreadnum` FROM `jianghu_user` WHERE `id` = 4 LIMIT 1   [ RunTime:0.0003s ]

[ 2016-10-27T00:20:12+08:00 ] ::1 /jianghu/index.php/home/msg/getunreadnum
INFO: [ app_init ] --START--
INFO: Run Behavior\BuildLiteBehavior [ RunTime:0.000019s ]
INFO: [ app_init ] --END-- [ RunTime:0.000498s ]
INFO: [ app_begin ] --START--
INFO: Run Behavior\ReadHtmlCacheBehavior [ RunTime:0.000745s ]
INFO: [ app_begin ] --END-- [ RunTime:0.000800s ]
SQL: SHOW COLUMNS FROM `jianghu_user` [ RunTime:0.0049s ]
SQL: SELECT `unreadnum` FROM `jianghu_user` WHERE `id` = 4 LIMIT 1   [ RunTime:0.0003s ]

[ 2016-10-27T00:20:23+08:00 ] ::1 /jianghu/index.php/home/msg/getunreadnum
INFO: [ app_init ] --START--
INFO: Run Behavior\BuildLiteBehavior [ RunTime:0.000015s ]
INFO: [ app_init ] --END-- [ RunTime:0.000524s ]
INFO: [ app_begin ] --START--
INFO: Run Behavior\ReadHtmlCacheBehavior [ RunTime:0.000876s ]
INFO: [ app_begin ] --END-- [ RunTime:0.000934s ]
SQL: SHOW COLUMNS FROM `jianghu_user` [ RunTime:0.0040s ]
SQL: SELECT `unreadnum` FROM `jianghu_user` WHERE `id` = 4 LIMIT 1   [ RunTime:0.0003s ]

[ 2016-10-27T00:20:34+08:00 ] ::1 /jianghu/index.php/home/msg/getunreadnum
INFO: [ app_init ] --START--
INFO: Run Behavior\BuildLiteBehavior [ RunTime:0.000015s ]
INFO: [ app_init ] --END-- [ RunTime:0.000695s ]
INFO: [ app_begin ] --START--
INFO: Run Behavior\ReadHtmlCacheBehavior [ RunTime:0.000775s ]
INFO: [ app_begin ] --END-- [ RunTime:0.000819s ]
SQL: SHOW COLUMNS FROM `jianghu_user` [ RunTime:0.0044s ]
SQL: SELECT `unreadnum` FROM `jianghu_user` WHERE `id` = 4 LIMIT 1   [ RunTime:0.0004s ]

[ 2016-10-27T00:20:45+08:00 ] ::1 /jianghu/index.php/home/msg/getunreadnum
INFO: [ app_init ] --START--
INFO: Run Behavior\BuildLiteBehavior [ RunTime:0.000015s ]
INFO: [ app_init ] --END-- [ RunTime:0.000526s ]
INFO: [ app_begin ] --START--
INFO: Run Behavior\ReadHtmlCacheBehavior [ RunTime:0.000673s ]
INFO: [ app_begin ] --END-- [ RunTime:0.000742s ]
SQL: SHOW COLUMNS FROM `jianghu_user` [ RunTime:0.0056s ]
SQL: SELECT `unreadnum` FROM `jianghu_user` WHERE `id` = 4 LIMIT 1   [ RunTime:0.0003s ]

[ 2016-10-27T00:20:56+08:00 ] ::1 /jianghu/index.php/home/msg/getunreadnum
INFO: [ app_init ] --START--
INFO: Run Behavior\BuildLiteBehavior [ RunTime:0.000013s ]
INFO: [ app_init ] --END-- [ RunTime:0.000534s ]
INFO: [ app_begin ] --START--
INFO: Run Behavior\ReadHtmlCacheBehavior [ RunTime:0.000750s ]
INFO: [ app_begin ] --END-- [ RunTime:0.000814s ]
SQL: SHOW COLUMNS FROM `jianghu_user` [ RunTime:0.0035s ]
SQL: SELECT `unreadnum` FROM `jianghu_user` WHERE `id` = 4 LIMIT 1   [ RunTime:0.0003s ]

[ 2016-10-27T00:21:07+08:00 ] ::1 /jianghu/index.php/home/msg/getunreadnum
INFO: [ app_init ] --START--
INFO: Run Behavior\BuildLiteBehavior [ RunTime:0.000016s ]
INFO: [ app_init ] --END-- [ RunTime:0.000535s ]
INFO: [ app_begin ] --START--
INFO: Run Behavior\ReadHtmlCacheBehavior [ RunTime:0.000947s ]
INFO: [ app_begin ] --END-- [ RunTime:0.001030s ]
SQL: SHOW COLUMNS FROM `jianghu_user` [ RunTime:0.0049s ]
SQL: SELECT `unreadnum` FROM `jianghu_user` WHERE `id` = 4 LIMIT 1   [ RunTime:0.0004s ]

[ 2016-10-27T00:21:18+08:00 ] ::1 /jianghu/index.php/home/msg/getunreadnum
INFO: [ app_init ] --START--
INFO: Run Behavior\BuildLiteBehavior [ RunTime:0.000012s ]
INFO: [ app_init ] --END-- [ RunTime:0.000530s ]
INFO: [ app_begin ] --START--
INFO: Run Behavior\ReadHtmlCacheBehavior [ RunTime:0.000703s ]
INFO: [ app_begin ] --END-- [ RunTime:0.000766s ]
SQL: SHOW COLUMNS FROM `jianghu_user` [ RunTime:0.0042s ]
SQL: SELECT `unreadnum` FROM `jianghu_user` WHERE `id` = 4 LIMIT 1   [ RunTime:0.0003s ]

[ 2016-10-27T00:21:29+08:00 ] ::1 /jianghu/index.php/home/msg/getunreadnum
INFO: [ app_init ] --START--
INFO: Run Behavior\BuildLiteBehavior [ RunTime:0.000014s ]
INFO: [ app_init ] --END-- [ RunTime:0.000701s ]
INFO: [ app_begin ] --START--
INFO: Run Behavior\ReadHtmlCacheBehavior [ RunTime:0.001032s ]
INFO: [ app_begin ] --END-- [ RunTime:0.001113s ]
SQL: SHOW COLUMNS FROM `jianghu_user` [ RunTime:0.0041s ]
SQL: SELECT `unreadnum` FROM `jianghu_user` WHERE `id` = 4 LIMIT 1   [ RunTime:0.0003s ]

[ 2016-10-27T00:21:40+08:00 ] ::1 /jianghu/index.php/home/msg/getunreadnum
INFO: [ app_init ] --START--
INFO: Run Behavior\BuildLiteBehavior [ RunTime:0.000012s ]
INFO: [ app_init ] --END-- [ RunTime:0.000434s ]
INFO: [ app_begin ] --START--
INFO: Run Behavior\ReadHtmlCacheBehavior [ RunTime:0.000718s ]
INFO: [ app_begin ] --END-- [ RunTime:0.000767s ]
SQL: SHOW COLUMNS FROM `jianghu_user` [ RunTime:0.0032s ]
SQL: SELECT `unreadnum` FROM `jianghu_user` WHERE `id` = 4 LIMIT 1   [ RunTime:0.0002s ]

[ 2016-10-27T00:21:51+08:00 ] ::1 /jianghu/index.php/home/msg/getunreadnum
INFO: [ app_init ] --START--
INFO: Run Behavior\BuildLiteBehavior [ RunTime:0.000017s ]
INFO: [ app_init ] --END-- [ RunTime:0.000623s ]
INFO: [ app_begin ] --START--
INFO: Run Behavior\ReadHtmlCacheBehavior [ RunTime:0.000856s ]
INFO: [ app_begin ] --END-- [ RunTime:0.000915s ]
SQL: SHOW COLUMNS FROM `jianghu_user` [ RunTime:0.0160s ]
SQL: SELECT `unreadnum` FROM `jianghu_user` WHERE `id` = 4 LIMIT 1   [ RunTime:0.0003s ]

[ 2016-10-27T00:22:02+08:00 ] ::1 /jianghu/index.php/home/msg/getunreadnum
INFO: [ app_init ] --START--
INFO: Run Behavior\BuildLiteBehavior [ RunTime:0.000016s ]
INFO: [ app_init ] --END-- [ RunTime:0.000526s ]
INFO: [ app_begin ] --START--
INFO: Run Behavior\ReadHtmlCacheBehavior [ RunTime:0.000747s ]
INFO: [ app_begin ] --END-- [ RunTime:0.000802s ]
SQL: SHOW COLUMNS FROM `jianghu_user` [ RunTime:0.0037s ]
SQL: SELECT `unreadnum` FROM `jianghu_user` WHERE `id` = 4 LIMIT 1   [ RunTime:0.0003s ]

[ 2016-10-27T00:22:13+08:00 ] ::1 /jianghu/index.php/home/msg/getunreadnum
INFO: [ app_init ] --START--
INFO: Run Behavior\BuildLiteBehavior [ RunTime:0.000012s ]
INFO: [ app_init ] --END-- [ RunTime:0.000546s ]
INFO: [ app_begin ] --START--
INFO: Run Behavior\ReadHtmlCacheBehavior [ RunTime:0.000911s ]
INFO: [ app_begin ] --END-- [ RunTime:0.000976s ]
SQL: SHOW COLUMNS FROM `jianghu_user` [ RunTime:0.0041s ]
SQL: SELECT `unreadnum` FROM `jianghu_user` WHERE `id` = 4 LIMIT 1   [ RunTime:0.0003s ]

[ 2016-10-27T00:22:24+08:00 ] ::1 /jianghu/index.php/home/msg/getunreadnum
INFO: [ app_init ] --START--
INFO: Run Behavior\BuildLiteBehavior [ RunTime:0.000013s ]
INFO: [ app_init ] --END-- [ RunTime:0.000566s ]
INFO: [ app_begin ] --START--
INFO: Run Behavior\ReadHtmlCacheBehavior [ RunTime:0.000793s ]
INFO: [ app_begin ] --END-- [ RunTime:0.000841s ]
SQL: SHOW COLUMNS FROM `jianghu_user` [ RunTime:0.0053s ]
SQL: SELECT `unreadnum` FROM `jianghu_user` WHERE `id` = 4 LIMIT 1   [ RunTime:0.0003s ]

[ 2016-10-27T00:22:35+08:00 ] ::1 /jianghu/index.php/home/msg/getunreadnum
INFO: [ app_init ] --START--
INFO: Run Behavior\BuildLiteBehavior [ RunTime:0.000016s ]
INFO: [ app_init ] --END-- [ RunTime:0.000664s ]
INFO: [ app_begin ] --START--
INFO: Run Behavior\ReadHtmlCacheBehavior [ RunTime:0.000795s ]
INFO: [ app_begin ] --END-- [ RunTime:0.000842s ]
SQL: SHOW COLUMNS FROM `jianghu_user` [ RunTime:0.0059s ]
SQL: SELECT `unreadnum` FROM `jianghu_user` WHERE `id` = 4 LIMIT 1   [ RunTime:0.0003s ]

[ 2016-10-27T00:22:46+08:00 ] ::1 /jianghu/index.php/home/msg/getunreadnum
INFO: [ app_init ] --START--
INFO: Run Behavior\BuildLiteBehavior [ RunTime:0.000011s ]
INFO: [ app_init ] --END-- [ RunTime:0.000447s ]
INFO: [ app_begin ] --START--
INFO: Run Behavior\ReadHtmlCacheBehavior [ RunTime:0.001265s ]
INFO: [ app_begin ] --END-- [ RunTime:0.001354s ]
SQL: SHOW COLUMNS FROM `jianghu_user` [ RunTime:0.0049s ]
SQL: SELECT `unreadnum` FROM `jianghu_user` WHERE `id` = 4 LIMIT 1   [ RunTime:0.0003s ]

[ 2016-10-27T00:22:57+08:00 ] ::1 /jianghu/index.php/home/msg/getunreadnum
INFO: [ app_init ] --START--
INFO: Run Behavior\BuildLiteBehavior [ RunTime:0.000012s ]
INFO: [ app_init ] --END-- [ RunTime:0.000553s ]
INFO: [ app_begin ] --START--
INFO: Run Behavior\ReadHtmlCacheBehavior [ RunTime:0.000693s ]
INFO: [ app_begin ] --END-- [ RunTime:0.000742s ]
SQL: SHOW COLUMNS FROM `jianghu_user` [ RunTime:0.0382s ]
SQL: SELECT `unreadnum` FROM `jianghu_user` WHERE `id` = 4 LIMIT 1   [ RunTime:0.0006s ]

[ 2016-10-27T00:23:08+08:00 ] ::1 /jianghu/index.php/home/msg/getunreadnum
INFO: [ app_init ] --START--
INFO: Run Behavior\BuildLiteBehavior [ RunTime:0.000013s ]
INFO: [ app_init ] --END-- [ RunTime:0.000537s ]
INFO: [ app_begin ] --START--
INFO: Run Behavior\ReadHtmlCacheBehavior [ RunTime:0.000781s ]
INFO: [ app_begin ] --END-- [ RunTime:0.000827s ]
SQL: SHOW COLUMNS FROM `jianghu_user` [ RunTime:0.0046s ]
SQL: SELECT `unreadnum` FROM `jianghu_user` WHERE `id` = 4 LIMIT 1   [ RunTime:0.0003s ]

[ 2016-10-27T00:23:19+08:00 ] ::1 /jianghu/index.php/home/msg/getunreadnum
INFO: [ app_init ] --START--
INFO: Run Behavior\BuildLiteBehavior [ RunTime:0.000026s ]
INFO: [ app_init ] --END-- [ RunTime:0.000640s ]
INFO: [ app_begin ] --START--
INFO: Run Behavior\ReadHtmlCacheBehavior [ RunTime:0.000818s ]
INFO: [ app_begin ] --END-- [ RunTime:0.000886s ]
SQL: SHOW COLUMNS FROM `jianghu_user` [ RunTime:0.0108s ]
SQL: SELECT `unreadnum` FROM `jianghu_user` WHERE `id` = 4 LIMIT 1   [ RunTime:0.0003s ]

[ 2016-10-27T00:23:30+08:00 ] ::1 /jianghu/index.php/home/msg/getunreadnum
INFO: [ app_init ] --START--
INFO: Run Behavior\BuildLiteBehavior [ RunTime:0.000022s ]
INFO: [ app_init ] --END-- [ RunTime:0.000836s ]
INFO: [ app_begin ] --START--
INFO: Run Behavior\ReadHtmlCacheBehavior [ RunTime:0.000887s ]
INFO: [ app_begin ] --END-- [ RunTime:0.000946s ]
SQL: SHOW COLUMNS FROM `jianghu_user` [ RunTime:0.0067s ]
SQL: SELECT `unreadnum` FROM `jianghu_user` WHERE `id` = 4 LIMIT 1   [ RunTime:0.0003s ]

[ 2016-10-27T00:23:41+08:00 ] ::1 /jianghu/index.php/home/msg/getunreadnum
INFO: [ app_init ] --START--
INFO: Run Behavior\BuildLiteBehavior [ RunTime:0.000014s ]
INFO: [ app_init ] --END-- [ RunTime:0.000609s ]
INFO: [ app_begin ] --START--
INFO: Run Behavior\ReadHtmlCacheBehavior [ RunTime:0.000921s ]
INFO: [ app_begin ] --END-- [ RunTime:0.000978s ]
SQL: SHOW COLUMNS FROM `jianghu_user` [ RunTime:0.0033s ]
SQL: SELECT `unreadnum` FROM `jianghu_user` WHERE `id` = 4 LIMIT 1   [ RunTime:0.0003s ]

[ 2016-10-27T00:23:52+08:00 ] ::1 /jianghu/index.php/home/msg/getunreadnum
INFO: [ app_init ] --START--
INFO: Run Behavior\BuildLiteBehavior [ RunTime:0.000011s ]
INFO: [ app_init ] --END-- [ RunTime:0.000506s ]
INFO: [ app_begin ] --START--
INFO: Run Behavior\ReadHtmlCacheBehavior [ RunTime:0.001687s ]
INFO: [ app_begin ] --END-- [ RunTime:0.001833s ]
SQL: SHOW COLUMNS FROM `jianghu_user` [ RunTime:0.0039s ]
SQL: SELECT `unreadnum` FROM `jianghu_user` WHERE `id` = 4 LIMIT 1   [ RunTime:0.0003s ]

[ 2016-10-27T00:24:03+08:00 ] ::1 /jianghu/index.php/home/msg/getunreadnum
INFO: [ app_init ] --START--
INFO: Run Behavior\BuildLiteBehavior [ RunTime:0.000012s ]
INFO: [ app_init ] --END-- [ RunTime:0.000506s ]
INFO: [ app_begin ] --START--
INFO: Run Behavior\ReadHtmlCacheBehavior [ RunTime:0.001351s ]
INFO: [ app_begin ] --END-- [ RunTime:0.001517s ]
SQL: SHOW COLUMNS FROM `jianghu_user` [ RunTime:0.0058s ]
SQL: SELECT `unreadnum` FROM `jianghu_user` WHERE `id` = 4 LIMIT 1   [ RunTime:0.0004s ]

[ 2016-10-27T00:24:14+08:00 ] ::1 /jianghu/index.php/home/msg/getunreadnum
INFO: [ app_init ] --START--
INFO: Run Behavior\BuildLiteBehavior [ RunTime:0.000037s ]
INFO: [ app_init ] --END-- [ RunTime:0.000830s ]
INFO: [ app_begin ] --START--
INFO: Run Behavior\ReadHtmlCacheBehavior [ RunTime:0.000760s ]
INFO: [ app_begin ] --END-- [ RunTime:0.000811s ]
SQL: SHOW COLUMNS FROM `jianghu_user` [ RunTime:0.0055s ]
SQL: SELECT `unreadnum` FROM `jianghu_user` WHERE `id` = 4 LIMIT 1   [ RunTime:0.0003s ]

[ 2016-10-27T00:24:25+08:00 ] ::1 /jianghu/index.php/home/msg/getunreadnum
INFO: [ app_init ] --START--
INFO: Run Behavior\BuildLiteBehavior [ RunTime:0.000029s ]
INFO: [ app_init ] --END-- [ RunTime:0.000903s ]
INFO: [ app_begin ] --START--
INFO: Run Behavior\ReadHtmlCacheBehavior [ RunTime:0.000809s ]
INFO: [ app_begin ] --END-- [ RunTime:0.000857s ]
SQL: SHOW COLUMNS FROM `jianghu_user` [ RunTime:0.0032s ]
SQL: SELECT `unreadnum` FROM `jianghu_user` WHERE `id` = 4 LIMIT 1   [ RunTime:0.0003s ]

[ 2016-10-27T00:24:36+08:00 ] ::1 /jianghu/index.php/home/msg/getunreadnum
INFO: [ app_init ] --START--
INFO: Run Behavior\BuildLiteBehavior [ RunTime:0.000012s ]
INFO: [ app_init ] --END-- [ RunTime:0.000642s ]
INFO: [ app_begin ] --START--
INFO: Run Behavior\ReadHtmlCacheBehavior [ RunTime:0.001113s ]
INFO: [ app_begin ] --END-- [ RunTime:0.001200s ]
SQL: SHOW COLUMNS FROM `jianghu_user` [ RunTime:0.0062s ]
SQL: SELECT `unreadnum` FROM `jianghu_user` WHERE `id` = 4 LIMIT 1   [ RunTime:0.0005s ]

[ 2016-10-27T00:24:47+08:00 ] ::1 /jianghu/index.php/home/msg/getunreadnum
INFO: [ app_init ] --START--
INFO: Run Behavior\BuildLiteBehavior [ RunTime:0.000062s ]
INFO: [ app_init ] --END-- [ RunTime:0.000565s ]
INFO: [ app_begin ] --START--
INFO: Run Behavior\ReadHtmlCacheBehavior [ RunTime:0.000821s ]
INFO: [ app_begin ] --END-- [ RunTime:0.000890s ]
SQL: SHOW COLUMNS FROM `jianghu_user` [ RunTime:0.0047s ]
SQL: SELECT `unreadnum` FROM `jianghu_user` WHERE `id` = 4 LIMIT 1   [ RunTime:0.0003s ]

[ 2016-10-27T00:24:58+08:00 ] ::1 /jianghu/index.php/home/msg/getunreadnum
INFO: [ app_init ] --START--
INFO: Run Behavior\BuildLiteBehavior [ RunTime:0.000017s ]
INFO: [ app_init ] --END-- [ RunTime:0.000546s ]
INFO: [ app_begin ] --START--
INFO: Run Behavior\ReadHtmlCacheBehavior [ RunTime:0.000817s ]
INFO: [ app_begin ] --END-- [ RunTime:0.000889s ]
SQL: SHOW COLUMNS FROM `jianghu_user` [ RunTime:0.0048s ]
SQL: SELECT `unreadnum` FROM `jianghu_user` WHERE `id` = 4 LIMIT 1   [ RunTime:0.0003s ]

[ 2016-10-27T00:25:09+08:00 ] ::1 /jianghu/index.php/home/msg/getunreadnum
INFO: [ app_init ] --START--
INFO: Run Behavior\BuildLiteBehavior [ RunTime:0.000011s ]
INFO: [ app_init ] --END-- [ RunTime:0.000486s ]
INFO: [ app_begin ] --START--
INFO: Run Behavior\ReadHtmlCacheBehavior [ RunTime:0.000756s ]
INFO: [ app_begin ] --END-- [ RunTime:0.000799s ]
SQL: SHOW COLUMNS FROM `jianghu_user` [ RunTime:0.0049s ]
SQL: SELECT `unreadnum` FROM `jianghu_user` WHERE `id` = 4 LIMIT 1   [ RunTime:0.0003s ]

[ 2016-10-27T00:25:20+08:00 ] ::1 /jianghu/index.php/home/msg/getunreadnum
INFO: [ app_init ] --START--
INFO: Run Behavior\BuildLiteBehavior [ RunTime:0.000011s ]
INFO: [ app_init ] --END-- [ RunTime:0.000521s ]
INFO: [ app_begin ] --START--
INFO: Run Behavior\ReadHtmlCacheBehavior [ RunTime:0.000708s ]
INFO: [ app_begin ] --END-- [ RunTime:0.000766s ]
SQL: SHOW COLUMNS FROM `jianghu_user` [ RunTime:0.0049s ]
SQL: SELECT `unreadnum` FROM `jianghu_user` WHERE `id` = 4 LIMIT 1   [ RunTime:0.0003s ]

[ 2016-10-27T00:25:31+08:00 ] ::1 /jianghu/index.php/home/msg/getunreadnum
INFO: [ app_init ] --START--
INFO: Run Behavior\BuildLiteBehavior [ RunTime:0.000012s ]
INFO: [ app_init ] --END-- [ RunTime:0.000515s ]
INFO: [ app_begin ] --START--
INFO: Run Behavior\ReadHtmlCacheBehavior [ RunTime:0.000774s ]
INFO: [ app_begin ] --END-- [ RunTime:0.000821s ]
SQL: SHOW COLUMNS FROM `jianghu_user` [ RunTime:0.0033s ]
SQL: SELECT `unreadnum` FROM `jianghu_user` WHERE `id` = 4 LIMIT 1   [ RunTime:0.0003s ]

[ 2016-10-27T00:25:42+08:00 ] ::1 /jianghu/index.php/home/msg/getunreadnum
INFO: [ app_init ] --START--
INFO: Run Behavior\BuildLiteBehavior [ RunTime:0.000017s ]
INFO: [ app_init ] --END-- [ RunTime:0.000641s ]
INFO: [ app_begin ] --START--
INFO: Run Behavior\ReadHtmlCacheBehavior [ RunTime:0.000877s ]
INFO: [ app_begin ] --END-- [ RunTime:0.000941s ]
SQL: SHOW COLUMNS FROM `jianghu_user` [ RunTime:0.0037s ]
SQL: SELECT `unreadnum` FROM `jianghu_user` WHERE `id` = 4 LIMIT 1   [ RunTime:0.0004s ]

[ 2016-10-27T00:25:53+08:00 ] ::1 /jianghu/index.php/home/msg/getunreadnum
INFO: [ app_init ] --START--
INFO: Run Behavior\BuildLiteBehavior [ RunTime:0.000010s ]
INFO: [ app_init ] --END-- [ RunTime:0.000444s ]
INFO: [ app_begin ] --START--
INFO: Run Behavior\ReadHtmlCacheBehavior [ RunTime:0.000916s ]
INFO: [ app_begin ] --END-- [ RunTime:0.001028s ]
SQL: SHOW COLUMNS FROM `jianghu_user` [ RunTime:0.0045s ]
SQL: SELECT `unreadnum` FROM `jianghu_user` WHERE `id` = 4 LIMIT 1   [ RunTime:0.0003s ]

[ 2016-10-27T00:26:04+08:00 ] ::1 /jianghu/index.php/home/msg/getunreadnum
INFO: [ app_init ] --START--
INFO: Run Behavior\BuildLiteBehavior [ RunTime:0.000011s ]
INFO: [ app_init ] --END-- [ RunTime:0.000486s ]
INFO: [ app_begin ] --START--
INFO: Run Behavior\ReadHtmlCacheBehavior [ RunTime:0.000840s ]
INFO: [ app_begin ] --END-- [ RunTime:0.000884s ]
SQL: SHOW COLUMNS FROM `jianghu_user` [ RunTime:0.0050s ]
SQL: SELECT `unreadnum` FROM `jianghu_user` WHERE `id` = 4 LIMIT 1   [ RunTime:0.0003s ]

[ 2016-10-27T00:26:15+08:00 ] ::1 /jianghu/index.php/home/msg/getunreadnum
INFO: [ app_init ] --START--
INFO: Run Behavior\BuildLiteBehavior [ RunTime:0.000015s ]
INFO: [ app_init ] --END-- [ RunTime:0.000441s ]
INFO: [ app_begin ] --START--
INFO: Run Behavior\ReadHtmlCacheBehavior [ RunTime:0.001021s ]
INFO: [ app_begin ] --END-- [ RunTime:0.001092s ]
SQL: SHOW COLUMNS FROM `jianghu_user` [ RunTime:0.0052s ]
SQL: SELECT `unreadnum` FROM `jianghu_user` WHERE `id` = 4 LIMIT 1   [ RunTime:0.0003s ]

[ 2016-10-27T00:26:26+08:00 ] ::1 /jianghu/index.php/home/msg/getunreadnum
INFO: [ app_init ] --START--
INFO: Run Behavior\BuildLiteBehavior [ RunTime:0.000020s ]
INFO: [ app_init ] --END-- [ RunTime:0.000591s ]
INFO: [ app_begin ] --START--
INFO: Run Behavior\ReadHtmlCacheBehavior [ RunTime:0.000814s ]
INFO: [ app_begin ] --END-- [ RunTime:0.000898s ]
SQL: SHOW COLUMNS FROM `jianghu_user` [ RunTime:0.0037s ]
SQL: SELECT `unreadnum` FROM `jianghu_user` WHERE `id` = 4 LIMIT 1   [ RunTime:0.0003s ]

[ 2016-10-27T00:26:37+08:00 ] ::1 /jianghu/index.php/home/msg/getunreadnum
INFO: [ app_init ] --START--
INFO: Run Behavior\BuildLiteBehavior [ RunTime:0.000019s ]
INFO: [ app_init ] --END-- [ RunTime:0.000684s ]
INFO: [ app_begin ] --START--
INFO: Run Behavior\ReadHtmlCacheBehavior [ RunTime:0.000765s ]
INFO: [ app_begin ] --END-- [ RunTime:0.000818s ]
SQL: SHOW COLUMNS FROM `jianghu_user` [ RunTime:0.0040s ]
SQL: SELECT `unreadnum` FROM `jianghu_user` WHERE `id` = 4 LIMIT 1   [ RunTime:0.0004s ]

[ 2016-10-27T00:26:48+08:00 ] ::1 /jianghu/index.php/home/msg/getunreadnum
INFO: [ app_init ] --START--
INFO: Run Behavior\BuildLiteBehavior [ RunTime:0.000014s ]
INFO: [ app_init ] --END-- [ RunTime:0.000552s ]
INFO: [ app_begin ] --START--
INFO: Run Behavior\ReadHtmlCacheBehavior [ RunTime:0.000854s ]
INFO: [ app_begin ] --END-- [ RunTime:0.000906s ]
SQL: SHOW COLUMNS FROM `jianghu_user` [ RunTime:0.0036s ]
SQL: SELECT `unreadnum` FROM `jianghu_user` WHERE `id` = 4 LIMIT 1   [ RunTime:0.0003s ]

[ 2016-10-27T00:26:59+08:00 ] ::1 /jianghu/index.php/home/msg/getunreadnum
INFO: [ app_init ] --START--
INFO: Run Behavior\BuildLiteBehavior [ RunTime:0.000010s ]
INFO: [ app_init ] --END-- [ RunTime:0.000505s ]
INFO: [ app_begin ] --START--
INFO: Run Behavior\ReadHtmlCacheBehavior [ RunTime:0.000722s ]
INFO: [ app_begin ] --END-- [ RunTime:0.000781s ]
SQL: SHOW COLUMNS FROM `jianghu_user` [ RunTime:0.0047s ]
SQL: SELECT `unreadnum` FROM `jianghu_user` WHERE `id` = 4 LIMIT 1   [ RunTime:0.0003s ]

[ 2016-10-27T00:27:11+08:00 ] ::1 /jianghu/index.php/home/msg/getunreadnum
INFO: [ app_init ] --START--
INFO: Run Behavior\BuildLiteBehavior [ RunTime:0.000027s ]
INFO: [ app_init ] --END-- [ RunTime:0.000938s ]
INFO: [ app_begin ] --START--
INFO: Run Behavior\ReadHtmlCacheBehavior [ RunTime:0.001262s ]
INFO: [ app_begin ] --END-- [ RunTime:0.001352s ]
SQL: SHOW COLUMNS FROM `jianghu_user` [ RunTime:0.0054s ]
SQL: SELECT `unreadnum` FROM `jianghu_user` WHERE `id` = 4 LIMIT 1   [ RunTime:0.0005s ]

[ 2016-10-27T00:27:21+08:00 ] ::1 /jianghu/index.php/home/msg/getunreadnum
INFO: [ app_init ] --START--
INFO: Run Behavior\BuildLiteBehavior [ RunTime:0.000022s ]
INFO: [ app_init ] --END-- [ RunTime:0.000685s ]
INFO: [ app_begin ] --START--
INFO: Run Behavior\ReadHtmlCacheBehavior [ RunTime:0.000757s ]
INFO: [ app_begin ] --END-- [ RunTime:0.000823s ]
SQL: SHOW COLUMNS FROM `jianghu_user` [ RunTime:0.0043s ]
SQL: SELECT `unreadnum` FROM `jianghu_user` WHERE `id` = 4 LIMIT 1   [ RunTime:0.0003s ]

[ 2016-10-27T00:27:32+08:00 ] ::1 /jianghu/index.php/home/msg/getunreadnum
INFO: [ app_init ] --START--
INFO: Run Behavior\BuildLiteBehavior [ RunTime:0.000012s ]
INFO: [ app_init ] --END-- [ RunTime:0.000573s ]
INFO: [ app_begin ] --START--
INFO: Run Behavior\ReadHtmlCacheBehavior [ RunTime:0.000757s ]
INFO: [ app_begin ] --END-- [ RunTime:0.000816s ]
SQL: SHOW COLUMNS FROM `jianghu_user` [ RunTime:0.0049s ]
SQL: SELECT `unreadnum` FROM `jianghu_user` WHERE `id` = 4 LIMIT 1   [ RunTime:0.0003s ]

[ 2016-10-27T00:27:43+08:00 ] ::1 /jianghu/index.php/home/msg/getunreadnum
INFO: [ app_init ] --START--
INFO: Run Behavior\BuildLiteBehavior [ RunTime:0.000014s ]
INFO: [ app_init ] --END-- [ RunTime:0.000588s ]
INFO: [ app_begin ] --START--
INFO: Run Behavior\ReadHtmlCacheBehavior [ RunTime:0.000743s ]
INFO: [ app_begin ] --END-- [ RunTime:0.000815s ]
SQL: SHOW COLUMNS FROM `jianghu_user` [ RunTime:0.0049s ]
SQL: SELECT `unreadnum` FROM `jianghu_user` WHERE `id` = 4 LIMIT 1   [ RunTime:0.0003s ]

[ 2016-10-27T00:27:54+08:00 ] ::1 /jianghu/index.php/home/msg/getunreadnum
INFO: [ app_init ] --START--
INFO: Run Behavior\BuildLiteBehavior [ RunTime:0.000016s ]
INFO: [ app_init ] --END-- [ RunTime:0.000607s ]
INFO: [ app_begin ] --START--
INFO: Run Behavior\ReadHtmlCacheBehavior [ RunTime:0.003637s ]
INFO: [ app_begin ] --END-- [ RunTime:0.003741s ]
SQL: SHOW COLUMNS FROM `jianghu_user` [ RunTime:0.0065s ]
SQL: SELECT `unreadnum` FROM `jianghu_user` WHERE `id` = 4 LIMIT 1   [ RunTime:0.0003s ]

[ 2016-10-27T00:28:05+08:00 ] ::1 /jianghu/index.php/home/msg/getunreadnum
INFO: [ app_init ] --START--
INFO: Run Behavior\BuildLiteBehavior [ RunTime:0.000014s ]
INFO: [ app_init ] --END-- [ RunTime:0.000466s ]
INFO: [ app_begin ] --START--
INFO: Run Behavior\ReadHtmlCacheBehavior [ RunTime:0.000823s ]
INFO: [ app_begin ] --END-- [ RunTime:0.000898s ]
SQL: SHOW COLUMNS FROM `jianghu_user` [ RunTime:0.0053s ]
SQL: SELECT `unreadnum` FROM `jianghu_user` WHERE `id` = 4 LIMIT 1   [ RunTime:0.0003s ]

[ 2016-10-27T00:28:16+08:00 ] ::1 /jianghu/index.php/home/msg/getunreadnum
INFO: [ app_init ] --START--
INFO: Run Behavior\BuildLiteBehavior [ RunTime:0.000011s ]
INFO: [ app_init ] --END-- [ RunTime:0.000549s ]
INFO: [ app_begin ] --START--
INFO: Run Behavior\ReadHtmlCacheBehavior [ RunTime:0.000702s ]
INFO: [ app_begin ] --END-- [ RunTime:0.000745s ]
SQL: SHOW COLUMNS FROM `jianghu_user` [ RunTime:0.0035s ]
SQL: SELECT `unreadnum` FROM `jianghu_user` WHERE `id` = 4 LIMIT 1   [ RunTime:0.0003s ]

[ 2016-10-27T00:28:27+08:00 ] ::1 /jianghu/index.php/home/msg/getunreadnum
INFO: [ app_init ] --START--
INFO: Run Behavior\BuildLiteBehavior [ RunTime:0.000013s ]
INFO: [ app_init ] --END-- [ RunTime:0.000469s ]
INFO: [ app_begin ] --START--
INFO: Run Behavior\ReadHtmlCacheBehavior [ RunTime:0.002459s ]
INFO: [ app_begin ] --END-- [ RunTime:0.002548s ]
SQL: SHOW COLUMNS FROM `jianghu_user` [ RunTime:0.0050s ]
SQL: SELECT `unreadnum` FROM `jianghu_user` WHERE `id` = 4 LIMIT 1   [ RunTime:0.0003s ]

[ 2016-10-27T00:28:38+08:00 ] ::1 /jianghu/index.php/home/msg/getunreadnum
INFO: [ app_init ] --START--
INFO: Run Behavior\BuildLiteBehavior [ RunTime:0.000013s ]
INFO: [ app_init ] --END-- [ RunTime:0.000494s ]
INFO: [ app_begin ] --START--
INFO: Run Behavior\ReadHtmlCacheBehavior [ RunTime:0.001350s ]
INFO: [ app_begin ] --END-- [ RunTime:0.001450s ]
SQL: SHOW COLUMNS FROM `jianghu_user` [ RunTime:0.0051s ]
SQL: SELECT `unreadnum` FROM `jianghu_user` WHERE `id` = 4 LIMIT 1   [ RunTime:0.0003s ]

[ 2016-10-27T00:28:49+08:00 ] ::1 /jianghu/index.php/home/msg/getunreadnum
INFO: [ app_init ] --START--
INFO: Run Behavior\BuildLiteBehavior [ RunTime:0.000012s ]
INFO: [ app_init ] --END-- [ RunTime:0.000530s ]
INFO: [ app_begin ] --START--
INFO: Run Behavior\ReadHtmlCacheBehavior [ RunTime:0.000768s ]
INFO: [ app_begin ] --END-- [ RunTime:0.000821s ]
SQL: SHOW COLUMNS FROM `jianghu_user` [ RunTime:0.0046s ]
SQL: SELECT `unreadnum` FROM `jianghu_user` WHERE `id` = 4 LIMIT 1   [ RunTime:0.0003s ]

[ 2016-10-27T00:29:00+08:00 ] ::1 /jianghu/index.php/home/msg/getunreadnum
INFO: [ app_init ] --START--
INFO: Run Behavior\BuildLiteBehavior [ RunTime:0.000013s ]
INFO: [ app_init ] --END-- [ RunTime:0.000541s ]
INFO: [ app_begin ] --START--
INFO: Run Behavior\ReadHtmlCacheBehavior [ RunTime:0.000857s ]
INFO: [ app_begin ] --END-- [ RunTime:0.000928s ]
SQL: SHOW COLUMNS FROM `jianghu_user` [ RunTime:0.0044s ]
SQL: SELECT `unreadnum` FROM `jianghu_user` WHERE `id` = 4 LIMIT 1   [ RunTime:0.0003s ]

[ 2016-10-27T00:29:11+08:00 ] ::1 /jianghu/index.php/home/msg/getunreadnum
INFO: [ app_init ] --START--
INFO: Run Behavior\BuildLiteBehavior [ RunTime:0.000013s ]
INFO: [ app_init ] --END-- [ RunTime:0.000578s ]
INFO: [ app_begin ] --START--
INFO: Run Behavior\ReadHtmlCacheBehavior [ RunTime:0.000811s ]
INFO: [ app_begin ] --END-- [ RunTime:0.000860s ]
SQL: SHOW COLUMNS FROM `jianghu_user` [ RunTime:0.0047s ]
SQL: SELECT `unreadnum` FROM `jianghu_user` WHERE `id` = 4 LIMIT 1   [ RunTime:0.0003s ]

[ 2016-10-27T00:29:23+08:00 ] ::1 /jianghu/index.php/home/msg/getunreadnum
INFO: [ app_init ] --START--
INFO: Run Behavior\BuildLiteBehavior [ RunTime:0.000012s ]
INFO: [ app_init ] --END-- [ RunTime:0.000540s ]
INFO: [ app_begin ] --START--
INFO: Run Behavior\ReadHtmlCacheBehavior [ RunTime:0.000748s ]
INFO: [ app_begin ] --END-- [ RunTime:0.000804s ]
SQL: SHOW COLUMNS FROM `jianghu_user` [ RunTime:0.0057s ]
SQL: SELECT `unreadnum` FROM `jianghu_user` WHERE `id` = 4 LIMIT 1   [ RunTime:0.0003s ]

[ 2016-10-27T00:29:33+08:00 ] ::1 /jianghu/index.php/home/msg/getunreadnum
INFO: [ app_init ] --START--
INFO: Run Behavior\BuildLiteBehavior [ RunTime:0.000014s ]
INFO: [ app_init ] --END-- [ RunTime:0.000545s ]
INFO: [ app_begin ] --START--
INFO: Run Behavior\ReadHtmlCacheBehavior [ RunTime:0.000844s ]
INFO: [ app_begin ] --END-- [ RunTime:0.000894s ]
SQL: SHOW COLUMNS FROM `jianghu_user` [ RunTime:0.0049s ]
SQL: SELECT `unreadnum` FROM `jianghu_user` WHERE `id` = 4 LIMIT 1   [ RunTime:0.0003s ]

[ 2016-10-27T00:29:44+08:00 ] ::1 /jianghu/index.php/home/msg/getunreadnum
INFO: [ app_init ] --START--
INFO: Run Behavior\BuildLiteBehavior [ RunTime:0.000012s ]
INFO: [ app_init ] --END-- [ RunTime:0.000543s ]
INFO: [ app_begin ] --START--
INFO: Run Behavior\ReadHtmlCacheBehavior [ RunTime:0.000916s ]
INFO: [ app_begin ] --END-- [ RunTime:0.000973s ]
SQL: SHOW COLUMNS FROM `jianghu_user` [ RunTime:0.0037s ]
SQL: SELECT `unreadnum` FROM `jianghu_user` WHERE `id` = 4 LIMIT 1   [ RunTime:0.0004s ]

[ 2016-10-27T00:29:55+08:00 ] ::1 /jianghu/index.php/home/msg/getunreadnum
INFO: [ app_init ] --START--
INFO: Run Behavior\BuildLiteBehavior [ RunTime:0.000012s ]
INFO: [ app_init ] --END-- [ RunTime:0.000437s ]
INFO: [ app_begin ] --START--
INFO: Run Behavior\ReadHtmlCacheBehavior [ RunTime:0.000732s ]
INFO: [ app_begin ] --END-- [ RunTime:0.000785s ]
SQL: SHOW COLUMNS FROM `jianghu_user` [ RunTime:0.0033s ]
SQL: SELECT `unreadnum` FROM `jianghu_user` WHERE `id` = 4 LIMIT 1   [ RunTime:0.0003s ]

