[ 2016-10-31T00:06:22+08:00 ] ::1 /jianghu/index.php/home/introduce/forward
INFO: [ app_init ] --START--
INFO: Run Behavior\BuildLiteBehavior [ RunTime:0.000014s ]
INFO: [ app_init ] --END-- [ RunTime:0.000615s ]
INFO: [ app_begin ] --START--
INFO: Run Behavior\ReadHtmlCacheBehavior [ RunTime:0.000861s ]
INFO: [ app_begin ] --END-- [ RunTime:0.000922s ]
SQL: SHOW COLUMNS FROM `jianghu_token` [ RunTime:0.0036s ]
SQL: SHOW COLUMNS FROM `jianghu_user` [ RunTime:0.0036s ]
SQL: SELECT * FROM `jianghu_token` WHERE `token` = 'f0eac881e871f806c946703600ca3c5e' AND `state` = 0 LIMIT 1   [ RunTime:0.0004s ]
SQL: SELECT `isban` FROM `jianghu_user` WHERE `id` = 19 LIMIT 1   [ RunTime:0.0003s ]
SQL: SHOW COLUMNS FROM `jianghu_introduce` [ RunTime:0.0041s ]
SQL: SHOW COLUMNS FROM `jianghu_forward` [ RunTime:0.0035s ]
SQL: SHOW COLUMNS FROM `jianghu_friend` [ RunTime:0.0035s ]
SQL: SELECT `user_id` FROM `jianghu_introduce` WHERE `id` = 78 LIMIT 1   [ RunTime:0.0003s ]
SQL: UPDATE `jianghu_user` SET `unreadnum`=unreadnum+1 WHERE `id` = 2 [ RunTime:0.0843s ]
SQL: SELECT `isforward` FROM `jianghu_introduce` WHERE `id` = 78 LIMIT 1   [ RunTime:0.0003s ]
SQL: SELECT `degree` FROM `jianghu_introduce` WHERE `id` = 78 LIMIT 1   [ RunTime:0.0002s ]
SQL: SELECT `friend_id` FROM `jianghu_friend` WHERE `user_id` = 19  [ RunTime:0.0002s ]
SQL: SELECT * FROM `jianghu_forward` WHERE `degree` < '2' AND `original_id` = '77' AND `user_id` IN ('19','17','18')  [ RunTime:0.0006s ]
SQL: SELECT `forward_id` FROM `jianghu_introduce` WHERE `id` = 78 LIMIT 1   [ RunTime:0.0002s ]
SQL: SELECT * FROM `jianghu_forward` WHERE `id` = 61  [ RunTime:0.0003s ]
NOTIC: [8] Use of undefined constant degree - assumed 'degree' D:\xampp\htdocs\jianghu\Application\Home\Controller\IntroduceController.class.php 第 376 行.

[ 2016-10-31T00:06:48+08:00 ] ::1 /jianghu/index.php/home/introduce/forward
INFO: [ app_init ] --START--
INFO: Run Behavior\BuildLiteBehavior [ RunTime:0.000014s ]
INFO: [ app_init ] --END-- [ RunTime:0.000585s ]
INFO: [ app_begin ] --START--
INFO: Run Behavior\ReadHtmlCacheBehavior [ RunTime:0.000856s ]
INFO: [ app_begin ] --END-- [ RunTime:0.000915s ]
SQL: SHOW COLUMNS FROM `jianghu_token` [ RunTime:0.0034s ]
SQL: SHOW COLUMNS FROM `jianghu_user` [ RunTime:0.0034s ]
SQL: SELECT * FROM `jianghu_token` WHERE `token` = 'f0eac881e871f806c946703600ca3c5e' AND `state` = 0 LIMIT 1   [ RunTime:0.0004s ]
SQL: SELECT `isban` FROM `jianghu_user` WHERE `id` = 19 LIMIT 1   [ RunTime:0.0003s ]
SQL: SHOW COLUMNS FROM `jianghu_introduce` [ RunTime:0.0042s ]
SQL: SHOW COLUMNS FROM `jianghu_forward` [ RunTime:0.0033s ]
SQL: SHOW COLUMNS FROM `jianghu_friend` [ RunTime:0.0031s ]
SQL: SELECT `user_id` FROM `jianghu_introduce` WHERE `id` = 78 LIMIT 1   [ RunTime:0.0003s ]
SQL: UPDATE `jianghu_user` SET `unreadnum`=unreadnum+1 WHERE `id` = 2 [ RunTime:0.0994s ]
SQL: SELECT `isforward` FROM `jianghu_introduce` WHERE `id` = 78 LIMIT 1   [ RunTime:0.0006s ]
SQL: SELECT `degree` FROM `jianghu_introduce` WHERE `id` = 78 LIMIT 1   [ RunTime:0.0005s ]
SQL: SELECT `friend_id` FROM `jianghu_friend` WHERE `user_id` = 19  [ RunTime:0.0007s ]
SQL: SELECT * FROM `jianghu_forward` WHERE `degree` < '2' AND `original_id` = '77' AND `user_id` IN ('19','17','18')  [ RunTime:0.0010s ]
SQL: SELECT `forward_id` FROM `jianghu_introduce` WHERE `id` = 78 LIMIT 1   [ RunTime:0.0007s ]
SQL: SELECT * FROM `jianghu_forward` WHERE `id` = 61  [ RunTime:0.0008s ]
NOTIC: [8] Use of undefined constant degree - assumed 'degree' D:\xampp\htdocs\jianghu\Application\Home\Controller\IntroduceController.class.php 第 376 行.
SQL: INSERT INTO `jianghu_forward` (`user_id`,`introduce_id`,`time`,`owner_id`,`original_id`,`original_id3`,`degree`) VALUES ('19','78','2016-10-31 00:06:47','2','77','19','3') [ RunTime:0.0694s ]
SQL: INSERT INTO `jianghu_introduce` (`time`,`isforward`,`text`,`user_id`,`degree`,`forward_id`) VALUES ('2016-10-31 00:06:47','77','1','19','3','64') [ RunTime:0.0492s ]
SQL: UPDATE `jianghu_introduce` SET `forwardnum`=forwardnum+1 WHERE `id` = 78 [ RunTime:0.0386s ]

[ 2016-10-31T00:07:44+08:00 ] ::1 /jianghu/index.php/home/introduce/forward
INFO: [ app_init ] --START--
INFO: Run Behavior\BuildLiteBehavior [ RunTime:0.000013s ]
INFO: [ app_init ] --END-- [ RunTime:0.000566s ]
INFO: [ app_begin ] --START--
INFO: Run Behavior\ReadHtmlCacheBehavior [ RunTime:0.000857s ]
INFO: [ app_begin ] --END-- [ RunTime:0.000918s ]
SQL: SHOW COLUMNS FROM `jianghu_token` [ RunTime:0.0047s ]
SQL: SHOW COLUMNS FROM `jianghu_user` [ RunTime:0.0043s ]
SQL: SELECT * FROM `jianghu_token` WHERE `token` = 'f0eac881e871f806c946703600ca3c5e' AND `state` = 0 LIMIT 1   [ RunTime:0.0004s ]
SQL: SELECT `isban` FROM `jianghu_user` WHERE `id` = 19 LIMIT 1   [ RunTime:0.0002s ]
SQL: SHOW COLUMNS FROM `jianghu_introduce` [ RunTime:0.0038s ]
SQL: SHOW COLUMNS FROM `jianghu_forward` [ RunTime:0.0033s ]
SQL: SHOW COLUMNS FROM `jianghu_friend` [ RunTime:0.0037s ]
SQL: SELECT `user_id` FROM `jianghu_introduce` WHERE `id` = 78 LIMIT 1   [ RunTime:0.0003s ]
SQL: UPDATE `jianghu_user` SET `unreadnum`=unreadnum+1 WHERE `id` = 2 [ RunTime:0.0967s ]
SQL: SELECT `isforward` FROM `jianghu_introduce` WHERE `id` = 78 LIMIT 1   [ RunTime:0.0004s ]
SQL: SELECT `degree` FROM `jianghu_introduce` WHERE `id` = 78 LIMIT 1   [ RunTime:0.0003s ]
SQL: SELECT `friend_id` FROM `jianghu_friend` WHERE `user_id` = 19  [ RunTime:0.0002s ]
SQL: SELECT * FROM `jianghu_forward` WHERE `degree` < '2' AND `original_id` = '77' AND `user_id` IN ('19','17','18')  [ RunTime:0.0003s ]
SQL: SELECT `forward_id` FROM `jianghu_introduce` WHERE `id` = 78 LIMIT 1   [ RunTime:0.0002s ]
SQL: SELECT * FROM `jianghu_forward` WHERE `id` = 61  [ RunTime:0.0003s ]

[ 2016-10-31T00:09:42+08:00 ] ::1 /jianghu/index.php/home/introduce/forward
INFO: [ app_init ] --START--
INFO: Run Behavior\BuildLiteBehavior [ RunTime:0.000014s ]
INFO: [ app_init ] --END-- [ RunTime:0.000566s ]
INFO: [ app_begin ] --START--
INFO: Run Behavior\ReadHtmlCacheBehavior [ RunTime:0.001096s ]
INFO: [ app_begin ] --END-- [ RunTime:0.001195s ]
SQL: SHOW COLUMNS FROM `jianghu_token` [ RunTime:0.0049s ]
SQL: SHOW COLUMNS FROM `jianghu_user` [ RunTime:0.0031s ]
SQL: SELECT * FROM `jianghu_token` WHERE `token` = 'f0eac881e871f806c946703600ca3c5e' AND `state` = 0 LIMIT 1   [ RunTime:0.0004s ]
SQL: SELECT `isban` FROM `jianghu_user` WHERE `id` = 19 LIMIT 1   [ RunTime:0.0002s ]
SQL: SHOW COLUMNS FROM `jianghu_introduce` [ RunTime:0.0036s ]
SQL: SHOW COLUMNS FROM `jianghu_forward` [ RunTime:0.0032s ]
SQL: SHOW COLUMNS FROM `jianghu_friend` [ RunTime:0.0034s ]
SQL: SELECT `user_id` FROM `jianghu_introduce` WHERE `id` = 78 LIMIT 1   [ RunTime:0.0003s ]
SQL: UPDATE `jianghu_user` SET `unreadnum`=unreadnum+1 WHERE `id` = 2 [ RunTime:0.0690s ]
SQL: SELECT `isforward` FROM `jianghu_introduce` WHERE `id` = 78 LIMIT 1   [ RunTime:0.0003s ]
SQL: SELECT `degree` FROM `jianghu_introduce` WHERE `id` = 78 LIMIT 1   [ RunTime:0.0004s ]
SQL: SELECT `friend_id` FROM `jianghu_friend` WHERE `user_id` = 19  [ RunTime:0.0004s ]
SQL: SELECT * FROM `jianghu_forward` WHERE `degree` < '2' AND `original_id` = '77' AND `user_id` IN ('19','17','18')  [ RunTime:0.0009s ]
SQL: SELECT `forward_id` FROM `jianghu_introduce` WHERE `id` = 78 LIMIT 1   [ RunTime:0.0006s ]
SQL: SELECT * FROM `jianghu_forward` WHERE `id` = 61  [ RunTime:0.0008s ]
SQL: INSERT INTO `jianghu_forward` (`user_id`,`introduce_id`,`time`,`owner_id`,`original_id`,`original_id3`,`original_id2`,`degree`) VALUES ('19','78','2016-10-31 00:09:42','2','77','19','2','3') [ RunTime:0.0348s ]
SQL: INSERT INTO `jianghu_introduce` (`time`,`isforward`,`text`,`user_id`,`degree`,`forward_id`) VALUES ('2016-10-31 00:09:42','77','1','19','3','65') [ RunTime:0.0517s ]
SQL: UPDATE `jianghu_introduce` SET `forwardnum`=forwardnum+1 WHERE `id` = 78 [ RunTime:0.0372s ]

[ 2016-10-31T00:10:48+08:00 ] ::1 /jianghu/index.php/home/introduce/forward
INFO: [ app_init ] --START--
INFO: Run Behavior\BuildLiteBehavior [ RunTime:0.000015s ]
INFO: [ app_init ] --END-- [ RunTime:0.000623s ]
INFO: [ app_begin ] --START--
INFO: Run Behavior\ReadHtmlCacheBehavior [ RunTime:0.001293s ]
INFO: [ app_begin ] --END-- [ RunTime:0.001352s ]
SQL: SHOW COLUMNS FROM `jianghu_token` [ RunTime:0.0036s ]
SQL: SHOW COLUMNS FROM `jianghu_user` [ RunTime:0.0041s ]
SQL: SELECT * FROM `jianghu_token` WHERE `token` = 'f0eac881e871f806c946703600ca3c5e' AND `state` = 0 LIMIT 1   [ RunTime:0.0004s ]
SQL: SELECT `isban` FROM `jianghu_user` WHERE `id` = 25 LIMIT 1   [ RunTime:0.0003s ]
SQL: SHOW COLUMNS FROM `jianghu_introduce` [ RunTime:0.0037s ]
SQL: SHOW COLUMNS FROM `jianghu_forward` [ RunTime:0.0040s ]
SQL: SHOW COLUMNS FROM `jianghu_friend` [ RunTime:0.0032s ]
SQL: SELECT `user_id` FROM `jianghu_introduce` WHERE `id` = 82 LIMIT 1   [ RunTime:0.0003s ]
SQL: UPDATE `jianghu_user` SET `unreadnum`=unreadnum+1 WHERE `id` = 19 [ RunTime:0.1214s ]
SQL: SELECT `isforward` FROM `jianghu_introduce` WHERE `id` = 82 LIMIT 1   [ RunTime:0.0003s ]
SQL: SELECT `degree` FROM `jianghu_introduce` WHERE `id` = 82 LIMIT 1   [ RunTime:0.0002s ]
SQL: SELECT `friend_id` FROM `jianghu_friend` WHERE `user_id` = 25  [ RunTime:0.0002s ]
SQL: SELECT * FROM `jianghu_forward` WHERE `degree` < '3' AND `original_id` = '77' AND `user_id` IN ('25')  [ RunTime:0.0003s ]
SQL: SELECT `forward_id` FROM `jianghu_introduce` WHERE `id` = 82 LIMIT 1   [ RunTime:0.0002s ]
SQL: SELECT * FROM `jianghu_forward` WHERE `id` = 65  [ RunTime:0.0002s ]
SQL: INSERT INTO `jianghu_forward` (`user_id`,`introduce_id`,`time`,`owner_id`,`original_id`,`original_id4`,`original_id2`,`original_id3`,`degree`) VALUES ('25','82','2016-10-31 00:10:48','19','77','25','2','19','4') [ RunTime:0.0380s ]
SQL: INSERT INTO `jianghu_introduce` (`time`,`isforward`,`text`,`user_id`,`degree`,`forward_id`) VALUES ('2016-10-31 00:10:48','77','1','25','4','66') [ RunTime:0.0438s ]
SQL: UPDATE `jianghu_introduce` SET `forwardnum`=forwardnum+1 WHERE `id` = 82 [ RunTime:0.0339s ]

[ 2016-10-31T00:11:41+08:00 ] ::1 /jianghu/index.php/home/introduce/forward
INFO: [ app_init ] --START--
INFO: Run Behavior\BuildLiteBehavior [ RunTime:0.000014s ]
INFO: [ app_init ] --END-- [ RunTime:0.000538s ]
INFO: [ app_begin ] --START--
INFO: Run Behavior\ReadHtmlCacheBehavior [ RunTime:0.000712s ]
INFO: [ app_begin ] --END-- [ RunTime:0.000764s ]
SQL: SHOW COLUMNS FROM `jianghu_token` [ RunTime:0.0034s ]
SQL: SHOW COLUMNS FROM `jianghu_user` [ RunTime:0.0032s ]
SQL: SELECT * FROM `jianghu_token` WHERE `token` = 'f0eac881e871f806c946703600ca3c5e' AND `state` = 0 LIMIT 1   [ RunTime:0.0005s ]
SQL: SELECT `isban` FROM `jianghu_user` WHERE `id` = 2 LIMIT 1   [ RunTime:0.0003s ]
SQL: SHOW COLUMNS FROM `jianghu_introduce` [ RunTime:0.0031s ]
SQL: SHOW COLUMNS FROM `jianghu_forward` [ RunTime:0.0036s ]
SQL: SHOW COLUMNS FROM `jianghu_friend` [ RunTime:0.0029s ]
SQL: SELECT `user_id` FROM `jianghu_introduce` WHERE `id` = 83 LIMIT 1   [ RunTime:0.0172s ]
SQL: UPDATE `jianghu_user` SET `unreadnum`=unreadnum+1 WHERE `id` = 25 [ RunTime:0.0847s ]
SQL: SELECT `isforward` FROM `jianghu_introduce` WHERE `id` = 83 LIMIT 1   [ RunTime:0.0003s ]
SQL: SELECT `degree` FROM `jianghu_introduce` WHERE `id` = 83 LIMIT 1   [ RunTime:0.0002s ]
SQL: SELECT `friend_id` FROM `jianghu_friend` WHERE `user_id` = 2  [ RunTime:0.0002s ]
SQL: SELECT * FROM `jianghu_forward` WHERE `degree` < '4' AND `original_id` = '77' AND `user_id` IN ('2')  [ RunTime:0.0135s ]
SQL: INSERT INTO `jianghu_forward` (`user_id`,`introduce_id`,`time`,`owner_id`,`original_id`,`original_id3`,`original_id2`,`degree`) VALUES ('2','83','2016-10-31 00:11:41','25','77','2','2','3') [ RunTime:0.0321s ]
SQL: INSERT INTO `jianghu_introduce` (`time`,`isforward`,`text`,`user_id`,`degree`,`forward_id`) VALUES ('2016-10-31 00:11:41','77','1','2','3','67') [ RunTime:0.0530s ]
SQL: UPDATE `jianghu_introduce` SET `forwardnum`=forwardnum+1 WHERE `id` = 83 [ RunTime:0.0659s ]

[ 2016-10-31T00:20:25+08:00 ] ::1 /jianghu/index.php/home/introduce/forward
INFO: [ app_init ] --START--
INFO: Run Behavior\BuildLiteBehavior [ RunTime:0.000012s ]
INFO: [ app_init ] --END-- [ RunTime:0.000487s ]
INFO: [ app_begin ] --START--
INFO: Run Behavior\ReadHtmlCacheBehavior [ RunTime:0.000841s ]
INFO: [ app_begin ] --END-- [ RunTime:0.000899s ]
SQL: SHOW COLUMNS FROM `jianghu_token` [ RunTime:0.0046s ]
SQL: SHOW COLUMNS FROM `jianghu_user` [ RunTime:0.0030s ]
SQL: SELECT * FROM `jianghu_token` WHERE `token` = 'f0eac881e871f806c946703600ca3c5e' AND `state` = 0 LIMIT 1   [ RunTime:0.0003s ]
SQL: SELECT `isban` FROM `jianghu_user` WHERE `id` = 2 LIMIT 1   [ RunTime:0.0002s ]
SQL: SHOW COLUMNS FROM `jianghu_introduce` [ RunTime:0.0035s ]
SQL: SHOW COLUMNS FROM `jianghu_forward` [ RunTime:0.0045s ]
SQL: SHOW COLUMNS FROM `jianghu_friend` [ RunTime:0.0041s ]
SQL: SELECT `user_id` FROM `jianghu_introduce` WHERE `id` = 83 LIMIT 1   [ RunTime:0.0003s ]
SQL: UPDATE `jianghu_user` SET `unreadnum`=unreadnum+1 WHERE `id` = 25 [ RunTime:0.1250s ]
SQL: SELECT `isforward` FROM `jianghu_introduce` WHERE `id` = 83 LIMIT 1   [ RunTime:0.0003s ]
SQL: SELECT `degree` FROM `jianghu_introduce` WHERE `id` = 83 LIMIT 1   [ RunTime:0.0002s ]
SQL: SELECT `friend_id` FROM `jianghu_friend` WHERE `user_id` = 2  [ RunTime:0.0003s ]
SQL: SELECT * FROM `jianghu_forward` WHERE `degree` < '4' AND `original_id` = '77' AND `user_id` IN ('2','1')  [ RunTime:0.0004s ]
SQL: INSERT INTO `jianghu_forward` (`user_id`,`introduce_id`,`time`,`owner_id`,`original_id`,`original_id2`,`degree`) VALUES ('2','83','2016-10-31 00:20:25','25','77','2','2') [ RunTime:0.0496s ]
SQL: INSERT INTO `jianghu_introduce` (`time`,`isforward`,`text`,`user_id`,`degree`,`forward_id`) VALUES ('2016-10-31 00:20:25','77','1','2','2','68') [ RunTime:0.0410s ]
SQL: UPDATE `jianghu_introduce` SET `forwardnum`=forwardnum+1 WHERE `id` = 83 [ RunTime:0.0364s ]

[ 2016-10-31T00:21:33+08:00 ] ::1 /jianghu/index.php/home/introduce/forward
INFO: [ app_init ] --START--
INFO: Run Behavior\BuildLiteBehavior [ RunTime:0.000012s ]
INFO: [ app_init ] --END-- [ RunTime:0.000538s ]
INFO: [ app_begin ] --START--
INFO: Run Behavior\ReadHtmlCacheBehavior [ RunTime:0.000695s ]
INFO: [ app_begin ] --END-- [ RunTime:0.000743s ]
SQL: SHOW COLUMNS FROM `jianghu_token` [ RunTime:0.0032s ]
SQL: SHOW COLUMNS FROM `jianghu_user` [ RunTime:0.0034s ]
SQL: SELECT * FROM `jianghu_token` WHERE `token` = 'f0eac881e871f806c946703600ca3c5e' AND `state` = 0 LIMIT 1   [ RunTime:0.0004s ]
SQL: SELECT `isban` FROM `jianghu_user` WHERE `id` = 3 LIMIT 1   [ RunTime:0.0004s ]
SQL: SHOW COLUMNS FROM `jianghu_introduce` [ RunTime:0.0034s ]
SQL: SHOW COLUMNS FROM `jianghu_forward` [ RunTime:0.0040s ]
SQL: SHOW COLUMNS FROM `jianghu_friend` [ RunTime:0.0030s ]
SQL: SELECT `user_id` FROM `jianghu_introduce` WHERE `id` = 85 LIMIT 1   [ RunTime:0.0003s ]
SQL: UPDATE `jianghu_user` SET `unreadnum`=unreadnum+1 WHERE `id` = 2 [ RunTime:0.1174s ]
SQL: SELECT `isforward` FROM `jianghu_introduce` WHERE `id` = 85 LIMIT 1   [ RunTime:0.0003s ]
SQL: SELECT `degree` FROM `jianghu_introduce` WHERE `id` = 85 LIMIT 1   [ RunTime:0.0002s ]
SQL: SELECT `friend_id` FROM `jianghu_friend` WHERE `user_id` = 3  [ RunTime:0.0002s ]
SQL: SELECT * FROM `jianghu_forward` WHERE `degree` < '2' AND `original_id` = '77' AND `user_id` IN ('3')  [ RunTime:0.0004s ]
SQL: SELECT `forward_id` FROM `jianghu_introduce` WHERE `id` = 85 LIMIT 1   [ RunTime:0.0002s ]
SQL: SELECT * FROM `jianghu_forward` WHERE `id` = 68  [ RunTime:0.0003s ]
SQL: INSERT INTO `jianghu_forward` (`user_id`,`introduce_id`,`time`,`owner_id`,`original_id`,`original_id3`,`original_id2`,`degree`) VALUES ('3','85','2016-10-31 00:21:33','2','77','3','2','3') [ RunTime:0.0371s ]
SQL: INSERT INTO `jianghu_introduce` (`time`,`isforward`,`text`,`user_id`,`degree`,`forward_id`) VALUES ('2016-10-31 00:21:33','77','1','3','3','69') [ RunTime:0.0390s ]
SQL: UPDATE `jianghu_introduce` SET `forwardnum`=forwardnum+1 WHERE `id` = 85 [ RunTime:0.0383s ]

[ 2016-10-31T00:22:29+08:00 ] ::1 /jianghu/index.php/home/introduce/forward
INFO: [ app_init ] --START--
INFO: Run Behavior\BuildLiteBehavior [ RunTime:0.000015s ]
INFO: [ app_init ] --END-- [ RunTime:0.000585s ]
INFO: [ app_begin ] --START--
INFO: Run Behavior\ReadHtmlCacheBehavior [ RunTime:0.000773s ]
INFO: [ app_begin ] --END-- [ RunTime:0.000826s ]
SQL: SHOW COLUMNS FROM `jianghu_token` [ RunTime:0.0051s ]
SQL: SHOW COLUMNS FROM `jianghu_user` [ RunTime:0.0034s ]
SQL: SELECT * FROM `jianghu_token` WHERE `token` = 'f0eac881e871f806c946703600ca3c5e' AND `state` = 0 LIMIT 1   [ RunTime:0.0006s ]
SQL: SELECT `isban` FROM `jianghu_user` WHERE `id` = 3 LIMIT 1   [ RunTime:0.0003s ]
SQL: SHOW COLUMNS FROM `jianghu_introduce` [ RunTime:0.0032s ]
SQL: SHOW COLUMNS FROM `jianghu_forward` [ RunTime:0.0034s ]
SQL: SHOW COLUMNS FROM `jianghu_friend` [ RunTime:0.0036s ]
SQL: SELECT `user_id` FROM `jianghu_introduce` WHERE `id` = 85 LIMIT 1   [ RunTime:0.0003s ]
SQL: UPDATE `jianghu_user` SET `unreadnum`=unreadnum+1 WHERE `id` = 2 [ RunTime:0.0881s ]
SQL: SELECT `isforward` FROM `jianghu_introduce` WHERE `id` = 85 LIMIT 1   [ RunTime:0.0007s ]
SQL: SELECT `degree` FROM `jianghu_introduce` WHERE `id` = 85 LIMIT 1   [ RunTime:0.0006s ]
SQL: SELECT `friend_id` FROM `jianghu_friend` WHERE `user_id` = 3  [ RunTime:0.0007s ]
SQL: SELECT * FROM `jianghu_forward` WHERE `degree` < '2' AND `original_id` = '77' AND `user_id` IN ('3','1')  [ RunTime:0.0008s ]
SQL: INSERT INTO `jianghu_forward` (`user_id`,`introduce_id`,`time`,`owner_id`,`original_id`,`original_id2`,`degree`) VALUES ('3','85','2016-10-31 00:22:29','2','77','3','2') [ RunTime:0.0522s ]
SQL: INSERT INTO `jianghu_introduce` (`time`,`isforward`,`text`,`user_id`,`degree`,`forward_id`) VALUES ('2016-10-31 00:22:29','77','1','3','2','70') [ RunTime:0.1084s ]
SQL: UPDATE `jianghu_introduce` SET `forwardnum`=forwardnum+1 WHERE `id` = 85 [ RunTime:0.0821s ]

[ 2016-10-31T00:23:07+08:00 ] ::1 /jianghu/index.php/home/introduce/forward
INFO: [ app_init ] --START--
INFO: Run Behavior\BuildLiteBehavior [ RunTime:0.000021s ]
INFO: [ app_init ] --END-- [ RunTime:0.000751s ]
INFO: [ app_begin ] --START--
INFO: Run Behavior\ReadHtmlCacheBehavior [ RunTime:0.000877s ]
INFO: [ app_begin ] --END-- [ RunTime:0.000943s ]
SQL: SHOW COLUMNS FROM `jianghu_token` [ RunTime:0.0137s ]
SQL: SHOW COLUMNS FROM `jianghu_user` [ RunTime:0.0043s ]
SQL: SELECT * FROM `jianghu_token` WHERE `token` = 'f0eac881e871f806c946703600ca3c5e' AND `state` = 0 LIMIT 1   [ RunTime:0.0004s ]
SQL: SELECT `isban` FROM `jianghu_user` WHERE `id` = 19 LIMIT 1   [ RunTime:0.0002s ]
SQL: SHOW COLUMNS FROM `jianghu_introduce` [ RunTime:0.0031s ]
SQL: SHOW COLUMNS FROM `jianghu_forward` [ RunTime:0.0032s ]
SQL: SHOW COLUMNS FROM `jianghu_friend` [ RunTime:0.0033s ]
SQL: SELECT `user_id` FROM `jianghu_introduce` WHERE `id` = 86 LIMIT 1   [ RunTime:0.0003s ]
SQL: UPDATE `jianghu_user` SET `unreadnum`=unreadnum+1 WHERE `id` = 3 [ RunTime:0.0877s ]
SQL: SELECT `isforward` FROM `jianghu_introduce` WHERE `id` = 86 LIMIT 1   [ RunTime:0.0003s ]
SQL: SELECT `degree` FROM `jianghu_introduce` WHERE `id` = 86 LIMIT 1   [ RunTime:0.0002s ]
SQL: SELECT `friend_id` FROM `jianghu_friend` WHERE `user_id` = 19  [ RunTime:0.0002s ]
SQL: SELECT * FROM `jianghu_forward` WHERE `degree` < '3' AND `original_id` = '77' AND `user_id` IN ('19','17','18')  [ RunTime:0.0004s ]
SQL: INSERT INTO `jianghu_forward` (`user_id`,`introduce_id`,`time`,`owner_id`,`original_id`,`original_id3`,`original_id2`,`degree`) VALUES ('19','86','2016-10-31 00:23:07','3','77','19','17','3') [ RunTime:0.0489s ]
SQL: INSERT INTO `jianghu_introduce` (`time`,`isforward`,`text`,`user_id`,`degree`,`forward_id`) VALUES ('2016-10-31 00:23:07','77','1','19','3','71') [ RunTime:0.0382s ]
SQL: UPDATE `jianghu_introduce` SET `forwardnum`=forwardnum+1 WHERE `id` = 86 [ RunTime:0.0393s ]

[ 2016-10-31T00:25:03+08:00 ] ::1 /jianghu/index.php/home/introduce/forward
INFO: [ app_init ] --START--
INFO: Run Behavior\BuildLiteBehavior [ RunTime:0.000016s ]
INFO: [ app_init ] --END-- [ RunTime:0.000734s ]
INFO: [ app_begin ] --START--
INFO: Run Behavior\ReadHtmlCacheBehavior [ RunTime:0.000874s ]
INFO: [ app_begin ] --END-- [ RunTime:0.000925s ]
SQL: SHOW COLUMNS FROM `jianghu_token` [ RunTime:0.0042s ]
SQL: SHOW COLUMNS FROM `jianghu_user` [ RunTime:0.0046s ]
SQL: SELECT * FROM `jianghu_token` WHERE `token` = 'f0eac881e871f806c946703600ca3c5e' AND `state` = 0 LIMIT 1   [ RunTime:0.0004s ]
SQL: SELECT `isban` FROM `jianghu_user` WHERE `id` = 19 LIMIT 1   [ RunTime:0.0002s ]
SQL: SHOW COLUMNS FROM `jianghu_introduce` [ RunTime:0.0036s ]
SQL: SHOW COLUMNS FROM `jianghu_forward` [ RunTime:0.0031s ]
SQL: SHOW COLUMNS FROM `jianghu_friend` [ RunTime:0.0030s ]
SQL: SELECT `user_id` FROM `jianghu_introduce` WHERE `id` = 88 LIMIT 1   [ RunTime:0.0004s ]
SQL: UPDATE `jianghu_user` SET `unreadnum`=unreadnum+1 WHERE `id` = 19 [ RunTime:0.0660s ]
SQL: SELECT `isforward` FROM `jianghu_introduce` WHERE `id` = 88 LIMIT 1   [ RunTime:0.0003s ]
SQL: SELECT `degree` FROM `jianghu_introduce` WHERE `id` = 88 LIMIT 1   [ RunTime:0.0002s ]
SQL: SELECT `friend_id` FROM `jianghu_friend` WHERE `user_id` = 19  [ RunTime:0.0003s ]
SQL: SELECT * FROM `jianghu_forward` WHERE `degree` < '3' AND `original_id` = '77' AND `user_id` IN ('19','17','18')  [ RunTime:0.0004s ]
SQL: INSERT INTO `jianghu_forward` (`user_id`,`introduce_id`,`time`,`owner_id`,`original_id`,`original_id3`,`original_id2`,`degree`) VALUES ('19','88','2016-10-31 00:25:03','19','77','19','17','3') [ RunTime:0.0584s ]
SQL: INSERT INTO `jianghu_introduce` (`time`,`isforward`,`text`,`user_id`,`degree`,`forward_id`) VALUES ('2016-10-31 00:25:03','77','1','19','3','72') [ RunTime:0.0358s ]
SQL: UPDATE `jianghu_introduce` SET `forwardnum`=forwardnum+1 WHERE `id` = 88 [ RunTime:0.0659s ]

[ 2016-10-31T14:15:17+08:00 ] ::1 /jianghu/index.php/home/introduce/add
INFO: [ app_init ] --START--
INFO: Run Behavior\BuildLiteBehavior [ RunTime:0.000014s ]
INFO: [ app_init ] --END-- [ RunTime:0.000644s ]
INFO: [ app_begin ] --START--
INFO: Run Behavior\ReadHtmlCacheBehavior [ RunTime:0.000990s ]
INFO: [ app_begin ] --END-- [ RunTime:0.001051s ]
SQL: SHOW COLUMNS FROM `jianghu_token` [ RunTime:0.0068s ]
SQL: SHOW COLUMNS FROM `jianghu_user` [ RunTime:0.0031s ]
SQL: SELECT * FROM `jianghu_token` WHERE `token` = '2ea7c6999b86afb0f34bc274e78377fe' AND `state` = 0 LIMIT 1   [ RunTime:0.0004s ]
SQL: SELECT `isban` FROM `jianghu_user` WHERE `id` = 1 LIMIT 1   [ RunTime:0.0003s ]
SQL: SHOW COLUMNS FROM `jianghu_introduce_domain` [ RunTime:0.0059s ]
SQL: SHOW COLUMNS FROM `jianghu_introduce` [ RunTime:0.0031s ]
SQL: SHOW COLUMNS FROM `jianghu_introduce_images` [ RunTime:0.0034s ]
SQL: SHOW COLUMNS FROM `jianghu_forward` [ RunTime:0.0031s ]
SQL: INSERT INTO `jianghu_introduce` (`text`,`user_id`,`time`,`degree`) VALUES ('这是he的内容','1','2016-10-31 14:15:17','1') [ RunTime:0.1426s ]
SQL: INSERT INTO `jianghu_introduce_domain` (`name`,`introduce_id`) VALUES ('运动','90') [ RunTime:0.1551s ]
NOTIC: [2] Invalid argument supplied for foreach() D:\xampp\htdocs\jianghu\Application\Common\Common\function.php 第 56 行.
NOTIC: [8] Undefined variable: imageinfo D:\xampp\htdocs\jianghu\Application\Common\Common\function.php 第 60 行.
NOTIC: [2] Invalid argument supplied for foreach() D:\xampp\htdocs\jianghu\Application\Home\Controller\IntroduceController.class.php 第 43 行.
SQL: INSERT INTO `jianghu_forward` (`user_id`,`introduce_id`,`original_id`,`time`,`owner_id`,`degree`) VALUES ('1','90','90','2016-10-31 14:15:17','1','1') [ RunTime:0.0685s ]

[ 2016-10-31T14:19:46+08:00 ] ::1 /jianghu/index.php/home/introduce/forward
INFO: [ app_init ] --START--
INFO: Run Behavior\BuildLiteBehavior [ RunTime:0.000025s ]
INFO: [ app_init ] --END-- [ RunTime:0.000709s ]
INFO: [ app_begin ] --START--
INFO: Run Behavior\ReadHtmlCacheBehavior [ RunTime:0.001206s ]
INFO: [ app_begin ] --END-- [ RunTime:0.001297s ]
SQL: SHOW COLUMNS FROM `jianghu_token` [ RunTime:0.0035s ]
SQL: SHOW COLUMNS FROM `jianghu_user` [ RunTime:0.0033s ]
SQL: SELECT * FROM `jianghu_token` WHERE `token` = 'f0eac881e871f806c946703600ca3c5e' AND `state` = 0 LIMIT 1   [ RunTime:0.0004s ]
SQL: SELECT `isban` FROM `jianghu_user` WHERE `id` = 2 LIMIT 1   [ RunTime:0.0003s ]
SQL: SHOW COLUMNS FROM `jianghu_introduce` [ RunTime:0.0029s ]
SQL: SHOW COLUMNS FROM `jianghu_forward` [ RunTime:0.0034s ]
SQL: SHOW COLUMNS FROM `jianghu_friend` [ RunTime:0.0040s ]
SQL: SELECT `user_id` FROM `jianghu_introduce` WHERE `id` = 90 LIMIT 1   [ RunTime:0.0004s ]
SQL: UPDATE `jianghu_user` SET `unreadnum`=unreadnum+1 WHERE `id` = 1 [ RunTime:0.2061s ]
SQL: SELECT `isforward` FROM `jianghu_introduce` WHERE `id` = 90 LIMIT 1   [ RunTime:0.0004s ]
SQL: SELECT `degree` FROM `jianghu_introduce` WHERE `id` = 90 LIMIT 1   [ RunTime:0.0004s ]
SQL: INSERT INTO `jianghu_forward` (`user_id`,`introduce_id`,`time`,`owner_id`,`original_id`,`original_id2`,`degree`) VALUES ('2','90','2016-10-31 14:19:46','1','90','2','2') [ RunTime:0.0627s ]
SQL: INSERT INTO `jianghu_introduce` (`time`,`isforward`,`text`,`user_id`,`degree`,`forward_id`) VALUES ('2016-10-31 14:19:46','90','1','2','2','74') [ RunTime:0.1695s ]
SQL: UPDATE `jianghu_introduce` SET `forwardnum`=forwardnum+1 WHERE `id` = 90 [ RunTime:0.0997s ]

[ 2016-10-31T14:20:32+08:00 ] ::1 /jianghu/index.php/home/introduce/forward
INFO: [ app_init ] --START--
INFO: Run Behavior\BuildLiteBehavior [ RunTime:0.000016s ]
INFO: [ app_init ] --END-- [ RunTime:0.000616s ]
INFO: [ app_begin ] --START--
INFO: Run Behavior\ReadHtmlCacheBehavior [ RunTime:0.000904s ]
INFO: [ app_begin ] --END-- [ RunTime:0.001013s ]
SQL: SHOW COLUMNS FROM `jianghu_token` [ RunTime:0.0346s ]
SQL: SHOW COLUMNS FROM `jianghu_user` [ RunTime:0.0684s ]
SQL: SELECT * FROM `jianghu_token` WHERE `token` = 'f0eac881e871f806c946703600ca3c5e' AND `state` = 0 LIMIT 1   [ RunTime:0.0005s ]
SQL: SELECT `isban` FROM `jianghu_user` WHERE `id` = 19 LIMIT 1   [ RunTime:0.0004s ]
SQL: SHOW COLUMNS FROM `jianghu_introduce` [ RunTime:0.0625s ]
SQL: SHOW COLUMNS FROM `jianghu_forward` [ RunTime:0.0033s ]
SQL: SHOW COLUMNS FROM `jianghu_friend` [ RunTime:0.0322s ]
SQL: SELECT `user_id` FROM `jianghu_introduce` WHERE `id` = 91 LIMIT 1   [ RunTime:0.0003s ]
SQL: UPDATE `jianghu_user` SET `unreadnum`=unreadnum+1 WHERE `id` = 2 [ RunTime:0.2310s ]
SQL: SELECT `isforward` FROM `jianghu_introduce` WHERE `id` = 91 LIMIT 1   [ RunTime:0.0008s ]
SQL: SELECT `degree` FROM `jianghu_introduce` WHERE `id` = 91 LIMIT 1   [ RunTime:0.0007s ]
SQL: SELECT `friend_id` FROM `jianghu_friend` WHERE `user_id` = 19  [ RunTime:0.0007s ]
SQL: SELECT * FROM `jianghu_forward` WHERE `degree` < '2' AND `original_id` = '90' AND `user_id` IN ('19','17','18')  [ RunTime:0.0010s ]
SQL: SELECT `forward_id` FROM `jianghu_introduce` WHERE `id` = 91 LIMIT 1   [ RunTime:0.0006s ]
SQL: SELECT * FROM `jianghu_forward` WHERE `id` = 74  [ RunTime:0.0011s ]
SQL: UPDATE `jianghu_user` SET `praisenum`=praisenum+1 WHERE `id` = 2 [ RunTime:0.1471s ]
SQL: SELECT `user_id` FROM `jianghu_introduce` WHERE `id` = 90 LIMIT 1   [ RunTime:0.0028s ]
SQL: UPDATE `jianghu_user` SET `praisenum`=praisenum+1 WHERE `id` = 1 [ RunTime:0.1989s ]
SQL: INSERT INTO `jianghu_forward` (`user_id`,`introduce_id`,`time`,`owner_id`,`original_id`,`original_id3`,`original_id2`,`degree`) VALUES ('19','91','2016-10-31 14:20:31','2','90','19','2','3') [ RunTime:0.1964s ]
SQL: INSERT INTO `jianghu_introduce` (`time`,`isforward`,`text`,`user_id`,`degree`,`forward_id`) VALUES ('2016-10-31 14:20:31','90','1','19','3','75') [ RunTime:0.1992s ]
SQL: UPDATE `jianghu_introduce` SET `forwardnum`=forwardnum+1 WHERE `id` = 91 [ RunTime:0.2262s ]

[ 2016-10-31T14:21:15+08:00 ] ::1 /jianghu/index.php/home/introduce/forward
INFO: [ app_init ] --START--
INFO: Run Behavior\BuildLiteBehavior [ RunTime:0.000015s ]
INFO: [ app_init ] --END-- [ RunTime:0.000509s ]
INFO: [ app_begin ] --START--
INFO: Run Behavior\ReadHtmlCacheBehavior [ RunTime:0.000873s ]
INFO: [ app_begin ] --END-- [ RunTime:0.000946s ]
SQL: SHOW COLUMNS FROM `jianghu_token` [ RunTime:0.0034s ]
SQL: SHOW COLUMNS FROM `jianghu_user` [ RunTime:0.0032s ]
SQL: SELECT * FROM `jianghu_token` WHERE `token` = 'f0eac881e871f806c946703600ca3c5e' AND `state` = 0 LIMIT 1   [ RunTime:0.0005s ]
SQL: SELECT `isban` FROM `jianghu_user` WHERE `id` = 26 LIMIT 1   [ RunTime:0.0004s ]
SQL: SHOW COLUMNS FROM `jianghu_introduce` [ RunTime:0.0032s ]
SQL: SHOW COLUMNS FROM `jianghu_forward` [ RunTime:0.0030s ]
SQL: SHOW COLUMNS FROM `jianghu_friend` [ RunTime:0.0035s ]
SQL: SELECT `user_id` FROM `jianghu_introduce` WHERE `id` = 92 LIMIT 1   [ RunTime:0.0003s ]
SQL: UPDATE `jianghu_user` SET `unreadnum`=unreadnum+1 WHERE `id` = 19 [ RunTime:0.0722s ]
SQL: SELECT `isforward` FROM `jianghu_introduce` WHERE `id` = 92 LIMIT 1   [ RunTime:0.0003s ]
SQL: SELECT `degree` FROM `jianghu_introduce` WHERE `id` = 92 LIMIT 1   [ RunTime:0.0003s ]
SQL: SELECT `friend_id` FROM `jianghu_friend` WHERE `user_id` = 26  [ RunTime:0.0003s ]
SQL: SELECT * FROM `jianghu_forward` WHERE `degree` < '3' AND `original_id` = '90' AND `user_id` IN ('26')  [ RunTime:0.0004s ]
SQL: SELECT `forward_id` FROM `jianghu_introduce` WHERE `id` = 92 LIMIT 1   [ RunTime:0.0002s ]
SQL: SELECT * FROM `jianghu_forward` WHERE `id` = 75  [ RunTime:0.0004s ]
SQL: UPDATE `jianghu_user` SET `praisenum`=praisenum+2 WHERE `id` = 2 [ RunTime:0.0463s ]
SQL: UPDATE `jianghu_user` SET `praisenum`=praisenum+1 WHERE `id` = 19 [ RunTime:0.0617s ]
SQL: SELECT `user_id` FROM `jianghu_introduce` WHERE `id` = 90 LIMIT 1   [ RunTime:0.0010s ]
SQL: UPDATE `jianghu_user` SET `praisenum`=praisenum+2 WHERE `id` = 1 [ RunTime:0.1268s ]
SQL: INSERT INTO `jianghu_forward` (`user_id`,`introduce_id`,`time`,`owner_id`,`original_id`,`original_id4`,`original_id2`,`original_id3`,`degree`) VALUES ('26','92','2016-10-31 14:21:14','19','90','26','2','19','4') [ RunTime:0.1179s ]
SQL: INSERT INTO `jianghu_introduce` (`time`,`isforward`,`text`,`user_id`,`degree`,`forward_id`) VALUES ('2016-10-31 14:21:14','90','1','26','4','76') [ RunTime:0.0816s ]
SQL: UPDATE `jianghu_introduce` SET `forwardnum`=forwardnum+1 WHERE `id` = 92 [ RunTime:0.0968s ]

[ 2016-10-31T14:27:52+08:00 ] ::1 /jianghu/index.php/home/introduce/forward
INFO: [ app_init ] --START--
INFO: Run Behavior\BuildLiteBehavior [ RunTime:0.000015s ]
INFO: [ app_init ] --END-- [ RunTime:0.000585s ]
INFO: [ app_begin ] --START--
INFO: Run Behavior\ReadHtmlCacheBehavior [ RunTime:0.000871s ]
INFO: [ app_begin ] --END-- [ RunTime:0.000933s ]
SQL: SHOW COLUMNS FROM `jianghu_token` [ RunTime:0.0028s ]
SQL: SHOW COLUMNS FROM `jianghu_user` [ RunTime:0.0030s ]
SQL: SELECT * FROM `jianghu_token` WHERE `token` = 'f0eac881e871f806c946703600ca3c5e' AND `state` = 0 LIMIT 1   [ RunTime:0.0413s ]
SQL: SELECT `isban` FROM `jianghu_user` WHERE `id` = 26 LIMIT 1   [ RunTime:0.0007s ]
SQL: SHOW COLUMNS FROM `jianghu_introduce` [ RunTime:0.0096s ]
SQL: SHOW COLUMNS FROM `jianghu_forward` [ RunTime:0.0074s ]
SQL: SHOW COLUMNS FROM `jianghu_friend` [ RunTime:0.0057s ]
SQL: SELECT `user_id` FROM `jianghu_introduce` WHERE `id` = 93 LIMIT 1   [ RunTime:0.0007s ]
SQL: UPDATE `jianghu_user` SET `unreadnum`=unreadnum+1 WHERE `id` = 26 [ RunTime:0.0557s ]
SQL: SELECT `isforward` FROM `jianghu_introduce` WHERE `id` = 93 LIMIT 1   [ RunTime:0.0009s ]
SQL: SELECT `degree` FROM `jianghu_introduce` WHERE `id` = 93 LIMIT 1   [ RunTime:0.0007s ]
SQL: SELECT `friend_id` FROM `jianghu_friend` WHERE `user_id` = 26  [ RunTime:0.0008s ]
SQL: SELECT * FROM `jianghu_forward` WHERE `degree` < '4' AND `original_id` = '90' AND `user_id` IN ('26')  [ RunTime:0.0011s ]
SQL: SELECT `forward_id` FROM `jianghu_introduce` WHERE `id` = 93 LIMIT 1   [ RunTime:0.0009s ]
SQL: SELECT * FROM `jianghu_forward` WHERE `id` = 76  [ RunTime:0.0008s ]
SQL: UPDATE `jianghu_user` SET `praisenum`=praisenum+3 WHERE `id` = 2 [ RunTime:0.1390s ]
SQL: UPDATE `jianghu_user` SET `praisenum`=praisenum+2 WHERE `id` = 19 [ RunTime:0.0681s ]
SQL: UPDATE `jianghu_user` SET `praisenum`=praisenum+1 WHERE `id` = 26 [ RunTime:0.0752s ]
SQL: SELECT `user_id` FROM `jianghu_introduce` WHERE `id` = 90 LIMIT 1   [ RunTime:0.0017s ]
SQL: UPDATE `jianghu_user` SET `praisenum`=praisenum+4 WHERE `id` = 1 [ RunTime:0.0612s ]
SQL: INSERT INTO `jianghu_forward` (`user_id`,`introduce_id`,`time`,`owner_id`,`original_id`,`original_id5`,`original_id2`,`original_id3`,`original_id4`,`degree`) VALUES ('26','93','2016-10-31 14:27:51','26','90','26','2','19','26','5') [ RunTime:0.0658s ]
SQL: INSERT INTO `jianghu_introduce` (`time`,`isforward`,`text`,`user_id`,`degree`,`forward_id`) VALUES ('2016-10-31 14:27:51','90','1','26','5','77') [ RunTime:0.0687s ]
SQL: UPDATE `jianghu_introduce` SET `forwardnum`=forwardnum+1 WHERE `id` = 93 [ RunTime:0.0775s ]

[ 2016-10-31T15:06:30+08:00 ] ::1 /jianghu/index.php/home/introduce/forward
INFO: [ app_init ] --START--
INFO: Run Behavior\BuildLiteBehavior [ RunTime:0.000014s ]
INFO: [ app_init ] --END-- [ RunTime:0.000616s ]
INFO: [ app_begin ] --START--
INFO: Run Behavior\ReadHtmlCacheBehavior [ RunTime:0.000801s ]
INFO: [ app_begin ] --END-- [ RunTime:0.000872s ]
SQL: SHOW COLUMNS FROM `jianghu_token` [ RunTime:0.0030s ]
SQL: SHOW COLUMNS FROM `jianghu_user` [ RunTime:0.0027s ]
SQL: SELECT * FROM `jianghu_token` WHERE `token` = 'f0eac881e871f806c946703600ca3c5e' AND `state` = 0 LIMIT 1   [ RunTime:0.0004s ]
SQL: SELECT `isban` FROM `jianghu_user` WHERE `id` = 25 LIMIT 1   [ RunTime:0.0003s ]
SQL: SHOW COLUMNS FROM `jianghu_introduce` [ RunTime:0.0028s ]
SQL: SHOW COLUMNS FROM `jianghu_forward` [ RunTime:0.0028s ]
SQL: SHOW COLUMNS FROM `jianghu_friend` [ RunTime:0.0031s ]
SQL: SELECT `user_id` FROM `jianghu_introduce` WHERE `id` = 94 LIMIT 1   [ RunTime:0.0003s ]
SQL: UPDATE `jianghu_user` SET `unreadnum`=unreadnum+1 WHERE `id` = 26 [ RunTime:0.1275s ]
SQL: SELECT `isforward` FROM `jianghu_introduce` WHERE `id` = 94 LIMIT 1   [ RunTime:0.0007s ]
SQL: SELECT `degree` FROM `jianghu_introduce` WHERE `id` = 94 LIMIT 1   [ RunTime:0.0006s ]
SQL: SELECT `friend_id` FROM `jianghu_friend` WHERE `user_id` = 25  [ RunTime:0.0007s ]
SQL: SELECT * FROM `jianghu_forward` WHERE `degree` < '5' AND `original_id` = '90' AND `user_id` IN ('25')  [ RunTime:0.0011s ]
SQL: SELECT `forward_id` FROM `jianghu_introduce` WHERE `id` = 94 LIMIT 1   [ RunTime:0.0006s ]
SQL: SELECT * FROM `jianghu_forward` WHERE `id` = 77  [ RunTime:0.0008s ]
SQL: UPDATE `jianghu_user` SET `praisenum`=praisenum+4 WHERE `id` = 2 [ RunTime:0.0580s ]
SQL: UPDATE `jianghu_user` SET `praisenum`=praisenum+3 WHERE `id` = 19 [ RunTime:0.0587s ]
SQL: UPDATE `jianghu_user` SET `praisenum`=praisenum+2 WHERE `id` = 26 [ RunTime:0.0323s ]
SQL: UPDATE `jianghu_user` SET `praisenum`=praisenum+1 WHERE `id` = 26 [ RunTime:0.0433s ]
SQL: SELECT `user_id` FROM `jianghu_introduce` WHERE `id` = 90 LIMIT 1   [ RunTime:0.0007s ]
SQL: UPDATE `jianghu_user` SET `praisenum`=praisenum+8 WHERE `id` = 1 [ RunTime:0.0408s ]
SQL: SELECT `forward_id` FROM `jianghu_introduce` WHERE `id` = 94 LIMIT 1   [ RunTime:0.0011s ]
SQL: SELECT `user_id` FROM `jianghu_forward` WHERE `id` = 77 LIMIT 1   [ RunTime:0.0008s ]
SQL: INSERT INTO `jianghu_forward` (`user_id`,`introduce_id`,`time`,`owner_id`,`original_id`,`original_id6`,`original_id2`,`original_id3`,`original_id4`,`original_id5`,`degree`) VALUES ('25','94','2016-10-31 15:06:29','26','90','25','2','19','26','26','6') [ RunTime:0.0430s ]
SQL: INSERT INTO `jianghu_introduce` (`time`,`isforward`,`text`,`user_id`,`degree`,`forward_id`) VALUES ('2016-10-31 15:06:29','90','1','25','6','78') [ RunTime:0.0446s ]
SQL: UPDATE `jianghu_introduce` SET `forwardnum`=forwardnum+1 WHERE `id` = 94 [ RunTime:0.0856s ]

[ 2016-10-31T15:06:59+08:00 ] ::1 /jianghu/index.php/home/introduce/forward
INFO: [ app_init ] --START--
INFO: Run Behavior\BuildLiteBehavior [ RunTime:0.000019s ]
INFO: [ app_init ] --END-- [ RunTime:0.000753s ]
INFO: [ app_begin ] --START--
INFO: Run Behavior\ReadHtmlCacheBehavior [ RunTime:0.000830s ]
INFO: [ app_begin ] --END-- [ RunTime:0.000899s ]
SQL: SHOW COLUMNS FROM `jianghu_token` [ RunTime:0.0028s ]
SQL: SHOW COLUMNS FROM `jianghu_user` [ RunTime:0.0028s ]
SQL: SELECT * FROM `jianghu_token` WHERE `token` = 'f0eac881e871f806c946703600ca3c5e' AND `state` = 0 LIMIT 1   [ RunTime:0.0004s ]
SQL: SELECT `isban` FROM `jianghu_user` WHERE `id` = 3 LIMIT 1   [ RunTime:0.0003s ]
SQL: SHOW COLUMNS FROM `jianghu_introduce` [ RunTime:0.0027s ]
SQL: SHOW COLUMNS FROM `jianghu_forward` [ RunTime:0.0028s ]
SQL: SHOW COLUMNS FROM `jianghu_friend` [ RunTime:0.0026s ]
SQL: SELECT `user_id` FROM `jianghu_introduce` WHERE `id` = 95 LIMIT 1   [ RunTime:0.0003s ]
SQL: UPDATE `jianghu_user` SET `unreadnum`=unreadnum+1 WHERE `id` = 25 [ RunTime:0.0613s ]
SQL: SELECT `isforward` FROM `jianghu_introduce` WHERE `id` = 95 LIMIT 1   [ RunTime:0.0007s ]
SQL: SELECT `degree` FROM `jianghu_introduce` WHERE `id` = 95 LIMIT 1   [ RunTime:0.0006s ]
SQL: SELECT `friend_id` FROM `jianghu_friend` WHERE `user_id` = 3  [ RunTime:0.0007s ]
SQL: SELECT * FROM `jianghu_forward` WHERE `degree` < '6' AND `original_id` = '90' AND `user_id` IN ('3','1')  [ RunTime:0.0014s ]
SQL: SELECT `user_id` FROM `jianghu_introduce` WHERE `id` = 90 LIMIT 1   [ RunTime:0.0006s ]
SQL: SELECT `forward_id` FROM `jianghu_introduce` WHERE `id` = 95 LIMIT 1   [ RunTime:0.0006s ]
SQL: SELECT `user_id` FROM `jianghu_forward` WHERE `id` = 78 LIMIT 1   [ RunTime:0.0007s ]
SQL: INSERT INTO `jianghu_forward` (`user_id`,`introduce_id`,`time`,`owner_id`,`original_id`,`original_id2`,`degree`) VALUES ('3','95','2016-10-31 15:06:58','25','90','3','2') [ RunTime:0.0364s ]
SQL: INSERT INTO `jianghu_introduce` (`time`,`isforward`,`text`,`user_id`,`degree`,`forward_id`) VALUES ('2016-10-31 15:06:58','90','1','3','2','79') [ RunTime:0.0444s ]
SQL: UPDATE `jianghu_introduce` SET `forwardnum`=forwardnum+1 WHERE `id` = 95 [ RunTime:0.0431s ]

[ 2016-10-31T16:03:00+08:00 ] ::1 /jianghu/index.php/home/introduce/forward
INFO: [ app_init ] --START--
INFO: Run Behavior\BuildLiteBehavior [ RunTime:0.000014s ]
INFO: [ app_init ] --END-- [ RunTime:0.000642s ]
INFO: [ app_begin ] --START--
INFO: Run Behavior\ReadHtmlCacheBehavior [ RunTime:0.001227s ]
INFO: [ app_begin ] --END-- [ RunTime:0.001320s ]
SQL: SHOW COLUMNS FROM `jianghu_token` [ RunTime:0.0084s ]
SQL: SHOW COLUMNS FROM `jianghu_user` [ RunTime:0.0028s ]
SQL: SHOW COLUMNS FROM `jianghu_login_count` [ RunTime:0.0025s ]
SQL: SHOW COLUMNS FROM `jianghu_daily_num` [ RunTime:0.0026s ]
SQL: SELECT * FROM `jianghu_token` WHERE `token` = 'f0eac881e871f806c946703600ca3c5e' AND `state` = 0 LIMIT 1   [ RunTime:0.0004s ]
SQL: SELECT `isban` FROM `jianghu_user` WHERE `id` = 12 LIMIT 1   [ RunTime:0.0003s ]
SQL: SELECT * FROM `jianghu_login_count` WHERE `user_id` = 12 AND `date` = '2016-10-31' LIMIT 1   [ RunTime:0.0003s ]
SQL: UPDATE `jianghu_daily_num` SET `lognum`=lognum+1 WHERE `date` = '2016-10-31' [ RunTime:0.0003s ]
SQL: SHOW COLUMNS FROM `jianghu_introduce` [ RunTime:0.0034s ]
SQL: SHOW COLUMNS FROM `jianghu_forward` [ RunTime:0.0028s ]
SQL: SHOW COLUMNS FROM `jianghu_friend` [ RunTime:0.0029s ]
SQL: SELECT `user_id` FROM `jianghu_introduce` WHERE `id` = 95 LIMIT 1   [ RunTime:0.0003s ]
SQL: UPDATE `jianghu_user` SET `unreadnum`=unreadnum+1 WHERE `id` = 25 [ RunTime:0.0666s ]
SQL: SELECT `isforward` FROM `jianghu_introduce` WHERE `id` = 95 LIMIT 1   [ RunTime:0.0007s ]
SQL: SELECT `degree` FROM `jianghu_introduce` WHERE `id` = 95 LIMIT 1   [ RunTime:0.0007s ]
SQL: SELECT `forward_id` FROM `jianghu_introduce` WHERE `id` = 95 LIMIT 1   [ RunTime:0.0008s ]
SQL: SELECT `friend_id` FROM `jianghu_friend` WHERE `user_id` = 12  [ RunTime:0.0008s ]
SQL: SELECT * FROM `jianghu_forward` WHERE `degree` < '6' AND `original_id` = '90' AND `user_id` IN ('12')  [ RunTime:0.0011s ]
SQL: SELECT * FROM `jianghu_forward` WHERE `id` = 78  [ RunTime:0.0009s ]
SQL: UPDATE `jianghu_user` SET `praisenum`=praisenum+5 WHERE `id` = 2 [ RunTime:0.0379s ]
SQL: UPDATE `jianghu_user` SET `praisenum`=praisenum+4 WHERE `id` = 19 [ RunTime:0.0434s ]
SQL: UPDATE `jianghu_user` SET `praisenum`=praisenum+3 WHERE `id` = 26 [ RunTime:0.0448s ]
SQL: UPDATE `jianghu_user` SET `praisenum`=praisenum+2 WHERE `id` = 26 [ RunTime:0.0428s ]
SQL: UPDATE `jianghu_user` SET `praisenum`=praisenum+1 WHERE `id` = 25 [ RunTime:0.0453s ]
SQL: SELECT `user_id` FROM `jianghu_introduce` WHERE `id` = 90 LIMIT 1   [ RunTime:0.0007s ]
SQL: UPDATE `jianghu_user` SET `praisenum`=praisenum+16 WHERE `id` = 1 [ RunTime:0.0396s ]
SQL: SELECT `user_id` FROM `jianghu_forward` WHERE `id` = 78 LIMIT 1   [ RunTime:0.0007s ]
SQL: INSERT INTO `jianghu_forward` (`user_id`,`introduce_id`,`time`,`owner_id`,`original_id`,`original_id7`,`original_id2`,`original_id3`,`original_id4`,`original_id5`,`original_id6`,`degree`) VALUES ('12','95','2016-10-31 16:02:59','25','90','12','2','19','26','26','25','7') [ RunTime:0.0460s ]
SQL: INSERT INTO `jianghu_introduce` (`time`,`isforward`,`text`,`user_id`,`degree`,`forward_id`) VALUES ('2016-10-31 16:02:59','90','1','12','7','80') [ RunTime:0.0405s ]
SQL: UPDATE `jianghu_introduce` SET `forwardnum`=forwardnum+1 WHERE `id` = 95 [ RunTime:0.0474s ]
SQL: UPDATE `jianghu_introduce` SET `praisenum`=praisenum+1 WHERE `id` = 90 [ RunTime:0.0646s ]

[ 2016-10-31T16:04:32+08:00 ] ::1 /jianghu/index.php/home/introduce/forward
INFO: [ app_init ] --START--
INFO: Run Behavior\BuildLiteBehavior [ RunTime:0.000013s ]
INFO: [ app_init ] --END-- [ RunTime:0.000588s ]
INFO: [ app_begin ] --START--
INFO: Run Behavior\ReadHtmlCacheBehavior [ RunTime:0.001003s ]
INFO: [ app_begin ] --END-- [ RunTime:0.001074s ]
SQL: SHOW COLUMNS FROM `jianghu_token` [ RunTime:0.0577s ]
SQL: SHOW COLUMNS FROM `jianghu_user` [ RunTime:0.0069s ]
SQL: SHOW COLUMNS FROM `jianghu_login_count` [ RunTime:0.0076s ]
SQL: SHOW COLUMNS FROM `jianghu_daily_num` [ RunTime:0.0064s ]
SQL: SELECT * FROM `jianghu_token` WHERE `token` = 'f0eac881e871f806c946703600ca3c5e' AND `state` = 0 LIMIT 1   [ RunTime:0.0010s ]
SQL: SELECT `isban` FROM `jianghu_user` WHERE `id` = 13 LIMIT 1   [ RunTime:0.0007s ]
SQL: SELECT * FROM `jianghu_login_count` WHERE `user_id` = 13 AND `date` = '2016-10-31' LIMIT 1   [ RunTime:0.0007s ]
SQL: INSERT INTO `jianghu_login_count` (`user_id`,`date`) VALUES ('13','2016-10-31') [ RunTime:0.0656s ]
SQL: UPDATE `jianghu_daily_num` SET `lognum`=lognum+1 WHERE `date` = '2016-10-31' [ RunTime:0.0007s ]
SQL: SHOW COLUMNS FROM `jianghu_introduce` [ RunTime:0.0082s ]
SQL: SHOW COLUMNS FROM `jianghu_forward` [ RunTime:0.0084s ]
SQL: SHOW COLUMNS FROM `jianghu_friend` [ RunTime:0.0064s ]
SQL: SELECT `user_id` FROM `jianghu_introduce` WHERE `id` = 95 LIMIT 1   [ RunTime:0.0007s ]
SQL: UPDATE `jianghu_user` SET `unreadnum`=unreadnum+1 WHERE `id` = 25 [ RunTime:0.0514s ]
SQL: SELECT `isforward` FROM `jianghu_introduce` WHERE `id` = 95 LIMIT 1   [ RunTime:0.0007s ]
SQL: SELECT `degree` FROM `jianghu_introduce` WHERE `id` = 95 LIMIT 1   [ RunTime:0.0006s ]
SQL: SELECT `forward_id` FROM `jianghu_introduce` WHERE `id` = 95 LIMIT 1   [ RunTime:0.0005s ]
SQL: SELECT `friend_id` FROM `jianghu_friend` WHERE `user_id` = 13  [ RunTime:0.0006s ]
SQL: SELECT * FROM `jianghu_forward` WHERE `degree` < '6' AND `original_id` = '90' AND `user_id` IN ('13')  [ RunTime:0.0017s ]
SQL: SELECT * FROM `jianghu_forward` WHERE `id` = 78  [ RunTime:0.0013s ]
SQL: UPDATE `jianghu_user` SET `praisenum`=praisenum+5 WHERE `id` = 2 [ RunTime:0.0343s ]
SQL: UPDATE `jianghu_user` SET `praisenum`=praisenum+4 WHERE `id` = 19 [ RunTime:0.0444s ]
SQL: UPDATE `jianghu_user` SET `praisenum`=praisenum+3 WHERE `id` = 26 [ RunTime:0.0704s ]
SQL: UPDATE `jianghu_user` SET `praisenum`=praisenum+2 WHERE `id` = 26 [ RunTime:0.0604s ]
SQL: UPDATE `jianghu_user` SET `praisenum`=praisenum+1 WHERE `id` = 25 [ RunTime:0.0828s ]
SQL: SELECT `user_id` FROM `jianghu_introduce` WHERE `id` = 90 LIMIT 1   [ RunTime:0.0008s ]
SQL: UPDATE `jianghu_user` SET `praisenum`=praisenum+16 WHERE `id` = 1 [ RunTime:0.1226s ]
SQL: SELECT `user_id` FROM `jianghu_forward` WHERE `id` = 78 LIMIT 1   [ RunTime:0.0009s ]
SQL: INSERT INTO `jianghu_forward` (`user_id`,`introduce_id`,`time`,`owner_id`,`original_id`,`original_id7`,`original_id2`,`original_id3`,`original_id4`,`original_id5`,`original_id6`,`degree`) VALUES ('13','95','2016-10-31 16:04:31','25','90','13','2','19','26','26','25','7') [ RunTime:0.1201s ]
SQL: INSERT INTO `jianghu_introduce` (`time`,`isforward`,`text`,`user_id`,`degree`,`forward_id`) VALUES ('2016-10-31 16:04:31','90','1','13','7','81') [ RunTime:0.0783s ]
SQL: UPDATE `jianghu_introduce` SET `forwardnum`=forwardnum+1 WHERE `id` = 95 [ RunTime:0.0803s ]
SQL: UPDATE `jianghu_introduce` SET `praisenum`=praisenum+1 WHERE `id` = 90 [ RunTime:0.0690s ]

[ 2016-10-31T16:06:33+08:00 ] ::1 /jianghu/index.php/home/introduce/forward
INFO: [ app_init ] --START--
INFO: Run Behavior\BuildLiteBehavior [ RunTime:0.000014s ]
INFO: [ app_init ] --END-- [ RunTime:0.000640s ]
INFO: [ app_begin ] --START--
INFO: Run Behavior\ReadHtmlCacheBehavior [ RunTime:0.001051s ]
INFO: [ app_begin ] --END-- [ RunTime:0.001119s ]
SQL: SHOW COLUMNS FROM `jianghu_token` [ RunTime:0.0071s ]
SQL: SHOW COLUMNS FROM `jianghu_user` [ RunTime:0.0560s ]
SQL: SHOW COLUMNS FROM `jianghu_login_count` [ RunTime:0.0079s ]
SQL: SHOW COLUMNS FROM `jianghu_daily_num` [ RunTime:0.0064s ]
SQL: SELECT * FROM `jianghu_token` WHERE `token` = 'f0eac881e871f806c946703600ca3c5e' AND `state` = 0 LIMIT 1   [ RunTime:0.0010s ]
SQL: SELECT `isban` FROM `jianghu_user` WHERE `id` = 14 LIMIT 1   [ RunTime:0.0008s ]
SQL: SELECT * FROM `jianghu_login_count` WHERE `user_id` = 14 AND `date` = '2016-10-31' LIMIT 1   [ RunTime:0.0008s ]
SQL: INSERT INTO `jianghu_login_count` (`user_id`,`date`) VALUES ('14','2016-10-31') [ RunTime:0.0952s ]
SQL: UPDATE `jianghu_daily_num` SET `lognum`=lognum+1 WHERE `date` = '2016-10-31' [ RunTime:0.0007s ]
SQL: SHOW COLUMNS FROM `jianghu_introduce` [ RunTime:0.0323s ]
SQL: SHOW COLUMNS FROM `jianghu_forward` [ RunTime:0.0447s ]
SQL: SHOW COLUMNS FROM `jianghu_friend` [ RunTime:0.0061s ]
SQL: SELECT `user_id` FROM `jianghu_introduce` WHERE `id` = 95 LIMIT 1   [ RunTime:0.0007s ]
SQL: UPDATE `jianghu_user` SET `unreadnum`=unreadnum+1 WHERE `id` = 25 [ RunTime:0.0509s ]
SQL: SELECT `isforward` FROM `jianghu_introduce` WHERE `id` = 95 LIMIT 1   [ RunTime:0.0009s ]
SQL: SELECT `degree` FROM `jianghu_introduce` WHERE `id` = 95 LIMIT 1   [ RunTime:0.0007s ]
SQL: SELECT `forward_id` FROM `jianghu_introduce` WHERE `id` = 95 LIMIT 1   [ RunTime:0.0007s ]
SQL: SELECT `friend_id` FROM `jianghu_friend` WHERE `user_id` = 14  [ RunTime:0.0007s ]
SQL: SELECT * FROM `jianghu_forward` WHERE `degree` < '6' AND `original_id` = '90' AND `user_id` IN ('14')  [ RunTime:0.0009s ]
SQL: SELECT * FROM `jianghu_forward` WHERE `id` = 78  [ RunTime:0.0009s ]
SQL: UPDATE `jianghu_user` SET `praisenum`=praisenum+5 WHERE `id` = 2 [ RunTime:0.0372s ]
SQL: UPDATE `jianghu_user` SET `praisenum`=praisenum+4 WHERE `id` = 19 [ RunTime:0.0585s ]
SQL: UPDATE `jianghu_user` SET `praisenum`=praisenum+3 WHERE `id` = 26 [ RunTime:0.0408s ]
SQL: UPDATE `jianghu_user` SET `praisenum`=praisenum+2 WHERE `id` = 26 [ RunTime:0.0417s ]
SQL: UPDATE `jianghu_user` SET `praisenum`=praisenum+1 WHERE `id` = 25 [ RunTime:0.0602s ]
SQL: SELECT `user_id` FROM `jianghu_introduce` WHERE `id` = 90 LIMIT 1   [ RunTime:0.0007s ]
SQL: UPDATE `jianghu_user` SET `praisenum`=praisenum+16 WHERE `id` = 1 [ RunTime:0.0406s ]
SQL: SELECT `user_id` FROM `jianghu_forward` WHERE `id` = 78 LIMIT 1   [ RunTime:0.0007s ]
SQL: INSERT INTO `jianghu_forward` (`user_id`,`introduce_id`,`time`,`owner_id`,`original_id`,`original_id7`,`original_id2`,`original_id3`,`original_id4`,`original_id5`,`original_id6`,`degree`) VALUES ('14','95','2016-10-31 16:06:33','25','90','14','2','19','26','26','25','7') [ RunTime:0.0420s ]
SQL: INSERT INTO `jianghu_introduce` (`time`,`isforward`,`text`,`user_id`,`degree`,`forward_id`) VALUES ('2016-10-31 16:06:33','90','1','14','7','82') [ RunTime:0.0445s ]
SQL: UPDATE `jianghu_introduce` SET `forwardnum`=forwardnum+1 WHERE `id` = 95 [ RunTime:0.0549s ]
SQL: UPDATE `jianghu_introduce` SET `praisenum`=praisenum+1 WHERE `id` = 90 [ RunTime:0.0436s ]

[ 2016-10-31T16:11:27+08:00 ] ::1 /jianghu/index.php/home/introduce/forward
INFO: [ app_init ] --START--
INFO: Run Behavior\BuildLiteBehavior [ RunTime:0.000015s ]
INFO: [ app_init ] --END-- [ RunTime:0.000685s ]
INFO: [ app_begin ] --START--
INFO: Run Behavior\ReadHtmlCacheBehavior [ RunTime:0.001113s ]
INFO: [ app_begin ] --END-- [ RunTime:0.001182s ]
SQL: SHOW COLUMNS FROM `jianghu_token` [ RunTime:0.0033s ]
SQL: SHOW COLUMNS FROM `jianghu_user` [ RunTime:0.0029s ]
SQL: SHOW COLUMNS FROM `jianghu_login_count` [ RunTime:0.0030s ]
SQL: SHOW COLUMNS FROM `jianghu_daily_num` [ RunTime:0.0027s ]
SQL: SELECT * FROM `jianghu_token` WHERE `token` = 'f0eac881e871f806c946703600ca3c5e' AND `state` = 0 LIMIT 1   [ RunTime:0.0072s ]
SQL: SELECT `isban` FROM `jianghu_user` WHERE `id` = 15 LIMIT 1   [ RunTime:0.0003s ]
SQL: SELECT * FROM `jianghu_login_count` WHERE `user_id` = 15 AND `date` = '2016-10-31' LIMIT 1   [ RunTime:0.0003s ]
SQL: INSERT INTO `jianghu_login_count` (`user_id`,`date`) VALUES ('15','2016-10-31') [ RunTime:0.0569s ]
SQL: UPDATE `jianghu_daily_num` SET `lognum`=lognum+1 WHERE `date` = '2016-10-31' [ RunTime:0.0007s ]
SQL: SHOW COLUMNS FROM `jianghu_introduce` [ RunTime:0.0074s ]
SQL: SHOW COLUMNS FROM `jianghu_forward` [ RunTime:0.0082s ]
SQL: SHOW COLUMNS FROM `jianghu_friend` [ RunTime:0.0067s ]
SQL: SELECT `user_id` FROM `jianghu_introduce` WHERE `id` = 95 LIMIT 1   [ RunTime:0.0010s ]
SQL: UPDATE `jianghu_user` SET `unreadnum`=unreadnum+1 WHERE `id` = 25 [ RunTime:0.0479s ]
SQL: SELECT `isforward` FROM `jianghu_introduce` WHERE `id` = 95 LIMIT 1   [ RunTime:0.0007s ]
SQL: SELECT `degree` FROM `jianghu_introduce` WHERE `id` = 95 LIMIT 1   [ RunTime:0.0006s ]
SQL: SELECT `forward_id` FROM `jianghu_introduce` WHERE `id` = 95 LIMIT 1   [ RunTime:0.0007s ]
SQL: SELECT `friend_id` FROM `jianghu_friend` WHERE `user_id` = 15  [ RunTime:0.0007s ]
SQL: SELECT * FROM `jianghu_forward` WHERE `degree` < '6' AND `original_id` = '90' AND `user_id` IN ('15','10')  [ RunTime:0.0010s ]
SQL: SELECT * FROM `jianghu_forward` WHERE `id` = 78  [ RunTime:0.0008s ]
SQL: UPDATE `jianghu_user` SET `praisenum`=praisenum+5 WHERE `id` = 2 [ RunTime:0.0319s ]
SQL: UPDATE `jianghu_user` SET `praisenum`=praisenum+4 WHERE `id` = 19 [ RunTime:0.0578s ]
SQL: UPDATE `jianghu_user` SET `praisenum`=praisenum+3 WHERE `id` = 26 [ RunTime:0.0415s ]
SQL: UPDATE `jianghu_user` SET `praisenum`=praisenum+2 WHERE `id` = 26 [ RunTime:0.0574s ]
SQL: UPDATE `jianghu_user` SET `praisenum`=praisenum+1 WHERE `id` = 25 [ RunTime:0.0576s ]
SQL: SELECT `user_id` FROM `jianghu_introduce` WHERE `id` = 90 LIMIT 1   [ RunTime:0.0008s ]
SQL: UPDATE `jianghu_user` SET `praisenum`=praisenum+16 WHERE `id` = 1 [ RunTime:0.0557s ]
SQL: SELECT `user_id` FROM `jianghu_forward` WHERE `id` = 78 LIMIT 1   [ RunTime:0.0008s ]
SQL: INSERT INTO `jianghu_forward` (`user_id`,`introduce_id`,`time`,`owner_id`,`original_id`,`original_id7`,`original_id2`,`original_id3`,`original_id4`,`original_id5`,`original_id6`,`degree`) VALUES ('15','95','2016-10-31 16:11:27','25','90','15','2','19','26','26','25','7') [ RunTime:0.0839s ]
SQL: INSERT INTO `jianghu_introduce` (`time`,`isforward`,`text`,`user_id`,`degree`,`forward_id`) VALUES ('2016-10-31 16:11:27','90','1','15','7','83') [ RunTime:0.0405s ]
SQL: UPDATE `jianghu_introduce` SET `forwardnum`=forwardnum+1 WHERE `id` = 95 [ RunTime:0.1466s ]
SQL: UPDATE `jianghu_introduce` SET `praisenum`=praisenum+1 WHERE `id` = 90 [ RunTime:0.1698s ]

[ 2016-10-31T16:12:53+08:00 ] ::1 /jianghu/index.php/home/introduce/forward
INFO: [ app_init ] --START--
INFO: Run Behavior\BuildLiteBehavior [ RunTime:0.000015s ]
INFO: [ app_init ] --END-- [ RunTime:0.000656s ]
INFO: [ app_begin ] --START--
INFO: Run Behavior\ReadHtmlCacheBehavior [ RunTime:0.001002s ]
INFO: [ app_begin ] --END-- [ RunTime:0.001062s ]
SQL: SHOW COLUMNS FROM `jianghu_token` [ RunTime:0.0369s ]
SQL: SHOW COLUMNS FROM `jianghu_user` [ RunTime:0.0031s ]
SQL: SHOW COLUMNS FROM `jianghu_login_count` [ RunTime:0.0033s ]
SQL: SHOW COLUMNS FROM `jianghu_daily_num` [ RunTime:0.0026s ]
SQL: SELECT * FROM `jianghu_token` WHERE `token` = 'f0eac881e871f806c946703600ca3c5e' AND `state` = 0 LIMIT 1   [ RunTime:0.0021s ]
SQL: SELECT `isban` FROM `jianghu_user` WHERE `id` = 17 LIMIT 1   [ RunTime:0.0003s ]
SQL: SELECT * FROM `jianghu_login_count` WHERE `user_id` = 17 AND `date` = '2016-10-31' LIMIT 1   [ RunTime:0.0183s ]
SQL: INSERT INTO `jianghu_login_count` (`user_id`,`date`) VALUES ('17','2016-10-31') [ RunTime:0.0879s ]
SQL: UPDATE `jianghu_daily_num` SET `lognum`=lognum+1 WHERE `date` = '2016-10-31' [ RunTime:0.0007s ]
SQL: SHOW COLUMNS FROM `jianghu_introduce` [ RunTime:0.0373s ]
SQL: SHOW COLUMNS FROM `jianghu_forward` [ RunTime:0.0522s ]
SQL: SHOW COLUMNS FROM `jianghu_friend` [ RunTime:0.0062s ]
SQL: SELECT `user_id` FROM `jianghu_introduce` WHERE `id` = 95 LIMIT 1   [ RunTime:0.0008s ]
SQL: UPDATE `jianghu_user` SET `unreadnum`=unreadnum+1 WHERE `id` = 25 [ RunTime:0.0407s ]
SQL: SELECT `isforward` FROM `jianghu_introduce` WHERE `id` = 95 LIMIT 1   [ RunTime:0.0007s ]
SQL: SELECT `degree` FROM `jianghu_introduce` WHERE `id` = 95 LIMIT 1   [ RunTime:0.0006s ]
SQL: SELECT `forward_id` FROM `jianghu_introduce` WHERE `id` = 95 LIMIT 1   [ RunTime:0.0006s ]
SQL: SELECT `friend_id` FROM `jianghu_friend` WHERE `user_id` = 17  [ RunTime:0.0022s ]
SQL: SELECT * FROM `jianghu_forward` WHERE `degree` < '6' AND `original_id` = '90' AND `user_id` IN ('17','18','19','19','21')  [ RunTime:0.0011s ]
SQL: UPDATE `jianghu_user` SET `praisenum`=praisenum+2 WHERE `id` = 2 [ RunTime:0.0381s ]
SQL: UPDATE `jianghu_user` SET `praisenum`=praisenum+1 WHERE `id` = 19 [ RunTime:0.0379s ]
SQL: SELECT `user_id` FROM `jianghu_introduce` WHERE `id` = 90 LIMIT 1   [ RunTime:0.0007s ]
SQL: UPDATE `jianghu_user` SET `praisenum`=praisenum+2 WHERE `id` = 1 [ RunTime:0.0436s ]
SQL: SELECT `user_id` FROM `jianghu_forward` WHERE `id` = 78 LIMIT 1   [ RunTime:0.0007s ]
SQL: INSERT INTO `jianghu_forward` (`user_id`,`introduce_id`,`time`,`owner_id`,`original_id`,`original_id4`,`original_id2`,`original_id3`,`degree`) VALUES ('17','95','2016-10-31 16:12:52','25','90','17','2','19','4') [ RunTime:0.0450s ]
SQL: INSERT INTO `jianghu_introduce` (`time`,`isforward`,`text`,`user_id`,`degree`,`forward_id`) VALUES ('2016-10-31 16:12:52','90','1','17','4','84') [ RunTime:0.0936s ]
SQL: UPDATE `jianghu_introduce` SET `forwardnum`=forwardnum+1 WHERE `id` = 95 [ RunTime:0.0386s ]
SQL: UPDATE `jianghu_introduce` SET `praisenum`=praisenum+1 WHERE `id` = 90 [ RunTime:0.0652s ]

[ 2016-10-31T22:08:22+08:00 ] ::1 /jianghu/index.php/home/introduce/addPraise
INFO: [ app_init ] --START--
INFO: Run Behavior\BuildLiteBehavior [ RunTime:0.000013s ]
INFO: [ app_init ] --END-- [ RunTime:0.000468s ]
INFO: [ app_begin ] --START--
INFO: Run Behavior\ReadHtmlCacheBehavior [ RunTime:0.000988s ]
INFO: [ app_begin ] --END-- [ RunTime:0.001056s ]
SQL: SHOW COLUMNS FROM `jianghu_token` [ RunTime:0.0028s ]
SQL: SHOW COLUMNS FROM `jianghu_user` [ RunTime:0.0027s ]
SQL: SHOW COLUMNS FROM `jianghu_login_count` [ RunTime:0.0031s ]
SQL: SHOW COLUMNS FROM `jianghu_daily_num` [ RunTime:0.0039s ]
SQL: SELECT * FROM `jianghu_token` WHERE `token` = '0ba4d1d0bc01d2a5b3abdbc36e512e12' AND `state` = 0 LIMIT 1   [ RunTime:0.0006s ]
SQL: SELECT `isban` FROM `jianghu_user` WHERE `id` = 1 LIMIT 1   [ RunTime:0.0003s ]
SQL: SELECT * FROM `jianghu_login_count` WHERE `user_id` = 1 AND `date` = '2016-10-31' LIMIT 1   [ RunTime:0.0002s ]
SQL: SELECT * FROM `jianghu_daily_num` WHERE `date` = '2016-10-31' LIMIT 1   [ RunTime:0.0002s ]
SQL: INSERT INTO `jianghu_login_count` (`user_id`,`date`) VALUES ('1','2016-10-31') [ RunTime:0.0924s ]
SQL: SELECT * FROM `jianghu_daily_num` WHERE `date` = '2016-10-31'  [ RunTime:0.0009s ]
SQL: INSERT INTO `jianghu_daily_num` (`date`,`lognum`) VALUES ('2016-10-31','1') [ RunTime:0.0316s ]
SQL: SHOW COLUMNS FROM `jianghu_introduce` [ RunTime:0.0028s ]
SQL: SHOW COLUMNS FROM `jianghu_praise` [ RunTime:0.0025s ]
SQL: SELECT `user_id` FROM `jianghu_introduce` WHERE `id` = 76 LIMIT 1   [ RunTime:0.0003s ]
SQL: SELECT `time` FROM `jianghu_praise` WHERE `user_id` = 1  [ RunTime:0.0011s ]
SQL: UPDATE `jianghu_daily_num` SET `praisenum`=praisenum+1 WHERE `date` = '2016-10-31' [ RunTime:0.0480s ]
SQL: INSERT INTO `jianghu_praise` (`introduce_id`,`user_id`,`time`,`owner_id`) VALUES ('76','1','2016-10-31 22:08:22','17') [ RunTime:0.0354s ]
SQL: UPDATE `jianghu_user` SET `unreadnum`=unreadnum+1 WHERE `id` = 17 [ RunTime:0.0381s ]
SQL: UPDATE `jianghu_introduce` SET `praisenum`=praisenum+1 WHERE `id` = 76 [ RunTime:0.0338s ]
SQL: UPDATE `jianghu_user` SET `praisenum`=praisenum+1 WHERE `id` = 17 [ RunTime:0.0326s ]

[ 2016-10-31T22:08:36+08:00 ] ::1 /jianghu/index.php/home/introduce/addPraise
INFO: [ app_init ] --START--
INFO: Run Behavior\BuildLiteBehavior [ RunTime:0.000021s ]
INFO: [ app_init ] --END-- [ RunTime:0.000628s ]
INFO: [ app_begin ] --START--
INFO: Run Behavior\ReadHtmlCacheBehavior [ RunTime:0.000742s ]
INFO: [ app_begin ] --END-- [ RunTime:0.000801s ]
SQL: SHOW COLUMNS FROM `jianghu_token` [ RunTime:0.0029s ]
SQL: SHOW COLUMNS FROM `jianghu_user` [ RunTime:0.0029s ]
SQL: SHOW COLUMNS FROM `jianghu_login_count` [ RunTime:0.0029s ]
SQL: SHOW COLUMNS FROM `jianghu_daily_num` [ RunTime:0.0025s ]
SQL: SELECT * FROM `jianghu_token` WHERE `token` = '0ba4d1d0bc01d2a5b3abdbc36e512e12' AND `state` = 0 LIMIT 1   [ RunTime:0.0004s ]
SQL: SELECT `isban` FROM `jianghu_user` WHERE `id` = 1 LIMIT 1   [ RunTime:0.0003s ]
SQL: SELECT * FROM `jianghu_login_count` WHERE `user_id` = 1 AND `date` = '2016-10-31' LIMIT 1   [ RunTime:0.0003s ]
SQL: SELECT * FROM `jianghu_daily_num` WHERE `date` = '2016-10-31' LIMIT 1   [ RunTime:0.0003s ]
SQL: SHOW COLUMNS FROM `jianghu_introduce` [ RunTime:0.0027s ]
SQL: SHOW COLUMNS FROM `jianghu_praise` [ RunTime:0.0029s ]
SQL: SELECT `user_id` FROM `jianghu_introduce` WHERE `id` = 76 LIMIT 1   [ RunTime:0.0004s ]
SQL: SELECT `time` FROM `jianghu_praise` WHERE `user_id` = 1  [ RunTime:0.0004s ]
SQL: INSERT INTO `jianghu_praise` (`introduce_id`,`user_id`,`time`,`owner_id`) VALUES ('76','1','2016-10-31 22:08:36','17') [ RunTime:0.0703s ]
SQL: UPDATE `jianghu_user` SET `unreadnum`=unreadnum+1 WHERE `id` = 17 [ RunTime:0.0435s ]
SQL: UPDATE `jianghu_introduce` SET `praisenum`=praisenum+1 WHERE `id` = 76 [ RunTime:0.0418s ]
SQL: UPDATE `jianghu_user` SET `praisenum`=praisenum+1 WHERE `id` = 17 [ RunTime:0.0327s ]

[ 2016-10-31T22:08:48+08:00 ] ::1 /jianghu/index.php/home/introduce/addPraise
INFO: [ app_init ] --START--
INFO: Run Behavior\BuildLiteBehavior [ RunTime:0.000013s ]
INFO: [ app_init ] --END-- [ RunTime:0.000439s ]
INFO: [ app_begin ] --START--
INFO: Run Behavior\ReadHtmlCacheBehavior [ RunTime:0.000761s ]
INFO: [ app_begin ] --END-- [ RunTime:0.000827s ]
SQL: SHOW COLUMNS FROM `jianghu_token` [ RunTime:0.0034s ]
SQL: SHOW COLUMNS FROM `jianghu_user` [ RunTime:0.0035s ]
SQL: SHOW COLUMNS FROM `jianghu_login_count` [ RunTime:0.0026s ]
SQL: SHOW COLUMNS FROM `jianghu_daily_num` [ RunTime:0.0024s ]
SQL: SELECT * FROM `jianghu_token` WHERE `token` = '0ba4d1d0bc01d2a5b3abdbc36e512e12' AND `state` = 0 LIMIT 1   [ RunTime:0.0004s ]
SQL: SELECT `isban` FROM `jianghu_user` WHERE `id` = 2 LIMIT 1   [ RunTime:0.0002s ]
SQL: SELECT * FROM `jianghu_login_count` WHERE `user_id` = 2 AND `date` = '2016-10-31' LIMIT 1   [ RunTime:0.0002s ]
SQL: SELECT * FROM `jianghu_daily_num` WHERE `date` = '2016-10-31' LIMIT 1   [ RunTime:0.0002s ]
SQL: INSERT INTO `jianghu_login_count` (`user_id`,`date`) VALUES ('2','2016-10-31') [ RunTime:0.0846s ]
SQL: SELECT * FROM `jianghu_daily_num` WHERE `date` = '2016-10-31'  [ RunTime:0.0003s ]
SQL: UPDATE `jianghu_daily_num` SET `lognum`=lognum+1 WHERE `date` = '2016-10-31' [ RunTime:0.0613s ]
SQL: SHOW COLUMNS FROM `jianghu_introduce` [ RunTime:0.0359s ]
SQL: SHOW COLUMNS FROM `jianghu_praise` [ RunTime:0.0030s ]
SQL: SELECT `user_id` FROM `jianghu_introduce` WHERE `id` = 76 LIMIT 1   [ RunTime:0.0003s ]
SQL: SELECT `time` FROM `jianghu_praise` WHERE `user_id` = 2  [ RunTime:0.0002s ]
SQL: UPDATE `jianghu_daily_num` SET `praisenum`=praisenum+1 WHERE `date` = '2016-10-31' [ RunTime:0.0500s ]
SQL: INSERT INTO `jianghu_praise` (`introduce_id`,`user_id`,`time`,`owner_id`) VALUES ('76','2','2016-10-31 22:08:47','17') [ RunTime:0.0344s ]
SQL: UPDATE `jianghu_user` SET `unreadnum`=unreadnum+1 WHERE `id` = 17 [ RunTime:0.0407s ]
SQL: UPDATE `jianghu_introduce` SET `praisenum`=praisenum+1 WHERE `id` = 76 [ RunTime:0.0338s ]
SQL: UPDATE `jianghu_user` SET `praisenum`=praisenum+1 WHERE `id` = 17 [ RunTime:0.0324s ]

