[ 2016-11-21T11:09:13+08:00 ] ::1 /jianghu/index.php/home/user/join?type=100&username=test14&password=123&sex=0&phonenum=1000013&addr=&birthday=&description=&email=9303&domain_id%5B%5D=%E9%9F%B3%E4%B9%90&domain_id%5B%5D=%E9%9F%B3%E4%B9%90&domain_id%5B%5D=%E9%9F%B3%E4%B9%90&%5B%5D=%E5%8F%91%E9%80%81&%5B%5D=mock&_=1479656762496
INFO: [ app_init ] --START--
INFO: Run Behavior\BuildLiteBehavior [ RunTime:0.000014s ]
INFO: [ app_init ] --END-- [ RunTime:0.000579s ]
INFO: [ app_begin ] --START--
INFO: Run Behavior\ReadHtmlCacheBehavior [ RunTime:0.000921s ]
INFO: [ app_begin ] --END-- [ RunTime:0.000987s ]
SQL: SHOW COLUMNS FROM `jianghu_user` [ RunTime:0.0054s ]
SQL: SHOW COLUMNS FROM `jianghu_friend` [ RunTime:0.0034s ]
SQL: SHOW COLUMNS FROM `jianghu_token` [ RunTime:0.0036s ]
SQL: SHOW COLUMNS FROM `jianghu_login_count` [ RunTime:0.0034s ]
SQL: SHOW COLUMNS FROM `jianghu_daily_num` [ RunTime:0.0042s ]
SQL: SHOW COLUMNS FROM `jianghu_user_domain` [ RunTime:0.0044s ]
SQL: SHOW COLUMNS FROM `jianghu_domain` [ RunTime:0.0038s ]
SQL: SELECT * FROM `jianghu_user` WHERE `username` = 'test14'  [ RunTime:0.0005s ]
SQL: INSERT INTO `jianghu_user` (`username`,`password`,`phonenum`,`sex`,`addr`,`jointime`) VALUES ('test14','202cb962ac59075b964b07152d234b70','1000013','1','','2016-11-21') [ RunTime:0.0952s ]
NOTIC: [2] Illegal string offset 'id' D:\xampp\htdocs\jianghu\Application\Home\Controller\UserController.class.php 第 44 行.
SQL: SELECT `name` FROM `jianghu_domain` WHERE `id` = 0 LIMIT 1   [ RunTime:0.0004s ]
NOTIC: [2] Illegal string offset 'id' D:\xampp\htdocs\jianghu\Application\Home\Controller\UserController.class.php 第 45 行.
ERR: 1048:Column 'domain' cannot be null
 [ SQL语句 ] : INSERT INTO `jianghu_user_domain` (`user_id`,`domain`) VALUES ('40',NULL)
ERR: 1048:Column 'domain' cannot be null
 [ SQL语句 ] : INSERT INTO `jianghu_user_domain` (`user_id`,`domain`) VALUES ('40',NULL)

[ 2016-11-21T11:09:33+08:00 ] ::1 /jianghu/index.php/home/user/join?type=100&username=test14&password=123&sex=0&phonenum=1000013&addr=&birthday=&description=&email=9303&domain_id%5B%5D=1&domain_id%5B%5D=&domain_id%5B%5D=&%5B%5D=%E5%8F%91%E9%80%81&%5B%5D=mock&_=1479656762497
INFO: [ app_init ] --START--
INFO: Run Behavior\BuildLiteBehavior [ RunTime:0.000014s ]
INFO: [ app_init ] --END-- [ RunTime:0.000570s ]
INFO: [ app_begin ] --START--
INFO: Run Behavior\ReadHtmlCacheBehavior [ RunTime:0.000824s ]
INFO: [ app_begin ] --END-- [ RunTime:0.000880s ]
SQL: SHOW COLUMNS FROM `jianghu_user` [ RunTime:0.0051s ]
SQL: SHOW COLUMNS FROM `jianghu_friend` [ RunTime:0.0035s ]
SQL: SHOW COLUMNS FROM `jianghu_token` [ RunTime:0.0038s ]
SQL: SHOW COLUMNS FROM `jianghu_login_count` [ RunTime:0.0041s ]
SQL: SHOW COLUMNS FROM `jianghu_daily_num` [ RunTime:0.0033s ]
SQL: SHOW COLUMNS FROM `jianghu_user_domain` [ RunTime:0.0040s ]
SQL: SHOW COLUMNS FROM `jianghu_domain` [ RunTime:0.0033s ]
SQL: SELECT * FROM `jianghu_user` WHERE `username` = 'test14'  [ RunTime:0.0005s ]

[ 2016-11-21T11:09:41+08:00 ] ::1 /jianghu/index.php/home/user/join?type=100&username=test15&password=123&sex=0&phonenum=1000013&addr=&birthday=&description=&email=9303&domain_id%5B%5D=1&domain_id%5B%5D=&domain_id%5B%5D=&%5B%5D=%E5%8F%91%E9%80%81&%5B%5D=mock&_=1479656762498
INFO: [ app_init ] --START--
INFO: Run Behavior\BuildLiteBehavior [ RunTime:0.000014s ]
INFO: [ app_init ] --END-- [ RunTime:0.000574s ]
INFO: [ app_begin ] --START--
INFO: Run Behavior\ReadHtmlCacheBehavior [ RunTime:0.000770s ]
INFO: [ app_begin ] --END-- [ RunTime:0.000839s ]
SQL: SHOW COLUMNS FROM `jianghu_user` [ RunTime:0.0053s ]
SQL: SHOW COLUMNS FROM `jianghu_friend` [ RunTime:0.0034s ]
SQL: SHOW COLUMNS FROM `jianghu_token` [ RunTime:0.0035s ]
SQL: SHOW COLUMNS FROM `jianghu_login_count` [ RunTime:0.0032s ]
SQL: SHOW COLUMNS FROM `jianghu_daily_num` [ RunTime:0.0032s ]
SQL: SHOW COLUMNS FROM `jianghu_user_domain` [ RunTime:0.0037s ]
SQL: SHOW COLUMNS FROM `jianghu_domain` [ RunTime:0.0033s ]
SQL: SELECT * FROM `jianghu_user` WHERE `username` = 'test15'  [ RunTime:0.0004s ]
SQL: INSERT INTO `jianghu_user` (`username`,`password`,`phonenum`,`sex`,`addr`,`jointime`) VALUES ('test15','202cb962ac59075b964b07152d234b70','1000013','1','','2016-11-21') [ RunTime:0.0764s ]
NOTIC: [2] Illegal string offset 'id' D:\xampp\htdocs\jianghu\Application\Home\Controller\UserController.class.php 第 44 行.
SQL: SELECT `name` FROM `jianghu_domain` WHERE `id` = 1 LIMIT 1   [ RunTime:0.0003s ]
NOTIC: [2] Illegal string offset 'id' D:\xampp\htdocs\jianghu\Application\Home\Controller\UserController.class.php 第 45 行.
SQL: INSERT INTO `jianghu_user_domain` (`user_id`,`domain`) VALUES ('41','美食') [ RunTime:0.0429s ]
NOTIC: [2] Illegal string offset 'id' D:\xampp\htdocs\jianghu\Application\Home\Controller\UserController.class.php 第 44 行.
NOTIC: [8] Uninitialized string offset: 0 D:\xampp\htdocs\jianghu\Application\Home\Controller\UserController.class.php 第 44 行.
SQL: SELECT `name` FROM `jianghu_domain` WHERE `id` = 0 LIMIT 1   [ RunTime:0.0003s ]
NOTIC: [2] Illegal string offset 'id' D:\xampp\htdocs\jianghu\Application\Home\Controller\UserController.class.php 第 45 行.
NOTIC: [8] Uninitialized string offset: 0 D:\xampp\htdocs\jianghu\Application\Home\Controller\UserController.class.php 第 45 行.
NOTIC: [2] Illegal string offset 'id' D:\xampp\htdocs\jianghu\Application\Home\Controller\UserController.class.php 第 44 行.
NOTIC: [8] Uninitialized string offset: 0 D:\xampp\htdocs\jianghu\Application\Home\Controller\UserController.class.php 第 44 行.
SQL: SELECT `name` FROM `jianghu_domain` WHERE `id` = 0 LIMIT 1   [ RunTime:0.0002s ]
NOTIC: [2] Illegal string offset 'id' D:\xampp\htdocs\jianghu\Application\Home\Controller\UserController.class.php 第 45 行.
NOTIC: [8] Uninitialized string offset: 0 D:\xampp\htdocs\jianghu\Application\Home\Controller\UserController.class.php 第 45 行.
SQL: INSERT INTO `jianghu_friend` (`user_id`,`friend_id`) VALUES ('41','41') [ RunTime:0.0328s ]
SQL: SELECT * FROM `jianghu_daily_num` WHERE `date` = '2016-11-21'  [ RunTime:0.0003s ]
SQL: INSERT INTO `jianghu_daily_num` (`date`,`joinnum`) VALUES ('2016-11-21','1') [ RunTime:0.0422s ]
SQL: INSERT INTO `jianghu_token` (`token`,`user_id`,`time`) VALUES ('898b13e8685a60ecef878480bcbf8e31','41','2016-11-21 11:09:41') [ RunTime:0.0346s ]
SQL: SELECT * FROM `jianghu_daily_num` WHERE `date` = '2016-11-21'  [ RunTime:0.0004s ]
SQL: UPDATE `jianghu_daily_num` SET `lognum`=lognum+1 WHERE `date` = '2016-11-21' [ RunTime:0.0432s ]
SQL: SELECT `jointime` FROM `jianghu_user` WHERE `id` = 41 LIMIT 1   [ RunTime:0.0003s ]
SQL: INSERT INTO `jianghu_login_count` (`user_id`,`date`) VALUES ('41','2016-11-21') [ RunTime:0.0303s ]
SQL: UPDATE `jianghu_user` SET `praisenum`=praisenum+1 WHERE `id` = 41 [ RunTime:0.0327s ]
SQL: SELECT * FROM `jianghu_user` WHERE `id` = 41 LIMIT 1   [ RunTime:0.0004s ]

[ 2016-11-21T11:10:04+08:00 ] ::1 /jianghu/index.php/home/introduce/add
INFO: [ app_init ] --START--
INFO: Run Behavior\BuildLiteBehavior [ RunTime:0.000014s ]
INFO: [ app_init ] --END-- [ RunTime:0.000581s ]
INFO: [ app_begin ] --START--
INFO: Run Behavior\ReadHtmlCacheBehavior [ RunTime:0.000837s ]
INFO: [ app_begin ] --END-- [ RunTime:0.000902s ]
SQL: SHOW COLUMNS FROM `jianghu_token` [ RunTime:0.0040s ]
SQL: SHOW COLUMNS FROM `jianghu_user` [ RunTime:0.0035s ]
SQL: SHOW COLUMNS FROM `jianghu_login_count` [ RunTime:0.0032s ]
SQL: SHOW COLUMNS FROM `jianghu_daily_num` [ RunTime:0.0036s ]
SQL: SELECT * FROM `jianghu_token` WHERE `token` = '2ea7c6999b86afb0f34bc274e78377fe' AND `state` = 0 LIMIT 1   [ RunTime:0.0004s ]
SQL: SELECT `isban` FROM `jianghu_user` WHERE `id` = 3 LIMIT 1   [ RunTime:0.0003s ]
SQL: SELECT * FROM `jianghu_login_count` WHERE `user_id` = 3 AND `date` = '2016-11-21' LIMIT 1   [ RunTime:0.0004s ]
SQL: SELECT * FROM `jianghu_daily_num` WHERE `date` = '2016-11-21' LIMIT 1   [ RunTime:0.0003s ]
SQL: SELECT `jointime` FROM `jianghu_user` WHERE `id` = 3 LIMIT 1   [ RunTime:0.0002s ]
SQL: INSERT INTO `jianghu_login_count` (`user_id`,`date`) VALUES ('3','2016-11-21') [ RunTime:0.0658s ]
SQL: UPDATE `jianghu_user` SET `praisenum`=praisenum+1 WHERE `id` = 3 [ RunTime:0.0356s ]
SQL: SELECT * FROM `jianghu_daily_num` WHERE `date` = '2016-11-21'  [ RunTime:0.0003s ]
SQL: UPDATE `jianghu_daily_num` SET `lognum`=lognum+1 WHERE `date` = '2016-11-21' [ RunTime:0.0292s ]
SQL: SHOW COLUMNS FROM `jianghu_introduce_domain` [ RunTime:0.0035s ]
SQL: SHOW COLUMNS FROM `jianghu_domain` [ RunTime:0.0032s ]
SQL: SHOW COLUMNS FROM `jianghu_introduce` [ RunTime:0.0033s ]
SQL: SHOW COLUMNS FROM `jianghu_introduce_images` [ RunTime:0.0044s ]
SQL: SHOW COLUMNS FROM `jianghu_forward` [ RunTime:0.0037s ]
SQL: SHOW COLUMNS FROM `jianghu_friend` [ RunTime:0.0033s ]
SQL: SHOW COLUMNS FROM `jianghu_business` [ RunTime:0.0039s ]
SQL: SELECT `name` FROM `jianghu_domain` WHERE `id` = 1 LIMIT 1   [ RunTime:0.0003s ]
SQL: SELECT `name` FROM `jianghu_business` WHERE `id` = 1 LIMIT 1   [ RunTime:0.0003s ]
SQL: INSERT INTO `jianghu_introduce` (`business_id`,`business_name`,`business_addr`,`text`,`user_id`,`time`,`degree`) VALUES ('1','章鱼小丸子','白云区','这是3的内容','3','2016-11-21 11:10:04','1') [ RunTime:0.0892s ]
SQL: INSERT INTO `jianghu_introduce_domain` (`domain`,`introduce_id`) VALUES ('美食','138') [ RunTime:0.0353s ]
NOTIC: [2] call_user_func() expects parameter 1 to be a valid callback, no array or string given D:\xampp\htdocs\jianghu\ThinkPHP\Library\Think\Upload.class.php 第 170 行.
SQL: INSERT INTO `jianghu_introduce_images` (`introduce_id`,`imageurl`,`imagepath`) VALUES ('138','http://localhost/jianghu/Uploads/2016-11-21/5832658c59923.jpg','./Uploads/2016-11-21/5832658c59923.jpg') [ RunTime:0.0371s ]
SQL: INSERT INTO `jianghu_forward` (`user_id`,`introduce_id`,`original_id`,`time`,`owner_id`,`degree`) VALUES ('3','138','138','2016-11-21 11:10:04','3','1') [ RunTime:0.0322s ]
SQL: SELECT * FROM `jianghu_friend` WHERE `user_id` = 3  [ RunTime:0.0014s ]
SQL: UPDATE `jianghu_user` SET `unreadnum`=unreadnum+1 WHERE `id` IN ('3','1') [ RunTime:0.0312s ]
SQL: UPDATE `jianghu_user` SET `praisenum`=praisenum+1 WHERE `id` = 3 [ RunTime:0.0319s ]

[ 2016-11-21T11:13:14+08:00 ] ::1 /jianghu/index.php/home/introduce/showFriendIntro
INFO: [ app_init ] --START--
INFO: Run Behavior\BuildLiteBehavior [ RunTime:0.000014s ]
INFO: [ app_init ] --END-- [ RunTime:0.000596s ]
INFO: [ app_begin ] --START--
INFO: Run Behavior\ReadHtmlCacheBehavior [ RunTime:0.000976s ]
INFO: [ app_begin ] --END-- [ RunTime:0.001067s ]
SQL: SHOW COLUMNS FROM `jianghu_token` [ RunTime:0.0040s ]
SQL: SHOW COLUMNS FROM `jianghu_user` [ RunTime:0.0042s ]
SQL: SHOW COLUMNS FROM `jianghu_login_count` [ RunTime:0.0040s ]
SQL: SHOW COLUMNS FROM `jianghu_daily_num` [ RunTime:0.0041s ]
SQL: SELECT * FROM `jianghu_token` WHERE `token` = '2ea7c6999b86afb0f34bc274e78377fe' AND `state` = 0 LIMIT 1   [ RunTime:0.0005s ]
SQL: SELECT `isban` FROM `jianghu_user` WHERE `id` = 1 LIMIT 1   [ RunTime:0.0003s ]
SQL: SELECT * FROM `jianghu_login_count` WHERE `user_id` = 1 AND `date` = '2016-11-21' LIMIT 1   [ RunTime:0.0005s ]
SQL: SELECT * FROM `jianghu_daily_num` WHERE `date` = '2016-11-21' LIMIT 1   [ RunTime:0.0004s ]
SQL: SELECT `jointime` FROM `jianghu_user` WHERE `id` = 1 LIMIT 1   [ RunTime:0.0003s ]
SQL: INSERT INTO `jianghu_login_count` (`user_id`,`date`) VALUES ('1','2016-11-21') [ RunTime:0.0657s ]
SQL: UPDATE `jianghu_user` SET `praisenum`=praisenum+1 WHERE `id` = 1 [ RunTime:0.0322s ]
SQL: SELECT * FROM `jianghu_daily_num` WHERE `date` = '2016-11-21'  [ RunTime:0.0003s ]
SQL: UPDATE `jianghu_daily_num` SET `lognum`=lognum+1 WHERE `date` = '2016-11-21' [ RunTime:0.0332s ]
SQL: SHOW COLUMNS FROM `jianghu_friend` [ RunTime:0.0033s ]
SQL: SHOW COLUMNS FROM `jianghu_introduce` [ RunTime:0.0051s ]
SQL: SHOW COLUMNS FROM `jianghu_introduce_images` [ RunTime:0.0035s ]
SQL: SHOW COLUMNS FROM `jianghu_introduce_domain` [ RunTime:0.0033s ]
SQL: SELECT `friend_id` FROM `jianghu_friend` WHERE `user_id` = 1  [ RunTime:0.0003s ]
SQL: SELECT * FROM `jianghu_introduce` WHERE `user_id` IN ('5','4','3','2','1','6','7','18') ORDER BY time desc LIMIT 0,10   [ RunTime:0.0006s ]
SQL: SELECT `username` FROM `jianghu_user` WHERE `id` = 3 LIMIT 1   [ RunTime:0.0005s ]
SQL: SELECT `faceurl` FROM `jianghu_user` WHERE `id` = 3 LIMIT 1   [ RunTime:0.0003s ]
SQL: SELECT `imageurl` FROM `jianghu_introduce_images` WHERE `introduce_id` = 138  [ RunTime:0.0003s ]
SQL: SELECT `domain` FROM `jianghu_introduce_domain` WHERE `introduce_id` = 138 LIMIT 1   [ RunTime:0.0004s ]
SQL: SELECT `username` FROM `jianghu_user` WHERE `id` = 3 LIMIT 1   [ RunTime:0.0004s ]
SQL: SELECT `faceurl` FROM `jianghu_user` WHERE `id` = 3 LIMIT 1   [ RunTime:0.0005s ]
SQL: SELECT `imageurl` FROM `jianghu_introduce_images` WHERE `introduce_id` = 137  [ RunTime:0.0004s ]
NOTIC: [8] Undefined variable: img D:\xampp\htdocs\jianghu\Application\Home\Model\IntroduceImagesModel.class.php 第 21 行.
SQL: SELECT `domain` FROM `jianghu_introduce_domain` WHERE `introduce_id` = 137 LIMIT 1   [ RunTime:0.0003s ]
SQL: SELECT `username` FROM `jianghu_user` WHERE `id` = 3 LIMIT 1   [ RunTime:0.0003s ]
SQL: SELECT `faceurl` FROM `jianghu_user` WHERE `id` = 3 LIMIT 1   [ RunTime:0.0003s ]
SQL: SELECT `imageurl` FROM `jianghu_introduce_images` WHERE `introduce_id` = 136  [ RunTime:0.0003s ]
NOTIC: [8] Undefined variable: img D:\xampp\htdocs\jianghu\Application\Home\Model\IntroduceImagesModel.class.php 第 21 行.
SQL: SELECT `domain` FROM `jianghu_introduce_domain` WHERE `introduce_id` = 136 LIMIT 1   [ RunTime:0.0003s ]
SQL: SELECT `username` FROM `jianghu_user` WHERE `id` = 3 LIMIT 1   [ RunTime:0.0003s ]
SQL: SELECT `faceurl` FROM `jianghu_user` WHERE `id` = 3 LIMIT 1   [ RunTime:0.0003s ]
SQL: SELECT `imageurl` FROM `jianghu_introduce_images` WHERE `introduce_id` = 135  [ RunTime:0.0003s ]
SQL: SELECT `domain` FROM `jianghu_introduce_domain` WHERE `introduce_id` = 135 LIMIT 1   [ RunTime:0.0003s ]
SQL: SELECT `username` FROM `jianghu_user` WHERE `id` = 3 LIMIT 1   [ RunTime:0.0002s ]
SQL: SELECT `faceurl` FROM `jianghu_user` WHERE `id` = 3 LIMIT 1   [ RunTime:0.0002s ]
SQL: SELECT `imageurl` FROM `jianghu_introduce_images` WHERE `introduce_id` = 134  [ RunTime:0.0003s ]
NOTIC: [8] Undefined variable: img D:\xampp\htdocs\jianghu\Application\Home\Model\IntroduceImagesModel.class.php 第 21 行.
SQL: SELECT `domain` FROM `jianghu_introduce_domain` WHERE `introduce_id` = 134 LIMIT 1   [ RunTime:0.0003s ]
SQL: SELECT `username` FROM `jianghu_user` WHERE `id` = 3 LIMIT 1   [ RunTime:0.0003s ]
SQL: SELECT `faceurl` FROM `jianghu_user` WHERE `id` = 3 LIMIT 1   [ RunTime:0.0003s ]
SQL: SELECT `imageurl` FROM `jianghu_introduce_images` WHERE `introduce_id` = 133  [ RunTime:0.0003s ]
NOTIC: [8] Undefined variable: img D:\xampp\htdocs\jianghu\Application\Home\Model\IntroduceImagesModel.class.php 第 21 行.
SQL: SELECT `domain` FROM `jianghu_introduce_domain` WHERE `introduce_id` = 133 LIMIT 1   [ RunTime:0.0003s ]
SQL: SELECT * FROM `jianghu_introduce` WHERE `id` = 90 LIMIT 1   [ RunTime:0.0004s ]
SQL: SELECT `username` FROM `jianghu_user` WHERE `id` = 1 LIMIT 1   [ RunTime:0.0003s ]
SQL: SELECT `faceurl` FROM `jianghu_user` WHERE `id` = 1 LIMIT 1   [ RunTime:0.0003s ]
SQL: SELECT `imageurl` FROM `jianghu_introduce_images` WHERE `introduce_id` = 90  [ RunTime:0.0003s ]
NOTIC: [8] Undefined variable: img D:\xampp\htdocs\jianghu\Application\Home\Model\IntroduceImagesModel.class.php 第 21 行.
SQL: SELECT `domain` FROM `jianghu_introduce_domain` WHERE `introduce_id` = 90 LIMIT 1   [ RunTime:0.0003s ]
SQL: SELECT `username` FROM `jianghu_user` WHERE `id` = 2 LIMIT 1   [ RunTime:0.0002s ]
SQL: SELECT `faceurl` FROM `jianghu_user` WHERE `id` = 2 LIMIT 1   [ RunTime:0.0002s ]
SQL: SELECT `imageurl` FROM `jianghu_introduce_images` WHERE `introduce_id` = 132  [ RunTime:0.0003s ]
NOTIC: [8] Undefined variable: img D:\xampp\htdocs\jianghu\Application\Home\Model\IntroduceImagesModel.class.php 第 21 行.
SQL: SELECT `domain` FROM `jianghu_introduce_domain` WHERE `introduce_id` = 132 LIMIT 1   [ RunTime:0.0003s ]
SQL: SELECT * FROM `jianghu_introduce` WHERE `id` = 90 LIMIT 1   [ RunTime:0.0003s ]
SQL: SELECT `username` FROM `jianghu_user` WHERE `id` = 1 LIMIT 1   [ RunTime:0.0003s ]
SQL: SELECT `faceurl` FROM `jianghu_user` WHERE `id` = 1 LIMIT 1   [ RunTime:0.0003s ]
SQL: SELECT `imageurl` FROM `jianghu_introduce_images` WHERE `introduce_id` = 90  [ RunTime:0.0003s ]
NOTIC: [8] Undefined variable: img D:\xampp\htdocs\jianghu\Application\Home\Model\IntroduceImagesModel.class.php 第 21 行.
SQL: SELECT `domain` FROM `jianghu_introduce_domain` WHERE `introduce_id` = 90 LIMIT 1   [ RunTime:0.0003s ]
SQL: SELECT `username` FROM `jianghu_user` WHERE `id` = 2 LIMIT 1   [ RunTime:0.0003s ]
SQL: SELECT `faceurl` FROM `jianghu_user` WHERE `id` = 2 LIMIT 1   [ RunTime:0.0003s ]
SQL: SELECT `imageurl` FROM `jianghu_introduce_images` WHERE `introduce_id` = 131  [ RunTime:0.0003s ]
NOTIC: [8] Undefined variable: img D:\xampp\htdocs\jianghu\Application\Home\Model\IntroduceImagesModel.class.php 第 21 行.
SQL: SELECT `domain` FROM `jianghu_introduce_domain` WHERE `introduce_id` = 131 LIMIT 1   [ RunTime:0.0003s ]
SQL: SELECT * FROM `jianghu_introduce` WHERE `id` = 90 LIMIT 1   [ RunTime:0.0004s ]
SQL: SELECT `username` FROM `jianghu_user` WHERE `id` = 1 LIMIT 1   [ RunTime:0.0003s ]
SQL: SELECT `faceurl` FROM `jianghu_user` WHERE `id` = 1 LIMIT 1   [ RunTime:0.0002s ]
SQL: SELECT `imageurl` FROM `jianghu_introduce_images` WHERE `introduce_id` = 90  [ RunTime:0.0003s ]
NOTIC: [8] Undefined variable: img D:\xampp\htdocs\jianghu\Application\Home\Model\IntroduceImagesModel.class.php 第 21 行.
SQL: SELECT `domain` FROM `jianghu_introduce_domain` WHERE `introduce_id` = 90 LIMIT 1   [ RunTime:0.0003s ]
SQL: SELECT `username` FROM `jianghu_user` WHERE `id` = 2 LIMIT 1   [ RunTime:0.0002s ]
SQL: SELECT `faceurl` FROM `jianghu_user` WHERE `id` = 2 LIMIT 1   [ RunTime:0.0002s ]
SQL: SELECT `imageurl` FROM `jianghu_introduce_images` WHERE `introduce_id` = 130  [ RunTime:0.0003s ]
NOTIC: [8] Undefined variable: img D:\xampp\htdocs\jianghu\Application\Home\Model\IntroduceImagesModel.class.php 第 21 行.
SQL: SELECT `domain` FROM `jianghu_introduce_domain` WHERE `introduce_id` = 130 LIMIT 1   [ RunTime:0.0003s ]
SQL: SELECT * FROM `jianghu_introduce` WHERE `id` = 90 LIMIT 1   [ RunTime:0.0003s ]
SQL: SELECT `username` FROM `jianghu_user` WHERE `id` = 1 LIMIT 1   [ RunTime:0.0002s ]
SQL: SELECT `faceurl` FROM `jianghu_user` WHERE `id` = 1 LIMIT 1   [ RunTime:0.0002s ]
SQL: SELECT `imageurl` FROM `jianghu_introduce_images` WHERE `introduce_id` = 90  [ RunTime:0.0003s ]
NOTIC: [8] Undefined variable: img D:\xampp\htdocs\jianghu\Application\Home\Model\IntroduceImagesModel.class.php 第 21 行.
SQL: SELECT `domain` FROM `jianghu_introduce_domain` WHERE `introduce_id` = 90 LIMIT 1   [ RunTime:0.0003s ]
SQL: SELECT `username` FROM `jianghu_user` WHERE `id` = 2 LIMIT 1   [ RunTime:0.0003s ]
SQL: SELECT `faceurl` FROM `jianghu_user` WHERE `id` = 2 LIMIT 1   [ RunTime:0.0003s ]
SQL: SELECT `imageurl` FROM `jianghu_introduce_images` WHERE `introduce_id` = 129  [ RunTime:0.0003s ]
NOTIC: [8] Undefined variable: img D:\xampp\htdocs\jianghu\Application\Home\Model\IntroduceImagesModel.class.php 第 21 行.
SQL: SELECT `domain` FROM `jianghu_introduce_domain` WHERE `introduce_id` = 129 LIMIT 1   [ RunTime:0.0003s ]
SQL: SELECT * FROM `jianghu_introduce` WHERE `id` = 90 LIMIT 1   [ RunTime:0.0003s ]
SQL: SELECT `username` FROM `jianghu_user` WHERE `id` = 1 LIMIT 1   [ RunTime:0.0002s ]
SQL: SELECT `faceurl` FROM `jianghu_user` WHERE `id` = 1 LIMIT 1   [ RunTime:0.0003s ]
SQL: SELECT `imageurl` FROM `jianghu_introduce_images` WHERE `introduce_id` = 90  [ RunTime:0.0003s ]
NOTIC: [8] Undefined variable: img D:\xampp\htdocs\jianghu\Application\Home\Model\IntroduceImagesModel.class.php 第 21 行.
SQL: SELECT `domain` FROM `jianghu_introduce_domain` WHERE `introduce_id` = 90 LIMIT 1   [ RunTime:0.0003s ]
SQL: UPDATE `jianghu_user` SET `unreadnum`='0' WHERE `id` = 1 [ RunTime:0.0504s ]

