[ 2016-11-24T21:23:29+08:00 ] ::1 /jianghu/index.php/home/introduce/showFriendIntro
INFO: [ app_init ] --START--
INFO: Run Behavior\BuildLiteBehavior [ RunTime:0.000014s ]
INFO: [ app_init ] --END-- [ RunTime:0.000708s ]
INFO: [ app_begin ] --START--
INFO: Run Behavior\ReadHtmlCacheBehavior [ RunTime:0.000922s ]
INFO: [ app_begin ] --END-- [ RunTime:0.000987s ]
SQL: SHOW COLUMNS FROM `jianghu_token` [ RunTime:0.0058s ]
SQL: SHOW COLUMNS FROM `jianghu_user` [ RunTime:0.0077s ]
SQL: SHOW COLUMNS FROM `jianghu_login_count` [ RunTime:0.0065s ]
SQL: SHOW COLUMNS FROM `jianghu_daily_num` [ RunTime:0.0084s ]
SQL: SELECT * FROM `jianghu_token` WHERE `token` = '2ea7c6999b86afb0f34bc274e78377fe' AND `state` = 0 LIMIT 1   [ RunTime:0.0006s ]
SQL: SELECT `isban` FROM `jianghu_user` WHERE `id` = 1 LIMIT 1   [ RunTime:0.0004s ]
SQL: SELECT * FROM `jianghu_login_count` WHERE `user_id` = 1 AND `date` = '2016-11-24' LIMIT 1   [ RunTime:0.0004s ]
SQL: SELECT * FROM `jianghu_daily_num` WHERE `date` = '2016-11-24' LIMIT 1   [ RunTime:0.0003s ]
SQL: SELECT `jointime` FROM `jianghu_user` WHERE `id` = 1 LIMIT 1   [ RunTime:0.0003s ]
SQL: INSERT INTO `jianghu_login_count` (`user_id`,`date`) VALUES ('1','2016-11-24') [ RunTime:0.1391s ]
SQL: UPDATE `jianghu_user` SET `praisenum`=praisenum+1 WHERE `id` = 1 [ RunTime:0.1503s ]
SQL: SELECT * FROM `jianghu_daily_num` WHERE `date` = '2016-11-24'  [ RunTime:0.0004s ]
SQL: INSERT INTO `jianghu_daily_num` (`date`,`lognum`) VALUES ('2016-11-24','1') [ RunTime:0.1256s ]
SQL: SHOW COLUMNS FROM `jianghu_friend` [ RunTime:0.0083s ]
SQL: SHOW COLUMNS FROM `jianghu_introduce` [ RunTime:0.0058s ]
SQL: SHOW COLUMNS FROM `jianghu_introduce_images` [ RunTime:0.0059s ]
SQL: SHOW COLUMNS FROM `jianghu_introduce_domain` [ RunTime:0.0067s ]
SQL: SELECT `friend_id` FROM `jianghu_friend` WHERE `user_id` = 1  [ RunTime:0.0003s ]
SQL: SELECT * FROM `jianghu_introduce` WHERE `user_id` IN ('5','4','3','2','1','6','7','18') ORDER BY time desc LIMIT 0,10   [ RunTime:0.0006s ]
SQL: SELECT `username` FROM `jianghu_user` WHERE `id` = 3 LIMIT 1   [ RunTime:0.0003s ]
SQL: SELECT `faceurl` FROM `jianghu_user` WHERE `id` = 3 LIMIT 1   [ RunTime:0.0003s ]
SQL: SELECT `imageurl` FROM `jianghu_introduce_images` WHERE `introduce_id` = 138  [ RunTime:0.0003s ]
SQL: SELECT `domain` FROM `jianghu_introduce_domain` WHERE `introduce_id` = 138 LIMIT 1   [ RunTime:0.0003s ]
SQL: SELECT `username` FROM `jianghu_user` WHERE `id` = 3 LIMIT 1   [ RunTime:0.0003s ]
SQL: SELECT `faceurl` FROM `jianghu_user` WHERE `id` = 3 LIMIT 1   [ RunTime:0.0005s ]
SQL: SELECT `imageurl` FROM `jianghu_introduce_images` WHERE `introduce_id` = 137  [ RunTime:0.0005s ]
NOTIC: [8] Undefined variable: img D:\xampp\htdocs\jianghu\Application\Home\Model\IntroduceImagesModel.class.php 第 21 行.
SQL: SELECT `domain` FROM `jianghu_introduce_domain` WHERE `introduce_id` = 137 LIMIT 1   [ RunTime:0.0011s ]
SQL: SELECT `username` FROM `jianghu_user` WHERE `id` = 3 LIMIT 1   [ RunTime:0.0003s ]
SQL: SELECT `faceurl` FROM `jianghu_user` WHERE `id` = 3 LIMIT 1   [ RunTime:0.0004s ]
SQL: SELECT `imageurl` FROM `jianghu_introduce_images` WHERE `introduce_id` = 136  [ RunTime:0.0003s ]
NOTIC: [8] Undefined variable: img D:\xampp\htdocs\jianghu\Application\Home\Model\IntroduceImagesModel.class.php 第 21 行.
SQL: SELECT `domain` FROM `jianghu_introduce_domain` WHERE `introduce_id` = 136 LIMIT 1   [ RunTime:0.0005s ]
SQL: SELECT `username` FROM `jianghu_user` WHERE `id` = 3 LIMIT 1   [ RunTime:0.0004s ]
SQL: SELECT `faceurl` FROM `jianghu_user` WHERE `id` = 3 LIMIT 1   [ RunTime:0.0006s ]
SQL: SELECT `imageurl` FROM `jianghu_introduce_images` WHERE `introduce_id` = 135  [ RunTime:0.0006s ]
SQL: SELECT `domain` FROM `jianghu_introduce_domain` WHERE `introduce_id` = 135 LIMIT 1   [ RunTime:0.0003s ]
SQL: SELECT `username` FROM `jianghu_user` WHERE `id` = 3 LIMIT 1   [ RunTime:0.0002s ]
SQL: SELECT `faceurl` FROM `jianghu_user` WHERE `id` = 3 LIMIT 1   [ RunTime:0.0002s ]
SQL: SELECT `imageurl` FROM `jianghu_introduce_images` WHERE `introduce_id` = 134  [ RunTime:0.0003s ]
NOTIC: [8] Undefined variable: img D:\xampp\htdocs\jianghu\Application\Home\Model\IntroduceImagesModel.class.php 第 21 行.
SQL: SELECT `domain` FROM `jianghu_introduce_domain` WHERE `introduce_id` = 134 LIMIT 1   [ RunTime:0.0002s ]
SQL: SELECT `username` FROM `jianghu_user` WHERE `id` = 3 LIMIT 1   [ RunTime:0.0003s ]
SQL: SELECT `faceurl` FROM `jianghu_user` WHERE `id` = 3 LIMIT 1   [ RunTime:0.0003s ]
SQL: SELECT `imageurl` FROM `jianghu_introduce_images` WHERE `introduce_id` = 133  [ RunTime:0.0002s ]
NOTIC: [8] Undefined variable: img D:\xampp\htdocs\jianghu\Application\Home\Model\IntroduceImagesModel.class.php 第 21 行.
SQL: SELECT `domain` FROM `jianghu_introduce_domain` WHERE `introduce_id` = 133 LIMIT 1   [ RunTime:0.0003s ]
SQL: SELECT * FROM `jianghu_introduce` WHERE `id` = 90 LIMIT 1   [ RunTime:0.0003s ]
SQL: SELECT `username` FROM `jianghu_user` WHERE `id` = 1 LIMIT 1   [ RunTime:0.0002s ]
SQL: SELECT `faceurl` FROM `jianghu_user` WHERE `id` = 1 LIMIT 1   [ RunTime:0.0002s ]
SQL: SELECT `imageurl` FROM `jianghu_introduce_images` WHERE `introduce_id` = 90  [ RunTime:0.0003s ]
NOTIC: [8] Undefined variable: img D:\xampp\htdocs\jianghu\Application\Home\Model\IntroduceImagesModel.class.php 第 21 行.
SQL: SELECT `domain` FROM `jianghu_introduce_domain` WHERE `introduce_id` = 90 LIMIT 1   [ RunTime:0.0004s ]
SQL: SELECT `username` FROM `jianghu_user` WHERE `id` = 2 LIMIT 1   [ RunTime:0.0003s ]
SQL: SELECT `faceurl` FROM `jianghu_user` WHERE `id` = 2 LIMIT 1   [ RunTime:0.0002s ]
SQL: SELECT `imageurl` FROM `jianghu_introduce_images` WHERE `introduce_id` = 132  [ RunTime:0.0003s ]
NOTIC: [8] Undefined variable: img D:\xampp\htdocs\jianghu\Application\Home\Model\IntroduceImagesModel.class.php 第 21 行.
SQL: SELECT `domain` FROM `jianghu_introduce_domain` WHERE `introduce_id` = 132 LIMIT 1   [ RunTime:0.0004s ]
SQL: SELECT * FROM `jianghu_introduce` WHERE `id` = 90 LIMIT 1   [ RunTime:0.0004s ]
SQL: SELECT `username` FROM `jianghu_user` WHERE `id` = 1 LIMIT 1   [ RunTime:0.0003s ]
SQL: SELECT `faceurl` FROM `jianghu_user` WHERE `id` = 1 LIMIT 1   [ RunTime:0.0006s ]
SQL: SELECT `imageurl` FROM `jianghu_introduce_images` WHERE `introduce_id` = 90  [ RunTime:0.0011s ]
NOTIC: [8] Undefined variable: img D:\xampp\htdocs\jianghu\Application\Home\Model\IntroduceImagesModel.class.php 第 21 行.
SQL: SELECT `domain` FROM `jianghu_introduce_domain` WHERE `introduce_id` = 90 LIMIT 1   [ RunTime:0.0003s ]
SQL: SELECT `username` FROM `jianghu_user` WHERE `id` = 2 LIMIT 1   [ RunTime:0.0003s ]
SQL: SELECT `faceurl` FROM `jianghu_user` WHERE `id` = 2 LIMIT 1   [ RunTime:0.0003s ]
SQL: SELECT `imageurl` FROM `jianghu_introduce_images` WHERE `introduce_id` = 131  [ RunTime:0.0003s ]
NOTIC: [8] Undefined variable: img D:\xampp\htdocs\jianghu\Application\Home\Model\IntroduceImagesModel.class.php 第 21 行.
SQL: SELECT `domain` FROM `jianghu_introduce_domain` WHERE `introduce_id` = 131 LIMIT 1   [ RunTime:0.0003s ]
SQL: SELECT * FROM `jianghu_introduce` WHERE `id` = 90 LIMIT 1   [ RunTime:0.0004s ]
SQL: SELECT `username` FROM `jianghu_user` WHERE `id` = 1 LIMIT 1   [ RunTime:0.0003s ]
SQL: SELECT `faceurl` FROM `jianghu_user` WHERE `id` = 1 LIMIT 1   [ RunTime:0.0003s ]
SQL: SELECT `imageurl` FROM `jianghu_introduce_images` WHERE `introduce_id` = 90  [ RunTime:0.0003s ]
NOTIC: [8] Undefined variable: img D:\xampp\htdocs\jianghu\Application\Home\Model\IntroduceImagesModel.class.php 第 21 行.
SQL: SELECT `domain` FROM `jianghu_introduce_domain` WHERE `introduce_id` = 90 LIMIT 1   [ RunTime:0.0004s ]
SQL: SELECT `username` FROM `jianghu_user` WHERE `id` = 2 LIMIT 1   [ RunTime:0.0003s ]
SQL: SELECT `faceurl` FROM `jianghu_user` WHERE `id` = 2 LIMIT 1   [ RunTime:0.0003s ]
SQL: SELECT `imageurl` FROM `jianghu_introduce_images` WHERE `introduce_id` = 130  [ RunTime:0.0003s ]
NOTIC: [8] Undefined variable: img D:\xampp\htdocs\jianghu\Application\Home\Model\IntroduceImagesModel.class.php 第 21 行.
SQL: SELECT `domain` FROM `jianghu_introduce_domain` WHERE `introduce_id` = 130 LIMIT 1   [ RunTime:0.0003s ]
SQL: SELECT * FROM `jianghu_introduce` WHERE `id` = 90 LIMIT 1   [ RunTime:0.0003s ]
SQL: SELECT `username` FROM `jianghu_user` WHERE `id` = 1 LIMIT 1   [ RunTime:0.0003s ]
SQL: SELECT `faceurl` FROM `jianghu_user` WHERE `id` = 1 LIMIT 1   [ RunTime:0.0003s ]
SQL: SELECT `imageurl` FROM `jianghu_introduce_images` WHERE `introduce_id` = 90  [ RunTime:0.0003s ]
NOTIC: [8] Undefined variable: img D:\xampp\htdocs\jianghu\Application\Home\Model\IntroduceImagesModel.class.php 第 21 行.
SQL: SELECT `domain` FROM `jianghu_introduce_domain` WHERE `introduce_id` = 90 LIMIT 1   [ RunTime:0.0003s ]
SQL: SELECT `username` FROM `jianghu_user` WHERE `id` = 2 LIMIT 1   [ RunTime:0.0002s ]
SQL: SELECT `faceurl` FROM `jianghu_user` WHERE `id` = 2 LIMIT 1   [ RunTime:0.0003s ]
SQL: SELECT `imageurl` FROM `jianghu_introduce_images` WHERE `introduce_id` = 129  [ RunTime:0.0003s ]
NOTIC: [8] Undefined variable: img D:\xampp\htdocs\jianghu\Application\Home\Model\IntroduceImagesModel.class.php 第 21 行.
SQL: SELECT `domain` FROM `jianghu_introduce_domain` WHERE `introduce_id` = 129 LIMIT 1   [ RunTime:0.0004s ]
SQL: SELECT * FROM `jianghu_introduce` WHERE `id` = 90 LIMIT 1   [ RunTime:0.0010s ]
SQL: SELECT `username` FROM `jianghu_user` WHERE `id` = 1 LIMIT 1   [ RunTime:0.0003s ]
SQL: SELECT `faceurl` FROM `jianghu_user` WHERE `id` = 1 LIMIT 1   [ RunTime:0.0003s ]
SQL: SELECT `imageurl` FROM `jianghu_introduce_images` WHERE `introduce_id` = 90  [ RunTime:0.0003s ]
NOTIC: [8] Undefined variable: img D:\xampp\htdocs\jianghu\Application\Home\Model\IntroduceImagesModel.class.php 第 21 行.
SQL: SELECT `domain` FROM `jianghu_introduce_domain` WHERE `introduce_id` = 90 LIMIT 1   [ RunTime:0.0003s ]
SQL: UPDATE `jianghu_user` SET `unreadnum`='0' WHERE `id` = 1 [ RunTime:0.0553s ]

[ 2016-11-24T22:20:17+08:00 ] ::1 /jianghu/index.php/home/user/checkUserDetail
INFO: [ app_init ] --START--
INFO: Run Behavior\BuildLiteBehavior [ RunTime:0.000014s ]
INFO: [ app_init ] --END-- [ RunTime:0.000608s ]
INFO: [ app_begin ] --START--
INFO: Run Behavior\ReadHtmlCacheBehavior [ RunTime:0.000851s ]
INFO: [ app_begin ] --END-- [ RunTime:0.000946s ]
SQL: SHOW COLUMNS FROM `jianghu_user` [ RunTime:0.0076s ]
SQL: SHOW COLUMNS FROM `jianghu_user_domain` [ RunTime:0.0093s ]
SQL: SELECT * FROM `jianghu_user_domain` WHERE `user_id` = 1  [ RunTime:0.0007s ]
SQL: SELECT * FROM `jianghu_user` WHERE `id` = 1 LIMIT 1   [ RunTime:0.0005s ]

