[ 2016-11-15T13:18:14+08:00 ] ::1 /jianghu/index.php/home/introduce/add
INFO: [ app_init ] --START--
INFO: Run Behavior\BuildLiteBehavior [ RunTime:0.000014s ]
INFO: [ app_init ] --END-- [ RunTime:0.000575s ]
INFO: [ app_begin ] --START--
INFO: Run Behavior\ReadHtmlCacheBehavior [ RunTime:0.000755s ]
INFO: [ app_begin ] --END-- [ RunTime:0.000809s ]
SQL: SHOW COLUMNS FROM `jianghu_token` [ RunTime:0.0049s ]
SQL: SHOW COLUMNS FROM `jianghu_user` [ RunTime:0.0040s ]
SQL: SHOW COLUMNS FROM `jianghu_login_count` [ RunTime:0.0053s ]
SQL: SHOW COLUMNS FROM `jianghu_daily_num` [ RunTime:0.0037s ]
SQL: SELECT * FROM `jianghu_token` WHERE `token` = '2ea7c6999b86afb0f34bc274e78377fe' AND `state` = 0 LIMIT 1   [ RunTime:0.0004s ]
SQL: SELECT `isban` FROM `jianghu_user` WHERE `id` = 2 LIMIT 1   [ RunTime:0.0003s ]
SQL: SELECT * FROM `jianghu_login_count` WHERE `user_id` = 2 AND `date` = '2016-11-15' LIMIT 1   [ RunTime:0.0004s ]
SQL: SELECT * FROM `jianghu_daily_num` WHERE `date` = '2016-11-15' LIMIT 1   [ RunTime:0.0003s ]
SQL: SELECT `jointime` FROM `jianghu_user` WHERE `id` = 2 LIMIT 1   [ RunTime:0.0003s ]
SQL: INSERT INTO `jianghu_login_count` (`user_id`,`date`) VALUES ('2','2016-11-15') [ RunTime:0.1008s ]
SQL: UPDATE `jianghu_user` SET `praisenum`=praisenum+1 WHERE `id` = 2 [ RunTime:0.0588s ]
SQL: SELECT * FROM `jianghu_daily_num` WHERE `date` = '2016-11-15'  [ RunTime:0.0004s ]
SQL: INSERT INTO `jianghu_daily_num` (`date`,`lognum`) VALUES ('2016-11-15','1') [ RunTime:0.0332s ]
SQL: SHOW COLUMNS FROM `jianghu_introduce_domain` [ RunTime:0.0049s ]
SQL: SHOW COLUMNS FROM `jianghu_domain` [ RunTime:0.0035s ]
SQL: SHOW COLUMNS FROM `jianghu_introduce` [ RunTime:0.0043s ]
SQL: SHOW COLUMNS FROM `jianghu_introduce_images` [ RunTime:0.0037s ]
SQL: SHOW COLUMNS FROM `jianghu_forward` [ RunTime:0.0043s ]
SQL: SHOW COLUMNS FROM `jianghu_friend` [ RunTime:0.0038s ]
SQL: SELECT `name` FROM `jianghu_domain` WHERE `id` = 1 LIMIT 1   [ RunTime:0.0017s ]
SQL: INSERT INTO `jianghu_introduce` (`text`,`user_id`,`time`,`degree`) VALUES ('这是2的内容','2','2016-11-15 13:18:14','1') [ RunTime:0.0705s ]
SQL: INSERT INTO `jianghu_introduce_domain` (`domain`,`introduce_id`) VALUES ('美食','124') [ RunTime:0.0328s ]
NOTIC: [2] call_user_func() expects parameter 1 to be a valid callback, no array or string given D:\xampp\htdocs\jianghu\ThinkPHP\Library\Think\Upload.class.php 第 170 行.
SQL: INSERT INTO `jianghu_introduce_images` (`introduce_id`,`imageurl`,`imagepath`) VALUES ('124','http://localhost/jianghu/Uploads/2016-11-15/582a9a9626e14.png','./Uploads/2016-11-15/582a9a9626e14.png') [ RunTime:0.0392s ]
SQL: INSERT INTO `jianghu_forward` (`user_id`,`introduce_id`,`original_id`,`time`,`owner_id`,`degree`) VALUES ('2','124','124','2016-11-15 13:18:14','2','1') [ RunTime:0.0670s ]
SQL: SELECT * FROM `jianghu_friend` WHERE `id` = 2  [ RunTime:0.0003s ]
SQL: UPDATE `jianghu_user` SET `unreadnum`=unreadnum+1 WHERE `id` IN ('4') [ RunTime:0.0432s ]
SQL: UPDATE `jianghu_user` SET `praisenum`=praisenum+1 WHERE `id` = 2 [ RunTime:0.0339s ]

[ 2016-11-15T13:18:24+08:00 ] ::1 /jianghu/index.php/home/introduce/add
INFO: [ app_init ] --START--
INFO: Run Behavior\BuildLiteBehavior [ RunTime:0.000012s ]
INFO: [ app_init ] --END-- [ RunTime:0.000532s ]
INFO: [ app_begin ] --START--
INFO: Run Behavior\ReadHtmlCacheBehavior [ RunTime:0.000875s ]
INFO: [ app_begin ] --END-- [ RunTime:0.000945s ]
SQL: SHOW COLUMNS FROM `jianghu_token` [ RunTime:0.0049s ]
SQL: SHOW COLUMNS FROM `jianghu_user` [ RunTime:0.0041s ]
SQL: SHOW COLUMNS FROM `jianghu_login_count` [ RunTime:0.0035s ]
SQL: SHOW COLUMNS FROM `jianghu_daily_num` [ RunTime:0.0034s ]
SQL: SELECT * FROM `jianghu_token` WHERE `token` = '2ea7c6999b86afb0f34bc274e78377fe' AND `state` = 0 LIMIT 1   [ RunTime:0.0004s ]
SQL: SELECT `isban` FROM `jianghu_user` WHERE `id` = 3 LIMIT 1   [ RunTime:0.0003s ]
SQL: SELECT * FROM `jianghu_login_count` WHERE `user_id` = 3 AND `date` = '2016-11-15' LIMIT 1   [ RunTime:0.0003s ]
SQL: SELECT * FROM `jianghu_daily_num` WHERE `date` = '2016-11-15' LIMIT 1   [ RunTime:0.0003s ]
SQL: SELECT `jointime` FROM `jianghu_user` WHERE `id` = 3 LIMIT 1   [ RunTime:0.0002s ]
SQL: INSERT INTO `jianghu_login_count` (`user_id`,`date`) VALUES ('3','2016-11-15') [ RunTime:0.0541s ]
SQL: UPDATE `jianghu_user` SET `praisenum`=praisenum+1 WHERE `id` = 3 [ RunTime:0.0338s ]
SQL: SELECT * FROM `jianghu_daily_num` WHERE `date` = '2016-11-15'  [ RunTime:0.0004s ]
SQL: UPDATE `jianghu_daily_num` SET `lognum`=lognum+1 WHERE `date` = '2016-11-15' [ RunTime:0.1044s ]
SQL: SHOW COLUMNS FROM `jianghu_introduce_domain` [ RunTime:0.0039s ]
SQL: SHOW COLUMNS FROM `jianghu_domain` [ RunTime:0.0033s ]
SQL: SHOW COLUMNS FROM `jianghu_introduce` [ RunTime:0.0043s ]
SQL: SHOW COLUMNS FROM `jianghu_introduce_images` [ RunTime:0.0039s ]
SQL: SHOW COLUMNS FROM `jianghu_forward` [ RunTime:0.0036s ]
SQL: SHOW COLUMNS FROM `jianghu_friend` [ RunTime:0.0035s ]
SQL: SELECT `name` FROM `jianghu_domain` WHERE `id` = 1 LIMIT 1   [ RunTime:0.0004s ]
SQL: INSERT INTO `jianghu_introduce` (`text`,`user_id`,`time`,`degree`) VALUES ('这是3的内容','3','2016-11-15 13:18:24','1') [ RunTime:0.0884s ]
SQL: INSERT INTO `jianghu_introduce_domain` (`domain`,`introduce_id`) VALUES ('美食','125') [ RunTime:0.0682s ]
NOTIC: [2] call_user_func() expects parameter 1 to be a valid callback, no array or string given D:\xampp\htdocs\jianghu\ThinkPHP\Library\Think\Upload.class.php 第 170 行.
SQL: INSERT INTO `jianghu_introduce_images` (`introduce_id`,`imageurl`,`imagepath`) VALUES ('125','http://localhost/jianghu/Uploads/2016-11-15/582a9aa0afdc6.png','./Uploads/2016-11-15/582a9aa0afdc6.png') [ RunTime:0.0329s ]
SQL: INSERT INTO `jianghu_forward` (`user_id`,`introduce_id`,`original_id`,`time`,`owner_id`,`degree`) VALUES ('3','125','125','2016-11-15 13:18:24','3','1') [ RunTime:0.0323s ]
SQL: SELECT * FROM `jianghu_friend` WHERE `id` = 3  [ RunTime:0.0004s ]
SQL: UPDATE `jianghu_user` SET `unreadnum`=unreadnum+1 WHERE `id` IN ('3') [ RunTime:0.0329s ]
SQL: UPDATE `jianghu_user` SET `praisenum`=praisenum+1 WHERE `id` = 3 [ RunTime:0.0325s ]

[ 2016-11-15T13:22:13+08:00 ] ::1 /jianghu/index.php/home/msg/getUnreadNum
INFO: [ app_init ] --START--
INFO: Run Behavior\BuildLiteBehavior [ RunTime:0.000013s ]
INFO: [ app_init ] --END-- [ RunTime:0.000526s ]
INFO: [ app_begin ] --START--
INFO: Run Behavior\ReadHtmlCacheBehavior [ RunTime:0.000960s ]
INFO: [ app_begin ] --END-- [ RunTime:0.001037s ]
SQL: SHOW COLUMNS FROM `jianghu_token` [ RunTime:0.0050s ]
SQL: SHOW COLUMNS FROM `jianghu_user` [ RunTime:0.0039s ]
SQL: SHOW COLUMNS FROM `jianghu_login_count` [ RunTime:0.0039s ]
SQL: SHOW COLUMNS FROM `jianghu_daily_num` [ RunTime:0.0045s ]
SQL: SELECT * FROM `jianghu_token` WHERE `token` = 'a7369773cfc392c5516570ee3194fa4a' AND `state` = 0 LIMIT 1   [ RunTime:0.0004s ]
SQL: SELECT `isban` FROM `jianghu_user` WHERE `id` = 1 LIMIT 1   [ RunTime:0.0003s ]
SQL: SELECT * FROM `jianghu_login_count` WHERE `user_id` = 1 AND `date` = '2016-11-15' LIMIT 1   [ RunTime:0.0003s ]
SQL: SELECT * FROM `jianghu_daily_num` WHERE `date` = '2016-11-15' LIMIT 1   [ RunTime:0.0003s ]
SQL: SELECT `jointime` FROM `jianghu_user` WHERE `id` = 1 LIMIT 1   [ RunTime:0.0003s ]
SQL: INSERT INTO `jianghu_login_count` (`user_id`,`date`) VALUES ('1','2016-11-15') [ RunTime:0.1049s ]
SQL: UPDATE `jianghu_user` SET `praisenum`=praisenum+1 WHERE `id` = 1 [ RunTime:0.0425s ]
SQL: SELECT * FROM `jianghu_daily_num` WHERE `date` = '2016-11-15'  [ RunTime:0.0005s ]
SQL: UPDATE `jianghu_daily_num` SET `lognum`=lognum+1 WHERE `date` = '2016-11-15' [ RunTime:0.0552s ]
SQL: SHOW COLUMNS FROM `jianghu_forward` [ RunTime:0.0144s ]
SQL: SHOW COLUMNS FROM `jianghu_praise` [ RunTime:0.0145s ]
SQL: SHOW COLUMNS FROM `jianghu_comment` [ RunTime:0.0075s ]
SQL: SHOW COLUMNS FROM `jianghu_friend_request` [ RunTime:0.0050s ]
SQL: SELECT COUNT(*) AS tp_count FROM `jianghu_forward` WHERE `owner_id` = 1 AND `state` = 0 LIMIT 1   [ RunTime:0.0004s ]
SQL: SELECT COUNT(*) AS tp_count FROM `jianghu_praise` WHERE `owner_id` = 1 AND `state` = 0 LIMIT 1   [ RunTime:0.0019s ]
SQL: SELECT COUNT(*) AS tp_count FROM `jianghu_comment` WHERE `owner_id` = 1 AND `state` = 0 LIMIT 1   [ RunTime:0.0027s ]
SQL: SELECT COUNT(*) AS tp_count FROM `jianghu_friend_request` WHERE `state` = 0 AND `friend_id` = 1 LIMIT 1   [ RunTime:0.0019s ]
SQL: SELECT `unreadnum` FROM `jianghu_user` WHERE `id` = 1 LIMIT 1   [ RunTime:0.0010s ]

[ 2016-11-15T13:23:36+08:00 ] ::1 /jianghu/index.php/home/introduce/add
INFO: [ app_init ] --START--
INFO: Run Behavior\BuildLiteBehavior [ RunTime:0.000017s ]
INFO: [ app_init ] --END-- [ RunTime:0.000584s ]
INFO: [ app_begin ] --START--
INFO: Run Behavior\ReadHtmlCacheBehavior [ RunTime:0.000706s ]
INFO: [ app_begin ] --END-- [ RunTime:0.000761s ]
SQL: SHOW COLUMNS FROM `jianghu_token` [ RunTime:0.0051s ]
SQL: SHOW COLUMNS FROM `jianghu_user` [ RunTime:0.0051s ]
SQL: SHOW COLUMNS FROM `jianghu_login_count` [ RunTime:0.0036s ]
SQL: SHOW COLUMNS FROM `jianghu_daily_num` [ RunTime:0.0035s ]
SQL: SELECT * FROM `jianghu_token` WHERE `token` = '2ea7c6999b86afb0f34bc274e78377fe' AND `state` = 0 LIMIT 1   [ RunTime:0.0004s ]
SQL: SELECT `isban` FROM `jianghu_user` WHERE `id` = 3 LIMIT 1   [ RunTime:0.0002s ]
SQL: SELECT * FROM `jianghu_login_count` WHERE `user_id` = 3 AND `date` = '2016-11-15' LIMIT 1   [ RunTime:0.0004s ]
SQL: SELECT * FROM `jianghu_daily_num` WHERE `date` = '2016-11-15' LIMIT 1   [ RunTime:0.0005s ]
SQL: SELECT `jointime` FROM `jianghu_user` WHERE `id` = 3 LIMIT 1   [ RunTime:0.0006s ]
SQL: SHOW COLUMNS FROM `jianghu_introduce_domain` [ RunTime:0.0030s ]
SQL: SHOW COLUMNS FROM `jianghu_domain` [ RunTime:0.0034s ]
SQL: SHOW COLUMNS FROM `jianghu_introduce` [ RunTime:0.0034s ]
SQL: SHOW COLUMNS FROM `jianghu_introduce_images` [ RunTime:0.0049s ]
SQL: SHOW COLUMNS FROM `jianghu_forward` [ RunTime:0.0035s ]
SQL: SHOW COLUMNS FROM `jianghu_friend` [ RunTime:0.0031s ]
SQL: SELECT `name` FROM `jianghu_domain` WHERE `id` = 1 LIMIT 1   [ RunTime:0.0003s ]
SQL: INSERT INTO `jianghu_introduce` (`text`,`user_id`,`time`,`degree`) VALUES ('这是3的内容','3','2016-11-15 13:23:36','1') [ RunTime:0.1178s ]
SQL: INSERT INTO `jianghu_introduce_domain` (`domain`,`introduce_id`) VALUES ('美食','126') [ RunTime:0.0460s ]
NOTIC: [2] Invalid argument supplied for foreach() D:\xampp\htdocs\jianghu\Application\Common\Common\function.php 第 56 行.
NOTIC: [8] Undefined variable: imageinfo D:\xampp\htdocs\jianghu\Application\Common\Common\function.php 第 60 行.
NOTIC: [2] Invalid argument supplied for foreach() D:\xampp\htdocs\jianghu\Application\Home\Controller\IntroduceController.class.php 第 44 行.
SQL: INSERT INTO `jianghu_forward` (`user_id`,`introduce_id`,`original_id`,`time`,`owner_id`,`degree`) VALUES ('3','126','126','2016-11-15 13:23:36','3','1') [ RunTime:0.0519s ]
SQL: SELECT * FROM `jianghu_friend` WHERE `id` = 3  [ RunTime:0.0004s ]
SQL: UPDATE `jianghu_user` SET `unreadnum`=unreadnum+1 WHERE `id` IN ('3') [ RunTime:0.0331s ]
SQL: UPDATE `jianghu_user` SET `praisenum`=praisenum+1 WHERE `id` = 3 [ RunTime:0.0326s ]

[ 2016-11-15T13:23:51+08:00 ] ::1 /jianghu/index.php/home/msg/getUnreadNum
INFO: [ app_init ] --START--
INFO: Run Behavior\BuildLiteBehavior [ RunTime:0.000020s ]
INFO: [ app_init ] --END-- [ RunTime:0.000622s ]
INFO: [ app_begin ] --START--
INFO: Run Behavior\ReadHtmlCacheBehavior [ RunTime:0.000716s ]
INFO: [ app_begin ] --END-- [ RunTime:0.000769s ]
SQL: SHOW COLUMNS FROM `jianghu_token` [ RunTime:0.0051s ]
SQL: SHOW COLUMNS FROM `jianghu_user` [ RunTime:0.0046s ]
SQL: SHOW COLUMNS FROM `jianghu_login_count` [ RunTime:0.0044s ]
SQL: SHOW COLUMNS FROM `jianghu_daily_num` [ RunTime:0.0034s ]
SQL: SELECT * FROM `jianghu_token` WHERE `token` = 'a7369773cfc392c5516570ee3194fa4a' AND `state` = 0 LIMIT 1   [ RunTime:0.0004s ]
SQL: SELECT `isban` FROM `jianghu_user` WHERE `id` = 1 LIMIT 1   [ RunTime:0.0003s ]
SQL: SELECT * FROM `jianghu_login_count` WHERE `user_id` = 1 AND `date` = '2016-11-15' LIMIT 1   [ RunTime:0.0003s ]
SQL: SELECT * FROM `jianghu_daily_num` WHERE `date` = '2016-11-15' LIMIT 1   [ RunTime:0.0003s ]
SQL: SELECT `jointime` FROM `jianghu_user` WHERE `id` = 1 LIMIT 1   [ RunTime:0.0003s ]
SQL: SHOW COLUMNS FROM `jianghu_forward` [ RunTime:0.0044s ]
SQL: SHOW COLUMNS FROM `jianghu_praise` [ RunTime:0.0039s ]
SQL: SHOW COLUMNS FROM `jianghu_comment` [ RunTime:0.0035s ]
SQL: SHOW COLUMNS FROM `jianghu_friend_request` [ RunTime:0.0038s ]
SQL: SELECT COUNT(*) AS tp_count FROM `jianghu_forward` WHERE `owner_id` = 1 AND `state` = 0 LIMIT 1   [ RunTime:0.0007s ]
SQL: SELECT COUNT(*) AS tp_count FROM `jianghu_praise` WHERE `owner_id` = 1 AND `state` = 0 LIMIT 1   [ RunTime:0.0004s ]
SQL: SELECT COUNT(*) AS tp_count FROM `jianghu_comment` WHERE `owner_id` = 1 AND `state` = 0 LIMIT 1   [ RunTime:0.0004s ]
SQL: SELECT COUNT(*) AS tp_count FROM `jianghu_friend_request` WHERE `state` = 0 AND `friend_id` = 1 LIMIT 1   [ RunTime:0.0003s ]
SQL: SELECT `unreadnum` FROM `jianghu_user` WHERE `id` = 1 LIMIT 1   [ RunTime:0.0003s ]

[ 2016-11-15T13:25:59+08:00 ] ::1 /jianghu/index.php/home/introduce/add
INFO: [ app_init ] --START--
INFO: Run Behavior\BuildLiteBehavior [ RunTime:0.000013s ]
INFO: [ app_init ] --END-- [ RunTime:0.000639s ]
INFO: [ app_begin ] --START--
INFO: Run Behavior\ReadHtmlCacheBehavior [ RunTime:0.000845s ]
INFO: [ app_begin ] --END-- [ RunTime:0.000901s ]
SQL: SHOW COLUMNS FROM `jianghu_token` [ RunTime:0.0049s ]
SQL: SHOW COLUMNS FROM `jianghu_user` [ RunTime:0.0046s ]
SQL: SHOW COLUMNS FROM `jianghu_login_count` [ RunTime:0.0039s ]
SQL: SHOW COLUMNS FROM `jianghu_daily_num` [ RunTime:0.0033s ]
SQL: SELECT * FROM `jianghu_token` WHERE `token` = '2ea7c6999b86afb0f34bc274e78377fe' AND `state` = 0 LIMIT 1   [ RunTime:0.0004s ]
SQL: SELECT `isban` FROM `jianghu_user` WHERE `id` = 3 LIMIT 1   [ RunTime:0.0003s ]
SQL: SELECT * FROM `jianghu_login_count` WHERE `user_id` = 3 AND `date` = '2016-11-15' LIMIT 1   [ RunTime:0.0003s ]
SQL: SELECT * FROM `jianghu_daily_num` WHERE `date` = '2016-11-15' LIMIT 1   [ RunTime:0.0003s ]
SQL: SELECT `jointime` FROM `jianghu_user` WHERE `id` = 3 LIMIT 1   [ RunTime:0.0003s ]
SQL: SHOW COLUMNS FROM `jianghu_introduce_domain` [ RunTime:0.0036s ]
SQL: SHOW COLUMNS FROM `jianghu_domain` [ RunTime:0.0043s ]
SQL: SHOW COLUMNS FROM `jianghu_introduce` [ RunTime:0.0035s ]
SQL: SHOW COLUMNS FROM `jianghu_introduce_images` [ RunTime:0.0036s ]
SQL: SHOW COLUMNS FROM `jianghu_forward` [ RunTime:0.0046s ]
SQL: SHOW COLUMNS FROM `jianghu_friend` [ RunTime:0.0035s ]
SQL: SELECT `name` FROM `jianghu_domain` WHERE `id` = 1 LIMIT 1   [ RunTime:0.0003s ]
SQL: INSERT INTO `jianghu_introduce` (`text`,`user_id`,`time`,`degree`) VALUES ('这是3的内容','3','2016-11-15 13:25:59','1') [ RunTime:0.0659s ]
SQL: INSERT INTO `jianghu_introduce_domain` (`domain`,`introduce_id`) VALUES ('美食','127') [ RunTime:0.0455s ]
NOTIC: [2] Invalid argument supplied for foreach() D:\xampp\htdocs\jianghu\Application\Common\Common\function.php 第 56 行.
NOTIC: [8] Undefined variable: imageinfo D:\xampp\htdocs\jianghu\Application\Common\Common\function.php 第 60 行.
NOTIC: [2] Invalid argument supplied for foreach() D:\xampp\htdocs\jianghu\Application\Home\Controller\IntroduceController.class.php 第 44 行.
SQL: INSERT INTO `jianghu_forward` (`user_id`,`introduce_id`,`original_id`,`time`,`owner_id`,`degree`) VALUES ('3','127','127','2016-11-15 13:25:59','3','1') [ RunTime:0.0298s ]
SQL: SELECT * FROM `jianghu_friend` WHERE `user_id` = 3  [ RunTime:0.0003s ]
SQL: UPDATE `jianghu_user` SET `unreadnum`=unreadnum+1 WHERE `id` IN ('3','1') [ RunTime:0.0554s ]
SQL: UPDATE `jianghu_user` SET `praisenum`=praisenum+1 WHERE `id` = 3 [ RunTime:0.0548s ]

[ 2016-11-15T13:26:15+08:00 ] ::1 /jianghu/index.php/home/msg/getUnreadNum
INFO: [ app_init ] --START--
INFO: Run Behavior\BuildLiteBehavior [ RunTime:0.000012s ]
INFO: [ app_init ] --END-- [ RunTime:0.000547s ]
INFO: [ app_begin ] --START--
INFO: Run Behavior\ReadHtmlCacheBehavior [ RunTime:0.000747s ]
INFO: [ app_begin ] --END-- [ RunTime:0.000801s ]
SQL: SHOW COLUMNS FROM `jianghu_token` [ RunTime:0.0050s ]
SQL: SHOW COLUMNS FROM `jianghu_user` [ RunTime:0.0036s ]
SQL: SHOW COLUMNS FROM `jianghu_login_count` [ RunTime:0.0049s ]
SQL: SHOW COLUMNS FROM `jianghu_daily_num` [ RunTime:0.0041s ]
SQL: SELECT * FROM `jianghu_token` WHERE `token` = 'a7369773cfc392c5516570ee3194fa4a' AND `state` = 0 LIMIT 1   [ RunTime:0.0004s ]
SQL: SELECT `isban` FROM `jianghu_user` WHERE `id` = 1 LIMIT 1   [ RunTime:0.0003s ]
SQL: SELECT * FROM `jianghu_login_count` WHERE `user_id` = 1 AND `date` = '2016-11-15' LIMIT 1   [ RunTime:0.0003s ]
SQL: SELECT * FROM `jianghu_daily_num` WHERE `date` = '2016-11-15' LIMIT 1   [ RunTime:0.0003s ]
SQL: SELECT `jointime` FROM `jianghu_user` WHERE `id` = 1 LIMIT 1   [ RunTime:0.0003s ]
SQL: SHOW COLUMNS FROM `jianghu_forward` [ RunTime:0.0048s ]
SQL: SHOW COLUMNS FROM `jianghu_praise` [ RunTime:0.0041s ]
SQL: SHOW COLUMNS FROM `jianghu_comment` [ RunTime:0.0032s ]
SQL: SHOW COLUMNS FROM `jianghu_friend_request` [ RunTime:0.0035s ]
SQL: SELECT COUNT(*) AS tp_count FROM `jianghu_forward` WHERE `owner_id` = 1 AND `state` = 0 LIMIT 1   [ RunTime:0.0004s ]
SQL: SELECT COUNT(*) AS tp_count FROM `jianghu_praise` WHERE `owner_id` = 1 AND `state` = 0 LIMIT 1   [ RunTime:0.0003s ]
SQL: SELECT COUNT(*) AS tp_count FROM `jianghu_comment` WHERE `owner_id` = 1 AND `state` = 0 LIMIT 1   [ RunTime:0.0004s ]
SQL: SELECT COUNT(*) AS tp_count FROM `jianghu_friend_request` WHERE `state` = 0 AND `friend_id` = 1 LIMIT 1   [ RunTime:0.0011s ]
SQL: SELECT `unreadnum` FROM `jianghu_user` WHERE `id` = 1 LIMIT 1   [ RunTime:0.0004s ]

[ 2016-11-15T13:33:55+08:00 ] ::1 /jianghu/index.php/home/msg/getUnreadNum
INFO: [ app_init ] --START--
INFO: Run Behavior\BuildLiteBehavior [ RunTime:0.000013s ]
INFO: [ app_init ] --END-- [ RunTime:0.000587s ]
INFO: [ app_begin ] --START--
INFO: Run Behavior\ReadHtmlCacheBehavior [ RunTime:0.000725s ]
INFO: [ app_begin ] --END-- [ RunTime:0.000795s ]
SQL: SHOW COLUMNS FROM `jianghu_token` [ RunTime:0.0048s ]
SQL: SHOW COLUMNS FROM `jianghu_user` [ RunTime:0.0037s ]
SQL: SHOW COLUMNS FROM `jianghu_login_count` [ RunTime:0.0039s ]
SQL: SHOW COLUMNS FROM `jianghu_daily_num` [ RunTime:0.0051s ]
SQL: SELECT * FROM `jianghu_token` WHERE `token` = 'a7369773cfc392c5516570ee3194fa4a' AND `state` = 0 LIMIT 1   [ RunTime:0.0005s ]
SQL: SELECT `isban` FROM `jianghu_user` WHERE `id` = 1 LIMIT 1   [ RunTime:0.0003s ]
SQL: SELECT * FROM `jianghu_login_count` WHERE `user_id` = 1 AND `date` = '2016-11-15' LIMIT 1   [ RunTime:0.0004s ]
SQL: SELECT * FROM `jianghu_daily_num` WHERE `date` = '2016-11-15' LIMIT 1   [ RunTime:0.0004s ]
SQL: SELECT `jointime` FROM `jianghu_user` WHERE `id` = 1 LIMIT 1   [ RunTime:0.0003s ]
SQL: SHOW COLUMNS FROM `jianghu_forward` [ RunTime:0.0037s ]
SQL: SHOW COLUMNS FROM `jianghu_praise` [ RunTime:0.0036s ]
SQL: SHOW COLUMNS FROM `jianghu_comment` [ RunTime:0.0042s ]
SQL: SHOW COLUMNS FROM `jianghu_friend_request` [ RunTime:0.0041s ]
SQL: SELECT COUNT(*) AS tp_count FROM `jianghu_forward` WHERE `owner_id` = 1 AND `state` = 0 LIMIT 1   [ RunTime:0.0004s ]
SQL: SELECT COUNT(*) AS tp_count FROM `jianghu_praise` WHERE `owner_id` = 1 AND `state` = 0 LIMIT 1   [ RunTime:0.0003s ]
SQL: SELECT COUNT(*) AS tp_count FROM `jianghu_comment` WHERE `owner_id` = 1 AND `state` = 0 LIMIT 1   [ RunTime:0.0003s ]
SQL: SELECT COUNT(*) AS tp_count FROM `jianghu_friend_request` WHERE `state` = 0 AND `friend_id` = 1 LIMIT 1   [ RunTime:0.0003s ]
SQL: SELECT `unreadnum` FROM `jianghu_user` WHERE `id` = 1 LIMIT 1   [ RunTime:0.0003s ]

[ 2016-11-15T13:34:06+08:00 ] ::1 /jianghu/index.php/home/introduce/showFriendIntro
INFO: [ app_init ] --START--
INFO: Run Behavior\BuildLiteBehavior [ RunTime:0.000023s ]
INFO: [ app_init ] --END-- [ RunTime:0.000706s ]
INFO: [ app_begin ] --START--
INFO: Run Behavior\ReadHtmlCacheBehavior [ RunTime:0.000895s ]
INFO: [ app_begin ] --END-- [ RunTime:0.000976s ]
SQL: SHOW COLUMNS FROM `jianghu_token` [ RunTime:0.0317s ]
SQL: SHOW COLUMNS FROM `jianghu_user` [ RunTime:0.0046s ]
SQL: SHOW COLUMNS FROM `jianghu_login_count` [ RunTime:0.0031s ]
SQL: SHOW COLUMNS FROM `jianghu_daily_num` [ RunTime:0.0042s ]
SQL: SELECT * FROM `jianghu_token` WHERE `token` = '2ea7c6999b86afb0f34bc274e78377fe' AND `state` = 0 LIMIT 1   [ RunTime:0.0004s ]
SQL: SELECT `isban` FROM `jianghu_user` WHERE `id` = 1 LIMIT 1   [ RunTime:0.0003s ]
SQL: SELECT * FROM `jianghu_login_count` WHERE `user_id` = 1 AND `date` = '2016-11-15' LIMIT 1   [ RunTime:0.0003s ]
SQL: SELECT * FROM `jianghu_daily_num` WHERE `date` = '2016-11-15' LIMIT 1   [ RunTime:0.0003s ]
SQL: SELECT `jointime` FROM `jianghu_user` WHERE `id` = 1 LIMIT 1   [ RunTime:0.0003s ]
SQL: SHOW COLUMNS FROM `jianghu_friend` [ RunTime:0.0038s ]
SQL: SHOW COLUMNS FROM `jianghu_introduce` [ RunTime:0.0034s ]
SQL: SHOW COLUMNS FROM `jianghu_introduce_images` [ RunTime:0.0061s ]
SQL: SHOW COLUMNS FROM `jianghu_introduce_domain` [ RunTime:0.0042s ]
SQL: SELECT `friend_id` FROM `jianghu_friend` WHERE `user_id` = 1  [ RunTime:0.0003s ]
SQL: SELECT * FROM `jianghu_introduce` WHERE `user_id` IN ('5','4','3','2','1','6','7','18') ORDER BY time desc LIMIT 10,10   [ RunTime:0.0005s ]
SQL: SELECT `username` FROM `jianghu_user` WHERE `id` = 2 LIMIT 1   [ RunTime:0.0003s ]
SQL: SELECT `faceurl` FROM `jianghu_user` WHERE `id` = 2 LIMIT 1   [ RunTime:0.0003s ]
SQL: SELECT `imageurl` FROM `jianghu_introduce_images` WHERE `introduce_id` = 116  [ RunTime:0.0003s ]
NOTIC: [8] Undefined variable: img D:\xampp\htdocs\jianghu\Application\Home\Model\IntroduceImagesModel.class.php 第 21 行.
SQL: SELECT `domain` FROM `jianghu_introduce_domain` WHERE `introduce_id` = 116 LIMIT 1   [ RunTime:0.0003s ]
SQL: SELECT `username` FROM `jianghu_user` WHERE `id` = 2 LIMIT 1   [ RunTime:0.0003s ]
SQL: SELECT `faceurl` FROM `jianghu_user` WHERE `id` = 2 LIMIT 1   [ RunTime:0.0003s ]
SQL: SELECT `imageurl` FROM `jianghu_introduce_images` WHERE `introduce_id` = 114  [ RunTime:0.0008s ]
NOTIC: [8] Undefined variable: img D:\xampp\htdocs\jianghu\Application\Home\Model\IntroduceImagesModel.class.php 第 21 行.
SQL: SELECT `domain` FROM `jianghu_introduce_domain` WHERE `introduce_id` = 114 LIMIT 1   [ RunTime:0.0016s ]
SQL: SELECT `username` FROM `jianghu_user` WHERE `id` = 2 LIMIT 1   [ RunTime:0.0004s ]
SQL: SELECT `faceurl` FROM `jianghu_user` WHERE `id` = 2 LIMIT 1   [ RunTime:0.0003s ]
SQL: SELECT `imageurl` FROM `jianghu_introduce_images` WHERE `introduce_id` = 113  [ RunTime:0.0003s ]
NOTIC: [8] Undefined variable: img D:\xampp\htdocs\jianghu\Application\Home\Model\IntroduceImagesModel.class.php 第 21 行.
SQL: SELECT `domain` FROM `jianghu_introduce_domain` WHERE `introduce_id` = 113 LIMIT 1   [ RunTime:0.0003s ]
SQL: SELECT `username` FROM `jianghu_user` WHERE `id` = 2 LIMIT 1   [ RunTime:0.0003s ]
SQL: SELECT `faceurl` FROM `jianghu_user` WHERE `id` = 2 LIMIT 1   [ RunTime:0.0003s ]
SQL: SELECT `imageurl` FROM `jianghu_introduce_images` WHERE `introduce_id` = 111  [ RunTime:0.0002s ]
NOTIC: [8] Undefined variable: img D:\xampp\htdocs\jianghu\Application\Home\Model\IntroduceImagesModel.class.php 第 21 行.
SQL: SELECT `domain` FROM `jianghu_introduce_domain` WHERE `introduce_id` = 111 LIMIT 1   [ RunTime:0.0002s ]
SQL: SELECT `username` FROM `jianghu_user` WHERE `id` = 2 LIMIT 1   [ RunTime:0.0003s ]
SQL: SELECT `faceurl` FROM `jianghu_user` WHERE `id` = 2 LIMIT 1   [ RunTime:0.0003s ]
SQL: SELECT `imageurl` FROM `jianghu_introduce_images` WHERE `introduce_id` = 112  [ RunTime:0.0003s ]
NOTIC: [8] Undefined variable: img D:\xampp\htdocs\jianghu\Application\Home\Model\IntroduceImagesModel.class.php 第 21 行.
SQL: SELECT `domain` FROM `jianghu_introduce_domain` WHERE `introduce_id` = 112 LIMIT 1   [ RunTime:0.0003s ]
SQL: SELECT `username` FROM `jianghu_user` WHERE `id` = 2 LIMIT 1   [ RunTime:0.0003s ]
SQL: SELECT `faceurl` FROM `jianghu_user` WHERE `id` = 2 LIMIT 1   [ RunTime:0.0002s ]
SQL: SELECT `imageurl` FROM `jianghu_introduce_images` WHERE `introduce_id` = 110  [ RunTime:0.0003s ]
NOTIC: [8] Undefined variable: img D:\xampp\htdocs\jianghu\Application\Home\Model\IntroduceImagesModel.class.php 第 21 行.
SQL: SELECT `domain` FROM `jianghu_introduce_domain` WHERE `introduce_id` = 110 LIMIT 1   [ RunTime:0.0003s ]
SQL: SELECT `username` FROM `jianghu_user` WHERE `id` = 6 LIMIT 1   [ RunTime:0.0003s ]
SQL: SELECT `faceurl` FROM `jianghu_user` WHERE `id` = 6 LIMIT 1   [ RunTime:0.0003s ]
SQL: SELECT `imageurl` FROM `jianghu_introduce_images` WHERE `introduce_id` = 106  [ RunTime:0.0003s ]
NOTIC: [8] Undefined variable: img D:\xampp\htdocs\jianghu\Application\Home\Model\IntroduceImagesModel.class.php 第 21 行.
SQL: SELECT `domain` FROM `jianghu_introduce_domain` WHERE `introduce_id` = 106 LIMIT 1   [ RunTime:0.0003s ]
SQL: SELECT * FROM `jianghu_introduce` WHERE `id` = 90 LIMIT 1   [ RunTime:0.0004s ]
SQL: SELECT `username` FROM `jianghu_user` WHERE `id` = 1 LIMIT 1   [ RunTime:0.0006s ]
SQL: SELECT `faceurl` FROM `jianghu_user` WHERE `id` = 1 LIMIT 1   [ RunTime:0.0004s ]
SQL: SELECT `imageurl` FROM `jianghu_introduce_images` WHERE `introduce_id` = 90  [ RunTime:0.0003s ]
NOTIC: [8] Undefined variable: img D:\xampp\htdocs\jianghu\Application\Home\Model\IntroduceImagesModel.class.php 第 21 行.
SQL: SELECT `domain` FROM `jianghu_introduce_domain` WHERE `introduce_id` = 90 LIMIT 1   [ RunTime:0.0003s ]
SQL: SELECT `username` FROM `jianghu_user` WHERE `id` = 6 LIMIT 1   [ RunTime:0.0002s ]
SQL: SELECT `faceurl` FROM `jianghu_user` WHERE `id` = 6 LIMIT 1   [ RunTime:0.0003s ]
SQL: SELECT `imageurl` FROM `jianghu_introduce_images` WHERE `introduce_id` = 105  [ RunTime:0.0003s ]
NOTIC: [8] Undefined variable: img D:\xampp\htdocs\jianghu\Application\Home\Model\IntroduceImagesModel.class.php 第 21 行.
SQL: SELECT `domain` FROM `jianghu_introduce_domain` WHERE `introduce_id` = 105 LIMIT 1   [ RunTime:0.0004s ]
SQL: SELECT * FROM `jianghu_introduce` WHERE `id` = 90 LIMIT 1   [ RunTime:0.0007s ]
SQL: SELECT `username` FROM `jianghu_user` WHERE `id` = 1 LIMIT 1   [ RunTime:0.0004s ]
SQL: SELECT `faceurl` FROM `jianghu_user` WHERE `id` = 1 LIMIT 1   [ RunTime:0.0003s ]
SQL: SELECT `imageurl` FROM `jianghu_introduce_images` WHERE `introduce_id` = 90  [ RunTime:0.0003s ]
NOTIC: [8] Undefined variable: img D:\xampp\htdocs\jianghu\Application\Home\Model\IntroduceImagesModel.class.php 第 21 行.
SQL: SELECT `domain` FROM `jianghu_introduce_domain` WHERE `introduce_id` = 90 LIMIT 1   [ RunTime:0.0003s ]
SQL: SELECT `username` FROM `jianghu_user` WHERE `id` = 6 LIMIT 1   [ RunTime:0.0003s ]
SQL: SELECT `faceurl` FROM `jianghu_user` WHERE `id` = 6 LIMIT 1   [ RunTime:0.0003s ]
SQL: SELECT `imageurl` FROM `jianghu_introduce_images` WHERE `introduce_id` = 104  [ RunTime:0.0003s ]
NOTIC: [8] Undefined variable: img D:\xampp\htdocs\jianghu\Application\Home\Model\IntroduceImagesModel.class.php 第 21 行.
SQL: SELECT `domain` FROM `jianghu_introduce_domain` WHERE `introduce_id` = 104 LIMIT 1   [ RunTime:0.0003s ]
SQL: SELECT * FROM `jianghu_introduce` WHERE `id` = 90 LIMIT 1   [ RunTime:0.0003s ]
SQL: SELECT `username` FROM `jianghu_user` WHERE `id` = 1 LIMIT 1   [ RunTime:0.0003s ]
SQL: SELECT `faceurl` FROM `jianghu_user` WHERE `id` = 1 LIMIT 1   [ RunTime:0.0002s ]
SQL: SELECT `imageurl` FROM `jianghu_introduce_images` WHERE `introduce_id` = 90  [ RunTime:0.0003s ]
NOTIC: [8] Undefined variable: img D:\xampp\htdocs\jianghu\Application\Home\Model\IntroduceImagesModel.class.php 第 21 行.
SQL: SELECT `domain` FROM `jianghu_introduce_domain` WHERE `introduce_id` = 90 LIMIT 1   [ RunTime:0.0003s ]
SQL: SELECT `username` FROM `jianghu_user` WHERE `id` = 6 LIMIT 1   [ RunTime:0.0003s ]
SQL: SELECT `faceurl` FROM `jianghu_user` WHERE `id` = 6 LIMIT 1   [ RunTime:0.0002s ]
SQL: SELECT `imageurl` FROM `jianghu_introduce_images` WHERE `introduce_id` = 103  [ RunTime:0.0003s ]
NOTIC: [8] Undefined variable: img D:\xampp\htdocs\jianghu\Application\Home\Model\IntroduceImagesModel.class.php 第 21 行.
SQL: SELECT `domain` FROM `jianghu_introduce_domain` WHERE `introduce_id` = 103 LIMIT 1   [ RunTime:0.0003s ]
SQL: SELECT * FROM `jianghu_introduce` WHERE `id` = 90 LIMIT 1   [ RunTime:0.0003s ]
SQL: SELECT `username` FROM `jianghu_user` WHERE `id` = 1 LIMIT 1   [ RunTime:0.0003s ]
SQL: SELECT `faceurl` FROM `jianghu_user` WHERE `id` = 1 LIMIT 1   [ RunTime:0.0003s ]
SQL: SELECT `imageurl` FROM `jianghu_introduce_images` WHERE `introduce_id` = 90  [ RunTime:0.0003s ]
NOTIC: [8] Undefined variable: img D:\xampp\htdocs\jianghu\Application\Home\Model\IntroduceImagesModel.class.php 第 21 行.
SQL: SELECT `domain` FROM `jianghu_introduce_domain` WHERE `introduce_id` = 90 LIMIT 1   [ RunTime:0.0003s ]
SQL: UPDATE `jianghu_user` SET `unreadnum`='0' WHERE `id` = 1 [ RunTime:0.0805s ]

[ 2016-11-15T13:34:12+08:00 ] ::1 /jianghu/index.php/home/introduce/showFriendIntro
INFO: [ app_init ] --START--
INFO: Run Behavior\BuildLiteBehavior [ RunTime:0.000012s ]
INFO: [ app_init ] --END-- [ RunTime:0.000431s ]
INFO: [ app_begin ] --START--
INFO: Run Behavior\ReadHtmlCacheBehavior [ RunTime:0.000801s ]
INFO: [ app_begin ] --END-- [ RunTime:0.000863s ]
SQL: SHOW COLUMNS FROM `jianghu_token` [ RunTime:0.0049s ]
SQL: SHOW COLUMNS FROM `jianghu_user` [ RunTime:0.0043s ]
SQL: SHOW COLUMNS FROM `jianghu_login_count` [ RunTime:0.0030s ]
SQL: SHOW COLUMNS FROM `jianghu_daily_num` [ RunTime:0.0033s ]
SQL: SELECT * FROM `jianghu_token` WHERE `token` = '2ea7c6999b86afb0f34bc274e78377fe' AND `state` = 0 LIMIT 1   [ RunTime:0.0004s ]
SQL: SELECT `isban` FROM `jianghu_user` WHERE `id` = 1 LIMIT 1   [ RunTime:0.0003s ]
SQL: SELECT * FROM `jianghu_login_count` WHERE `user_id` = 1 AND `date` = '2016-11-15' LIMIT 1   [ RunTime:0.0003s ]
SQL: SELECT * FROM `jianghu_daily_num` WHERE `date` = '2016-11-15' LIMIT 1   [ RunTime:0.0003s ]
SQL: SELECT `jointime` FROM `jianghu_user` WHERE `id` = 1 LIMIT 1   [ RunTime:0.0003s ]
SQL: SHOW COLUMNS FROM `jianghu_friend` [ RunTime:0.0044s ]
SQL: SHOW COLUMNS FROM `jianghu_introduce` [ RunTime:0.0039s ]
SQL: SHOW COLUMNS FROM `jianghu_introduce_images` [ RunTime:0.0032s ]
SQL: SHOW COLUMNS FROM `jianghu_introduce_domain` [ RunTime:0.0046s ]
SQL: SELECT `friend_id` FROM `jianghu_friend` WHERE `user_id` = 1  [ RunTime:0.0004s ]
SQL: SELECT * FROM `jianghu_introduce` WHERE `user_id` IN ('5','4','3','2','1','6','7','18') ORDER BY time desc LIMIT 0,10   [ RunTime:0.0005s ]
SQL: SELECT `username` FROM `jianghu_user` WHERE `id` = 3 LIMIT 1   [ RunTime:0.0003s ]
SQL: SELECT `faceurl` FROM `jianghu_user` WHERE `id` = 3 LIMIT 1   [ RunTime:0.0002s ]
SQL: SELECT `imageurl` FROM `jianghu_introduce_images` WHERE `introduce_id` = 127  [ RunTime:0.0003s ]
NOTIC: [8] Undefined variable: img D:\xampp\htdocs\jianghu\Application\Home\Model\IntroduceImagesModel.class.php 第 21 行.
SQL: SELECT `domain` FROM `jianghu_introduce_domain` WHERE `introduce_id` = 127 LIMIT 1   [ RunTime:0.0003s ]
SQL: SELECT `username` FROM `jianghu_user` WHERE `id` = 3 LIMIT 1   [ RunTime:0.0003s ]
SQL: SELECT `faceurl` FROM `jianghu_user` WHERE `id` = 3 LIMIT 1   [ RunTime:0.0003s ]
SQL: SELECT `imageurl` FROM `jianghu_introduce_images` WHERE `introduce_id` = 126  [ RunTime:0.0003s ]
NOTIC: [8] Undefined variable: img D:\xampp\htdocs\jianghu\Application\Home\Model\IntroduceImagesModel.class.php 第 21 行.
SQL: SELECT `domain` FROM `jianghu_introduce_domain` WHERE `introduce_id` = 126 LIMIT 1   [ RunTime:0.0003s ]
SQL: SELECT `username` FROM `jianghu_user` WHERE `id` = 3 LIMIT 1   [ RunTime:0.0003s ]
SQL: SELECT `faceurl` FROM `jianghu_user` WHERE `id` = 3 LIMIT 1   [ RunTime:0.0002s ]
SQL: SELECT `imageurl` FROM `jianghu_introduce_images` WHERE `introduce_id` = 125  [ RunTime:0.0003s ]
SQL: SELECT `domain` FROM `jianghu_introduce_domain` WHERE `introduce_id` = 125 LIMIT 1   [ RunTime:0.0003s ]
SQL: SELECT `username` FROM `jianghu_user` WHERE `id` = 2 LIMIT 1   [ RunTime:0.0002s ]
SQL: SELECT `faceurl` FROM `jianghu_user` WHERE `id` = 2 LIMIT 1   [ RunTime:0.0002s ]
SQL: SELECT `imageurl` FROM `jianghu_introduce_images` WHERE `introduce_id` = 124  [ RunTime:0.0003s ]
SQL: SELECT `domain` FROM `jianghu_introduce_domain` WHERE `introduce_id` = 124 LIMIT 1   [ RunTime:0.0003s ]
SQL: SELECT `username` FROM `jianghu_user` WHERE `id` = 2 LIMIT 1   [ RunTime:0.0003s ]
SQL: SELECT `faceurl` FROM `jianghu_user` WHERE `id` = 2 LIMIT 1   [ RunTime:0.0003s ]
SQL: SELECT `imageurl` FROM `jianghu_introduce_images` WHERE `introduce_id` = 121  [ RunTime:0.0003s ]
NOTIC: [8] Undefined variable: img D:\xampp\htdocs\jianghu\Application\Home\Model\IntroduceImagesModel.class.php 第 21 行.
SQL: SELECT `domain` FROM `jianghu_introduce_domain` WHERE `introduce_id` = 121 LIMIT 1   [ RunTime:0.0003s ]
SQL: SELECT `username` FROM `jianghu_user` WHERE `id` = 2 LIMIT 1   [ RunTime:0.0003s ]
SQL: SELECT `faceurl` FROM `jianghu_user` WHERE `id` = 2 LIMIT 1   [ RunTime:0.0003s ]
SQL: SELECT `imageurl` FROM `jianghu_introduce_images` WHERE `introduce_id` = 120  [ RunTime:0.0003s ]
NOTIC: [8] Undefined variable: img D:\xampp\htdocs\jianghu\Application\Home\Model\IntroduceImagesModel.class.php 第 21 行.
SQL: SELECT `domain` FROM `jianghu_introduce_domain` WHERE `introduce_id` = 120 LIMIT 1   [ RunTime:0.0003s ]
SQL: SELECT `username` FROM `jianghu_user` WHERE `id` = 2 LIMIT 1   [ RunTime:0.0003s ]
SQL: SELECT `faceurl` FROM `jianghu_user` WHERE `id` = 2 LIMIT 1   [ RunTime:0.0002s ]
SQL: SELECT `imageurl` FROM `jianghu_introduce_images` WHERE `introduce_id` = 118  [ RunTime:0.0004s ]
NOTIC: [8] Undefined variable: img D:\xampp\htdocs\jianghu\Application\Home\Model\IntroduceImagesModel.class.php 第 21 行.
SQL: SELECT `domain` FROM `jianghu_introduce_domain` WHERE `introduce_id` = 118 LIMIT 1   [ RunTime:0.0004s ]
SQL: SELECT `username` FROM `jianghu_user` WHERE `id` = 2 LIMIT 1   [ RunTime:0.0011s ]
SQL: SELECT `faceurl` FROM `jianghu_user` WHERE `id` = 2 LIMIT 1   [ RunTime:0.0004s ]
SQL: SELECT `imageurl` FROM `jianghu_introduce_images` WHERE `introduce_id` = 119  [ RunTime:0.0003s ]
NOTIC: [8] Undefined variable: img D:\xampp\htdocs\jianghu\Application\Home\Model\IntroduceImagesModel.class.php 第 21 行.
SQL: SELECT `domain` FROM `jianghu_introduce_domain` WHERE `introduce_id` = 119 LIMIT 1   [ RunTime:0.0003s ]
SQL: SELECT `username` FROM `jianghu_user` WHERE `id` = 2 LIMIT 1   [ RunTime:0.0003s ]
SQL: SELECT `faceurl` FROM `jianghu_user` WHERE `id` = 2 LIMIT 1   [ RunTime:0.0003s ]
SQL: SELECT `imageurl` FROM `jianghu_introduce_images` WHERE `introduce_id` = 117  [ RunTime:0.0003s ]
NOTIC: [8] Undefined variable: img D:\xampp\htdocs\jianghu\Application\Home\Model\IntroduceImagesModel.class.php 第 21 行.
SQL: SELECT `domain` FROM `jianghu_introduce_domain` WHERE `introduce_id` = 117 LIMIT 1   [ RunTime:0.0003s ]
SQL: SELECT `username` FROM `jianghu_user` WHERE `id` = 2 LIMIT 1   [ RunTime:0.0003s ]
SQL: SELECT `faceurl` FROM `jianghu_user` WHERE `id` = 2 LIMIT 1   [ RunTime:0.0002s ]
SQL: SELECT `imageurl` FROM `jianghu_introduce_images` WHERE `introduce_id` = 115  [ RunTime:0.0002s ]
NOTIC: [8] Undefined variable: img D:\xampp\htdocs\jianghu\Application\Home\Model\IntroduceImagesModel.class.php 第 21 行.
SQL: SELECT `domain` FROM `jianghu_introduce_domain` WHERE `introduce_id` = 115 LIMIT 1   [ RunTime:0.0002s ]
SQL: UPDATE `jianghu_user` SET `unreadnum`='0' WHERE `id` = 1 [ RunTime:0.1129s ]

[ 2016-11-15T13:34:24+08:00 ] ::1 /jianghu/index.php/home/msg/getUnreadNum
INFO: [ app_init ] --START--
INFO: Run Behavior\BuildLiteBehavior [ RunTime:0.000020s ]
INFO: [ app_init ] --END-- [ RunTime:0.000669s ]
INFO: [ app_begin ] --START--
INFO: Run Behavior\ReadHtmlCacheBehavior [ RunTime:0.000741s ]
INFO: [ app_begin ] --END-- [ RunTime:0.000801s ]
SQL: SHOW COLUMNS FROM `jianghu_token` [ RunTime:0.0033s ]
SQL: SHOW COLUMNS FROM `jianghu_user` [ RunTime:0.0041s ]
SQL: SHOW COLUMNS FROM `jianghu_login_count` [ RunTime:0.0039s ]
SQL: SHOW COLUMNS FROM `jianghu_daily_num` [ RunTime:0.0034s ]
SQL: SELECT * FROM `jianghu_token` WHERE `token` = 'a7369773cfc392c5516570ee3194fa4a' AND `state` = 0 LIMIT 1   [ RunTime:0.0006s ]
SQL: SELECT `isban` FROM `jianghu_user` WHERE `id` = 1 LIMIT 1   [ RunTime:0.0011s ]
SQL: SELECT * FROM `jianghu_login_count` WHERE `user_id` = 1 AND `date` = '2016-11-15' LIMIT 1   [ RunTime:0.0004s ]
SQL: SELECT * FROM `jianghu_daily_num` WHERE `date` = '2016-11-15' LIMIT 1   [ RunTime:0.0005s ]
SQL: SELECT `jointime` FROM `jianghu_user` WHERE `id` = 1 LIMIT 1   [ RunTime:0.0004s ]
SQL: SHOW COLUMNS FROM `jianghu_forward` [ RunTime:0.0045s ]
SQL: SHOW COLUMNS FROM `jianghu_praise` [ RunTime:0.0036s ]
SQL: SHOW COLUMNS FROM `jianghu_comment` [ RunTime:0.0050s ]
SQL: SHOW COLUMNS FROM `jianghu_friend_request` [ RunTime:0.0041s ]
SQL: SELECT COUNT(*) AS tp_count FROM `jianghu_forward` WHERE `owner_id` = 1 AND `state` = 0 LIMIT 1   [ RunTime:0.0004s ]
SQL: SELECT COUNT(*) AS tp_count FROM `jianghu_praise` WHERE `owner_id` = 1 AND `state` = 0 LIMIT 1   [ RunTime:0.0003s ]
SQL: SELECT COUNT(*) AS tp_count FROM `jianghu_comment` WHERE `owner_id` = 1 AND `state` = 0 LIMIT 1   [ RunTime:0.0003s ]
SQL: SELECT COUNT(*) AS tp_count FROM `jianghu_friend_request` WHERE `state` = 0 AND `friend_id` = 1 LIMIT 1   [ RunTime:0.0003s ]
SQL: SELECT `unreadnum` FROM `jianghu_user` WHERE `id` = 1 LIMIT 1   [ RunTime:0.0003s ]

[ 2016-11-15T13:40:39+08:00 ] ::1 /jianghu/index.php/home/introduce/forward
INFO: [ app_init ] --START--
INFO: Run Behavior\BuildLiteBehavior [ RunTime:0.000013s ]
INFO: [ app_init ] --END-- [ RunTime:0.000526s ]
INFO: [ app_begin ] --START--
INFO: Run Behavior\ReadHtmlCacheBehavior [ RunTime:0.000733s ]
INFO: [ app_begin ] --END-- [ RunTime:0.000787s ]
SQL: SHOW COLUMNS FROM `jianghu_token` [ RunTime:0.0049s ]
SQL: SHOW COLUMNS FROM `jianghu_user` [ RunTime:0.0053s ]
SQL: SHOW COLUMNS FROM `jianghu_login_count` [ RunTime:0.0036s ]
SQL: SHOW COLUMNS FROM `jianghu_daily_num` [ RunTime:0.0036s ]
SQL: SELECT * FROM `jianghu_token` WHERE `token` = 'f0eac881e871f806c946703600ca3c5e' AND `state` = 0 LIMIT 1   [ RunTime:0.0005s ]
SQL: SELECT `isban` FROM `jianghu_user` WHERE `id` = 2 LIMIT 1   [ RunTime:0.0006s ]
SQL: SELECT * FROM `jianghu_login_count` WHERE `user_id` = 2 AND `date` = '2016-11-15' LIMIT 1   [ RunTime:0.0004s ]
SQL: SELECT * FROM `jianghu_daily_num` WHERE `date` = '2016-11-15' LIMIT 1   [ RunTime:0.0003s ]
SQL: SELECT `jointime` FROM `jianghu_user` WHERE `id` = 2 LIMIT 1   [ RunTime:0.0003s ]
SQL: SHOW COLUMNS FROM `jianghu_introduce` [ RunTime:0.0038s ]
SQL: SHOW COLUMNS FROM `jianghu_forward` [ RunTime:0.0044s ]
SQL: SHOW COLUMNS FROM `jianghu_friend` [ RunTime:0.0041s ]
SQL: SELECT `user_id` FROM `jianghu_introduce` WHERE `id` = 90 LIMIT 1   [ RunTime:0.0003s ]
SQL: SELECT `isforward` FROM `jianghu_introduce` WHERE `id` = 90 LIMIT 1   [ RunTime:0.0003s ]
SQL: SELECT `degree` FROM `jianghu_introduce` WHERE `id` = 90 LIMIT 1   [ RunTime:0.0003s ]
SQL: SELECT `forward_id` FROM `jianghu_introduce` WHERE `id` = 90 LIMIT 1   [ RunTime:0.0003s ]
SQL: SELECT `user_id` FROM `jianghu_forward` WHERE `id` = 0 LIMIT 1   [ RunTime:0.0003s ]
SQL: INSERT INTO `jianghu_forward` (`user_id`,`introduce_id`,`time`,`owner_id`,`original_id`,`original_id2`,`degree`) VALUES ('2','90','2016-11-15 13:40:39','1','90','2','2') [ RunTime:0.0903s ]
SQL: INSERT INTO `jianghu_introduce` (`time`,`isforward`,`text`,`user_id`,`degree`,`forward_id`) VALUES ('2016-11-15 13:40:39','90','1','2','2','111') [ RunTime:0.0467s ]
SQL: UPDATE `jianghu_introduce` SET `forwardnum`=forwardnum+1 WHERE `id` = 90 [ RunTime:0.0546s ]
SQL: UPDATE `jianghu_introduce` SET `praisenum`=praisenum+1 WHERE `id` = 90 [ RunTime:0.0559s ]
NOTIC: [8] Undefined variable: friend D:\xampp\htdocs\jianghu\Application\Home\Controller\IntroduceController.class.php 第 631 行.
NOTIC: [2] implode(): Invalid arguments passed D:\xampp\htdocs\jianghu\ThinkPHP\Library\Think\Db\Driver.class.php 第 578 行.
ERR: 1064:You have an error in your SQL syntax; check the manual that corresponds to your MariaDB server version for the right syntax to use near ')' at line 1
 [ SQL语句 ] : UPDATE `jianghu_user` SET `unreadnum`=unreadnum+1 WHERE `id` IN ()
ERR: 1064:You have an error in your SQL syntax; check the manual that corresponds to your MariaDB server version for the right syntax to use near ')' at line 1
 [ SQL语句 ] : UPDATE `jianghu_user` SET `unreadnum`=unreadnum+1 WHERE `id` IN ()

[ 2016-11-15T13:42:03+08:00 ] ::1 /jianghu/index.php/home/introduce/forward
INFO: [ app_init ] --START--
INFO: Run Behavior\BuildLiteBehavior [ RunTime:0.000012s ]
INFO: [ app_init ] --END-- [ RunTime:0.000555s ]
INFO: [ app_begin ] --START--
INFO: Run Behavior\ReadHtmlCacheBehavior [ RunTime:0.000697s ]
INFO: [ app_begin ] --END-- [ RunTime:0.000758s ]
SQL: SHOW COLUMNS FROM `jianghu_token` [ RunTime:0.0050s ]
SQL: SHOW COLUMNS FROM `jianghu_user` [ RunTime:0.0037s ]
SQL: SHOW COLUMNS FROM `jianghu_login_count` [ RunTime:0.0046s ]
SQL: SHOW COLUMNS FROM `jianghu_daily_num` [ RunTime:0.0035s ]
SQL: SELECT * FROM `jianghu_token` WHERE `token` = 'f0eac881e871f806c946703600ca3c5e' AND `state` = 0 LIMIT 1   [ RunTime:0.0004s ]
SQL: SELECT `isban` FROM `jianghu_user` WHERE `id` = 2 LIMIT 1   [ RunTime:0.0003s ]
SQL: SELECT * FROM `jianghu_login_count` WHERE `user_id` = 2 AND `date` = '2016-11-15' LIMIT 1   [ RunTime:0.0003s ]
SQL: SELECT * FROM `jianghu_daily_num` WHERE `date` = '2016-11-15' LIMIT 1   [ RunTime:0.0003s ]
SQL: SELECT `jointime` FROM `jianghu_user` WHERE `id` = 2 LIMIT 1   [ RunTime:0.0003s ]
SQL: SHOW COLUMNS FROM `jianghu_introduce` [ RunTime:0.0042s ]
SQL: SHOW COLUMNS FROM `jianghu_forward` [ RunTime:0.0043s ]
SQL: SHOW COLUMNS FROM `jianghu_friend` [ RunTime:0.0042s ]
SQL: SELECT `user_id` FROM `jianghu_introduce` WHERE `id` = 90 LIMIT 1   [ RunTime:0.0003s ]
SQL: SELECT `isforward` FROM `jianghu_introduce` WHERE `id` = 90 LIMIT 1   [ RunTime:0.0003s ]
SQL: SELECT `degree` FROM `jianghu_introduce` WHERE `id` = 90 LIMIT 1   [ RunTime:0.0003s ]
SQL: SELECT `forward_id` FROM `jianghu_introduce` WHERE `id` = 90 LIMIT 1   [ RunTime:0.0003s ]
SQL: SELECT `user_id` FROM `jianghu_forward` WHERE `id` = 0 LIMIT 1   [ RunTime:0.0002s ]
SQL: INSERT INTO `jianghu_forward` (`user_id`,`introduce_id`,`time`,`owner_id`,`original_id`,`original_id2`,`degree`) VALUES ('2','90','2016-11-15 13:42:03','1','90','2','2') [ RunTime:0.0963s ]
SQL: INSERT INTO `jianghu_introduce` (`time`,`isforward`,`text`,`user_id`,`degree`,`forward_id`) VALUES ('2016-11-15 13:42:03','90','1','2','2','112') [ RunTime:0.0372s ]
SQL: UPDATE `jianghu_introduce` SET `forwardnum`=forwardnum+1 WHERE `id` = 90 [ RunTime:0.0449s ]
SQL: UPDATE `jianghu_introduce` SET `praisenum`=praisenum+1 WHERE `id` = 90 [ RunTime:0.0325s ]
ERR: 1064:You have an error in your SQL syntax; check the manual that corresponds to your MariaDB server version for the right syntax to use near ')' at line 1
 [ SQL语句 ] : UPDATE `jianghu_user` SET `unreadnum`=unreadnum+1 WHERE `id` IN ()
ERR: 1064:You have an error in your SQL syntax; check the manual that corresponds to your MariaDB server version for the right syntax to use near ')' at line 1
 [ SQL语句 ] : UPDATE `jianghu_user` SET `unreadnum`=unreadnum+1 WHERE `id` IN ()

[ 2016-11-15T13:42:09+08:00 ] ::1 /jianghu/index.php/home/introduce/forward
INFO: [ app_init ] --START--
INFO: Run Behavior\BuildLiteBehavior [ RunTime:0.000014s ]
INFO: [ app_init ] --END-- [ RunTime:0.000622s ]
INFO: [ app_begin ] --START--
INFO: Run Behavior\ReadHtmlCacheBehavior [ RunTime:0.000715s ]
INFO: [ app_begin ] --END-- [ RunTime:0.000766s ]
SQL: SHOW COLUMNS FROM `jianghu_token` [ RunTime:0.0052s ]
SQL: SHOW COLUMNS FROM `jianghu_user` [ RunTime:0.0043s ]
SQL: SHOW COLUMNS FROM `jianghu_login_count` [ RunTime:0.0034s ]
SQL: SHOW COLUMNS FROM `jianghu_daily_num` [ RunTime:0.0041s ]
SQL: SELECT * FROM `jianghu_token` WHERE `token` = 'f0eac881e871f806c946703600ca3c5e' AND `state` = 0 LIMIT 1   [ RunTime:0.0004s ]
SQL: SELECT `isban` FROM `jianghu_user` WHERE `id` = 2 LIMIT 1   [ RunTime:0.0003s ]
SQL: SELECT * FROM `jianghu_login_count` WHERE `user_id` = 2 AND `date` = '2016-11-15' LIMIT 1   [ RunTime:0.0003s ]
SQL: SELECT * FROM `jianghu_daily_num` WHERE `date` = '2016-11-15' LIMIT 1   [ RunTime:0.0003s ]
SQL: SELECT `jointime` FROM `jianghu_user` WHERE `id` = 2 LIMIT 1   [ RunTime:0.0003s ]
SQL: SHOW COLUMNS FROM `jianghu_introduce` [ RunTime:0.0041s ]
SQL: SHOW COLUMNS FROM `jianghu_forward` [ RunTime:0.0039s ]
SQL: SHOW COLUMNS FROM `jianghu_friend` [ RunTime:0.0039s ]
SQL: SELECT `user_id` FROM `jianghu_introduce` WHERE `id` = 90 LIMIT 1   [ RunTime:0.0003s ]
SQL: SELECT `isforward` FROM `jianghu_introduce` WHERE `id` = 90 LIMIT 1   [ RunTime:0.0003s ]
SQL: SELECT `degree` FROM `jianghu_introduce` WHERE `id` = 90 LIMIT 1   [ RunTime:0.0003s ]
SQL: SELECT `forward_id` FROM `jianghu_introduce` WHERE `id` = 90 LIMIT 1   [ RunTime:0.0003s ]
SQL: SELECT `user_id` FROM `jianghu_forward` WHERE `id` = 0 LIMIT 1   [ RunTime:0.0002s ]
SQL: INSERT INTO `jianghu_forward` (`user_id`,`introduce_id`,`time`,`owner_id`,`original_id`,`original_id2`,`degree`) VALUES ('2','90','2016-11-15 13:42:09','1','90','2','2') [ RunTime:0.0681s ]
SQL: INSERT INTO `jianghu_introduce` (`time`,`isforward`,`text`,`user_id`,`degree`,`forward_id`) VALUES ('2016-11-15 13:42:09','90','1','2','2','113') [ RunTime:0.0365s ]
SQL: UPDATE `jianghu_introduce` SET `forwardnum`=forwardnum+1 WHERE `id` = 90 [ RunTime:0.0338s ]
SQL: UPDATE `jianghu_introduce` SET `praisenum`=praisenum+1 WHERE `id` = 90 [ RunTime:0.0326s ]
ERR: 1064:You have an error in your SQL syntax; check the manual that corresponds to your MariaDB server version for the right syntax to use near ')' at line 1
 [ SQL语句 ] : UPDATE `jianghu_user` SET `unreadnum`=unreadnum+1 WHERE `id` IN ()
ERR: 1064:You have an error in your SQL syntax; check the manual that corresponds to your MariaDB server version for the right syntax to use near ')' at line 1
 [ SQL语句 ] : UPDATE `jianghu_user` SET `unreadnum`=unreadnum+1 WHERE `id` IN ()

[ 2016-11-15T13:42:50+08:00 ] ::1 /jianghu/index.php/home/introduce/forward
INFO: [ app_init ] --START--
INFO: Run Behavior\BuildLiteBehavior [ RunTime:0.000013s ]
INFO: [ app_init ] --END-- [ RunTime:0.000540s ]
INFO: [ app_begin ] --START--
INFO: Run Behavior\ReadHtmlCacheBehavior [ RunTime:0.001049s ]
INFO: [ app_begin ] --END-- [ RunTime:0.001116s ]
SQL: SHOW COLUMNS FROM `jianghu_token` [ RunTime:0.0056s ]
SQL: SHOW COLUMNS FROM `jianghu_user` [ RunTime:0.0035s ]
SQL: SHOW COLUMNS FROM `jianghu_login_count` [ RunTime:0.0035s ]
SQL: SHOW COLUMNS FROM `jianghu_daily_num` [ RunTime:0.0044s ]
SQL: SELECT * FROM `jianghu_token` WHERE `token` = 'f0eac881e871f806c946703600ca3c5e' AND `state` = 0 LIMIT 1   [ RunTime:0.0005s ]
SQL: SELECT `isban` FROM `jianghu_user` WHERE `id` = 2 LIMIT 1   [ RunTime:0.0003s ]
SQL: SELECT * FROM `jianghu_login_count` WHERE `user_id` = 2 AND `date` = '2016-11-15' LIMIT 1   [ RunTime:0.0003s ]
SQL: SELECT * FROM `jianghu_daily_num` WHERE `date` = '2016-11-15' LIMIT 1   [ RunTime:0.0003s ]
SQL: SELECT `jointime` FROM `jianghu_user` WHERE `id` = 2 LIMIT 1   [ RunTime:0.0003s ]
SQL: SHOW COLUMNS FROM `jianghu_introduce` [ RunTime:0.0038s ]
SQL: SHOW COLUMNS FROM `jianghu_forward` [ RunTime:0.0039s ]
SQL: SHOW COLUMNS FROM `jianghu_friend` [ RunTime:0.0040s ]
SQL: SELECT `user_id` FROM `jianghu_introduce` WHERE `id` = 90 LIMIT 1   [ RunTime:0.0003s ]
SQL: SELECT `isforward` FROM `jianghu_introduce` WHERE `id` = 90 LIMIT 1   [ RunTime:0.0003s ]
SQL: SELECT `degree` FROM `jianghu_introduce` WHERE `id` = 90 LIMIT 1   [ RunTime:0.0003s ]
SQL: SELECT `forward_id` FROM `jianghu_introduce` WHERE `id` = 90 LIMIT 1   [ RunTime:0.0003s ]
SQL: SELECT `user_id` FROM `jianghu_forward` WHERE `id` = 0 LIMIT 1   [ RunTime:0.0002s ]
SQL: INSERT INTO `jianghu_forward` (`user_id`,`introduce_id`,`time`,`owner_id`,`original_id`,`original_id2`,`degree`) VALUES ('2','90','2016-11-15 13:42:50','1','90','2','2') [ RunTime:0.1058s ]
SQL: INSERT INTO `jianghu_introduce` (`time`,`isforward`,`text`,`user_id`,`degree`,`forward_id`) VALUES ('2016-11-15 13:42:50','90','1','2','2','114') [ RunTime:0.0666s ]
SQL: UPDATE `jianghu_introduce` SET `forwardnum`=forwardnum+1 WHERE `id` = 90 [ RunTime:0.0450s ]
SQL: UPDATE `jianghu_introduce` SET `praisenum`=praisenum+1 WHERE `id` = 90 [ RunTime:0.1325s ]
NOTIC: [2] implode(): Invalid arguments passed D:\xampp\htdocs\jianghu\ThinkPHP\Library\Think\Db\Driver.class.php 第 578 行.
ERR: 1064:You have an error in your SQL syntax; check the manual that corresponds to your MariaDB server version for the right syntax to use near ')' at line 1
 [ SQL语句 ] : UPDATE `jianghu_user` SET `unreadnum`=unreadnum+1 WHERE `id` IN ()
ERR: 1064:You have an error in your SQL syntax; check the manual that corresponds to your MariaDB server version for the right syntax to use near ')' at line 1
 [ SQL语句 ] : UPDATE `jianghu_user` SET `unreadnum`=unreadnum+1 WHERE `id` IN ()

[ 2016-11-15T13:44:57+08:00 ] ::1 /jianghu/index.php/home/introduce/forward
INFO: [ app_init ] --START--
INFO: Run Behavior\BuildLiteBehavior [ RunTime:0.000013s ]
INFO: [ app_init ] --END-- [ RunTime:0.000513s ]
INFO: [ app_begin ] --START--
INFO: Run Behavior\ReadHtmlCacheBehavior [ RunTime:0.000944s ]
INFO: [ app_begin ] --END-- [ RunTime:0.001106s ]
SQL: SHOW COLUMNS FROM `jianghu_token` [ RunTime:0.0038s ]
SQL: SHOW COLUMNS FROM `jianghu_user` [ RunTime:0.0048s ]
SQL: SHOW COLUMNS FROM `jianghu_login_count` [ RunTime:0.0036s ]
SQL: SHOW COLUMNS FROM `jianghu_daily_num` [ RunTime:0.0039s ]
SQL: SELECT * FROM `jianghu_token` WHERE `token` = 'f0eac881e871f806c946703600ca3c5e' AND `state` = 0 LIMIT 1   [ RunTime:0.0014s ]
SQL: SELECT `isban` FROM `jianghu_user` WHERE `id` = 2 LIMIT 1   [ RunTime:0.0195s ]
SQL: SELECT * FROM `jianghu_login_count` WHERE `user_id` = 2 AND `date` = '2016-11-15' LIMIT 1   [ RunTime:0.0132s ]
SQL: SELECT * FROM `jianghu_daily_num` WHERE `date` = '2016-11-15' LIMIT 1   [ RunTime:0.0092s ]
SQL: SELECT `jointime` FROM `jianghu_user` WHERE `id` = 2 LIMIT 1   [ RunTime:0.0003s ]
SQL: SHOW COLUMNS FROM `jianghu_introduce` [ RunTime:0.0042s ]
SQL: SHOW COLUMNS FROM `jianghu_forward` [ RunTime:0.0037s ]
SQL: SHOW COLUMNS FROM `jianghu_friend` [ RunTime:0.0040s ]
SQL: SELECT `user_id` FROM `jianghu_introduce` WHERE `id` = 90 LIMIT 1   [ RunTime:0.0004s ]
SQL: SELECT `isforward` FROM `jianghu_introduce` WHERE `id` = 90 LIMIT 1   [ RunTime:0.0003s ]
SQL: SELECT `degree` FROM `jianghu_introduce` WHERE `id` = 90 LIMIT 1   [ RunTime:0.0003s ]
SQL: SELECT `forward_id` FROM `jianghu_introduce` WHERE `id` = 90 LIMIT 1   [ RunTime:0.0002s ]
SQL: SELECT `user_id` FROM `jianghu_forward` WHERE `id` = 0 LIMIT 1   [ RunTime:0.0003s ]
SQL: INSERT INTO `jianghu_forward` (`user_id`,`introduce_id`,`time`,`owner_id`,`original_id`,`original_id2`,`degree`) VALUES ('2','90','2016-11-15 13:44:57','1','90','2','2') [ RunTime:0.1214s ]
SQL: INSERT INTO `jianghu_introduce` (`time`,`isforward`,`text`,`user_id`,`degree`,`forward_id`) VALUES ('2016-11-15 13:44:57','90','1','2','2','115') [ RunTime:0.0651s ]
SQL: UPDATE `jianghu_introduce` SET `forwardnum`=forwardnum+1 WHERE `id` = 90 [ RunTime:0.0435s ]
SQL: UPDATE `jianghu_introduce` SET `praisenum`=praisenum+1 WHERE `id` = 90 [ RunTime:0.1111s ]
SQL: SELECT * FROM `jianghu_friend` WHERE `user_id` = 2  [ RunTime:0.0013s ]
SQL: UPDATE `jianghu_user` SET `unreadnum`=unreadnum+1 WHERE `id` IN ('2','1','1','1') [ RunTime:0.0320s ]

[ 2016-11-15T13:45:03+08:00 ] ::1 /jianghu/index.php/home/msg/getUnreadNum
INFO: [ app_init ] --START--
INFO: Run Behavior\BuildLiteBehavior [ RunTime:0.000017s ]
INFO: [ app_init ] --END-- [ RunTime:0.000855s ]
INFO: [ app_begin ] --START--
INFO: Run Behavior\ReadHtmlCacheBehavior [ RunTime:0.000671s ]
INFO: [ app_begin ] --END-- [ RunTime:0.000722s ]
SQL: SHOW COLUMNS FROM `jianghu_token` [ RunTime:0.0438s ]
SQL: SHOW COLUMNS FROM `jianghu_user` [ RunTime:0.0053s ]
SQL: SHOW COLUMNS FROM `jianghu_login_count` [ RunTime:0.0033s ]
SQL: SHOW COLUMNS FROM `jianghu_daily_num` [ RunTime:0.0037s ]
SQL: SELECT * FROM `jianghu_token` WHERE `token` = 'a7369773cfc392c5516570ee3194fa4a' AND `state` = 0 LIMIT 1   [ RunTime:0.0004s ]
SQL: SELECT `isban` FROM `jianghu_user` WHERE `id` = 1 LIMIT 1   [ RunTime:0.0003s ]
SQL: SELECT * FROM `jianghu_login_count` WHERE `user_id` = 1 AND `date` = '2016-11-15' LIMIT 1   [ RunTime:0.0003s ]
SQL: SELECT * FROM `jianghu_daily_num` WHERE `date` = '2016-11-15' LIMIT 1   [ RunTime:0.0003s ]
SQL: SELECT `jointime` FROM `jianghu_user` WHERE `id` = 1 LIMIT 1   [ RunTime:0.0002s ]
SQL: SHOW COLUMNS FROM `jianghu_forward` [ RunTime:0.0063s ]
SQL: SHOW COLUMNS FROM `jianghu_praise` [ RunTime:0.0038s ]
SQL: SHOW COLUMNS FROM `jianghu_comment` [ RunTime:0.0031s ]
SQL: SHOW COLUMNS FROM `jianghu_friend_request` [ RunTime:0.0063s ]
SQL: SELECT COUNT(*) AS tp_count FROM `jianghu_forward` WHERE `owner_id` = 1 AND `state` = 0 LIMIT 1   [ RunTime:0.0004s ]
SQL: SELECT COUNT(*) AS tp_count FROM `jianghu_praise` WHERE `owner_id` = 1 AND `state` = 0 LIMIT 1   [ RunTime:0.0003s ]
SQL: SELECT COUNT(*) AS tp_count FROM `jianghu_comment` WHERE `owner_id` = 1 AND `state` = 0 LIMIT 1   [ RunTime:0.0003s ]
SQL: SELECT COUNT(*) AS tp_count FROM `jianghu_friend_request` WHERE `state` = 0 AND `friend_id` = 1 LIMIT 1   [ RunTime:0.0003s ]
SQL: SELECT `unreadnum` FROM `jianghu_user` WHERE `id` = 1 LIMIT 1   [ RunTime:0.0003s ]

[ 2016-11-15T13:45:16+08:00 ] ::1 /jianghu/index.php/home/introduce/forward
INFO: [ app_init ] --START--
INFO: Run Behavior\BuildLiteBehavior [ RunTime:0.000024s ]
INFO: [ app_init ] --END-- [ RunTime:0.000781s ]
INFO: [ app_begin ] --START--
INFO: Run Behavior\ReadHtmlCacheBehavior [ RunTime:0.000701s ]
INFO: [ app_begin ] --END-- [ RunTime:0.000769s ]
SQL: SHOW COLUMNS FROM `jianghu_token` [ RunTime:0.0047s ]
SQL: SHOW COLUMNS FROM `jianghu_user` [ RunTime:0.0035s ]
SQL: SHOW COLUMNS FROM `jianghu_login_count` [ RunTime:0.0030s ]
SQL: SHOW COLUMNS FROM `jianghu_daily_num` [ RunTime:0.0046s ]
SQL: SELECT * FROM `jianghu_token` WHERE `token` = 'f0eac881e871f806c946703600ca3c5e' AND `state` = 0 LIMIT 1   [ RunTime:0.0005s ]
SQL: SELECT `isban` FROM `jianghu_user` WHERE `id` = 3 LIMIT 1   [ RunTime:0.0003s ]
SQL: SELECT * FROM `jianghu_login_count` WHERE `user_id` = 3 AND `date` = '2016-11-15' LIMIT 1   [ RunTime:0.0003s ]
SQL: SELECT * FROM `jianghu_daily_num` WHERE `date` = '2016-11-15' LIMIT 1   [ RunTime:0.0002s ]
SQL: SELECT `jointime` FROM `jianghu_user` WHERE `id` = 3 LIMIT 1   [ RunTime:0.0003s ]
SQL: SHOW COLUMNS FROM `jianghu_introduce` [ RunTime:0.0038s ]
SQL: SHOW COLUMNS FROM `jianghu_forward` [ RunTime:0.0034s ]
SQL: SHOW COLUMNS FROM `jianghu_friend` [ RunTime:0.0041s ]
SQL: SELECT `user_id` FROM `jianghu_introduce` WHERE `id` = 90 LIMIT 1   [ RunTime:0.0005s ]
SQL: SELECT `isforward` FROM `jianghu_introduce` WHERE `id` = 90 LIMIT 1   [ RunTime:0.0004s ]
SQL: SELECT `degree` FROM `jianghu_introduce` WHERE `id` = 90 LIMIT 1   [ RunTime:0.0004s ]
SQL: SELECT `forward_id` FROM `jianghu_introduce` WHERE `id` = 90 LIMIT 1   [ RunTime:0.0004s ]
SQL: SELECT `user_id` FROM `jianghu_forward` WHERE `id` = 0 LIMIT 1   [ RunTime:0.0003s ]
SQL: INSERT INTO `jianghu_forward` (`user_id`,`introduce_id`,`time`,`owner_id`,`original_id`,`original_id2`,`degree`) VALUES ('3','90','2016-11-15 13:45:16','1','90','3','2') [ RunTime:0.0862s ]
SQL: INSERT INTO `jianghu_introduce` (`time`,`isforward`,`text`,`user_id`,`degree`,`forward_id`) VALUES ('2016-11-15 13:45:16','90','1','3','2','116') [ RunTime:0.0315s ]
SQL: UPDATE `jianghu_introduce` SET `forwardnum`=forwardnum+1 WHERE `id` = 90 [ RunTime:0.0324s ]
SQL: UPDATE `jianghu_introduce` SET `praisenum`=praisenum+1 WHERE `id` = 90 [ RunTime:0.0338s ]
SQL: SELECT * FROM `jianghu_friend` WHERE `user_id` = 3  [ RunTime:0.0003s ]
SQL: UPDATE `jianghu_user` SET `unreadnum`=unreadnum+1 WHERE `id` IN ('3','1') [ RunTime:0.0320s ]

[ 2016-11-15T13:45:19+08:00 ] ::1 /jianghu/index.php/home/msg/getUnreadNum
INFO: [ app_init ] --START--
INFO: Run Behavior\BuildLiteBehavior [ RunTime:0.000012s ]
INFO: [ app_init ] --END-- [ RunTime:0.000546s ]
INFO: [ app_begin ] --START--
INFO: Run Behavior\ReadHtmlCacheBehavior [ RunTime:0.000652s ]
INFO: [ app_begin ] --END-- [ RunTime:0.000703s ]
SQL: SHOW COLUMNS FROM `jianghu_token` [ RunTime:0.0151s ]
SQL: SHOW COLUMNS FROM `jianghu_user` [ RunTime:0.0047s ]
SQL: SHOW COLUMNS FROM `jianghu_login_count` [ RunTime:0.0032s ]
SQL: SHOW COLUMNS FROM `jianghu_daily_num` [ RunTime:0.0036s ]
SQL: SELECT * FROM `jianghu_token` WHERE `token` = 'a7369773cfc392c5516570ee3194fa4a' AND `state` = 0 LIMIT 1   [ RunTime:0.0004s ]
SQL: SELECT `isban` FROM `jianghu_user` WHERE `id` = 1 LIMIT 1   [ RunTime:0.0003s ]
SQL: SELECT * FROM `jianghu_login_count` WHERE `user_id` = 1 AND `date` = '2016-11-15' LIMIT 1   [ RunTime:0.0003s ]
SQL: SELECT * FROM `jianghu_daily_num` WHERE `date` = '2016-11-15' LIMIT 1   [ RunTime:0.0003s ]
SQL: SELECT `jointime` FROM `jianghu_user` WHERE `id` = 1 LIMIT 1   [ RunTime:0.0002s ]
SQL: SHOW COLUMNS FROM `jianghu_forward` [ RunTime:0.0045s ]
SQL: SHOW COLUMNS FROM `jianghu_praise` [ RunTime:0.0040s ]
SQL: SHOW COLUMNS FROM `jianghu_comment` [ RunTime:0.0040s ]
SQL: SHOW COLUMNS FROM `jianghu_friend_request` [ RunTime:0.0035s ]
SQL: SELECT COUNT(*) AS tp_count FROM `jianghu_forward` WHERE `owner_id` = 1 AND `state` = 0 LIMIT 1   [ RunTime:0.0004s ]
SQL: SELECT COUNT(*) AS tp_count FROM `jianghu_praise` WHERE `owner_id` = 1 AND `state` = 0 LIMIT 1   [ RunTime:0.0004s ]
SQL: SELECT COUNT(*) AS tp_count FROM `jianghu_comment` WHERE `owner_id` = 1 AND `state` = 0 LIMIT 1   [ RunTime:0.0004s ]
SQL: SELECT COUNT(*) AS tp_count FROM `jianghu_friend_request` WHERE `state` = 0 AND `friend_id` = 1 LIMIT 1   [ RunTime:0.0003s ]
SQL: SELECT `unreadnum` FROM `jianghu_user` WHERE `id` = 1 LIMIT 1   [ RunTime:0.0002s ]

[ 2016-11-15T13:45:46+08:00 ] ::1 /jianghu/index.php/home/msg/checkForwardMsg
INFO: [ app_init ] --START--
INFO: Run Behavior\BuildLiteBehavior [ RunTime:0.000014s ]
INFO: [ app_init ] --END-- [ RunTime:0.000599s ]
INFO: [ app_begin ] --START--
INFO: Run Behavior\ReadHtmlCacheBehavior [ RunTime:0.000796s ]
INFO: [ app_begin ] --END-- [ RunTime:0.000863s ]
SQL: SHOW COLUMNS FROM `jianghu_token` [ RunTime:0.0058s ]
SQL: SHOW COLUMNS FROM `jianghu_user` [ RunTime:0.0033s ]
SQL: SHOW COLUMNS FROM `jianghu_login_count` [ RunTime:0.0036s ]
SQL: SHOW COLUMNS FROM `jianghu_daily_num` [ RunTime:0.0031s ]
SQL: SELECT * FROM `jianghu_token` WHERE `token` = 'a7369773cfc392c5516570ee3194fa4a' AND `state` = 0 LIMIT 1   [ RunTime:0.0004s ]
SQL: SELECT `isban` FROM `jianghu_user` WHERE `id` = 1 LIMIT 1   [ RunTime:0.0003s ]
SQL: SELECT * FROM `jianghu_login_count` WHERE `user_id` = 1 AND `date` = '2016-11-15' LIMIT 1   [ RunTime:0.0004s ]
SQL: SELECT * FROM `jianghu_daily_num` WHERE `date` = '2016-11-15' LIMIT 1   [ RunTime:0.0004s ]
SQL: SELECT `jointime` FROM `jianghu_user` WHERE `id` = 1 LIMIT 1   [ RunTime:0.0004s ]
SQL: SHOW COLUMNS FROM `jianghu_forward` [ RunTime:0.0036s ]
SQL: SELECT * FROM `jianghu_forward` WHERE `user_id` <> '1' AND `owner_id` = 1 ORDER BY time desc  [ RunTime:0.0007s ]
SQL: SELECT `username` FROM `jianghu_user` WHERE `id` = 3 LIMIT 1   [ RunTime:0.0003s ]
SQL: SELECT `faceurl` FROM `jianghu_user` WHERE `id` = 3 LIMIT 1   [ RunTime:0.0003s ]
SQL: SELECT `username` FROM `jianghu_user` WHERE `id` = 2 LIMIT 1   [ RunTime:0.0003s ]
SQL: SELECT `faceurl` FROM `jianghu_user` WHERE `id` = 2 LIMIT 1   [ RunTime:0.0003s ]
SQL: SELECT `username` FROM `jianghu_user` WHERE `id` = 2 LIMIT 1   [ RunTime:0.0002s ]
SQL: SELECT `faceurl` FROM `jianghu_user` WHERE `id` = 2 LIMIT 1   [ RunTime:0.0003s ]
SQL: SELECT `username` FROM `jianghu_user` WHERE `id` = 2 LIMIT 1   [ RunTime:0.0003s ]
SQL: SELECT `faceurl` FROM `jianghu_user` WHERE `id` = 2 LIMIT 1   [ RunTime:0.0003s ]
SQL: SELECT `username` FROM `jianghu_user` WHERE `id` = 2 LIMIT 1   [ RunTime:0.0003s ]
SQL: SELECT `faceurl` FROM `jianghu_user` WHERE `id` = 2 LIMIT 1   [ RunTime:0.0003s ]
SQL: SELECT `username` FROM `jianghu_user` WHERE `id` = 2 LIMIT 1   [ RunTime:0.0003s ]
SQL: SELECT `faceurl` FROM `jianghu_user` WHERE `id` = 2 LIMIT 1   [ RunTime:0.0003s ]
SQL: SELECT `username` FROM `jianghu_user` WHERE `id` = 32 LIMIT 1   [ RunTime:0.0003s ]
SQL: SELECT `faceurl` FROM `jianghu_user` WHERE `id` = 32 LIMIT 1   [ RunTime:0.0003s ]
SQL: SELECT `username` FROM `jianghu_user` WHERE `id` = 6 LIMIT 1   [ RunTime:0.0002s ]
SQL: SELECT `faceurl` FROM `jianghu_user` WHERE `id` = 6 LIMIT 1   [ RunTime:0.0003s ]
SQL: SELECT `username` FROM `jianghu_user` WHERE `id` = 6 LIMIT 1   [ RunTime:0.0002s ]
SQL: SELECT `faceurl` FROM `jianghu_user` WHERE `id` = 6 LIMIT 1   [ RunTime:0.0003s ]
SQL: SELECT `username` FROM `jianghu_user` WHERE `id` = 6 LIMIT 1   [ RunTime:0.0003s ]
SQL: SELECT `faceurl` FROM `jianghu_user` WHERE `id` = 6 LIMIT 1   [ RunTime:0.0003s ]
SQL: SELECT `username` FROM `jianghu_user` WHERE `id` = 6 LIMIT 1   [ RunTime:0.0003s ]
SQL: SELECT `faceurl` FROM `jianghu_user` WHERE `id` = 6 LIMIT 1   [ RunTime:0.0002s ]
SQL: SELECT `username` FROM `jianghu_user` WHERE `id` = 2 LIMIT 1   [ RunTime:0.0003s ]
SQL: SELECT `faceurl` FROM `jianghu_user` WHERE `id` = 2 LIMIT 1   [ RunTime:0.0008s ]
SQL: SELECT `username` FROM `jianghu_user` WHERE `id` = 17 LIMIT 1   [ RunTime:0.0005s ]
SQL: SELECT `faceurl` FROM `jianghu_user` WHERE `id` = 17 LIMIT 1   [ RunTime:0.0004s ]
SQL: SELECT `username` FROM `jianghu_user` WHERE `id` = 2 LIMIT 1   [ RunTime:0.0003s ]
SQL: SELECT `faceurl` FROM `jianghu_user` WHERE `id` = 2 LIMIT 1   [ RunTime:0.0003s ]
SQL: SELECT `username` FROM `jianghu_user` WHERE `id` = 17 LIMIT 1   [ RunTime:0.0002s ]
SQL: SELECT `faceurl` FROM `jianghu_user` WHERE `id` = 17 LIMIT 1   [ RunTime:0.0003s ]
SQL: SELECT `username` FROM `jianghu_user` WHERE `id` = 26 LIMIT 1   [ RunTime:0.0002s ]
SQL: SELECT `faceurl` FROM `jianghu_user` WHERE `id` = 26 LIMIT 1   [ RunTime:0.0002s ]
SQL: SELECT `username` FROM `jianghu_user` WHERE `id` = 3 LIMIT 1   [ RunTime:0.0002s ]
SQL: SELECT `faceurl` FROM `jianghu_user` WHERE `id` = 3 LIMIT 1   [ RunTime:0.0003s ]
SQL: SELECT `username` FROM `jianghu_user` WHERE `id` = 2 LIMIT 1   [ RunTime:0.0003s ]
SQL: SELECT `faceurl` FROM `jianghu_user` WHERE `id` = 2 LIMIT 1   [ RunTime:0.0003s ]
SQL: SELECT `username` FROM `jianghu_user` WHERE `id` = 16 LIMIT 1   [ RunTime:0.0003s ]
SQL: SELECT `faceurl` FROM `jianghu_user` WHERE `id` = 16 LIMIT 1   [ RunTime:0.0003s ]
SQL: SELECT `username` FROM `jianghu_user` WHERE `id` = 16 LIMIT 1   [ RunTime:0.0002s ]
SQL: SELECT `faceurl` FROM `jianghu_user` WHERE `id` = 16 LIMIT 1   [ RunTime:0.0002s ]
SQL: SELECT `username` FROM `jianghu_user` WHERE `id` = 16 LIMIT 1   [ RunTime:0.0004s ]
SQL: SELECT `faceurl` FROM `jianghu_user` WHERE `id` = 16 LIMIT 1   [ RunTime:0.0003s ]
SQL: SELECT `username` FROM `jianghu_user` WHERE `id` = 16 LIMIT 1   [ RunTime:0.0004s ]
SQL: SELECT `faceurl` FROM `jianghu_user` WHERE `id` = 16 LIMIT 1   [ RunTime:0.0003s ]
SQL: SELECT `username` FROM `jianghu_user` WHERE `id` = 16 LIMIT 1   [ RunTime:0.0002s ]
SQL: SELECT `faceurl` FROM `jianghu_user` WHERE `id` = 16 LIMIT 1   [ RunTime:0.0002s ]
SQL: SELECT `username` FROM `jianghu_user` WHERE `id` = 2 LIMIT 1   [ RunTime:0.0002s ]
SQL: SELECT `faceurl` FROM `jianghu_user` WHERE `id` = 2 LIMIT 1   [ RunTime:0.0003s ]
SQL: UPDATE `jianghu_forward` SET `state`='1' WHERE `owner_id` = 1 AND `state` = 0 [ RunTime:0.0650s ]

[ 2016-11-15T13:50:29+08:00 ] ::1 /jianghu/index.php/home/msg/getUnreadNum
INFO: [ app_init ] --START--
INFO: Run Behavior\BuildLiteBehavior [ RunTime:0.000014s ]
INFO: [ app_init ] --END-- [ RunTime:0.000575s ]
INFO: [ app_begin ] --START--
INFO: Run Behavior\ReadHtmlCacheBehavior [ RunTime:0.000796s ]
INFO: [ app_begin ] --END-- [ RunTime:0.000863s ]
SQL: SHOW COLUMNS FROM `jianghu_token` [ RunTime:0.0051s ]
SQL: SHOW COLUMNS FROM `jianghu_user` [ RunTime:0.0035s ]
SQL: SHOW COLUMNS FROM `jianghu_login_count` [ RunTime:0.0033s ]
SQL: SHOW COLUMNS FROM `jianghu_daily_num` [ RunTime:0.0048s ]
SQL: SELECT * FROM `jianghu_token` WHERE `token` = 'a7369773cfc392c5516570ee3194fa4a' AND `state` = 0 LIMIT 1   [ RunTime:0.0004s ]
SQL: SELECT `isban` FROM `jianghu_user` WHERE `id` = 1 LIMIT 1   [ RunTime:0.0003s ]
SQL: SELECT * FROM `jianghu_login_count` WHERE `user_id` = 1 AND `date` = '2016-11-15' LIMIT 1   [ RunTime:0.0003s ]
SQL: SELECT * FROM `jianghu_daily_num` WHERE `date` = '2016-11-15' LIMIT 1   [ RunTime:0.0003s ]
SQL: SELECT `jointime` FROM `jianghu_user` WHERE `id` = 1 LIMIT 1   [ RunTime:0.0003s ]
SQL: SHOW COLUMNS FROM `jianghu_forward` [ RunTime:0.0044s ]
SQL: SHOW COLUMNS FROM `jianghu_praise` [ RunTime:0.0034s ]
SQL: SHOW COLUMNS FROM `jianghu_comment` [ RunTime:0.0042s ]
SQL: SHOW COLUMNS FROM `jianghu_friend_request` [ RunTime:0.0033s ]
SQL: SELECT COUNT(*) AS tp_count FROM `jianghu_forward` WHERE `owner_id` = 1 AND `state` = 0 LIMIT 1   [ RunTime:0.0004s ]
SQL: SELECT COUNT(*) AS tp_count FROM `jianghu_praise` WHERE `owner_id` = 1 AND `state` = 0 LIMIT 1   [ RunTime:0.0004s ]
SQL: SELECT COUNT(*) AS tp_count FROM `jianghu_comment` WHERE `owner_id` = 1 AND `state` = 0 LIMIT 1   [ RunTime:0.0003s ]
SQL: SELECT COUNT(*) AS tp_count FROM `jianghu_friend_request` WHERE `state` = 0 AND `friend_id` = 1 LIMIT 1   [ RunTime:0.0003s ]
SQL: SELECT `unreadnum` FROM `jianghu_user` WHERE `id` = 1 LIMIT 1   [ RunTime:0.0002s ]

[ 2016-11-15T19:40:23+08:00 ] ::1 /jianghu/index.php/home/business/showdetail
INFO: [ app_init ] --START--
INFO: Run Behavior\BuildLiteBehavior [ RunTime:0.000014s ]
INFO: [ app_init ] --END-- [ RunTime:0.000578s ]
INFO: [ app_begin ] --START--
INFO: Run Behavior\ReadHtmlCacheBehavior [ RunTime:0.001154s ]
INFO: [ app_begin ] --END-- [ RunTime:0.001284s ]
SQL: SHOW COLUMNS FROM `jianghu_business` [ RunTime:0.0050s ]
SQL: SHOW COLUMNS FROM `jianghu_introduce` [ RunTime:0.0040s ]
SQL: SELECT * FROM `jianghu_business` WHERE `id` = 3 LIMIT 1   [ RunTime:0.0004s ]
SQL: SELECT `degree` FROM `jianghu_introduce`  [ RunTime:0.0005s ]

[ 2016-11-15T19:44:02+08:00 ] ::1 /jianghu/index.php/home/business/showdetail
INFO: [ app_init ] --START--
INFO: Run Behavior\BuildLiteBehavior [ RunTime:0.000011s ]
INFO: [ app_init ] --END-- [ RunTime:0.000487s ]
INFO: [ app_begin ] --START--
INFO: Run Behavior\ReadHtmlCacheBehavior [ RunTime:0.001166s ]
INFO: [ app_begin ] --END-- [ RunTime:0.001267s ]
SQL: SHOW COLUMNS FROM `jianghu_business` [ RunTime:0.0042s ]
SQL: SHOW COLUMNS FROM `jianghu_introduce` [ RunTime:0.0047s ]
SQL: SELECT * FROM `jianghu_business` WHERE `id` = 3 LIMIT 1   [ RunTime:0.0004s ]
SQL: SELECT `degree` FROM `jianghu_introduce`  [ RunTime:0.0004s ]

[ 2016-11-15T19:49:05+08:00 ] ::1 /jianghu/index.php/home/business/showdetail
INFO: [ app_init ] --START--
INFO: Run Behavior\BuildLiteBehavior [ RunTime:0.000014s ]
INFO: [ app_init ] --END-- [ RunTime:0.000503s ]
INFO: [ app_begin ] --START--
INFO: Run Behavior\ReadHtmlCacheBehavior [ RunTime:0.000713s ]
INFO: [ app_begin ] --END-- [ RunTime:0.000776s ]
SQL: SHOW COLUMNS FROM `jianghu_business` [ RunTime:0.0036s ]
SQL: SHOW COLUMNS FROM `jianghu_introduce` [ RunTime:0.0055s ]
SQL: SELECT * FROM `jianghu_business` WHERE `id` = 3 LIMIT 1   [ RunTime:0.0005s ]
SQL: SELECT `degree` FROM `jianghu_introduce`  [ RunTime:0.0007s ]

[ 2016-11-15T19:51:19+08:00 ] ::1 /jianghu/index.php/home/business/showdetail
INFO: [ app_init ] --START--
INFO: Run Behavior\BuildLiteBehavior [ RunTime:0.000033s ]
INFO: [ app_init ] --END-- [ RunTime:0.000890s ]
INFO: [ app_begin ] --START--
INFO: Run Behavior\ReadHtmlCacheBehavior [ RunTime:0.000843s ]
INFO: [ app_begin ] --END-- [ RunTime:0.000901s ]
SQL: SHOW COLUMNS FROM `jianghu_business` [ RunTime:0.0115s ]
SQL: SHOW COLUMNS FROM `jianghu_introduce` [ RunTime:0.0053s ]
SQL: SELECT * FROM `jianghu_business` WHERE `id` = 3 LIMIT 1   [ RunTime:0.0004s ]
SQL: SELECT `degree` FROM `jianghu_introduce`  [ RunTime:0.0005s ]

[ 2016-11-15T20:40:23+08:00 ] ::1 /jianghu/index.php/home/business/showdetail
INFO: [ app_init ] --START--
INFO: Run Behavior\BuildLiteBehavior [ RunTime:0.000016s ]
INFO: [ app_init ] --END-- [ RunTime:0.000538s ]
INFO: [ app_begin ] --START--
INFO: Run Behavior\ReadHtmlCacheBehavior [ RunTime:0.002306s ]
INFO: [ app_begin ] --END-- [ RunTime:0.002394s ]
SQL: SHOW COLUMNS FROM `jianghu_business` [ RunTime:0.0060s ]
SQL: SHOW COLUMNS FROM `jianghu_introduce` [ RunTime:0.0035s ]
SQL: SELECT * FROM `jianghu_business` WHERE `id` = 3 LIMIT 1   [ RunTime:0.0005s ]
SQL: SELECT `degree`,`alldegree` FROM `jianghu_introduce`  [ RunTime:0.0005s ]
NOTIC: [8] Undefined variable: alldegree D:\xampp\htdocs\jianghu\Application\Home\Controller\BusinessController.class.php 第 43 行.

[ 2016-11-15T20:40:39+08:00 ] ::1 /jianghu/index.php/home/business/showdetail
INFO: [ app_init ] --START--
INFO: Run Behavior\BuildLiteBehavior [ RunTime:0.000015s ]
INFO: [ app_init ] --END-- [ RunTime:0.000544s ]
INFO: [ app_begin ] --START--
INFO: Run Behavior\ReadHtmlCacheBehavior [ RunTime:0.000781s ]
INFO: [ app_begin ] --END-- [ RunTime:0.000835s ]
SQL: SHOW COLUMNS FROM `jianghu_business` [ RunTime:0.0054s ]
SQL: SHOW COLUMNS FROM `jianghu_introduce` [ RunTime:0.0045s ]
SQL: SELECT * FROM `jianghu_business` WHERE `id` = 3 LIMIT 1   [ RunTime:0.0008s ]
SQL: SELECT `degree`,`alldegree` FROM `jianghu_introduce`  [ RunTime:0.0006s ]
NOTIC: [8] Undefined variable: alldegree D:\xampp\htdocs\jianghu\Application\Home\Controller\BusinessController.class.php 第 43 行.

[ 2016-11-15T20:40:55+08:00 ] ::1 /jianghu/index.php/home/business/showdetail
INFO: [ app_init ] --START--
INFO: Run Behavior\BuildLiteBehavior [ RunTime:0.000013s ]
INFO: [ app_init ] --END-- [ RunTime:0.000549s ]
INFO: [ app_begin ] --START--
INFO: Run Behavior\ReadHtmlCacheBehavior [ RunTime:0.000725s ]
INFO: [ app_begin ] --END-- [ RunTime:0.000778s ]
SQL: SHOW COLUMNS FROM `jianghu_business` [ RunTime:0.0055s ]
SQL: SHOW COLUMNS FROM `jianghu_introduce` [ RunTime:0.0040s ]
SQL: SELECT * FROM `jianghu_business` WHERE `id` = 3 LIMIT 1   [ RunTime:0.0004s ]
SQL: SELECT `degree`,`alldegree` FROM `jianghu_introduce`  [ RunTime:0.0005s ]
NOTIC: [8] Undefined variable: alldegree D:\xampp\htdocs\jianghu\Application\Home\Controller\BusinessController.class.php 第 43 行.

[ 2016-11-15T20:41:12+08:00 ] ::1 /jianghu/index.php/home/business/showdetail
INFO: [ app_init ] --START--
INFO: Run Behavior\BuildLiteBehavior [ RunTime:0.000014s ]
INFO: [ app_init ] --END-- [ RunTime:0.000555s ]
INFO: [ app_begin ] --START--
INFO: Run Behavior\ReadHtmlCacheBehavior [ RunTime:0.000725s ]
INFO: [ app_begin ] --END-- [ RunTime:0.000791s ]
SQL: SHOW COLUMNS FROM `jianghu_business` [ RunTime:0.0053s ]
SQL: SHOW COLUMNS FROM `jianghu_introduce` [ RunTime:0.0045s ]
SQL: SELECT * FROM `jianghu_business` WHERE `id` = 3 LIMIT 1   [ RunTime:0.0004s ]
SQL: SELECT `degree`,`alldegree` FROM `jianghu_introduce`  [ RunTime:0.0005s ]
NOTIC: [8] Undefined variable: alldegree D:\xampp\htdocs\jianghu\Application\Home\Controller\BusinessController.class.php 第 43 行.
SQL: SELECT `star` FROM `jianghu_business` WHERE `id` = 3 LIMIT 1   [ RunTime:0.0003s ]
SQL: UPDATE `jianghu_business` SET `star`='3' WHERE `id` = 3 [ RunTime:0.0855s ]

[ 2016-11-15T20:44:50+08:00 ] ::1 /jianghu/index.php/home/business/showdetail
INFO: [ app_init ] --START--
INFO: Run Behavior\BuildLiteBehavior [ RunTime:0.000014s ]
INFO: [ app_init ] --END-- [ RunTime:0.000641s ]
INFO: [ app_begin ] --START--
INFO: Run Behavior\ReadHtmlCacheBehavior [ RunTime:0.001119s ]
INFO: [ app_begin ] --END-- [ RunTime:0.001197s ]
SQL: SHOW COLUMNS FROM `jianghu_business` [ RunTime:0.0061s ]
SQL: SHOW COLUMNS FROM `jianghu_introduce` [ RunTime:0.0041s ]
SQL: SELECT * FROM `jianghu_business` WHERE `id` = 3 LIMIT 1   [ RunTime:0.0004s ]
SQL: SELECT `degree`,`alldegree` FROM `jianghu_introduce` WHERE `business_id` = 3  [ RunTime:0.0003s ]
NOTIC: [8] Undefined variable: alldegree D:\xampp\htdocs\jianghu\Application\Home\Controller\BusinessController.class.php 第 43 行.
SQL: SELECT `star` FROM `jianghu_business` WHERE `id` = 3 LIMIT 1   [ RunTime:0.0003s ]

[ 2016-11-15T20:44:54+08:00 ] ::1 /jianghu/index.php/home/business/showdetail
INFO: [ app_init ] --START--
INFO: Run Behavior\BuildLiteBehavior [ RunTime:0.000017s ]
INFO: [ app_init ] --END-- [ RunTime:0.000616s ]
INFO: [ app_begin ] --START--
INFO: Run Behavior\ReadHtmlCacheBehavior [ RunTime:0.000885s ]
INFO: [ app_begin ] --END-- [ RunTime:0.000951s ]
SQL: SHOW COLUMNS FROM `jianghu_business` [ RunTime:0.0058s ]
SQL: SHOW COLUMNS FROM `jianghu_introduce` [ RunTime:0.0037s ]
SQL: SELECT * FROM `jianghu_business` WHERE `id` = 1 LIMIT 1   [ RunTime:0.0004s ]
SQL: SELECT `degree`,`alldegree` FROM `jianghu_introduce` WHERE `business_id` = 1  [ RunTime:0.0003s ]
NOTIC: [8] Undefined variable: alldegree D:\xampp\htdocs\jianghu\Application\Home\Controller\BusinessController.class.php 第 43 行.
SQL: SELECT `star` FROM `jianghu_business` WHERE `id` = 1 LIMIT 1   [ RunTime:0.0003s ]
SQL: UPDATE `jianghu_business` SET `star`='3' WHERE `id` = 1 [ RunTime:0.0681s ]

[ 2016-11-15T22:30:07+08:00 ] ::1 /jianghu/index.php/home/search/searchBusiness
INFO: [ app_init ] --START--
INFO: Run Behavior\BuildLiteBehavior [ RunTime:0.000014s ]
INFO: [ app_init ] --END-- [ RunTime:0.000652s ]
INFO: [ app_begin ] --START--
INFO: Run Behavior\ReadHtmlCacheBehavior [ RunTime:0.000925s ]
INFO: [ app_begin ] --END-- [ RunTime:0.001051s ]
SQL: SHOW COLUMNS FROM `jianghu_business` [ RunTime:0.0036s ]
SQL: SELECT `id`,`name` FROM `jianghu_business` WHERE `name` LIKE '%贝岗%'  [ RunTime:0.0004s ]

[ 2016-11-15T22:30:56+08:00 ] ::1 /jianghu/index.php/home/search/searchBusiness
INFO: [ app_init ] --START--
INFO: Run Behavior\BuildLiteBehavior [ RunTime:0.000015s ]
INFO: [ app_init ] --END-- [ RunTime:0.000619s ]
INFO: [ app_begin ] --START--
INFO: Run Behavior\ReadHtmlCacheBehavior [ RunTime:0.000891s ]
INFO: [ app_begin ] --END-- [ RunTime:0.000945s ]
SQL: SHOW COLUMNS FROM `jianghu_business` [ RunTime:0.0057s ]
SQL: SELECT `id`,`name` FROM `jianghu_business` WHERE `name` LIKE '%宝鸡%'  [ RunTime:0.0003s ]

[ 2016-11-15T22:43:02+08:00 ] ::1 /jianghu/index.php/home/introduce/add
INFO: [ app_init ] --START--
INFO: Run Behavior\BuildLiteBehavior [ RunTime:0.000022s ]
INFO: [ app_init ] --END-- [ RunTime:0.000706s ]
INFO: [ app_begin ] --START--
INFO: Run Behavior\ReadHtmlCacheBehavior [ RunTime:0.001039s ]
INFO: [ app_begin ] --END-- [ RunTime:0.001113s ]
SQL: SHOW COLUMNS FROM `jianghu_token` [ RunTime:0.0046s ]
SQL: SHOW COLUMNS FROM `jianghu_user` [ RunTime:0.0052s ]
SQL: SHOW COLUMNS FROM `jianghu_login_count` [ RunTime:0.0036s ]
SQL: SHOW COLUMNS FROM `jianghu_daily_num` [ RunTime:0.0044s ]
SQL: SELECT * FROM `jianghu_token` WHERE `token` = '2ea7c6999b86afb0f34bc274e78377fe' AND `state` = 0 LIMIT 1   [ RunTime:0.0006s ]
SQL: SELECT `isban` FROM `jianghu_user` WHERE `id` = 3 LIMIT 1   [ RunTime:0.0004s ]
SQL: SELECT * FROM `jianghu_login_count` WHERE `user_id` = 3 AND `date` = '2016-11-15' LIMIT 1   [ RunTime:0.0009s ]
SQL: SELECT * FROM `jianghu_daily_num` WHERE `date` = '2016-11-15' LIMIT 1   [ RunTime:0.0005s ]
SQL: SELECT `jointime` FROM `jianghu_user` WHERE `id` = 3 LIMIT 1   [ RunTime:0.0003s ]
SQL: SHOW COLUMNS FROM `jianghu_introduce_domain` [ RunTime:0.0038s ]
SQL: SHOW COLUMNS FROM `jianghu_domain` [ RunTime:0.0037s ]
SQL: SHOW COLUMNS FROM `jianghu_introduce` [ RunTime:0.0048s ]
SQL: SHOW COLUMNS FROM `jianghu_introduce_images` [ RunTime:0.0044s ]
SQL: SHOW COLUMNS FROM `jianghu_forward` [ RunTime:0.0038s ]
SQL: SHOW COLUMNS FROM `jianghu_friend` [ RunTime:0.0055s ]
SQL: SHOW COLUMNS FROM `jianghu_business` [ RunTime:0.0038s ]
SQL: SELECT `name` FROM `jianghu_domain` WHERE `id` = 1 LIMIT 1   [ RunTime:0.0003s ]
SQL: SELECT `name` FROM `jianghu_business` WHERE `id` = 1 LIMIT 1   [ RunTime:0.0002s ]
SQL: INSERT INTO `jianghu_introduce` (`business_id`,`business_name`,`business_addr`,`text`,`user_id`,`time`,`degree`) VALUES ('1','章鱼小丸子','白云区','这是3的内容','3','2016-11-15 22:43:02','1') [ RunTime:0.0889s ]
SQL: INSERT INTO `jianghu_introduce_domain` (`domain`,`introduce_id`) VALUES ('美食','134') [ RunTime:0.0370s ]
NOTIC: [2] Invalid argument supplied for foreach() D:\xampp\htdocs\jianghu\Application\Common\Common\function.php 第 56 行.
NOTIC: [8] Undefined variable: imageinfo D:\xampp\htdocs\jianghu\Application\Common\Common\function.php 第 60 行.
NOTIC: [2] Invalid argument supplied for foreach() D:\xampp\htdocs\jianghu\Application\Home\Controller\IntroduceController.class.php 第 53 行.
SQL: INSERT INTO `jianghu_forward` (`user_id`,`introduce_id`,`original_id`,`time`,`owner_id`,`degree`) VALUES ('3','134','134','2016-11-15 22:43:02','3','1') [ RunTime:0.0629s ]
SQL: SELECT * FROM `jianghu_friend` WHERE `user_id` = 3  [ RunTime:0.0005s ]
SQL: UPDATE `jianghu_user` SET `unreadnum`=unreadnum+1 WHERE `id` IN ('3','1') [ RunTime:0.0658s ]
SQL: UPDATE `jianghu_user` SET `praisenum`=praisenum+1 WHERE `id` = 3 [ RunTime:0.0334s ]

[ 2016-11-15T22:45:07+08:00 ] ::1 /jianghu/index.php/home/introduce/showFriendIntro
INFO: [ app_init ] --START--
INFO: Run Behavior\BuildLiteBehavior [ RunTime:0.000014s ]
INFO: [ app_init ] --END-- [ RunTime:0.000690s ]
INFO: [ app_begin ] --START--
INFO: Run Behavior\ReadHtmlCacheBehavior [ RunTime:0.001185s ]
INFO: [ app_begin ] --END-- [ RunTime:0.001263s ]
SQL: SHOW COLUMNS FROM `jianghu_token` [ RunTime:0.0053s ]
SQL: SHOW COLUMNS FROM `jianghu_user` [ RunTime:0.0050s ]
SQL: SHOW COLUMNS FROM `jianghu_login_count` [ RunTime:0.0041s ]
SQL: SHOW COLUMNS FROM `jianghu_daily_num` [ RunTime:0.0034s ]
SQL: SELECT * FROM `jianghu_token` WHERE `token` = '2ea7c6999b86afb0f34bc274e78377fe' AND `state` = 0 LIMIT 1   [ RunTime:0.0017s ]
SQL: SELECT `isban` FROM `jianghu_user` WHERE `id` = 1 LIMIT 1   [ RunTime:0.0004s ]
SQL: SELECT * FROM `jianghu_login_count` WHERE `user_id` = 1 AND `date` = '2016-11-15' LIMIT 1   [ RunTime:0.0004s ]
SQL: SELECT * FROM `jianghu_daily_num` WHERE `date` = '2016-11-15' LIMIT 1   [ RunTime:0.0003s ]
SQL: SELECT `jointime` FROM `jianghu_user` WHERE `id` = 1 LIMIT 1   [ RunTime:0.0002s ]
SQL: SHOW COLUMNS FROM `jianghu_friend` [ RunTime:0.0033s ]
SQL: SHOW COLUMNS FROM `jianghu_introduce` [ RunTime:0.0039s ]
SQL: SHOW COLUMNS FROM `jianghu_introduce_images` [ RunTime:0.0055s ]
SQL: SHOW COLUMNS FROM `jianghu_introduce_domain` [ RunTime:0.0038s ]
SQL: SELECT `friend_id` FROM `jianghu_friend` WHERE `user_id` = 1  [ RunTime:0.0004s ]
SQL: SELECT * FROM `jianghu_introduce` WHERE `user_id` IN ('5','4','3','2','1','6','7','18') ORDER BY time desc LIMIT 0,10   [ RunTime:0.0006s ]
SQL: SELECT `username` FROM `jianghu_user` WHERE `id` = 3 LIMIT 1   [ RunTime:0.0005s ]
SQL: SELECT `faceurl` FROM `jianghu_user` WHERE `id` = 3 LIMIT 1   [ RunTime:0.0004s ]
SQL: SELECT `imageurl` FROM `jianghu_introduce_images` WHERE `introduce_id` = 134  [ RunTime:0.0003s ]
NOTIC: [8] Undefined variable: img D:\xampp\htdocs\jianghu\Application\Home\Model\IntroduceImagesModel.class.php 第 21 行.
SQL: SELECT `domain` FROM `jianghu_introduce_domain` WHERE `introduce_id` = 134 LIMIT 1   [ RunTime:0.0003s ]
SQL: SELECT `username` FROM `jianghu_user` WHERE `id` = 3 LIMIT 1   [ RunTime:0.0003s ]
SQL: SELECT `faceurl` FROM `jianghu_user` WHERE `id` = 3 LIMIT 1   [ RunTime:0.0003s ]
SQL: SELECT `imageurl` FROM `jianghu_introduce_images` WHERE `introduce_id` = 133  [ RunTime:0.0003s ]
NOTIC: [8] Undefined variable: img D:\xampp\htdocs\jianghu\Application\Home\Model\IntroduceImagesModel.class.php 第 21 行.
SQL: SELECT `domain` FROM `jianghu_introduce_domain` WHERE `introduce_id` = 133 LIMIT 1   [ RunTime:0.0003s ]
SQL: SELECT * FROM `jianghu_introduce` WHERE `id` = 90 LIMIT 1   [ RunTime:0.0007s ]
SQL: SELECT `username` FROM `jianghu_user` WHERE `id` = 1 LIMIT 1   [ RunTime:0.0003s ]
SQL: SELECT `faceurl` FROM `jianghu_user` WHERE `id` = 1 LIMIT 1   [ RunTime:0.0003s ]
SQL: SELECT `imageurl` FROM `jianghu_introduce_images` WHERE `introduce_id` = 90  [ RunTime:0.0003s ]
NOTIC: [8] Undefined variable: img D:\xampp\htdocs\jianghu\Application\Home\Model\IntroduceImagesModel.class.php 第 21 行.
SQL: SELECT `domain` FROM `jianghu_introduce_domain` WHERE `introduce_id` = 90 LIMIT 1   [ RunTime:0.0003s ]
SQL: SELECT `username` FROM `jianghu_user` WHERE `id` = 2 LIMIT 1   [ RunTime:0.0002s ]
SQL: SELECT `faceurl` FROM `jianghu_user` WHERE `id` = 2 LIMIT 1   [ RunTime:0.0004s ]
SQL: SELECT `imageurl` FROM `jianghu_introduce_images` WHERE `introduce_id` = 132  [ RunTime:0.0033s ]
NOTIC: [8] Undefined variable: img D:\xampp\htdocs\jianghu\Application\Home\Model\IntroduceImagesModel.class.php 第 21 行.
SQL: SELECT `domain` FROM `jianghu_introduce_domain` WHERE `introduce_id` = 132 LIMIT 1   [ RunTime:0.0009s ]
SQL: SELECT * FROM `jianghu_introduce` WHERE `id` = 90 LIMIT 1   [ RunTime:0.0006s ]
SQL: SELECT `username` FROM `jianghu_user` WHERE `id` = 1 LIMIT 1   [ RunTime:0.0005s ]
SQL: SELECT `faceurl` FROM `jianghu_user` WHERE `id` = 1 LIMIT 1   [ RunTime:0.0006s ]
SQL: SELECT `imageurl` FROM `jianghu_introduce_images` WHERE `introduce_id` = 90  [ RunTime:0.0008s ]
NOTIC: [8] Undefined variable: img D:\xampp\htdocs\jianghu\Application\Home\Model\IntroduceImagesModel.class.php 第 21 行.
SQL: SELECT `domain` FROM `jianghu_introduce_domain` WHERE `introduce_id` = 90 LIMIT 1   [ RunTime:0.0005s ]
SQL: SELECT `username` FROM `jianghu_user` WHERE `id` = 2 LIMIT 1   [ RunTime:0.0004s ]
SQL: SELECT `faceurl` FROM `jianghu_user` WHERE `id` = 2 LIMIT 1   [ RunTime:0.0003s ]
SQL: SELECT `imageurl` FROM `jianghu_introduce_images` WHERE `introduce_id` = 131  [ RunTime:0.0003s ]
NOTIC: [8] Undefined variable: img D:\xampp\htdocs\jianghu\Application\Home\Model\IntroduceImagesModel.class.php 第 21 行.
SQL: SELECT `domain` FROM `jianghu_introduce_domain` WHERE `introduce_id` = 131 LIMIT 1   [ RunTime:0.0003s ]
SQL: SELECT * FROM `jianghu_introduce` WHERE `id` = 90 LIMIT 1   [ RunTime:0.0004s ]
SQL: SELECT `username` FROM `jianghu_user` WHERE `id` = 1 LIMIT 1   [ RunTime:0.0003s ]
SQL: SELECT `faceurl` FROM `jianghu_user` WHERE `id` = 1 LIMIT 1   [ RunTime:0.0003s ]
SQL: SELECT `imageurl` FROM `jianghu_introduce_images` WHERE `introduce_id` = 90  [ RunTime:0.0003s ]
NOTIC: [8] Undefined variable: img D:\xampp\htdocs\jianghu\Application\Home\Model\IntroduceImagesModel.class.php 第 21 行.
SQL: SELECT `domain` FROM `jianghu_introduce_domain` WHERE `introduce_id` = 90 LIMIT 1   [ RunTime:0.0003s ]
SQL: SELECT `username` FROM `jianghu_user` WHERE `id` = 2 LIMIT 1   [ RunTime:0.0003s ]
SQL: SELECT `faceurl` FROM `jianghu_user` WHERE `id` = 2 LIMIT 1   [ RunTime:0.0008s ]
SQL: SELECT `imageurl` FROM `jianghu_introduce_images` WHERE `introduce_id` = 130  [ RunTime:0.0014s ]
NOTIC: [8] Undefined variable: img D:\xampp\htdocs\jianghu\Application\Home\Model\IntroduceImagesModel.class.php 第 21 行.
SQL: SELECT `domain` FROM `jianghu_introduce_domain` WHERE `introduce_id` = 130 LIMIT 1   [ RunTime:0.0007s ]
SQL: SELECT * FROM `jianghu_introduce` WHERE `id` = 90 LIMIT 1   [ RunTime:0.0006s ]
SQL: SELECT `username` FROM `jianghu_user` WHERE `id` = 1 LIMIT 1   [ RunTime:0.0003s ]
SQL: SELECT `faceurl` FROM `jianghu_user` WHERE `id` = 1 LIMIT 1   [ RunTime:0.0003s ]
SQL: SELECT `imageurl` FROM `jianghu_introduce_images` WHERE `introduce_id` = 90  [ RunTime:0.0003s ]
NOTIC: [8] Undefined variable: img D:\xampp\htdocs\jianghu\Application\Home\Model\IntroduceImagesModel.class.php 第 21 行.
SQL: SELECT `domain` FROM `jianghu_introduce_domain` WHERE `introduce_id` = 90 LIMIT 1   [ RunTime:0.0003s ]
SQL: SELECT `username` FROM `jianghu_user` WHERE `id` = 2 LIMIT 1   [ RunTime:0.0003s ]
SQL: SELECT `faceurl` FROM `jianghu_user` WHERE `id` = 2 LIMIT 1   [ RunTime:0.0003s ]
SQL: SELECT `imageurl` FROM `jianghu_introduce_images` WHERE `introduce_id` = 129  [ RunTime:0.0003s ]
NOTIC: [8] Undefined variable: img D:\xampp\htdocs\jianghu\Application\Home\Model\IntroduceImagesModel.class.php 第 21 行.
SQL: SELECT `domain` FROM `jianghu_introduce_domain` WHERE `introduce_id` = 129 LIMIT 1   [ RunTime:0.0006s ]
SQL: SELECT * FROM `jianghu_introduce` WHERE `id` = 90 LIMIT 1   [ RunTime:0.0005s ]
SQL: SELECT `username` FROM `jianghu_user` WHERE `id` = 1 LIMIT 1   [ RunTime:0.0003s ]
SQL: SELECT `faceurl` FROM `jianghu_user` WHERE `id` = 1 LIMIT 1   [ RunTime:0.0003s ]
SQL: SELECT `imageurl` FROM `jianghu_introduce_images` WHERE `introduce_id` = 90  [ RunTime:0.0003s ]
NOTIC: [8] Undefined variable: img D:\xampp\htdocs\jianghu\Application\Home\Model\IntroduceImagesModel.class.php 第 21 行.
SQL: SELECT `domain` FROM `jianghu_introduce_domain` WHERE `introduce_id` = 90 LIMIT 1   [ RunTime:0.0003s ]
SQL: SELECT `username` FROM `jianghu_user` WHERE `id` = 2 LIMIT 1   [ RunTime:0.0003s ]
SQL: SELECT `faceurl` FROM `jianghu_user` WHERE `id` = 2 LIMIT 1   [ RunTime:0.0002s ]
SQL: SELECT `imageurl` FROM `jianghu_introduce_images` WHERE `introduce_id` = 128  [ RunTime:0.0003s ]
NOTIC: [8] Undefined variable: img D:\xampp\htdocs\jianghu\Application\Home\Model\IntroduceImagesModel.class.php 第 21 行.
SQL: SELECT `domain` FROM `jianghu_introduce_domain` WHERE `introduce_id` = 128 LIMIT 1   [ RunTime:0.0004s ]
SQL: SELECT * FROM `jianghu_introduce` WHERE `id` = 90 LIMIT 1   [ RunTime:0.0004s ]
SQL: SELECT `username` FROM `jianghu_user` WHERE `id` = 1 LIMIT 1   [ RunTime:0.0003s ]
SQL: SELECT `faceurl` FROM `jianghu_user` WHERE `id` = 1 LIMIT 1   [ RunTime:0.0003s ]
SQL: SELECT `imageurl` FROM `jianghu_introduce_images` WHERE `introduce_id` = 90  [ RunTime:0.0003s ]
NOTIC: [8] Undefined variable: img D:\xampp\htdocs\jianghu\Application\Home\Model\IntroduceImagesModel.class.php 第 21 行.
SQL: SELECT `domain` FROM `jianghu_introduce_domain` WHERE `introduce_id` = 90 LIMIT 1   [ RunTime:0.0003s ]
SQL: SELECT `username` FROM `jianghu_user` WHERE `id` = 3 LIMIT 1   [ RunTime:0.0003s ]
SQL: SELECT `faceurl` FROM `jianghu_user` WHERE `id` = 3 LIMIT 1   [ RunTime:0.0003s ]
SQL: SELECT `imageurl` FROM `jianghu_introduce_images` WHERE `introduce_id` = 127  [ RunTime:0.0004s ]
NOTIC: [8] Undefined variable: img D:\xampp\htdocs\jianghu\Application\Home\Model\IntroduceImagesModel.class.php 第 21 行.
SQL: SELECT `domain` FROM `jianghu_introduce_domain` WHERE `introduce_id` = 127 LIMIT 1   [ RunTime:0.0016s ]
SQL: SELECT `username` FROM `jianghu_user` WHERE `id` = 3 LIMIT 1   [ RunTime:0.0003s ]
SQL: SELECT `faceurl` FROM `jianghu_user` WHERE `id` = 3 LIMIT 1   [ RunTime:0.0003s ]
SQL: SELECT `imageurl` FROM `jianghu_introduce_images` WHERE `introduce_id` = 126  [ RunTime:0.0003s ]
NOTIC: [8] Undefined variable: img D:\xampp\htdocs\jianghu\Application\Home\Model\IntroduceImagesModel.class.php 第 21 行.
SQL: SELECT `domain` FROM `jianghu_introduce_domain` WHERE `introduce_id` = 126 LIMIT 1   [ RunTime:0.0005s ]
SQL: SELECT `username` FROM `jianghu_user` WHERE `id` = 3 LIMIT 1   [ RunTime:0.0004s ]
SQL: SELECT `faceurl` FROM `jianghu_user` WHERE `id` = 3 LIMIT 1   [ RunTime:0.0003s ]
SQL: SELECT `imageurl` FROM `jianghu_introduce_images` WHERE `introduce_id` = 125  [ RunTime:0.0003s ]
SQL: SELECT `domain` FROM `jianghu_introduce_domain` WHERE `introduce_id` = 125 LIMIT 1   [ RunTime:0.0003s ]
SQL: UPDATE `jianghu_user` SET `unreadnum`='0' WHERE `id` = 1 [ RunTime:0.0748s ]

[ 2016-11-15T23:32:04+08:00 ] ::1 /jianghu/index.php/home/search/search
INFO: [ app_init ] --START--
INFO: Run Behavior\BuildLiteBehavior [ RunTime:0.000012s ]
INFO: [ app_init ] --END-- [ RunTime:0.000491s ]
INFO: [ app_begin ] --START--
INFO: Run Behavior\ReadHtmlCacheBehavior [ RunTime:0.000885s ]
INFO: [ app_begin ] --END-- [ RunTime:0.000941s ]
SQL: SHOW COLUMNS FROM `jianghu_introduce` [ RunTime:0.0041s ]
SQL: SHOW COLUMNS FROM `jianghu_user` [ RunTime:0.0047s ]
SQL: SHOW COLUMNS FROM `jianghu_introduce_domain` [ RunTime:0.0036s ]
ERR: 1054:Unknown column 'name' in 'where clause'
 [ SQL语句 ] : SELECT * FROM `jianghu_introduce` left join jianghu_introduce_domain on jianghu_introduce_domain.introduce_id=jianghu_introduce.id  WHERE `name` LIKE '%宝鸡%' OR `text` LIKE '%宝鸡%' OR `business_name` LIKE '%宝鸡%' 
ERR: 1054:Unknown column 'name' in 'where clause'
 [ SQL语句 ] : SELECT * FROM `jianghu_introduce` left join jianghu_introduce_domain on jianghu_introduce_domain.introduce_id=jianghu_introduce.id  WHERE `name` LIKE '%宝鸡%' OR `text` LIKE '%宝鸡%' OR `business_name` LIKE '%宝鸡%' 

[ 2016-11-15T23:33:40+08:00 ] ::1 /jianghu/index.php/home/search/search
INFO: [ app_init ] --START--
INFO: Run Behavior\BuildLiteBehavior [ RunTime:0.000019s ]
INFO: [ app_init ] --END-- [ RunTime:0.000758s ]
INFO: [ app_begin ] --START--
INFO: Run Behavior\ReadHtmlCacheBehavior [ RunTime:0.000774s ]
INFO: [ app_begin ] --END-- [ RunTime:0.000842s ]
SQL: SHOW COLUMNS FROM `jianghu_introduce` [ RunTime:0.0053s ]
SQL: SHOW COLUMNS FROM `jianghu_user` [ RunTime:0.0040s ]
SQL: SHOW COLUMNS FROM `jianghu_introduce_domain` [ RunTime:0.0040s ]
ERR: 1054:Unknown column 'jianghu_introduce_domain.name' in 'where clause'
 [ SQL语句 ] : SELECT * FROM `jianghu_introduce` left join jianghu_introduce_domain on jianghu_introduce_domain.introduce_id=jianghu_introduce.id  WHERE jianghu_introduce_domain.name LIKE '%宝鸡%' OR `text` LIKE '%宝鸡%' OR `business_name` LIKE '%宝鸡%' 
ERR: 1054:Unknown column 'jianghu_introduce_domain.name' in 'where clause'
 [ SQL语句 ] : SELECT * FROM `jianghu_introduce` left join jianghu_introduce_domain on jianghu_introduce_domain.introduce_id=jianghu_introduce.id  WHERE jianghu_introduce_domain.name LIKE '%宝鸡%' OR `text` LIKE '%宝鸡%' OR `business_name` LIKE '%宝鸡%' 

[ 2016-11-15T23:34:29+08:00 ] ::1 /jianghu/index.php/home/search/search
INFO: [ app_init ] --START--
INFO: Run Behavior\BuildLiteBehavior [ RunTime:0.000016s ]
INFO: [ app_init ] --END-- [ RunTime:0.000627s ]
INFO: [ app_begin ] --START--
INFO: Run Behavior\ReadHtmlCacheBehavior [ RunTime:0.000930s ]
INFO: [ app_begin ] --END-- [ RunTime:0.000989s ]
SQL: SHOW COLUMNS FROM `jianghu_introduce` [ RunTime:0.0039s ]
SQL: SHOW COLUMNS FROM `jianghu_user` [ RunTime:0.0038s ]
SQL: SHOW COLUMNS FROM `jianghu_introduce_domain` [ RunTime:0.0039s ]
SQL: SELECT * FROM `jianghu_introduce` left join jianghu_introduce_domain on jianghu_introduce_domain.introduce_id=jianghu_introduce.id  WHERE `domain` LIKE '%宝鸡%' OR `text` LIKE '%宝鸡%' OR `business_name` LIKE '%宝鸡%'  [ RunTime:0.0037s ]

[ 2016-11-15T23:36:02+08:00 ] ::1 /jianghu/index.php/home/search/search
INFO: [ app_init ] --START--
INFO: Run Behavior\BuildLiteBehavior [ RunTime:0.000011s ]
INFO: [ app_init ] --END-- [ RunTime:0.000544s ]
INFO: [ app_begin ] --START--
INFO: Run Behavior\ReadHtmlCacheBehavior [ RunTime:0.000801s ]
INFO: [ app_begin ] --END-- [ RunTime:0.000851s ]
SQL: SHOW COLUMNS FROM `jianghu_introduce` [ RunTime:0.0052s ]
SQL: SHOW COLUMNS FROM `jianghu_user` [ RunTime:0.0043s ]
SQL: SHOW COLUMNS FROM `jianghu_introduce_domain` [ RunTime:0.0035s ]
SQL: SELECT * FROM `jianghu_introduce` left join jianghu_introduce_domain on jianghu_introduce_domain.introduce_id=jianghu_introduce.id  WHERE `domain` LIKE '%宝%' OR `text` LIKE '%宝%' OR `business_name` LIKE '%宝%'  [ RunTime:0.0032s ]

[ 2016-11-15T23:36:19+08:00 ] ::1 /jianghu/index.php/home/search/search
INFO: [ app_init ] --START--
INFO: Run Behavior\BuildLiteBehavior [ RunTime:0.000019s ]
INFO: [ app_init ] --END-- [ RunTime:0.000625s ]
INFO: [ app_begin ] --START--
INFO: Run Behavior\ReadHtmlCacheBehavior [ RunTime:0.000804s ]
INFO: [ app_begin ] --END-- [ RunTime:0.000876s ]
SQL: SHOW COLUMNS FROM `jianghu_introduce` [ RunTime:0.0050s ]
SQL: SHOW COLUMNS FROM `jianghu_user` [ RunTime:0.0042s ]
SQL: SHOW COLUMNS FROM `jianghu_introduce_domain` [ RunTime:0.0035s ]
SQL: SELECT * FROM `jianghu_introduce` left join jianghu_introduce_domain on jianghu_introduce_domain.introduce_id=jianghu_introduce.id  WHERE `domain` LIKE '%宝%' OR `text` LIKE '%宝%' OR `business_name` LIKE '%宝%'  [ RunTime:0.0038s ]

[ 2016-11-15T23:36:31+08:00 ] ::1 /jianghu/index.php/home/search/search
INFO: [ app_init ] --START--
INFO: Run Behavior\BuildLiteBehavior [ RunTime:0.000019s ]
INFO: [ app_init ] --END-- [ RunTime:0.001483s ]
INFO: [ app_begin ] --START--
INFO: Run Behavior\ReadHtmlCacheBehavior [ RunTime:0.000893s ]
INFO: [ app_begin ] --END-- [ RunTime:0.000960s ]
SQL: SHOW COLUMNS FROM `jianghu_introduce` [ RunTime:0.0248s ]
SQL: SHOW COLUMNS FROM `jianghu_user` [ RunTime:0.0037s ]
SQL: SHOW COLUMNS FROM `jianghu_introduce_domain` [ RunTime:0.0045s ]
SQL: SELECT * FROM `jianghu_introduce` left join jianghu_introduce_domain on jianghu_introduce_domain.introduce_id=jianghu_introduce.id  WHERE `domain` LIKE '%宝鸡%' OR `text` LIKE '%宝鸡%' OR `business_name` LIKE '%宝鸡%'  [ RunTime:0.0033s ]

[ 2016-11-15T23:36:57+08:00 ] ::1 /jianghu/index.php/home/search/search
INFO: [ app_init ] --START--
INFO: Run Behavior\BuildLiteBehavior [ RunTime:0.000013s ]
INFO: [ app_init ] --END-- [ RunTime:0.000588s ]
INFO: [ app_begin ] --START--
INFO: Run Behavior\ReadHtmlCacheBehavior [ RunTime:0.001972s ]
INFO: [ app_begin ] --END-- [ RunTime:0.002232s ]
SQL: SHOW COLUMNS FROM `jianghu_introduce` [ RunTime:0.0036s ]
SQL: SHOW COLUMNS FROM `jianghu_user` [ RunTime:0.0601s ]
SQL: SHOW COLUMNS FROM `jianghu_introduce_domain` [ RunTime:0.0388s ]
SQL: SELECT * FROM `jianghu_introduce` right join jianghu_introduce_domain on jianghu_introduce_domain.introduce_id=jianghu_introduce.id  WHERE `domain` LIKE '%宝鸡%' OR `text` LIKE '%宝鸡%' OR `business_name` LIKE '%宝鸡%'  [ RunTime:0.0005s ]

[ 2016-11-15T23:38:11+08:00 ] ::1 /jianghu/index.php/home/search/search
INFO: [ app_init ] --START--
INFO: Run Behavior\BuildLiteBehavior [ RunTime:0.000015s ]
INFO: [ app_init ] --END-- [ RunTime:0.000637s ]
INFO: [ app_begin ] --START--
INFO: Run Behavior\ReadHtmlCacheBehavior [ RunTime:0.000864s ]
INFO: [ app_begin ] --END-- [ RunTime:0.000920s ]
SQL: SHOW COLUMNS FROM `jianghu_introduce` [ RunTime:0.0052s ]
SQL: SHOW COLUMNS FROM `jianghu_user` [ RunTime:0.0047s ]
SQL: SHOW COLUMNS FROM `jianghu_introduce_domain` [ RunTime:0.0058s ]
SQL: SELECT * FROM `jianghu_introduce` left join jianghu_introduce_domain on jianghu_introduce_domain.introduce_id=jianghu_introduce.id  WHERE `domain` LIKE '%宝鸡%' OR `text` LIKE '%宝鸡%' OR `business_name` LIKE '%宝鸡%'  [ RunTime:0.0040s ]

[ 2016-11-15T23:39:36+08:00 ] ::1 /jianghu/index.php/home/search/search
INFO: [ app_init ] --START--
INFO: Run Behavior\BuildLiteBehavior [ RunTime:0.000012s ]
INFO: [ app_init ] --END-- [ RunTime:0.000510s ]
INFO: [ app_begin ] --START--
INFO: Run Behavior\ReadHtmlCacheBehavior [ RunTime:0.000845s ]
INFO: [ app_begin ] --END-- [ RunTime:0.000922s ]
SQL: SHOW COLUMNS FROM `jianghu_introduce` [ RunTime:0.0060s ]
SQL: SHOW COLUMNS FROM `jianghu_user` [ RunTime:0.0034s ]
SQL: SHOW COLUMNS FROM `jianghu_introduce_domain` [ RunTime:0.0035s ]
SQL: SELECT * FROM `jianghu_introduce` left join jianghu_introduce_domain on jianghu_introduce_domain.introduce_id=jianghu_introduce.id  WHERE `domain` LIKE '%宝鸡%' OR `text` LIKE '%宝鸡%' OR `business_name` LIKE '%宝鸡%' ORDER BY time desc  [ RunTime:0.0062s ]

[ 2016-11-15T23:40:21+08:00 ] ::1 /jianghu/index.php/home/search/search
INFO: [ app_init ] --START--
INFO: Run Behavior\BuildLiteBehavior [ RunTime:0.000016s ]
INFO: [ app_init ] --END-- [ RunTime:0.000720s ]
INFO: [ app_begin ] --START--
INFO: Run Behavior\ReadHtmlCacheBehavior [ RunTime:0.000860s ]
INFO: [ app_begin ] --END-- [ RunTime:0.000918s ]
SQL: SHOW COLUMNS FROM `jianghu_introduce` [ RunTime:0.0046s ]
SQL: SHOW COLUMNS FROM `jianghu_user` [ RunTime:0.0036s ]
SQL: SHOW COLUMNS FROM `jianghu_introduce_domain` [ RunTime:0.0034s ]
SQL: SELECT * FROM `jianghu_introduce` left join jianghu_introduce_domain on jianghu_introduce_domain.introduce_id=jianghu_introduce.id  ORDER BY time desc  [ RunTime:0.0085s ]

[ 2016-11-15T23:41:23+08:00 ] ::1 /jianghu/index.php/home/search/search
INFO: [ app_init ] --START--
INFO: Run Behavior\BuildLiteBehavior [ RunTime:0.000014s ]
INFO: [ app_init ] --END-- [ RunTime:0.001484s ]
INFO: [ app_begin ] --START--
INFO: Run Behavior\ReadHtmlCacheBehavior [ RunTime:0.000833s ]
INFO: [ app_begin ] --END-- [ RunTime:0.000930s ]
SQL: SHOW COLUMNS FROM `jianghu_introduce` [ RunTime:0.0055s ]
SQL: SHOW COLUMNS FROM `jianghu_user` [ RunTime:0.0039s ]
SQL: SHOW COLUMNS FROM `jianghu_introduce_domain` [ RunTime:0.0044s ]
SQL: SELECT * FROM `jianghu_introduce` left join jianghu_introduce_domain on jianghu_introduce_domain.introduce_id=jianghu_introduce.id  WHERE `domain` LIKE '%宝鸡%' OR `business_name` LIKE '%宝鸡%' ORDER BY time desc  [ RunTime:0.0067s ]

[ 2016-11-15T23:41:37+08:00 ] ::1 /jianghu/index.php/home/search/search
INFO: [ app_init ] --START--
INFO: Run Behavior\BuildLiteBehavior [ RunTime:0.000012s ]
INFO: [ app_init ] --END-- [ RunTime:0.000538s ]
INFO: [ app_begin ] --START--
INFO: Run Behavior\ReadHtmlCacheBehavior [ RunTime:0.000823s ]
INFO: [ app_begin ] --END-- [ RunTime:0.000875s ]
SQL: SHOW COLUMNS FROM `jianghu_introduce` [ RunTime:0.0044s ]
SQL: SHOW COLUMNS FROM `jianghu_user` [ RunTime:0.0044s ]
SQL: SHOW COLUMNS FROM `jianghu_introduce_domain` [ RunTime:0.0037s ]
SQL: SELECT * FROM `jianghu_introduce` left join jianghu_introduce_domain on jianghu_introduce_domain.introduce_id=jianghu_introduce.id  WHERE `business_name` LIKE '%宝鸡%' ORDER BY time desc  [ RunTime:0.0034s ]

[ 2016-11-15T23:41:38+08:00 ] ::1 /jianghu/index.php/home/search/search
INFO: [ app_init ] --START--
INFO: Run Behavior\BuildLiteBehavior [ RunTime:0.000042s ]
INFO: [ app_init ] --END-- [ RunTime:0.000966s ]
INFO: [ app_begin ] --START--
INFO: Run Behavior\ReadHtmlCacheBehavior [ RunTime:0.000820s ]
INFO: [ app_begin ] --END-- [ RunTime:0.000877s ]
SQL: SHOW COLUMNS FROM `jianghu_introduce` [ RunTime:0.0043s ]
SQL: SHOW COLUMNS FROM `jianghu_user` [ RunTime:0.0033s ]
SQL: SHOW COLUMNS FROM `jianghu_introduce_domain` [ RunTime:0.0041s ]
SQL: SELECT * FROM `jianghu_introduce` left join jianghu_introduce_domain on jianghu_introduce_domain.introduce_id=jianghu_introduce.id  WHERE `business_name` LIKE '%宝鸡%' ORDER BY time desc  [ RunTime:0.0034s ]

[ 2016-11-15T23:45:05+08:00 ] ::1 /jianghu/index.php/home/search/search
INFO: [ app_init ] --START--
INFO: Run Behavior\BuildLiteBehavior [ RunTime:0.000021s ]
INFO: [ app_init ] --END-- [ RunTime:0.001688s ]
INFO: [ app_begin ] --START--
INFO: Run Behavior\ReadHtmlCacheBehavior [ RunTime:0.001073s ]
INFO: [ app_begin ] --END-- [ RunTime:0.001141s ]
SQL: SHOW COLUMNS FROM `jianghu_introduce` [ RunTime:0.0045s ]
SQL: SHOW COLUMNS FROM `jianghu_user` [ RunTime:0.0043s ]
SQL: SHOW COLUMNS FROM `jianghu_introduce_domain` [ RunTime:0.0049s ]
SQL: SELECT * FROM `jianghu_introduce` left join jianghu_introduce_domain on jianghu_introduce_domain.introduce_id=jianghu_introduce.id  WHERE `domain` LIKE '%章鱼%' OR `text` LIKE '%章鱼%' OR `business_name` LIKE '%章鱼%' ORDER BY time desc  [ RunTime:0.0092s ]

[ 2016-11-15T23:51:17+08:00 ] ::1 /jianghu/index.php/home/search/search
INFO: [ app_init ] --START--
INFO: Run Behavior\BuildLiteBehavior [ RunTime:0.000014s ]
INFO: [ app_init ] --END-- [ RunTime:0.000535s ]
INFO: [ app_begin ] --START--
INFO: Run Behavior\ReadHtmlCacheBehavior [ RunTime:0.000882s ]
INFO: [ app_begin ] --END-- [ RunTime:0.000943s ]
SQL: SHOW COLUMNS FROM `jianghu_introduce` [ RunTime:0.0038s ]
SQL: SHOW COLUMNS FROM `jianghu_user` [ RunTime:0.0047s ]
SQL: SHOW COLUMNS FROM `jianghu_introduce_domain` [ RunTime:0.0050s ]
SQL: SELECT * FROM `jianghu_introduce` left join jianghu_introduce_domain on jianghu_introduce_domain.introduce_id=jianghu_introduce.id  WHERE `domain` LIKE '%章鱼%' OR `text` LIKE '%章鱼%' OR `business_name` LIKE '%章鱼%' ORDER BY time desc LIMIT 0,10   [ RunTime:0.0071s ]

