[ 2016-10-29T20:47:36+08:00 ] ::1 /jianghu/index.php/home/index/index
INFO: [ app_init ] --START--
INFO: Run Behavior\BuildLiteBehavior [ RunTime:0.000014s ]
INFO: [ app_init ] --END-- [ RunTime:0.000563s ]
INFO: [ app_begin ] --START--
INFO: Run Behavior\ReadHtmlCacheBehavior [ RunTime:0.000819s ]
INFO: [ app_begin ] --END-- [ RunTime:0.000886s ]
INFO: [ view_parse ] --START--
INFO: [ template_filter ] --START--
INFO: Run Behavior\ContentReplaceBehavior [ RunTime:0.000076s ]
INFO: [ template_filter ] --END-- [ RunTime:0.000134s ]
INFO: Run Behavior\ParseTemplateBehavior [ RunTime:0.011342s ]
INFO: [ view_parse ] --END-- [ RunTime:0.011423s ]
INFO: [ view_filter ] --START--
INFO: Run Behavior\WriteHtmlCacheBehavior [ RunTime:0.000530s ]
INFO: [ view_filter ] --END-- [ RunTime:0.000572s ]
INFO: [ app_end ] --START--
INFO: Run Behavior\ShowPageTraceBehavior [ RunTime:0.001698s ]
INFO: [ app_end ] --END-- [ RunTime:0.001790s ]

[ 2016-10-29T20:47:36+08:00 ] ::1 /jianghu/index.php/home/msg/getunreadnum
INFO: [ app_init ] --START--
INFO: Run Behavior\BuildLiteBehavior [ RunTime:0.000086s ]
INFO: [ app_init ] --END-- [ RunTime:0.001191s ]
INFO: [ app_begin ] --START--
INFO: Run Behavior\ReadHtmlCacheBehavior [ RunTime:0.000980s ]
INFO: [ app_begin ] --END-- [ RunTime:0.001060s ]
SQL: SHOW COLUMNS FROM `jianghu_user` [ RunTime:0.0075s ]
SQL: SELECT `unreadnum` FROM `jianghu_user` WHERE `id` = 4 LIMIT 1   [ RunTime:0.0014s ]

[ 2016-10-29T20:47:47+08:00 ] ::1 /jianghu/index.php/home/msg/getunreadnum
INFO: [ app_init ] --START--
INFO: Run Behavior\BuildLiteBehavior [ RunTime:0.000019s ]
INFO: [ app_init ] --END-- [ RunTime:0.000858s ]
INFO: [ app_begin ] --START--
INFO: Run Behavior\ReadHtmlCacheBehavior [ RunTime:0.001135s ]
INFO: [ app_begin ] --END-- [ RunTime:0.001210s ]
SQL: SHOW COLUMNS FROM `jianghu_user` [ RunTime:0.0036s ]
SQL: SELECT `unreadnum` FROM `jianghu_user` WHERE `id` = 4 LIMIT 1   [ RunTime:0.0003s ]

[ 2016-10-29T20:47:58+08:00 ] ::1 /jianghu/index.php/home/msg/getunreadnum
INFO: [ app_init ] --START--
INFO: Run Behavior\BuildLiteBehavior [ RunTime:0.000013s ]
INFO: [ app_init ] --END-- [ RunTime:0.000683s ]
INFO: [ app_begin ] --START--
INFO: Run Behavior\ReadHtmlCacheBehavior [ RunTime:0.000910s ]
INFO: [ app_begin ] --END-- [ RunTime:0.000966s ]
SQL: SHOW COLUMNS FROM `jianghu_user` [ RunTime:0.0201s ]
SQL: SELECT `unreadnum` FROM `jianghu_user` WHERE `id` = 4 LIMIT 1   [ RunTime:0.0003s ]

[ 2016-10-29T20:48:09+08:00 ] ::1 /jianghu/index.php/home/msg/getunreadnum
INFO: [ app_init ] --START--
INFO: Run Behavior\BuildLiteBehavior [ RunTime:0.000023s ]
INFO: [ app_init ] --END-- [ RunTime:0.000717s ]
INFO: [ app_begin ] --START--
INFO: Run Behavior\ReadHtmlCacheBehavior [ RunTime:0.000879s ]
INFO: [ app_begin ] --END-- [ RunTime:0.000939s ]
SQL: SHOW COLUMNS FROM `jianghu_user` [ RunTime:0.0041s ]
SQL: SELECT `unreadnum` FROM `jianghu_user` WHERE `id` = 4 LIMIT 1   [ RunTime:0.0003s ]

[ 2016-10-29T20:48:20+08:00 ] ::1 /jianghu/index.php/home/msg/getunreadnum
INFO: [ app_init ] --START--
INFO: Run Behavior\BuildLiteBehavior [ RunTime:0.000014s ]
INFO: [ app_init ] --END-- [ RunTime:0.000655s ]
INFO: [ app_begin ] --START--
INFO: Run Behavior\ReadHtmlCacheBehavior [ RunTime:0.000919s ]
INFO: [ app_begin ] --END-- [ RunTime:0.000990s ]
SQL: SHOW COLUMNS FROM `jianghu_user` [ RunTime:0.0053s ]
SQL: SELECT `unreadnum` FROM `jianghu_user` WHERE `id` = 4 LIMIT 1   [ RunTime:0.0003s ]

[ 2016-10-29T20:48:31+08:00 ] ::1 /jianghu/index.php/home/msg/getunreadnum
INFO: [ app_init ] --START--
INFO: Run Behavior\BuildLiteBehavior [ RunTime:0.000013s ]
INFO: [ app_init ] --END-- [ RunTime:0.000617s ]
INFO: [ app_begin ] --START--
INFO: Run Behavior\ReadHtmlCacheBehavior [ RunTime:0.000877s ]
INFO: [ app_begin ] --END-- [ RunTime:0.000930s ]
SQL: SHOW COLUMNS FROM `jianghu_user` [ RunTime:0.0050s ]
SQL: SELECT `unreadnum` FROM `jianghu_user` WHERE `id` = 4 LIMIT 1   [ RunTime:0.0003s ]

[ 2016-10-29T20:48:42+08:00 ] ::1 /jianghu/index.php/home/msg/getunreadnum
INFO: [ app_init ] --START--
INFO: Run Behavior\BuildLiteBehavior [ RunTime:0.000013s ]
INFO: [ app_init ] --END-- [ RunTime:0.000594s ]
INFO: [ app_begin ] --START--
INFO: Run Behavior\ReadHtmlCacheBehavior [ RunTime:0.000905s ]
INFO: [ app_begin ] --END-- [ RunTime:0.000962s ]
SQL: SHOW COLUMNS FROM `jianghu_user` [ RunTime:0.0049s ]
SQL: SELECT `unreadnum` FROM `jianghu_user` WHERE `id` = 4 LIMIT 1   [ RunTime:0.0003s ]

[ 2016-10-29T20:48:53+08:00 ] ::1 /jianghu/index.php/home/msg/getunreadnum
INFO: [ app_init ] --START--
INFO: Run Behavior\BuildLiteBehavior [ RunTime:0.000016s ]
INFO: [ app_init ] --END-- [ RunTime:0.000657s ]
INFO: [ app_begin ] --START--
INFO: Run Behavior\ReadHtmlCacheBehavior [ RunTime:0.001079s ]
INFO: [ app_begin ] --END-- [ RunTime:0.001146s ]
SQL: SHOW COLUMNS FROM `jianghu_user` [ RunTime:0.0056s ]
SQL: SELECT `unreadnum` FROM `jianghu_user` WHERE `id` = 4 LIMIT 1   [ RunTime:0.0003s ]

[ 2016-10-29T20:49:04+08:00 ] ::1 /jianghu/index.php/home/msg/getunreadnum
INFO: [ app_init ] --START--
INFO: Run Behavior\BuildLiteBehavior [ RunTime:0.000030s ]
INFO: [ app_init ] --END-- [ RunTime:0.001175s ]
INFO: [ app_begin ] --START--
INFO: Run Behavior\ReadHtmlCacheBehavior [ RunTime:0.001745s ]
INFO: [ app_begin ] --END-- [ RunTime:0.001868s ]
SQL: SHOW COLUMNS FROM `jianghu_user` [ RunTime:0.0050s ]
SQL: SELECT `unreadnum` FROM `jianghu_user` WHERE `id` = 4 LIMIT 1   [ RunTime:0.0003s ]

[ 2016-10-29T20:49:15+08:00 ] ::1 /jianghu/index.php/home/msg/getunreadnum
INFO: [ app_init ] --START--
INFO: Run Behavior\BuildLiteBehavior [ RunTime:0.000021s ]
INFO: [ app_init ] --END-- [ RunTime:0.000750s ]
INFO: [ app_begin ] --START--
INFO: Run Behavior\ReadHtmlCacheBehavior [ RunTime:0.000919s ]
INFO: [ app_begin ] --END-- [ RunTime:0.000992s ]
SQL: SHOW COLUMNS FROM `jianghu_user` [ RunTime:0.0064s ]
SQL: SELECT `unreadnum` FROM `jianghu_user` WHERE `id` = 4 LIMIT 1   [ RunTime:0.0003s ]

[ 2016-10-29T20:49:26+08:00 ] ::1 /jianghu/index.php/home/msg/getunreadnum
INFO: [ app_init ] --START--
INFO: Run Behavior\BuildLiteBehavior [ RunTime:0.000020s ]
INFO: [ app_init ] --END-- [ RunTime:0.000855s ]
INFO: [ app_begin ] --START--
INFO: Run Behavior\ReadHtmlCacheBehavior [ RunTime:0.001251s ]
INFO: [ app_begin ] --END-- [ RunTime:0.001331s ]
SQL: SHOW COLUMNS FROM `jianghu_user` [ RunTime:0.0036s ]
SQL: SELECT `unreadnum` FROM `jianghu_user` WHERE `id` = 4 LIMIT 1   [ RunTime:0.0003s ]

[ 2016-10-29T20:49:37+08:00 ] ::1 /jianghu/index.php/home/msg/getunreadnum
INFO: [ app_init ] --START--
INFO: Run Behavior\BuildLiteBehavior [ RunTime:0.000014s ]
INFO: [ app_init ] --END-- [ RunTime:0.000603s ]
INFO: [ app_begin ] --START--
INFO: Run Behavior\ReadHtmlCacheBehavior [ RunTime:0.001039s ]
INFO: [ app_begin ] --END-- [ RunTime:0.001106s ]
SQL: SHOW COLUMNS FROM `jianghu_user` [ RunTime:0.0071s ]
SQL: SELECT `unreadnum` FROM `jianghu_user` WHERE `id` = 4 LIMIT 1   [ RunTime:0.0003s ]

[ 2016-10-29T20:49:48+08:00 ] ::1 /jianghu/index.php/home/msg/getunreadnum
INFO: [ app_init ] --START--
INFO: Run Behavior\BuildLiteBehavior [ RunTime:0.000015s ]
INFO: [ app_init ] --END-- [ RunTime:0.000656s ]
INFO: [ app_begin ] --START--
INFO: Run Behavior\ReadHtmlCacheBehavior [ RunTime:0.000966s ]
INFO: [ app_begin ] --END-- [ RunTime:0.001024s ]
SQL: SHOW COLUMNS FROM `jianghu_user` [ RunTime:0.0037s ]
SQL: SELECT `unreadnum` FROM `jianghu_user` WHERE `id` = 4 LIMIT 1   [ RunTime:0.0005s ]

[ 2016-10-29T20:49:59+08:00 ] ::1 /jianghu/index.php/home/msg/getunreadnum
INFO: [ app_init ] --START--
INFO: Run Behavior\BuildLiteBehavior [ RunTime:0.000017s ]
INFO: [ app_init ] --END-- [ RunTime:0.000844s ]
INFO: [ app_begin ] --START--
INFO: Run Behavior\ReadHtmlCacheBehavior [ RunTime:0.001113s ]
INFO: [ app_begin ] --END-- [ RunTime:0.001181s ]
SQL: SHOW COLUMNS FROM `jianghu_user` [ RunTime:0.0063s ]
SQL: SELECT `unreadnum` FROM `jianghu_user` WHERE `id` = 4 LIMIT 1   [ RunTime:0.0004s ]

[ 2016-10-29T20:50:10+08:00 ] ::1 /jianghu/index.php/home/msg/getunreadnum
INFO: [ app_init ] --START--
INFO: Run Behavior\BuildLiteBehavior [ RunTime:0.000036s ]
INFO: [ app_init ] --END-- [ RunTime:0.001883s ]
INFO: [ app_begin ] --START--
INFO: Run Behavior\ReadHtmlCacheBehavior [ RunTime:0.002705s ]
INFO: [ app_begin ] --END-- [ RunTime:0.002975s ]
SQL: SHOW COLUMNS FROM `jianghu_user` [ RunTime:0.0044s ]
SQL: SELECT `unreadnum` FROM `jianghu_user` WHERE `id` = 4 LIMIT 1   [ RunTime:0.0004s ]

[ 2016-10-29T20:50:21+08:00 ] ::1 /jianghu/index.php/home/msg/getunreadnum
INFO: [ app_init ] --START--
INFO: Run Behavior\BuildLiteBehavior [ RunTime:0.000022s ]
INFO: [ app_init ] --END-- [ RunTime:0.000892s ]
INFO: [ app_begin ] --START--
INFO: Run Behavior\ReadHtmlCacheBehavior [ RunTime:0.001720s ]
INFO: [ app_begin ] --END-- [ RunTime:0.001850s ]
SQL: SHOW COLUMNS FROM `jianghu_user` [ RunTime:0.0050s ]
SQL: SELECT `unreadnum` FROM `jianghu_user` WHERE `id` = 4 LIMIT 1   [ RunTime:0.0003s ]

[ 2016-10-29T20:50:32+08:00 ] ::1 /jianghu/index.php/home/msg/getunreadnum
INFO: [ app_init ] --START--
INFO: Run Behavior\BuildLiteBehavior [ RunTime:0.000014s ]
INFO: [ app_init ] --END-- [ RunTime:0.000606s ]
INFO: [ app_begin ] --START--
INFO: Run Behavior\ReadHtmlCacheBehavior [ RunTime:0.000868s ]
INFO: [ app_begin ] --END-- [ RunTime:0.000920s ]
SQL: SHOW COLUMNS FROM `jianghu_user` [ RunTime:0.0035s ]
SQL: SELECT `unreadnum` FROM `jianghu_user` WHERE `id` = 4 LIMIT 1   [ RunTime:0.0003s ]

[ 2016-10-29T20:50:43+08:00 ] ::1 /jianghu/index.php/home/msg/getunreadnum
INFO: [ app_init ] --START--
INFO: Run Behavior\BuildLiteBehavior [ RunTime:0.000022s ]
INFO: [ app_init ] --END-- [ RunTime:0.000904s ]
INFO: [ app_begin ] --START--
INFO: Run Behavior\ReadHtmlCacheBehavior [ RunTime:0.001442s ]
INFO: [ app_begin ] --END-- [ RunTime:0.001535s ]
SQL: SHOW COLUMNS FROM `jianghu_user` [ RunTime:0.0042s ]
SQL: SELECT `unreadnum` FROM `jianghu_user` WHERE `id` = 4 LIMIT 1   [ RunTime:0.0003s ]

[ 2016-10-29T20:50:54+08:00 ] ::1 /jianghu/index.php/home/msg/getunreadnum
INFO: [ app_init ] --START--
INFO: Run Behavior\BuildLiteBehavior [ RunTime:0.000019s ]
INFO: [ app_init ] --END-- [ RunTime:0.000776s ]
INFO: [ app_begin ] --START--
INFO: Run Behavior\ReadHtmlCacheBehavior [ RunTime:0.001910s ]
INFO: [ app_begin ] --END-- [ RunTime:0.002013s ]
SQL: SHOW COLUMNS FROM `jianghu_user` [ RunTime:0.0048s ]
SQL: SELECT `unreadnum` FROM `jianghu_user` WHERE `id` = 4 LIMIT 1   [ RunTime:0.0004s ]

[ 2016-10-29T20:51:05+08:00 ] ::1 /jianghu/index.php/home/msg/getunreadnum
INFO: [ app_init ] --START--
INFO: Run Behavior\BuildLiteBehavior [ RunTime:0.000013s ]
INFO: [ app_init ] --END-- [ RunTime:0.000618s ]
INFO: [ app_begin ] --START--
INFO: Run Behavior\ReadHtmlCacheBehavior [ RunTime:0.001188s ]
INFO: [ app_begin ] --END-- [ RunTime:0.001276s ]
SQL: SHOW COLUMNS FROM `jianghu_user` [ RunTime:0.0040s ]
SQL: SELECT `unreadnum` FROM `jianghu_user` WHERE `id` = 4 LIMIT 1   [ RunTime:0.0003s ]

[ 2016-10-29T20:51:16+08:00 ] ::1 /jianghu/index.php/home/msg/getunreadnum
INFO: [ app_init ] --START--
INFO: Run Behavior\BuildLiteBehavior [ RunTime:0.000016s ]
INFO: [ app_init ] --END-- [ RunTime:0.000575s ]
INFO: [ app_begin ] --START--
INFO: Run Behavior\ReadHtmlCacheBehavior [ RunTime:0.000906s ]
INFO: [ app_begin ] --END-- [ RunTime:0.000962s ]
SQL: SHOW COLUMNS FROM `jianghu_user` [ RunTime:0.0036s ]
SQL: SELECT `unreadnum` FROM `jianghu_user` WHERE `id` = 4 LIMIT 1   [ RunTime:0.0003s ]

[ 2016-10-29T20:51:27+08:00 ] ::1 /jianghu/index.php/home/msg/getunreadnum
INFO: [ app_init ] --START--
INFO: Run Behavior\BuildLiteBehavior [ RunTime:0.000019s ]
INFO: [ app_init ] --END-- [ RunTime:0.000794s ]
INFO: [ app_begin ] --START--
INFO: Run Behavior\ReadHtmlCacheBehavior [ RunTime:0.002084s ]
INFO: [ app_begin ] --END-- [ RunTime:0.002166s ]
SQL: SHOW COLUMNS FROM `jianghu_user` [ RunTime:0.0051s ]
SQL: SELECT `unreadnum` FROM `jianghu_user` WHERE `id` = 4 LIMIT 1   [ RunTime:0.0003s ]

[ 2016-10-29T20:51:38+08:00 ] ::1 /jianghu/index.php/home/msg/getunreadnum
INFO: [ app_init ] --START--
INFO: Run Behavior\BuildLiteBehavior [ RunTime:0.000018s ]
INFO: [ app_init ] --END-- [ RunTime:0.000784s ]
INFO: [ app_begin ] --START--
INFO: Run Behavior\ReadHtmlCacheBehavior [ RunTime:0.001127s ]
INFO: [ app_begin ] --END-- [ RunTime:0.001198s ]
SQL: SHOW COLUMNS FROM `jianghu_user` [ RunTime:0.0050s ]
SQL: SELECT `unreadnum` FROM `jianghu_user` WHERE `id` = 4 LIMIT 1   [ RunTime:0.0003s ]

[ 2016-10-29T20:51:49+08:00 ] ::1 /jianghu/index.php/home/msg/getunreadnum
INFO: [ app_init ] --START--
INFO: Run Behavior\BuildLiteBehavior [ RunTime:0.000016s ]
INFO: [ app_init ] --END-- [ RunTime:0.000679s ]
INFO: [ app_begin ] --START--
INFO: Run Behavior\ReadHtmlCacheBehavior [ RunTime:0.000934s ]
INFO: [ app_begin ] --END-- [ RunTime:0.000995s ]
SQL: SHOW COLUMNS FROM `jianghu_user` [ RunTime:0.0048s ]
SQL: SELECT `unreadnum` FROM `jianghu_user` WHERE `id` = 4 LIMIT 1   [ RunTime:0.0003s ]

[ 2016-10-29T20:52:00+08:00 ] ::1 /jianghu/index.php/home/msg/getunreadnum
INFO: [ app_init ] --START--
INFO: Run Behavior\BuildLiteBehavior [ RunTime:0.000022s ]
INFO: [ app_init ] --END-- [ RunTime:0.000818s ]
INFO: [ app_begin ] --START--
INFO: Run Behavior\ReadHtmlCacheBehavior [ RunTime:0.002013s ]
INFO: [ app_begin ] --END-- [ RunTime:0.002111s ]
SQL: SHOW COLUMNS FROM `jianghu_user` [ RunTime:0.0046s ]
SQL: SELECT `unreadnum` FROM `jianghu_user` WHERE `id` = 4 LIMIT 1   [ RunTime:0.0004s ]

[ 2016-10-29T20:52:11+08:00 ] ::1 /jianghu/index.php/home/msg/getunreadnum
INFO: [ app_init ] --START--
INFO: Run Behavior\BuildLiteBehavior [ RunTime:0.000019s ]
INFO: [ app_init ] --END-- [ RunTime:0.000862s ]
INFO: [ app_begin ] --START--
INFO: Run Behavior\ReadHtmlCacheBehavior [ RunTime:0.001262s ]
INFO: [ app_begin ] --END-- [ RunTime:0.001340s ]
SQL: SHOW COLUMNS FROM `jianghu_user` [ RunTime:0.0049s ]
SQL: SELECT `unreadnum` FROM `jianghu_user` WHERE `id` = 4 LIMIT 1   [ RunTime:0.0003s ]

[ 2016-10-29T20:52:22+08:00 ] ::1 /jianghu/index.php/home/msg/getunreadnum
INFO: [ app_init ] --START--
INFO: Run Behavior\BuildLiteBehavior [ RunTime:0.000013s ]
INFO: [ app_init ] --END-- [ RunTime:0.000599s ]
INFO: [ app_begin ] --START--
INFO: Run Behavior\ReadHtmlCacheBehavior [ RunTime:0.000866s ]
INFO: [ app_begin ] --END-- [ RunTime:0.000918s ]
SQL: SHOW COLUMNS FROM `jianghu_user` [ RunTime:0.0035s ]
SQL: SELECT `unreadnum` FROM `jianghu_user` WHERE `id` = 4 LIMIT 1   [ RunTime:0.0003s ]

[ 2016-10-29T20:52:33+08:00 ] ::1 /jianghu/index.php/home/msg/getunreadnum
INFO: [ app_init ] --START--
INFO: Run Behavior\BuildLiteBehavior [ RunTime:0.000014s ]
INFO: [ app_init ] --END-- [ RunTime:0.000608s ]
INFO: [ app_begin ] --START--
INFO: Run Behavior\ReadHtmlCacheBehavior [ RunTime:0.000876s ]
INFO: [ app_begin ] --END-- [ RunTime:0.000933s ]
SQL: SHOW COLUMNS FROM `jianghu_user` [ RunTime:0.0048s ]
SQL: SELECT `unreadnum` FROM `jianghu_user` WHERE `id` = 4 LIMIT 1   [ RunTime:0.0003s ]

[ 2016-10-29T20:52:44+08:00 ] ::1 /jianghu/index.php/home/msg/getunreadnum
INFO: [ app_init ] --START--
INFO: Run Behavior\BuildLiteBehavior [ RunTime:0.000018s ]
INFO: [ app_init ] --END-- [ RunTime:0.000860s ]
INFO: [ app_begin ] --START--
INFO: Run Behavior\ReadHtmlCacheBehavior [ RunTime:0.001292s ]
INFO: [ app_begin ] --END-- [ RunTime:0.001394s ]
SQL: SHOW COLUMNS FROM `jianghu_user` [ RunTime:0.0045s ]
SQL: SELECT `unreadnum` FROM `jianghu_user` WHERE `id` = 4 LIMIT 1   [ RunTime:0.0003s ]

[ 2016-10-29T20:52:55+08:00 ] ::1 /jianghu/index.php/home/msg/getunreadnum
INFO: [ app_init ] --START--
INFO: Run Behavior\BuildLiteBehavior [ RunTime:0.000013s ]
INFO: [ app_init ] --END-- [ RunTime:0.000613s ]
INFO: [ app_begin ] --START--
INFO: Run Behavior\ReadHtmlCacheBehavior [ RunTime:0.000871s ]
INFO: [ app_begin ] --END-- [ RunTime:0.000928s ]
SQL: SHOW COLUMNS FROM `jianghu_user` [ RunTime:0.0049s ]
SQL: SELECT `unreadnum` FROM `jianghu_user` WHERE `id` = 4 LIMIT 1   [ RunTime:0.0003s ]

[ 2016-10-29T20:53:06+08:00 ] ::1 /jianghu/index.php/home/msg/getunreadnum
INFO: [ app_init ] --START--
INFO: Run Behavior\BuildLiteBehavior [ RunTime:0.000014s ]
INFO: [ app_init ] --END-- [ RunTime:0.000657s ]
INFO: [ app_begin ] --START--
INFO: Run Behavior\ReadHtmlCacheBehavior [ RunTime:0.000962s ]
INFO: [ app_begin ] --END-- [ RunTime:0.001021s ]
SQL: SHOW COLUMNS FROM `jianghu_user` [ RunTime:0.0051s ]
SQL: SELECT `unreadnum` FROM `jianghu_user` WHERE `id` = 4 LIMIT 1   [ RunTime:0.0003s ]

[ 2016-10-29T20:53:17+08:00 ] ::1 /jianghu/index.php/home/msg/getunreadnum
INFO: [ app_init ] --START--
INFO: Run Behavior\BuildLiteBehavior [ RunTime:0.000016s ]
INFO: [ app_init ] --END-- [ RunTime:0.000675s ]
INFO: [ app_begin ] --START--
INFO: Run Behavior\ReadHtmlCacheBehavior [ RunTime:0.000937s ]
INFO: [ app_begin ] --END-- [ RunTime:0.001003s ]
SQL: SHOW COLUMNS FROM `jianghu_user` [ RunTime:0.0051s ]
SQL: SELECT `unreadnum` FROM `jianghu_user` WHERE `id` = 4 LIMIT 1   [ RunTime:0.0003s ]

[ 2016-10-29T20:53:28+08:00 ] ::1 /jianghu/index.php/home/msg/getunreadnum
INFO: [ app_init ] --START--
INFO: Run Behavior\BuildLiteBehavior [ RunTime:0.000014s ]
INFO: [ app_init ] --END-- [ RunTime:0.000550s ]
INFO: [ app_begin ] --START--
INFO: Run Behavior\ReadHtmlCacheBehavior [ RunTime:0.000785s ]
INFO: [ app_begin ] --END-- [ RunTime:0.000839s ]
SQL: SHOW COLUMNS FROM `jianghu_user` [ RunTime:0.0046s ]
SQL: SELECT `unreadnum` FROM `jianghu_user` WHERE `id` = 4 LIMIT 1   [ RunTime:0.0003s ]

[ 2016-10-29T20:53:39+08:00 ] ::1 /jianghu/index.php/home/msg/getunreadnum
INFO: [ app_init ] --START--
INFO: Run Behavior\BuildLiteBehavior [ RunTime:0.000014s ]
INFO: [ app_init ] --END-- [ RunTime:0.000589s ]
INFO: [ app_begin ] --START--
INFO: Run Behavior\ReadHtmlCacheBehavior [ RunTime:0.001107s ]
INFO: [ app_begin ] --END-- [ RunTime:0.001243s ]
SQL: SHOW COLUMNS FROM `jianghu_user` [ RunTime:0.0048s ]
SQL: SELECT `unreadnum` FROM `jianghu_user` WHERE `id` = 4 LIMIT 1   [ RunTime:0.0003s ]

[ 2016-10-29T20:53:50+08:00 ] ::1 /jianghu/index.php/home/msg/getunreadnum
INFO: [ app_init ] --START--
INFO: Run Behavior\BuildLiteBehavior [ RunTime:0.000014s ]
INFO: [ app_init ] --END-- [ RunTime:0.000586s ]
INFO: [ app_begin ] --START--
INFO: Run Behavior\ReadHtmlCacheBehavior [ RunTime:0.000909s ]
INFO: [ app_begin ] --END-- [ RunTime:0.000969s ]
SQL: SHOW COLUMNS FROM `jianghu_user` [ RunTime:0.0035s ]
SQL: SELECT `unreadnum` FROM `jianghu_user` WHERE `id` = 4 LIMIT 1   [ RunTime:0.0003s ]

[ 2016-10-29T20:54:01+08:00 ] ::1 /jianghu/index.php/home/msg/getunreadnum
INFO: [ app_init ] --START--
INFO: Run Behavior\BuildLiteBehavior [ RunTime:0.000018s ]
INFO: [ app_init ] --END-- [ RunTime:0.000694s ]
INFO: [ app_begin ] --START--
INFO: Run Behavior\ReadHtmlCacheBehavior [ RunTime:0.000990s ]
INFO: [ app_begin ] --END-- [ RunTime:0.001059s ]
SQL: SHOW COLUMNS FROM `jianghu_user` [ RunTime:0.0615s ]
SQL: SELECT `unreadnum` FROM `jianghu_user` WHERE `id` = 4 LIMIT 1   [ RunTime:0.0003s ]

[ 2016-10-29T20:54:12+08:00 ] ::1 /jianghu/index.php/home/msg/getunreadnum
INFO: [ app_init ] --START--
INFO: Run Behavior\BuildLiteBehavior [ RunTime:0.000013s ]
INFO: [ app_init ] --END-- [ RunTime:0.000565s ]
INFO: [ app_begin ] --START--
INFO: Run Behavior\ReadHtmlCacheBehavior [ RunTime:0.001133s ]
INFO: [ app_begin ] --END-- [ RunTime:0.001227s ]
SQL: SHOW COLUMNS FROM `jianghu_user` [ RunTime:0.0055s ]
SQL: SELECT `unreadnum` FROM `jianghu_user` WHERE `id` = 4 LIMIT 1   [ RunTime:0.0004s ]

[ 2016-10-29T20:54:23+08:00 ] ::1 /jianghu/index.php/home/msg/getunreadnum
INFO: [ app_init ] --START--
INFO: Run Behavior\BuildLiteBehavior [ RunTime:0.000015s ]
INFO: [ app_init ] --END-- [ RunTime:0.000683s ]
INFO: [ app_begin ] --START--
INFO: Run Behavior\ReadHtmlCacheBehavior [ RunTime:0.001089s ]
INFO: [ app_begin ] --END-- [ RunTime:0.001151s ]
SQL: SHOW COLUMNS FROM `jianghu_user` [ RunTime:0.0051s ]
SQL: SELECT `unreadnum` FROM `jianghu_user` WHERE `id` = 4 LIMIT 1   [ RunTime:0.0003s ]

[ 2016-10-29T20:54:34+08:00 ] ::1 /jianghu/index.php/home/msg/getunreadnum
INFO: [ app_init ] --START--
INFO: Run Behavior\BuildLiteBehavior [ RunTime:0.000019s ]
INFO: [ app_init ] --END-- [ RunTime:0.000924s ]
INFO: [ app_begin ] --START--
INFO: Run Behavior\ReadHtmlCacheBehavior [ RunTime:0.001186s ]
INFO: [ app_begin ] --END-- [ RunTime:0.001254s ]
SQL: SHOW COLUMNS FROM `jianghu_user` [ RunTime:0.0049s ]
SQL: SELECT `unreadnum` FROM `jianghu_user` WHERE `id` = 4 LIMIT 1   [ RunTime:0.0003s ]

[ 2016-10-29T20:54:45+08:00 ] ::1 /jianghu/index.php/home/msg/getunreadnum
INFO: [ app_init ] --START--
INFO: Run Behavior\BuildLiteBehavior [ RunTime:0.000014s ]
INFO: [ app_init ] --END-- [ RunTime:0.000643s ]
INFO: [ app_begin ] --START--
INFO: Run Behavior\ReadHtmlCacheBehavior [ RunTime:0.001269s ]
INFO: [ app_begin ] --END-- [ RunTime:0.001335s ]
SQL: SHOW COLUMNS FROM `jianghu_user` [ RunTime:0.0051s ]
SQL: SELECT `unreadnum` FROM `jianghu_user` WHERE `id` = 4 LIMIT 1   [ RunTime:0.0004s ]

[ 2016-10-29T20:54:56+08:00 ] ::1 /jianghu/index.php/home/msg/getunreadnum
INFO: [ app_init ] --START--
INFO: Run Behavior\BuildLiteBehavior [ RunTime:0.000038s ]
INFO: [ app_init ] --END-- [ RunTime:0.000993s ]
INFO: [ app_begin ] --START--
INFO: Run Behavior\ReadHtmlCacheBehavior [ RunTime:0.000983s ]
INFO: [ app_begin ] --END-- [ RunTime:0.001054s ]
SQL: SHOW COLUMNS FROM `jianghu_user` [ RunTime:0.0045s ]
SQL: SELECT `unreadnum` FROM `jianghu_user` WHERE `id` = 4 LIMIT 1   [ RunTime:0.0003s ]

[ 2016-10-29T20:55:07+08:00 ] ::1 /jianghu/index.php/home/msg/getunreadnum
INFO: [ app_init ] --START--
INFO: Run Behavior\BuildLiteBehavior [ RunTime:0.000014s ]
INFO: [ app_init ] --END-- [ RunTime:0.000578s ]
INFO: [ app_begin ] --START--
INFO: Run Behavior\ReadHtmlCacheBehavior [ RunTime:0.000981s ]
INFO: [ app_begin ] --END-- [ RunTime:0.001045s ]
SQL: SHOW COLUMNS FROM `jianghu_user` [ RunTime:0.0038s ]
SQL: SELECT `unreadnum` FROM `jianghu_user` WHERE `id` = 4 LIMIT 1   [ RunTime:0.0003s ]

[ 2016-10-29T20:55:18+08:00 ] ::1 /jianghu/index.php/home/msg/getunreadnum
INFO: [ app_init ] --START--
INFO: Run Behavior\BuildLiteBehavior [ RunTime:0.000014s ]
INFO: [ app_init ] --END-- [ RunTime:0.000576s ]
INFO: [ app_begin ] --START--
INFO: Run Behavior\ReadHtmlCacheBehavior [ RunTime:0.001022s ]
INFO: [ app_begin ] --END-- [ RunTime:0.001085s ]
SQL: SHOW COLUMNS FROM `jianghu_user` [ RunTime:0.0050s ]
SQL: SELECT `unreadnum` FROM `jianghu_user` WHERE `id` = 4 LIMIT 1   [ RunTime:0.0003s ]

[ 2016-10-29T20:55:29+08:00 ] ::1 /jianghu/index.php/home/msg/getunreadnum
INFO: [ app_init ] --START--
INFO: Run Behavior\BuildLiteBehavior [ RunTime:0.000024s ]
INFO: [ app_init ] --END-- [ RunTime:0.000783s ]
INFO: [ app_begin ] --START--
INFO: Run Behavior\ReadHtmlCacheBehavior [ RunTime:0.001314s ]
INFO: [ app_begin ] --END-- [ RunTime:0.001418s ]
SQL: SHOW COLUMNS FROM `jianghu_user` [ RunTime:0.0039s ]
SQL: SELECT `unreadnum` FROM `jianghu_user` WHERE `id` = 4 LIMIT 1   [ RunTime:0.0003s ]

[ 2016-10-29T20:55:40+08:00 ] ::1 /jianghu/index.php/home/msg/getunreadnum
INFO: [ app_init ] --START--
INFO: Run Behavior\BuildLiteBehavior [ RunTime:0.000024s ]
INFO: [ app_init ] --END-- [ RunTime:0.000721s ]
INFO: [ app_begin ] --START--
INFO: Run Behavior\ReadHtmlCacheBehavior [ RunTime:0.000915s ]
INFO: [ app_begin ] --END-- [ RunTime:0.000973s ]
SQL: SHOW COLUMNS FROM `jianghu_user` [ RunTime:0.0047s ]
SQL: SELECT `unreadnum` FROM `jianghu_user` WHERE `id` = 4 LIMIT 1   [ RunTime:0.0003s ]

[ 2016-10-29T20:55:51+08:00 ] ::1 /jianghu/index.php/home/msg/getunreadnum
INFO: [ app_init ] --START--
INFO: Run Behavior\BuildLiteBehavior [ RunTime:0.000014s ]
INFO: [ app_init ] --END-- [ RunTime:0.000512s ]
INFO: [ app_begin ] --START--
INFO: Run Behavior\ReadHtmlCacheBehavior [ RunTime:0.000889s ]
INFO: [ app_begin ] --END-- [ RunTime:0.000953s ]
SQL: SHOW COLUMNS FROM `jianghu_user` [ RunTime:0.0053s ]
SQL: SELECT `unreadnum` FROM `jianghu_user` WHERE `id` = 4 LIMIT 1   [ RunTime:0.0003s ]

[ 2016-10-29T20:56:02+08:00 ] ::1 /jianghu/index.php/home/msg/getunreadnum
INFO: [ app_init ] --START--
INFO: Run Behavior\BuildLiteBehavior [ RunTime:0.000014s ]
INFO: [ app_init ] --END-- [ RunTime:0.000588s ]
INFO: [ app_begin ] --START--
INFO: Run Behavior\ReadHtmlCacheBehavior [ RunTime:0.000828s ]
INFO: [ app_begin ] --END-- [ RunTime:0.000887s ]
SQL: SHOW COLUMNS FROM `jianghu_user` [ RunTime:0.0039s ]
SQL: SELECT `unreadnum` FROM `jianghu_user` WHERE `id` = 4 LIMIT 1   [ RunTime:0.0003s ]

[ 2016-10-29T20:56:13+08:00 ] ::1 /jianghu/index.php/home/msg/getunreadnum
INFO: [ app_init ] --START--
INFO: Run Behavior\BuildLiteBehavior [ RunTime:0.000019s ]
INFO: [ app_init ] --END-- [ RunTime:0.000741s ]
INFO: [ app_begin ] --START--
INFO: Run Behavior\ReadHtmlCacheBehavior [ RunTime:0.001171s ]
INFO: [ app_begin ] --END-- [ RunTime:0.001244s ]
SQL: SHOW COLUMNS FROM `jianghu_user` [ RunTime:0.0037s ]
SQL: SELECT `unreadnum` FROM `jianghu_user` WHERE `id` = 4 LIMIT 1   [ RunTime:0.0003s ]

[ 2016-10-29T20:56:24+08:00 ] ::1 /jianghu/index.php/home/msg/getunreadnum
INFO: [ app_init ] --START--
INFO: Run Behavior\BuildLiteBehavior [ RunTime:0.000018s ]
INFO: [ app_init ] --END-- [ RunTime:0.000795s ]
INFO: [ app_begin ] --START--
INFO: Run Behavior\ReadHtmlCacheBehavior [ RunTime:0.000873s ]
INFO: [ app_begin ] --END-- [ RunTime:0.000924s ]
SQL: SHOW COLUMNS FROM `jianghu_user` [ RunTime:0.0047s ]
SQL: SELECT `unreadnum` FROM `jianghu_user` WHERE `id` = 4 LIMIT 1   [ RunTime:0.0004s ]

[ 2016-10-29T20:56:35+08:00 ] ::1 /jianghu/index.php/home/msg/getunreadnum
INFO: [ app_init ] --START--
INFO: Run Behavior\BuildLiteBehavior [ RunTime:0.000019s ]
INFO: [ app_init ] --END-- [ RunTime:0.000799s ]
INFO: [ app_begin ] --START--
INFO: Run Behavior\ReadHtmlCacheBehavior [ RunTime:0.001273s ]
INFO: [ app_begin ] --END-- [ RunTime:0.001353s ]
SQL: SHOW COLUMNS FROM `jianghu_user` [ RunTime:0.0052s ]
SQL: SELECT `unreadnum` FROM `jianghu_user` WHERE `id` = 4 LIMIT 1   [ RunTime:0.0003s ]

[ 2016-10-29T20:56:46+08:00 ] ::1 /jianghu/index.php/home/msg/getunreadnum
INFO: [ app_init ] --START--
INFO: Run Behavior\BuildLiteBehavior [ RunTime:0.000020s ]
INFO: [ app_init ] --END-- [ RunTime:0.000809s ]
INFO: [ app_begin ] --START--
INFO: Run Behavior\ReadHtmlCacheBehavior [ RunTime:0.001449s ]
INFO: [ app_begin ] --END-- [ RunTime:0.001516s ]
SQL: SHOW COLUMNS FROM `jianghu_user` [ RunTime:0.0054s ]
SQL: SELECT `unreadnum` FROM `jianghu_user` WHERE `id` = 4 LIMIT 1   [ RunTime:0.0004s ]

[ 2016-10-29T20:56:57+08:00 ] ::1 /jianghu/index.php/home/msg/getunreadnum
INFO: [ app_init ] --START--
INFO: Run Behavior\BuildLiteBehavior [ RunTime:0.000029s ]
INFO: [ app_init ] --END-- [ RunTime:0.000833s ]
INFO: [ app_begin ] --START--
INFO: Run Behavior\ReadHtmlCacheBehavior [ RunTime:0.001497s ]
INFO: [ app_begin ] --END-- [ RunTime:0.001605s ]
SQL: SHOW COLUMNS FROM `jianghu_user` [ RunTime:0.0052s ]
SQL: SELECT `unreadnum` FROM `jianghu_user` WHERE `id` = 4 LIMIT 1   [ RunTime:0.0003s ]

[ 2016-10-29T20:57:08+08:00 ] ::1 /jianghu/index.php/home/msg/getunreadnum
INFO: [ app_init ] --START--
INFO: Run Behavior\BuildLiteBehavior [ RunTime:0.000019s ]
INFO: [ app_init ] --END-- [ RunTime:0.000803s ]
INFO: [ app_begin ] --START--
INFO: Run Behavior\ReadHtmlCacheBehavior [ RunTime:0.001237s ]
INFO: [ app_begin ] --END-- [ RunTime:0.001313s ]
SQL: SHOW COLUMNS FROM `jianghu_user` [ RunTime:0.0056s ]
SQL: SELECT `unreadnum` FROM `jianghu_user` WHERE `id` = 4 LIMIT 1   [ RunTime:0.0003s ]

[ 2016-10-29T20:57:19+08:00 ] ::1 /jianghu/index.php/home/msg/getunreadnum
INFO: [ app_init ] --START--
INFO: Run Behavior\BuildLiteBehavior [ RunTime:0.000019s ]
INFO: [ app_init ] --END-- [ RunTime:0.000556s ]
INFO: [ app_begin ] --START--
INFO: Run Behavior\ReadHtmlCacheBehavior [ RunTime:0.001001s ]
INFO: [ app_begin ] --END-- [ RunTime:0.001081s ]
SQL: SHOW COLUMNS FROM `jianghu_user` [ RunTime:0.0048s ]
SQL: SELECT `unreadnum` FROM `jianghu_user` WHERE `id` = 4 LIMIT 1   [ RunTime:0.0004s ]

[ 2016-10-29T20:57:30+08:00 ] ::1 /jianghu/index.php/home/msg/getunreadnum
INFO: [ app_init ] --START--
INFO: Run Behavior\BuildLiteBehavior [ RunTime:0.000034s ]
INFO: [ app_init ] --END-- [ RunTime:0.001135s ]
INFO: [ app_begin ] --START--
INFO: Run Behavior\ReadHtmlCacheBehavior [ RunTime:0.000913s ]
INFO: [ app_begin ] --END-- [ RunTime:0.000972s ]
SQL: SHOW COLUMNS FROM `jianghu_user` [ RunTime:0.0036s ]
SQL: SELECT `unreadnum` FROM `jianghu_user` WHERE `id` = 4 LIMIT 1   [ RunTime:0.0004s ]

[ 2016-10-29T20:57:41+08:00 ] ::1 /jianghu/index.php/home/msg/getunreadnum
INFO: [ app_init ] --START--
INFO: Run Behavior\BuildLiteBehavior [ RunTime:0.000022s ]
INFO: [ app_init ] --END-- [ RunTime:0.000544s ]
INFO: [ app_begin ] --START--
INFO: Run Behavior\ReadHtmlCacheBehavior [ RunTime:0.003095s ]
INFO: [ app_begin ] --END-- [ RunTime:0.003201s ]
SQL: SHOW COLUMNS FROM `jianghu_user` [ RunTime:0.0077s ]
SQL: SELECT `unreadnum` FROM `jianghu_user` WHERE `id` = 4 LIMIT 1   [ RunTime:0.0004s ]

[ 2016-10-29T20:57:52+08:00 ] ::1 /jianghu/index.php/home/msg/getunreadnum
INFO: [ app_init ] --START--
INFO: Run Behavior\BuildLiteBehavior [ RunTime:0.000013s ]
INFO: [ app_init ] --END-- [ RunTime:0.000618s ]
INFO: [ app_begin ] --START--
INFO: Run Behavior\ReadHtmlCacheBehavior [ RunTime:0.001001s ]
INFO: [ app_begin ] --END-- [ RunTime:0.001069s ]
SQL: SHOW COLUMNS FROM `jianghu_user` [ RunTime:0.0038s ]
SQL: SELECT `unreadnum` FROM `jianghu_user` WHERE `id` = 4 LIMIT 1   [ RunTime:0.0003s ]

[ 2016-10-29T20:58:03+08:00 ] ::1 /jianghu/index.php/home/msg/getunreadnum
INFO: [ app_init ] --START--
INFO: Run Behavior\BuildLiteBehavior [ RunTime:0.000014s ]
INFO: [ app_init ] --END-- [ RunTime:0.000545s ]
INFO: [ app_begin ] --START--
INFO: Run Behavior\ReadHtmlCacheBehavior [ RunTime:0.000945s ]
INFO: [ app_begin ] --END-- [ RunTime:0.001007s ]
SQL: SHOW COLUMNS FROM `jianghu_user` [ RunTime:0.0048s ]
SQL: SELECT `unreadnum` FROM `jianghu_user` WHERE `id` = 4 LIMIT 1   [ RunTime:0.0004s ]

[ 2016-10-29T20:58:14+08:00 ] ::1 /jianghu/index.php/home/msg/getunreadnum
INFO: [ app_init ] --START--
INFO: Run Behavior\BuildLiteBehavior [ RunTime:0.000014s ]
INFO: [ app_init ] --END-- [ RunTime:0.000534s ]
INFO: [ app_begin ] --START--
INFO: Run Behavior\ReadHtmlCacheBehavior [ RunTime:0.000871s ]
INFO: [ app_begin ] --END-- [ RunTime:0.000929s ]
SQL: SHOW COLUMNS FROM `jianghu_user` [ RunTime:0.0052s ]
SQL: SELECT `unreadnum` FROM `jianghu_user` WHERE `id` = 4 LIMIT 1   [ RunTime:0.0003s ]

[ 2016-10-29T20:58:25+08:00 ] ::1 /jianghu/index.php/home/msg/getunreadnum
INFO: [ app_init ] --START--
INFO: Run Behavior\BuildLiteBehavior [ RunTime:0.000014s ]
INFO: [ app_init ] --END-- [ RunTime:0.000537s ]
INFO: [ app_begin ] --START--
INFO: Run Behavior\ReadHtmlCacheBehavior [ RunTime:0.000886s ]
INFO: [ app_begin ] --END-- [ RunTime:0.000940s ]
SQL: SHOW COLUMNS FROM `jianghu_user` [ RunTime:0.0053s ]
SQL: SELECT `unreadnum` FROM `jianghu_user` WHERE `id` = 4 LIMIT 1   [ RunTime:0.0003s ]

[ 2016-10-29T20:58:36+08:00 ] ::1 /jianghu/index.php/home/msg/getunreadnum
INFO: [ app_init ] --START--
INFO: Run Behavior\BuildLiteBehavior [ RunTime:0.000014s ]
INFO: [ app_init ] --END-- [ RunTime:0.000554s ]
INFO: [ app_begin ] --START--
INFO: Run Behavior\ReadHtmlCacheBehavior [ RunTime:0.000945s ]
INFO: [ app_begin ] --END-- [ RunTime:0.001003s ]
SQL: SHOW COLUMNS FROM `jianghu_user` [ RunTime:0.0206s ]
SQL: SELECT `unreadnum` FROM `jianghu_user` WHERE `id` = 4 LIMIT 1   [ RunTime:0.0003s ]

[ 2016-10-29T20:58:47+08:00 ] ::1 /jianghu/index.php/home/msg/getunreadnum
INFO: [ app_init ] --START--
INFO: Run Behavior\BuildLiteBehavior [ RunTime:0.000015s ]
INFO: [ app_init ] --END-- [ RunTime:0.000629s ]
INFO: [ app_begin ] --START--
INFO: Run Behavior\ReadHtmlCacheBehavior [ RunTime:0.000924s ]
INFO: [ app_begin ] --END-- [ RunTime:0.000983s ]
SQL: SHOW COLUMNS FROM `jianghu_user` [ RunTime:0.0036s ]
SQL: SELECT `unreadnum` FROM `jianghu_user` WHERE `id` = 4 LIMIT 1   [ RunTime:0.0003s ]

[ 2016-10-29T20:58:58+08:00 ] ::1 /jianghu/index.php/home/msg/getunreadnum
INFO: [ app_init ] --START--
INFO: Run Behavior\BuildLiteBehavior [ RunTime:0.000014s ]
INFO: [ app_init ] --END-- [ RunTime:0.000633s ]
INFO: [ app_begin ] --START--
INFO: Run Behavior\ReadHtmlCacheBehavior [ RunTime:0.000873s ]
INFO: [ app_begin ] --END-- [ RunTime:0.000929s ]
SQL: SHOW COLUMNS FROM `jianghu_user` [ RunTime:0.0049s ]
SQL: SELECT `unreadnum` FROM `jianghu_user` WHERE `id` = 4 LIMIT 1   [ RunTime:0.0003s ]

[ 2016-10-29T20:59:09+08:00 ] ::1 /jianghu/index.php/home/msg/getunreadnum
INFO: [ app_init ] --START--
INFO: Run Behavior\BuildLiteBehavior [ RunTime:0.000040s ]
INFO: [ app_init ] --END-- [ RunTime:0.000759s ]
INFO: [ app_begin ] --START--
INFO: Run Behavior\ReadHtmlCacheBehavior [ RunTime:0.000904s ]
INFO: [ app_begin ] --END-- [ RunTime:0.000962s ]
SQL: SHOW COLUMNS FROM `jianghu_user` [ RunTime:0.0036s ]
SQL: SELECT `unreadnum` FROM `jianghu_user` WHERE `id` = 4 LIMIT 1   [ RunTime:0.0003s ]

[ 2016-10-29T20:59:20+08:00 ] ::1 /jianghu/index.php/home/msg/getunreadnum
INFO: [ app_init ] --START--
INFO: Run Behavior\BuildLiteBehavior [ RunTime:0.000013s ]
INFO: [ app_init ] --END-- [ RunTime:0.000553s ]
INFO: [ app_begin ] --START--
INFO: Run Behavior\ReadHtmlCacheBehavior [ RunTime:0.000865s ]
INFO: [ app_begin ] --END-- [ RunTime:0.000926s ]
SQL: SHOW COLUMNS FROM `jianghu_user` [ RunTime:0.0049s ]
SQL: SELECT `unreadnum` FROM `jianghu_user` WHERE `id` = 4 LIMIT 1   [ RunTime:0.0003s ]

[ 2016-10-29T20:59:31+08:00 ] ::1 /jianghu/index.php/home/msg/getunreadnum
INFO: [ app_init ] --START--
INFO: Run Behavior\BuildLiteBehavior [ RunTime:0.000013s ]
INFO: [ app_init ] --END-- [ RunTime:0.000519s ]
INFO: [ app_begin ] --START--
INFO: Run Behavior\ReadHtmlCacheBehavior [ RunTime:0.000981s ]
INFO: [ app_begin ] --END-- [ RunTime:0.001057s ]
SQL: SHOW COLUMNS FROM `jianghu_user` [ RunTime:0.0051s ]
SQL: SELECT `unreadnum` FROM `jianghu_user` WHERE `id` = 4 LIMIT 1   [ RunTime:0.0003s ]

[ 2016-10-29T20:59:42+08:00 ] ::1 /jianghu/index.php/home/msg/getunreadnum
INFO: [ app_init ] --START--
INFO: Run Behavior\BuildLiteBehavior [ RunTime:0.000014s ]
INFO: [ app_init ] --END-- [ RunTime:0.000597s ]
INFO: [ app_begin ] --START--
INFO: Run Behavior\ReadHtmlCacheBehavior [ RunTime:0.000807s ]
INFO: [ app_begin ] --END-- [ RunTime:0.000866s ]
SQL: SHOW COLUMNS FROM `jianghu_user` [ RunTime:0.0050s ]
SQL: SELECT `unreadnum` FROM `jianghu_user` WHERE `id` = 4 LIMIT 1   [ RunTime:0.0003s ]

[ 2016-10-29T20:59:53+08:00 ] ::1 /jianghu/index.php/home/msg/getunreadnum
INFO: [ app_init ] --START--
INFO: Run Behavior\BuildLiteBehavior [ RunTime:0.000015s ]
INFO: [ app_init ] --END-- [ RunTime:0.000665s ]
INFO: [ app_begin ] --START--
INFO: Run Behavior\ReadHtmlCacheBehavior [ RunTime:0.001075s ]
INFO: [ app_begin ] --END-- [ RunTime:0.001145s ]
SQL: SHOW COLUMNS FROM `jianghu_user` [ RunTime:0.0036s ]
SQL: SELECT `unreadnum` FROM `jianghu_user` WHERE `id` = 4 LIMIT 1   [ RunTime:0.0003s ]

[ 2016-10-29T21:00:04+08:00 ] ::1 /jianghu/index.php/home/msg/getunreadnum
INFO: [ app_init ] --START--
INFO: Run Behavior\BuildLiteBehavior [ RunTime:0.000017s ]
INFO: [ app_init ] --END-- [ RunTime:0.000635s ]
INFO: [ app_begin ] --START--
INFO: Run Behavior\ReadHtmlCacheBehavior [ RunTime:0.000926s ]
INFO: [ app_begin ] --END-- [ RunTime:0.000987s ]
SQL: SHOW COLUMNS FROM `jianghu_user` [ RunTime:0.0049s ]
SQL: SELECT `unreadnum` FROM `jianghu_user` WHERE `id` = 4 LIMIT 1   [ RunTime:0.0003s ]

[ 2016-10-29T21:00:15+08:00 ] ::1 /jianghu/index.php/home/msg/getunreadnum
INFO: [ app_init ] --START--
INFO: Run Behavior\BuildLiteBehavior [ RunTime:0.000014s ]
INFO: [ app_init ] --END-- [ RunTime:0.000582s ]
INFO: [ app_begin ] --START--
INFO: Run Behavior\ReadHtmlCacheBehavior [ RunTime:0.000877s ]
INFO: [ app_begin ] --END-- [ RunTime:0.000932s ]
SQL: SHOW COLUMNS FROM `jianghu_user` [ RunTime:0.0050s ]
SQL: SELECT `unreadnum` FROM `jianghu_user` WHERE `id` = 4 LIMIT 1   [ RunTime:0.0003s ]

[ 2016-10-29T21:00:26+08:00 ] ::1 /jianghu/index.php/home/msg/getunreadnum
INFO: [ app_init ] --START--
INFO: Run Behavior\BuildLiteBehavior [ RunTime:0.000014s ]
INFO: [ app_init ] --END-- [ RunTime:0.000572s ]
INFO: [ app_begin ] --START--
INFO: Run Behavior\ReadHtmlCacheBehavior [ RunTime:0.000893s ]
INFO: [ app_begin ] --END-- [ RunTime:0.000954s ]
SQL: SHOW COLUMNS FROM `jianghu_user` [ RunTime:0.0036s ]
SQL: SELECT `unreadnum` FROM `jianghu_user` WHERE `id` = 4 LIMIT 1   [ RunTime:0.0003s ]

[ 2016-10-29T21:00:37+08:00 ] ::1 /jianghu/index.php/home/msg/getunreadnum
INFO: [ app_init ] --START--
INFO: Run Behavior\BuildLiteBehavior [ RunTime:0.000015s ]
INFO: [ app_init ] --END-- [ RunTime:0.000577s ]
INFO: [ app_begin ] --START--
INFO: Run Behavior\ReadHtmlCacheBehavior [ RunTime:0.000872s ]
INFO: [ app_begin ] --END-- [ RunTime:0.000926s ]
SQL: SHOW COLUMNS FROM `jianghu_user` [ RunTime:0.0050s ]
SQL: SELECT `unreadnum` FROM `jianghu_user` WHERE `id` = 4 LIMIT 1   [ RunTime:0.0003s ]

[ 2016-10-29T21:00:48+08:00 ] ::1 /jianghu/index.php/home/msg/getunreadnum
INFO: [ app_init ] --START--
INFO: Run Behavior\BuildLiteBehavior [ RunTime:0.000016s ]
INFO: [ app_init ] --END-- [ RunTime:0.000628s ]
INFO: [ app_begin ] --START--
INFO: Run Behavior\ReadHtmlCacheBehavior [ RunTime:0.000883s ]
INFO: [ app_begin ] --END-- [ RunTime:0.000938s ]
SQL: SHOW COLUMNS FROM `jianghu_user` [ RunTime:0.0050s ]
SQL: SELECT `unreadnum` FROM `jianghu_user` WHERE `id` = 4 LIMIT 1   [ RunTime:0.0003s ]

[ 2016-10-29T21:00:59+08:00 ] ::1 /jianghu/index.php/home/msg/getunreadnum
INFO: [ app_init ] --START--
INFO: Run Behavior\BuildLiteBehavior [ RunTime:0.000013s ]
INFO: [ app_init ] --END-- [ RunTime:0.000574s ]
INFO: [ app_begin ] --START--
INFO: Run Behavior\ReadHtmlCacheBehavior [ RunTime:0.000884s ]
INFO: [ app_begin ] --END-- [ RunTime:0.000939s ]
SQL: SHOW COLUMNS FROM `jianghu_user` [ RunTime:0.0039s ]
SQL: SELECT `unreadnum` FROM `jianghu_user` WHERE `id` = 4 LIMIT 1   [ RunTime:0.0003s ]

[ 2016-10-29T21:01:10+08:00 ] ::1 /jianghu/index.php/home/msg/getunreadnum
INFO: [ app_init ] --START--
INFO: Run Behavior\BuildLiteBehavior [ RunTime:0.000014s ]
INFO: [ app_init ] --END-- [ RunTime:0.000589s ]
INFO: [ app_begin ] --START--
INFO: Run Behavior\ReadHtmlCacheBehavior [ RunTime:0.000878s ]
INFO: [ app_begin ] --END-- [ RunTime:0.000934s ]
SQL: SHOW COLUMNS FROM `jianghu_user` [ RunTime:0.0178s ]
SQL: SELECT `unreadnum` FROM `jianghu_user` WHERE `id` = 4 LIMIT 1   [ RunTime:0.0003s ]

[ 2016-10-29T21:01:21+08:00 ] ::1 /jianghu/index.php/home/msg/getunreadnum
INFO: [ app_init ] --START--
INFO: Run Behavior\BuildLiteBehavior [ RunTime:0.000015s ]
INFO: [ app_init ] --END-- [ RunTime:0.000569s ]
INFO: [ app_begin ] --START--
INFO: Run Behavior\ReadHtmlCacheBehavior [ RunTime:0.000883s ]
INFO: [ app_begin ] --END-- [ RunTime:0.000937s ]
SQL: SHOW COLUMNS FROM `jianghu_user` [ RunTime:0.0124s ]
SQL: SELECT `unreadnum` FROM `jianghu_user` WHERE `id` = 4 LIMIT 1   [ RunTime:0.0003s ]

[ 2016-10-29T21:01:32+08:00 ] ::1 /jianghu/index.php/home/msg/getunreadnum
INFO: [ app_init ] --START--
INFO: Run Behavior\BuildLiteBehavior [ RunTime:0.000015s ]
INFO: [ app_init ] --END-- [ RunTime:0.000609s ]
INFO: [ app_begin ] --START--
INFO: Run Behavior\ReadHtmlCacheBehavior [ RunTime:0.000878s ]
INFO: [ app_begin ] --END-- [ RunTime:0.000933s ]
SQL: SHOW COLUMNS FROM `jianghu_user` [ RunTime:0.0051s ]
SQL: SELECT `unreadnum` FROM `jianghu_user` WHERE `id` = 4 LIMIT 1   [ RunTime:0.0003s ]

[ 2016-10-29T21:01:43+08:00 ] ::1 /jianghu/index.php/home/msg/getunreadnum
INFO: [ app_init ] --START--
INFO: Run Behavior\BuildLiteBehavior [ RunTime:0.000021s ]
INFO: [ app_init ] --END-- [ RunTime:0.000742s ]
INFO: [ app_begin ] --START--
INFO: Run Behavior\ReadHtmlCacheBehavior [ RunTime:0.000852s ]
INFO: [ app_begin ] --END-- [ RunTime:0.000926s ]
SQL: SHOW COLUMNS FROM `jianghu_user` [ RunTime:0.0035s ]
SQL: SELECT `unreadnum` FROM `jianghu_user` WHERE `id` = 4 LIMIT 1   [ RunTime:0.0003s ]

[ 2016-10-29T21:01:54+08:00 ] ::1 /jianghu/index.php/home/msg/getunreadnum
INFO: [ app_init ] --START--
INFO: Run Behavior\BuildLiteBehavior [ RunTime:0.000027s ]
INFO: [ app_init ] --END-- [ RunTime:0.001234s ]
INFO: [ app_begin ] --START--
INFO: Run Behavior\ReadHtmlCacheBehavior [ RunTime:0.001812s ]
INFO: [ app_begin ] --END-- [ RunTime:0.001935s ]
SQL: SHOW COLUMNS FROM `jianghu_user` [ RunTime:0.0093s ]
SQL: SELECT `unreadnum` FROM `jianghu_user` WHERE `id` = 4 LIMIT 1   [ RunTime:0.0006s ]

[ 2016-10-29T21:02:05+08:00 ] ::1 /jianghu/index.php/home/msg/getunreadnum
INFO: [ app_init ] --START--
INFO: Run Behavior\BuildLiteBehavior [ RunTime:0.000019s ]
INFO: [ app_init ] --END-- [ RunTime:0.000839s ]
INFO: [ app_begin ] --START--
INFO: Run Behavior\ReadHtmlCacheBehavior [ RunTime:0.001275s ]
INFO: [ app_begin ] --END-- [ RunTime:0.001362s ]
SQL: SHOW COLUMNS FROM `jianghu_user` [ RunTime:0.0052s ]
SQL: SELECT `unreadnum` FROM `jianghu_user` WHERE `id` = 4 LIMIT 1   [ RunTime:0.0003s ]

[ 2016-10-29T21:02:16+08:00 ] ::1 /jianghu/index.php/home/msg/getunreadnum
INFO: [ app_init ] --START--
INFO: Run Behavior\BuildLiteBehavior [ RunTime:0.000019s ]
INFO: [ app_init ] --END-- [ RunTime:0.000753s ]
INFO: [ app_begin ] --START--
INFO: Run Behavior\ReadHtmlCacheBehavior [ RunTime:0.000989s ]
INFO: [ app_begin ] --END-- [ RunTime:0.001057s ]
SQL: SHOW COLUMNS FROM `jianghu_user` [ RunTime:0.0044s ]
SQL: SELECT `unreadnum` FROM `jianghu_user` WHERE `id` = 4 LIMIT 1   [ RunTime:0.0003s ]

[ 2016-10-29T21:02:27+08:00 ] ::1 /jianghu/index.php/home/msg/getunreadnum
INFO: [ app_init ] --START--
INFO: Run Behavior\BuildLiteBehavior [ RunTime:0.000015s ]
INFO: [ app_init ] --END-- [ RunTime:0.000563s ]
INFO: [ app_begin ] --START--
INFO: Run Behavior\ReadHtmlCacheBehavior [ RunTime:0.000844s ]
INFO: [ app_begin ] --END-- [ RunTime:0.000901s ]
SQL: SHOW COLUMNS FROM `jianghu_user` [ RunTime:0.0045s ]
SQL: SELECT `unreadnum` FROM `jianghu_user` WHERE `id` = 4 LIMIT 1   [ RunTime:0.0003s ]

[ 2016-10-29T21:02:38+08:00 ] ::1 /jianghu/index.php/home/msg/getunreadnum
INFO: [ app_init ] --START--
INFO: Run Behavior\BuildLiteBehavior [ RunTime:0.000014s ]
INFO: [ app_init ] --END-- [ RunTime:0.000504s ]
INFO: [ app_begin ] --START--
INFO: Run Behavior\ReadHtmlCacheBehavior [ RunTime:0.000898s ]
INFO: [ app_begin ] --END-- [ RunTime:0.000956s ]
SQL: SHOW COLUMNS FROM `jianghu_user` [ RunTime:0.0042s ]
SQL: SELECT `unreadnum` FROM `jianghu_user` WHERE `id` = 4 LIMIT 1   [ RunTime:0.0003s ]

[ 2016-10-29T21:02:49+08:00 ] ::1 /jianghu/index.php/home/msg/getunreadnum
INFO: [ app_init ] --START--
INFO: Run Behavior\BuildLiteBehavior [ RunTime:0.000015s ]
INFO: [ app_init ] --END-- [ RunTime:0.000508s ]
INFO: [ app_begin ] --START--
INFO: Run Behavior\ReadHtmlCacheBehavior [ RunTime:0.000941s ]
INFO: [ app_begin ] --END-- [ RunTime:0.001015s ]
SQL: SHOW COLUMNS FROM `jianghu_user` [ RunTime:0.0051s ]
SQL: SELECT `unreadnum` FROM `jianghu_user` WHERE `id` = 4 LIMIT 1   [ RunTime:0.0003s ]

[ 2016-10-29T21:03:00+08:00 ] ::1 /jianghu/index.php/home/msg/getunreadnum
INFO: [ app_init ] --START--
INFO: Run Behavior\BuildLiteBehavior [ RunTime:0.000014s ]
INFO: [ app_init ] --END-- [ RunTime:0.000578s ]
INFO: [ app_begin ] --START--
INFO: Run Behavior\ReadHtmlCacheBehavior [ RunTime:0.000823s ]
INFO: [ app_begin ] --END-- [ RunTime:0.000882s ]
SQL: SHOW COLUMNS FROM `jianghu_user` [ RunTime:0.0040s ]
SQL: SELECT `unreadnum` FROM `jianghu_user` WHERE `id` = 4 LIMIT 1   [ RunTime:0.0003s ]

[ 2016-10-29T21:03:11+08:00 ] ::1 /jianghu/index.php/home/msg/getunreadnum
INFO: [ app_init ] --START--
INFO: Run Behavior\BuildLiteBehavior [ RunTime:0.000013s ]
INFO: [ app_init ] --END-- [ RunTime:0.000502s ]
INFO: [ app_begin ] --START--
INFO: Run Behavior\ReadHtmlCacheBehavior [ RunTime:0.000852s ]
INFO: [ app_begin ] --END-- [ RunTime:0.000909s ]
SQL: SHOW COLUMNS FROM `jianghu_user` [ RunTime:0.0034s ]
SQL: SELECT `unreadnum` FROM `jianghu_user` WHERE `id` = 4 LIMIT 1   [ RunTime:0.0003s ]

[ 2016-10-29T21:03:22+08:00 ] ::1 /jianghu/index.php/home/msg/getunreadnum
INFO: [ app_init ] --START--
INFO: Run Behavior\BuildLiteBehavior [ RunTime:0.000014s ]
INFO: [ app_init ] --END-- [ RunTime:0.000571s ]
INFO: [ app_begin ] --START--
INFO: Run Behavior\ReadHtmlCacheBehavior [ RunTime:0.000856s ]
INFO: [ app_begin ] --END-- [ RunTime:0.000929s ]
SQL: SHOW COLUMNS FROM `jianghu_user` [ RunTime:0.0054s ]
SQL: SELECT `unreadnum` FROM `jianghu_user` WHERE `id` = 4 LIMIT 1   [ RunTime:0.0003s ]

[ 2016-10-29T21:03:33+08:00 ] ::1 /jianghu/index.php/home/msg/getunreadnum
INFO: [ app_init ] --START--
INFO: Run Behavior\BuildLiteBehavior [ RunTime:0.000013s ]
INFO: [ app_init ] --END-- [ RunTime:0.000510s ]
INFO: [ app_begin ] --START--
INFO: Run Behavior\ReadHtmlCacheBehavior [ RunTime:0.000883s ]
INFO: [ app_begin ] --END-- [ RunTime:0.000941s ]
SQL: SHOW COLUMNS FROM `jianghu_user` [ RunTime:0.0052s ]
SQL: SELECT `unreadnum` FROM `jianghu_user` WHERE `id` = 4 LIMIT 1   [ RunTime:0.0003s ]

[ 2016-10-29T21:03:44+08:00 ] ::1 /jianghu/index.php/home/msg/getunreadnum
INFO: [ app_init ] --START--
INFO: Run Behavior\BuildLiteBehavior [ RunTime:0.000014s ]
INFO: [ app_init ] --END-- [ RunTime:0.000592s ]
INFO: [ app_begin ] --START--
INFO: Run Behavior\ReadHtmlCacheBehavior [ RunTime:0.000880s ]
INFO: [ app_begin ] --END-- [ RunTime:0.000935s ]
SQL: SHOW COLUMNS FROM `jianghu_user` [ RunTime:0.0050s ]
SQL: SELECT `unreadnum` FROM `jianghu_user` WHERE `id` = 4 LIMIT 1   [ RunTime:0.0003s ]

[ 2016-10-29T21:03:55+08:00 ] ::1 /jianghu/index.php/home/msg/getunreadnum
INFO: [ app_init ] --START--
INFO: Run Behavior\BuildLiteBehavior [ RunTime:0.000015s ]
INFO: [ app_init ] --END-- [ RunTime:0.000494s ]
INFO: [ app_begin ] --START--
INFO: Run Behavior\ReadHtmlCacheBehavior [ RunTime:0.000830s ]
INFO: [ app_begin ] --END-- [ RunTime:0.000890s ]
SQL: SHOW COLUMNS FROM `jianghu_user` [ RunTime:0.0054s ]
SQL: SELECT `unreadnum` FROM `jianghu_user` WHERE `id` = 4 LIMIT 1   [ RunTime:0.0003s ]

[ 2016-10-29T21:04:06+08:00 ] ::1 /jianghu/index.php/home/msg/getunreadnum
INFO: [ app_init ] --START--
INFO: Run Behavior\BuildLiteBehavior [ RunTime:0.000020s ]
INFO: [ app_init ] --END-- [ RunTime:0.000638s ]
INFO: [ app_begin ] --START--
INFO: Run Behavior\ReadHtmlCacheBehavior [ RunTime:0.000995s ]
INFO: [ app_begin ] --END-- [ RunTime:0.001062s ]
SQL: SHOW COLUMNS FROM `jianghu_user` [ RunTime:0.0472s ]
SQL: SELECT `unreadnum` FROM `jianghu_user` WHERE `id` = 4 LIMIT 1   [ RunTime:0.0003s ]

[ 2016-10-29T21:04:16+08:00 ] ::1 /jianghu/index.php/home/msg/getunreadnum
INFO: [ app_init ] --START--
INFO: Run Behavior\BuildLiteBehavior [ RunTime:0.000017s ]
INFO: [ app_init ] --END-- [ RunTime:0.000584s ]
INFO: [ app_begin ] --START--
INFO: Run Behavior\ReadHtmlCacheBehavior [ RunTime:0.000960s ]
INFO: [ app_begin ] --END-- [ RunTime:0.001024s ]
SQL: SHOW COLUMNS FROM `jianghu_user` [ RunTime:0.0046s ]
SQL: SELECT `unreadnum` FROM `jianghu_user` WHERE `id` = 4 LIMIT 1   [ RunTime:0.0003s ]

[ 2016-10-29T21:04:27+08:00 ] ::1 /jianghu/index.php/home/msg/getunreadnum
INFO: [ app_init ] --START--
INFO: Run Behavior\BuildLiteBehavior [ RunTime:0.000024s ]
INFO: [ app_init ] --END-- [ RunTime:0.000804s ]
INFO: [ app_begin ] --START--
INFO: Run Behavior\ReadHtmlCacheBehavior [ RunTime:0.001154s ]
INFO: [ app_begin ] --END-- [ RunTime:0.001233s ]
SQL: SHOW COLUMNS FROM `jianghu_user` [ RunTime:0.0036s ]
SQL: SELECT `unreadnum` FROM `jianghu_user` WHERE `id` = 4 LIMIT 1   [ RunTime:0.0003s ]

[ 2016-10-29T21:04:38+08:00 ] ::1 /jianghu/index.php/home/msg/getunreadnum
INFO: [ app_init ] --START--
INFO: Run Behavior\BuildLiteBehavior [ RunTime:0.000013s ]
INFO: [ app_init ] --END-- [ RunTime:0.000510s ]
INFO: [ app_begin ] --START--
INFO: Run Behavior\ReadHtmlCacheBehavior [ RunTime:0.000829s ]
INFO: [ app_begin ] --END-- [ RunTime:0.000905s ]
SQL: SHOW COLUMNS FROM `jianghu_user` [ RunTime:0.0041s ]
SQL: SELECT `unreadnum` FROM `jianghu_user` WHERE `id` = 4 LIMIT 1   [ RunTime:0.0003s ]

[ 2016-10-29T21:04:49+08:00 ] ::1 /jianghu/index.php/home/msg/getunreadnum
INFO: [ app_init ] --START--
INFO: Run Behavior\BuildLiteBehavior [ RunTime:0.000020s ]
INFO: [ app_init ] --END-- [ RunTime:0.000832s ]
INFO: [ app_begin ] --START--
INFO: Run Behavior\ReadHtmlCacheBehavior [ RunTime:0.001532s ]
INFO: [ app_begin ] --END-- [ RunTime:0.001630s ]
SQL: SHOW COLUMNS FROM `jianghu_user` [ RunTime:0.0051s ]
SQL: SELECT `unreadnum` FROM `jianghu_user` WHERE `id` = 4 LIMIT 1   [ RunTime:0.0003s ]

[ 2016-10-29T21:05:00+08:00 ] ::1 /jianghu/index.php/home/msg/getunreadnum
INFO: [ app_init ] --START--
INFO: Run Behavior\BuildLiteBehavior [ RunTime:0.000017s ]
INFO: [ app_init ] --END-- [ RunTime:0.000690s ]
INFO: [ app_begin ] --START--
INFO: Run Behavior\ReadHtmlCacheBehavior [ RunTime:0.001171s ]
INFO: [ app_begin ] --END-- [ RunTime:0.001255s ]
SQL: SHOW COLUMNS FROM `jianghu_user` [ RunTime:0.0049s ]
SQL: SELECT `unreadnum` FROM `jianghu_user` WHERE `id` = 4 LIMIT 1   [ RunTime:0.0003s ]

[ 2016-10-29T21:05:11+08:00 ] ::1 /jianghu/index.php/home/msg/getunreadnum
INFO: [ app_init ] --START--
INFO: Run Behavior\BuildLiteBehavior [ RunTime:0.000038s ]
INFO: [ app_init ] --END-- [ RunTime:0.002396s ]
INFO: [ app_begin ] --START--
INFO: Run Behavior\ReadHtmlCacheBehavior [ RunTime:0.002312s ]
INFO: [ app_begin ] --END-- [ RunTime:0.002459s ]
SQL: SHOW COLUMNS FROM `jianghu_user` [ RunTime:0.0075s ]
SQL: SELECT `unreadnum` FROM `jianghu_user` WHERE `id` = 4 LIMIT 1   [ RunTime:0.0004s ]

[ 2016-10-29T21:05:22+08:00 ] ::1 /jianghu/index.php/home/msg/getunreadnum
INFO: [ app_init ] --START--
INFO: Run Behavior\BuildLiteBehavior [ RunTime:0.000017s ]
INFO: [ app_init ] --END-- [ RunTime:0.000682s ]
INFO: [ app_begin ] --START--
INFO: Run Behavior\ReadHtmlCacheBehavior [ RunTime:0.000890s ]
INFO: [ app_begin ] --END-- [ RunTime:0.000950s ]
SQL: SHOW COLUMNS FROM `jianghu_user` [ RunTime:0.0036s ]
SQL: SELECT `unreadnum` FROM `jianghu_user` WHERE `id` = 4 LIMIT 1   [ RunTime:0.0003s ]

[ 2016-10-29T21:05:32+08:00 ] ::1 /jianghu/index.php/home/msg/getunreadnum
INFO: [ app_init ] --START--
INFO: Run Behavior\BuildLiteBehavior [ RunTime:0.000018s ]
INFO: [ app_init ] --END-- [ RunTime:0.000816s ]
INFO: [ app_begin ] --START--
INFO: Run Behavior\ReadHtmlCacheBehavior [ RunTime:0.001169s ]
INFO: [ app_begin ] --END-- [ RunTime:0.001241s ]
SQL: SHOW COLUMNS FROM `jianghu_user` [ RunTime:0.0037s ]
SQL: SELECT `unreadnum` FROM `jianghu_user` WHERE `id` = 4 LIMIT 1   [ RunTime:0.0003s ]

[ 2016-10-29T21:05:43+08:00 ] ::1 /jianghu/index.php/home/msg/getunreadnum
INFO: [ app_init ] --START--
INFO: Run Behavior\BuildLiteBehavior [ RunTime:0.000014s ]
INFO: [ app_init ] --END-- [ RunTime:0.000661s ]
INFO: [ app_begin ] --START--
INFO: Run Behavior\ReadHtmlCacheBehavior [ RunTime:0.000992s ]
INFO: [ app_begin ] --END-- [ RunTime:0.001064s ]
SQL: SHOW COLUMNS FROM `jianghu_user` [ RunTime:0.0047s ]
SQL: SELECT `unreadnum` FROM `jianghu_user` WHERE `id` = 4 LIMIT 1   [ RunTime:0.0007s ]

[ 2016-10-29T21:05:54+08:00 ] ::1 /jianghu/index.php/home/msg/getunreadnum
INFO: [ app_init ] --START--
INFO: Run Behavior\BuildLiteBehavior [ RunTime:0.000018s ]
INFO: [ app_init ] --END-- [ RunTime:0.000756s ]
INFO: [ app_begin ] --START--
INFO: Run Behavior\ReadHtmlCacheBehavior [ RunTime:0.002175s ]
INFO: [ app_begin ] --END-- [ RunTime:0.002258s ]
SQL: SHOW COLUMNS FROM `jianghu_user` [ RunTime:0.0040s ]
SQL: SELECT `unreadnum` FROM `jianghu_user` WHERE `id` = 4 LIMIT 1   [ RunTime:0.0003s ]

[ 2016-10-29T21:06:05+08:00 ] ::1 /jianghu/index.php/home/msg/getunreadnum
INFO: [ app_init ] --START--
INFO: Run Behavior\BuildLiteBehavior [ RunTime:0.000021s ]
INFO: [ app_init ] --END-- [ RunTime:0.000873s ]
INFO: [ app_begin ] --START--
INFO: Run Behavior\ReadHtmlCacheBehavior [ RunTime:0.001573s ]
INFO: [ app_begin ] --END-- [ RunTime:0.001670s ]
SQL: SHOW COLUMNS FROM `jianghu_user` [ RunTime:0.0055s ]
SQL: SELECT `unreadnum` FROM `jianghu_user` WHERE `id` = 4 LIMIT 1   [ RunTime:0.0003s ]

[ 2016-10-29T21:06:16+08:00 ] ::1 /jianghu/index.php/home/msg/getunreadnum
INFO: [ app_init ] --START--
INFO: Run Behavior\BuildLiteBehavior [ RunTime:0.000020s ]
INFO: [ app_init ] --END-- [ RunTime:0.000809s ]
INFO: [ app_begin ] --START--
INFO: Run Behavior\ReadHtmlCacheBehavior [ RunTime:0.001203s ]
INFO: [ app_begin ] --END-- [ RunTime:0.001283s ]
SQL: SHOW COLUMNS FROM `jianghu_user` [ RunTime:0.0055s ]
SQL: SELECT `unreadnum` FROM `jianghu_user` WHERE `id` = 4 LIMIT 1   [ RunTime:0.0004s ]

[ 2016-10-29T21:06:27+08:00 ] ::1 /jianghu/index.php/home/msg/getunreadnum
INFO: [ app_init ] --START--
INFO: Run Behavior\BuildLiteBehavior [ RunTime:0.000015s ]
INFO: [ app_init ] --END-- [ RunTime:0.000646s ]
INFO: [ app_begin ] --START--
INFO: Run Behavior\ReadHtmlCacheBehavior [ RunTime:0.000963s ]
INFO: [ app_begin ] --END-- [ RunTime:0.001034s ]
SQL: SHOW COLUMNS FROM `jianghu_user` [ RunTime:0.0040s ]
SQL: SELECT `unreadnum` FROM `jianghu_user` WHERE `id` = 4 LIMIT 1   [ RunTime:0.0005s ]

[ 2016-10-29T21:06:38+08:00 ] ::1 /jianghu/index.php/home/msg/getunreadnum
INFO: [ app_init ] --START--
INFO: Run Behavior\BuildLiteBehavior [ RunTime:0.000019s ]
INFO: [ app_init ] --END-- [ RunTime:0.001106s ]
INFO: [ app_begin ] --START--
INFO: Run Behavior\ReadHtmlCacheBehavior [ RunTime:0.000887s ]
INFO: [ app_begin ] --END-- [ RunTime:0.000942s ]
SQL: SHOW COLUMNS FROM `jianghu_user` [ RunTime:0.0152s ]
SQL: SELECT `unreadnum` FROM `jianghu_user` WHERE `id` = 4 LIMIT 1   [ RunTime:0.0004s ]

[ 2016-10-29T21:06:49+08:00 ] ::1 /jianghu/index.php/home/msg/getunreadnum
INFO: [ app_init ] --START--
INFO: Run Behavior\BuildLiteBehavior [ RunTime:0.000014s ]
INFO: [ app_init ] --END-- [ RunTime:0.000490s ]
INFO: [ app_begin ] --START--
INFO: Run Behavior\ReadHtmlCacheBehavior [ RunTime:0.000793s ]
INFO: [ app_begin ] --END-- [ RunTime:0.000845s ]
SQL: SHOW COLUMNS FROM `jianghu_user` [ RunTime:0.0069s ]
SQL: SELECT `unreadnum` FROM `jianghu_user` WHERE `id` = 4 LIMIT 1   [ RunTime:0.0003s ]

[ 2016-10-29T21:07:00+08:00 ] ::1 /jianghu/index.php/home/msg/getunreadnum
INFO: [ app_init ] --START--
INFO: Run Behavior\BuildLiteBehavior [ RunTime:0.000015s ]
INFO: [ app_init ] --END-- [ RunTime:0.000624s ]
INFO: [ app_begin ] --START--
INFO: Run Behavior\ReadHtmlCacheBehavior [ RunTime:0.000973s ]
INFO: [ app_begin ] --END-- [ RunTime:0.001037s ]
SQL: SHOW COLUMNS FROM `jianghu_user` [ RunTime:0.0366s ]
SQL: SELECT `unreadnum` FROM `jianghu_user` WHERE `id` = 4 LIMIT 1   [ RunTime:0.0005s ]

[ 2016-10-29T21:07:11+08:00 ] ::1 /jianghu/index.php/home/msg/getunreadnum
INFO: [ app_init ] --START--
INFO: Run Behavior\BuildLiteBehavior [ RunTime:0.000014s ]
INFO: [ app_init ] --END-- [ RunTime:0.000569s ]
INFO: [ app_begin ] --START--
INFO: Run Behavior\ReadHtmlCacheBehavior [ RunTime:0.000904s ]
INFO: [ app_begin ] --END-- [ RunTime:0.000966s ]
SQL: SHOW COLUMNS FROM `jianghu_user` [ RunTime:0.0098s ]
SQL: SELECT `unreadnum` FROM `jianghu_user` WHERE `id` = 4 LIMIT 1   [ RunTime:0.0004s ]

[ 2016-10-29T21:07:22+08:00 ] ::1 /jianghu/index.php/home/msg/getunreadnum
INFO: [ app_init ] --START--
INFO: Run Behavior\BuildLiteBehavior [ RunTime:0.000025s ]
INFO: [ app_init ] --END-- [ RunTime:0.000893s ]
INFO: [ app_begin ] --START--
INFO: Run Behavior\ReadHtmlCacheBehavior [ RunTime:0.001215s ]
INFO: [ app_begin ] --END-- [ RunTime:0.001303s ]
SQL: SHOW COLUMNS FROM `jianghu_user` [ RunTime:0.0049s ]
SQL: SELECT `unreadnum` FROM `jianghu_user` WHERE `id` = 4 LIMIT 1   [ RunTime:0.0004s ]

[ 2016-10-29T21:07:33+08:00 ] ::1 /jianghu/index.php/home/msg/getunreadnum
INFO: [ app_init ] --START--
INFO: Run Behavior\BuildLiteBehavior [ RunTime:0.000019s ]
INFO: [ app_init ] --END-- [ RunTime:0.000807s ]
INFO: [ app_begin ] --START--
INFO: Run Behavior\ReadHtmlCacheBehavior [ RunTime:0.001726s ]
INFO: [ app_begin ] --END-- [ RunTime:0.001820s ]
SQL: SHOW COLUMNS FROM `jianghu_user` [ RunTime:0.0064s ]
SQL: SELECT `unreadnum` FROM `jianghu_user` WHERE `id` = 4 LIMIT 1   [ RunTime:0.0004s ]

[ 2016-10-29T21:07:44+08:00 ] ::1 /jianghu/index.php/home/msg/getunreadnum
INFO: [ app_init ] --START--
INFO: Run Behavior\BuildLiteBehavior [ RunTime:0.000013s ]
INFO: [ app_init ] --END-- [ RunTime:0.000576s ]
INFO: [ app_begin ] --START--
INFO: Run Behavior\ReadHtmlCacheBehavior [ RunTime:0.000838s ]
INFO: [ app_begin ] --END-- [ RunTime:0.000890s ]
SQL: SHOW COLUMNS FROM `jianghu_user` [ RunTime:0.0048s ]
SQL: SELECT `unreadnum` FROM `jianghu_user` WHERE `id` = 4 LIMIT 1   [ RunTime:0.0003s ]

[ 2016-10-29T21:07:55+08:00 ] ::1 /jianghu/index.php/home/msg/getunreadnum
INFO: [ app_init ] --START--
INFO: Run Behavior\BuildLiteBehavior [ RunTime:0.000016s ]
INFO: [ app_init ] --END-- [ RunTime:0.000552s ]
INFO: [ app_begin ] --START--
INFO: Run Behavior\ReadHtmlCacheBehavior [ RunTime:0.001599s ]
INFO: [ app_begin ] --END-- [ RunTime:0.001670s ]
SQL: SHOW COLUMNS FROM `jianghu_user` [ RunTime:0.0057s ]
SQL: SELECT `unreadnum` FROM `jianghu_user` WHERE `id` = 4 LIMIT 1   [ RunTime:0.0004s ]

[ 2016-10-29T21:08:06+08:00 ] ::1 /jianghu/index.php/home/msg/getunreadnum
INFO: [ app_init ] --START--
INFO: Run Behavior\BuildLiteBehavior [ RunTime:0.000021s ]
INFO: [ app_init ] --END-- [ RunTime:0.000818s ]
INFO: [ app_begin ] --START--
INFO: Run Behavior\ReadHtmlCacheBehavior [ RunTime:0.001243s ]
INFO: [ app_begin ] --END-- [ RunTime:0.001325s ]
SQL: SHOW COLUMNS FROM `jianghu_user` [ RunTime:0.0054s ]
SQL: SELECT `unreadnum` FROM `jianghu_user` WHERE `id` = 4 LIMIT 1   [ RunTime:0.0003s ]

[ 2016-10-29T21:08:17+08:00 ] ::1 /jianghu/index.php/home/msg/getunreadnum
INFO: [ app_init ] --START--
INFO: Run Behavior\BuildLiteBehavior [ RunTime:0.000021s ]
INFO: [ app_init ] --END-- [ RunTime:0.000935s ]
INFO: [ app_begin ] --START--
INFO: Run Behavior\ReadHtmlCacheBehavior [ RunTime:0.000884s ]
INFO: [ app_begin ] --END-- [ RunTime:0.000939s ]
SQL: SHOW COLUMNS FROM `jianghu_user` [ RunTime:0.0049s ]
SQL: SELECT `unreadnum` FROM `jianghu_user` WHERE `id` = 4 LIMIT 1   [ RunTime:0.0003s ]

[ 2016-10-29T21:08:28+08:00 ] ::1 /jianghu/index.php/home/msg/getunreadnum
INFO: [ app_init ] --START--
INFO: Run Behavior\BuildLiteBehavior [ RunTime:0.000018s ]
INFO: [ app_init ] --END-- [ RunTime:0.000768s ]
INFO: [ app_begin ] --START--
INFO: Run Behavior\ReadHtmlCacheBehavior [ RunTime:0.001018s ]
INFO: [ app_begin ] --END-- [ RunTime:0.001079s ]
SQL: SHOW COLUMNS FROM `jianghu_user` [ RunTime:0.0053s ]
SQL: SELECT `unreadnum` FROM `jianghu_user` WHERE `id` = 4 LIMIT 1   [ RunTime:0.0003s ]

[ 2016-10-29T21:08:39+08:00 ] ::1 /jianghu/index.php/home/msg/getunreadnum
INFO: [ app_init ] --START--
INFO: Run Behavior\BuildLiteBehavior [ RunTime:0.000025s ]
INFO: [ app_init ] --END-- [ RunTime:0.000813s ]
INFO: [ app_begin ] --START--
INFO: Run Behavior\ReadHtmlCacheBehavior [ RunTime:0.001252s ]
INFO: [ app_begin ] --END-- [ RunTime:0.001331s ]
SQL: SHOW COLUMNS FROM `jianghu_user` [ RunTime:0.0040s ]
SQL: SELECT `unreadnum` FROM `jianghu_user` WHERE `id` = 4 LIMIT 1   [ RunTime:0.0003s ]

[ 2016-10-29T21:08:50+08:00 ] ::1 /jianghu/index.php/home/msg/getunreadnum
INFO: [ app_init ] --START--
INFO: Run Behavior\BuildLiteBehavior [ RunTime:0.000023s ]
INFO: [ app_init ] --END-- [ RunTime:0.001266s ]
INFO: [ app_begin ] --START--
INFO: Run Behavior\ReadHtmlCacheBehavior [ RunTime:0.000931s ]
INFO: [ app_begin ] --END-- [ RunTime:0.000986s ]
SQL: SHOW COLUMNS FROM `jianghu_user` [ RunTime:0.0055s ]
SQL: SELECT `unreadnum` FROM `jianghu_user` WHERE `id` = 4 LIMIT 1   [ RunTime:0.0003s ]

[ 2016-10-29T21:09:01+08:00 ] ::1 /jianghu/index.php/home/msg/getunreadnum
INFO: [ app_init ] --START--
INFO: Run Behavior\BuildLiteBehavior [ RunTime:0.000024s ]
INFO: [ app_init ] --END-- [ RunTime:0.002299s ]
INFO: [ app_begin ] --START--
INFO: Run Behavior\ReadHtmlCacheBehavior [ RunTime:0.001281s ]
INFO: [ app_begin ] --END-- [ RunTime:0.001376s ]
SQL: SHOW COLUMNS FROM `jianghu_user` [ RunTime:0.0060s ]
SQL: SELECT `unreadnum` FROM `jianghu_user` WHERE `id` = 4 LIMIT 1   [ RunTime:0.0005s ]

[ 2016-10-29T21:09:12+08:00 ] ::1 /jianghu/index.php/home/msg/getunreadnum
INFO: [ app_init ] --START--
INFO: Run Behavior\BuildLiteBehavior [ RunTime:0.000022s ]
INFO: [ app_init ] --END-- [ RunTime:0.000938s ]
INFO: [ app_begin ] --START--
INFO: Run Behavior\ReadHtmlCacheBehavior [ RunTime:0.001572s ]
INFO: [ app_begin ] --END-- [ RunTime:0.001699s ]
SQL: SHOW COLUMNS FROM `jianghu_user` [ RunTime:0.0035s ]
SQL: SELECT `unreadnum` FROM `jianghu_user` WHERE `id` = 4 LIMIT 1   [ RunTime:0.0003s ]

[ 2016-10-29T21:09:23+08:00 ] ::1 /jianghu/index.php/home/msg/getunreadnum
INFO: [ app_init ] --START--
INFO: Run Behavior\BuildLiteBehavior [ RunTime:0.000075s ]
INFO: [ app_init ] --END-- [ RunTime:0.001379s ]
INFO: [ app_begin ] --START--
INFO: Run Behavior\ReadHtmlCacheBehavior [ RunTime:0.001479s ]
INFO: [ app_begin ] --END-- [ RunTime:0.001575s ]
SQL: SHOW COLUMNS FROM `jianghu_user` [ RunTime:0.0057s ]
SQL: SELECT `unreadnum` FROM `jianghu_user` WHERE `id` = 4 LIMIT 1   [ RunTime:0.0003s ]

[ 2016-10-29T21:09:34+08:00 ] ::1 /jianghu/index.php/home/msg/getunreadnum
INFO: [ app_init ] --START--
INFO: Run Behavior\BuildLiteBehavior [ RunTime:0.000019s ]
INFO: [ app_init ] --END-- [ RunTime:0.000792s ]
INFO: [ app_begin ] --START--
INFO: Run Behavior\ReadHtmlCacheBehavior [ RunTime:0.001178s ]
INFO: [ app_begin ] --END-- [ RunTime:0.001254s ]
SQL: SHOW COLUMNS FROM `jianghu_user` [ RunTime:0.0036s ]
SQL: SELECT `unreadnum` FROM `jianghu_user` WHERE `id` = 4 LIMIT 1   [ RunTime:0.0003s ]

[ 2016-10-29T21:09:45+08:00 ] ::1 /jianghu/index.php/home/msg/getunreadnum
INFO: [ app_init ] --START--
INFO: Run Behavior\BuildLiteBehavior [ RunTime:0.000018s ]
INFO: [ app_init ] --END-- [ RunTime:0.000758s ]
INFO: [ app_begin ] --START--
INFO: Run Behavior\ReadHtmlCacheBehavior [ RunTime:0.001124s ]
INFO: [ app_begin ] --END-- [ RunTime:0.001206s ]
SQL: SHOW COLUMNS FROM `jianghu_user` [ RunTime:0.0053s ]
SQL: SELECT `unreadnum` FROM `jianghu_user` WHERE `id` = 4 LIMIT 1   [ RunTime:0.0003s ]

[ 2016-10-29T21:09:56+08:00 ] ::1 /jianghu/index.php/home/msg/getunreadnum
INFO: [ app_init ] --START--
INFO: Run Behavior\BuildLiteBehavior [ RunTime:0.000019s ]
INFO: [ app_init ] --END-- [ RunTime:0.000812s ]
INFO: [ app_begin ] --START--
INFO: Run Behavior\ReadHtmlCacheBehavior [ RunTime:0.001203s ]
INFO: [ app_begin ] --END-- [ RunTime:0.001292s ]
SQL: SHOW COLUMNS FROM `jianghu_user` [ RunTime:0.0038s ]
SQL: SELECT `unreadnum` FROM `jianghu_user` WHERE `id` = 4 LIMIT 1   [ RunTime:0.0003s ]

[ 2016-10-29T21:10:07+08:00 ] ::1 /jianghu/index.php/home/msg/getunreadnum
INFO: [ app_init ] --START--
INFO: Run Behavior\BuildLiteBehavior [ RunTime:0.000018s ]
INFO: [ app_init ] --END-- [ RunTime:0.000783s ]
INFO: [ app_begin ] --START--
INFO: Run Behavior\ReadHtmlCacheBehavior [ RunTime:0.001188s ]
INFO: [ app_begin ] --END-- [ RunTime:0.001260s ]
SQL: SHOW COLUMNS FROM `jianghu_user` [ RunTime:0.0505s ]
SQL: SELECT `unreadnum` FROM `jianghu_user` WHERE `id` = 4 LIMIT 1   [ RunTime:0.0003s ]

[ 2016-10-29T21:10:18+08:00 ] ::1 /jianghu/index.php/home/msg/getunreadnum
INFO: [ app_init ] --START--
INFO: Run Behavior\BuildLiteBehavior [ RunTime:0.000013s ]
INFO: [ app_init ] --END-- [ RunTime:0.000587s ]
INFO: [ app_begin ] --START--
INFO: Run Behavior\ReadHtmlCacheBehavior [ RunTime:0.000920s ]
INFO: [ app_begin ] --END-- [ RunTime:0.000980s ]
SQL: SHOW COLUMNS FROM `jianghu_user` [ RunTime:0.0136s ]
SQL: SELECT `unreadnum` FROM `jianghu_user` WHERE `id` = 4 LIMIT 1   [ RunTime:0.0003s ]

[ 2016-10-29T21:10:29+08:00 ] ::1 /jianghu/index.php/home/msg/getunreadnum
INFO: [ app_init ] --START--
INFO: Run Behavior\BuildLiteBehavior [ RunTime:0.000019s ]
INFO: [ app_init ] --END-- [ RunTime:0.000810s ]
INFO: [ app_begin ] --START--
INFO: Run Behavior\ReadHtmlCacheBehavior [ RunTime:0.001252s ]
INFO: [ app_begin ] --END-- [ RunTime:0.001332s ]
SQL: SHOW COLUMNS FROM `jianghu_user` [ RunTime:0.0051s ]
SQL: SELECT `unreadnum` FROM `jianghu_user` WHERE `id` = 4 LIMIT 1   [ RunTime:0.0003s ]

[ 2016-10-29T21:10:40+08:00 ] ::1 /jianghu/index.php/home/msg/getunreadnum
INFO: [ app_init ] --START--
INFO: Run Behavior\BuildLiteBehavior [ RunTime:0.000019s ]
INFO: [ app_init ] --END-- [ RunTime:0.000760s ]
INFO: [ app_begin ] --START--
INFO: Run Behavior\ReadHtmlCacheBehavior [ RunTime:0.001179s ]
INFO: [ app_begin ] --END-- [ RunTime:0.001251s ]
SQL: SHOW COLUMNS FROM `jianghu_user` [ RunTime:0.0058s ]
SQL: SELECT `unreadnum` FROM `jianghu_user` WHERE `id` = 4 LIMIT 1   [ RunTime:0.0003s ]

[ 2016-10-29T21:10:51+08:00 ] ::1 /jianghu/index.php/home/msg/getunreadnum
INFO: [ app_init ] --START--
INFO: Run Behavior\BuildLiteBehavior [ RunTime:0.000016s ]
INFO: [ app_init ] --END-- [ RunTime:0.000670s ]
INFO: [ app_begin ] --START--
INFO: Run Behavior\ReadHtmlCacheBehavior [ RunTime:0.000923s ]
INFO: [ app_begin ] --END-- [ RunTime:0.000985s ]
SQL: SHOW COLUMNS FROM `jianghu_user` [ RunTime:0.0051s ]
SQL: SELECT `unreadnum` FROM `jianghu_user` WHERE `id` = 4 LIMIT 1   [ RunTime:0.0003s ]

[ 2016-10-29T21:11:02+08:00 ] ::1 /jianghu/index.php/home/msg/getunreadnum
INFO: [ app_init ] --START--
INFO: Run Behavior\BuildLiteBehavior [ RunTime:0.000022s ]
INFO: [ app_init ] --END-- [ RunTime:0.000919s ]
INFO: [ app_begin ] --START--
INFO: Run Behavior\ReadHtmlCacheBehavior [ RunTime:0.000873s ]
INFO: [ app_begin ] --END-- [ RunTime:0.000926s ]
SQL: SHOW COLUMNS FROM `jianghu_user` [ RunTime:0.0051s ]
SQL: SELECT `unreadnum` FROM `jianghu_user` WHERE `id` = 4 LIMIT 1   [ RunTime:0.0003s ]

[ 2016-10-29T21:11:13+08:00 ] ::1 /jianghu/index.php/home/msg/getunreadnum
INFO: [ app_init ] --START--
INFO: Run Behavior\BuildLiteBehavior [ RunTime:0.000013s ]
INFO: [ app_init ] --END-- [ RunTime:0.000573s ]
INFO: [ app_begin ] --START--
INFO: Run Behavior\ReadHtmlCacheBehavior [ RunTime:0.000885s ]
INFO: [ app_begin ] --END-- [ RunTime:0.000938s ]
SQL: SHOW COLUMNS FROM `jianghu_user` [ RunTime:0.0326s ]
SQL: SELECT `unreadnum` FROM `jianghu_user` WHERE `id` = 4 LIMIT 1   [ RunTime:0.0004s ]

[ 2016-10-29T21:11:24+08:00 ] ::1 /jianghu/index.php/home/msg/getunreadnum
INFO: [ app_init ] --START--
INFO: Run Behavior\BuildLiteBehavior [ RunTime:0.000019s ]
INFO: [ app_init ] --END-- [ RunTime:0.000816s ]
INFO: [ app_begin ] --START--
INFO: Run Behavior\ReadHtmlCacheBehavior [ RunTime:0.001276s ]
INFO: [ app_begin ] --END-- [ RunTime:0.001361s ]
SQL: SHOW COLUMNS FROM `jianghu_user` [ RunTime:0.0042s ]
SQL: SELECT `unreadnum` FROM `jianghu_user` WHERE `id` = 4 LIMIT 1   [ RunTime:0.0003s ]

[ 2016-10-29T21:11:35+08:00 ] ::1 /jianghu/index.php/home/msg/getunreadnum
INFO: [ app_init ] --START--
INFO: Run Behavior\BuildLiteBehavior [ RunTime:0.000018s ]
INFO: [ app_init ] --END-- [ RunTime:0.000767s ]
INFO: [ app_begin ] --START--
INFO: Run Behavior\ReadHtmlCacheBehavior [ RunTime:0.000890s ]
INFO: [ app_begin ] --END-- [ RunTime:0.000946s ]
SQL: SHOW COLUMNS FROM `jianghu_user` [ RunTime:0.0050s ]
SQL: SELECT `unreadnum` FROM `jianghu_user` WHERE `id` = 4 LIMIT 1   [ RunTime:0.0003s ]

[ 2016-10-29T21:11:46+08:00 ] ::1 /jianghu/index.php/home/msg/getunreadnum
INFO: [ app_init ] --START--
INFO: Run Behavior\BuildLiteBehavior [ RunTime:0.000019s ]
INFO: [ app_init ] --END-- [ RunTime:0.000690s ]
INFO: [ app_begin ] --START--
INFO: Run Behavior\ReadHtmlCacheBehavior [ RunTime:0.001110s ]
INFO: [ app_begin ] --END-- [ RunTime:0.001186s ]
SQL: SHOW COLUMNS FROM `jianghu_user` [ RunTime:0.0049s ]
SQL: SELECT `unreadnum` FROM `jianghu_user` WHERE `id` = 4 LIMIT 1   [ RunTime:0.0003s ]

[ 2016-10-29T21:11:57+08:00 ] ::1 /jianghu/index.php/home/msg/getunreadnum
INFO: [ app_init ] --START--
INFO: Run Behavior\BuildLiteBehavior [ RunTime:0.000014s ]
INFO: [ app_init ] --END-- [ RunTime:0.000620s ]
INFO: [ app_begin ] --START--
INFO: Run Behavior\ReadHtmlCacheBehavior [ RunTime:0.000949s ]
INFO: [ app_begin ] --END-- [ RunTime:0.001006s ]
SQL: SHOW COLUMNS FROM `jianghu_user` [ RunTime:0.0056s ]
SQL: SELECT `unreadnum` FROM `jianghu_user` WHERE `id` = 4 LIMIT 1   [ RunTime:0.0003s ]

[ 2016-10-29T21:12:08+08:00 ] ::1 /jianghu/index.php/home/msg/getunreadnum
INFO: [ app_init ] --START--
INFO: Run Behavior\BuildLiteBehavior [ RunTime:0.000021s ]
INFO: [ app_init ] --END-- [ RunTime:0.000927s ]
INFO: [ app_begin ] --START--
INFO: Run Behavior\ReadHtmlCacheBehavior [ RunTime:0.000882s ]
INFO: [ app_begin ] --END-- [ RunTime:0.000936s ]
SQL: SHOW COLUMNS FROM `jianghu_user` [ RunTime:0.0049s ]
SQL: SELECT `unreadnum` FROM `jianghu_user` WHERE `id` = 4 LIMIT 1   [ RunTime:0.0003s ]

[ 2016-10-29T21:12:19+08:00 ] ::1 /jianghu/index.php/home/msg/getunreadnum
INFO: [ app_init ] --START--
INFO: Run Behavior\BuildLiteBehavior [ RunTime:0.000018s ]
INFO: [ app_init ] --END-- [ RunTime:0.000723s ]
INFO: [ app_begin ] --START--
INFO: Run Behavior\ReadHtmlCacheBehavior [ RunTime:0.001137s ]
INFO: [ app_begin ] --END-- [ RunTime:0.001212s ]
SQL: SHOW COLUMNS FROM `jianghu_user` [ RunTime:0.0037s ]
SQL: SELECT `unreadnum` FROM `jianghu_user` WHERE `id` = 4 LIMIT 1   [ RunTime:0.0003s ]

[ 2016-10-29T21:12:30+08:00 ] ::1 /jianghu/index.php/home/msg/getunreadnum
INFO: [ app_init ] --START--
INFO: Run Behavior\BuildLiteBehavior [ RunTime:0.000016s ]
INFO: [ app_init ] --END-- [ RunTime:0.000692s ]
INFO: [ app_begin ] --START--
INFO: Run Behavior\ReadHtmlCacheBehavior [ RunTime:0.001054s ]
INFO: [ app_begin ] --END-- [ RunTime:0.001118s ]
SQL: SHOW COLUMNS FROM `jianghu_user` [ RunTime:0.0054s ]
SQL: SELECT `unreadnum` FROM `jianghu_user` WHERE `id` = 4 LIMIT 1   [ RunTime:0.0003s ]

[ 2016-10-29T21:12:41+08:00 ] ::1 /jianghu/index.php/home/msg/getunreadnum
INFO: [ app_init ] --START--
INFO: Run Behavior\BuildLiteBehavior [ RunTime:0.000014s ]
INFO: [ app_init ] --END-- [ RunTime:0.000596s ]
INFO: [ app_begin ] --START--
INFO: Run Behavior\ReadHtmlCacheBehavior [ RunTime:0.000901s ]
INFO: [ app_begin ] --END-- [ RunTime:0.000955s ]
SQL: SHOW COLUMNS FROM `jianghu_user` [ RunTime:0.0035s ]
SQL: SELECT `unreadnum` FROM `jianghu_user` WHERE `id` = 4 LIMIT 1   [ RunTime:0.0003s ]

[ 2016-10-29T21:12:52+08:00 ] ::1 /jianghu/index.php/home/msg/getunreadnum
INFO: [ app_init ] --START--
INFO: Run Behavior\BuildLiteBehavior [ RunTime:0.000018s ]
INFO: [ app_init ] --END-- [ RunTime:0.000686s ]
INFO: [ app_begin ] --START--
INFO: Run Behavior\ReadHtmlCacheBehavior [ RunTime:0.001252s ]
INFO: [ app_begin ] --END-- [ RunTime:0.001347s ]
SQL: SHOW COLUMNS FROM `jianghu_user` [ RunTime:0.0040s ]
SQL: SELECT `unreadnum` FROM `jianghu_user` WHERE `id` = 4 LIMIT 1   [ RunTime:0.0003s ]

[ 2016-10-29T21:13:03+08:00 ] ::1 /jianghu/index.php/home/msg/getunreadnum
INFO: [ app_init ] --START--
INFO: Run Behavior\BuildLiteBehavior [ RunTime:0.000018s ]
INFO: [ app_init ] --END-- [ RunTime:0.000759s ]
INFO: [ app_begin ] --START--
INFO: Run Behavior\ReadHtmlCacheBehavior [ RunTime:0.001184s ]
INFO: [ app_begin ] --END-- [ RunTime:0.001262s ]
SQL: SHOW COLUMNS FROM `jianghu_user` [ RunTime:0.0264s ]
SQL: SELECT `unreadnum` FROM `jianghu_user` WHERE `id` = 4 LIMIT 1   [ RunTime:0.0003s ]

[ 2016-10-29T21:13:14+08:00 ] ::1 /jianghu/index.php/home/msg/getunreadnum
INFO: [ app_init ] --START--
INFO: Run Behavior\BuildLiteBehavior [ RunTime:0.000019s ]
INFO: [ app_init ] --END-- [ RunTime:0.000806s ]
INFO: [ app_begin ] --START--
INFO: Run Behavior\ReadHtmlCacheBehavior [ RunTime:0.001277s ]
INFO: [ app_begin ] --END-- [ RunTime:0.001368s ]
SQL: SHOW COLUMNS FROM `jianghu_user` [ RunTime:0.0052s ]
SQL: SELECT `unreadnum` FROM `jianghu_user` WHERE `id` = 4 LIMIT 1   [ RunTime:0.0003s ]

[ 2016-10-29T21:13:25+08:00 ] ::1 /jianghu/index.php/home/msg/getunreadnum
INFO: [ app_init ] --START--
INFO: Run Behavior\BuildLiteBehavior [ RunTime:0.000015s ]
INFO: [ app_init ] --END-- [ RunTime:0.000579s ]
INFO: [ app_begin ] --START--
INFO: Run Behavior\ReadHtmlCacheBehavior [ RunTime:0.000928s ]
INFO: [ app_begin ] --END-- [ RunTime:0.001000s ]
SQL: SHOW COLUMNS FROM `jianghu_user` [ RunTime:0.0240s ]
SQL: SELECT `unreadnum` FROM `jianghu_user` WHERE `id` = 4 LIMIT 1   [ RunTime:0.0005s ]

