[ 2016-12-06T20:22:41+08:00 ] ::1 /jianghu/index.php
INFO: [ app_init ] --START--
INFO: Run Behavior\BuildLiteBehavior [ RunTime:0.000036s ]
INFO: [ app_init ] --END-- [ RunTime:0.000618s ]
INFO: [ app_begin ] --START--
INFO: Run Behavior\ReadHtmlCacheBehavior [ RunTime:0.000768s ]
INFO: [ app_begin ] --END-- [ RunTime:0.000831s ]
INFO: [ view_parse ] --START--
INFO: [ template_filter ] --START--
INFO: Run Behavior\ContentReplaceBehavior [ RunTime:0.000092s ]
INFO: [ template_filter ] --END-- [ RunTime:0.000159s ]
INFO: Run Behavior\ParseTemplateBehavior [ RunTime:0.010422s ]
INFO: [ view_parse ] --END-- [ RunTime:0.010495s ]
INFO: [ view_filter ] --START--
INFO: Run Behavior\WriteHtmlCacheBehavior [ RunTime:0.000610s ]
INFO: [ view_filter ] --END-- [ RunTime:0.000666s ]
INFO: [ app_end ] --START--
INFO: Run Behavior\ShowPageTraceBehavior [ RunTime:0.001492s ]
INFO: [ app_end ] --END-- [ RunTime:0.001588s ]

[ 2016-12-06T20:22:41+08:00 ] ::1 /jianghu/index.php/home/msg/getunreadnum
INFO: [ app_init ] --START--
INFO: Run Behavior\BuildLiteBehavior [ RunTime:0.000012s ]
INFO: [ app_init ] --END-- [ RunTime:0.000489s ]
INFO: [ app_begin ] --START--
INFO: Run Behavior\ReadHtmlCacheBehavior [ RunTime:0.000580s ]
INFO: [ app_begin ] --END-- [ RunTime:0.000642s ]
SQL: SHOW COLUMNS FROM `jianghu_token` [ RunTime:0.0055s ]
SQL: SHOW COLUMNS FROM `jianghu_user` [ RunTime:0.0078s ]
SQL: SHOW COLUMNS FROM `jianghu_login_count` [ RunTime:0.0073s ]
SQL: SHOW COLUMNS FROM `jianghu_daily_num` [ RunTime:0.0092s ]

[ 2016-12-06T20:22:41+08:00 ] ::1 /jianghu/index.php/Home/return/returnMsg.html?re=5&type=600
INFO: [ app_init ] --START--
INFO: Run Behavior\BuildLiteBehavior [ RunTime:0.000015s ]
INFO: [ app_init ] --END-- [ RunTime:0.000509s ]
INFO: [ app_begin ] --START--
INFO: Run Behavior\ReadHtmlCacheBehavior [ RunTime:0.002060s ]
INFO: [ app_begin ] --END-- [ RunTime:0.002487s ]

[ 2016-12-06T20:22:51+08:00 ] ::1 /jianghu/index.php/home/msg/getunreadnum
INFO: [ app_init ] --START--
INFO: Run Behavior\BuildLiteBehavior [ RunTime:0.000036s ]
INFO: [ app_init ] --END-- [ RunTime:0.001522s ]
INFO: [ app_begin ] --START--
INFO: Run Behavior\ReadHtmlCacheBehavior [ RunTime:0.001992s ]
INFO: [ app_begin ] --END-- [ RunTime:0.002155s ]
SQL: SHOW COLUMNS FROM `jianghu_token` [ RunTime:0.0099s ]
SQL: SHOW COLUMNS FROM `jianghu_user` [ RunTime:0.0084s ]
SQL: SHOW COLUMNS FROM `jianghu_login_count` [ RunTime:0.0082s ]
SQL: SHOW COLUMNS FROM `jianghu_daily_num` [ RunTime:0.0078s ]

[ 2016-12-06T20:22:51+08:00 ] ::1 /jianghu/index.php/Home/return/returnMsg.html?re=5&type=600
INFO: [ app_init ] --START--
INFO: Run Behavior\BuildLiteBehavior [ RunTime:0.000034s ]
INFO: [ app_init ] --END-- [ RunTime:0.001454s ]
INFO: [ app_begin ] --START--
INFO: Run Behavior\ReadHtmlCacheBehavior [ RunTime:0.001682s ]
INFO: [ app_begin ] --END-- [ RunTime:0.001842s ]

[ 2016-12-06T20:23:01+08:00 ] ::1 /jianghu/index.php/home/msg/getunreadnum
INFO: [ app_init ] --START--
INFO: Run Behavior\BuildLiteBehavior [ RunTime:0.000048s ]
INFO: [ app_init ] --END-- [ RunTime:0.001965s ]
INFO: [ app_begin ] --START--
INFO: Run Behavior\ReadHtmlCacheBehavior [ RunTime:0.001537s ]
INFO: [ app_begin ] --END-- [ RunTime:0.001683s ]
SQL: SHOW COLUMNS FROM `jianghu_token` [ RunTime:0.0098s ]
SQL: SHOW COLUMNS FROM `jianghu_user` [ RunTime:0.0082s ]
SQL: SHOW COLUMNS FROM `jianghu_login_count` [ RunTime:0.0073s ]
SQL: SHOW COLUMNS FROM `jianghu_daily_num` [ RunTime:0.0083s ]

[ 2016-12-06T20:23:01+08:00 ] ::1 /jianghu/index.php/Home/return/returnMsg.html?re=5&type=600
INFO: [ app_init ] --START--
INFO: Run Behavior\BuildLiteBehavior [ RunTime:0.000085s ]
INFO: [ app_init ] --END-- [ RunTime:0.001358s ]
INFO: [ app_begin ] --START--
INFO: Run Behavior\ReadHtmlCacheBehavior [ RunTime:0.001696s ]
INFO: [ app_begin ] --END-- [ RunTime:0.001846s ]

[ 2016-12-06T20:23:11+08:00 ] ::1 /jianghu/index.php/home/msg/getunreadnum
INFO: [ app_init ] --START--
INFO: Run Behavior\BuildLiteBehavior [ RunTime:0.000035s ]
INFO: [ app_init ] --END-- [ RunTime:0.001370s ]
INFO: [ app_begin ] --START--
INFO: Run Behavior\ReadHtmlCacheBehavior [ RunTime:0.001777s ]
INFO: [ app_begin ] --END-- [ RunTime:0.001958s ]
SQL: SHOW COLUMNS FROM `jianghu_token` [ RunTime:0.0081s ]
SQL: SHOW COLUMNS FROM `jianghu_user` [ RunTime:0.0085s ]
SQL: SHOW COLUMNS FROM `jianghu_login_count` [ RunTime:0.0081s ]
SQL: SHOW COLUMNS FROM `jianghu_daily_num` [ RunTime:0.0087s ]

[ 2016-12-06T20:23:11+08:00 ] ::1 /jianghu/index.php/Home/return/returnMsg.html?re=5&type=600
INFO: [ app_init ] --START--
INFO: Run Behavior\BuildLiteBehavior [ RunTime:0.000034s ]
INFO: [ app_init ] --END-- [ RunTime:0.001414s ]
INFO: [ app_begin ] --START--
INFO: Run Behavior\ReadHtmlCacheBehavior [ RunTime:0.001680s ]
INFO: [ app_begin ] --END-- [ RunTime:0.001821s ]

[ 2016-12-06T20:23:21+08:00 ] ::1 /jianghu/index.php/home/msg/getunreadnum
INFO: [ app_init ] --START--
INFO: Run Behavior\BuildLiteBehavior [ RunTime:0.000053s ]
INFO: [ app_init ] --END-- [ RunTime:0.002061s ]
INFO: [ app_begin ] --START--
INFO: Run Behavior\ReadHtmlCacheBehavior [ RunTime:0.001741s ]
INFO: [ app_begin ] --END-- [ RunTime:0.001899s ]
SQL: SHOW COLUMNS FROM `jianghu_token` [ RunTime:0.0093s ]
SQL: SHOW COLUMNS FROM `jianghu_user` [ RunTime:0.0089s ]
SQL: SHOW COLUMNS FROM `jianghu_login_count` [ RunTime:0.0073s ]
SQL: SHOW COLUMNS FROM `jianghu_daily_num` [ RunTime:0.0081s ]

[ 2016-12-06T20:23:21+08:00 ] ::1 /jianghu/index.php/Home/return/returnMsg.html?re=5&type=600
INFO: [ app_init ] --START--
INFO: Run Behavior\BuildLiteBehavior [ RunTime:0.000023s ]
INFO: [ app_init ] --END-- [ RunTime:0.000839s ]
INFO: [ app_begin ] --START--
INFO: Run Behavior\ReadHtmlCacheBehavior [ RunTime:0.001115s ]
INFO: [ app_begin ] --END-- [ RunTime:0.001208s ]

[ 2016-12-06T20:23:31+08:00 ] ::1 /jianghu/index.php/home/msg/getunreadnum
INFO: [ app_init ] --START--
INFO: Run Behavior\BuildLiteBehavior [ RunTime:0.000032s ]
INFO: [ app_init ] --END-- [ RunTime:0.001257s ]
INFO: [ app_begin ] --START--
INFO: Run Behavior\ReadHtmlCacheBehavior [ RunTime:0.001571s ]
INFO: [ app_begin ] --END-- [ RunTime:0.001719s ]
SQL: SHOW COLUMNS FROM `jianghu_token` [ RunTime:0.0089s ]
SQL: SHOW COLUMNS FROM `jianghu_user` [ RunTime:0.0087s ]
SQL: SHOW COLUMNS FROM `jianghu_login_count` [ RunTime:0.0096s ]
SQL: SHOW COLUMNS FROM `jianghu_daily_num` [ RunTime:0.0104s ]

[ 2016-12-06T20:23:31+08:00 ] ::1 /jianghu/index.php/Home/return/returnMsg.html?re=5&type=600
INFO: [ app_init ] --START--
INFO: Run Behavior\BuildLiteBehavior [ RunTime:0.000033s ]
INFO: [ app_init ] --END-- [ RunTime:0.001395s ]
INFO: [ app_begin ] --START--
INFO: Run Behavior\ReadHtmlCacheBehavior [ RunTime:0.002065s ]
INFO: [ app_begin ] --END-- [ RunTime:0.002239s ]

[ 2016-12-06T20:23:41+08:00 ] ::1 /jianghu/index.php/home/msg/getunreadnum
INFO: [ app_init ] --START--
INFO: Run Behavior\BuildLiteBehavior [ RunTime:0.000035s ]
INFO: [ app_init ] --END-- [ RunTime:0.001385s ]
INFO: [ app_begin ] --START--
INFO: Run Behavior\ReadHtmlCacheBehavior [ RunTime:0.001649s ]
INFO: [ app_begin ] --END-- [ RunTime:0.001792s ]
SQL: SHOW COLUMNS FROM `jianghu_token` [ RunTime:0.0279s ]
SQL: SHOW COLUMNS FROM `jianghu_user` [ RunTime:0.0437s ]
SQL: SHOW COLUMNS FROM `jianghu_login_count` [ RunTime:0.0077s ]
SQL: SHOW COLUMNS FROM `jianghu_daily_num` [ RunTime:0.0078s ]

[ 2016-12-06T20:23:41+08:00 ] ::1 /jianghu/index.php/Home/return/returnMsg.html?re=5&type=600
INFO: [ app_init ] --START--
INFO: Run Behavior\BuildLiteBehavior [ RunTime:0.000036s ]
INFO: [ app_init ] --END-- [ RunTime:0.001554s ]
INFO: [ app_begin ] --START--
INFO: Run Behavior\ReadHtmlCacheBehavior [ RunTime:0.002893s ]
INFO: [ app_begin ] --END-- [ RunTime:0.003195s ]

