[ 2016-11-01T18:38:55+08:00 ] ::1 /jianghu/index.php/home/introduce/addOppose
INFO: [ app_init ] --START--
INFO: Run Behavior\BuildLiteBehavior [ RunTime:0.000014s ]
INFO: [ app_init ] --END-- [ RunTime:0.000629s ]
INFO: [ app_begin ] --START--
INFO: Run Behavior\ReadHtmlCacheBehavior [ RunTime:0.000987s ]
INFO: [ app_begin ] --END-- [ RunTime:0.001053s ]

[ 2016-11-01T18:40:48+08:00 ] ::1 /jianghu/index.php/home/introduce/addOppose
INFO: [ app_init ] --START--
INFO: Run Behavior\BuildLiteBehavior [ RunTime:0.000013s ]
INFO: [ app_init ] --END-- [ RunTime:0.000629s ]
INFO: [ app_begin ] --START--
INFO: Run Behavior\ReadHtmlCacheBehavior [ RunTime:0.001126s ]
INFO: [ app_begin ] --END-- [ RunTime:0.001192s ]

[ 2016-11-01T18:41:23+08:00 ] ::1 /jianghu/index.php/home/introduce/addComment
INFO: [ app_init ] --START--
INFO: Run Behavior\BuildLiteBehavior [ RunTime:0.000014s ]
INFO: [ app_init ] --END-- [ RunTime:0.000606s ]
INFO: [ app_begin ] --START--
INFO: Run Behavior\ReadHtmlCacheBehavior [ RunTime:0.000874s ]
INFO: [ app_begin ] --END-- [ RunTime:0.000932s ]

[ 2016-11-01T18:43:31+08:00 ] ::1 /jianghu/index.php/home/introduce/addOppose
INFO: [ app_init ] --START--
INFO: Run Behavior\BuildLiteBehavior [ RunTime:0.000013s ]
INFO: [ app_init ] --END-- [ RunTime:0.000532s ]
INFO: [ app_begin ] --START--
INFO: Run Behavior\ReadHtmlCacheBehavior [ RunTime:0.000750s ]
INFO: [ app_begin ] --END-- [ RunTime:0.000799s ]

[ 2016-11-01T18:43:34+08:00 ] ::1 /jianghu/index.php/home/introduce/addOppose
INFO: [ app_init ] --START--
INFO: Run Behavior\BuildLiteBehavior [ RunTime:0.000013s ]
INFO: [ app_init ] --END-- [ RunTime:0.000607s ]
INFO: [ app_begin ] --START--
INFO: Run Behavior\ReadHtmlCacheBehavior [ RunTime:0.000860s ]
INFO: [ app_begin ] --END-- [ RunTime:0.000921s ]

[ 2016-11-01T18:44:10+08:00 ] ::1 /jianghu/index.php/home/introduce/addOppose
INFO: [ app_init ] --START--
INFO: Run Behavior\BuildLiteBehavior [ RunTime:0.000102s ]
INFO: [ app_init ] --END-- [ RunTime:0.001177s ]
INFO: [ app_begin ] --START--
INFO: Run Behavior\ReadHtmlCacheBehavior [ RunTime:0.000805s ]
INFO: [ app_begin ] --END-- [ RunTime:0.000860s ]

[ 2016-11-01T18:44:13+08:00 ] ::1 /jianghu/index.php/home/introduce/addComment
INFO: [ app_init ] --START--
INFO: Run Behavior\BuildLiteBehavior [ RunTime:0.000014s ]
INFO: [ app_init ] --END-- [ RunTime:0.001538s ]
INFO: [ app_begin ] --START--
INFO: Run Behavior\ReadHtmlCacheBehavior [ RunTime:0.000795s ]
INFO: [ app_begin ] --END-- [ RunTime:0.000846s ]

[ 2016-11-01T18:44:17+08:00 ] ::1 /jianghu/index.php/home/introduce/addOppose
INFO: [ app_init ] --START--
INFO: Run Behavior\BuildLiteBehavior [ RunTime:0.000013s ]
INFO: [ app_init ] --END-- [ RunTime:0.000529s ]
INFO: [ app_begin ] --START--
INFO: Run Behavior\ReadHtmlCacheBehavior [ RunTime:0.000801s ]
INFO: [ app_begin ] --END-- [ RunTime:0.000852s ]

[ 2016-11-01T18:47:33+08:00 ] ::1 /jianghu/index.php/home/introduce/addOppose
INFO: [ app_init ] --START--
INFO: Run Behavior\BuildLiteBehavior [ RunTime:0.000011s ]
INFO: [ app_init ] --END-- [ RunTime:0.000584s ]
INFO: [ app_begin ] --START--
INFO: Run Behavior\ReadHtmlCacheBehavior [ RunTime:0.000774s ]
INFO: [ app_begin ] --END-- [ RunTime:0.000822s ]

[ 2016-11-01T18:47:40+08:00 ] ::1 /jianghu/index.php/home/introduce/addComment
INFO: [ app_init ] --START--
INFO: Run Behavior\BuildLiteBehavior [ RunTime:0.000014s ]
INFO: [ app_init ] --END-- [ RunTime:0.000602s ]
INFO: [ app_begin ] --START--
INFO: Run Behavior\ReadHtmlCacheBehavior [ RunTime:0.000876s ]
INFO: [ app_begin ] --END-- [ RunTime:0.000933s ]

[ 2016-11-01T18:47:43+08:00 ] ::1 /jianghu/index.php/home/introduce/forward
INFO: [ app_init ] --START--
INFO: Run Behavior\BuildLiteBehavior [ RunTime:0.000012s ]
INFO: [ app_init ] --END-- [ RunTime:0.000522s ]
INFO: [ app_begin ] --START--
INFO: Run Behavior\ReadHtmlCacheBehavior [ RunTime:0.000870s ]
INFO: [ app_begin ] --END-- [ RunTime:0.000928s ]

[ 2016-11-01T18:49:17+08:00 ] ::1 /jianghu/index.php/home/introduce/addOppose
INFO: [ app_init ] --START--
INFO: Run Behavior\BuildLiteBehavior [ RunTime:0.000014s ]
INFO: [ app_init ] --END-- [ RunTime:0.000652s ]
INFO: [ app_begin ] --START--
INFO: Run Behavior\ReadHtmlCacheBehavior [ RunTime:0.000817s ]
INFO: [ app_begin ] --END-- [ RunTime:0.000869s ]

[ 2016-11-01T18:49:18+08:00 ] ::1 /jianghu/index.php/home/introduce/addOppose
INFO: [ app_init ] --START--
INFO: Run Behavior\BuildLiteBehavior [ RunTime:0.000011s ]
INFO: [ app_init ] --END-- [ RunTime:0.000563s ]
INFO: [ app_begin ] --START--
INFO: Run Behavior\ReadHtmlCacheBehavior [ RunTime:0.000938s ]
INFO: [ app_begin ] --END-- [ RunTime:0.000996s ]

[ 2016-11-01T18:49:19+08:00 ] ::1 /jianghu/index.php/home/introduce/addOppose
INFO: [ app_init ] --START--
INFO: Run Behavior\BuildLiteBehavior [ RunTime:0.000014s ]
INFO: [ app_init ] --END-- [ RunTime:0.000612s ]
INFO: [ app_begin ] --START--
INFO: Run Behavior\ReadHtmlCacheBehavior [ RunTime:0.000758s ]
INFO: [ app_begin ] --END-- [ RunTime:0.000808s ]

[ 2016-11-01T18:49:20+08:00 ] ::1 /jianghu/index.php/home/introduce/addOppose
INFO: [ app_init ] --START--
INFO: Run Behavior\BuildLiteBehavior [ RunTime:0.000014s ]
INFO: [ app_init ] --END-- [ RunTime:0.000609s ]
INFO: [ app_begin ] --START--
INFO: Run Behavior\ReadHtmlCacheBehavior [ RunTime:0.000952s ]
INFO: [ app_begin ] --END-- [ RunTime:0.001011s ]

[ 2016-11-01T18:49:20+08:00 ] ::1 /jianghu/index.php/home/introduce/addOppose
INFO: [ app_init ] --START--
INFO: Run Behavior\BuildLiteBehavior [ RunTime:0.000014s ]
INFO: [ app_init ] --END-- [ RunTime:0.000623s ]
INFO: [ app_begin ] --START--
INFO: Run Behavior\ReadHtmlCacheBehavior [ RunTime:0.000890s ]
INFO: [ app_begin ] --END-- [ RunTime:0.000947s ]

[ 2016-11-01T18:49:21+08:00 ] ::1 /jianghu/index.php/home/introduce/addOppose
INFO: [ app_init ] --START--
INFO: Run Behavior\BuildLiteBehavior [ RunTime:0.000013s ]
INFO: [ app_init ] --END-- [ RunTime:0.000559s ]
INFO: [ app_begin ] --START--
INFO: Run Behavior\ReadHtmlCacheBehavior [ RunTime:0.000796s ]
INFO: [ app_begin ] --END-- [ RunTime:0.000857s ]

[ 2016-11-01T18:49:21+08:00 ] ::1 /jianghu/index.php/home/introduce/addOppose
INFO: [ app_init ] --START--
INFO: Run Behavior\BuildLiteBehavior [ RunTime:0.000013s ]
INFO: [ app_init ] --END-- [ RunTime:0.000596s ]
INFO: [ app_begin ] --START--
INFO: Run Behavior\ReadHtmlCacheBehavior [ RunTime:0.000871s ]
INFO: [ app_begin ] --END-- [ RunTime:0.000932s ]

[ 2016-11-01T18:49:21+08:00 ] ::1 /jianghu/index.php/home/introduce/addOppose
INFO: [ app_init ] --START--
INFO: Run Behavior\BuildLiteBehavior [ RunTime:0.000012s ]
INFO: [ app_init ] --END-- [ RunTime:0.000568s ]
INFO: [ app_begin ] --START--
INFO: Run Behavior\ReadHtmlCacheBehavior [ RunTime:0.001415s ]
INFO: [ app_begin ] --END-- [ RunTime:0.001474s ]

[ 2016-11-01T18:49:21+08:00 ] ::1 /jianghu/index.php/home/introduce/addOppose
INFO: [ app_init ] --START--
INFO: Run Behavior\BuildLiteBehavior [ RunTime:0.000015s ]
INFO: [ app_init ] --END-- [ RunTime:0.000634s ]
INFO: [ app_begin ] --START--
INFO: Run Behavior\ReadHtmlCacheBehavior [ RunTime:0.000777s ]
INFO: [ app_begin ] --END-- [ RunTime:0.000824s ]

[ 2016-11-01T18:53:56+08:00 ] ::1 /jianghu/index.php/home/introduce/addOppose
INFO: [ app_init ] --START--
INFO: Run Behavior\BuildLiteBehavior [ RunTime:0.000012s ]
INFO: [ app_init ] --END-- [ RunTime:0.000496s ]
INFO: [ app_begin ] --START--
INFO: Run Behavior\ReadHtmlCacheBehavior [ RunTime:0.000794s ]
INFO: [ app_begin ] --END-- [ RunTime:0.000848s ]
SQL: SHOW COLUMNS FROM `jianghu_token` [ RunTime:0.0057s ]
SQL: SHOW COLUMNS FROM `jianghu_user` [ RunTime:0.0041s ]
SQL: SHOW COLUMNS FROM `jianghu_login_count` [ RunTime:0.0042s ]
SQL: SHOW COLUMNS FROM `jianghu_daily_num` [ RunTime:0.0032s ]
SQL: SELECT * FROM `jianghu_token` WHERE `token` = '6523205cd074195bd9252252b0eab96e' AND `state` = 0 LIMIT 1   [ RunTime:0.0016s ]
SQL: SELECT `isban` FROM `jianghu_user` WHERE `id` = 1 LIMIT 1   [ RunTime:0.0003s ]
SQL: SELECT * FROM `jianghu_login_count` WHERE `user_id` = 1 AND `date` = '2016-11-01' LIMIT 1   [ RunTime:0.0156s ]
SQL: SELECT * FROM `jianghu_daily_num` WHERE `date` = '2016-11-01' LIMIT 1   [ RunTime:0.0092s ]
SQL: INSERT INTO `jianghu_login_count` (`user_id`,`date`) VALUES ('1','2016-11-01') [ RunTime:0.1067s ]
SQL: SELECT * FROM `jianghu_daily_num` WHERE `date` = '2016-11-01'  [ RunTime:0.0009s ]
SQL: INSERT INTO `jianghu_daily_num` (`date`,`lognum`) VALUES ('2016-11-01','1') [ RunTime:0.0611s ]
SQL: SHOW COLUMNS FROM `jianghu_introduce` [ RunTime:0.0514s ]
SQL: SELECT `user_id` FROM `jianghu_introduce` WHERE `id` = 101 LIMIT 1   [ RunTime:0.0007s ]
SQL: UPDATE `jianghu_introduce` SET `opposenum`=opposenum+1 WHERE `id` = 101 [ RunTime:0.0892s ]
SQL: UPDATE `jianghu_user` SET `alloppose`=alloppose+1 WHERE `id` = 17 [ RunTime:0.1090s ]

[ 2016-11-01T19:54:05+08:00 ] ::1 /jianghu/index.php/home/introduce/showFriendIntro
INFO: [ app_init ] --START--
INFO: Run Behavior\BuildLiteBehavior [ RunTime:0.000013s ]
INFO: [ app_init ] --END-- [ RunTime:0.000558s ]
INFO: [ app_begin ] --START--
INFO: Run Behavior\ReadHtmlCacheBehavior [ RunTime:0.001017s ]
INFO: [ app_begin ] --END-- [ RunTime:0.001080s ]
SQL: SHOW COLUMNS FROM `jianghu_token` [ RunTime:0.0037s ]
SQL: SHOW COLUMNS FROM `jianghu_user` [ RunTime:0.0036s ]
SQL: SHOW COLUMNS FROM `jianghu_login_count` [ RunTime:0.0037s ]
SQL: SHOW COLUMNS FROM `jianghu_daily_num` [ RunTime:0.0036s ]
SQL: SELECT * FROM `jianghu_token` WHERE `token` = '2ea7c6999b86afb0f34bc274e78377fe' AND `state` = 0 LIMIT 1   [ RunTime:0.0004s ]
SQL: SELECT `isban` FROM `jianghu_user` WHERE `id` = 1 LIMIT 1   [ RunTime:0.0003s ]
SQL: SELECT * FROM `jianghu_login_count` WHERE `user_id` = 1 AND `date` = '2016-11-01' LIMIT 1   [ RunTime:0.0003s ]
SQL: SELECT * FROM `jianghu_daily_num` WHERE `date` = '2016-11-01' LIMIT 1   [ RunTime:0.0003s ]
SQL: SHOW COLUMNS FROM `jianghu_friend` [ RunTime:0.0035s ]
SQL: SHOW COLUMNS FROM `jianghu_introduce` [ RunTime:0.0040s ]
SQL: SHOW COLUMNS FROM `jianghu_introduce_images` [ RunTime:0.0041s ]
SQL: SELECT `friend_id` FROM `jianghu_friend` WHERE `user_id` = 1  [ RunTime:0.0019s ]
SQL: SELECT * FROM `jianghu_introduce` ORDER BY time desc  [ RunTime:0.0012s ]
SQL: SELECT `username` FROM `jianghu_user` WHERE `id` = 3 LIMIT 1   [ RunTime:0.0003s ]
NOTIC: [8] Undefined index: allpraise D:\xampp\htdocs\jianghu\Application\Home\Controller\IntroduceController.class.php 第 132 行.
NOTIC: [8] Undefined index: alloppose D:\xampp\htdocs\jianghu\Application\Home\Controller\IntroduceController.class.php 第 133 行.
SQL: SELECT `imageurl` FROM `jianghu_introduce_images` WHERE `introduce_id` = 96  [ RunTime:0.0003s ]
NOTIC: [8] Undefined variable: img D:\xampp\htdocs\jianghu\Application\Home\Model\IntroduceImagesModel.class.php 第 21 行.
SQL: SELECT * FROM `jianghu_introduce` WHERE `id` = 90 LIMIT 1   [ RunTime:0.0003s ]
SQL: SELECT `imageurl` FROM `jianghu_introduce_images` WHERE `introduce_id` = 90  [ RunTime:0.0003s ]
NOTIC: [8] Undefined variable: img D:\xampp\htdocs\jianghu\Application\Home\Model\IntroduceImagesModel.class.php 第 21 行.
SQL: SELECT `username` FROM `jianghu_user` WHERE `id` = 2 LIMIT 1   [ RunTime:0.0003s ]
NOTIC: [8] Undefined index: allpraise D:\xampp\htdocs\jianghu\Application\Home\Controller\IntroduceController.class.php 第 132 行.
NOTIC: [8] Undefined index: alloppose D:\xampp\htdocs\jianghu\Application\Home\Controller\IntroduceController.class.php 第 133 行.
SQL: SELECT `imageurl` FROM `jianghu_introduce_images` WHERE `introduce_id` = 91  [ RunTime:0.0003s ]
NOTIC: [8] Undefined variable: img D:\xampp\htdocs\jianghu\Application\Home\Model\IntroduceImagesModel.class.php 第 21 行.
SQL: SELECT * FROM `jianghu_introduce` WHERE `id` = 90 LIMIT 1   [ RunTime:0.0003s ]
SQL: SELECT `imageurl` FROM `jianghu_introduce_images` WHERE `introduce_id` = 90  [ RunTime:0.0002s ]
NOTIC: [8] Undefined variable: img D:\xampp\htdocs\jianghu\Application\Home\Model\IntroduceImagesModel.class.php 第 21 行.
SQL: SELECT `username` FROM `jianghu_user` WHERE `id` = 1 LIMIT 1   [ RunTime:0.0003s ]
NOTIC: [8] Undefined index: allpraise D:\xampp\htdocs\jianghu\Application\Home\Controller\IntroduceController.class.php 第 132 行.
NOTIC: [8] Undefined index: alloppose D:\xampp\htdocs\jianghu\Application\Home\Controller\IntroduceController.class.php 第 133 行.
SQL: SELECT `imageurl` FROM `jianghu_introduce_images` WHERE `introduce_id` = 90  [ RunTime:0.0003s ]
NOTIC: [8] Undefined variable: img D:\xampp\htdocs\jianghu\Application\Home\Model\IntroduceImagesModel.class.php 第 21 行.
SQL: SELECT `username` FROM `jianghu_user` WHERE `id` = 3 LIMIT 1   [ RunTime:0.0003s ]
NOTIC: [8] Undefined index: allpraise D:\xampp\htdocs\jianghu\Application\Home\Controller\IntroduceController.class.php 第 132 行.
NOTIC: [8] Undefined index: alloppose D:\xampp\htdocs\jianghu\Application\Home\Controller\IntroduceController.class.php 第 133 行.
SQL: SELECT `imageurl` FROM `jianghu_introduce_images` WHERE `introduce_id` = 87  [ RunTime:0.0003s ]
NOTIC: [8] Undefined variable: img D:\xampp\htdocs\jianghu\Application\Home\Model\IntroduceImagesModel.class.php 第 21 行.
SQL: SELECT * FROM `jianghu_introduce` WHERE `id` = 77 LIMIT 1   [ RunTime:0.0003s ]
SQL: SELECT `imageurl` FROM `jianghu_introduce_images` WHERE `introduce_id` = 77  [ RunTime:0.0003s ]
NOTIC: [8] Undefined variable: img D:\xampp\htdocs\jianghu\Application\Home\Model\IntroduceImagesModel.class.php 第 21 行.
SQL: SELECT `username` FROM `jianghu_user` WHERE `id` = 3 LIMIT 1   [ RunTime:0.0003s ]
NOTIC: [8] Undefined index: allpraise D:\xampp\htdocs\jianghu\Application\Home\Controller\IntroduceController.class.php 第 132 行.
NOTIC: [8] Undefined index: alloppose D:\xampp\htdocs\jianghu\Application\Home\Controller\IntroduceController.class.php 第 133 行.
SQL: SELECT `imageurl` FROM `jianghu_introduce_images` WHERE `introduce_id` = 86  [ RunTime:0.0003s ]
NOTIC: [8] Undefined variable: img D:\xampp\htdocs\jianghu\Application\Home\Model\IntroduceImagesModel.class.php 第 21 行.
SQL: SELECT * FROM `jianghu_introduce` WHERE `id` = 77 LIMIT 1   [ RunTime:0.0003s ]
SQL: SELECT `imageurl` FROM `jianghu_introduce_images` WHERE `introduce_id` = 77  [ RunTime:0.0002s ]
NOTIC: [8] Undefined variable: img D:\xampp\htdocs\jianghu\Application\Home\Model\IntroduceImagesModel.class.php 第 21 行.
SQL: SELECT `username` FROM `jianghu_user` WHERE `id` = 2 LIMIT 1   [ RunTime:0.0003s ]
NOTIC: [8] Undefined index: allpraise D:\xampp\htdocs\jianghu\Application\Home\Controller\IntroduceController.class.php 第 132 行.
NOTIC: [8] Undefined index: alloppose D:\xampp\htdocs\jianghu\Application\Home\Controller\IntroduceController.class.php 第 133 行.
SQL: SELECT `imageurl` FROM `jianghu_introduce_images` WHERE `introduce_id` = 85  [ RunTime:0.0005s ]
NOTIC: [8] Undefined variable: img D:\xampp\htdocs\jianghu\Application\Home\Model\IntroduceImagesModel.class.php 第 21 行.
SQL: SELECT * FROM `jianghu_introduce` WHERE `id` = 77 LIMIT 1   [ RunTime:0.0004s ]
SQL: SELECT `imageurl` FROM `jianghu_introduce_images` WHERE `introduce_id` = 77  [ RunTime:0.0003s ]
NOTIC: [8] Undefined variable: img D:\xampp\htdocs\jianghu\Application\Home\Model\IntroduceImagesModel.class.php 第 21 行.
SQL: SELECT `username` FROM `jianghu_user` WHERE `id` = 2 LIMIT 1   [ RunTime:0.0003s ]
NOTIC: [8] Undefined index: allpraise D:\xampp\htdocs\jianghu\Application\Home\Controller\IntroduceController.class.php 第 132 行.
NOTIC: [8] Undefined index: alloppose D:\xampp\htdocs\jianghu\Application\Home\Controller\IntroduceController.class.php 第 133 行.
SQL: SELECT `imageurl` FROM `jianghu_introduce_images` WHERE `introduce_id` = 84  [ RunTime:0.0003s ]
NOTIC: [8] Undefined variable: img D:\xampp\htdocs\jianghu\Application\Home\Model\IntroduceImagesModel.class.php 第 21 行.
SQL: SELECT * FROM `jianghu_introduce` WHERE `id` = 77 LIMIT 1   [ RunTime:0.0004s ]
SQL: SELECT `imageurl` FROM `jianghu_introduce_images` WHERE `introduce_id` = 77  [ RunTime:0.0003s ]
NOTIC: [8] Undefined variable: img D:\xampp\htdocs\jianghu\Application\Home\Model\IntroduceImagesModel.class.php 第 21 行.
SQL: SELECT `username` FROM `jianghu_user` WHERE `id` = 2 LIMIT 1   [ RunTime:0.0002s ]
NOTIC: [8] Undefined index: allpraise D:\xampp\htdocs\jianghu\Application\Home\Controller\IntroduceController.class.php 第 132 行.
NOTIC: [8] Undefined index: alloppose D:\xampp\htdocs\jianghu\Application\Home\Controller\IntroduceController.class.php 第 133 行.
SQL: SELECT `imageurl` FROM `jianghu_introduce_images` WHERE `introduce_id` = 78  [ RunTime:0.0003s ]
NOTIC: [8] Undefined variable: img D:\xampp\htdocs\jianghu\Application\Home\Model\IntroduceImagesModel.class.php 第 21 行.
SQL: SELECT * FROM `jianghu_introduce` WHERE `id` = 77 LIMIT 1   [ RunTime:0.0004s ]
SQL: SELECT `imageurl` FROM `jianghu_introduce_images` WHERE `introduce_id` = 77  [ RunTime:0.0003s ]
NOTIC: [8] Undefined variable: img D:\xampp\htdocs\jianghu\Application\Home\Model\IntroduceImagesModel.class.php 第 21 行.
SQL: SELECT `username` FROM `jianghu_user` WHERE `id` = 1 LIMIT 1   [ RunTime:0.0003s ]
NOTIC: [8] Undefined index: allpraise D:\xampp\htdocs\jianghu\Application\Home\Controller\IntroduceController.class.php 第 132 行.
NOTIC: [8] Undefined index: alloppose D:\xampp\htdocs\jianghu\Application\Home\Controller\IntroduceController.class.php 第 133 行.
SQL: SELECT `imageurl` FROM `jianghu_introduce_images` WHERE `introduce_id` = 77  [ RunTime:0.0003s ]
NOTIC: [8] Undefined variable: img D:\xampp\htdocs\jianghu\Application\Home\Model\IntroduceImagesModel.class.php 第 21 行.
SQL: SELECT `username` FROM `jianghu_user` WHERE `id` = 4 LIMIT 1   [ RunTime:0.0003s ]
NOTIC: [8] Undefined index: allpraise D:\xampp\htdocs\jianghu\Application\Home\Controller\IntroduceController.class.php 第 132 行.
NOTIC: [8] Undefined index: alloppose D:\xampp\htdocs\jianghu\Application\Home\Controller\IntroduceController.class.php 第 133 行.
SQL: SELECT `imageurl` FROM `jianghu_introduce_images` WHERE `introduce_id` = 74  [ RunTime:0.0003s ]
NOTIC: [8] Undefined variable: img D:\xampp\htdocs\jianghu\Application\Home\Model\IntroduceImagesModel.class.php 第 21 行.
SQL: SELECT * FROM `jianghu_introduce` WHERE `id` = 70 LIMIT 1   [ RunTime:0.0003s ]
SQL: SELECT `imageurl` FROM `jianghu_introduce_images` WHERE `introduce_id` = 70  [ RunTime:0.0003s ]
NOTIC: [8] Undefined variable: img D:\xampp\htdocs\jianghu\Application\Home\Model\IntroduceImagesModel.class.php 第 21 行.
SQL: SELECT `username` FROM `jianghu_user` WHERE `id` = 1 LIMIT 1   [ RunTime:0.0003s ]
NOTIC: [8] Undefined index: allpraise D:\xampp\htdocs\jianghu\Application\Home\Controller\IntroduceController.class.php 第 132 行.
NOTIC: [8] Undefined index: alloppose D:\xampp\htdocs\jianghu\Application\Home\Controller\IntroduceController.class.php 第 133 行.
SQL: SELECT `imageurl` FROM `jianghu_introduce_images` WHERE `introduce_id` = 73  [ RunTime:0.0003s ]
NOTIC: [8] Undefined variable: img D:\xampp\htdocs\jianghu\Application\Home\Model\IntroduceImagesModel.class.php 第 21 行.
SQL: SELECT * FROM `jianghu_introduce` WHERE `id` = 70 LIMIT 1   [ RunTime:0.0003s ]
SQL: SELECT `imageurl` FROM `jianghu_introduce_images` WHERE `introduce_id` = 70  [ RunTime:0.0002s ]
NOTIC: [8] Undefined variable: img D:\xampp\htdocs\jianghu\Application\Home\Model\IntroduceImagesModel.class.php 第 21 行.
SQL: SELECT `username` FROM `jianghu_user` WHERE `id` = 1 LIMIT 1   [ RunTime:0.0002s ]
NOTIC: [8] Undefined index: allpraise D:\xampp\htdocs\jianghu\Application\Home\Controller\IntroduceController.class.php 第 132 行.
NOTIC: [8] Undefined index: alloppose D:\xampp\htdocs\jianghu\Application\Home\Controller\IntroduceController.class.php 第 133 行.
SQL: SELECT `imageurl` FROM `jianghu_introduce_images` WHERE `introduce_id` = 66  [ RunTime:0.0003s ]
NOTIC: [8] Undefined variable: img D:\xampp\htdocs\jianghu\Application\Home\Model\IntroduceImagesModel.class.php 第 21 行.
SQL: SELECT * FROM `jianghu_introduce` WHERE `id` = 64 LIMIT 1   [ RunTime:0.0003s ]
SQL: SELECT `imageurl` FROM `jianghu_introduce_images` WHERE `introduce_id` = 64  [ RunTime:0.0002s ]
NOTIC: [8] Undefined variable: img D:\xampp\htdocs\jianghu\Application\Home\Model\IntroduceImagesModel.class.php 第 21 行.
SQL: SELECT `username` FROM `jianghu_user` WHERE `id` = 1 LIMIT 1   [ RunTime:0.0002s ]
NOTIC: [8] Undefined index: allpraise D:\xampp\htdocs\jianghu\Application\Home\Controller\IntroduceController.class.php 第 132 行.
NOTIC: [8] Undefined index: alloppose D:\xampp\htdocs\jianghu\Application\Home\Controller\IntroduceController.class.php 第 133 行.
SQL: SELECT `imageurl` FROM `jianghu_introduce_images` WHERE `introduce_id` = 65  [ RunTime:0.0003s ]
NOTIC: [8] Undefined variable: img D:\xampp\htdocs\jianghu\Application\Home\Model\IntroduceImagesModel.class.php 第 21 行.
SQL: SELECT * FROM `jianghu_introduce` WHERE `id` = 64 LIMIT 1   [ RunTime:0.0004s ]
SQL: SELECT `imageurl` FROM `jianghu_introduce_images` WHERE `introduce_id` = 64  [ RunTime:0.0003s ]
NOTIC: [8] Undefined variable: img D:\xampp\htdocs\jianghu\Application\Home\Model\IntroduceImagesModel.class.php 第 21 行.
SQL: SELECT `username` FROM `jianghu_user` WHERE `id` = 1 LIMIT 1   [ RunTime:0.0003s ]
NOTIC: [8] Undefined index: allpraise D:\xampp\htdocs\jianghu\Application\Home\Controller\IntroduceController.class.php 第 132 行.
NOTIC: [8] Undefined index: alloppose D:\xampp\htdocs\jianghu\Application\Home\Controller\IntroduceController.class.php 第 133 行.
SQL: SELECT `imageurl` FROM `jianghu_introduce_images` WHERE `introduce_id` = 64  [ RunTime:0.0003s ]
NOTIC: [8] Undefined variable: img D:\xampp\htdocs\jianghu\Application\Home\Model\IntroduceImagesModel.class.php 第 21 行.
SQL: SELECT `username` FROM `jianghu_user` WHERE `id` = 1 LIMIT 1   [ RunTime:0.0004s ]
NOTIC: [8] Undefined index: allpraise D:\xampp\htdocs\jianghu\Application\Home\Controller\IntroduceController.class.php 第 132 行.
NOTIC: [8] Undefined index: alloppose D:\xampp\htdocs\jianghu\Application\Home\Controller\IntroduceController.class.php 第 133 行.
SQL: SELECT `imageurl` FROM `jianghu_introduce_images` WHERE `introduce_id` = 63  [ RunTime:0.0003s ]
NOTIC: [8] Undefined variable: img D:\xampp\htdocs\jianghu\Application\Home\Model\IntroduceImagesModel.class.php 第 21 行.
SQL: SELECT `username` FROM `jianghu_user` WHERE `id` = 7 LIMIT 1   [ RunTime:0.0003s ]
NOTIC: [8] Undefined index: allpraise D:\xampp\htdocs\jianghu\Application\Home\Controller\IntroduceController.class.php 第 132 行.
NOTIC: [8] Undefined index: alloppose D:\xampp\htdocs\jianghu\Application\Home\Controller\IntroduceController.class.php 第 133 行.
SQL: SELECT `imageurl` FROM `jianghu_introduce_images` WHERE `introduce_id` = 35  [ RunTime:0.0003s ]
NOTIC: [8] Undefined variable: img D:\xampp\htdocs\jianghu\Application\Home\Model\IntroduceImagesModel.class.php 第 21 行.
SQL: SELECT * FROM `jianghu_introduce` WHERE `id` = 26 LIMIT 1   [ RunTime:0.0003s ]
SQL: SELECT `imageurl` FROM `jianghu_introduce_images` WHERE `introduce_id` = 26  [ RunTime:0.0004s ]
NOTIC: [8] Undefined variable: img D:\xampp\htdocs\jianghu\Application\Home\Model\IntroduceImagesModel.class.php 第 21 行.
SQL: SELECT `username` FROM `jianghu_user` WHERE `id` = 3 LIMIT 1   [ RunTime:0.0003s ]
NOTIC: [8] Undefined index: allpraise D:\xampp\htdocs\jianghu\Application\Home\Controller\IntroduceController.class.php 第 132 行.
NOTIC: [8] Undefined index: alloppose D:\xampp\htdocs\jianghu\Application\Home\Controller\IntroduceController.class.php 第 133 行.
SQL: SELECT `imageurl` FROM `jianghu_introduce_images` WHERE `introduce_id` = 34  [ RunTime:0.0003s ]
NOTIC: [8] Undefined variable: img D:\xampp\htdocs\jianghu\Application\Home\Model\IntroduceImagesModel.class.php 第 21 行.
SQL: SELECT * FROM `jianghu_introduce` WHERE `id` = 26 LIMIT 1   [ RunTime:0.0003s ]
SQL: SELECT `imageurl` FROM `jianghu_introduce_images` WHERE `introduce_id` = 26  [ RunTime:0.0003s ]
NOTIC: [8] Undefined variable: img D:\xampp\htdocs\jianghu\Application\Home\Model\IntroduceImagesModel.class.php 第 21 行.
SQL: SELECT `username` FROM `jianghu_user` WHERE `id` = 2 LIMIT 1   [ RunTime:0.0003s ]
NOTIC: [8] Undefined index: allpraise D:\xampp\htdocs\jianghu\Application\Home\Controller\IntroduceController.class.php 第 132 行.
NOTIC: [8] Undefined index: alloppose D:\xampp\htdocs\jianghu\Application\Home\Controller\IntroduceController.class.php 第 133 行.
SQL: SELECT `imageurl` FROM `jianghu_introduce_images` WHERE `introduce_id` = 33  [ RunTime:0.0003s ]
NOTIC: [8] Undefined variable: img D:\xampp\htdocs\jianghu\Application\Home\Model\IntroduceImagesModel.class.php 第 21 行.
SQL: SELECT * FROM `jianghu_introduce` WHERE `id` = 26 LIMIT 1   [ RunTime:0.0004s ]
SQL: SELECT `imageurl` FROM `jianghu_introduce_images` WHERE `introduce_id` = 26  [ RunTime:0.0003s ]
NOTIC: [8] Undefined variable: img D:\xampp\htdocs\jianghu\Application\Home\Model\IntroduceImagesModel.class.php 第 21 行.
SQL: SELECT `username` FROM `jianghu_user` WHERE `id` = 2 LIMIT 1   [ RunTime:0.0003s ]
NOTIC: [8] Undefined index: allpraise D:\xampp\htdocs\jianghu\Application\Home\Controller\IntroduceController.class.php 第 132 行.
NOTIC: [8] Undefined index: alloppose D:\xampp\htdocs\jianghu\Application\Home\Controller\IntroduceController.class.php 第 133 行.
SQL: SELECT `imageurl` FROM `jianghu_introduce_images` WHERE `introduce_id` = 27  [ RunTime:0.0003s ]
NOTIC: [8] Undefined variable: img D:\xampp\htdocs\jianghu\Application\Home\Model\IntroduceImagesModel.class.php 第 21 行.
SQL: SELECT * FROM `jianghu_introduce` WHERE `id` = 26 LIMIT 1   [ RunTime:0.0003s ]
SQL: SELECT `imageurl` FROM `jianghu_introduce_images` WHERE `introduce_id` = 26  [ RunTime:0.0003s ]
NOTIC: [8] Undefined variable: img D:\xampp\htdocs\jianghu\Application\Home\Model\IntroduceImagesModel.class.php 第 21 行.
SQL: SELECT `username` FROM `jianghu_user` WHERE `id` = 1 LIMIT 1   [ RunTime:0.0003s ]
NOTIC: [8] Undefined index: allpraise D:\xampp\htdocs\jianghu\Application\Home\Controller\IntroduceController.class.php 第 132 行.
NOTIC: [8] Undefined index: alloppose D:\xampp\htdocs\jianghu\Application\Home\Controller\IntroduceController.class.php 第 133 行.
SQL: SELECT `imageurl` FROM `jianghu_introduce_images` WHERE `introduce_id` = 26  [ RunTime:0.0003s ]
NOTIC: [8] Undefined variable: img D:\xampp\htdocs\jianghu\Application\Home\Model\IntroduceImagesModel.class.php 第 21 行.
SQL: SELECT `username` FROM `jianghu_user` WHERE `id` = 1 LIMIT 1   [ RunTime:0.0002s ]
NOTIC: [8] Undefined index: allpraise D:\xampp\htdocs\jianghu\Application\Home\Controller\IntroduceController.class.php 第 132 行.
NOTIC: [8] Undefined index: alloppose D:\xampp\htdocs\jianghu\Application\Home\Controller\IntroduceController.class.php 第 133 行.
SQL: SELECT `imageurl` FROM `jianghu_introduce_images` WHERE `introduce_id` = 25  [ RunTime:0.0002s ]
NOTIC: [8] Undefined variable: img D:\xampp\htdocs\jianghu\Application\Home\Model\IntroduceImagesModel.class.php 第 21 行.
SQL: SELECT `username` FROM `jianghu_user` WHERE `id` = 1 LIMIT 1   [ RunTime:0.0003s ]
NOTIC: [8] Undefined index: allpraise D:\xampp\htdocs\jianghu\Application\Home\Controller\IntroduceController.class.php 第 132 行.
NOTIC: [8] Undefined index: alloppose D:\xampp\htdocs\jianghu\Application\Home\Controller\IntroduceController.class.php 第 133 行.
SQL: SELECT `imageurl` FROM `jianghu_introduce_images` WHERE `introduce_id` = 24  [ RunTime:0.0003s ]
NOTIC: [8] Undefined variable: img D:\xampp\htdocs\jianghu\Application\Home\Model\IntroduceImagesModel.class.php 第 21 行.
SQL: SELECT `username` FROM `jianghu_user` WHERE `id` = 3 LIMIT 1   [ RunTime:0.0002s ]
NOTIC: [8] Undefined index: allpraise D:\xampp\htdocs\jianghu\Application\Home\Controller\IntroduceController.class.php 第 132 行.
NOTIC: [8] Undefined index: alloppose D:\xampp\htdocs\jianghu\Application\Home\Controller\IntroduceController.class.php 第 133 行.
SQL: SELECT `imageurl` FROM `jianghu_introduce_images` WHERE `introduce_id` = 22  [ RunTime:0.0003s ]
SQL: SELECT `username` FROM `jianghu_user` WHERE `id` = 1 LIMIT 1   [ RunTime:0.0002s ]
NOTIC: [8] Undefined index: allpraise D:\xampp\htdocs\jianghu\Application\Home\Controller\IntroduceController.class.php 第 132 行.
NOTIC: [8] Undefined index: alloppose D:\xampp\htdocs\jianghu\Application\Home\Controller\IntroduceController.class.php 第 133 行.
SQL: SELECT `imageurl` FROM `jianghu_introduce_images` WHERE `introduce_id` = 21  [ RunTime:0.0003s ]
NOTIC: [8] Undefined variable: img D:\xampp\htdocs\jianghu\Application\Home\Model\IntroduceImagesModel.class.php 第 21 行.
SQL: SELECT * FROM `jianghu_introduce` WHERE `id` = 8 LIMIT 1   [ RunTime:0.0003s ]
SQL: SELECT `imageurl` FROM `jianghu_introduce_images` WHERE `introduce_id` = 8  [ RunTime:0.0003s ]
SQL: SELECT `username` FROM `jianghu_user` WHERE `id` = 3 LIMIT 1   [ RunTime:0.0003s ]
NOTIC: [8] Undefined index: allpraise D:\xampp\htdocs\jianghu\Application\Home\Controller\IntroduceController.class.php 第 132 行.
NOTIC: [8] Undefined index: alloppose D:\xampp\htdocs\jianghu\Application\Home\Controller\IntroduceController.class.php 第 133 行.
SQL: SELECT `imageurl` FROM `jianghu_introduce_images` WHERE `introduce_id` = 19  [ RunTime:0.0003s ]
SQL: SELECT `username` FROM `jianghu_user` WHERE `id` = 1 LIMIT 1   [ RunTime:0.0004s ]
NOTIC: [8] Undefined index: allpraise D:\xampp\htdocs\jianghu\Application\Home\Controller\IntroduceController.class.php 第 132 行.
NOTIC: [8] Undefined index: alloppose D:\xampp\htdocs\jianghu\Application\Home\Controller\IntroduceController.class.php 第 133 行.
SQL: SELECT `imageurl` FROM `jianghu_introduce_images` WHERE `introduce_id` = 18  [ RunTime:0.0005s ]
NOTIC: [8] Undefined variable: img D:\xampp\htdocs\jianghu\Application\Home\Model\IntroduceImagesModel.class.php 第 21 行.
SQL: SELECT * FROM `jianghu_introduce` WHERE `id` = 8 LIMIT 1   [ RunTime:0.0003s ]
SQL: SELECT `imageurl` FROM `jianghu_introduce_images` WHERE `introduce_id` = 8  [ RunTime:0.0003s ]
SQL: SELECT `username` FROM `jianghu_user` WHERE `id` = 1 LIMIT 1   [ RunTime:0.0003s ]
NOTIC: [8] Undefined index: allpraise D:\xampp\htdocs\jianghu\Application\Home\Controller\IntroduceController.class.php 第 132 行.
NOTIC: [8] Undefined index: alloppose D:\xampp\htdocs\jianghu\Application\Home\Controller\IntroduceController.class.php 第 133 行.
SQL: SELECT `imageurl` FROM `jianghu_introduce_images` WHERE `introduce_id` = 17  [ RunTime:0.0003s ]
NOTIC: [8] Undefined variable: img D:\xampp\htdocs\jianghu\Application\Home\Model\IntroduceImagesModel.class.php 第 21 行.
SQL: SELECT * FROM `jianghu_introduce` WHERE `id` = 8 LIMIT 1   [ RunTime:0.0003s ]
SQL: SELECT `imageurl` FROM `jianghu_introduce_images` WHERE `introduce_id` = 8  [ RunTime:0.0003s ]
SQL: SELECT `username` FROM `jianghu_user` WHERE `id` = 1 LIMIT 1   [ RunTime:0.0003s ]
NOTIC: [8] Undefined index: allpraise D:\xampp\htdocs\jianghu\Application\Home\Controller\IntroduceController.class.php 第 132 行.
NOTIC: [8] Undefined index: alloppose D:\xampp\htdocs\jianghu\Application\Home\Controller\IntroduceController.class.php 第 133 行.
SQL: SELECT `imageurl` FROM `jianghu_introduce_images` WHERE `introduce_id` = 16  [ RunTime:0.0003s ]
NOTIC: [8] Undefined variable: img D:\xampp\htdocs\jianghu\Application\Home\Model\IntroduceImagesModel.class.php 第 21 行.
SQL: SELECT * FROM `jianghu_introduce` WHERE `id` = 8 LIMIT 1   [ RunTime:0.0003s ]
SQL: SELECT `imageurl` FROM `jianghu_introduce_images` WHERE `introduce_id` = 8  [ RunTime:0.0003s ]
SQL: SELECT `username` FROM `jianghu_user` WHERE `id` = 1 LIMIT 1   [ RunTime:0.0003s ]
NOTIC: [8] Undefined index: allpraise D:\xampp\htdocs\jianghu\Application\Home\Controller\IntroduceController.class.php 第 132 行.
NOTIC: [8] Undefined index: alloppose D:\xampp\htdocs\jianghu\Application\Home\Controller\IntroduceController.class.php 第 133 行.
SQL: SELECT `imageurl` FROM `jianghu_introduce_images` WHERE `introduce_id` = 15  [ RunTime:0.0003s ]
NOTIC: [8] Undefined variable: img D:\xampp\htdocs\jianghu\Application\Home\Model\IntroduceImagesModel.class.php 第 21 行.
SQL: SELECT * FROM `jianghu_introduce` WHERE `id` = 9 LIMIT 1   [ RunTime:0.0005s ]
SQL: SELECT `imageurl` FROM `jianghu_introduce_images` WHERE `introduce_id` = 9  [ RunTime:0.0004s ]
SQL: SELECT `username` FROM `jianghu_user` WHERE `id` = 1 LIMIT 1   [ RunTime:0.0003s ]
NOTIC: [8] Undefined index: allpraise D:\xampp\htdocs\jianghu\Application\Home\Controller\IntroduceController.class.php 第 132 行.
NOTIC: [8] Undefined index: alloppose D:\xampp\htdocs\jianghu\Application\Home\Controller\IntroduceController.class.php 第 133 行.
SQL: SELECT `imageurl` FROM `jianghu_introduce_images` WHERE `introduce_id` = 14  [ RunTime:0.0003s ]
NOTIC: [8] Undefined variable: img D:\xampp\htdocs\jianghu\Application\Home\Model\IntroduceImagesModel.class.php 第 21 行.
SQL: SELECT * FROM `jianghu_introduce` WHERE `id` = 9 LIMIT 1   [ RunTime:0.0004s ]
SQL: SELECT `imageurl` FROM `jianghu_introduce_images` WHERE `introduce_id` = 9  [ RunTime:0.0012s ]
SQL: SELECT `username` FROM `jianghu_user` WHERE `id` = 2 LIMIT 1   [ RunTime:0.0004s ]
NOTIC: [8] Undefined index: allpraise D:\xampp\htdocs\jianghu\Application\Home\Controller\IntroduceController.class.php 第 132 行.
NOTIC: [8] Undefined index: alloppose D:\xampp\htdocs\jianghu\Application\Home\Controller\IntroduceController.class.php 第 133 行.
SQL: SELECT `imageurl` FROM `jianghu_introduce_images` WHERE `introduce_id` = 13  [ RunTime:0.0003s ]
NOTIC: [8] Undefined variable: img D:\xampp\htdocs\jianghu\Application\Home\Model\IntroduceImagesModel.class.php 第 21 行.
SQL: SELECT * FROM `jianghu_introduce` WHERE `id` = 8 LIMIT 1   [ RunTime:0.0004s ]
SQL: SELECT `imageurl` FROM `jianghu_introduce_images` WHERE `introduce_id` = 8  [ RunTime:0.0003s ]
SQL: SELECT `username` FROM `jianghu_user` WHERE `id` = 1 LIMIT 1   [ RunTime:0.0002s ]
NOTIC: [8] Undefined index: allpraise D:\xampp\htdocs\jianghu\Application\Home\Controller\IntroduceController.class.php 第 132 行.
NOTIC: [8] Undefined index: alloppose D:\xampp\htdocs\jianghu\Application\Home\Controller\IntroduceController.class.php 第 133 行.
SQL: SELECT `imageurl` FROM `jianghu_introduce_images` WHERE `introduce_id` = 12  [ RunTime:0.0003s ]
NOTIC: [8] Undefined variable: img D:\xampp\htdocs\jianghu\Application\Home\Model\IntroduceImagesModel.class.php 第 21 行.
SQL: SELECT * FROM `jianghu_introduce` WHERE `id` = 8 LIMIT 1   [ RunTime:0.0004s ]
SQL: SELECT `imageurl` FROM `jianghu_introduce_images` WHERE `introduce_id` = 8  [ RunTime:0.0003s ]
SQL: SELECT `username` FROM `jianghu_user` WHERE `id` = 2 LIMIT 1   [ RunTime:0.0003s ]
NOTIC: [8] Undefined index: allpraise D:\xampp\htdocs\jianghu\Application\Home\Controller\IntroduceController.class.php 第 132 行.
NOTIC: [8] Undefined index: alloppose D:\xampp\htdocs\jianghu\Application\Home\Controller\IntroduceController.class.php 第 133 行.
SQL: SELECT `imageurl` FROM `jianghu_introduce_images` WHERE `introduce_id` = 11  [ RunTime:0.0003s ]
SQL: SELECT `username` FROM `jianghu_user` WHERE `id` = 5 LIMIT 1   [ RunTime:0.0003s ]
NOTIC: [8] Undefined index: allpraise D:\xampp\htdocs\jianghu\Application\Home\Controller\IntroduceController.class.php 第 132 行.
NOTIC: [8] Undefined index: alloppose D:\xampp\htdocs\jianghu\Application\Home\Controller\IntroduceController.class.php 第 133 行.
SQL: SELECT `imageurl` FROM `jianghu_introduce_images` WHERE `introduce_id` = 10  [ RunTime:0.0003s ]
SQL: SELECT `username` FROM `jianghu_user` WHERE `id` = 3 LIMIT 1   [ RunTime:0.0002s ]
NOTIC: [8] Undefined index: allpraise D:\xampp\htdocs\jianghu\Application\Home\Controller\IntroduceController.class.php 第 132 行.
NOTIC: [8] Undefined index: alloppose D:\xampp\htdocs\jianghu\Application\Home\Controller\IntroduceController.class.php 第 133 行.
SQL: SELECT `imageurl` FROM `jianghu_introduce_images` WHERE `introduce_id` = 9  [ RunTime:0.0003s ]
SQL: SELECT `username` FROM `jianghu_user` WHERE `id` = 4 LIMIT 1   [ RunTime:0.0002s ]
NOTIC: [8] Undefined index: allpraise D:\xampp\htdocs\jianghu\Application\Home\Controller\IntroduceController.class.php 第 132 行.
NOTIC: [8] Undefined index: alloppose D:\xampp\htdocs\jianghu\Application\Home\Controller\IntroduceController.class.php 第 133 行.
SQL: SELECT `imageurl` FROM `jianghu_introduce_images` WHERE `introduce_id` = 8  [ RunTime:0.0003s ]
SQL: SELECT `username` FROM `jianghu_user` WHERE `id` = 1 LIMIT 1   [ RunTime:0.0003s ]
NOTIC: [8] Undefined index: allpraise D:\xampp\htdocs\jianghu\Application\Home\Controller\IntroduceController.class.php 第 132 行.
NOTIC: [8] Undefined index: alloppose D:\xampp\htdocs\jianghu\Application\Home\Controller\IntroduceController.class.php 第 133 行.
SQL: SELECT `imageurl` FROM `jianghu_introduce_images` WHERE `introduce_id` = 7  [ RunTime:0.0003s ]

[ 2016-11-01T20:21:56+08:00 ] ::1 /jianghu/index.php/home/introduce/showFriendIntro
INFO: [ app_init ] --START--
INFO: Run Behavior\BuildLiteBehavior [ RunTime:0.000012s ]
INFO: [ app_init ] --END-- [ RunTime:0.000521s ]
INFO: [ app_begin ] --START--
INFO: Run Behavior\ReadHtmlCacheBehavior [ RunTime:0.000821s ]
INFO: [ app_begin ] --END-- [ RunTime:0.000885s ]
SQL: SHOW COLUMNS FROM `jianghu_token` [ RunTime:0.0038s ]
SQL: SHOW COLUMNS FROM `jianghu_user` [ RunTime:0.0037s ]
SQL: SHOW COLUMNS FROM `jianghu_login_count` [ RunTime:0.0035s ]
SQL: SHOW COLUMNS FROM `jianghu_daily_num` [ RunTime:0.0033s ]
SQL: SELECT * FROM `jianghu_token` WHERE `token` = '2ea7c6999b86afb0f34bc274e78377fe' AND `state` = 0 LIMIT 1   [ RunTime:0.0004s ]
SQL: SELECT `isban` FROM `jianghu_user` WHERE `id` = 1 LIMIT 1   [ RunTime:0.0003s ]
SQL: SELECT * FROM `jianghu_login_count` WHERE `user_id` = 1 AND `date` = '2016-11-01' LIMIT 1   [ RunTime:0.0003s ]
SQL: SELECT * FROM `jianghu_daily_num` WHERE `date` = '2016-11-01' LIMIT 1   [ RunTime:0.0003s ]
SQL: SHOW COLUMNS FROM `jianghu_friend` [ RunTime:0.0044s ]
SQL: SHOW COLUMNS FROM `jianghu_introduce` [ RunTime:0.0036s ]
SQL: SHOW COLUMNS FROM `jianghu_introduce_images` [ RunTime:0.0041s ]
SQL: SELECT `friend_id` FROM `jianghu_friend` WHERE `user_id` = 1  [ RunTime:0.0004s ]
SQL: SELECT * FROM `jianghu_introduce` ORDER BY time desc  [ RunTime:0.0013s ]
SQL: SELECT `username` FROM `jianghu_user` WHERE `id` = 3 LIMIT 1   [ RunTime:0.0003s ]
NOTIC: [8] Undefined index: allpraise D:\xampp\htdocs\jianghu\Application\Home\Controller\IntroduceController.class.php 第 133 行.
NOTIC: [8] Undefined index: alloppose D:\xampp\htdocs\jianghu\Application\Home\Controller\IntroduceController.class.php 第 134 行.
SQL: SELECT `imageurl` FROM `jianghu_introduce_images` WHERE `introduce_id` = 96  [ RunTime:0.0004s ]
NOTIC: [8] Undefined variable: img D:\xampp\htdocs\jianghu\Application\Home\Model\IntroduceImagesModel.class.php 第 21 行.
SQL: SELECT * FROM `jianghu_introduce` WHERE `id` = 90 LIMIT 1   [ RunTime:0.0007s ]
SQL: SELECT `imageurl` FROM `jianghu_introduce_images` WHERE `introduce_id` = 90  [ RunTime:0.0003s ]
NOTIC: [8] Undefined variable: img D:\xampp\htdocs\jianghu\Application\Home\Model\IntroduceImagesModel.class.php 第 21 行.
SQL: SELECT `username` FROM `jianghu_user` WHERE `id` = 2 LIMIT 1   [ RunTime:0.0003s ]
NOTIC: [8] Undefined index: allpraise D:\xampp\htdocs\jianghu\Application\Home\Controller\IntroduceController.class.php 第 133 行.
NOTIC: [8] Undefined index: alloppose D:\xampp\htdocs\jianghu\Application\Home\Controller\IntroduceController.class.php 第 134 行.
SQL: SELECT `imageurl` FROM `jianghu_introduce_images` WHERE `introduce_id` = 91  [ RunTime:0.0003s ]
NOTIC: [8] Undefined variable: img D:\xampp\htdocs\jianghu\Application\Home\Model\IntroduceImagesModel.class.php 第 21 行.
SQL: SELECT * FROM `jianghu_introduce` WHERE `id` = 90 LIMIT 1   [ RunTime:0.0003s ]
SQL: SELECT `imageurl` FROM `jianghu_introduce_images` WHERE `introduce_id` = 90  [ RunTime:0.0003s ]
NOTIC: [8] Undefined variable: img D:\xampp\htdocs\jianghu\Application\Home\Model\IntroduceImagesModel.class.php 第 21 行.
SQL: SELECT `username` FROM `jianghu_user` WHERE `id` = 1 LIMIT 1   [ RunTime:0.0003s ]
NOTIC: [8] Undefined index: allpraise D:\xampp\htdocs\jianghu\Application\Home\Controller\IntroduceController.class.php 第 133 行.
NOTIC: [8] Undefined index: alloppose D:\xampp\htdocs\jianghu\Application\Home\Controller\IntroduceController.class.php 第 134 行.
SQL: SELECT `imageurl` FROM `jianghu_introduce_images` WHERE `introduce_id` = 90  [ RunTime:0.0003s ]
NOTIC: [8] Undefined variable: img D:\xampp\htdocs\jianghu\Application\Home\Model\IntroduceImagesModel.class.php 第 21 行.
SQL: SELECT `username` FROM `jianghu_user` WHERE `id` = 3 LIMIT 1   [ RunTime:0.0003s ]
NOTIC: [8] Undefined index: allpraise D:\xampp\htdocs\jianghu\Application\Home\Controller\IntroduceController.class.php 第 133 行.
NOTIC: [8] Undefined index: alloppose D:\xampp\htdocs\jianghu\Application\Home\Controller\IntroduceController.class.php 第 134 行.
SQL: SELECT `imageurl` FROM `jianghu_introduce_images` WHERE `introduce_id` = 87  [ RunTime:0.0003s ]
NOTIC: [8] Undefined variable: img D:\xampp\htdocs\jianghu\Application\Home\Model\IntroduceImagesModel.class.php 第 21 行.
SQL: SELECT * FROM `jianghu_introduce` WHERE `id` = 77 LIMIT 1   [ RunTime:0.0003s ]
SQL: SELECT `imageurl` FROM `jianghu_introduce_images` WHERE `introduce_id` = 77  [ RunTime:0.0003s ]
NOTIC: [8] Undefined variable: img D:\xampp\htdocs\jianghu\Application\Home\Model\IntroduceImagesModel.class.php 第 21 行.
SQL: SELECT `username` FROM `jianghu_user` WHERE `id` = 3 LIMIT 1   [ RunTime:0.0003s ]
NOTIC: [8] Undefined index: allpraise D:\xampp\htdocs\jianghu\Application\Home\Controller\IntroduceController.class.php 第 133 行.
NOTIC: [8] Undefined index: alloppose D:\xampp\htdocs\jianghu\Application\Home\Controller\IntroduceController.class.php 第 134 行.
SQL: SELECT `imageurl` FROM `jianghu_introduce_images` WHERE `introduce_id` = 86  [ RunTime:0.0003s ]
NOTIC: [8] Undefined variable: img D:\xampp\htdocs\jianghu\Application\Home\Model\IntroduceImagesModel.class.php 第 21 行.
SQL: SELECT * FROM `jianghu_introduce` WHERE `id` = 77 LIMIT 1   [ RunTime:0.0003s ]
SQL: SELECT `imageurl` FROM `jianghu_introduce_images` WHERE `introduce_id` = 77  [ RunTime:0.0003s ]
NOTIC: [8] Undefined variable: img D:\xampp\htdocs\jianghu\Application\Home\Model\IntroduceImagesModel.class.php 第 21 行.
SQL: SELECT `username` FROM `jianghu_user` WHERE `id` = 2 LIMIT 1   [ RunTime:0.0003s ]
NOTIC: [8] Undefined index: allpraise D:\xampp\htdocs\jianghu\Application\Home\Controller\IntroduceController.class.php 第 133 行.
NOTIC: [8] Undefined index: alloppose D:\xampp\htdocs\jianghu\Application\Home\Controller\IntroduceController.class.php 第 134 行.
SQL: SELECT `imageurl` FROM `jianghu_introduce_images` WHERE `introduce_id` = 85  [ RunTime:0.0003s ]
NOTIC: [8] Undefined variable: img D:\xampp\htdocs\jianghu\Application\Home\Model\IntroduceImagesModel.class.php 第 21 行.
SQL: SELECT * FROM `jianghu_introduce` WHERE `id` = 77 LIMIT 1   [ RunTime:0.0003s ]
SQL: SELECT `imageurl` FROM `jianghu_introduce_images` WHERE `introduce_id` = 77  [ RunTime:0.0003s ]
NOTIC: [8] Undefined variable: img D:\xampp\htdocs\jianghu\Application\Home\Model\IntroduceImagesModel.class.php 第 21 行.
SQL: SELECT `username` FROM `jianghu_user` WHERE `id` = 2 LIMIT 1   [ RunTime:0.0003s ]
NOTIC: [8] Undefined index: allpraise D:\xampp\htdocs\jianghu\Application\Home\Controller\IntroduceController.class.php 第 133 行.
NOTIC: [8] Undefined index: alloppose D:\xampp\htdocs\jianghu\Application\Home\Controller\IntroduceController.class.php 第 134 行.
SQL: SELECT `imageurl` FROM `jianghu_introduce_images` WHERE `introduce_id` = 84  [ RunTime:0.0003s ]
NOTIC: [8] Undefined variable: img D:\xampp\htdocs\jianghu\Application\Home\Model\IntroduceImagesModel.class.php 第 21 行.
SQL: SELECT * FROM `jianghu_introduce` WHERE `id` = 77 LIMIT 1   [ RunTime:0.0003s ]
SQL: SELECT `imageurl` FROM `jianghu_introduce_images` WHERE `introduce_id` = 77  [ RunTime:0.0003s ]
NOTIC: [8] Undefined variable: img D:\xampp\htdocs\jianghu\Application\Home\Model\IntroduceImagesModel.class.php 第 21 行.
SQL: SELECT `username` FROM `jianghu_user` WHERE `id` = 2 LIMIT 1   [ RunTime:0.0003s ]
NOTIC: [8] Undefined index: allpraise D:\xampp\htdocs\jianghu\Application\Home\Controller\IntroduceController.class.php 第 133 行.
NOTIC: [8] Undefined index: alloppose D:\xampp\htdocs\jianghu\Application\Home\Controller\IntroduceController.class.php 第 134 行.
SQL: SELECT `imageurl` FROM `jianghu_introduce_images` WHERE `introduce_id` = 78  [ RunTime:0.0003s ]
NOTIC: [8] Undefined variable: img D:\xampp\htdocs\jianghu\Application\Home\Model\IntroduceImagesModel.class.php 第 21 行.
SQL: SELECT * FROM `jianghu_introduce` WHERE `id` = 77 LIMIT 1   [ RunTime:0.0003s ]
SQL: SELECT `imageurl` FROM `jianghu_introduce_images` WHERE `introduce_id` = 77  [ RunTime:0.0003s ]
NOTIC: [8] Undefined variable: img D:\xampp\htdocs\jianghu\Application\Home\Model\IntroduceImagesModel.class.php 第 21 行.
SQL: SELECT `username` FROM `jianghu_user` WHERE `id` = 1 LIMIT 1   [ RunTime:0.0003s ]
NOTIC: [8] Undefined index: allpraise D:\xampp\htdocs\jianghu\Application\Home\Controller\IntroduceController.class.php 第 133 行.
NOTIC: [8] Undefined index: alloppose D:\xampp\htdocs\jianghu\Application\Home\Controller\IntroduceController.class.php 第 134 行.
SQL: SELECT `imageurl` FROM `jianghu_introduce_images` WHERE `introduce_id` = 77  [ RunTime:0.0003s ]
NOTIC: [8] Undefined variable: img D:\xampp\htdocs\jianghu\Application\Home\Model\IntroduceImagesModel.class.php 第 21 行.
SQL: SELECT `username` FROM `jianghu_user` WHERE `id` = 4 LIMIT 1   [ RunTime:0.0003s ]
NOTIC: [8] Undefined index: allpraise D:\xampp\htdocs\jianghu\Application\Home\Controller\IntroduceController.class.php 第 133 行.
NOTIC: [8] Undefined index: alloppose D:\xampp\htdocs\jianghu\Application\Home\Controller\IntroduceController.class.php 第 134 行.
SQL: SELECT `imageurl` FROM `jianghu_introduce_images` WHERE `introduce_id` = 74  [ RunTime:0.0003s ]
NOTIC: [8] Undefined variable: img D:\xampp\htdocs\jianghu\Application\Home\Model\IntroduceImagesModel.class.php 第 21 行.
SQL: SELECT * FROM `jianghu_introduce` WHERE `id` = 70 LIMIT 1   [ RunTime:0.0003s ]
SQL: SELECT `imageurl` FROM `jianghu_introduce_images` WHERE `introduce_id` = 70  [ RunTime:0.0003s ]
NOTIC: [8] Undefined variable: img D:\xampp\htdocs\jianghu\Application\Home\Model\IntroduceImagesModel.class.php 第 21 行.
SQL: SELECT `username` FROM `jianghu_user` WHERE `id` = 1 LIMIT 1   [ RunTime:0.0004s ]
NOTIC: [8] Undefined index: allpraise D:\xampp\htdocs\jianghu\Application\Home\Controller\IntroduceController.class.php 第 133 行.
NOTIC: [8] Undefined index: alloppose D:\xampp\htdocs\jianghu\Application\Home\Controller\IntroduceController.class.php 第 134 行.
SQL: SELECT `imageurl` FROM `jianghu_introduce_images` WHERE `introduce_id` = 73  [ RunTime:0.0004s ]
NOTIC: [8] Undefined variable: img D:\xampp\htdocs\jianghu\Application\Home\Model\IntroduceImagesModel.class.php 第 21 行.
SQL: SELECT * FROM `jianghu_introduce` WHERE `id` = 70 LIMIT 1   [ RunTime:0.0003s ]
SQL: SELECT `imageurl` FROM `jianghu_introduce_images` WHERE `introduce_id` = 70  [ RunTime:0.0003s ]
NOTIC: [8] Undefined variable: img D:\xampp\htdocs\jianghu\Application\Home\Model\IntroduceImagesModel.class.php 第 21 行.
SQL: SELECT `username` FROM `jianghu_user` WHERE `id` = 1 LIMIT 1   [ RunTime:0.0003s ]
NOTIC: [8] Undefined index: allpraise D:\xampp\htdocs\jianghu\Application\Home\Controller\IntroduceController.class.php 第 133 行.
NOTIC: [8] Undefined index: alloppose D:\xampp\htdocs\jianghu\Application\Home\Controller\IntroduceController.class.php 第 134 行.
SQL: SELECT `imageurl` FROM `jianghu_introduce_images` WHERE `introduce_id` = 66  [ RunTime:0.0003s ]
NOTIC: [8] Undefined variable: img D:\xampp\htdocs\jianghu\Application\Home\Model\IntroduceImagesModel.class.php 第 21 行.
SQL: SELECT * FROM `jianghu_introduce` WHERE `id` = 64 LIMIT 1   [ RunTime:0.0004s ]
SQL: SELECT `imageurl` FROM `jianghu_introduce_images` WHERE `introduce_id` = 64  [ RunTime:0.0003s ]
NOTIC: [8] Undefined variable: img D:\xampp\htdocs\jianghu\Application\Home\Model\IntroduceImagesModel.class.php 第 21 行.
SQL: SELECT `username` FROM `jianghu_user` WHERE `id` = 1 LIMIT 1   [ RunTime:0.0003s ]
NOTIC: [8] Undefined index: allpraise D:\xampp\htdocs\jianghu\Application\Home\Controller\IntroduceController.class.php 第 133 行.
NOTIC: [8] Undefined index: alloppose D:\xampp\htdocs\jianghu\Application\Home\Controller\IntroduceController.class.php 第 134 行.
SQL: SELECT `imageurl` FROM `jianghu_introduce_images` WHERE `introduce_id` = 65  [ RunTime:0.0003s ]
NOTIC: [8] Undefined variable: img D:\xampp\htdocs\jianghu\Application\Home\Model\IntroduceImagesModel.class.php 第 21 行.
SQL: SELECT * FROM `jianghu_introduce` WHERE `id` = 64 LIMIT 1   [ RunTime:0.0003s ]
SQL: SELECT `imageurl` FROM `jianghu_introduce_images` WHERE `introduce_id` = 64  [ RunTime:0.0003s ]
NOTIC: [8] Undefined variable: img D:\xampp\htdocs\jianghu\Application\Home\Model\IntroduceImagesModel.class.php 第 21 行.
SQL: SELECT `username` FROM `jianghu_user` WHERE `id` = 1 LIMIT 1   [ RunTime:0.0003s ]
NOTIC: [8] Undefined index: allpraise D:\xampp\htdocs\jianghu\Application\Home\Controller\IntroduceController.class.php 第 133 行.
NOTIC: [8] Undefined index: alloppose D:\xampp\htdocs\jianghu\Application\Home\Controller\IntroduceController.class.php 第 134 行.
SQL: SELECT `imageurl` FROM `jianghu_introduce_images` WHERE `introduce_id` = 64  [ RunTime:0.0003s ]
NOTIC: [8] Undefined variable: img D:\xampp\htdocs\jianghu\Application\Home\Model\IntroduceImagesModel.class.php 第 21 行.
SQL: SELECT `username` FROM `jianghu_user` WHERE `id` = 1 LIMIT 1   [ RunTime:0.0003s ]
NOTIC: [8] Undefined index: allpraise D:\xampp\htdocs\jianghu\Application\Home\Controller\IntroduceController.class.php 第 133 行.
NOTIC: [8] Undefined index: alloppose D:\xampp\htdocs\jianghu\Application\Home\Controller\IntroduceController.class.php 第 134 行.
SQL: SELECT `imageurl` FROM `jianghu_introduce_images` WHERE `introduce_id` = 63  [ RunTime:0.0002s ]
NOTIC: [8] Undefined variable: img D:\xampp\htdocs\jianghu\Application\Home\Model\IntroduceImagesModel.class.php 第 21 行.
SQL: SELECT `username` FROM `jianghu_user` WHERE `id` = 7 LIMIT 1   [ RunTime:0.0003s ]
NOTIC: [8] Undefined index: allpraise D:\xampp\htdocs\jianghu\Application\Home\Controller\IntroduceController.class.php 第 133 行.
NOTIC: [8] Undefined index: alloppose D:\xampp\htdocs\jianghu\Application\Home\Controller\IntroduceController.class.php 第 134 行.
SQL: SELECT `imageurl` FROM `jianghu_introduce_images` WHERE `introduce_id` = 35  [ RunTime:0.0003s ]
NOTIC: [8] Undefined variable: img D:\xampp\htdocs\jianghu\Application\Home\Model\IntroduceImagesModel.class.php 第 21 行.
SQL: SELECT * FROM `jianghu_introduce` WHERE `id` = 26 LIMIT 1   [ RunTime:0.0003s ]
SQL: SELECT `imageurl` FROM `jianghu_introduce_images` WHERE `introduce_id` = 26  [ RunTime:0.0003s ]
NOTIC: [8] Undefined variable: img D:\xampp\htdocs\jianghu\Application\Home\Model\IntroduceImagesModel.class.php 第 21 行.
SQL: SELECT `username` FROM `jianghu_user` WHERE `id` = 3 LIMIT 1   [ RunTime:0.0003s ]
NOTIC: [8] Undefined index: allpraise D:\xampp\htdocs\jianghu\Application\Home\Controller\IntroduceController.class.php 第 133 行.
NOTIC: [8] Undefined index: alloppose D:\xampp\htdocs\jianghu\Application\Home\Controller\IntroduceController.class.php 第 134 行.
SQL: SELECT `imageurl` FROM `jianghu_introduce_images` WHERE `introduce_id` = 34  [ RunTime:0.0003s ]
NOTIC: [8] Undefined variable: img D:\xampp\htdocs\jianghu\Application\Home\Model\IntroduceImagesModel.class.php 第 21 行.
SQL: SELECT * FROM `jianghu_introduce` WHERE `id` = 26 LIMIT 1   [ RunTime:0.0003s ]
SQL: SELECT `imageurl` FROM `jianghu_introduce_images` WHERE `introduce_id` = 26  [ RunTime:0.0003s ]
NOTIC: [8] Undefined variable: img D:\xampp\htdocs\jianghu\Application\Home\Model\IntroduceImagesModel.class.php 第 21 行.
SQL: SELECT `username` FROM `jianghu_user` WHERE `id` = 2 LIMIT 1   [ RunTime:0.0003s ]
NOTIC: [8] Undefined index: allpraise D:\xampp\htdocs\jianghu\Application\Home\Controller\IntroduceController.class.php 第 133 行.
NOTIC: [8] Undefined index: alloppose D:\xampp\htdocs\jianghu\Application\Home\Controller\IntroduceController.class.php 第 134 行.
SQL: SELECT `imageurl` FROM `jianghu_introduce_images` WHERE `introduce_id` = 33  [ RunTime:0.0003s ]
NOTIC: [8] Undefined variable: img D:\xampp\htdocs\jianghu\Application\Home\Model\IntroduceImagesModel.class.php 第 21 行.
SQL: SELECT * FROM `jianghu_introduce` WHERE `id` = 26 LIMIT 1   [ RunTime:0.0004s ]
SQL: SELECT `imageurl` FROM `jianghu_introduce_images` WHERE `introduce_id` = 26  [ RunTime:0.0003s ]
NOTIC: [8] Undefined variable: img D:\xampp\htdocs\jianghu\Application\Home\Model\IntroduceImagesModel.class.php 第 21 行.
SQL: SELECT `username` FROM `jianghu_user` WHERE `id` = 2 LIMIT 1   [ RunTime:0.0003s ]
NOTIC: [8] Undefined index: allpraise D:\xampp\htdocs\jianghu\Application\Home\Controller\IntroduceController.class.php 第 133 行.
NOTIC: [8] Undefined index: alloppose D:\xampp\htdocs\jianghu\Application\Home\Controller\IntroduceController.class.php 第 134 行.
SQL: SELECT `imageurl` FROM `jianghu_introduce_images` WHERE `introduce_id` = 27  [ RunTime:0.0003s ]
NOTIC: [8] Undefined variable: img D:\xampp\htdocs\jianghu\Application\Home\Model\IntroduceImagesModel.class.php 第 21 行.
SQL: SELECT * FROM `jianghu_introduce` WHERE `id` = 26 LIMIT 1   [ RunTime:0.0003s ]
SQL: SELECT `imageurl` FROM `jianghu_introduce_images` WHERE `introduce_id` = 26  [ RunTime:0.0003s ]
NOTIC: [8] Undefined variable: img D:\xampp\htdocs\jianghu\Application\Home\Model\IntroduceImagesModel.class.php 第 21 行.
SQL: SELECT `username` FROM `jianghu_user` WHERE `id` = 1 LIMIT 1   [ RunTime:0.0003s ]
NOTIC: [8] Undefined index: allpraise D:\xampp\htdocs\jianghu\Application\Home\Controller\IntroduceController.class.php 第 133 行.
NOTIC: [8] Undefined index: alloppose D:\xampp\htdocs\jianghu\Application\Home\Controller\IntroduceController.class.php 第 134 行.
SQL: SELECT `imageurl` FROM `jianghu_introduce_images` WHERE `introduce_id` = 26  [ RunTime:0.0003s ]
NOTIC: [8] Undefined variable: img D:\xampp\htdocs\jianghu\Application\Home\Model\IntroduceImagesModel.class.php 第 21 行.
SQL: SELECT `username` FROM `jianghu_user` WHERE `id` = 1 LIMIT 1   [ RunTime:0.0003s ]
NOTIC: [8] Undefined index: allpraise D:\xampp\htdocs\jianghu\Application\Home\Controller\IntroduceController.class.php 第 133 行.
NOTIC: [8] Undefined index: alloppose D:\xampp\htdocs\jianghu\Application\Home\Controller\IntroduceController.class.php 第 134 行.
SQL: SELECT `imageurl` FROM `jianghu_introduce_images` WHERE `introduce_id` = 25  [ RunTime:0.0007s ]
NOTIC: [8] Undefined variable: img D:\xampp\htdocs\jianghu\Application\Home\Model\IntroduceImagesModel.class.php 第 21 行.
SQL: SELECT `username` FROM `jianghu_user` WHERE `id` = 1 LIMIT 1   [ RunTime:0.0004s ]
NOTIC: [8] Undefined index: allpraise D:\xampp\htdocs\jianghu\Application\Home\Controller\IntroduceController.class.php 第 133 行.
NOTIC: [8] Undefined index: alloppose D:\xampp\htdocs\jianghu\Application\Home\Controller\IntroduceController.class.php 第 134 行.
SQL: SELECT `imageurl` FROM `jianghu_introduce_images` WHERE `introduce_id` = 24  [ RunTime:0.0003s ]
NOTIC: [8] Undefined variable: img D:\xampp\htdocs\jianghu\Application\Home\Model\IntroduceImagesModel.class.php 第 21 行.
SQL: SELECT `username` FROM `jianghu_user` WHERE `id` = 3 LIMIT 1   [ RunTime:0.0003s ]
NOTIC: [8] Undefined index: allpraise D:\xampp\htdocs\jianghu\Application\Home\Controller\IntroduceController.class.php 第 133 行.
NOTIC: [8] Undefined index: alloppose D:\xampp\htdocs\jianghu\Application\Home\Controller\IntroduceController.class.php 第 134 行.
SQL: SELECT `imageurl` FROM `jianghu_introduce_images` WHERE `introduce_id` = 22  [ RunTime:0.0003s ]
SQL: SELECT `username` FROM `jianghu_user` WHERE `id` = 1 LIMIT 1   [ RunTime:0.0003s ]
NOTIC: [8] Undefined index: allpraise D:\xampp\htdocs\jianghu\Application\Home\Controller\IntroduceController.class.php 第 133 行.
NOTIC: [8] Undefined index: alloppose D:\xampp\htdocs\jianghu\Application\Home\Controller\IntroduceController.class.php 第 134 行.
SQL: SELECT `imageurl` FROM `jianghu_introduce_images` WHERE `introduce_id` = 21  [ RunTime:0.0003s ]
NOTIC: [8] Undefined variable: img D:\xampp\htdocs\jianghu\Application\Home\Model\IntroduceImagesModel.class.php 第 21 行.
SQL: SELECT * FROM `jianghu_introduce` WHERE `id` = 8 LIMIT 1   [ RunTime:0.0003s ]
SQL: SELECT `imageurl` FROM `jianghu_introduce_images` WHERE `introduce_id` = 8  [ RunTime:0.0003s ]
SQL: SELECT `username` FROM `jianghu_user` WHERE `id` = 3 LIMIT 1   [ RunTime:0.0003s ]
NOTIC: [8] Undefined index: allpraise D:\xampp\htdocs\jianghu\Application\Home\Controller\IntroduceController.class.php 第 133 行.
NOTIC: [8] Undefined index: alloppose D:\xampp\htdocs\jianghu\Application\Home\Controller\IntroduceController.class.php 第 134 行.
SQL: SELECT `imageurl` FROM `jianghu_introduce_images` WHERE `introduce_id` = 19  [ RunTime:0.0003s ]
SQL: SELECT `username` FROM `jianghu_user` WHERE `id` = 1 LIMIT 1   [ RunTime:0.0002s ]
NOTIC: [8] Undefined index: allpraise D:\xampp\htdocs\jianghu\Application\Home\Controller\IntroduceController.class.php 第 133 行.
NOTIC: [8] Undefined index: alloppose D:\xampp\htdocs\jianghu\Application\Home\Controller\IntroduceController.class.php 第 134 行.
SQL: SELECT `imageurl` FROM `jianghu_introduce_images` WHERE `introduce_id` = 18  [ RunTime:0.0003s ]
NOTIC: [8] Undefined variable: img D:\xampp\htdocs\jianghu\Application\Home\Model\IntroduceImagesModel.class.php 第 21 行.
SQL: SELECT * FROM `jianghu_introduce` WHERE `id` = 8 LIMIT 1   [ RunTime:0.0003s ]
SQL: SELECT `imageurl` FROM `jianghu_introduce_images` WHERE `introduce_id` = 8  [ RunTime:0.0003s ]
SQL: SELECT `username` FROM `jianghu_user` WHERE `id` = 1 LIMIT 1   [ RunTime:0.0002s ]
NOTIC: [8] Undefined index: allpraise D:\xampp\htdocs\jianghu\Application\Home\Controller\IntroduceController.class.php 第 133 行.
NOTIC: [8] Undefined index: alloppose D:\xampp\htdocs\jianghu\Application\Home\Controller\IntroduceController.class.php 第 134 行.
SQL: SELECT `imageurl` FROM `jianghu_introduce_images` WHERE `introduce_id` = 17  [ RunTime:0.0002s ]
NOTIC: [8] Undefined variable: img D:\xampp\htdocs\jianghu\Application\Home\Model\IntroduceImagesModel.class.php 第 21 行.
SQL: SELECT * FROM `jianghu_introduce` WHERE `id` = 8 LIMIT 1   [ RunTime:0.0003s ]
SQL: SELECT `imageurl` FROM `jianghu_introduce_images` WHERE `introduce_id` = 8  [ RunTime:0.0002s ]
SQL: SELECT `username` FROM `jianghu_user` WHERE `id` = 1 LIMIT 1   [ RunTime:0.0002s ]
NOTIC: [8] Undefined index: allpraise D:\xampp\htdocs\jianghu\Application\Home\Controller\IntroduceController.class.php 第 133 行.
NOTIC: [8] Undefined index: alloppose D:\xampp\htdocs\jianghu\Application\Home\Controller\IntroduceController.class.php 第 134 行.
SQL: SELECT `imageurl` FROM `jianghu_introduce_images` WHERE `introduce_id` = 16  [ RunTime:0.0002s ]
NOTIC: [8] Undefined variable: img D:\xampp\htdocs\jianghu\Application\Home\Model\IntroduceImagesModel.class.php 第 21 行.
SQL: SELECT * FROM `jianghu_introduce` WHERE `id` = 8 LIMIT 1   [ RunTime:0.0003s ]
SQL: SELECT `imageurl` FROM `jianghu_introduce_images` WHERE `introduce_id` = 8  [ RunTime:0.0002s ]
SQL: SELECT `username` FROM `jianghu_user` WHERE `id` = 1 LIMIT 1   [ RunTime:0.0003s ]
NOTIC: [8] Undefined index: allpraise D:\xampp\htdocs\jianghu\Application\Home\Controller\IntroduceController.class.php 第 133 行.
NOTIC: [8] Undefined index: alloppose D:\xampp\htdocs\jianghu\Application\Home\Controller\IntroduceController.class.php 第 134 行.
SQL: SELECT `imageurl` FROM `jianghu_introduce_images` WHERE `introduce_id` = 15  [ RunTime:0.0003s ]
NOTIC: [8] Undefined variable: img D:\xampp\htdocs\jianghu\Application\Home\Model\IntroduceImagesModel.class.php 第 21 行.
SQL: SELECT * FROM `jianghu_introduce` WHERE `id` = 9 LIMIT 1   [ RunTime:0.0003s ]
SQL: SELECT `imageurl` FROM `jianghu_introduce_images` WHERE `introduce_id` = 9  [ RunTime:0.0002s ]
SQL: SELECT `username` FROM `jianghu_user` WHERE `id` = 1 LIMIT 1   [ RunTime:0.0002s ]
NOTIC: [8] Undefined index: allpraise D:\xampp\htdocs\jianghu\Application\Home\Controller\IntroduceController.class.php 第 133 行.
NOTIC: [8] Undefined index: alloppose D:\xampp\htdocs\jianghu\Application\Home\Controller\IntroduceController.class.php 第 134 行.
SQL: SELECT `imageurl` FROM `jianghu_introduce_images` WHERE `introduce_id` = 14  [ RunTime:0.0002s ]
NOTIC: [8] Undefined variable: img D:\xampp\htdocs\jianghu\Application\Home\Model\IntroduceImagesModel.class.php 第 21 行.
SQL: SELECT * FROM `jianghu_introduce` WHERE `id` = 9 LIMIT 1   [ RunTime:0.0003s ]
SQL: SELECT `imageurl` FROM `jianghu_introduce_images` WHERE `introduce_id` = 9  [ RunTime:0.0002s ]
SQL: SELECT `username` FROM `jianghu_user` WHERE `id` = 2 LIMIT 1   [ RunTime:0.0002s ]
NOTIC: [8] Undefined index: allpraise D:\xampp\htdocs\jianghu\Application\Home\Controller\IntroduceController.class.php 第 133 行.
NOTIC: [8] Undefined index: alloppose D:\xampp\htdocs\jianghu\Application\Home\Controller\IntroduceController.class.php 第 134 行.
SQL: SELECT `imageurl` FROM `jianghu_introduce_images` WHERE `introduce_id` = 13  [ RunTime:0.0002s ]
NOTIC: [8] Undefined variable: img D:\xampp\htdocs\jianghu\Application\Home\Model\IntroduceImagesModel.class.php 第 21 行.
SQL: SELECT * FROM `jianghu_introduce` WHERE `id` = 8 LIMIT 1   [ RunTime:0.0003s ]
SQL: SELECT `imageurl` FROM `jianghu_introduce_images` WHERE `introduce_id` = 8  [ RunTime:0.0002s ]
SQL: SELECT `username` FROM `jianghu_user` WHERE `id` = 1 LIMIT 1   [ RunTime:0.0003s ]
NOTIC: [8] Undefined index: allpraise D:\xampp\htdocs\jianghu\Application\Home\Controller\IntroduceController.class.php 第 133 行.
NOTIC: [8] Undefined index: alloppose D:\xampp\htdocs\jianghu\Application\Home\Controller\IntroduceController.class.php 第 134 行.
SQL: SELECT `imageurl` FROM `jianghu_introduce_images` WHERE `introduce_id` = 12  [ RunTime:0.0007s ]
NOTIC: [8] Undefined variable: img D:\xampp\htdocs\jianghu\Application\Home\Model\IntroduceImagesModel.class.php 第 21 行.
SQL: SELECT * FROM `jianghu_introduce` WHERE `id` = 8 LIMIT 1   [ RunTime:0.0004s ]
SQL: SELECT `imageurl` FROM `jianghu_introduce_images` WHERE `introduce_id` = 8  [ RunTime:0.0002s ]
SQL: SELECT `username` FROM `jianghu_user` WHERE `id` = 2 LIMIT 1   [ RunTime:0.0003s ]
NOTIC: [8] Undefined index: allpraise D:\xampp\htdocs\jianghu\Application\Home\Controller\IntroduceController.class.php 第 133 行.
NOTIC: [8] Undefined index: alloppose D:\xampp\htdocs\jianghu\Application\Home\Controller\IntroduceController.class.php 第 134 行.
SQL: SELECT `imageurl` FROM `jianghu_introduce_images` WHERE `introduce_id` = 11  [ RunTime:0.0003s ]
SQL: SELECT `username` FROM `jianghu_user` WHERE `id` = 5 LIMIT 1   [ RunTime:0.0003s ]
NOTIC: [8] Undefined index: allpraise D:\xampp\htdocs\jianghu\Application\Home\Controller\IntroduceController.class.php 第 133 行.
NOTIC: [8] Undefined index: alloppose D:\xampp\htdocs\jianghu\Application\Home\Controller\IntroduceController.class.php 第 134 行.
SQL: SELECT `imageurl` FROM `jianghu_introduce_images` WHERE `introduce_id` = 10  [ RunTime:0.0003s ]
SQL: SELECT `username` FROM `jianghu_user` WHERE `id` = 3 LIMIT 1   [ RunTime:0.0003s ]
NOTIC: [8] Undefined index: allpraise D:\xampp\htdocs\jianghu\Application\Home\Controller\IntroduceController.class.php 第 133 行.
NOTIC: [8] Undefined index: alloppose D:\xampp\htdocs\jianghu\Application\Home\Controller\IntroduceController.class.php 第 134 行.
SQL: SELECT `imageurl` FROM `jianghu_introduce_images` WHERE `introduce_id` = 9  [ RunTime:0.0003s ]
SQL: SELECT `username` FROM `jianghu_user` WHERE `id` = 4 LIMIT 1   [ RunTime:0.0003s ]
NOTIC: [8] Undefined index: allpraise D:\xampp\htdocs\jianghu\Application\Home\Controller\IntroduceController.class.php 第 133 行.
NOTIC: [8] Undefined index: alloppose D:\xampp\htdocs\jianghu\Application\Home\Controller\IntroduceController.class.php 第 134 行.
SQL: SELECT `imageurl` FROM `jianghu_introduce_images` WHERE `introduce_id` = 8  [ RunTime:0.0003s ]
SQL: SELECT `username` FROM `jianghu_user` WHERE `id` = 1 LIMIT 1   [ RunTime:0.0002s ]
NOTIC: [8] Undefined index: allpraise D:\xampp\htdocs\jianghu\Application\Home\Controller\IntroduceController.class.php 第 133 行.
NOTIC: [8] Undefined index: alloppose D:\xampp\htdocs\jianghu\Application\Home\Controller\IntroduceController.class.php 第 134 行.
SQL: SELECT `imageurl` FROM `jianghu_introduce_images` WHERE `introduce_id` = 7  [ RunTime:0.0002s ]

[ 2016-11-01T20:37:44+08:00 ] ::1 /jianghu/index.php/home/introduce/addOppose
INFO: [ app_init ] --START--
INFO: Run Behavior\BuildLiteBehavior [ RunTime:0.000018s ]
INFO: [ app_init ] --END-- [ RunTime:0.000628s ]
INFO: [ app_begin ] --START--
INFO: Run Behavior\ReadHtmlCacheBehavior [ RunTime:0.000927s ]
INFO: [ app_begin ] --END-- [ RunTime:0.000998s ]
SQL: SHOW COLUMNS FROM `jianghu_token` [ RunTime:0.0144s ]
SQL: SHOW COLUMNS FROM `jianghu_user` [ RunTime:0.0045s ]
SQL: SHOW COLUMNS FROM `jianghu_login_count` [ RunTime:0.0034s ]
SQL: SHOW COLUMNS FROM `jianghu_daily_num` [ RunTime:0.0042s ]
SQL: SELECT * FROM `jianghu_token` WHERE `token` = '6523205cd074195bd9252252b0eab96e' AND `state` = 0 LIMIT 1   [ RunTime:0.0004s ]
SQL: SELECT `isban` FROM `jianghu_user` WHERE `id` = 1 LIMIT 1   [ RunTime:0.0003s ]
SQL: SELECT * FROM `jianghu_login_count` WHERE `user_id` = 1 AND `date` = '2016-11-01' LIMIT 1   [ RunTime:0.0003s ]
SQL: SELECT * FROM `jianghu_daily_num` WHERE `date` = '2016-11-01' LIMIT 1   [ RunTime:0.0003s ]
SQL: SHOW COLUMNS FROM `jianghu_introduce` [ RunTime:0.0038s ]
SQL: SELECT `user_id` FROM `jianghu_introduce` WHERE `id` = 101 LIMIT 1   [ RunTime:0.0004s ]
SQL: UPDATE `jianghu_introduce` SET `opposenum`=opposenum+1 WHERE `id` = 101 [ RunTime:0.0923s ]
ERR: 1054:Unknown column 'original_id' in 'field list'
 [ SQL语句 ] : SELECT `original_id` FROM `jianghu_introduce` WHERE `id` = 101 LIMIT 1  
ERR: 1054:Unknown column 'original_id' in 'field list'
 [ SQL语句 ] : SELECT `original_id` FROM `jianghu_introduce` WHERE `id` = 101 LIMIT 1  

[ 2016-11-01T20:39:01+08:00 ] ::1 /jianghu/index.php/home/introduce/addOppose
INFO: [ app_init ] --START--
INFO: Run Behavior\BuildLiteBehavior [ RunTime:0.000015s ]
INFO: [ app_init ] --END-- [ RunTime:0.000589s ]
INFO: [ app_begin ] --START--
INFO: Run Behavior\ReadHtmlCacheBehavior [ RunTime:0.000914s ]
INFO: [ app_begin ] --END-- [ RunTime:0.000974s ]
SQL: SHOW COLUMNS FROM `jianghu_token` [ RunTime:0.0061s ]
SQL: SHOW COLUMNS FROM `jianghu_user` [ RunTime:0.0034s ]
SQL: SHOW COLUMNS FROM `jianghu_login_count` [ RunTime:0.0038s ]
SQL: SHOW COLUMNS FROM `jianghu_daily_num` [ RunTime:0.0041s ]
SQL: SELECT * FROM `jianghu_token` WHERE `token` = '6523205cd074195bd9252252b0eab96e' AND `state` = 0 LIMIT 1   [ RunTime:0.0004s ]
SQL: SELECT `isban` FROM `jianghu_user` WHERE `id` = 1 LIMIT 1   [ RunTime:0.0003s ]
SQL: SELECT * FROM `jianghu_login_count` WHERE `user_id` = 1 AND `date` = '2016-11-01' LIMIT 1   [ RunTime:0.0003s ]
SQL: SELECT * FROM `jianghu_daily_num` WHERE `date` = '2016-11-01' LIMIT 1   [ RunTime:0.0003s ]
SQL: SHOW COLUMNS FROM `jianghu_introduce` [ RunTime:0.0038s ]
SQL: SELECT `user_id` FROM `jianghu_introduce` WHERE `id` = 101 LIMIT 1   [ RunTime:0.0003s ]
SQL: UPDATE `jianghu_introduce` SET `opposenum`=opposenum+1 WHERE `id` = 101 [ RunTime:0.0809s ]
SQL: SELECT `isforward` FROM `jianghu_introduce` WHERE `id` = 101 LIMIT 1   [ RunTime:0.0003s ]
SQL: UPDATE `jianghu_introduce` SET `opposenum`=opposenum+1 WHERE `id` = 90 [ RunTime:0.0277s ]
SQL: UPDATE `jianghu_user` SET `alloppose`=alloppose+1 WHERE `id` = 17 [ RunTime:0.0655s ]

[ 2016-11-01T20:52:51+08:00 ] ::1 /jianghu/index.php/home/introduce/addOppose
INFO: [ app_init ] --START--
INFO: Run Behavior\BuildLiteBehavior [ RunTime:0.000012s ]
INFO: [ app_init ] --END-- [ RunTime:0.000607s ]
INFO: [ app_begin ] --START--
INFO: Run Behavior\ReadHtmlCacheBehavior [ RunTime:0.000797s ]
INFO: [ app_begin ] --END-- [ RunTime:0.000846s ]
SQL: SHOW COLUMNS FROM `jianghu_token` [ RunTime:0.0046s ]
SQL: SHOW COLUMNS FROM `jianghu_user` [ RunTime:0.0034s ]
SQL: SHOW COLUMNS FROM `jianghu_login_count` [ RunTime:0.0033s ]
SQL: SHOW COLUMNS FROM `jianghu_daily_num` [ RunTime:0.0034s ]
SQL: SELECT * FROM `jianghu_token` WHERE `token` = '6523205cd074195bd9252252b0eab96e' AND `state` = 0 LIMIT 1   [ RunTime:0.0004s ]
SQL: SELECT `isban` FROM `jianghu_user` WHERE `id` = 1 LIMIT 1   [ RunTime:0.0003s ]
SQL: SELECT * FROM `jianghu_login_count` WHERE `user_id` = 1 AND `date` = '2016-11-01' LIMIT 1   [ RunTime:0.0003s ]
SQL: SELECT * FROM `jianghu_daily_num` WHERE `date` = '2016-11-01' LIMIT 1   [ RunTime:0.0003s ]
SQL: SHOW COLUMNS FROM `jianghu_introduce` [ RunTime:0.0035s ]
SQL: SELECT `user_id` FROM `jianghu_introduce` WHERE `id` = 101 LIMIT 1   [ RunTime:0.0003s ]
SQL: UPDATE `jianghu_introduce` SET `opposenum`=opposenum+1 WHERE `id` = 101 [ RunTime:0.0954s ]
SQL: SELECT `isforward` FROM `jianghu_introduce` WHERE `id` = 101 LIMIT 1   [ RunTime:0.0006s ]
SQL: UPDATE `jianghu_introduce` SET `opposenum`=opposenum+1 WHERE `id` = 90 [ RunTime:0.0678s ]
SQL: UPDATE `jianghu_user` SET `alloppose`=alloppose+1 WHERE `id` = 17 [ RunTime:0.0611s ]
SQL: SELECT `user_id` FROM `jianghu_introduce` WHERE `id` = 90 LIMIT 1   [ RunTime:0.0007s ]
SQL: UPDATE `jianghu_user` SET `alloppose`=alloppose+1 WHERE `id` = 1 [ RunTime:0.0812s ]

[ 2016-11-01T21:10:05+08:00 ] ::1 /jianghu/index.php/home/introduce/addPraise
INFO: [ app_init ] --START--
INFO: Run Behavior\BuildLiteBehavior [ RunTime:0.000016s ]
INFO: [ app_init ] --END-- [ RunTime:0.000961s ]
INFO: [ app_begin ] --START--
INFO: Run Behavior\ReadHtmlCacheBehavior [ RunTime:0.000824s ]
INFO: [ app_begin ] --END-- [ RunTime:0.000884s ]
SQL: SHOW COLUMNS FROM `jianghu_token` [ RunTime:0.0059s ]
SQL: SHOW COLUMNS FROM `jianghu_user` [ RunTime:0.0037s ]
SQL: SHOW COLUMNS FROM `jianghu_login_count` [ RunTime:0.0034s ]
SQL: SHOW COLUMNS FROM `jianghu_daily_num` [ RunTime:0.0045s ]
SQL: SELECT * FROM `jianghu_token` WHERE `token` = '0ba4d1d0bc01d2a5b3abdbc36e512e12' AND `state` = 0 LIMIT 1   [ RunTime:0.0004s ]
SQL: SELECT `isban` FROM `jianghu_user` WHERE `id` = 2 LIMIT 1   [ RunTime:0.0002s ]
SQL: SELECT * FROM `jianghu_login_count` WHERE `user_id` = 2 AND `date` = '2016-11-01' LIMIT 1   [ RunTime:0.0003s ]
SQL: SELECT * FROM `jianghu_daily_num` WHERE `date` = '2016-11-01' LIMIT 1   [ RunTime:0.0003s ]
SQL: INSERT INTO `jianghu_login_count` (`user_id`,`date`) VALUES ('2','2016-11-01') [ RunTime:0.1007s ]
SQL: SELECT * FROM `jianghu_daily_num` WHERE `date` = '2016-11-01'  [ RunTime:0.0008s ]
SQL: UPDATE `jianghu_daily_num` SET `lognum`=lognum+1 WHERE `date` = '2016-11-01' [ RunTime:0.0477s ]
SQL: SHOW COLUMNS FROM `jianghu_introduce` [ RunTime:0.0093s ]
SQL: SHOW COLUMNS FROM `jianghu_praise` [ RunTime:0.0136s ]
SQL: SELECT `user_id` FROM `jianghu_introduce` WHERE `id` = 101 LIMIT 1   [ RunTime:0.0008s ]
SQL: SELECT `isforward` FROM `jianghu_introduce` WHERE `id` = 101 LIMIT 1   [ RunTime:0.0007s ]
SQL: SELECT `user_id` FROM `jianghu_introduce` WHERE `id` = 90 LIMIT 1   [ RunTime:0.0009s ]
SQL: SELECT `time` FROM `jianghu_praise` WHERE `user_id` = 2  [ RunTime:0.1100s ]
SQL: UPDATE `jianghu_daily_num` SET `praisenum`=praisenum+1 WHERE `date` = '2016-11-01' [ RunTime:0.1335s ]
SQL: INSERT INTO `jianghu_praise` (`introduce_id`,`user_id`,`time`,`owner_id`) VALUES ('101','2','2016-11-01 21:10:05','17') [ RunTime:0.0771s ]
SQL: UPDATE `jianghu_user` SET `unreadnum`=unreadnum+1 WHERE `id` = 17 [ RunTime:0.0449s ]
SQL: UPDATE `jianghu_user` SET `allpraise`=allpraise+1 WHERE `id` = 17 [ RunTime:0.0654s ]
SQL: UPDATE `jianghu_user` SET `allpraise`=allpraise+1 WHERE `id` = 1 [ RunTime:0.1368s ]
SQL: UPDATE `jianghu_introduce` SET `praisenum`=praisenum+1 WHERE `id` = 101 [ RunTime:0.1101s ]
SQL: UPDATE `jianghu_user` SET `praisenum`=praisenum+1 WHERE `id` = 17 [ RunTime:0.0911s ]

[ 2016-11-01T21:20:16+08:00 ] ::1 /jianghu/index.php/home/introduce/addPraise
INFO: [ app_init ] --START--
INFO: Run Behavior\BuildLiteBehavior [ RunTime:0.000015s ]
INFO: [ app_init ] --END-- [ RunTime:0.000588s ]
INFO: [ app_begin ] --START--
INFO: Run Behavior\ReadHtmlCacheBehavior [ RunTime:0.000850s ]
INFO: [ app_begin ] --END-- [ RunTime:0.000905s ]
SQL: SHOW COLUMNS FROM `jianghu_token` [ RunTime:0.0043s ]
SQL: SHOW COLUMNS FROM `jianghu_user` [ RunTime:0.0036s ]
SQL: SHOW COLUMNS FROM `jianghu_login_count` [ RunTime:0.0034s ]
SQL: SHOW COLUMNS FROM `jianghu_daily_num` [ RunTime:0.0035s ]
SQL: SELECT * FROM `jianghu_token` WHERE `token` = '0ba4d1d0bc01d2a5b3abdbc36e512e12' AND `state` = 0 LIMIT 1   [ RunTime:0.0009s ]
SQL: SELECT `isban` FROM `jianghu_user` WHERE `id` = 2 LIMIT 1   [ RunTime:0.0004s ]
SQL: SELECT * FROM `jianghu_login_count` WHERE `user_id` = 2 AND `date` = '2016-11-01' LIMIT 1   [ RunTime:0.0003s ]
SQL: SELECT * FROM `jianghu_daily_num` WHERE `date` = '2016-11-01' LIMIT 1   [ RunTime:0.0003s ]
SQL: SHOW COLUMNS FROM `jianghu_introduce` [ RunTime:0.0036s ]
SQL: SHOW COLUMNS FROM `jianghu_praise` [ RunTime:0.0035s ]
SQL: SELECT `user_id` FROM `jianghu_introduce` WHERE `id` = 101 LIMIT 1   [ RunTime:0.0003s ]
SQL: SELECT `isforward` FROM `jianghu_introduce` WHERE `id` = 101 LIMIT 1   [ RunTime:0.0002s ]
SQL: SELECT `user_id` FROM `jianghu_introduce` WHERE `id` = 90 LIMIT 1   [ RunTime:0.0002s ]
SQL: SELECT `time` FROM `jianghu_praise` WHERE `user_id` = 2  [ RunTime:0.0004s ]
SQL: INSERT INTO `jianghu_praise` (`introduce_id`,`user_id`,`time`,`owner_id`) VALUES ('101','2','2016-11-01 21:20:15','17') [ RunTime:0.1366s ]
SQL: UPDATE `jianghu_user` SET `unreadnum`=unreadnum+1 WHERE `id` = 17 [ RunTime:0.0762s ]
SQL: UPDATE `jianghu_user` SET `allpraise`=allpraise+1 WHERE `id` = 17 [ RunTime:0.0448s ]
SQL: UPDATE `jianghu_user` SET `allpraise`=allpraise+1 WHERE `id` = 1 [ RunTime:0.0436s ]
SQL: UPDATE `jianghu_introduce` SET `praisenum`=praisenum+1 WHERE `id` = 101 [ RunTime:0.0570s ]
SQL: UPDATE `jianghu_introduce` SET `praisenum`=praisenum+1 WHERE `id` = 90 [ RunTime:0.0423s ]
SQL: UPDATE `jianghu_user` SET `praisenum`=praisenum+1 WHERE `id` = 17 [ RunTime:0.0445s ]

[ 2016-11-01T21:27:57+08:00 ] ::1 /jianghu/index.php/home/introduce/addPraise
INFO: [ app_init ] --START--
INFO: Run Behavior\BuildLiteBehavior [ RunTime:0.000012s ]
INFO: [ app_init ] --END-- [ RunTime:0.000512s ]
INFO: [ app_begin ] --START--
INFO: Run Behavior\ReadHtmlCacheBehavior [ RunTime:0.000917s ]
INFO: [ app_begin ] --END-- [ RunTime:0.000986s ]
SQL: SHOW COLUMNS FROM `jianghu_token` [ RunTime:0.0037s ]
SQL: SHOW COLUMNS FROM `jianghu_user` [ RunTime:0.0040s ]
SQL: SHOW COLUMNS FROM `jianghu_login_count` [ RunTime:0.0042s ]
SQL: SHOW COLUMNS FROM `jianghu_daily_num` [ RunTime:0.0035s ]
SQL: SELECT * FROM `jianghu_token` WHERE `token` = '0ba4d1d0bc01d2a5b3abdbc36e512e12' AND `state` = 0 LIMIT 1   [ RunTime:0.0004s ]
SQL: SELECT `isban` FROM `jianghu_user` WHERE `id` = 2 LIMIT 1   [ RunTime:0.0003s ]
SQL: SELECT * FROM `jianghu_login_count` WHERE `user_id` = 2 AND `date` = '2016-11-01' LIMIT 1   [ RunTime:0.0003s ]
SQL: SELECT * FROM `jianghu_daily_num` WHERE `date` = '2016-11-01' LIMIT 1   [ RunTime:0.0003s ]
SQL: SHOW COLUMNS FROM `jianghu_introduce` [ RunTime:0.0040s ]
SQL: SHOW COLUMNS FROM `jianghu_praise` [ RunTime:0.0035s ]
SQL: SELECT `user_id` FROM `jianghu_introduce` WHERE `id` = 101 LIMIT 1   [ RunTime:0.0003s ]
SQL: SELECT `isforward` FROM `jianghu_introduce` WHERE `id` = 101 LIMIT 1   [ RunTime:0.0003s ]
SQL: SELECT `user_id` FROM `jianghu_introduce` WHERE `id` = 90 LIMIT 1   [ RunTime:0.0003s ]
SQL: SELECT `time` FROM `jianghu_praise` WHERE `user_id` = 2  [ RunTime:0.0003s ]
SQL: INSERT INTO `jianghu_praise` (`introduce_id`,`user_id`,`time`,`owner_id`) VALUES ('101','2','2016-11-01 21:27:56','17') [ RunTime:0.1025s ]
SQL: UPDATE `jianghu_user` SET `unreadnum`=unreadnum+1 WHERE `id` = 17 [ RunTime:0.0418s ]
SQL: UPDATE `jianghu_user` SET `allpraise`=allpraise+1 WHERE `id` = 17 [ RunTime:0.0583s ]
SQL: UPDATE `jianghu_user` SET `allpraise`=allpraise+1 WHERE `id` = 1 [ RunTime:0.0441s ]
SQL: UPDATE `jianghu_introduce` SET `praisenum`=praisenum+1 WHERE `id` = 101 [ RunTime:0.0444s ]

[ 2016-11-01T21:35:54+08:00 ] ::1 /jianghu/index.php/home/user/login?type=101&username=D&password=123&%5B%5D=%E5%8F%91%E9%80%81&%5B%5D=mock&_=1477996450074
INFO: [ app_init ] --START--
INFO: Run Behavior\BuildLiteBehavior [ RunTime:0.000015s ]
INFO: [ app_init ] --END-- [ RunTime:0.000576s ]
INFO: [ app_begin ] --START--
INFO: Run Behavior\ReadHtmlCacheBehavior [ RunTime:0.000927s ]
INFO: [ app_begin ] --END-- [ RunTime:0.000987s ]
SQL: SHOW COLUMNS FROM `jianghu_user` [ RunTime:0.0054s ]
SQL: SHOW COLUMNS FROM `jianghu_daily_num` [ RunTime:0.0032s ]
SQL: SHOW COLUMNS FROM `jianghu_token` [ RunTime:0.0032s ]
SQL: SHOW COLUMNS FROM `jianghu_login_count` [ RunTime:0.0032s ]
SQL: SELECT * FROM `jianghu_user` WHERE `username` = 'D'  [ RunTime:0.0004s ]
NOTIC: [8] Use of undefined constant flag - assumed 'flag' D:\xampp\htdocs\jianghu\Application\Home\Controller\UserController.class.php 第 85 行.
SQL: SELECT `id` FROM `jianghu_user` WHERE `username` = 'D' LIMIT 1   [ RunTime:0.0003s ]
SQL: SELECT `isban` FROM `jianghu_user` WHERE `id` = 20 LIMIT 1   [ RunTime:0.0003s ]
SQL: SELECT `password` FROM `jianghu_user` WHERE `username` = 'D' LIMIT 1   [ RunTime:0.0003s ]
SQL: INSERT INTO `jianghu_token` (`token`,`user_id`,`time`) VALUES ('6f497a8aa035e2b06136a8169a87ed66','20','2016-11-01 21:35:53') [ RunTime:0.0905s ]
SQL: SELECT * FROM `jianghu_daily_num` WHERE `date` = '2016-11-01'  [ RunTime:0.0010s ]
SQL: UPDATE `jianghu_daily_num` SET `lognum`=lognum+1 WHERE `date` = '2016-11-01' [ RunTime:0.0330s ]
SQL: SELECT `jointime` FROM `jianghu_user` WHERE `id` = 20 LIMIT 1   [ RunTime:0.0009s ]
SQL: INSERT INTO `jianghu_login_count` (`user_id`,`date`) VALUES ('20','2016-11-01') [ RunTime:0.1023s ]
SQL: UPDATE `jianghu_user` SET `allpraise`=allpraise+1 WHERE `id` = 20 [ RunTime:0.0685s ]
SQL: SELECT * FROM `jianghu_user` WHERE `id` = 20 LIMIT 1   [ RunTime:0.0011s ]

[ 2016-11-01T21:38:21+08:00 ] ::1 /jianghu/index.php/home/user/login?type=101&username=D&password=123&%5B%5D=%E5%8F%91%E9%80%81&%5B%5D=mock&_=1477996450075
INFO: [ app_init ] --START--
INFO: Run Behavior\BuildLiteBehavior [ RunTime:0.000013s ]
INFO: [ app_init ] --END-- [ RunTime:0.000535s ]
INFO: [ app_begin ] --START--
INFO: Run Behavior\ReadHtmlCacheBehavior [ RunTime:0.000763s ]
INFO: [ app_begin ] --END-- [ RunTime:0.000816s ]
SQL: SHOW COLUMNS FROM `jianghu_user` [ RunTime:0.0039s ]
SQL: SHOW COLUMNS FROM `jianghu_daily_num` [ RunTime:0.0034s ]
SQL: SHOW COLUMNS FROM `jianghu_token` [ RunTime:0.0036s ]
SQL: SHOW COLUMNS FROM `jianghu_login_count` [ RunTime:0.0037s ]
SQL: SELECT * FROM `jianghu_user` WHERE `username` = 'D'  [ RunTime:0.0213s ]
NOTIC: [8] Use of undefined constant flag - assumed 'flag' D:\xampp\htdocs\jianghu\Application\Home\Controller\UserController.class.php 第 85 行.
SQL: SELECT `id` FROM `jianghu_user` WHERE `username` = 'D' LIMIT 1   [ RunTime:0.0003s ]
SQL: SELECT `isban` FROM `jianghu_user` WHERE `id` = 20 LIMIT 1   [ RunTime:0.0003s ]
SQL: SELECT `password` FROM `jianghu_user` WHERE `username` = 'D' LIMIT 1   [ RunTime:0.0003s ]
SQL: INSERT INTO `jianghu_token` (`token`,`user_id`,`time`) VALUES ('ebf55141712bde19cfeffcd95798a195','20','2016-11-01 21:38:21') [ RunTime:0.0963s ]
SQL: SELECT * FROM `jianghu_daily_num` WHERE `date` = '2016-11-01'  [ RunTime:0.0871s ]
SQL: UPDATE `jianghu_daily_num` SET `lognum`=lognum+1 WHERE `date` = '2016-11-01' [ RunTime:0.1442s ]
SQL: SELECT `jointime` FROM `jianghu_user` WHERE `id` = 20 LIMIT 1   [ RunTime:0.0008s ]
SQL: INSERT INTO `jianghu_login_count` (`user_id`,`date`) VALUES ('20','2016-11-01') [ RunTime:0.0998s ]
SQL: UPDATE `jianghu_user` SET `praisenum`=praisenum+1 WHERE `id` = 20 [ RunTime:0.0434s ]
SQL: SELECT * FROM `jianghu_user` WHERE `id` = 20 LIMIT 1   [ RunTime:0.0011s ]

