[ 2016-11-16T00:25:33+08:00 ] ::1 /jianghu/index.php/home/search/searchUser
INFO: [ app_init ] --START--
INFO: Run Behavior\BuildLiteBehavior [ RunTime:0.000018s ]
INFO: [ app_init ] --END-- [ RunTime:0.000621s ]
INFO: [ app_begin ] --START--
INFO: Run Behavior\ReadHtmlCacheBehavior [ RunTime:0.000973s ]
INFO: [ app_begin ] --END-- [ RunTime:0.001035s ]
SQL: SHOW COLUMNS FROM `jianghu_user` [ RunTime:0.0045s ]
SQL: SHOW COLUMNS FROM `jianghu_user` [ RunTime:0.0044s ]
SQL: SELECT * FROM jianghu_user u right join jianghu_user_domain d on u.id=d.user_id  GROUP BY u.id  [ RunTime:0.0324s ]

[ 2016-11-16T00:26:26+08:00 ] ::1 /jianghu/index.php/home/search/searchUser
INFO: [ app_init ] --START--
INFO: Run Behavior\BuildLiteBehavior [ RunTime:0.000012s ]
INFO: [ app_init ] --END-- [ RunTime:0.000521s ]
INFO: [ app_begin ] --START--
INFO: Run Behavior\ReadHtmlCacheBehavior [ RunTime:0.000743s ]
INFO: [ app_begin ] --END-- [ RunTime:0.000796s ]
SQL: SHOW COLUMNS FROM `jianghu_user` [ RunTime:0.0038s ]
SQL: SHOW COLUMNS FROM `jianghu_user` [ RunTime:0.0035s ]
SQL: SELECT * FROM jianghu_user u right join jianghu_user_domain d on u.id=d.user_id  GROUP BY u.id  [ RunTime:0.0054s ]

[ 2016-11-16T00:26:30+08:00 ] ::1 /jianghu/index.php/home/search/searchUser
INFO: [ app_init ] --START--
INFO: Run Behavior\BuildLiteBehavior [ RunTime:0.000019s ]
INFO: [ app_init ] --END-- [ RunTime:0.000815s ]
INFO: [ app_begin ] --START--
INFO: Run Behavior\ReadHtmlCacheBehavior [ RunTime:0.000781s ]
INFO: [ app_begin ] --END-- [ RunTime:0.000834s ]
SQL: SHOW COLUMNS FROM `jianghu_user` [ RunTime:0.0439s ]
SQL: SHOW COLUMNS FROM `jianghu_user` [ RunTime:0.0034s ]
SQL: SELECT * FROM jianghu_user u right join jianghu_user_domain d on u.id=d.user_id  GROUP BY u.id  [ RunTime:0.0050s ]

[ 2016-11-16T00:27:08+08:00 ] ::1 /jianghu/index.php/home/search/searchUser
INFO: [ app_init ] --START--
INFO: Run Behavior\BuildLiteBehavior [ RunTime:0.000013s ]
INFO: [ app_init ] --END-- [ RunTime:0.000587s ]
INFO: [ app_begin ] --START--
INFO: Run Behavior\ReadHtmlCacheBehavior [ RunTime:0.000841s ]
INFO: [ app_begin ] --END-- [ RunTime:0.000904s ]
SQL: SHOW COLUMNS FROM `jianghu_user` [ RunTime:0.0037s ]
SQL: SHOW COLUMNS FROM `jianghu_user` [ RunTime:0.0035s ]
SQL: SELECT * FROM jianghu_user u right join jianghu_user_domain d on u.id=d.user_id  WHERE u.username LIKE '%1%' OR d.domain LIKE '%1%' GROUP BY u.id  [ RunTime:0.0073s ]

[ 2016-11-16T00:27:29+08:00 ] ::1 /jianghu/index.php/home/search/searchUser
INFO: [ app_init ] --START--
INFO: Run Behavior\BuildLiteBehavior [ RunTime:0.000022s ]
INFO: [ app_init ] --END-- [ RunTime:0.000921s ]
INFO: [ app_begin ] --START--
INFO: Run Behavior\ReadHtmlCacheBehavior [ RunTime:0.000754s ]
INFO: [ app_begin ] --END-- [ RunTime:0.000824s ]
SQL: SHOW COLUMNS FROM `jianghu_user` [ RunTime:0.0100s ]
SQL: SHOW COLUMNS FROM `jianghu_user` [ RunTime:0.0047s ]
SQL: SELECT * FROM jianghu_user u right join jianghu_user_domain d on u.id=d.user_id  WHERE u.username LIKE '%运动%' OR d.domain LIKE '%运动%' GROUP BY u.id  [ RunTime:0.0059s ]

[ 2016-11-16T00:27:52+08:00 ] ::1 /jianghu/index.php/home/search/searchUser
INFO: [ app_init ] --START--
INFO: Run Behavior\BuildLiteBehavior [ RunTime:0.000027s ]
INFO: [ app_init ] --END-- [ RunTime:0.000763s ]
INFO: [ app_begin ] --START--
INFO: Run Behavior\ReadHtmlCacheBehavior [ RunTime:0.001002s ]
INFO: [ app_begin ] --END-- [ RunTime:0.001082s ]
SQL: SHOW COLUMNS FROM `jianghu_user` [ RunTime:0.0069s ]
SQL: SHOW COLUMNS FROM `jianghu_user` [ RunTime:0.0037s ]
SQL: SELECT * FROM jianghu_user u right join jianghu_user_domain d on u.id=d.user_id  WHERE u.username LIKE '%美食%' OR d.domain LIKE '%美食%' GROUP BY u.id  [ RunTime:0.0042s ]

[ 2016-11-16T00:28:39+08:00 ] ::1 /jianghu/index.php/home/search/searchUser
INFO: [ app_init ] --START--
INFO: Run Behavior\BuildLiteBehavior [ RunTime:0.000013s ]
INFO: [ app_init ] --END-- [ RunTime:0.000598s ]
INFO: [ app_begin ] --START--
INFO: Run Behavior\ReadHtmlCacheBehavior [ RunTime:0.000777s ]
INFO: [ app_begin ] --END-- [ RunTime:0.000830s ]
SQL: SHOW COLUMNS FROM `jianghu_user` [ RunTime:0.0051s ]
SQL: SHOW COLUMNS FROM `jianghu_user` [ RunTime:0.0043s ]
SQL: SELECT * FROM jianghu_user u right join jianghu_user_domain d on u.id=d.user_id  WHERE u.username LIKE '%美食%' OR d.domain LIKE '%美食%'  [ RunTime:0.0008s ]

[ 2016-11-16T00:30:05+08:00 ] ::1 /jianghu/index.php/home/search/searchUser
INFO: [ app_init ] --START--
INFO: Run Behavior\BuildLiteBehavior [ RunTime:0.000012s ]
INFO: [ app_init ] --END-- [ RunTime:0.000571s ]
INFO: [ app_begin ] --START--
INFO: Run Behavior\ReadHtmlCacheBehavior [ RunTime:0.000805s ]
INFO: [ app_begin ] --END-- [ RunTime:0.000874s ]
SQL: SHOW COLUMNS FROM `jianghu_user` [ RunTime:0.0057s ]
SQL: SHOW COLUMNS FROM `jianghu_user` [ RunTime:0.0043s ]
SQL: SELECT * FROM jianghu_user u right join jianghu_user_domain d on u.id=d.user_id  WHERE u.username LIKE '%美食运动%' OR d.domain LIKE '%美食运动%'  [ RunTime:0.0007s ]

[ 2016-11-16T00:36:24+08:00 ] ::1 /jianghu/index.php/home/search/searchUser
INFO: [ app_init ] --START--
INFO: Run Behavior\BuildLiteBehavior [ RunTime:0.000034s ]
INFO: [ app_init ] --END-- [ RunTime:0.000692s ]
INFO: [ app_begin ] --START--
INFO: Run Behavior\ReadHtmlCacheBehavior [ RunTime:0.000848s ]
INFO: [ app_begin ] --END-- [ RunTime:0.000912s ]
SQL: SHOW COLUMNS FROM `jianghu_user` [ RunTime:0.0068s ]
SQL: SHOW COLUMNS FROM `jianghu_user` [ RunTime:0.0066s ]
SQL: SELECT * FROM jianghu_user u right join jianghu_user_domain d on u.id=d.user_id  WHERE u.username LIKE '%0%' OR d.domain LIKE '%0%'  [ RunTime:0.0011s ]

[ 2016-11-16T00:39:56+08:00 ] ::1 /jianghu/index.php/home/search/searchUser
INFO: [ app_init ] --START--
INFO: Run Behavior\BuildLiteBehavior [ RunTime:0.000023s ]
INFO: [ app_init ] --END-- [ RunTime:0.000881s ]
INFO: [ app_begin ] --START--
INFO: Run Behavior\ReadHtmlCacheBehavior [ RunTime:0.000842s ]
INFO: [ app_begin ] --END-- [ RunTime:0.000975s ]
SQL: SHOW COLUMNS FROM `jianghu_user` [ RunTime:0.0052s ]
SQL: SHOW COLUMNS FROM `jianghu_user` [ RunTime:0.0052s ]
SQL: SELECT * FROM jianghu_user u left join jianghu_user_domain d on u.id=d.user_id  WHERE u.username LIKE '%0%' OR d.domain LIKE '%0%'  [ RunTime:0.0031s ]

[ 2016-11-16T00:42:07+08:00 ] ::1 /jianghu/index.php/home/search/searchUser
INFO: [ app_init ] --START--
INFO: Run Behavior\BuildLiteBehavior [ RunTime:0.000012s ]
INFO: [ app_init ] --END-- [ RunTime:0.000656s ]
INFO: [ app_begin ] --START--
INFO: Run Behavior\ReadHtmlCacheBehavior [ RunTime:0.000802s ]
INFO: [ app_begin ] --END-- [ RunTime:0.000854s ]
SQL: SHOW COLUMNS FROM `jianghu_user` [ RunTime:0.0050s ]
SQL: SHOW COLUMNS FROM `jianghu_user` [ RunTime:0.0039s ]
SQL: SELECT * FROM jianghu_user u right join jianghu_user_domain d on u.id=d.user_id  WHERE u.username LIKE '%0%' OR d.domain LIKE '%0%'  [ RunTime:0.0012s ]

[ 2016-11-16T00:42:27+08:00 ] ::1 /jianghu/index.php/home/search/searchUser
INFO: [ app_init ] --START--
INFO: Run Behavior\BuildLiteBehavior [ RunTime:0.000016s ]
INFO: [ app_init ] --END-- [ RunTime:0.000688s ]
INFO: [ app_begin ] --START--
INFO: Run Behavior\ReadHtmlCacheBehavior [ RunTime:0.000948s ]
INFO: [ app_begin ] --END-- [ RunTime:0.001019s ]
SQL: SHOW COLUMNS FROM `jianghu_user` [ RunTime:0.0062s ]
SQL: SHOW COLUMNS FROM `jianghu_user` [ RunTime:0.0033s ]
SQL: SELECT * FROM jianghu_user u right join jianghu_user_domain d on u.id=d.user_id  WHERE u.username LIKE '%小%' OR d.domain LIKE '%小%'  [ RunTime:0.0006s ]

[ 2016-11-16T00:43:26+08:00 ] ::1 /jianghu/index.php/home/search/searchUser
INFO: [ app_init ] --START--
INFO: Run Behavior\BuildLiteBehavior [ RunTime:0.000013s ]
INFO: [ app_init ] --END-- [ RunTime:0.000579s ]
INFO: [ app_begin ] --START--
INFO: Run Behavior\ReadHtmlCacheBehavior [ RunTime:0.000834s ]
INFO: [ app_begin ] --END-- [ RunTime:0.000907s ]

[ 2016-11-16T00:43:57+08:00 ] ::1 /jianghu/index.php/home/search/searchUser
INFO: [ app_init ] --START--
INFO: Run Behavior\BuildLiteBehavior [ RunTime:0.000021s ]
INFO: [ app_init ] --END-- [ RunTime:0.000898s ]
INFO: [ app_begin ] --START--
INFO: Run Behavior\ReadHtmlCacheBehavior [ RunTime:0.000841s ]
INFO: [ app_begin ] --END-- [ RunTime:0.000908s ]
SQL: SHOW COLUMNS FROM `jianghu_user` [ RunTime:0.0054s ]
SQL: SHOW COLUMNS FROM `jianghu_user` [ RunTime:0.0043s ]
SQL: SELECT u.id,u.username FROM jianghu_user u right join jianghu_user_domain d on u.id=d.user_id  WHERE u.username LIKE '%小%' OR d.domain LIKE '%小%'  [ RunTime:0.0005s ]

[ 2016-11-16T00:44:23+08:00 ] ::1 /jianghu/index.php/home/search/searchUser
INFO: [ app_init ] --START--
INFO: Run Behavior\BuildLiteBehavior [ RunTime:0.000012s ]
INFO: [ app_init ] --END-- [ RunTime:0.000581s ]
INFO: [ app_begin ] --START--
INFO: Run Behavior\ReadHtmlCacheBehavior [ RunTime:0.001389s ]
INFO: [ app_begin ] --END-- [ RunTime:0.001482s ]
SQL: SHOW COLUMNS FROM `jianghu_user` [ RunTime:0.0048s ]
SQL: SHOW COLUMNS FROM `jianghu_user` [ RunTime:0.0038s ]
SQL: SELECT u.id,u.username FROM jianghu_user u right join jianghu_user_domain d on u.id=d.user_id  WHERE u.username LIKE '%小%' OR d.domain LIKE '%小%' GROUP BY u.id  [ RunTime:0.0010s ]

[ 2016-11-16T19:28:42+08:00 ] ::1 /jianghu/index.php/home/introduce/checkComment
INFO: [ app_init ] --START--
INFO: Run Behavior\BuildLiteBehavior [ RunTime:0.000012s ]
INFO: [ app_init ] --END-- [ RunTime:0.000685s ]
INFO: [ app_begin ] --START--
INFO: Run Behavior\ReadHtmlCacheBehavior [ RunTime:0.002196s ]
INFO: [ app_begin ] --END-- [ RunTime:0.002309s ]
SQL: SHOW COLUMNS FROM `jianghu_token` [ RunTime:0.0058s ]
SQL: SHOW COLUMNS FROM `jianghu_user` [ RunTime:0.0048s ]
SQL: SHOW COLUMNS FROM `jianghu_login_count` [ RunTime:0.0034s ]
SQL: SHOW COLUMNS FROM `jianghu_daily_num` [ RunTime:0.0039s ]
SQL: SELECT * FROM `jianghu_token` WHERE `token` = 'a7369773cfc392c5516570ee3194fa4a' AND `state` = 0 LIMIT 1   [ RunTime:0.0007s ]
SQL: SELECT `isban` FROM `jianghu_user` WHERE `id` = 1 LIMIT 1   [ RunTime:0.0004s ]
SQL: SELECT * FROM `jianghu_login_count` WHERE `user_id` = 1 AND `date` = '2016-11-16' LIMIT 1   [ RunTime:0.0004s ]
SQL: SELECT * FROM `jianghu_daily_num` WHERE `date` = '2016-11-16' LIMIT 1   [ RunTime:0.0003s ]
SQL: SELECT `jointime` FROM `jianghu_user` WHERE `id` = 1 LIMIT 1   [ RunTime:0.0003s ]
SQL: INSERT INTO `jianghu_login_count` (`user_id`,`date`) VALUES ('1','2016-11-16') [ RunTime:0.0830s ]
SQL: UPDATE `jianghu_user` SET `praisenum`=praisenum+1 WHERE `id` = 1 [ RunTime:0.0359s ]
SQL: SELECT * FROM `jianghu_daily_num` WHERE `date` = '2016-11-16'  [ RunTime:0.0004s ]
SQL: INSERT INTO `jianghu_daily_num` (`date`,`lognum`) VALUES ('2016-11-16','1') [ RunTime:0.0319s ]
SQL: SHOW COLUMNS FROM `jianghu_comment` [ RunTime:0.0042s ]
SQL: SHOW COLUMNS FROM `jianghu_friend` [ RunTime:0.0047s ]
SQL: SELECT `friend_id` FROM `jianghu_friend` WHERE `user_id` = 1  [ RunTime:0.0030s ]
SQL: SELECT * FROM `jianghu_comment` WHERE `user_id` IN ('5','4','3','2','1','6','7','18') ORDER BY time desc  [ RunTime:0.0007s ]

[ 2016-11-16T19:34:30+08:00 ] ::1 /jianghu/index.php/home/introduce/checkComment
INFO: [ app_init ] --START--
INFO: Run Behavior\BuildLiteBehavior [ RunTime:0.000014s ]
INFO: [ app_init ] --END-- [ RunTime:0.000773s ]
INFO: [ app_begin ] --START--
INFO: Run Behavior\ReadHtmlCacheBehavior [ RunTime:0.000773s ]
INFO: [ app_begin ] --END-- [ RunTime:0.000839s ]
SQL: SHOW COLUMNS FROM `jianghu_token` [ RunTime:0.0039s ]
SQL: SHOW COLUMNS FROM `jianghu_user` [ RunTime:0.0046s ]
SQL: SHOW COLUMNS FROM `jianghu_login_count` [ RunTime:0.0034s ]
SQL: SHOW COLUMNS FROM `jianghu_daily_num` [ RunTime:0.0038s ]
SQL: SELECT * FROM `jianghu_token` WHERE `token` = 'a7369773cfc392c5516570ee3194fa4a' AND `state` = 0 LIMIT 1   [ RunTime:0.0004s ]
SQL: SELECT `isban` FROM `jianghu_user` WHERE `id` = 1 LIMIT 1   [ RunTime:0.0003s ]
SQL: SELECT * FROM `jianghu_login_count` WHERE `user_id` = 1 AND `date` = '2016-11-16' LIMIT 1   [ RunTime:0.0003s ]
SQL: SELECT * FROM `jianghu_daily_num` WHERE `date` = '2016-11-16' LIMIT 1   [ RunTime:0.0003s ]
SQL: SELECT `jointime` FROM `jianghu_user` WHERE `id` = 1 LIMIT 1   [ RunTime:0.0003s ]
SQL: SHOW COLUMNS FROM `jianghu_comment` [ RunTime:0.0041s ]
SQL: SHOW COLUMNS FROM `jianghu_friend` [ RunTime:0.0045s ]
SQL: SELECT `friend_id` FROM `jianghu_friend` WHERE `user_id` = 1  [ RunTime:0.0042s ]
SQL: SELECT * FROM `jianghu_comment` WHERE `user_id` IN ('5','4','3','2','1','6','7','18') ORDER BY time desc  [ RunTime:0.0011s ]
SQL: SELECT `username` FROM `jianghu_user` WHERE `id` = 1 LIMIT 1   [ RunTime:0.0006s ]
SQL: SELECT `faceurl` FROM `jianghu_user` WHERE `id` = 1 LIMIT 1   [ RunTime:0.0005s ]
SQL: SELECT `username` FROM `jianghu_user` WHERE `id` = 1 LIMIT 1   [ RunTime:0.0004s ]
SQL: SELECT `faceurl` FROM `jianghu_user` WHERE `id` = 1 LIMIT 1   [ RunTime:0.0007s ]
SQL: SELECT `username` FROM `jianghu_user` WHERE `id` = 1 LIMIT 1   [ RunTime:0.0013s ]
SQL: SELECT `faceurl` FROM `jianghu_user` WHERE `id` = 1 LIMIT 1   [ RunTime:0.0009s ]
SQL: SELECT `username` FROM `jianghu_user` WHERE `id` = 1 LIMIT 1   [ RunTime:0.0006s ]
SQL: SELECT `faceurl` FROM `jianghu_user` WHERE `id` = 1 LIMIT 1   [ RunTime:0.0004s ]
SQL: SELECT `username` FROM `jianghu_user` WHERE `id` = 1 LIMIT 1   [ RunTime:0.0004s ]
SQL: SELECT `faceurl` FROM `jianghu_user` WHERE `id` = 1 LIMIT 1   [ RunTime:0.0003s ]
SQL: SELECT `username` FROM `jianghu_user` WHERE `id` = 1 LIMIT 1   [ RunTime:0.0003s ]
SQL: SELECT `faceurl` FROM `jianghu_user` WHERE `id` = 1 LIMIT 1   [ RunTime:0.0002s ]
SQL: SELECT `username` FROM `jianghu_user` WHERE `id` = 1 LIMIT 1   [ RunTime:0.0002s ]
SQL: SELECT `faceurl` FROM `jianghu_user` WHERE `id` = 1 LIMIT 1   [ RunTime:0.0002s ]
SQL: SELECT `username` FROM `jianghu_user` WHERE `id` = 1 LIMIT 1   [ RunTime:0.0003s ]
SQL: SELECT `faceurl` FROM `jianghu_user` WHERE `id` = 1 LIMIT 1   [ RunTime:0.0003s ]
SQL: SELECT `username` FROM `jianghu_user` WHERE `id` = 1 LIMIT 1   [ RunTime:0.0002s ]
SQL: SELECT `faceurl` FROM `jianghu_user` WHERE `id` = 1 LIMIT 1   [ RunTime:0.0002s ]
SQL: SELECT `username` FROM `jianghu_user` WHERE `id` = 1 LIMIT 1   [ RunTime:0.0002s ]
SQL: SELECT `faceurl` FROM `jianghu_user` WHERE `id` = 1 LIMIT 1   [ RunTime:0.0003s ]

[ 2016-11-16T19:35:32+08:00 ] ::1 /jianghu/index.php/home/introduce/checkComment
INFO: [ app_init ] --START--
INFO: Run Behavior\BuildLiteBehavior [ RunTime:0.000013s ]
INFO: [ app_init ] --END-- [ RunTime:0.000607s ]
INFO: [ app_begin ] --START--
INFO: Run Behavior\ReadHtmlCacheBehavior [ RunTime:0.000707s ]
INFO: [ app_begin ] --END-- [ RunTime:0.000773s ]
SQL: SHOW COLUMNS FROM `jianghu_token` [ RunTime:0.0034s ]
SQL: SHOW COLUMNS FROM `jianghu_user` [ RunTime:0.0043s ]
SQL: SHOW COLUMNS FROM `jianghu_login_count` [ RunTime:0.0034s ]
SQL: SHOW COLUMNS FROM `jianghu_daily_num` [ RunTime:0.0039s ]
SQL: SELECT * FROM `jianghu_token` WHERE `token` = 'a7369773cfc392c5516570ee3194fa4a' AND `state` = 0 LIMIT 1   [ RunTime:0.0006s ]
SQL: SELECT `isban` FROM `jianghu_user` WHERE `id` = 1 LIMIT 1   [ RunTime:0.0005s ]
SQL: SELECT * FROM `jianghu_login_count` WHERE `user_id` = 1 AND `date` = '2016-11-16' LIMIT 1   [ RunTime:0.0004s ]
SQL: SELECT * FROM `jianghu_daily_num` WHERE `date` = '2016-11-16' LIMIT 1   [ RunTime:0.0003s ]
SQL: SELECT `jointime` FROM `jianghu_user` WHERE `id` = 1 LIMIT 1   [ RunTime:0.0003s ]
SQL: SHOW COLUMNS FROM `jianghu_comment` [ RunTime:0.0040s ]
SQL: SHOW COLUMNS FROM `jianghu_friend` [ RunTime:0.0034s ]
SQL: SELECT `friend_id` FROM `jianghu_friend` WHERE `user_id` = 1  [ RunTime:0.0004s ]
SQL: SELECT * FROM `jianghu_comment` WHERE `user_id` IN ('5','4','3','2','1','6','7','18') AND `introduce_id` = 90 ORDER BY time desc  [ RunTime:0.0004s ]
SQL: SELECT `username` FROM `jianghu_user` WHERE `id` = 1 LIMIT 1   [ RunTime:0.0004s ]
SQL: SELECT `faceurl` FROM `jianghu_user` WHERE `id` = 1 LIMIT 1   [ RunTime:0.0006s ]

[ 2016-11-16T19:55:12+08:00 ] ::1 /jianghu/index.php/home/user/checkUserDetail
INFO: [ app_init ] --START--
INFO: Run Behavior\BuildLiteBehavior [ RunTime:0.000013s ]
INFO: [ app_init ] --END-- [ RunTime:0.000615s ]
INFO: [ app_begin ] --START--
INFO: Run Behavior\ReadHtmlCacheBehavior [ RunTime:0.000656s ]
INFO: [ app_begin ] --END-- [ RunTime:0.000703s ]
SQL: SHOW COLUMNS FROM `jianghu_user` [ RunTime:0.0052s ]
SQL: SHOW COLUMNS FROM `jianghu_user_domain` [ RunTime:0.0047s ]
SQL: SELECT * FROM `jianghu_user_domain` WHERE `user_id` = 1  [ RunTime:0.0006s ]
SQL: SELECT * FROM `jianghu_user` WHERE `id` = 1 LIMIT 1   [ RunTime:0.0005s ]
NOTIC: [2] Illegal string offset 'domain' D:\xampp\htdocs\jianghu\Application\Home\Controller\UserController.class.php 第 293 行.
NOTIC: [8] Undefined variable: domain D:\xampp\htdocs\jianghu\Application\Home\Controller\UserController.class.php 第 293 行.
NOTIC: [2] Illegal string offset 'domain' D:\xampp\htdocs\jianghu\Application\Home\Controller\UserController.class.php 第 293 行.
NOTIC: [8] Undefined variable: domain D:\xampp\htdocs\jianghu\Application\Home\Controller\UserController.class.php 第 293 行.
NOTIC: [2] Illegal string offset 'domain' D:\xampp\htdocs\jianghu\Application\Home\Controller\UserController.class.php 第 293 行.
NOTIC: [8] Undefined variable: domain D:\xampp\htdocs\jianghu\Application\Home\Controller\UserController.class.php 第 293 行.
NOTIC: [2] Illegal string offset 'domain' D:\xampp\htdocs\jianghu\Application\Home\Controller\UserController.class.php 第 293 行.
NOTIC: [8] Undefined variable: domain D:\xampp\htdocs\jianghu\Application\Home\Controller\UserController.class.php 第 293 行.
NOTIC: [2] Illegal string offset 'domain' D:\xampp\htdocs\jianghu\Application\Home\Controller\UserController.class.php 第 293 行.
NOTIC: [8] Undefined variable: domain D:\xampp\htdocs\jianghu\Application\Home\Controller\UserController.class.php 第 293 行.
NOTIC: [2] Illegal string offset 'domain' D:\xampp\htdocs\jianghu\Application\Home\Controller\UserController.class.php 第 293 行.
NOTIC: [8] Undefined variable: domain D:\xampp\htdocs\jianghu\Application\Home\Controller\UserController.class.php 第 293 行.
NOTIC: [2] Illegal string offset 'domain' D:\xampp\htdocs\jianghu\Application\Home\Controller\UserController.class.php 第 293 行.
NOTIC: [8] Undefined variable: domain D:\xampp\htdocs\jianghu\Application\Home\Controller\UserController.class.php 第 293 行.
NOTIC: [2] Illegal string offset 'domain' D:\xampp\htdocs\jianghu\Application\Home\Controller\UserController.class.php 第 293 行.
NOTIC: [8] Undefined variable: domain D:\xampp\htdocs\jianghu\Application\Home\Controller\UserController.class.php 第 293 行.
NOTIC: [2] Illegal string offset 'domain' D:\xampp\htdocs\jianghu\Application\Home\Controller\UserController.class.php 第 293 行.
NOTIC: [8] Undefined variable: domain D:\xampp\htdocs\jianghu\Application\Home\Controller\UserController.class.php 第 293 行.
NOTIC: [8] Undefined variable: domain D:\xampp\htdocs\jianghu\Application\Home\Controller\UserController.class.php 第 293 行.
NOTIC: [2] Illegal string offset 'domain' D:\xampp\htdocs\jianghu\Application\Home\Controller\UserController.class.php 第 293 行.
NOTIC: [8] Undefined variable: domain D:\xampp\htdocs\jianghu\Application\Home\Controller\UserController.class.php 第 293 行.
NOTIC: [2] Illegal string offset 'domain' D:\xampp\htdocs\jianghu\Application\Home\Controller\UserController.class.php 第 293 行.
NOTIC: [8] Undefined variable: domain D:\xampp\htdocs\jianghu\Application\Home\Controller\UserController.class.php 第 293 行.
NOTIC: [8] Undefined variable: domain D:\xampp\htdocs\jianghu\Application\Home\Controller\UserController.class.php 第 293 行.
NOTIC: [8] Undefined variable: domain D:\xampp\htdocs\jianghu\Application\Home\Controller\UserController.class.php 第 293 行.
NOTIC: [2] Illegal string offset 'domain' D:\xampp\htdocs\jianghu\Application\Home\Controller\UserController.class.php 第 293 行.
NOTIC: [8] Undefined variable: domain D:\xampp\htdocs\jianghu\Application\Home\Controller\UserController.class.php 第 293 行.
NOTIC: [2] Illegal string offset 'domain' D:\xampp\htdocs\jianghu\Application\Home\Controller\UserController.class.php 第 293 行.
NOTIC: [8] Undefined variable: domain D:\xampp\htdocs\jianghu\Application\Home\Controller\UserController.class.php 第 293 行.
NOTIC: [2] Illegal string offset 'domain' D:\xampp\htdocs\jianghu\Application\Home\Controller\UserController.class.php 第 293 行.
NOTIC: [8] Undefined variable: domain D:\xampp\htdocs\jianghu\Application\Home\Controller\UserController.class.php 第 293 行.
NOTIC: [2] Illegal string offset 'domain' D:\xampp\htdocs\jianghu\Application\Home\Controller\UserController.class.php 第 293 行.
NOTIC: [8] Undefined variable: domain D:\xampp\htdocs\jianghu\Application\Home\Controller\UserController.class.php 第 293 行.

[ 2016-11-16T19:55:22+08:00 ] ::1 /jianghu/index.php/home/user/checkUserDetail
INFO: [ app_init ] --START--
INFO: Run Behavior\BuildLiteBehavior [ RunTime:0.000026s ]
INFO: [ app_init ] --END-- [ RunTime:0.000756s ]
INFO: [ app_begin ] --START--
INFO: Run Behavior\ReadHtmlCacheBehavior [ RunTime:0.000717s ]
INFO: [ app_begin ] --END-- [ RunTime:0.000771s ]
SQL: SHOW COLUMNS FROM `jianghu_user` [ RunTime:0.0054s ]
SQL: SHOW COLUMNS FROM `jianghu_user_domain` [ RunTime:0.0034s ]
SQL: SELECT * FROM `jianghu_user_domain` WHERE `user_id` = 1  [ RunTime:0.0004s ]
SQL: SELECT * FROM `jianghu_user` WHERE `id` = 1 LIMIT 1   [ RunTime:0.0004s ]
NOTIC: [2] Illegal string offset 'domain' D:\xampp\htdocs\jianghu\Application\Home\Controller\UserController.class.php 第 293 行.
NOTIC: [8] Undefined variable: domain D:\xampp\htdocs\jianghu\Application\Home\Controller\UserController.class.php 第 293 行.
NOTIC: [2] Illegal string offset 'domain' D:\xampp\htdocs\jianghu\Application\Home\Controller\UserController.class.php 第 293 行.
NOTIC: [8] Undefined variable: domain D:\xampp\htdocs\jianghu\Application\Home\Controller\UserController.class.php 第 293 行.
NOTIC: [2] Illegal string offset 'domain' D:\xampp\htdocs\jianghu\Application\Home\Controller\UserController.class.php 第 293 行.
NOTIC: [8] Undefined variable: domain D:\xampp\htdocs\jianghu\Application\Home\Controller\UserController.class.php 第 293 行.
NOTIC: [2] Illegal string offset 'domain' D:\xampp\htdocs\jianghu\Application\Home\Controller\UserController.class.php 第 293 行.
NOTIC: [8] Undefined variable: domain D:\xampp\htdocs\jianghu\Application\Home\Controller\UserController.class.php 第 293 行.
NOTIC: [2] Illegal string offset 'domain' D:\xampp\htdocs\jianghu\Application\Home\Controller\UserController.class.php 第 293 行.
NOTIC: [8] Undefined variable: domain D:\xampp\htdocs\jianghu\Application\Home\Controller\UserController.class.php 第 293 行.
NOTIC: [2] Illegal string offset 'domain' D:\xampp\htdocs\jianghu\Application\Home\Controller\UserController.class.php 第 293 行.
NOTIC: [8] Undefined variable: domain D:\xampp\htdocs\jianghu\Application\Home\Controller\UserController.class.php 第 293 行.
NOTIC: [2] Illegal string offset 'domain' D:\xampp\htdocs\jianghu\Application\Home\Controller\UserController.class.php 第 293 行.
NOTIC: [8] Undefined variable: domain D:\xampp\htdocs\jianghu\Application\Home\Controller\UserController.class.php 第 293 行.
NOTIC: [2] Illegal string offset 'domain' D:\xampp\htdocs\jianghu\Application\Home\Controller\UserController.class.php 第 293 行.
NOTIC: [8] Undefined variable: domain D:\xampp\htdocs\jianghu\Application\Home\Controller\UserController.class.php 第 293 行.
NOTIC: [2] Illegal string offset 'domain' D:\xampp\htdocs\jianghu\Application\Home\Controller\UserController.class.php 第 293 行.
NOTIC: [8] Undefined variable: domain D:\xampp\htdocs\jianghu\Application\Home\Controller\UserController.class.php 第 293 行.
NOTIC: [8] Undefined variable: domain D:\xampp\htdocs\jianghu\Application\Home\Controller\UserController.class.php 第 293 行.
NOTIC: [2] Illegal string offset 'domain' D:\xampp\htdocs\jianghu\Application\Home\Controller\UserController.class.php 第 293 行.
NOTIC: [8] Undefined variable: domain D:\xampp\htdocs\jianghu\Application\Home\Controller\UserController.class.php 第 293 行.
NOTIC: [2] Illegal string offset 'domain' D:\xampp\htdocs\jianghu\Application\Home\Controller\UserController.class.php 第 293 行.
NOTIC: [8] Undefined variable: domain D:\xampp\htdocs\jianghu\Application\Home\Controller\UserController.class.php 第 293 行.
NOTIC: [8] Undefined variable: domain D:\xampp\htdocs\jianghu\Application\Home\Controller\UserController.class.php 第 293 行.
NOTIC: [8] Undefined variable: domain D:\xampp\htdocs\jianghu\Application\Home\Controller\UserController.class.php 第 293 行.
NOTIC: [2] Illegal string offset 'domain' D:\xampp\htdocs\jianghu\Application\Home\Controller\UserController.class.php 第 293 行.
NOTIC: [8] Undefined variable: domain D:\xampp\htdocs\jianghu\Application\Home\Controller\UserController.class.php 第 293 行.
NOTIC: [2] Illegal string offset 'domain' D:\xampp\htdocs\jianghu\Application\Home\Controller\UserController.class.php 第 293 行.
NOTIC: [8] Undefined variable: domain D:\xampp\htdocs\jianghu\Application\Home\Controller\UserController.class.php 第 293 行.
NOTIC: [2] Illegal string offset 'domain' D:\xampp\htdocs\jianghu\Application\Home\Controller\UserController.class.php 第 293 行.
NOTIC: [8] Undefined variable: domain D:\xampp\htdocs\jianghu\Application\Home\Controller\UserController.class.php 第 293 行.
NOTIC: [2] Illegal string offset 'domain' D:\xampp\htdocs\jianghu\Application\Home\Controller\UserController.class.php 第 293 行.
NOTIC: [8] Undefined variable: domain D:\xampp\htdocs\jianghu\Application\Home\Controller\UserController.class.php 第 293 行.

[ 2016-11-16T19:56:03+08:00 ] ::1 /jianghu/index.php/home/user/checkUserDetail
INFO: [ app_init ] --START--
INFO: Run Behavior\BuildLiteBehavior [ RunTime:0.000018s ]
INFO: [ app_init ] --END-- [ RunTime:0.000758s ]
INFO: [ app_begin ] --START--
INFO: Run Behavior\ReadHtmlCacheBehavior [ RunTime:0.000827s ]
INFO: [ app_begin ] --END-- [ RunTime:0.000892s ]
SQL: SHOW COLUMNS FROM `jianghu_user` [ RunTime:0.0059s ]
SQL: SHOW COLUMNS FROM `jianghu_user_domain` [ RunTime:0.0044s ]
SQL: SELECT * FROM `jianghu_user_domain` WHERE `user_id` = 1  [ RunTime:0.0004s ]
SQL: SELECT * FROM `jianghu_user` WHERE `id` = 1 LIMIT 1   [ RunTime:0.0004s ]
NOTIC: [2] Illegal string offset 'domain' D:\xampp\htdocs\jianghu\Application\Home\Controller\UserController.class.php 第 293 行.
NOTIC: [8] Undefined variable: domain D:\xampp\htdocs\jianghu\Application\Home\Controller\UserController.class.php 第 293 行.
NOTIC: [2] Illegal string offset 'domain' D:\xampp\htdocs\jianghu\Application\Home\Controller\UserController.class.php 第 293 行.
NOTIC: [8] Undefined variable: domain D:\xampp\htdocs\jianghu\Application\Home\Controller\UserController.class.php 第 293 行.
NOTIC: [2] Illegal string offset 'domain' D:\xampp\htdocs\jianghu\Application\Home\Controller\UserController.class.php 第 293 行.
NOTIC: [8] Undefined variable: domain D:\xampp\htdocs\jianghu\Application\Home\Controller\UserController.class.php 第 293 行.
NOTIC: [2] Illegal string offset 'domain' D:\xampp\htdocs\jianghu\Application\Home\Controller\UserController.class.php 第 293 行.
NOTIC: [8] Undefined variable: domain D:\xampp\htdocs\jianghu\Application\Home\Controller\UserController.class.php 第 293 行.
NOTIC: [2] Illegal string offset 'domain' D:\xampp\htdocs\jianghu\Application\Home\Controller\UserController.class.php 第 293 行.
NOTIC: [8] Undefined variable: domain D:\xampp\htdocs\jianghu\Application\Home\Controller\UserController.class.php 第 293 行.
NOTIC: [2] Illegal string offset 'domain' D:\xampp\htdocs\jianghu\Application\Home\Controller\UserController.class.php 第 293 行.
NOTIC: [8] Undefined variable: domain D:\xampp\htdocs\jianghu\Application\Home\Controller\UserController.class.php 第 293 行.
NOTIC: [2] Illegal string offset 'domain' D:\xampp\htdocs\jianghu\Application\Home\Controller\UserController.class.php 第 293 行.
NOTIC: [8] Undefined variable: domain D:\xampp\htdocs\jianghu\Application\Home\Controller\UserController.class.php 第 293 行.
NOTIC: [2] Illegal string offset 'domain' D:\xampp\htdocs\jianghu\Application\Home\Controller\UserController.class.php 第 293 行.
NOTIC: [8] Undefined variable: domain D:\xampp\htdocs\jianghu\Application\Home\Controller\UserController.class.php 第 293 行.
NOTIC: [2] Illegal string offset 'domain' D:\xampp\htdocs\jianghu\Application\Home\Controller\UserController.class.php 第 293 行.
NOTIC: [8] Undefined variable: domain D:\xampp\htdocs\jianghu\Application\Home\Controller\UserController.class.php 第 293 行.
NOTIC: [8] Undefined variable: domain D:\xampp\htdocs\jianghu\Application\Home\Controller\UserController.class.php 第 293 行.
NOTIC: [2] Illegal string offset 'domain' D:\xampp\htdocs\jianghu\Application\Home\Controller\UserController.class.php 第 293 行.
NOTIC: [8] Undefined variable: domain D:\xampp\htdocs\jianghu\Application\Home\Controller\UserController.class.php 第 293 行.
NOTIC: [2] Illegal string offset 'domain' D:\xampp\htdocs\jianghu\Application\Home\Controller\UserController.class.php 第 293 行.
NOTIC: [8] Undefined variable: domain D:\xampp\htdocs\jianghu\Application\Home\Controller\UserController.class.php 第 293 行.
NOTIC: [8] Undefined variable: domain D:\xampp\htdocs\jianghu\Application\Home\Controller\UserController.class.php 第 293 行.
NOTIC: [8] Undefined variable: domain D:\xampp\htdocs\jianghu\Application\Home\Controller\UserController.class.php 第 293 行.
NOTIC: [2] Illegal string offset 'domain' D:\xampp\htdocs\jianghu\Application\Home\Controller\UserController.class.php 第 293 行.
NOTIC: [8] Undefined variable: domain D:\xampp\htdocs\jianghu\Application\Home\Controller\UserController.class.php 第 293 行.
NOTIC: [2] Illegal string offset 'domain' D:\xampp\htdocs\jianghu\Application\Home\Controller\UserController.class.php 第 293 行.
NOTIC: [8] Undefined variable: domain D:\xampp\htdocs\jianghu\Application\Home\Controller\UserController.class.php 第 293 行.
NOTIC: [2] Illegal string offset 'domain' D:\xampp\htdocs\jianghu\Application\Home\Controller\UserController.class.php 第 293 行.
NOTIC: [8] Undefined variable: domain D:\xampp\htdocs\jianghu\Application\Home\Controller\UserController.class.php 第 293 行.
NOTIC: [2] Illegal string offset 'domain' D:\xampp\htdocs\jianghu\Application\Home\Controller\UserController.class.php 第 293 行.
NOTIC: [8] Undefined variable: domain D:\xampp\htdocs\jianghu\Application\Home\Controller\UserController.class.php 第 293 行.

[ 2016-11-16T19:56:06+08:00 ] ::1 /jianghu/index.php/home/user/checkUserDetail
INFO: [ app_init ] --START--
INFO: Run Behavior\BuildLiteBehavior [ RunTime:0.000016s ]
INFO: [ app_init ] --END-- [ RunTime:0.000608s ]
INFO: [ app_begin ] --START--
INFO: Run Behavior\ReadHtmlCacheBehavior [ RunTime:0.001233s ]
INFO: [ app_begin ] --END-- [ RunTime:0.001329s ]
SQL: SHOW COLUMNS FROM `jianghu_user` [ RunTime:0.0049s ]
SQL: SHOW COLUMNS FROM `jianghu_user_domain` [ RunTime:0.0032s ]
SQL: SELECT * FROM `jianghu_user_domain` WHERE `user_id` = 1  [ RunTime:0.0003s ]
SQL: SELECT * FROM `jianghu_user` WHERE `id` = 1 LIMIT 1   [ RunTime:0.0003s ]
NOTIC: [2] Illegal string offset 'domain' D:\xampp\htdocs\jianghu\Application\Home\Controller\UserController.class.php 第 293 行.
NOTIC: [8] Undefined variable: domain D:\xampp\htdocs\jianghu\Application\Home\Controller\UserController.class.php 第 293 行.
NOTIC: [2] Illegal string offset 'domain' D:\xampp\htdocs\jianghu\Application\Home\Controller\UserController.class.php 第 293 行.
NOTIC: [8] Undefined variable: domain D:\xampp\htdocs\jianghu\Application\Home\Controller\UserController.class.php 第 293 行.
NOTIC: [2] Illegal string offset 'domain' D:\xampp\htdocs\jianghu\Application\Home\Controller\UserController.class.php 第 293 行.
NOTIC: [8] Undefined variable: domain D:\xampp\htdocs\jianghu\Application\Home\Controller\UserController.class.php 第 293 行.
NOTIC: [2] Illegal string offset 'domain' D:\xampp\htdocs\jianghu\Application\Home\Controller\UserController.class.php 第 293 行.
NOTIC: [8] Undefined variable: domain D:\xampp\htdocs\jianghu\Application\Home\Controller\UserController.class.php 第 293 行.
NOTIC: [2] Illegal string offset 'domain' D:\xampp\htdocs\jianghu\Application\Home\Controller\UserController.class.php 第 293 行.
NOTIC: [8] Undefined variable: domain D:\xampp\htdocs\jianghu\Application\Home\Controller\UserController.class.php 第 293 行.
NOTIC: [2] Illegal string offset 'domain' D:\xampp\htdocs\jianghu\Application\Home\Controller\UserController.class.php 第 293 行.
NOTIC: [8] Undefined variable: domain D:\xampp\htdocs\jianghu\Application\Home\Controller\UserController.class.php 第 293 行.
NOTIC: [2] Illegal string offset 'domain' D:\xampp\htdocs\jianghu\Application\Home\Controller\UserController.class.php 第 293 行.
NOTIC: [8] Undefined variable: domain D:\xampp\htdocs\jianghu\Application\Home\Controller\UserController.class.php 第 293 行.
NOTIC: [2] Illegal string offset 'domain' D:\xampp\htdocs\jianghu\Application\Home\Controller\UserController.class.php 第 293 行.
NOTIC: [8] Undefined variable: domain D:\xampp\htdocs\jianghu\Application\Home\Controller\UserController.class.php 第 293 行.
NOTIC: [2] Illegal string offset 'domain' D:\xampp\htdocs\jianghu\Application\Home\Controller\UserController.class.php 第 293 行.
NOTIC: [8] Undefined variable: domain D:\xampp\htdocs\jianghu\Application\Home\Controller\UserController.class.php 第 293 行.
NOTIC: [8] Undefined variable: domain D:\xampp\htdocs\jianghu\Application\Home\Controller\UserController.class.php 第 293 行.
NOTIC: [2] Illegal string offset 'domain' D:\xampp\htdocs\jianghu\Application\Home\Controller\UserController.class.php 第 293 行.
NOTIC: [8] Undefined variable: domain D:\xampp\htdocs\jianghu\Application\Home\Controller\UserController.class.php 第 293 行.
NOTIC: [2] Illegal string offset 'domain' D:\xampp\htdocs\jianghu\Application\Home\Controller\UserController.class.php 第 293 行.
NOTIC: [8] Undefined variable: domain D:\xampp\htdocs\jianghu\Application\Home\Controller\UserController.class.php 第 293 行.
NOTIC: [8] Undefined variable: domain D:\xampp\htdocs\jianghu\Application\Home\Controller\UserController.class.php 第 293 行.
NOTIC: [8] Undefined variable: domain D:\xampp\htdocs\jianghu\Application\Home\Controller\UserController.class.php 第 293 行.
NOTIC: [2] Illegal string offset 'domain' D:\xampp\htdocs\jianghu\Application\Home\Controller\UserController.class.php 第 293 行.
NOTIC: [8] Undefined variable: domain D:\xampp\htdocs\jianghu\Application\Home\Controller\UserController.class.php 第 293 行.
NOTIC: [2] Illegal string offset 'domain' D:\xampp\htdocs\jianghu\Application\Home\Controller\UserController.class.php 第 293 行.
NOTIC: [8] Undefined variable: domain D:\xampp\htdocs\jianghu\Application\Home\Controller\UserController.class.php 第 293 行.
NOTIC: [2] Illegal string offset 'domain' D:\xampp\htdocs\jianghu\Application\Home\Controller\UserController.class.php 第 293 行.
NOTIC: [8] Undefined variable: domain D:\xampp\htdocs\jianghu\Application\Home\Controller\UserController.class.php 第 293 行.
NOTIC: [2] Illegal string offset 'domain' D:\xampp\htdocs\jianghu\Application\Home\Controller\UserController.class.php 第 293 行.
NOTIC: [8] Undefined variable: domain D:\xampp\htdocs\jianghu\Application\Home\Controller\UserController.class.php 第 293 行.

[ 2016-11-16T19:57:45+08:00 ] ::1 /jianghu/index.php/home/user/checkUserDetail
INFO: [ app_init ] --START--
INFO: Run Behavior\BuildLiteBehavior [ RunTime:0.000014s ]
INFO: [ app_init ] --END-- [ RunTime:0.000559s ]
INFO: [ app_begin ] --START--
INFO: Run Behavior\ReadHtmlCacheBehavior [ RunTime:0.000851s ]
INFO: [ app_begin ] --END-- [ RunTime:0.000914s ]
SQL: SHOW COLUMNS FROM `jianghu_user` [ RunTime:0.0040s ]
SQL: SHOW COLUMNS FROM `jianghu_user_domain` [ RunTime:0.0038s ]
SQL: SELECT * FROM `jianghu_user_domain` WHERE `user_id` = 1  [ RunTime:0.0007s ]
SQL: SELECT * FROM `jianghu_user` WHERE `id` = 1 LIMIT 1   [ RunTime:0.0005s ]
NOTIC: [2] Illegal string offset 'domain' D:\xampp\htdocs\jianghu\Application\Home\Controller\UserController.class.php 第 293 行.
NOTIC: [8] Undefined variable: domain D:\xampp\htdocs\jianghu\Application\Home\Controller\UserController.class.php 第 293 行.
NOTIC: [2] Illegal string offset 'domain' D:\xampp\htdocs\jianghu\Application\Home\Controller\UserController.class.php 第 293 行.
NOTIC: [8] Undefined variable: domain D:\xampp\htdocs\jianghu\Application\Home\Controller\UserController.class.php 第 293 行.
NOTIC: [2] Illegal string offset 'domain' D:\xampp\htdocs\jianghu\Application\Home\Controller\UserController.class.php 第 293 行.
NOTIC: [8] Undefined variable: domain D:\xampp\htdocs\jianghu\Application\Home\Controller\UserController.class.php 第 293 行.
NOTIC: [2] Illegal string offset 'domain' D:\xampp\htdocs\jianghu\Application\Home\Controller\UserController.class.php 第 293 行.
NOTIC: [8] Undefined variable: domain D:\xampp\htdocs\jianghu\Application\Home\Controller\UserController.class.php 第 293 行.
NOTIC: [2] Illegal string offset 'domain' D:\xampp\htdocs\jianghu\Application\Home\Controller\UserController.class.php 第 293 行.
NOTIC: [8] Undefined variable: domain D:\xampp\htdocs\jianghu\Application\Home\Controller\UserController.class.php 第 293 行.
NOTIC: [2] Illegal string offset 'domain' D:\xampp\htdocs\jianghu\Application\Home\Controller\UserController.class.php 第 293 行.
NOTIC: [8] Undefined variable: domain D:\xampp\htdocs\jianghu\Application\Home\Controller\UserController.class.php 第 293 行.
NOTIC: [2] Illegal string offset 'domain' D:\xampp\htdocs\jianghu\Application\Home\Controller\UserController.class.php 第 293 行.
NOTIC: [8] Undefined variable: domain D:\xampp\htdocs\jianghu\Application\Home\Controller\UserController.class.php 第 293 行.
NOTIC: [2] Illegal string offset 'domain' D:\xampp\htdocs\jianghu\Application\Home\Controller\UserController.class.php 第 293 行.
NOTIC: [8] Undefined variable: domain D:\xampp\htdocs\jianghu\Application\Home\Controller\UserController.class.php 第 293 行.
NOTIC: [2] Illegal string offset 'domain' D:\xampp\htdocs\jianghu\Application\Home\Controller\UserController.class.php 第 293 行.
NOTIC: [8] Undefined variable: domain D:\xampp\htdocs\jianghu\Application\Home\Controller\UserController.class.php 第 293 行.
NOTIC: [8] Undefined variable: domain D:\xampp\htdocs\jianghu\Application\Home\Controller\UserController.class.php 第 293 行.
NOTIC: [2] Illegal string offset 'domain' D:\xampp\htdocs\jianghu\Application\Home\Controller\UserController.class.php 第 293 行.
NOTIC: [8] Undefined variable: domain D:\xampp\htdocs\jianghu\Application\Home\Controller\UserController.class.php 第 293 行.
NOTIC: [2] Illegal string offset 'domain' D:\xampp\htdocs\jianghu\Application\Home\Controller\UserController.class.php 第 293 行.
NOTIC: [8] Undefined variable: domain D:\xampp\htdocs\jianghu\Application\Home\Controller\UserController.class.php 第 293 行.
NOTIC: [8] Undefined variable: domain D:\xampp\htdocs\jianghu\Application\Home\Controller\UserController.class.php 第 293 行.
NOTIC: [8] Undefined variable: domain D:\xampp\htdocs\jianghu\Application\Home\Controller\UserController.class.php 第 293 行.
NOTIC: [2] Illegal string offset 'domain' D:\xampp\htdocs\jianghu\Application\Home\Controller\UserController.class.php 第 293 行.
NOTIC: [8] Undefined variable: domain D:\xampp\htdocs\jianghu\Application\Home\Controller\UserController.class.php 第 293 行.
NOTIC: [2] Illegal string offset 'domain' D:\xampp\htdocs\jianghu\Application\Home\Controller\UserController.class.php 第 293 行.
NOTIC: [8] Undefined variable: domain D:\xampp\htdocs\jianghu\Application\Home\Controller\UserController.class.php 第 293 行.
NOTIC: [2] Illegal string offset 'domain' D:\xampp\htdocs\jianghu\Application\Home\Controller\UserController.class.php 第 293 行.
NOTIC: [8] Undefined variable: domain D:\xampp\htdocs\jianghu\Application\Home\Controller\UserController.class.php 第 293 行.
NOTIC: [2] Illegal string offset 'domain' D:\xampp\htdocs\jianghu\Application\Home\Controller\UserController.class.php 第 293 行.
NOTIC: [8] Undefined variable: domain D:\xampp\htdocs\jianghu\Application\Home\Controller\UserController.class.php 第 293 行.

[ 2016-11-16T19:58:00+08:00 ] ::1 /jianghu/index.php/home/user/checkUserDetail
INFO: [ app_init ] --START--
INFO: Run Behavior\BuildLiteBehavior [ RunTime:0.000012s ]
INFO: [ app_init ] --END-- [ RunTime:0.000519s ]
INFO: [ app_begin ] --START--
INFO: Run Behavior\ReadHtmlCacheBehavior [ RunTime:0.000737s ]
INFO: [ app_begin ] --END-- [ RunTime:0.000788s ]
SQL: SHOW COLUMNS FROM `jianghu_user` [ RunTime:0.0040s ]
SQL: SHOW COLUMNS FROM `jianghu_user_domain` [ RunTime:0.0035s ]
SQL: SELECT * FROM `jianghu_user_domain` WHERE `user_id` = 1  [ RunTime:0.0004s ]
SQL: SELECT * FROM `jianghu_user` WHERE `id` = 1 LIMIT 1   [ RunTime:0.0004s ]
NOTIC: [2] Illegal string offset 'domain' D:\xampp\htdocs\jianghu\Application\Home\Controller\UserController.class.php 第 293 行.
NOTIC: [8] Undefined variable: domain D:\xampp\htdocs\jianghu\Application\Home\Controller\UserController.class.php 第 293 行.
NOTIC: [2] Illegal string offset 'domain' D:\xampp\htdocs\jianghu\Application\Home\Controller\UserController.class.php 第 293 行.
NOTIC: [8] Undefined variable: domain D:\xampp\htdocs\jianghu\Application\Home\Controller\UserController.class.php 第 293 行.
NOTIC: [2] Illegal string offset 'domain' D:\xampp\htdocs\jianghu\Application\Home\Controller\UserController.class.php 第 293 行.
NOTIC: [8] Undefined variable: domain D:\xampp\htdocs\jianghu\Application\Home\Controller\UserController.class.php 第 293 行.
NOTIC: [2] Illegal string offset 'domain' D:\xampp\htdocs\jianghu\Application\Home\Controller\UserController.class.php 第 293 行.
NOTIC: [8] Undefined variable: domain D:\xampp\htdocs\jianghu\Application\Home\Controller\UserController.class.php 第 293 行.
NOTIC: [2] Illegal string offset 'domain' D:\xampp\htdocs\jianghu\Application\Home\Controller\UserController.class.php 第 293 行.
NOTIC: [8] Undefined variable: domain D:\xampp\htdocs\jianghu\Application\Home\Controller\UserController.class.php 第 293 行.
NOTIC: [2] Illegal string offset 'domain' D:\xampp\htdocs\jianghu\Application\Home\Controller\UserController.class.php 第 293 行.
NOTIC: [8] Undefined variable: domain D:\xampp\htdocs\jianghu\Application\Home\Controller\UserController.class.php 第 293 行.
NOTIC: [2] Illegal string offset 'domain' D:\xampp\htdocs\jianghu\Application\Home\Controller\UserController.class.php 第 293 行.
NOTIC: [8] Undefined variable: domain D:\xampp\htdocs\jianghu\Application\Home\Controller\UserController.class.php 第 293 行.
NOTIC: [2] Illegal string offset 'domain' D:\xampp\htdocs\jianghu\Application\Home\Controller\UserController.class.php 第 293 行.
NOTIC: [8] Undefined variable: domain D:\xampp\htdocs\jianghu\Application\Home\Controller\UserController.class.php 第 293 行.
NOTIC: [2] Illegal string offset 'domain' D:\xampp\htdocs\jianghu\Application\Home\Controller\UserController.class.php 第 293 行.
NOTIC: [8] Undefined variable: domain D:\xampp\htdocs\jianghu\Application\Home\Controller\UserController.class.php 第 293 行.
NOTIC: [8] Undefined variable: domain D:\xampp\htdocs\jianghu\Application\Home\Controller\UserController.class.php 第 293 行.
NOTIC: [2] Illegal string offset 'domain' D:\xampp\htdocs\jianghu\Application\Home\Controller\UserController.class.php 第 293 行.
NOTIC: [8] Undefined variable: domain D:\xampp\htdocs\jianghu\Application\Home\Controller\UserController.class.php 第 293 行.
NOTIC: [2] Illegal string offset 'domain' D:\xampp\htdocs\jianghu\Application\Home\Controller\UserController.class.php 第 293 行.
NOTIC: [8] Undefined variable: domain D:\xampp\htdocs\jianghu\Application\Home\Controller\UserController.class.php 第 293 行.
NOTIC: [8] Undefined variable: domain D:\xampp\htdocs\jianghu\Application\Home\Controller\UserController.class.php 第 293 行.
NOTIC: [8] Undefined variable: domain D:\xampp\htdocs\jianghu\Application\Home\Controller\UserController.class.php 第 293 行.
NOTIC: [2] Illegal string offset 'domain' D:\xampp\htdocs\jianghu\Application\Home\Controller\UserController.class.php 第 293 行.
NOTIC: [8] Undefined variable: domain D:\xampp\htdocs\jianghu\Application\Home\Controller\UserController.class.php 第 293 行.
NOTIC: [2] Illegal string offset 'domain' D:\xampp\htdocs\jianghu\Application\Home\Controller\UserController.class.php 第 293 行.
NOTIC: [8] Undefined variable: domain D:\xampp\htdocs\jianghu\Application\Home\Controller\UserController.class.php 第 293 行.
NOTIC: [2] Illegal string offset 'domain' D:\xampp\htdocs\jianghu\Application\Home\Controller\UserController.class.php 第 293 行.
NOTIC: [8] Undefined variable: domain D:\xampp\htdocs\jianghu\Application\Home\Controller\UserController.class.php 第 293 行.
NOTIC: [2] Illegal string offset 'domain' D:\xampp\htdocs\jianghu\Application\Home\Controller\UserController.class.php 第 293 行.
NOTIC: [8] Undefined variable: domain D:\xampp\htdocs\jianghu\Application\Home\Controller\UserController.class.php 第 293 行.

[ 2016-11-16T19:58:36+08:00 ] ::1 /jianghu/index.php/home/user/checkUserDetail
INFO: [ app_init ] --START--
INFO: Run Behavior\BuildLiteBehavior [ RunTime:0.000031s ]
INFO: [ app_init ] --END-- [ RunTime:0.000693s ]
INFO: [ app_begin ] --START--
INFO: Run Behavior\ReadHtmlCacheBehavior [ RunTime:0.000856s ]
INFO: [ app_begin ] --END-- [ RunTime:0.000913s ]
SQL: SHOW COLUMNS FROM `jianghu_user` [ RunTime:0.0060s ]
SQL: SHOW COLUMNS FROM `jianghu_user_domain` [ RunTime:0.0035s ]
SQL: SELECT * FROM `jianghu_user_domain` WHERE `user_id` = 1  [ RunTime:0.0004s ]
SQL: SELECT * FROM `jianghu_user` WHERE `id` = 1 LIMIT 1   [ RunTime:0.0004s ]
NOTIC: [8] Undefined variable: domain D:\xampp\htdocs\jianghu\Application\Home\Controller\UserController.class.php 第 292 行.

[ 2016-11-16T20:01:29+08:00 ] ::1 /jianghu/index.php/home/user/checkUserDetail
INFO: [ app_init ] --START--
INFO: Run Behavior\BuildLiteBehavior [ RunTime:0.000016s ]
INFO: [ app_init ] --END-- [ RunTime:0.000880s ]
INFO: [ app_begin ] --START--
INFO: Run Behavior\ReadHtmlCacheBehavior [ RunTime:0.000791s ]
INFO: [ app_begin ] --END-- [ RunTime:0.000846s ]
SQL: SHOW COLUMNS FROM `jianghu_user` [ RunTime:0.0043s ]
SQL: SHOW COLUMNS FROM `jianghu_user_domain` [ RunTime:0.0039s ]
SQL: SELECT * FROM `jianghu_user_domain` WHERE `user_id` = 1  [ RunTime:0.0004s ]
SQL: SELECT * FROM `jianghu_user` WHERE `id` = 1 LIMIT 1   [ RunTime:0.0004s ]
NOTIC: [8] Undefined variable: domain D:\xampp\htdocs\jianghu\Application\Home\Controller\UserController.class.php 第 292 行.

[ 2016-11-16T20:02:34+08:00 ] ::1 /jianghu/index.php/home/user/checkUserDetail
INFO: [ app_init ] --START--
INFO: Run Behavior\BuildLiteBehavior [ RunTime:0.000013s ]
INFO: [ app_init ] --END-- [ RunTime:0.000512s ]
INFO: [ app_begin ] --START--
INFO: Run Behavior\ReadHtmlCacheBehavior [ RunTime:0.000669s ]
INFO: [ app_begin ] --END-- [ RunTime:0.000724s ]
SQL: SHOW COLUMNS FROM `jianghu_user` [ RunTime:0.0037s ]
SQL: SHOW COLUMNS FROM `jianghu_user_domain` [ RunTime:0.0037s ]
SQL: SELECT * FROM `jianghu_user_domain` WHERE `user_id` = 1  [ RunTime:0.0004s ]
SQL: SELECT * FROM `jianghu_user` WHERE `id` = 1 LIMIT 1   [ RunTime:0.0005s ]
NOTIC: [8] Undefined variable: domain D:\xampp\htdocs\jianghu\Application\Home\Controller\UserController.class.php 第 292 行.

[ 2016-11-16T20:03:16+08:00 ] ::1 /jianghu/index.php/home/user/checkUserDetail
INFO: [ app_init ] --START--
INFO: Run Behavior\BuildLiteBehavior [ RunTime:0.000020s ]
INFO: [ app_init ] --END-- [ RunTime:0.000642s ]
INFO: [ app_begin ] --START--
INFO: Run Behavior\ReadHtmlCacheBehavior [ RunTime:0.000874s ]
INFO: [ app_begin ] --END-- [ RunTime:0.000965s ]
SQL: SHOW COLUMNS FROM `jianghu_user` [ RunTime:0.0129s ]
SQL: SHOW COLUMNS FROM `jianghu_user_domain` [ RunTime:0.0036s ]
SQL: SELECT * FROM `jianghu_user_domain` WHERE `user_id` = 1  [ RunTime:0.0004s ]
SQL: SELECT * FROM `jianghu_user` WHERE `id` = 1 LIMIT 1   [ RunTime:0.0004s ]
NOTIC: [8] Undefined variable: domain D:\xampp\htdocs\jianghu\Application\Home\Controller\UserController.class.php 第 292 行.

