[ 2016-11-29T20:25:31+08:00 ] ::1 /jianghu/index.php/home/sort/weekendPraise
INFO: [ app_init ] --START--
INFO: Run Behavior\BuildLiteBehavior [ RunTime:0.000011s ]
INFO: [ app_init ] --END-- [ RunTime:0.000543s ]
INFO: [ app_begin ] --START--
INFO: Run Behavior\ReadHtmlCacheBehavior [ RunTime:0.001112s ]
INFO: [ app_begin ] --END-- [ RunTime:0.001220s ]
SQL: SHOW COLUMNS FROM `jianghu_user` [ RunTime:0.0060s ]
SQL: SHOW COLUMNS FROM `jianghu_weekend_reputation` [ RunTime:0.0036s ]
SQL: SELECT `id` FROM `jianghu_user` LIMIT 1   [ RunTime:0.0003s ]
SQL: SELECT `praisenum` FROM `jianghu_user` LIMIT 1   [ RunTime:0.0002s ]
SQL: INSERT INTO `jianghu_weekend_reputation` (`user_id`,`reputationnum`,`date`) VALUES ('1','158','2016-11-29') [ RunTime:0.0463s ]
INFO: [ app_end ] --START--
INFO: Run Behavior\ShowPageTraceBehavior [ RunTime:0.001054s ]
INFO: [ app_end ] --END-- [ RunTime:0.001126s ]

[ 2016-11-29T20:30:12+08:00 ] ::1 /jianghu/index.php/home/sort/weekendPraise
INFO: [ app_init ] --START--
INFO: Run Behavior\BuildLiteBehavior [ RunTime:0.000013s ]
INFO: [ app_init ] --END-- [ RunTime:0.000596s ]
INFO: [ app_begin ] --START--
INFO: Run Behavior\ReadHtmlCacheBehavior [ RunTime:0.000801s ]
INFO: [ app_begin ] --END-- [ RunTime:0.000854s ]
SQL: SHOW COLUMNS FROM `jianghu_user` [ RunTime:0.0466s ]
SQL: SHOW COLUMNS FROM `jianghu_weekend_reputation` [ RunTime:0.0031s ]
SQL: SELECT `id`,`praisenum` FROM `jianghu_user`  [ RunTime:0.0004s ]
SQL: INSERT INTO `jianghu_weekend_reputation` (`user_id`,`reputationnum`,`date`) VALUES ('1','158','2016-11-29') [ RunTime:0.0510s ]
SQL: INSERT INTO `jianghu_weekend_reputation` (`user_id`,`reputationnum`,`date`) VALUES ('2','50','2016-11-29') [ RunTime:0.0594s ]
SQL: INSERT INTO `jianghu_weekend_reputation` (`user_id`,`reputationnum`,`date`) VALUES ('3','39','2016-11-29') [ RunTime:0.0662s ]
SQL: INSERT INTO `jianghu_weekend_reputation` (`user_id`,`reputationnum`,`date`) VALUES ('4','23','2016-11-29') [ RunTime:0.0326s ]
SQL: INSERT INTO `jianghu_weekend_reputation` (`user_id`,`reputationnum`,`date`) VALUES ('5','1','2016-11-29') [ RunTime:0.0558s ]
SQL: INSERT INTO `jianghu_weekend_reputation` (`user_id`,`reputationnum`,`date`) VALUES ('6','2','2016-11-29') [ RunTime:0.0853s ]
SQL: INSERT INTO `jianghu_weekend_reputation` (`user_id`,`reputationnum`,`date`) VALUES ('7','1','2016-11-29') [ RunTime:0.0857s ]
SQL: INSERT INTO `jianghu_weekend_reputation` (`user_id`,`reputationnum`,`date`) VALUES ('8','1','2016-11-29') [ RunTime:0.0775s ]
SQL: INSERT INTO `jianghu_weekend_reputation` (`user_id`,`reputationnum`,`date`) VALUES ('10','6','2016-11-29') [ RunTime:0.0874s ]
SQL: INSERT INTO `jianghu_weekend_reputation` (`user_id`,`reputationnum`,`date`) VALUES ('11','0','2016-11-29') [ RunTime:0.0680s ]
SQL: INSERT INTO `jianghu_weekend_reputation` (`user_id`,`reputationnum`,`date`) VALUES ('12','0','2016-11-29') [ RunTime:0.0628s ]
SQL: INSERT INTO `jianghu_weekend_reputation` (`user_id`,`reputationnum`,`date`) VALUES ('13','0','2016-11-29') [ RunTime:0.0310s ]
SQL: INSERT INTO `jianghu_weekend_reputation` (`user_id`,`reputationnum`,`date`) VALUES ('14','0','2016-11-29') [ RunTime:0.0326s ]
SQL: INSERT INTO `jianghu_weekend_reputation` (`user_id`,`reputationnum`,`date`) VALUES ('15','0','2016-11-29') [ RunTime:0.0325s ]
SQL: INSERT INTO `jianghu_weekend_reputation` (`user_id`,`reputationnum`,`date`) VALUES ('16','0','2016-11-29') [ RunTime:0.0337s ]
SQL: INSERT INTO `jianghu_weekend_reputation` (`user_id`,`reputationnum`,`date`) VALUES ('17','38','2016-11-29') [ RunTime:0.0321s ]
SQL: INSERT INTO `jianghu_weekend_reputation` (`user_id`,`reputationnum`,`date`) VALUES ('18','8','2016-11-29') [ RunTime:0.0343s ]
SQL: INSERT INTO `jianghu_weekend_reputation` (`user_id`,`reputationnum`,`date`) VALUES ('19','29','2016-11-29') [ RunTime:0.1089s ]
SQL: INSERT INTO `jianghu_weekend_reputation` (`user_id`,`reputationnum`,`date`) VALUES ('20','1','2016-11-29') [ RunTime:0.0331s ]
SQL: INSERT INTO `jianghu_weekend_reputation` (`user_id`,`reputationnum`,`date`) VALUES ('21','4','2016-11-29') [ RunTime:0.0321s ]
SQL: INSERT INTO `jianghu_weekend_reputation` (`user_id`,`reputationnum`,`date`) VALUES ('22','0','2016-11-29') [ RunTime:0.0347s ]
SQL: INSERT INTO `jianghu_weekend_reputation` (`user_id`,`reputationnum`,`date`) VALUES ('23','0','2016-11-29') [ RunTime:0.0311s ]
SQL: INSERT INTO `jianghu_weekend_reputation` (`user_id`,`reputationnum`,`date`) VALUES ('24','0','2016-11-29') [ RunTime:0.0325s ]
SQL: INSERT INTO `jianghu_weekend_reputation` (`user_id`,`reputationnum`,`date`) VALUES ('25','4','2016-11-29') [ RunTime:0.0322s ]
SQL: INSERT INTO `jianghu_weekend_reputation` (`user_id`,`reputationnum`,`date`) VALUES ('26','24','2016-11-29') [ RunTime:0.0322s ]
SQL: INSERT INTO `jianghu_weekend_reputation` (`user_id`,`reputationnum`,`date`) VALUES ('27','7','2016-11-29') [ RunTime:0.0320s ]
SQL: INSERT INTO `jianghu_weekend_reputation` (`user_id`,`reputationnum`,`date`) VALUES ('28','1','2016-11-29') [ RunTime:0.0330s ]
SQL: INSERT INTO `jianghu_weekend_reputation` (`user_id`,`reputationnum`,`date`) VALUES ('29','1','2016-11-29') [ RunTime:0.0319s ]
SQL: INSERT INTO `jianghu_weekend_reputation` (`user_id`,`reputationnum`,`date`) VALUES ('30','1','2016-11-29') [ RunTime:0.0328s ]
SQL: INSERT INTO `jianghu_weekend_reputation` (`user_id`,`reputationnum`,`date`) VALUES ('31','3','2016-11-29') [ RunTime:0.0348s ]
SQL: INSERT INTO `jianghu_weekend_reputation` (`user_id`,`reputationnum`,`date`) VALUES ('32','1','2016-11-29') [ RunTime:0.0410s ]
SQL: INSERT INTO `jianghu_weekend_reputation` (`user_id`,`reputationnum`,`date`) VALUES ('33','1','2016-11-29') [ RunTime:0.0325s ]
SQL: INSERT INTO `jianghu_weekend_reputation` (`user_id`,`reputationnum`,`date`) VALUES ('34','0','2016-11-29') [ RunTime:0.0338s ]
SQL: INSERT INTO `jianghu_weekend_reputation` (`user_id`,`reputationnum`,`date`) VALUES ('35','1','2016-11-29') [ RunTime:0.0325s ]
SQL: INSERT INTO `jianghu_weekend_reputation` (`user_id`,`reputationnum`,`date`) VALUES ('36','1','2016-11-29') [ RunTime:0.0497s ]
SQL: INSERT INTO `jianghu_weekend_reputation` (`user_id`,`reputationnum`,`date`) VALUES ('37','1','2016-11-29') [ RunTime:0.0667s ]
SQL: INSERT INTO `jianghu_weekend_reputation` (`user_id`,`reputationnum`,`date`) VALUES ('38','1','2016-11-29') [ RunTime:0.0658s ]
SQL: INSERT INTO `jianghu_weekend_reputation` (`user_id`,`reputationnum`,`date`) VALUES ('39','3','2016-11-29') [ RunTime:0.0832s ]
SQL: INSERT INTO `jianghu_weekend_reputation` (`user_id`,`reputationnum`,`date`) VALUES ('40','0','2016-11-29') [ RunTime:0.0584s ]
SQL: INSERT INTO `jianghu_weekend_reputation` (`user_id`,`reputationnum`,`date`) VALUES ('41','1','2016-11-29') [ RunTime:0.0665s ]
INFO: [ app_end ] --START--
INFO: Run Behavior\ShowPageTraceBehavior [ RunTime:0.001254s ]
INFO: [ app_end ] --END-- [ RunTime:0.001316s ]

[ 2016-11-29T20:31:52+08:00 ] ::1 /jianghu/index.php/home/sort/weekendPraise
INFO: [ app_init ] --START--
INFO: Run Behavior\BuildLiteBehavior [ RunTime:0.000012s ]
INFO: [ app_init ] --END-- [ RunTime:0.000514s ]
INFO: [ app_begin ] --START--
INFO: Run Behavior\ReadHtmlCacheBehavior [ RunTime:0.000852s ]
INFO: [ app_begin ] --END-- [ RunTime:0.000909s ]
SQL: SHOW COLUMNS FROM `jianghu_user` [ RunTime:0.0050s ]
SQL: SHOW COLUMNS FROM `jianghu_weekend_reputation` [ RunTime:0.0033s ]
SQL: UPDATE `jianghu_weekend_reputation` SET `state`='1' WHERE `state` = 0 [ RunTime:0.0652s ]
SQL: SELECT `id`,`praisenum` FROM `jianghu_user`  [ RunTime:0.0004s ]
SQL: INSERT INTO `jianghu_weekend_reputation` (`user_id`,`reputationnum`,`date`) VALUES ('1','158','2016-11-29') [ RunTime:0.0393s ]
SQL: INSERT INTO `jianghu_weekend_reputation` (`user_id`,`reputationnum`,`date`) VALUES ('2','50','2016-11-29') [ RunTime:0.1018s ]
SQL: INSERT INTO `jianghu_weekend_reputation` (`user_id`,`reputationnum`,`date`) VALUES ('3','39','2016-11-29') [ RunTime:0.0756s ]
SQL: INSERT INTO `jianghu_weekend_reputation` (`user_id`,`reputationnum`,`date`) VALUES ('4','23','2016-11-29') [ RunTime:0.0435s ]
SQL: INSERT INTO `jianghu_weekend_reputation` (`user_id`,`reputationnum`,`date`) VALUES ('5','1','2016-11-29') [ RunTime:0.0337s ]
SQL: INSERT INTO `jianghu_weekend_reputation` (`user_id`,`reputationnum`,`date`) VALUES ('6','2','2016-11-29') [ RunTime:0.0923s ]
SQL: INSERT INTO `jianghu_weekend_reputation` (`user_id`,`reputationnum`,`date`) VALUES ('7','1','2016-11-29') [ RunTime:0.0407s ]
SQL: INSERT INTO `jianghu_weekend_reputation` (`user_id`,`reputationnum`,`date`) VALUES ('8','1','2016-11-29') [ RunTime:0.0436s ]
SQL: INSERT INTO `jianghu_weekend_reputation` (`user_id`,`reputationnum`,`date`) VALUES ('10','6','2016-11-29') [ RunTime:0.0338s ]
SQL: INSERT INTO `jianghu_weekend_reputation` (`user_id`,`reputationnum`,`date`) VALUES ('11','0','2016-11-29') [ RunTime:0.0436s ]
SQL: INSERT INTO `jianghu_weekend_reputation` (`user_id`,`reputationnum`,`date`) VALUES ('12','0','2016-11-29') [ RunTime:0.0337s ]
SQL: INSERT INTO `jianghu_weekend_reputation` (`user_id`,`reputationnum`,`date`) VALUES ('13','0','2016-11-29') [ RunTime:0.0437s ]
SQL: INSERT INTO `jianghu_weekend_reputation` (`user_id`,`reputationnum`,`date`) VALUES ('14','0','2016-11-29') [ RunTime:0.0337s ]
SQL: INSERT INTO `jianghu_weekend_reputation` (`user_id`,`reputationnum`,`date`) VALUES ('15','0','2016-11-29') [ RunTime:0.0438s ]
SQL: INSERT INTO `jianghu_weekend_reputation` (`user_id`,`reputationnum`,`date`) VALUES ('16','0','2016-11-29') [ RunTime:0.0449s ]
SQL: INSERT INTO `jianghu_weekend_reputation` (`user_id`,`reputationnum`,`date`) VALUES ('17','38','2016-11-29') [ RunTime:0.0435s ]
SQL: INSERT INTO `jianghu_weekend_reputation` (`user_id`,`reputationnum`,`date`) VALUES ('18','8','2016-11-29') [ RunTime:0.0337s ]
SQL: INSERT INTO `jianghu_weekend_reputation` (`user_id`,`reputationnum`,`date`) VALUES ('19','29','2016-11-29') [ RunTime:0.0437s ]
SQL: INSERT INTO `jianghu_weekend_reputation` (`user_id`,`reputationnum`,`date`) VALUES ('20','1','2016-11-29') [ RunTime:0.0339s ]
SQL: INSERT INTO `jianghu_weekend_reputation` (`user_id`,`reputationnum`,`date`) VALUES ('21','4','2016-11-29') [ RunTime:0.0434s ]
SQL: INSERT INTO `jianghu_weekend_reputation` (`user_id`,`reputationnum`,`date`) VALUES ('22','0','2016-11-29') [ RunTime:0.0336s ]
SQL: INSERT INTO `jianghu_weekend_reputation` (`user_id`,`reputationnum`,`date`) VALUES ('23','0','2016-11-29') [ RunTime:0.0433s ]
SQL: INSERT INTO `jianghu_weekend_reputation` (`user_id`,`reputationnum`,`date`) VALUES ('24','0','2016-11-29') [ RunTime:0.0449s ]
SQL: INSERT INTO `jianghu_weekend_reputation` (`user_id`,`reputationnum`,`date`) VALUES ('25','4','2016-11-29') [ RunTime:0.0548s ]
SQL: INSERT INTO `jianghu_weekend_reputation` (`user_id`,`reputationnum`,`date`) VALUES ('26','24','2016-11-29') [ RunTime:0.0338s ]
SQL: INSERT INTO `jianghu_weekend_reputation` (`user_id`,`reputationnum`,`date`) VALUES ('27','7','2016-11-29') [ RunTime:0.0437s ]
SQL: INSERT INTO `jianghu_weekend_reputation` (`user_id`,`reputationnum`,`date`) VALUES ('28','1','2016-11-29') [ RunTime:0.0334s ]
SQL: INSERT INTO `jianghu_weekend_reputation` (`user_id`,`reputationnum`,`date`) VALUES ('29','1','2016-11-29') [ RunTime:0.0436s ]
SQL: INSERT INTO `jianghu_weekend_reputation` (`user_id`,`reputationnum`,`date`) VALUES ('30','1','2016-11-29') [ RunTime:0.0338s ]
SQL: INSERT INTO `jianghu_weekend_reputation` (`user_id`,`reputationnum`,`date`) VALUES ('31','3','2016-11-29') [ RunTime:0.1215s ]
SQL: INSERT INTO `jianghu_weekend_reputation` (`user_id`,`reputationnum`,`date`) VALUES ('32','1','2016-11-29') [ RunTime:0.0552s ]
SQL: INSERT INTO `jianghu_weekend_reputation` (`user_id`,`reputationnum`,`date`) VALUES ('33','1','2016-11-29') [ RunTime:0.0834s ]
SQL: INSERT INTO `jianghu_weekend_reputation` (`user_id`,`reputationnum`,`date`) VALUES ('34','0','2016-11-29') [ RunTime:0.0385s ]
SQL: INSERT INTO `jianghu_weekend_reputation` (`user_id`,`reputationnum`,`date`) VALUES ('35','1','2016-11-29') [ RunTime:0.0335s ]
SQL: INSERT INTO `jianghu_weekend_reputation` (`user_id`,`reputationnum`,`date`) VALUES ('36','1','2016-11-29') [ RunTime:0.0548s ]
SQL: INSERT INTO `jianghu_weekend_reputation` (`user_id`,`reputationnum`,`date`) VALUES ('37','1','2016-11-29') [ RunTime:0.0337s ]
SQL: INSERT INTO `jianghu_weekend_reputation` (`user_id`,`reputationnum`,`date`) VALUES ('38','1','2016-11-29') [ RunTime:0.0438s ]
SQL: INSERT INTO `jianghu_weekend_reputation` (`user_id`,`reputationnum`,`date`) VALUES ('39','3','2016-11-29') [ RunTime:0.0347s ]
SQL: INSERT INTO `jianghu_weekend_reputation` (`user_id`,`reputationnum`,`date`) VALUES ('40','0','2016-11-29') [ RunTime:0.0534s ]
SQL: INSERT INTO `jianghu_weekend_reputation` (`user_id`,`reputationnum`,`date`) VALUES ('41','1','2016-11-29') [ RunTime:0.0337s ]
INFO: [ app_end ] --START--
INFO: Run Behavior\ShowPageTraceBehavior [ RunTime:0.001151s ]
INFO: [ app_end ] --END-- [ RunTime:0.001238s ]

[ 2016-11-29T20:35:02+08:00 ] ::1 /jianghu/index.php/home/sort/weekendPraise
INFO: [ app_init ] --START--
INFO: Run Behavior\BuildLiteBehavior [ RunTime:0.000024s ]
INFO: [ app_init ] --END-- [ RunTime:0.001197s ]
INFO: [ app_begin ] --START--
INFO: Run Behavior\ReadHtmlCacheBehavior [ RunTime:0.001193s ]
INFO: [ app_begin ] --END-- [ RunTime:0.001292s ]
SQL: SHOW COLUMNS FROM `jianghu_user` [ RunTime:0.0036s ]
SQL: SHOW COLUMNS FROM `jianghu_weekend_reputation` [ RunTime:0.0036s ]
SQL: UPDATE `jianghu_weekend_reputation` SET `state`='1' WHERE `state` = 0 [ RunTime:0.0456s ]
SQL: DELETE FROM `jianghu_weekend_reputation` WHERE `state` = 1 [ RunTime:0.0734s ]
SQL: SELECT `id`,`praisenum` FROM `jianghu_user`  [ RunTime:0.0004s ]
SQL: INSERT INTO `jianghu_weekend_reputation` (`user_id`,`reputationnum`,`date`) VALUES ('1','158','2016-11-29') [ RunTime:0.1665s ]
SQL: INSERT INTO `jianghu_weekend_reputation` (`user_id`,`reputationnum`,`date`) VALUES ('2','50','2016-11-29') [ RunTime:0.0658s ]
SQL: INSERT INTO `jianghu_weekend_reputation` (`user_id`,`reputationnum`,`date`) VALUES ('3','39','2016-11-29') [ RunTime:0.0444s ]
SQL: INSERT INTO `jianghu_weekend_reputation` (`user_id`,`reputationnum`,`date`) VALUES ('4','23','2016-11-29') [ RunTime:0.0596s ]
SQL: INSERT INTO `jianghu_weekend_reputation` (`user_id`,`reputationnum`,`date`) VALUES ('5','1','2016-11-29') [ RunTime:0.0620s ]
SQL: INSERT INTO `jianghu_weekend_reputation` (`user_id`,`reputationnum`,`date`) VALUES ('6','2','2016-11-29') [ RunTime:0.0758s ]
SQL: INSERT INTO `jianghu_weekend_reputation` (`user_id`,`reputationnum`,`date`) VALUES ('7','1','2016-11-29') [ RunTime:0.0490s ]
SQL: INSERT INTO `jianghu_weekend_reputation` (`user_id`,`reputationnum`,`date`) VALUES ('8','1','2016-11-29') [ RunTime:0.0616s ]
SQL: INSERT INTO `jianghu_weekend_reputation` (`user_id`,`reputationnum`,`date`) VALUES ('10','6','2016-11-29') [ RunTime:0.0889s ]
SQL: INSERT INTO `jianghu_weekend_reputation` (`user_id`,`reputationnum`,`date`) VALUES ('11','0','2016-11-29') [ RunTime:0.0439s ]
SQL: INSERT INTO `jianghu_weekend_reputation` (`user_id`,`reputationnum`,`date`) VALUES ('12','0','2016-11-29') [ RunTime:0.0665s ]
SQL: INSERT INTO `jianghu_weekend_reputation` (`user_id`,`reputationnum`,`date`) VALUES ('13','0','2016-11-29') [ RunTime:0.0775s ]
SQL: INSERT INTO `jianghu_weekend_reputation` (`user_id`,`reputationnum`,`date`) VALUES ('14','0','2016-11-29') [ RunTime:0.0553s ]
SQL: INSERT INTO `jianghu_weekend_reputation` (`user_id`,`reputationnum`,`date`) VALUES ('15','0','2016-11-29') [ RunTime:0.0783s ]
SQL: INSERT INTO `jianghu_weekend_reputation` (`user_id`,`reputationnum`,`date`) VALUES ('16','0','2016-11-29') [ RunTime:0.0990s ]
SQL: INSERT INTO `jianghu_weekend_reputation` (`user_id`,`reputationnum`,`date`) VALUES ('17','38','2016-11-29') [ RunTime:0.1171s ]
SQL: INSERT INTO `jianghu_weekend_reputation` (`user_id`,`reputationnum`,`date`) VALUES ('18','8','2016-11-29') [ RunTime:0.1032s ]
SQL: INSERT INTO `jianghu_weekend_reputation` (`user_id`,`reputationnum`,`date`) VALUES ('19','29','2016-11-29') [ RunTime:0.1286s ]
SQL: INSERT INTO `jianghu_weekend_reputation` (`user_id`,`reputationnum`,`date`) VALUES ('20','1','2016-11-29') [ RunTime:0.0799s ]
SQL: INSERT INTO `jianghu_weekend_reputation` (`user_id`,`reputationnum`,`date`) VALUES ('21','4','2016-11-29') [ RunTime:0.0951s ]
SQL: INSERT INTO `jianghu_weekend_reputation` (`user_id`,`reputationnum`,`date`) VALUES ('22','0','2016-11-29') [ RunTime:0.1737s ]
SQL: INSERT INTO `jianghu_weekend_reputation` (`user_id`,`reputationnum`,`date`) VALUES ('23','0','2016-11-29') [ RunTime:0.1015s ]
SQL: INSERT INTO `jianghu_weekend_reputation` (`user_id`,`reputationnum`,`date`) VALUES ('24','0','2016-11-29') [ RunTime:0.0658s ]
SQL: INSERT INTO `jianghu_weekend_reputation` (`user_id`,`reputationnum`,`date`) VALUES ('25','4','2016-11-29') [ RunTime:0.0815s ]
SQL: INSERT INTO `jianghu_weekend_reputation` (`user_id`,`reputationnum`,`date`) VALUES ('26','24','2016-11-29') [ RunTime:0.1111s ]
SQL: INSERT INTO `jianghu_weekend_reputation` (`user_id`,`reputationnum`,`date`) VALUES ('27','7','2016-11-29') [ RunTime:0.0511s ]
SQL: INSERT INTO `jianghu_weekend_reputation` (`user_id`,`reputationnum`,`date`) VALUES ('28','1','2016-11-29') [ RunTime:0.0549s ]
SQL: INSERT INTO `jianghu_weekend_reputation` (`user_id`,`reputationnum`,`date`) VALUES ('29','1','2016-11-29') [ RunTime:0.0448s ]
SQL: INSERT INTO `jianghu_weekend_reputation` (`user_id`,`reputationnum`,`date`) VALUES ('30','1','2016-11-29') [ RunTime:0.0436s ]
SQL: INSERT INTO `jianghu_weekend_reputation` (`user_id`,`reputationnum`,`date`) VALUES ('31','3','2016-11-29') [ RunTime:0.0447s ]
SQL: INSERT INTO `jianghu_weekend_reputation` (`user_id`,`reputationnum`,`date`) VALUES ('32','1','2016-11-29') [ RunTime:0.0437s ]
SQL: INSERT INTO `jianghu_weekend_reputation` (`user_id`,`reputationnum`,`date`) VALUES ('33','1','2016-11-29') [ RunTime:0.0457s ]
SQL: INSERT INTO `jianghu_weekend_reputation` (`user_id`,`reputationnum`,`date`) VALUES ('34','0','2016-11-29') [ RunTime:0.1237s ]
SQL: INSERT INTO `jianghu_weekend_reputation` (`user_id`,`reputationnum`,`date`) VALUES ('35','1','2016-11-29') [ RunTime:0.0733s ]
SQL: INSERT INTO `jianghu_weekend_reputation` (`user_id`,`reputationnum`,`date`) VALUES ('36','1','2016-11-29') [ RunTime:0.0448s ]
SQL: INSERT INTO `jianghu_weekend_reputation` (`user_id`,`reputationnum`,`date`) VALUES ('37','1','2016-11-29') [ RunTime:0.0436s ]
SQL: INSERT INTO `jianghu_weekend_reputation` (`user_id`,`reputationnum`,`date`) VALUES ('38','1','2016-11-29') [ RunTime:0.0446s ]
SQL: INSERT INTO `jianghu_weekend_reputation` (`user_id`,`reputationnum`,`date`) VALUES ('39','3','2016-11-29') [ RunTime:0.0436s ]
SQL: INSERT INTO `jianghu_weekend_reputation` (`user_id`,`reputationnum`,`date`) VALUES ('40','0','2016-11-29') [ RunTime:0.0447s ]
SQL: INSERT INTO `jianghu_weekend_reputation` (`user_id`,`reputationnum`,`date`) VALUES ('41','1','2016-11-29') [ RunTime:0.0438s ]
INFO: [ app_end ] --START--
INFO: Run Behavior\ShowPageTraceBehavior [ RunTime:0.001657s ]
INFO: [ app_end ] --END-- [ RunTime:0.001761s ]

