[ 2016-10-04T19:46:53+08:00 ] ::1 /jianghu/index.php/home/index/index
INFO: [ app_init ] --START--
INFO: Run Behavior\BuildLiteBehavior [ RunTime:0.000016s ]
INFO: [ app_init ] --END-- [ RunTime:0.001123s ]
INFO: [ app_begin ] --START--
INFO: Run Behavior\ReadHtmlCacheBehavior [ RunTime:0.001170s ]
INFO: [ app_begin ] --END-- [ RunTime:0.001222s ]
INFO: [ view_parse ] --START--
INFO: [ template_filter ] --START--
INFO: Run Behavior\ContentReplaceBehavior [ RunTime:0.000092s ]
INFO: [ template_filter ] --END-- [ RunTime:0.000159s ]
INFO: Run Behavior\ParseTemplateBehavior [ RunTime:0.011885s ]
INFO: [ view_parse ] --END-- [ RunTime:0.011954s ]
INFO: [ view_filter ] --START--
INFO: Run Behavior\WriteHtmlCacheBehavior [ RunTime:0.001188s ]
INFO: [ view_filter ] --END-- [ RunTime:0.001253s ]
INFO: [ app_end ] --START--
INFO: Run Behavior\ShowPageTraceBehavior [ RunTime:0.001449s ]
INFO: [ app_end ] --END-- [ RunTime:0.001543s ]

[ 2016-10-04T19:46:53+08:00 ] ::1 /jianghu/index.php/home/msg/getunreadnum
INFO: [ app_init ] --START--
INFO: Run Behavior\BuildLiteBehavior [ RunTime:0.000022s ]
INFO: [ app_init ] --END-- [ RunTime:0.000818s ]
INFO: [ app_begin ] --START--
INFO: Run Behavior\ReadHtmlCacheBehavior [ RunTime:0.001131s ]
INFO: [ app_begin ] --END-- [ RunTime:0.001291s ]
SQL: SHOW COLUMNS FROM `jianghu_user` [ RunTime:0.0078s ]
SQL: SELECT `unreadnum` FROM `jianghu_user` WHERE `id` = 4 LIMIT 1   [ RunTime:0.0007s ]
INFO: [ app_end ] --START--
INFO: Run Behavior\ShowPageTraceBehavior [ RunTime:0.000895s ]
INFO: [ app_end ] --END-- [ RunTime:0.000950s ]

[ 2016-10-04T19:47:03+08:00 ] ::1 /jianghu/index.php/home/msg/getunreadnum
INFO: [ app_init ] --START--
INFO: Run Behavior\BuildLiteBehavior [ RunTime:0.000014s ]
INFO: [ app_init ] --END-- [ RunTime:0.000589s ]
INFO: [ app_begin ] --START--
INFO: Run Behavior\ReadHtmlCacheBehavior [ RunTime:0.000811s ]
INFO: [ app_begin ] --END-- [ RunTime:0.000873s ]
SQL: SHOW COLUMNS FROM `jianghu_user` [ RunTime:0.0031s ]
SQL: SELECT `unreadnum` FROM `jianghu_user` WHERE `id` = 4 LIMIT 1   [ RunTime:0.0004s ]
INFO: [ app_end ] --START--
INFO: Run Behavior\ShowPageTraceBehavior [ RunTime:0.000896s ]
INFO: [ app_end ] --END-- [ RunTime:0.000937s ]

