[ 2017-04-24T09:06:49+08:00 ] ::1 /jianghu/index.php/home/friend/delete
INFO: [ app_init ] --START--
INFO: Run Behavior\BuildLiteBehavior [ RunTime:0.000015s ]
INFO: [ app_init ] --END-- [ RunTime:0.000822s ]
INFO: [ app_begin ] --START--
INFO: Run Behavior\ReadHtmlCacheBehavior [ RunTime:0.001429s ]
INFO: [ app_begin ] --END-- [ RunTime:0.001490s ]
SQL: SHOW COLUMNS FROM `jianghu_token` [ RunTime:0.0541s ]
SQL: SHOW COLUMNS FROM `jianghu_user` [ RunTime:0.0518s ]
SQL: SHOW COLUMNS FROM `jianghu_login_count` [ RunTime:0.0485s ]
SQL: SHOW COLUMNS FROM `jianghu_daily_num` [ RunTime:0.0196s ]
NOTIC: [8] Undefined index: token D:\xampp\htdocs\jianghu\Application\Home\Common\function.php 第 33 行.
SQL: SELECT * FROM `jianghu_token` WHERE `token` = null AND `state` = 0 LIMIT 1   [ RunTime:0.0037s ]

[ 2017-04-24T09:06:49+08:00 ] ::1 /jianghu/index.php/Home/return/returnMsg.html?re=2&type=304
INFO: [ app_init ] --START--
INFO: Run Behavior\BuildLiteBehavior [ RunTime:0.000032s ]
INFO: [ app_init ] --END-- [ RunTime:0.000682s ]
INFO: [ app_begin ] --START--
INFO: Run Behavior\ReadHtmlCacheBehavior [ RunTime:0.001146s ]
INFO: [ app_begin ] --END-- [ RunTime:0.001220s ]

[ 2017-04-24T09:10:19+08:00 ] ::1 /jianghu/index.php/home/friend/delete
INFO: [ app_init ] --START--
INFO: Run Behavior\BuildLiteBehavior [ RunTime:0.000053s ]
INFO: [ app_init ] --END-- [ RunTime:0.001462s ]
INFO: [ app_begin ] --START--
INFO: Run Behavior\ReadHtmlCacheBehavior [ RunTime:0.000939s ]
INFO: [ app_begin ] --END-- [ RunTime:0.000998s ]
SQL: SHOW COLUMNS FROM `jianghu_token` [ RunTime:0.0042s ]
SQL: SHOW COLUMNS FROM `jianghu_user` [ RunTime:0.0034s ]
SQL: SHOW COLUMNS FROM `jianghu_login_count` [ RunTime:0.0050s ]
SQL: SHOW COLUMNS FROM `jianghu_daily_num` [ RunTime:0.0035s ]
SQL: SELECT * FROM `jianghu_token` WHERE `token` = 'sn/yv1TijVcqin9FrIPDScUO1G2njjZlU3MP4/aI7V/qZiFpRY2Pajeh5YsSBbLbHrqhvKOBa9l/TIpKbBFpoA==' AND `state` = 0 LIMIT 1   [ RunTime:0.0005s ]
SQL: SELECT `isban` FROM `jianghu_user` WHERE `id` = 1 LIMIT 1   [ RunTime:0.0003s ]
SQL: SELECT * FROM `jianghu_login_count` WHERE `user_id` = 1 AND `date` = '2017-04-24' LIMIT 1   [ RunTime:0.0021s ]
SQL: SELECT * FROM `jianghu_daily_num` WHERE `date` = '2017-04-24' LIMIT 1   [ RunTime:0.0003s ]
SQL: SELECT `jointime` FROM `jianghu_user` WHERE `id` = 1 LIMIT 1   [ RunTime:0.0002s ]
SQL: INSERT INTO `jianghu_login_count` (`user_id`,`date`) VALUES ('1','2017-04-24') [ RunTime:0.1118s ]
SQL: UPDATE `jianghu_user` SET `praisenum`=praisenum+1 WHERE `id` = 1 [ RunTime:0.0970s ]
SQL: SELECT * FROM `jianghu_daily_num` WHERE `date` = '2017-04-24'  [ RunTime:0.0004s ]
SQL: INSERT INTO `jianghu_daily_num` (`date`,`lognum`) VALUES ('2017-04-24','1') [ RunTime:0.0481s ]
SQL: SHOW COLUMNS FROM `jianghu_friend` [ RunTime:0.0363s ]
SQL: DELETE FROM `jianghu_friend` WHERE `user_id` = 0 AND `friend_id` = 0 [ RunTime:0.0515s ]

[ 2017-04-24T09:36:09+08:00 ] ::1 /jianghu/index.php/home/friend/del
INFO: [ app_init ] --START--
INFO: Run Behavior\BuildLiteBehavior [ RunTime:0.000013s ]
INFO: [ app_init ] --END-- [ RunTime:0.000538s ]
INFO: [ app_begin ] --START--
INFO: Run Behavior\ReadHtmlCacheBehavior [ RunTime:0.000748s ]
INFO: [ app_begin ] --END-- [ RunTime:0.000803s ]
ERR: 非法操作:del

[ 2017-04-24T09:36:28+08:00 ] ::1 /jianghu/index.php/home/introduce/del
INFO: [ app_init ] --START--
INFO: Run Behavior\BuildLiteBehavior [ RunTime:0.000019s ]
INFO: [ app_init ] --END-- [ RunTime:0.001104s ]
INFO: [ app_begin ] --START--
INFO: Run Behavior\ReadHtmlCacheBehavior [ RunTime:0.000791s ]
INFO: [ app_begin ] --END-- [ RunTime:0.000845s ]
SQL: SHOW COLUMNS FROM `jianghu_token` [ RunTime:0.0057s ]
SQL: SHOW COLUMNS FROM `jianghu_user` [ RunTime:0.0034s ]
SQL: SHOW COLUMNS FROM `jianghu_login_count` [ RunTime:0.0035s ]
SQL: SHOW COLUMNS FROM `jianghu_daily_num` [ RunTime:0.0044s ]
SQL: SELECT * FROM `jianghu_token` WHERE `token` = 'sn/yv1TijVcqin9FrIPDScUO1G2njjZlU3MP4/aI7V/qZiFpRY2Pajeh5YsSBbLbHrqhvKOBa9l/TIpKbBFpoA==' AND `state` = 0 LIMIT 1   [ RunTime:0.0007s ]
SQL: SELECT `isban` FROM `jianghu_user` WHERE `id` = 1 LIMIT 1   [ RunTime:0.0003s ]
SQL: SELECT * FROM `jianghu_login_count` WHERE `user_id` = 1 AND `date` = '2017-04-24' LIMIT 1   [ RunTime:0.0008s ]
SQL: SELECT * FROM `jianghu_daily_num` WHERE `date` = '2017-04-24' LIMIT 1   [ RunTime:0.0003s ]
SQL: SELECT `jointime` FROM `jianghu_user` WHERE `id` = 1 LIMIT 1   [ RunTime:0.0002s ]
SQL: SHOW COLUMNS FROM `jianghu_introduce` [ RunTime:0.0332s ]
SQL: SHOW COLUMNS FROM `jianghu_introduce_images` [ RunTime:0.0459s ]
SQL: SHOW COLUMNS FROM `jianghu_introduce_domain` [ RunTime:0.0463s ]
SQL: SELECT * FROM `jianghu_introduce_images` WHERE `introduce_id` = 0  [ RunTime:0.0004s ]
SQL: DELETE FROM `jianghu_introduce_domain` WHERE `introduce_id` = 0 [ RunTime:0.0003s ]
SQL: DELETE FROM `jianghu_introduce_images` WHERE `introduce_id` = 0 [ RunTime:0.0003s ]
SQL: DELETE FROM `jianghu_introduce` WHERE `id` = 0 [ RunTime:0.0007s ]

[ 2017-04-24T09:40:11+08:00 ] ::1 /jianghu/index.php/home/introduce/del
INFO: [ app_init ] --START--
INFO: Run Behavior\BuildLiteBehavior [ RunTime:0.000013s ]
INFO: [ app_init ] --END-- [ RunTime:0.000681s ]
INFO: [ app_begin ] --START--
INFO: Run Behavior\ReadHtmlCacheBehavior [ RunTime:0.000823s ]
INFO: [ app_begin ] --END-- [ RunTime:0.000885s ]
SQL: SHOW COLUMNS FROM `jianghu_token` [ RunTime:0.0158s ]
SQL: SHOW COLUMNS FROM `jianghu_user` [ RunTime:0.0693s ]
SQL: SHOW COLUMNS FROM `jianghu_login_count` [ RunTime:0.0034s ]
SQL: SHOW COLUMNS FROM `jianghu_daily_num` [ RunTime:0.0044s ]
SQL: SELECT * FROM `jianghu_token` WHERE `token` = 'sn/yv1TijVcqin9FrIPDScUO1G2njjZlU3MP4/aI7V/qZiFpRY2Pajeh5YsSBbLbHrqhvKOBa9l/TIpKbBFpoA==' AND `state` = 0 LIMIT 1   [ RunTime:0.0005s ]
SQL: SELECT `isban` FROM `jianghu_user` WHERE `id` = 1 LIMIT 1   [ RunTime:0.0002s ]
SQL: SELECT * FROM `jianghu_login_count` WHERE `user_id` = 1 AND `date` = '2017-04-24' LIMIT 1   [ RunTime:0.0008s ]
SQL: SELECT * FROM `jianghu_daily_num` WHERE `date` = '2017-04-24' LIMIT 1   [ RunTime:0.0005s ]
SQL: SELECT `jointime` FROM `jianghu_user` WHERE `id` = 1 LIMIT 1   [ RunTime:0.0003s ]
SQL: SHOW COLUMNS FROM `jianghu_introduce` [ RunTime:0.0047s ]
SQL: SHOW COLUMNS FROM `jianghu_introduce_images` [ RunTime:0.0035s ]
SQL: SHOW COLUMNS FROM `jianghu_introduce_domain` [ RunTime:0.0030s ]
SQL: SELECT * FROM `jianghu_introduce_images` WHERE `introduce_id` = 0  [ RunTime:0.0004s ]
SQL: DELETE FROM `jianghu_introduce_domain` WHERE `introduce_id` = 0 [ RunTime:0.0003s ]
SQL: DELETE FROM `jianghu_introduce_images` WHERE `introduce_id` = 0 [ RunTime:0.0003s ]
SQL: DELETE FROM `jianghu_introduce` WHERE `id` = 0 [ RunTime:0.0002s ]

[ 2017-04-24T09:40:50+08:00 ] ::1 /jianghu/index.php/home/introduce/del
INFO: [ app_init ] --START--
INFO: Run Behavior\BuildLiteBehavior [ RunTime:0.000012s ]
INFO: [ app_init ] --END-- [ RunTime:0.000584s ]
INFO: [ app_begin ] --START--
INFO: Run Behavior\ReadHtmlCacheBehavior [ RunTime:0.000730s ]
INFO: [ app_begin ] --END-- [ RunTime:0.000781s ]
SQL: SHOW COLUMNS FROM `jianghu_token` [ RunTime:0.0034s ]
SQL: SHOW COLUMNS FROM `jianghu_user` [ RunTime:0.0039s ]
SQL: SHOW COLUMNS FROM `jianghu_login_count` [ RunTime:0.0047s ]
SQL: SHOW COLUMNS FROM `jianghu_daily_num` [ RunTime:0.0036s ]
SQL: SELECT * FROM `jianghu_token` WHERE `token` = 'sn/yv1TijVcqin9FrIPDScUO1G2njjZlU3MP4/aI7V/qZiFpRY2Pajeh5YsSBbLbHrqhvKOBa9l/TIpKbBFpoA==' AND `state` = 0 LIMIT 1   [ RunTime:0.0006s ]
SQL: SELECT `isban` FROM `jianghu_user` WHERE `id` = 1 LIMIT 1   [ RunTime:0.0003s ]
SQL: SELECT * FROM `jianghu_login_count` WHERE `user_id` = 1 AND `date` = '2017-04-24' LIMIT 1   [ RunTime:0.0008s ]
SQL: SELECT * FROM `jianghu_daily_num` WHERE `date` = '2017-04-24' LIMIT 1   [ RunTime:0.0003s ]
SQL: SELECT `jointime` FROM `jianghu_user` WHERE `id` = 1 LIMIT 1   [ RunTime:0.0002s ]
SQL: SHOW COLUMNS FROM `jianghu_introduce` [ RunTime:0.0045s ]
SQL: SHOW COLUMNS FROM `jianghu_introduce_images` [ RunTime:0.0032s ]
SQL: SHOW COLUMNS FROM `jianghu_introduce_domain` [ RunTime:0.0032s ]
SQL: SELECT * FROM `jianghu_introduce_images` WHERE `introduce_id` = 0  [ RunTime:0.0004s ]
SQL: DELETE FROM `jianghu_introduce_domain` WHERE `introduce_id` = 0 [ RunTime:0.0003s ]
SQL: DELETE FROM `jianghu_introduce_images` WHERE `introduce_id` = 0 [ RunTime:0.0003s ]
SQL: DELETE FROM `jianghu_introduce` WHERE `id` = 0 [ RunTime:0.0002s ]

[ 2017-04-24T09:41:28+08:00 ] ::1 /jianghu/index.php/home/introduce/del
INFO: [ app_init ] --START--
INFO: Run Behavior\BuildLiteBehavior [ RunTime:0.000012s ]
INFO: [ app_init ] --END-- [ RunTime:0.000587s ]
INFO: [ app_begin ] --START--
INFO: Run Behavior\ReadHtmlCacheBehavior [ RunTime:0.000831s ]
INFO: [ app_begin ] --END-- [ RunTime:0.000907s ]
SQL: SHOW COLUMNS FROM `jianghu_token` [ RunTime:0.0037s ]
SQL: SHOW COLUMNS FROM `jianghu_user` [ RunTime:0.0039s ]
SQL: SHOW COLUMNS FROM `jianghu_login_count` [ RunTime:0.0035s ]
SQL: SHOW COLUMNS FROM `jianghu_daily_num` [ RunTime:0.0043s ]
SQL: SELECT * FROM `jianghu_token` WHERE `token` = 'sn/yv1TijVcqin9FrIPDScUO1G2njjZlU3MP4/aI7V/qZiFpRY2Pajeh5YsSBbLbHrqhvKOBa9l/TIpKbBFpoA==' AND `state` = 0 LIMIT 1   [ RunTime:0.0005s ]
SQL: SELECT `isban` FROM `jianghu_user` WHERE `id` = 1 LIMIT 1   [ RunTime:0.0003s ]
SQL: SELECT * FROM `jianghu_login_count` WHERE `user_id` = 1 AND `date` = '2017-04-24' LIMIT 1   [ RunTime:0.0008s ]
SQL: SELECT * FROM `jianghu_daily_num` WHERE `date` = '2017-04-24' LIMIT 1   [ RunTime:0.0003s ]
SQL: SELECT `jointime` FROM `jianghu_user` WHERE `id` = 1 LIMIT 1   [ RunTime:0.0002s ]
SQL: SHOW COLUMNS FROM `jianghu_introduce` [ RunTime:0.0035s ]
SQL: SHOW COLUMNS FROM `jianghu_introduce_images` [ RunTime:0.0034s ]
SQL: SHOW COLUMNS FROM `jianghu_introduce_domain` [ RunTime:0.0046s ]
SQL: SELECT * FROM `jianghu_introduce_images` WHERE `introduce_id` = 0  [ RunTime:0.0004s ]
SQL: DELETE FROM `jianghu_introduce_domain` WHERE `introduce_id` = 0 [ RunTime:0.0003s ]
SQL: DELETE FROM `jianghu_introduce_images` WHERE `introduce_id` = 0 [ RunTime:0.0003s ]
SQL: DELETE FROM `jianghu_introduce` WHERE `id` = 0 [ RunTime:0.0002s ]

[ 2017-04-24T12:12:21+08:00 ] ::1 /jianghu/index.php/home/introduce/del
INFO: [ app_init ] --START--
INFO: Run Behavior\BuildLiteBehavior [ RunTime:0.000014s ]
INFO: [ app_init ] --END-- [ RunTime:0.000681s ]
INFO: [ app_begin ] --START--
INFO: Run Behavior\ReadHtmlCacheBehavior [ RunTime:0.000808s ]
INFO: [ app_begin ] --END-- [ RunTime:0.000867s ]
SQL: SHOW COLUMNS FROM `jianghu_token` [ RunTime:0.0061s ]
SQL: SHOW COLUMNS FROM `jianghu_user` [ RunTime:0.0035s ]
SQL: SHOW COLUMNS FROM `jianghu_login_count` [ RunTime:0.0032s ]
SQL: SHOW COLUMNS FROM `jianghu_daily_num` [ RunTime:0.0034s ]
SQL: SELECT * FROM `jianghu_token` WHERE `token` = 'sn/yv1TijVcqin9FrIPDScUO1G2njjZlU3MP4/aI7V/qZiFpRY2Pajeh5YsSBbLbHrqhvKOBa9l/TIpKbBFpoA==' AND `state` = 0 LIMIT 1   [ RunTime:0.0006s ]
SQL: SELECT `isban` FROM `jianghu_user` WHERE `id` = 1 LIMIT 1   [ RunTime:0.0003s ]
SQL: SELECT * FROM `jianghu_login_count` WHERE `user_id` = 1 AND `date` = '2017-04-24' LIMIT 1   [ RunTime:0.0012s ]
SQL: SELECT * FROM `jianghu_daily_num` WHERE `date` = '2017-04-24' LIMIT 1   [ RunTime:0.0003s ]
SQL: SELECT `jointime` FROM `jianghu_user` WHERE `id` = 1 LIMIT 1   [ RunTime:0.0002s ]
SQL: SHOW COLUMNS FROM `jianghu_introduce` [ RunTime:0.0036s ]
SQL: SHOW COLUMNS FROM `jianghu_introduce_images` [ RunTime:0.0034s ]
SQL: SHOW COLUMNS FROM `jianghu_introduce_domain` [ RunTime:0.0033s ]
SQL: SELECT * FROM `jianghu_introduce_images` WHERE `introduce_id` = 0  [ RunTime:0.0005s ]
SQL: DELETE FROM `jianghu_introduce_domain` WHERE `introduce_id` = 0 [ RunTime:0.0004s ]
SQL: DELETE FROM `jianghu_introduce_images` WHERE `introduce_id` = 0 [ RunTime:0.0003s ]
SQL: DELETE FROM `jianghu_introduce` WHERE `id` = 0 [ RunTime:0.0003s ]

[ 2017-04-24T12:12:33+08:00 ] ::1 /jianghu/index.php/home/introduce/del
INFO: [ app_init ] --START--
INFO: Run Behavior\BuildLiteBehavior [ RunTime:0.000012s ]
INFO: [ app_init ] --END-- [ RunTime:0.000527s ]
INFO: [ app_begin ] --START--
INFO: Run Behavior\ReadHtmlCacheBehavior [ RunTime:0.000821s ]
INFO: [ app_begin ] --END-- [ RunTime:0.000875s ]
SQL: SHOW COLUMNS FROM `jianghu_token` [ RunTime:0.0036s ]
SQL: SHOW COLUMNS FROM `jianghu_user` [ RunTime:0.0051s ]
SQL: SHOW COLUMNS FROM `jianghu_login_count` [ RunTime:0.0032s ]
SQL: SHOW COLUMNS FROM `jianghu_daily_num` [ RunTime:0.0032s ]
SQL: SELECT * FROM `jianghu_token` WHERE `token` = 'sn/yv1TijVcqin9FrIPDScUO1G2njjZlU3MP4/aI7V/qZiFpRY2Pajeh5YsSBbLbHrqhvKOBa9l/TIpKbBFpoA==' AND `state` = 0 LIMIT 1   [ RunTime:0.0004s ]
SQL: SELECT `isban` FROM `jianghu_user` WHERE `id` = 1 LIMIT 1   [ RunTime:0.0003s ]
SQL: SELECT * FROM `jianghu_login_count` WHERE `user_id` = 1 AND `date` = '2017-04-24' LIMIT 1   [ RunTime:0.0010s ]
SQL: SELECT * FROM `jianghu_daily_num` WHERE `date` = '2017-04-24' LIMIT 1   [ RunTime:0.0004s ]
SQL: SELECT `jointime` FROM `jianghu_user` WHERE `id` = 1 LIMIT 1   [ RunTime:0.0003s ]
SQL: SHOW COLUMNS FROM `jianghu_introduce` [ RunTime:0.0039s ]
SQL: SHOW COLUMNS FROM `jianghu_introduce_images` [ RunTime:0.0035s ]
SQL: SHOW COLUMNS FROM `jianghu_introduce_domain` [ RunTime:0.0032s ]
SQL: SELECT * FROM `jianghu_introduce_images` WHERE `introduce_id` = 0  [ RunTime:0.0004s ]
SQL: DELETE FROM `jianghu_introduce_domain` WHERE `introduce_id` = 0 [ RunTime:0.0003s ]
SQL: DELETE FROM `jianghu_introduce_images` WHERE `introduce_id` = 0 [ RunTime:0.0003s ]
SQL: DELETE FROM `jianghu_introduce` WHERE `id` = 0 [ RunTime:0.0002s ]

[ 2017-04-24T12:13:08+08:00 ] ::1 /jianghu/index.php/home/introduce/del
INFO: [ app_init ] --START--
INFO: Run Behavior\BuildLiteBehavior [ RunTime:0.000013s ]
INFO: [ app_init ] --END-- [ RunTime:0.000600s ]
INFO: [ app_begin ] --START--
INFO: Run Behavior\ReadHtmlCacheBehavior [ RunTime:0.000803s ]
INFO: [ app_begin ] --END-- [ RunTime:0.000854s ]
SQL: SHOW COLUMNS FROM `jianghu_token` [ RunTime:0.0059s ]
SQL: SHOW COLUMNS FROM `jianghu_user` [ RunTime:0.0512s ]
SQL: SHOW COLUMNS FROM `jianghu_login_count` [ RunTime:0.0043s ]
SQL: SHOW COLUMNS FROM `jianghu_daily_num` [ RunTime:0.0035s ]
SQL: SELECT * FROM `jianghu_token` WHERE `token` = 'sn/yv1TijVcqin9FrIPDScUO1G2njjZlU3MP4/aI7V/qZiFpRY2Pajeh5YsSBbLbHrqhvKOBa9l/TIpKbBFpoA==' AND `state` = 0 LIMIT 1   [ RunTime:0.0005s ]
SQL: SELECT `isban` FROM `jianghu_user` WHERE `id` = 1 LIMIT 1   [ RunTime:0.0003s ]
SQL: SELECT * FROM `jianghu_login_count` WHERE `user_id` = 1 AND `date` = '2017-04-24' LIMIT 1   [ RunTime:0.0011s ]
SQL: SELECT * FROM `jianghu_daily_num` WHERE `date` = '2017-04-24' LIMIT 1   [ RunTime:0.0004s ]
SQL: SELECT `jointime` FROM `jianghu_user` WHERE `id` = 1 LIMIT 1   [ RunTime:0.0003s ]
SQL: SHOW COLUMNS FROM `jianghu_introduce` [ RunTime:0.0034s ]
SQL: SHOW COLUMNS FROM `jianghu_introduce_images` [ RunTime:0.0074s ]
SQL: SHOW COLUMNS FROM `jianghu_introduce_domain` [ RunTime:0.0048s ]
SQL: SELECT * FROM `jianghu_introduce_images` WHERE `introduce_id` = 0  [ RunTime:0.0004s ]
SQL: DELETE FROM `jianghu_introduce_domain` WHERE `introduce_id` = 0 [ RunTime:0.0003s ]
SQL: DELETE FROM `jianghu_introduce_images` WHERE `introduce_id` = 0 [ RunTime:0.0003s ]
SQL: DELETE FROM `jianghu_introduce` WHERE `id` = 0 [ RunTime:0.0003s ]

[ 2017-04-24T12:13:09+08:00 ] ::1 /jianghu/index.php/home/introduce/del
INFO: [ app_init ] --START--
INFO: Run Behavior\BuildLiteBehavior [ RunTime:0.000014s ]
INFO: [ app_init ] --END-- [ RunTime:0.000609s ]
INFO: [ app_begin ] --START--
INFO: Run Behavior\ReadHtmlCacheBehavior [ RunTime:0.000889s ]
INFO: [ app_begin ] --END-- [ RunTime:0.000954s ]
SQL: SHOW COLUMNS FROM `jianghu_token` [ RunTime:0.0045s ]
SQL: SHOW COLUMNS FROM `jianghu_user` [ RunTime:0.0039s ]
SQL: SHOW COLUMNS FROM `jianghu_login_count` [ RunTime:0.0035s ]
SQL: SHOW COLUMNS FROM `jianghu_daily_num` [ RunTime:0.0033s ]
SQL: SELECT * FROM `jianghu_token` WHERE `token` = 'sn/yv1TijVcqin9FrIPDScUO1G2njjZlU3MP4/aI7V/qZiFpRY2Pajeh5YsSBbLbHrqhvKOBa9l/TIpKbBFpoA==' AND `state` = 0 LIMIT 1   [ RunTime:0.0004s ]
SQL: SELECT `isban` FROM `jianghu_user` WHERE `id` = 1 LIMIT 1   [ RunTime:0.0003s ]
SQL: SELECT * FROM `jianghu_login_count` WHERE `user_id` = 1 AND `date` = '2017-04-24' LIMIT 1   [ RunTime:0.0007s ]
SQL: SELECT * FROM `jianghu_daily_num` WHERE `date` = '2017-04-24' LIMIT 1   [ RunTime:0.0003s ]
SQL: SELECT `jointime` FROM `jianghu_user` WHERE `id` = 1 LIMIT 1   [ RunTime:0.0003s ]
SQL: SHOW COLUMNS FROM `jianghu_introduce` [ RunTime:0.0046s ]
SQL: SHOW COLUMNS FROM `jianghu_introduce_images` [ RunTime:0.0034s ]
SQL: SHOW COLUMNS FROM `jianghu_introduce_domain` [ RunTime:0.0033s ]
SQL: SELECT * FROM `jianghu_introduce_images` WHERE `introduce_id` = 0  [ RunTime:0.0004s ]
SQL: DELETE FROM `jianghu_introduce_domain` WHERE `introduce_id` = 0 [ RunTime:0.0003s ]
SQL: DELETE FROM `jianghu_introduce_images` WHERE `introduce_id` = 0 [ RunTime:0.0003s ]
SQL: DELETE FROM `jianghu_introduce` WHERE `id` = 0 [ RunTime:0.0002s ]

[ 2017-04-24T12:14:34+08:00 ] ::1 /jianghu/index.php/home/introduce/del
INFO: [ app_init ] --START--
INFO: Run Behavior\BuildLiteBehavior [ RunTime:0.000017s ]
INFO: [ app_init ] --END-- [ RunTime:0.000588s ]
INFO: [ app_begin ] --START--
INFO: Run Behavior\ReadHtmlCacheBehavior [ RunTime:0.000786s ]
INFO: [ app_begin ] --END-- [ RunTime:0.000844s ]
SQL: SHOW COLUMNS FROM `jianghu_token` [ RunTime:0.0053s ]
SQL: SHOW COLUMNS FROM `jianghu_user` [ RunTime:0.0036s ]
SQL: SHOW COLUMNS FROM `jianghu_login_count` [ RunTime:0.0048s ]
SQL: SHOW COLUMNS FROM `jianghu_daily_num` [ RunTime:0.0033s ]
SQL: SELECT * FROM `jianghu_token` WHERE `token` = 'sn/yv1TijVcqin9FrIPDScUO1G2njjZlU3MP4/aI7V/qZiFpRY2Pajeh5YsSBbLbHrqhvKOBa9l/TIpKbBFpoA==' AND `state` = 0 LIMIT 1   [ RunTime:0.0004s ]
SQL: SELECT `isban` FROM `jianghu_user` WHERE `id` = 1 LIMIT 1   [ RunTime:0.0003s ]
SQL: SELECT * FROM `jianghu_login_count` WHERE `user_id` = 1 AND `date` = '2017-04-24' LIMIT 1   [ RunTime:0.0009s ]
SQL: SELECT * FROM `jianghu_daily_num` WHERE `date` = '2017-04-24' LIMIT 1   [ RunTime:0.0005s ]
SQL: SELECT `jointime` FROM `jianghu_user` WHERE `id` = 1 LIMIT 1   [ RunTime:0.0003s ]
SQL: SHOW COLUMNS FROM `jianghu_introduce` [ RunTime:0.0037s ]
SQL: SHOW COLUMNS FROM `jianghu_introduce_images` [ RunTime:0.0036s ]
SQL: SHOW COLUMNS FROM `jianghu_introduce_domain` [ RunTime:0.0032s ]
SQL: SELECT * FROM `jianghu_introduce_images` WHERE `introduce_id` = 0  [ RunTime:0.0004s ]
SQL: DELETE FROM `jianghu_introduce_domain` WHERE `introduce_id` = 0 [ RunTime:0.0003s ]
SQL: DELETE FROM `jianghu_introduce_images` WHERE `introduce_id` = 0 [ RunTime:0.0003s ]
SQL: DELETE FROM `jianghu_introduce` WHERE `id` = 0 [ RunTime:0.0002s ]

[ 2017-04-24T12:14:46+08:00 ] ::1 /jianghu/index.php/home/introduce/del
INFO: [ app_init ] --START--
INFO: Run Behavior\BuildLiteBehavior [ RunTime:0.000015s ]
INFO: [ app_init ] --END-- [ RunTime:0.000746s ]
INFO: [ app_begin ] --START--
INFO: Run Behavior\ReadHtmlCacheBehavior [ RunTime:0.001069s ]
INFO: [ app_begin ] --END-- [ RunTime:0.001171s ]
SQL: SHOW COLUMNS FROM `jianghu_token` [ RunTime:0.0042s ]
SQL: SHOW COLUMNS FROM `jianghu_user` [ RunTime:0.0035s ]
SQL: SHOW COLUMNS FROM `jianghu_login_count` [ RunTime:0.0035s ]
SQL: SHOW COLUMNS FROM `jianghu_daily_num` [ RunTime:0.0034s ]
SQL: SELECT * FROM `jianghu_token` WHERE `token` = 'sn/yv1TijVcqin9FrIPDScUO1G2njjZlU3MP4/aI7V/qZiFpRY2Pajeh5YsSBbLbHrqhvKOBa9l/TIpKbBFpoA==' AND `state` = 0 LIMIT 1   [ RunTime:0.0004s ]
SQL: SELECT `isban` FROM `jianghu_user` WHERE `id` = 1 LIMIT 1   [ RunTime:0.0003s ]
SQL: SELECT * FROM `jianghu_login_count` WHERE `user_id` = 1 AND `date` = '2017-04-24' LIMIT 1   [ RunTime:0.0010s ]
SQL: SELECT * FROM `jianghu_daily_num` WHERE `date` = '2017-04-24' LIMIT 1   [ RunTime:0.0005s ]
SQL: SELECT `jointime` FROM `jianghu_user` WHERE `id` = 1 LIMIT 1   [ RunTime:0.0003s ]
SQL: SHOW COLUMNS FROM `jianghu_introduce` [ RunTime:0.0044s ]
SQL: SHOW COLUMNS FROM `jianghu_introduce_images` [ RunTime:0.0031s ]
SQL: SHOW COLUMNS FROM `jianghu_introduce_domain` [ RunTime:0.0042s ]
SQL: SELECT * FROM `jianghu_introduce_images` WHERE `introduce_id` = 0  [ RunTime:0.0004s ]
SQL: DELETE FROM `jianghu_introduce_domain` WHERE `introduce_id` = 0 [ RunTime:0.0003s ]
SQL: DELETE FROM `jianghu_introduce_images` WHERE `introduce_id` = 0 [ RunTime:0.0003s ]
SQL: DELETE FROM `jianghu_introduce` WHERE `id` = 0 [ RunTime:0.0002s ]

[ 2017-04-24T12:15:58+08:00 ] ::1 /jianghu/index.php/home/introduce/del
INFO: [ app_init ] --START--
INFO: Run Behavior\BuildLiteBehavior [ RunTime:0.000012s ]
INFO: [ app_init ] --END-- [ RunTime:0.000574s ]
INFO: [ app_begin ] --START--
INFO: Run Behavior\ReadHtmlCacheBehavior [ RunTime:0.000754s ]
INFO: [ app_begin ] --END-- [ RunTime:0.000816s ]
SQL: SHOW COLUMNS FROM `jianghu_token` [ RunTime:0.0047s ]
SQL: SHOW COLUMNS FROM `jianghu_user` [ RunTime:0.0037s ]
SQL: SHOW COLUMNS FROM `jianghu_login_count` [ RunTime:0.0036s ]
SQL: SHOW COLUMNS FROM `jianghu_daily_num` [ RunTime:0.0034s ]
SQL: SELECT * FROM `jianghu_token` WHERE `token` = 'sn/yv1TijVcqin9FrIPDScUO1G2njjZlU3MP4/aI7V/qZiFpRY2Pajeh5YsSBbLbHrqhvKOBa9l/TIpKbBFpoA==' AND `state` = 0 LIMIT 1   [ RunTime:0.0005s ]
SQL: SELECT `isban` FROM `jianghu_user` WHERE `id` = 1 LIMIT 1   [ RunTime:0.0002s ]
SQL: SELECT * FROM `jianghu_login_count` WHERE `user_id` = 1 AND `date` = '2017-04-24' LIMIT 1   [ RunTime:0.0008s ]
SQL: SELECT * FROM `jianghu_daily_num` WHERE `date` = '2017-04-24' LIMIT 1   [ RunTime:0.0003s ]
SQL: SELECT `jointime` FROM `jianghu_user` WHERE `id` = 1 LIMIT 1   [ RunTime:0.0002s ]
SQL: SHOW COLUMNS FROM `jianghu_introduce` [ RunTime:0.0044s ]
SQL: SHOW COLUMNS FROM `jianghu_introduce_images` [ RunTime:0.0035s ]
SQL: SHOW COLUMNS FROM `jianghu_introduce_domain` [ RunTime:0.0037s ]
SQL: SELECT * FROM `jianghu_introduce_images` WHERE `introduce_id` = 0  [ RunTime:0.0005s ]
SQL: DELETE FROM `jianghu_introduce_domain` WHERE `introduce_id` = 0 [ RunTime:0.0003s ]
SQL: DELETE FROM `jianghu_introduce_images` WHERE `introduce_id` = 0 [ RunTime:0.0002s ]
SQL: DELETE FROM `jianghu_introduce` WHERE `id` = 0 [ RunTime:0.0002s ]

[ 2017-04-24T12:17:25+08:00 ] ::1 /jianghu/index.php/home/introduce/del
INFO: [ app_init ] --START--
INFO: Run Behavior\BuildLiteBehavior [ RunTime:0.000014s ]
INFO: [ app_init ] --END-- [ RunTime:0.000602s ]
INFO: [ app_begin ] --START--
INFO: Run Behavior\ReadHtmlCacheBehavior [ RunTime:0.000839s ]
INFO: [ app_begin ] --END-- [ RunTime:0.000896s ]
SQL: SHOW COLUMNS FROM `jianghu_token` [ RunTime:0.0049s ]
SQL: SHOW COLUMNS FROM `jianghu_user` [ RunTime:0.0035s ]
SQL: SHOW COLUMNS FROM `jianghu_login_count` [ RunTime:0.0036s ]
SQL: SHOW COLUMNS FROM `jianghu_daily_num` [ RunTime:0.0045s ]
SQL: SELECT * FROM `jianghu_token` WHERE `token` = 'sn/yv1TijVcqin9FrIPDScUO1G2njjZlU3MP4/aI7V/qZiFpRY2Pajeh5YsSBbLbHrqhvKOBa9l/TIpKbBFpoA==' AND `state` = 0 LIMIT 1   [ RunTime:0.0006s ]
SQL: SELECT `isban` FROM `jianghu_user` WHERE `id` = 1 LIMIT 1   [ RunTime:0.0004s ]
SQL: SELECT * FROM `jianghu_login_count` WHERE `user_id` = 1 AND `date` = '2017-04-24' LIMIT 1   [ RunTime:0.0011s ]
SQL: SELECT * FROM `jianghu_daily_num` WHERE `date` = '2017-04-24' LIMIT 1   [ RunTime:0.0005s ]
SQL: SELECT `jointime` FROM `jianghu_user` WHERE `id` = 1 LIMIT 1   [ RunTime:0.0002s ]
SQL: SHOW COLUMNS FROM `jianghu_introduce` [ RunTime:0.0034s ]
SQL: SHOW COLUMNS FROM `jianghu_introduce_images` [ RunTime:0.0035s ]
SQL: SHOW COLUMNS FROM `jianghu_introduce_domain` [ RunTime:0.0051s ]
SQL: SELECT * FROM `jianghu_introduce_images` WHERE `introduce_id` = 0  [ RunTime:0.0004s ]
SQL: DELETE FROM `jianghu_introduce_domain` WHERE `introduce_id` = 0 [ RunTime:0.0003s ]
SQL: DELETE FROM `jianghu_introduce_images` WHERE `introduce_id` = 0 [ RunTime:0.0003s ]
SQL: DELETE FROM `jianghu_introduce` WHERE `id` = 0 [ RunTime:0.0002s ]

[ 2017-04-24T12:17:49+08:00 ] ::1 /jianghu/index.php/home/introduce/del
INFO: [ app_init ] --START--
INFO: Run Behavior\BuildLiteBehavior [ RunTime:0.000012s ]
INFO: [ app_init ] --END-- [ RunTime:0.000580s ]
INFO: [ app_begin ] --START--
INFO: Run Behavior\ReadHtmlCacheBehavior [ RunTime:0.002185s ]
INFO: [ app_begin ] --END-- [ RunTime:0.002276s ]
SQL: SHOW COLUMNS FROM `jianghu_token` [ RunTime:0.0058s ]
SQL: SHOW COLUMNS FROM `jianghu_user` [ RunTime:0.0036s ]
SQL: SHOW COLUMNS FROM `jianghu_login_count` [ RunTime:0.0035s ]
SQL: SHOW COLUMNS FROM `jianghu_daily_num` [ RunTime:0.0037s ]
SQL: SELECT * FROM `jianghu_token` WHERE `token` = 'sn/yv1TijVcqin9FrIPDScUO1G2njjZlU3MP4/aI7V/qZiFpRY2Pajeh5YsSBbLbHrqhvKOBa9l/TIpKbBFpoA==' AND `state` = 0 LIMIT 1   [ RunTime:0.0005s ]
SQL: SELECT `isban` FROM `jianghu_user` WHERE `id` = 1 LIMIT 1   [ RunTime:0.0003s ]
SQL: SELECT * FROM `jianghu_login_count` WHERE `user_id` = 1 AND `date` = '2017-04-24' LIMIT 1   [ RunTime:0.0010s ]
SQL: SELECT * FROM `jianghu_daily_num` WHERE `date` = '2017-04-24' LIMIT 1   [ RunTime:0.0005s ]
SQL: SELECT `jointime` FROM `jianghu_user` WHERE `id` = 1 LIMIT 1   [ RunTime:0.0003s ]
SQL: SHOW COLUMNS FROM `jianghu_introduce` [ RunTime:0.0043s ]
SQL: SHOW COLUMNS FROM `jianghu_introduce_images` [ RunTime:0.0033s ]
SQL: SHOW COLUMNS FROM `jianghu_introduce_domain` [ RunTime:0.0040s ]
SQL: SELECT * FROM `jianghu_introduce_images` WHERE `introduce_id` = 222  [ RunTime:0.0004s ]
SQL: DELETE FROM `jianghu_introduce_domain` WHERE `introduce_id` = 222 [ RunTime:0.0002s ]
SQL: DELETE FROM `jianghu_introduce_images` WHERE `introduce_id` = 222 [ RunTime:0.0003s ]
SQL: DELETE FROM `jianghu_introduce` WHERE `id` = 222 [ RunTime:0.0008s ]

[ 2017-04-24T12:19:55+08:00 ] ::1 /jianghu/index.php/home/introduce/del
INFO: [ app_init ] --START--
INFO: Run Behavior\BuildLiteBehavior [ RunTime:0.000013s ]
INFO: [ app_init ] --END-- [ RunTime:0.000582s ]
INFO: [ app_begin ] --START--
INFO: Run Behavior\ReadHtmlCacheBehavior [ RunTime:0.001242s ]
INFO: [ app_begin ] --END-- [ RunTime:0.001319s ]
SQL: SHOW COLUMNS FROM `jianghu_token` [ RunTime:0.0035s ]
SQL: SHOW COLUMNS FROM `jianghu_user` [ RunTime:0.0046s ]
SQL: SHOW COLUMNS FROM `jianghu_login_count` [ RunTime:0.0034s ]
SQL: SHOW COLUMNS FROM `jianghu_daily_num` [ RunTime:0.0044s ]
SQL: SELECT * FROM `jianghu_token` WHERE `token` = 'sn/yv1TijVcqin9FrIPDScUO1G2njjZlU3MP4/aI7V/qZiFpRY2Pajeh5YsSBbLbHrqhvKOBa9l/TIpKbBFpoA==' AND `state` = 0 LIMIT 1   [ RunTime:0.0004s ]
SQL: SELECT `isban` FROM `jianghu_user` WHERE `id` = 1 LIMIT 1   [ RunTime:0.0002s ]
SQL: SELECT * FROM `jianghu_login_count` WHERE `user_id` = 1 AND `date` = '2017-04-24' LIMIT 1   [ RunTime:0.0008s ]
SQL: SELECT * FROM `jianghu_daily_num` WHERE `date` = '2017-04-24' LIMIT 1   [ RunTime:0.0003s ]
SQL: SELECT `jointime` FROM `jianghu_user` WHERE `id` = 1 LIMIT 1   [ RunTime:0.0003s ]
SQL: SHOW COLUMNS FROM `jianghu_introduce` [ RunTime:0.0037s ]
SQL: SHOW COLUMNS FROM `jianghu_introduce_images` [ RunTime:0.0035s ]
SQL: SHOW COLUMNS FROM `jianghu_introduce_domain` [ RunTime:0.0050s ]
SQL: SELECT * FROM `jianghu_introduce_images` WHERE `introduce_id` = 222  [ RunTime:0.0004s ]
SQL: DELETE FROM `jianghu_introduce_domain` WHERE `introduce_id` = 222 [ RunTime:0.0003s ]
SQL: DELETE FROM `jianghu_introduce_images` WHERE `introduce_id` = 222 [ RunTime:0.0003s ]
SQL: DELETE FROM `jianghu_introduce` WHERE `id` = 222 [ RunTime:0.0008s ]

[ 2017-04-24T12:20:54+08:00 ] ::1 /jianghu/index.php/home/introduce/del
INFO: [ app_init ] --START--
INFO: Run Behavior\BuildLiteBehavior [ RunTime:0.000012s ]
INFO: [ app_init ] --END-- [ RunTime:0.000608s ]
INFO: [ app_begin ] --START--
INFO: Run Behavior\ReadHtmlCacheBehavior [ RunTime:0.000738s ]
INFO: [ app_begin ] --END-- [ RunTime:0.000789s ]
SQL: SHOW COLUMNS FROM `jianghu_token` [ RunTime:0.0041s ]
SQL: SHOW COLUMNS FROM `jianghu_user` [ RunTime:0.0035s ]
SQL: SHOW COLUMNS FROM `jianghu_login_count` [ RunTime:0.0042s ]
SQL: SHOW COLUMNS FROM `jianghu_daily_num` [ RunTime:0.0032s ]
SQL: SELECT * FROM `jianghu_token` WHERE `token` = 'sn/yv1TijVcqin9FrIPDScUO1G2njjZlU3MP4/aI7V/qZiFpRY2Pajeh5YsSBbLbHrqhvKOBa9l/TIpKbBFpoA==' AND `state` = 0 LIMIT 1   [ RunTime:0.0005s ]
SQL: SELECT `isban` FROM `jianghu_user` WHERE `id` = 1 LIMIT 1   [ RunTime:0.0003s ]
SQL: SELECT * FROM `jianghu_login_count` WHERE `user_id` = 1 AND `date` = '2017-04-24' LIMIT 1   [ RunTime:0.0011s ]
SQL: SELECT * FROM `jianghu_daily_num` WHERE `date` = '2017-04-24' LIMIT 1   [ RunTime:0.0004s ]
SQL: SELECT `jointime` FROM `jianghu_user` WHERE `id` = 1 LIMIT 1   [ RunTime:0.0003s ]
SQL: SHOW COLUMNS FROM `jianghu_introduce` [ RunTime:0.0041s ]
SQL: SHOW COLUMNS FROM `jianghu_introduce_images` [ RunTime:0.0033s ]
SQL: SHOW COLUMNS FROM `jianghu_introduce_domain` [ RunTime:0.0037s ]
SQL: SELECT * FROM `jianghu_introduce_images` WHERE `introduce_id` = 222  [ RunTime:0.0004s ]
SQL: DELETE FROM `jianghu_introduce_domain` WHERE `introduce_id` = 222 [ RunTime:0.0003s ]
SQL: DELETE FROM `jianghu_introduce_images` WHERE `introduce_id` = 222 [ RunTime:0.0003s ]
SQL: DELETE FROM `jianghu_introduce` WHERE `id` = 222 [ RunTime:0.0168s ]

[ 2017-04-24T12:25:17+08:00 ] ::1 /jianghu/index.php/home/introduce/del
INFO: [ app_init ] --START--
INFO: Run Behavior\BuildLiteBehavior [ RunTime:0.000012s ]
INFO: [ app_init ] --END-- [ RunTime:0.000578s ]
INFO: [ app_begin ] --START--
INFO: Run Behavior\ReadHtmlCacheBehavior [ RunTime:0.000933s ]
INFO: [ app_begin ] --END-- [ RunTime:0.001001s ]
SQL: SHOW COLUMNS FROM `jianghu_token` [ RunTime:0.0036s ]
SQL: SHOW COLUMNS FROM `jianghu_user` [ RunTime:0.0041s ]
SQL: SHOW COLUMNS FROM `jianghu_login_count` [ RunTime:0.0036s ]
SQL: SHOW COLUMNS FROM `jianghu_daily_num` [ RunTime:0.0032s ]
SQL: SELECT * FROM `jianghu_token` WHERE `token` = 'sn/yv1TijVcqin9FrIPDScUO1G2njjZlU3MP4/aI7V/qZiFpRY2Pajeh5YsSBbLbHrqhvKOBa9l/TIpKbBFpoA==' AND `state` = 0 LIMIT 1   [ RunTime:0.0005s ]
SQL: SELECT `isban` FROM `jianghu_user` WHERE `id` = 1 LIMIT 1   [ RunTime:0.0003s ]
SQL: SELECT * FROM `jianghu_login_count` WHERE `user_id` = 1 AND `date` = '2017-04-24' LIMIT 1   [ RunTime:0.0010s ]
SQL: SELECT * FROM `jianghu_daily_num` WHERE `date` = '2017-04-24' LIMIT 1   [ RunTime:0.0004s ]
SQL: SELECT `jointime` FROM `jianghu_user` WHERE `id` = 1 LIMIT 1   [ RunTime:0.0002s ]
SQL: SHOW COLUMNS FROM `jianghu_introduce` [ RunTime:0.0040s ]
SQL: SHOW COLUMNS FROM `jianghu_introduce_images` [ RunTime:0.0034s ]
SQL: SHOW COLUMNS FROM `jianghu_introduce_domain` [ RunTime:0.0031s ]
SQL: SELECT * FROM `jianghu_introduce_images` WHERE `introduce_id` = 222  [ RunTime:0.0004s ]
SQL: DELETE FROM `jianghu_introduce_domain` WHERE `introduce_id` = 222 [ RunTime:0.0003s ]
SQL: DELETE FROM `jianghu_introduce_images` WHERE `introduce_id` = 222 [ RunTime:0.0003s ]
SQL: DELETE FROM `jianghu_introduce` WHERE `id` = 222 [ RunTime:0.0009s ]

[ 2017-04-24T13:30:37+08:00 ] ::1 /jianghu/index.php/home/friend/del
INFO: [ app_init ] --START--
INFO: Run Behavior\BuildLiteBehavior [ RunTime:0.000016s ]
INFO: [ app_init ] --END-- [ RunTime:0.000985s ]
INFO: [ app_begin ] --START--
INFO: Run Behavior\ReadHtmlCacheBehavior [ RunTime:0.001451s ]
INFO: [ app_begin ] --END-- [ RunTime:0.001534s ]
ERR: 非法操作:del

[ 2017-04-24T13:31:09+08:00 ] ::1 /jianghu/index.php/home/introduce/del
INFO: [ app_init ] --START--
INFO: Run Behavior\BuildLiteBehavior [ RunTime:0.000013s ]
INFO: [ app_init ] --END-- [ RunTime:0.000606s ]
INFO: [ app_begin ] --START--
INFO: Run Behavior\ReadHtmlCacheBehavior [ RunTime:0.001015s ]
INFO: [ app_begin ] --END-- [ RunTime:0.001083s ]
SQL: SHOW COLUMNS FROM `jianghu_token` [ RunTime:0.0043s ]
SQL: SHOW COLUMNS FROM `jianghu_user` [ RunTime:0.0043s ]
SQL: SHOW COLUMNS FROM `jianghu_login_count` [ RunTime:0.0033s ]
SQL: SHOW COLUMNS FROM `jianghu_daily_num` [ RunTime:0.0041s ]
SQL: SELECT * FROM `jianghu_token` WHERE `token` = 'sn/yv1TijVcqin9FrIPDScUO1G2njjZlU3MP4/aI7V/qZiFpRY2Pajeh5YsSBbLbHrqhvKOBa9l/TIpKbBFpoA==' AND `state` = 0 LIMIT 1   [ RunTime:0.0005s ]
SQL: SELECT `isban` FROM `jianghu_user` WHERE `id` = 1 LIMIT 1   [ RunTime:0.0003s ]
SQL: SELECT * FROM `jianghu_login_count` WHERE `user_id` = 1 AND `date` = '2017-04-24' LIMIT 1   [ RunTime:0.0008s ]
SQL: SELECT * FROM `jianghu_daily_num` WHERE `date` = '2017-04-24' LIMIT 1   [ RunTime:0.0004s ]
SQL: SELECT `jointime` FROM `jianghu_user` WHERE `id` = 1 LIMIT 1   [ RunTime:0.0002s ]
SQL: SHOW COLUMNS FROM `jianghu_introduce` [ RunTime:0.0037s ]
SQL: SHOW COLUMNS FROM `jianghu_introduce_images` [ RunTime:0.0032s ]
SQL: SHOW COLUMNS FROM `jianghu_introduce_domain` [ RunTime:0.0035s ]
SQL: SELECT * FROM `jianghu_introduce_images` WHERE `introduce_id` = 222  [ RunTime:0.0004s ]
SQL: DELETE FROM `jianghu_introduce_domain` WHERE `introduce_id` = 222 [ RunTime:0.0003s ]
SQL: DELETE FROM `jianghu_introduce_images` WHERE `introduce_id` = 222 [ RunTime:0.0003s ]
SQL: DELETE FROM `jianghu_introduce` WHERE `id` = 222 [ RunTime:0.0002s ]

[ 2017-04-24T13:31:18+08:00 ] ::1 /jianghu/index.php/home/introduce/del
INFO: [ app_init ] --START--
INFO: Run Behavior\BuildLiteBehavior [ RunTime:0.000012s ]
INFO: [ app_init ] --END-- [ RunTime:0.000496s ]
INFO: [ app_begin ] --START--
INFO: Run Behavior\ReadHtmlCacheBehavior [ RunTime:0.000900s ]
INFO: [ app_begin ] --END-- [ RunTime:0.000959s ]
SQL: SHOW COLUMNS FROM `jianghu_token` [ RunTime:0.0050s ]
SQL: SHOW COLUMNS FROM `jianghu_user` [ RunTime:0.0037s ]
SQL: SHOW COLUMNS FROM `jianghu_login_count` [ RunTime:0.0037s ]
SQL: SHOW COLUMNS FROM `jianghu_daily_num` [ RunTime:0.0037s ]
SQL: SELECT * FROM `jianghu_token` WHERE `token` = 'sn/yv1TijVcqin9FrIPDScUO1G2njjZlU3MP4/aI7V/qZiFpRY2Pajeh5YsSBbLbHrqhvKOBa9l/TIpKbBFpoA==' AND `state` = 0 LIMIT 1   [ RunTime:0.0004s ]
SQL: SELECT `isban` FROM `jianghu_user` WHERE `id` = 1 LIMIT 1   [ RunTime:0.0003s ]
SQL: SELECT * FROM `jianghu_login_count` WHERE `user_id` = 1 AND `date` = '2017-04-24' LIMIT 1   [ RunTime:0.0008s ]
SQL: SELECT * FROM `jianghu_daily_num` WHERE `date` = '2017-04-24' LIMIT 1   [ RunTime:0.0004s ]
SQL: SELECT `jointime` FROM `jianghu_user` WHERE `id` = 1 LIMIT 1   [ RunTime:0.0002s ]
SQL: SHOW COLUMNS FROM `jianghu_introduce` [ RunTime:0.0042s ]
SQL: SHOW COLUMNS FROM `jianghu_introduce_images` [ RunTime:0.0033s ]
SQL: SHOW COLUMNS FROM `jianghu_introduce_domain` [ RunTime:0.0032s ]
SQL: SELECT * FROM `jianghu_introduce_images` WHERE `introduce_id` = 223  [ RunTime:0.0004s ]
SQL: DELETE FROM `jianghu_introduce_domain` WHERE `introduce_id` = 223 [ RunTime:0.0003s ]
SQL: DELETE FROM `jianghu_introduce_images` WHERE `introduce_id` = 223 [ RunTime:0.0003s ]
SQL: DELETE FROM `jianghu_introduce` WHERE `id` = 223 [ RunTime:0.0008s ]

