[ 2017-08-15T09:58:30+08:00 ] ::1 /jianghu/index.php/home/introduce/checkComment
INFO: [ app_init ] --START--
INFO: Run Behavior\BuildLiteBehavior [ RunTime:0.000015s ]
INFO: [ app_init ] --END-- [ RunTime:0.000966s ]
INFO: [ app_begin ] --START--
INFO: Run Behavior\ReadHtmlCacheBehavior [ RunTime:0.001263s ]
INFO: [ app_begin ] --END-- [ RunTime:0.001325s ]
SQL: SHOW COLUMNS FROM `jianghu_token` [ RunTime:0.0044s ]
SQL: SHOW COLUMNS FROM `jianghu_user` [ RunTime:0.0042s ]
SQL: SHOW COLUMNS FROM `jianghu_login_count` [ RunTime:0.0038s ]
SQL: SHOW COLUMNS FROM `jianghu_daily_num` [ RunTime:0.0038s ]
SQL: SELECT * FROM `jianghu_token` WHERE `token` = '2d461ebf6c5364e366e759f234d9434e' AND `state` = 0 LIMIT 1   [ RunTime:0.0418s ]
SQL: SELECT `isban` FROM `jianghu_user` WHERE `id` = 1 LIMIT 1   [ RunTime:0.0006s ]
SQL: SELECT * FROM `jianghu_login_count` WHERE `user_id` = 1 AND `date` = '2017-08-15' LIMIT 1   [ RunTime:0.0546s ]
SQL: SELECT * FROM `jianghu_daily_num` WHERE `date` = '2017-08-15' LIMIT 1   [ RunTime:0.0195s ]
SQL: SELECT `jointime` FROM `jianghu_user` WHERE `id` = 1 LIMIT 1   [ RunTime:0.0002s ]
SQL: INSERT INTO `jianghu_login_count` (`user_id`,`date`) VALUES ('1','2017-08-15') [ RunTime:0.1031s ]
SQL: UPDATE `jianghu_user` SET `praisenum`=praisenum+1 WHERE `id` = 1 [ RunTime:0.0580s ]
SQL: SELECT * FROM `jianghu_daily_num` WHERE `date` = '2017-08-15'  [ RunTime:0.0009s ]
SQL: INSERT INTO `jianghu_daily_num` (`date`,`lognum`) VALUES ('2017-08-15','1') [ RunTime:0.0422s ]
SQL: SHOW COLUMNS FROM `jianghu_comment` [ RunTime:0.0096s ]
SQL: SHOW COLUMNS FROM `jianghu_friend` [ RunTime:0.0082s ]
SQL: SHOW COLUMNS FROM `jianghu_comment_comment` [ RunTime:0.0102s ]
SQL: SELECT `friend_id` FROM `jianghu_friend` WHERE `user_id` = 1  [ RunTime:0.0013s ]
SQL: SELECT * FROM `jianghu_comment` WHERE `user_id` IN ('5','4','1','6','7','18','20','18','4','4','1','1','99','2','93') AND `introduce_id` = 157 ORDER BY time desc  [ RunTime:0.0201s ]

[ 2017-08-15T09:58:37+08:00 ] ::1 /jianghu/index.php/home/introduce/checkComment
INFO: [ app_init ] --START--
INFO: Run Behavior\BuildLiteBehavior [ RunTime:0.000012s ]
INFO: [ app_init ] --END-- [ RunTime:0.000601s ]
INFO: [ app_begin ] --START--
INFO: Run Behavior\ReadHtmlCacheBehavior [ RunTime:0.000767s ]
INFO: [ app_begin ] --END-- [ RunTime:0.000827s ]
SQL: SHOW COLUMNS FROM `jianghu_token` [ RunTime:0.0055s ]
SQL: SHOW COLUMNS FROM `jianghu_user` [ RunTime:0.0039s ]
SQL: SHOW COLUMNS FROM `jianghu_login_count` [ RunTime:0.0040s ]
SQL: SHOW COLUMNS FROM `jianghu_daily_num` [ RunTime:0.0039s ]
SQL: SELECT * FROM `jianghu_token` WHERE `token` = '2d461ebf6c5364e366e759f234d9434e' AND `state` = 0 LIMIT 1   [ RunTime:0.0004s ]
SQL: SELECT `isban` FROM `jianghu_user` WHERE `id` = 1 LIMIT 1   [ RunTime:0.0003s ]
SQL: SELECT * FROM `jianghu_login_count` WHERE `user_id` = 1 AND `date` = '2017-08-15' LIMIT 1   [ RunTime:0.0012s ]
SQL: SELECT * FROM `jianghu_daily_num` WHERE `date` = '2017-08-15' LIMIT 1   [ RunTime:0.0004s ]
SQL: SELECT `jointime` FROM `jianghu_user` WHERE `id` = 1 LIMIT 1   [ RunTime:0.0003s ]
SQL: SHOW COLUMNS FROM `jianghu_comment` [ RunTime:0.0045s ]
SQL: SHOW COLUMNS FROM `jianghu_friend` [ RunTime:0.0040s ]
SQL: SHOW COLUMNS FROM `jianghu_comment_comment` [ RunTime:0.0035s ]
SQL: SELECT `friend_id` FROM `jianghu_friend` WHERE `user_id` = 1  [ RunTime:0.0004s ]
SQL: SELECT * FROM `jianghu_comment` WHERE `user_id` IN ('5','4','1','6','7','18','20','18','4','4','1','1','99','2','93') AND `introduce_id` = 1 ORDER BY time desc  [ RunTime:0.0004s ]

[ 2017-08-15T09:59:21+08:00 ] ::1 /jianghu/index.php/home/introduce/checkComment
INFO: [ app_init ] --START--
INFO: Run Behavior\BuildLiteBehavior [ RunTime:0.000013s ]
INFO: [ app_init ] --END-- [ RunTime:0.000550s ]
INFO: [ app_begin ] --START--
INFO: Run Behavior\ReadHtmlCacheBehavior [ RunTime:0.000762s ]
INFO: [ app_begin ] --END-- [ RunTime:0.000817s ]
SQL: SHOW COLUMNS FROM `jianghu_token` [ RunTime:0.0041s ]
SQL: SHOW COLUMNS FROM `jianghu_user` [ RunTime:0.0043s ]
SQL: SHOW COLUMNS FROM `jianghu_login_count` [ RunTime:0.0043s ]
SQL: SHOW COLUMNS FROM `jianghu_daily_num` [ RunTime:0.0037s ]
SQL: SELECT * FROM `jianghu_token` WHERE `token` = '2d461ebf6c5364e366e759f234d9434e' AND `state` = 0 LIMIT 1   [ RunTime:0.0005s ]
SQL: SELECT `isban` FROM `jianghu_user` WHERE `id` = 1 LIMIT 1   [ RunTime:0.0003s ]
SQL: SELECT * FROM `jianghu_login_count` WHERE `user_id` = 1 AND `date` = '2017-08-15' LIMIT 1   [ RunTime:0.0013s ]
SQL: SELECT * FROM `jianghu_daily_num` WHERE `date` = '2017-08-15' LIMIT 1   [ RunTime:0.0004s ]
SQL: SELECT `jointime` FROM `jianghu_user` WHERE `id` = 1 LIMIT 1   [ RunTime:0.0004s ]
SQL: SHOW COLUMNS FROM `jianghu_comment` [ RunTime:0.0037s ]
SQL: SHOW COLUMNS FROM `jianghu_friend` [ RunTime:0.0045s ]
SQL: SHOW COLUMNS FROM `jianghu_comment_comment` [ RunTime:0.0036s ]
SQL: SELECT `friend_id` FROM `jianghu_friend` WHERE `user_id` = 1  [ RunTime:0.0004s ]
SQL: SELECT * FROM `jianghu_comment` WHERE `user_id` IN ('5','4','1','6','7','18','20','18','4','4','1','1','99','2','93') AND `introduce_id` = 8 ORDER BY time desc  [ RunTime:0.0005s ]
SQL: SELECT `username` FROM `jianghu_user` WHERE `id` = 2 LIMIT 1   [ RunTime:0.0003s ]
SQL: SELECT `faceurl` FROM `jianghu_user` WHERE `id` = 2 LIMIT 1   [ RunTime:0.0003s ]
SQL: SHOW COLUMNS FROM `jianghu_comment_comment` [ RunTime:0.0038s ]
SQL: SELECT u.faceurl,u.username,c.* FROM jianghu_comment_comment c left join jianghu_user u on u.id=c.user_id  WHERE `comment_id` = '4'  [ RunTime:0.0197s ]
SQL: SELECT `username` FROM `jianghu_user` WHERE `id` = 1 LIMIT 1   [ RunTime:0.0004s ]
SQL: SELECT `faceurl` FROM `jianghu_user` WHERE `id` = 1 LIMIT 1   [ RunTime:0.0003s ]
SQL: SHOW COLUMNS FROM `jianghu_comment_comment` [ RunTime:0.0040s ]
SQL: SELECT u.faceurl,u.username,c.* FROM jianghu_comment_comment c left join jianghu_user u on u.id=c.user_id  WHERE `comment_id` = '3'  [ RunTime:0.0004s ]
SQL: SELECT `username` FROM `jianghu_user` WHERE `id` = 1 LIMIT 1   [ RunTime:0.0003s ]
SQL: SELECT `faceurl` FROM `jianghu_user` WHERE `id` = 1 LIMIT 1   [ RunTime:0.0002s ]
SQL: SHOW COLUMNS FROM `jianghu_comment_comment` [ RunTime:0.0036s ]
SQL: SELECT u.faceurl,u.username,c.* FROM jianghu_comment_comment c left join jianghu_user u on u.id=c.user_id  WHERE `comment_id` = '2'  [ RunTime:0.0004s ]
SQL: SELECT `username` FROM `jianghu_user` WHERE `id` = 1 LIMIT 1   [ RunTime:0.0003s ]
SQL: SELECT `faceurl` FROM `jianghu_user` WHERE `id` = 1 LIMIT 1   [ RunTime:0.0003s ]
SQL: SHOW COLUMNS FROM `jianghu_comment_comment` [ RunTime:0.0035s ]
SQL: SELECT u.faceurl,u.username,c.* FROM jianghu_comment_comment c left join jianghu_user u on u.id=c.user_id  WHERE `comment_id` = '1'  [ RunTime:0.0004s ]

[ 2017-08-15T16:15:22+08:00 ] ::1 /jianghu/index.php/home/introduce/checkComment
INFO: [ app_init ] --START--
INFO: Run Behavior\BuildLiteBehavior [ RunTime:0.000018s ]
INFO: [ app_init ] --END-- [ RunTime:0.001047s ]
INFO: [ app_begin ] --START--
INFO: Run Behavior\ReadHtmlCacheBehavior [ RunTime:0.001333s ]
INFO: [ app_begin ] --END-- [ RunTime:0.001436s ]
SQL: SHOW COLUMNS FROM `jianghu_token` [ RunTime:0.0060s ]
SQL: SHOW COLUMNS FROM `jianghu_user` [ RunTime:0.0046s ]
SQL: SHOW COLUMNS FROM `jianghu_login_count` [ RunTime:0.0042s ]
SQL: SHOW COLUMNS FROM `jianghu_daily_num` [ RunTime:0.0042s ]
SQL: SELECT * FROM `jianghu_token` WHERE `token` = '2d461ebf6c5364e366e759f234d9434e' AND `state` = 0 LIMIT 1   [ RunTime:0.0020s ]
SQL: SELECT `isban` FROM `jianghu_user` WHERE `id` = 1 LIMIT 1   [ RunTime:0.0164s ]
SQL: SELECT * FROM `jianghu_login_count` WHERE `user_id` = 1 AND `date` = '2017-08-15' LIMIT 1   [ RunTime:0.0169s ]
SQL: SELECT * FROM `jianghu_daily_num` WHERE `date` = '2017-08-15' LIMIT 1   [ RunTime:0.0204s ]
SQL: SELECT `jointime` FROM `jianghu_user` WHERE `id` = 1 LIMIT 1   [ RunTime:0.0003s ]
SQL: SHOW COLUMNS FROM `jianghu_comment` [ RunTime:0.0040s ]
SQL: SHOW COLUMNS FROM `jianghu_friend` [ RunTime:0.0040s ]
SQL: SHOW COLUMNS FROM `jianghu_comment_comment` [ RunTime:0.0056s ]
SQL: SELECT `friend_id` FROM `jianghu_friend` WHERE `user_id` = 1  [ RunTime:0.0013s ]
SQL: SELECT * FROM `jianghu_comment` WHERE `user_id` IN ('5','4','1','6','7','18','20','18','4','4','1','1','99','2','93') AND `introduce_id` = 90 ORDER BY time desc  [ RunTime:0.0006s ]
SQL: SELECT `username` FROM `jianghu_user` WHERE `id` = 1 LIMIT 1   [ RunTime:0.0003s ]
SQL: SELECT `faceurl` FROM `jianghu_user` WHERE `id` = 1 LIMIT 1   [ RunTime:0.0003s ]
SQL: SHOW COLUMNS FROM `jianghu_comment_comment` [ RunTime:0.0043s ]
SQL: SELECT u.faceurl,u.username,c.* FROM jianghu_comment_comment c left join jianghu_user u on u.id=c.user_id  WHERE `comment_id` = '64'  [ RunTime:0.0004s ]
SQL: SELECT `username` FROM `jianghu_user` WHERE `id` = 1 LIMIT 1   [ RunTime:0.0003s ]
SQL: SELECT `faceurl` FROM `jianghu_user` WHERE `id` = 1 LIMIT 1   [ RunTime:0.0002s ]
SQL: SHOW COLUMNS FROM `jianghu_comment_comment` [ RunTime:0.0053s ]
SQL: SELECT u.faceurl,u.username,c.* FROM jianghu_comment_comment c left join jianghu_user u on u.id=c.user_id  WHERE `comment_id` = '43'  [ RunTime:0.0005s ]
SQL: SELECT `username` FROM `jianghu_user` WHERE `id` = 1 LIMIT 1   [ RunTime:0.0003s ]
SQL: SELECT `faceurl` FROM `jianghu_user` WHERE `id` = 1 LIMIT 1   [ RunTime:0.0002s ]
SQL: SHOW COLUMNS FROM `jianghu_comment_comment` [ RunTime:0.0045s ]
SQL: SELECT u.faceurl,u.username,c.* FROM jianghu_comment_comment c left join jianghu_user u on u.id=c.user_id  WHERE `comment_id` = '35'  [ RunTime:0.0004s ]
SQL: SELECT `username` FROM `jianghu_user` WHERE `id` = 1 LIMIT 1   [ RunTime:0.0003s ]
SQL: SELECT `faceurl` FROM `jianghu_user` WHERE `id` = 1 LIMIT 1   [ RunTime:0.0003s ]
SQL: SHOW COLUMNS FROM `jianghu_comment_comment` [ RunTime:0.0042s ]
SQL: SELECT u.faceurl,u.username,c.* FROM jianghu_comment_comment c left join jianghu_user u on u.id=c.user_id  WHERE `comment_id` = '36'  [ RunTime:0.0012s ]
SQL: SELECT `username` FROM `jianghu_user` WHERE `id` = 1 LIMIT 1   [ RunTime:0.0008s ]
SQL: SELECT `faceurl` FROM `jianghu_user` WHERE `id` = 1 LIMIT 1   [ RunTime:0.0003s ]
SQL: SHOW COLUMNS FROM `jianghu_comment_comment` [ RunTime:0.0046s ]
SQL: SELECT u.faceurl,u.username,c.* FROM jianghu_comment_comment c left join jianghu_user u on u.id=c.user_id  WHERE `comment_id` = '37'  [ RunTime:0.0006s ]
SQL: SELECT `username` FROM `jianghu_user` WHERE `id` = 1 LIMIT 1   [ RunTime:0.0003s ]
SQL: SELECT `faceurl` FROM `jianghu_user` WHERE `id` = 1 LIMIT 1   [ RunTime:0.0003s ]
SQL: SHOW COLUMNS FROM `jianghu_comment_comment` [ RunTime:0.0041s ]
SQL: SELECT u.faceurl,u.username,c.* FROM jianghu_comment_comment c left join jianghu_user u on u.id=c.user_id  WHERE `comment_id` = '38'  [ RunTime:0.0005s ]
SQL: SELECT `username` FROM `jianghu_user` WHERE `id` = 1 LIMIT 1   [ RunTime:0.0003s ]
SQL: SELECT `faceurl` FROM `jianghu_user` WHERE `id` = 1 LIMIT 1   [ RunTime:0.0002s ]
SQL: SHOW COLUMNS FROM `jianghu_comment_comment` [ RunTime:0.0052s ]
SQL: SELECT u.faceurl,u.username,c.* FROM jianghu_comment_comment c left join jianghu_user u on u.id=c.user_id  WHERE `comment_id` = '34'  [ RunTime:0.0004s ]
SQL: SELECT `username` FROM `jianghu_user` WHERE `id` = 1 LIMIT 1   [ RunTime:0.0002s ]
SQL: SELECT `faceurl` FROM `jianghu_user` WHERE `id` = 1 LIMIT 1   [ RunTime:0.0003s ]
SQL: SHOW COLUMNS FROM `jianghu_comment_comment` [ RunTime:0.0047s ]
SQL: SELECT u.faceurl,u.username,c.* FROM jianghu_comment_comment c left join jianghu_user u on u.id=c.user_id  WHERE `comment_id` = '32'  [ RunTime:0.0004s ]
SQL: SELECT `username` FROM `jianghu_user` WHERE `id` = 1 LIMIT 1   [ RunTime:0.0003s ]
SQL: SELECT `faceurl` FROM `jianghu_user` WHERE `id` = 1 LIMIT 1   [ RunTime:0.0002s ]
SQL: SHOW COLUMNS FROM `jianghu_comment_comment` [ RunTime:0.0049s ]
SQL: SELECT u.faceurl,u.username,c.* FROM jianghu_comment_comment c left join jianghu_user u on u.id=c.user_id  WHERE `comment_id` = '33'  [ RunTime:0.0006s ]
SQL: SELECT `username` FROM `jianghu_user` WHERE `id` = 7 LIMIT 1   [ RunTime:0.0003s ]
SQL: SELECT `faceurl` FROM `jianghu_user` WHERE `id` = 7 LIMIT 1   [ RunTime:0.0003s ]
SQL: SHOW COLUMNS FROM `jianghu_comment_comment` [ RunTime:0.0049s ]
SQL: SELECT u.faceurl,u.username,c.* FROM jianghu_comment_comment c left join jianghu_user u on u.id=c.user_id  WHERE `comment_id` = '10'  [ RunTime:0.0007s ]

[ 2017-08-15T16:16:25+08:00 ] ::1 /jianghu/index.php/home/introduce/checkComment
INFO: [ app_init ] --START--
INFO: Run Behavior\BuildLiteBehavior [ RunTime:0.000023s ]
INFO: [ app_init ] --END-- [ RunTime:0.000867s ]
INFO: [ app_begin ] --START--
INFO: Run Behavior\ReadHtmlCacheBehavior [ RunTime:0.000831s ]
INFO: [ app_begin ] --END-- [ RunTime:0.000891s ]
SQL: SHOW COLUMNS FROM `jianghu_token` [ RunTime:0.0047s ]
SQL: SHOW COLUMNS FROM `jianghu_user` [ RunTime:0.0055s ]
SQL: SHOW COLUMNS FROM `jianghu_login_count` [ RunTime:0.0036s ]
SQL: SHOW COLUMNS FROM `jianghu_daily_num` [ RunTime:0.0042s ]
SQL: SELECT * FROM `jianghu_token` WHERE `token` = '2d461ebf6c5364e366e759f234d9434e' AND `state` = 0 LIMIT 1   [ RunTime:0.0004s ]
SQL: SELECT `isban` FROM `jianghu_user` WHERE `id` = 1 LIMIT 1   [ RunTime:0.0002s ]
SQL: SELECT * FROM `jianghu_login_count` WHERE `user_id` = 1 AND `date` = '2017-08-15' LIMIT 1   [ RunTime:0.0011s ]
SQL: SELECT * FROM `jianghu_daily_num` WHERE `date` = '2017-08-15' LIMIT 1   [ RunTime:0.0003s ]
SQL: SELECT `jointime` FROM `jianghu_user` WHERE `id` = 1 LIMIT 1   [ RunTime:0.0002s ]
SQL: SHOW COLUMNS FROM `jianghu_comment` [ RunTime:0.0040s ]
SQL: SHOW COLUMNS FROM `jianghu_friend` [ RunTime:0.0038s ]
SQL: SHOW COLUMNS FROM `jianghu_comment_comment` [ RunTime:0.0072s ]
SQL: SELECT `friend_id` FROM `jianghu_friend` WHERE `user_id` = 1  [ RunTime:0.0005s ]
SQL: SELECT * FROM `jianghu_comment` WHERE `user_id` IN ('5','4','1','6','7','18','20','18','4','4','1','1','99','2','93') AND `introduce_id` = 90 ORDER BY time desc  [ RunTime:0.0006s ]
SQL: SELECT `username` FROM `jianghu_user` WHERE `id` = 1 LIMIT 1   [ RunTime:0.0002s ]
SQL: SELECT `faceurl` FROM `jianghu_user` WHERE `id` = 1 LIMIT 1   [ RunTime:0.0002s ]
SQL: SHOW COLUMNS FROM `jianghu_comment_comment` [ RunTime:0.0044s ]
SQL: SELECT u.faceurl,u.username,c.* FROM jianghu_comment_comment c left join jianghu_user u on u.id=c.user_id  WHERE `comment_id` = '64'  [ RunTime:0.0005s ]
SQL: SELECT `username` FROM `jianghu_user` WHERE `id` = 1 LIMIT 1   [ RunTime:0.0002s ]
SQL: SELECT `faceurl` FROM `jianghu_user` WHERE `id` = 1 LIMIT 1   [ RunTime:0.0002s ]
SQL: SHOW COLUMNS FROM `jianghu_comment_comment` [ RunTime:0.0048s ]
SQL: SELECT u.faceurl,u.username,c.* FROM jianghu_comment_comment c left join jianghu_user u on u.id=c.user_id  WHERE `comment_id` = '43'  [ RunTime:0.0004s ]
SQL: SELECT `username` FROM `jianghu_user` WHERE `id` = 1 LIMIT 1   [ RunTime:0.0002s ]
SQL: SELECT `faceurl` FROM `jianghu_user` WHERE `id` = 1 LIMIT 1   [ RunTime:0.0002s ]
SQL: SHOW COLUMNS FROM `jianghu_comment_comment` [ RunTime:0.0062s ]
SQL: SELECT u.faceurl,u.username,c.* FROM jianghu_comment_comment c left join jianghu_user u on u.id=c.user_id  WHERE `comment_id` = '35'  [ RunTime:0.0005s ]
SQL: SELECT `username` FROM `jianghu_user` WHERE `id` = 1 LIMIT 1   [ RunTime:0.0003s ]
SQL: SELECT `faceurl` FROM `jianghu_user` WHERE `id` = 1 LIMIT 1   [ RunTime:0.0002s ]
SQL: SHOW COLUMNS FROM `jianghu_comment_comment` [ RunTime:0.0038s ]
SQL: SELECT u.faceurl,u.username,c.* FROM jianghu_comment_comment c left join jianghu_user u on u.id=c.user_id  WHERE `comment_id` = '36'  [ RunTime:0.0004s ]
SQL: SELECT `username` FROM `jianghu_user` WHERE `id` = 1 LIMIT 1   [ RunTime:0.0002s ]
SQL: SELECT `faceurl` FROM `jianghu_user` WHERE `id` = 1 LIMIT 1   [ RunTime:0.0002s ]
SQL: SHOW COLUMNS FROM `jianghu_comment_comment` [ RunTime:0.0054s ]
SQL: SELECT u.faceurl,u.username,c.* FROM jianghu_comment_comment c left join jianghu_user u on u.id=c.user_id  WHERE `comment_id` = '37'  [ RunTime:0.0004s ]
SQL: SELECT `username` FROM `jianghu_user` WHERE `id` = 1 LIMIT 1   [ RunTime:0.0002s ]
SQL: SELECT `faceurl` FROM `jianghu_user` WHERE `id` = 1 LIMIT 1   [ RunTime:0.0002s ]
SQL: SHOW COLUMNS FROM `jianghu_comment_comment` [ RunTime:0.0039s ]
SQL: SELECT u.faceurl,u.username,c.* FROM jianghu_comment_comment c left join jianghu_user u on u.id=c.user_id  WHERE `comment_id` = '38'  [ RunTime:0.0005s ]
SQL: SELECT `username` FROM `jianghu_user` WHERE `id` = 1 LIMIT 1   [ RunTime:0.0002s ]
SQL: SELECT `faceurl` FROM `jianghu_user` WHERE `id` = 1 LIMIT 1   [ RunTime:0.0002s ]
SQL: SHOW COLUMNS FROM `jianghu_comment_comment` [ RunTime:0.0040s ]
SQL: SELECT u.faceurl,u.username,c.* FROM jianghu_comment_comment c left join jianghu_user u on u.id=c.user_id  WHERE `comment_id` = '34'  [ RunTime:0.0004s ]
SQL: SELECT `username` FROM `jianghu_user` WHERE `id` = 1 LIMIT 1   [ RunTime:0.0005s ]
SQL: SELECT `faceurl` FROM `jianghu_user` WHERE `id` = 1 LIMIT 1   [ RunTime:0.0006s ]
SQL: SHOW COLUMNS FROM `jianghu_comment_comment` [ RunTime:0.0054s ]
SQL: SELECT u.faceurl,u.username,c.* FROM jianghu_comment_comment c left join jianghu_user u on u.id=c.user_id  WHERE `comment_id` = '32'  [ RunTime:0.0004s ]
SQL: SELECT `username` FROM `jianghu_user` WHERE `id` = 1 LIMIT 1   [ RunTime:0.0002s ]
SQL: SELECT `faceurl` FROM `jianghu_user` WHERE `id` = 1 LIMIT 1   [ RunTime:0.0002s ]
SQL: SHOW COLUMNS FROM `jianghu_comment_comment` [ RunTime:0.0038s ]
SQL: SELECT u.faceurl,u.username,c.* FROM jianghu_comment_comment c left join jianghu_user u on u.id=c.user_id  WHERE `comment_id` = '33'  [ RunTime:0.0004s ]
SQL: SELECT `username` FROM `jianghu_user` WHERE `id` = 7 LIMIT 1   [ RunTime:0.0002s ]
SQL: SELECT `faceurl` FROM `jianghu_user` WHERE `id` = 7 LIMIT 1   [ RunTime:0.0002s ]
SQL: SHOW COLUMNS FROM `jianghu_comment_comment` [ RunTime:0.0088s ]
SQL: SELECT u.faceurl,u.username,c.* FROM jianghu_comment_comment c left join jianghu_user u on u.id=c.user_id  WHERE `comment_id` = '10'  [ RunTime:0.0004s ]

[ 2017-08-15T16:16:31+08:00 ] ::1 /jianghu/index.php/home/introduce/checkComment
INFO: [ app_init ] --START--
INFO: Run Behavior\BuildLiteBehavior [ RunTime:0.000017s ]
INFO: [ app_init ] --END-- [ RunTime:0.000809s ]
INFO: [ app_begin ] --START--
INFO: Run Behavior\ReadHtmlCacheBehavior [ RunTime:0.000899s ]
INFO: [ app_begin ] --END-- [ RunTime:0.000964s ]
SQL: SHOW COLUMNS FROM `jianghu_token` [ RunTime:0.0042s ]
SQL: SHOW COLUMNS FROM `jianghu_user` [ RunTime:0.0048s ]
SQL: SHOW COLUMNS FROM `jianghu_login_count` [ RunTime:0.0039s ]
SQL: SHOW COLUMNS FROM `jianghu_daily_num` [ RunTime:0.0041s ]
SQL: SELECT * FROM `jianghu_token` WHERE `token` = '2d461ebf6c5364e366e759f234d9434e' AND `state` = 0 LIMIT 1   [ RunTime:0.0004s ]
SQL: SELECT `isban` FROM `jianghu_user` WHERE `id` = 1 LIMIT 1   [ RunTime:0.0003s ]
SQL: SELECT * FROM `jianghu_login_count` WHERE `user_id` = 1 AND `date` = '2017-08-15' LIMIT 1   [ RunTime:0.0011s ]
SQL: SELECT * FROM `jianghu_daily_num` WHERE `date` = '2017-08-15' LIMIT 1   [ RunTime:0.0004s ]
SQL: SELECT `jointime` FROM `jianghu_user` WHERE `id` = 1 LIMIT 1   [ RunTime:0.0003s ]
SQL: SHOW COLUMNS FROM `jianghu_comment` [ RunTime:0.0055s ]
SQL: SHOW COLUMNS FROM `jianghu_friend` [ RunTime:0.0043s ]
SQL: SHOW COLUMNS FROM `jianghu_comment_comment` [ RunTime:0.0040s ]
SQL: SELECT `friend_id` FROM `jianghu_friend` WHERE `user_id` = 1  [ RunTime:0.0004s ]
SQL: SELECT * FROM `jianghu_comment` WHERE `user_id` IN ('5','4','1','6','7','18','20','18','4','4','1','1','99','2','93') AND `introduce_id` = 90 ORDER BY time desc  [ RunTime:0.0005s ]
SQL: SELECT `username` FROM `jianghu_user` WHERE `id` = 1 LIMIT 1   [ RunTime:0.0003s ]
SQL: SELECT `faceurl` FROM `jianghu_user` WHERE `id` = 1 LIMIT 1   [ RunTime:0.0003s ]
SQL: SHOW COLUMNS FROM `jianghu_comment_comment` [ RunTime:0.0052s ]
SQL: SELECT u.faceurl,u.username,c.* FROM jianghu_comment_comment c left join jianghu_user u on u.id=c.user_id  WHERE `comment_id` = '64'  [ RunTime:0.0004s ]
SQL: SELECT `username` FROM `jianghu_user` WHERE `id` = 1 LIMIT 1   [ RunTime:0.0003s ]
SQL: SELECT `faceurl` FROM `jianghu_user` WHERE `id` = 1 LIMIT 1   [ RunTime:0.0002s ]
SQL: SHOW COLUMNS FROM `jianghu_comment_comment` [ RunTime:0.0042s ]
SQL: SELECT u.faceurl,u.username,c.* FROM jianghu_comment_comment c left join jianghu_user u on u.id=c.user_id  WHERE `comment_id` = '43'  [ RunTime:0.0004s ]
SQL: SELECT `username` FROM `jianghu_user` WHERE `id` = 1 LIMIT 1   [ RunTime:0.0003s ]
SQL: SELECT `faceurl` FROM `jianghu_user` WHERE `id` = 1 LIMIT 1   [ RunTime:0.0003s ]
SQL: SHOW COLUMNS FROM `jianghu_comment_comment` [ RunTime:0.0045s ]
SQL: SELECT u.faceurl,u.username,c.* FROM jianghu_comment_comment c left join jianghu_user u on u.id=c.user_id  WHERE `comment_id` = '35'  [ RunTime:0.0004s ]
SQL: SELECT `username` FROM `jianghu_user` WHERE `id` = 1 LIMIT 1   [ RunTime:0.0003s ]
SQL: SELECT `faceurl` FROM `jianghu_user` WHERE `id` = 1 LIMIT 1   [ RunTime:0.0002s ]
SQL: SHOW COLUMNS FROM `jianghu_comment_comment` [ RunTime:0.0047s ]
SQL: SELECT u.faceurl,u.username,c.* FROM jianghu_comment_comment c left join jianghu_user u on u.id=c.user_id  WHERE `comment_id` = '36'  [ RunTime:0.0004s ]
SQL: SELECT `username` FROM `jianghu_user` WHERE `id` = 1 LIMIT 1   [ RunTime:0.0003s ]
SQL: SELECT `faceurl` FROM `jianghu_user` WHERE `id` = 1 LIMIT 1   [ RunTime:0.0003s ]
SQL: SHOW COLUMNS FROM `jianghu_comment_comment` [ RunTime:0.0252s ]
SQL: SELECT u.faceurl,u.username,c.* FROM jianghu_comment_comment c left join jianghu_user u on u.id=c.user_id  WHERE `comment_id` = '37'  [ RunTime:0.0008s ]
SQL: SELECT `username` FROM `jianghu_user` WHERE `id` = 1 LIMIT 1   [ RunTime:0.0007s ]
SQL: SELECT `faceurl` FROM `jianghu_user` WHERE `id` = 1 LIMIT 1   [ RunTime:0.0003s ]
SQL: SHOW COLUMNS FROM `jianghu_comment_comment` [ RunTime:0.0047s ]
SQL: SELECT u.faceurl,u.username,c.* FROM jianghu_comment_comment c left join jianghu_user u on u.id=c.user_id  WHERE `comment_id` = '38'  [ RunTime:0.0005s ]
SQL: SELECT `username` FROM `jianghu_user` WHERE `id` = 1 LIMIT 1   [ RunTime:0.0002s ]
SQL: SELECT `faceurl` FROM `jianghu_user` WHERE `id` = 1 LIMIT 1   [ RunTime:0.0003s ]
SQL: SHOW COLUMNS FROM `jianghu_comment_comment` [ RunTime:0.0038s ]
SQL: SELECT u.faceurl,u.username,c.* FROM jianghu_comment_comment c left join jianghu_user u on u.id=c.user_id  WHERE `comment_id` = '34'  [ RunTime:0.0004s ]
SQL: SELECT `username` FROM `jianghu_user` WHERE `id` = 1 LIMIT 1   [ RunTime:0.0003s ]
SQL: SELECT `faceurl` FROM `jianghu_user` WHERE `id` = 1 LIMIT 1   [ RunTime:0.0002s ]
SQL: SHOW COLUMNS FROM `jianghu_comment_comment` [ RunTime:0.0055s ]
SQL: SELECT u.faceurl,u.username,c.* FROM jianghu_comment_comment c left join jianghu_user u on u.id=c.user_id  WHERE `comment_id` = '32'  [ RunTime:0.0004s ]
SQL: SELECT `username` FROM `jianghu_user` WHERE `id` = 1 LIMIT 1   [ RunTime:0.0003s ]
SQL: SELECT `faceurl` FROM `jianghu_user` WHERE `id` = 1 LIMIT 1   [ RunTime:0.0002s ]
SQL: SHOW COLUMNS FROM `jianghu_comment_comment` [ RunTime:0.0041s ]
SQL: SELECT u.faceurl,u.username,c.* FROM jianghu_comment_comment c left join jianghu_user u on u.id=c.user_id  WHERE `comment_id` = '33'  [ RunTime:0.0004s ]
SQL: SELECT `username` FROM `jianghu_user` WHERE `id` = 7 LIMIT 1   [ RunTime:0.0003s ]
SQL: SELECT `faceurl` FROM `jianghu_user` WHERE `id` = 7 LIMIT 1   [ RunTime:0.0003s ]
SQL: SHOW COLUMNS FROM `jianghu_comment_comment` [ RunTime:0.0158s ]
SQL: SELECT u.faceurl,u.username,c.* FROM jianghu_comment_comment c left join jianghu_user u on u.id=c.user_id  WHERE `comment_id` = '10'  [ RunTime:0.0004s ]

[ 2017-08-15T16:19:12+08:00 ] ::1 /jianghu/index.php/home/introduce/addComment
INFO: [ app_init ] --START--
INFO: Run Behavior\BuildLiteBehavior [ RunTime:0.000021s ]
INFO: [ app_init ] --END-- [ RunTime:0.000595s ]
INFO: [ app_begin ] --START--
INFO: Run Behavior\ReadHtmlCacheBehavior [ RunTime:0.001134s ]
INFO: [ app_begin ] --END-- [ RunTime:0.001198s ]
SQL: SHOW COLUMNS FROM `jianghu_token` [ RunTime:0.0048s ]
SQL: SHOW COLUMNS FROM `jianghu_user` [ RunTime:0.0042s ]
SQL: SHOW COLUMNS FROM `jianghu_login_count` [ RunTime:0.0038s ]
SQL: SHOW COLUMNS FROM `jianghu_daily_num` [ RunTime:0.0039s ]
SQL: SELECT * FROM `jianghu_token` WHERE `token` = '2ea7c6999b86afb0f34bc274e78377fe' AND `state` = 0 LIMIT 1   [ RunTime:0.0337s ]

[ 2017-08-15T16:19:12+08:00 ] ::1 /jianghu/index.php/Home/return/returnMsg.html?re=2&type=206
INFO: [ app_init ] --START--
INFO: Run Behavior\BuildLiteBehavior [ RunTime:0.000011s ]
INFO: [ app_init ] --END-- [ RunTime:0.000553s ]
INFO: [ app_begin ] --START--
INFO: Run Behavior\ReadHtmlCacheBehavior [ RunTime:0.000954s ]
INFO: [ app_begin ] --END-- [ RunTime:0.001025s ]

[ 2017-08-15T16:19:24+08:00 ] ::1 /jianghu/index.php/home/introduce/addComment
INFO: [ app_init ] --START--
INFO: Run Behavior\BuildLiteBehavior [ RunTime:0.000012s ]
INFO: [ app_init ] --END-- [ RunTime:0.000559s ]
INFO: [ app_begin ] --START--
INFO: Run Behavior\ReadHtmlCacheBehavior [ RunTime:0.000730s ]
INFO: [ app_begin ] --END-- [ RunTime:0.000779s ]
SQL: SHOW COLUMNS FROM `jianghu_token` [ RunTime:0.0052s ]
SQL: SHOW COLUMNS FROM `jianghu_user` [ RunTime:0.0036s ]
SQL: SHOW COLUMNS FROM `jianghu_login_count` [ RunTime:0.0044s ]
SQL: SHOW COLUMNS FROM `jianghu_daily_num` [ RunTime:0.0043s ]
SQL: SELECT * FROM `jianghu_token` WHERE `token` = 'sn/yv1TijVcqin9FrIPDScUO1G2njjZlU3MP4/aI7V/qZiFpRY2Pajeh5YsSBbLbHrqhvKOBa9l/TIpKbBFpoA==' AND `state` = 0 LIMIT 1   [ RunTime:0.0004s ]
SQL: SELECT `isban` FROM `jianghu_user` WHERE `id` = 2 LIMIT 1   [ RunTime:0.0003s ]
SQL: SELECT * FROM `jianghu_login_count` WHERE `user_id` = 2 AND `date` = '2017-08-15' LIMIT 1   [ RunTime:0.0010s ]
SQL: SELECT * FROM `jianghu_daily_num` WHERE `date` = '2017-08-15' LIMIT 1   [ RunTime:0.0004s ]
SQL: SELECT `jointime` FROM `jianghu_user` WHERE `id` = 2 LIMIT 1   [ RunTime:0.0003s ]
SQL: INSERT INTO `jianghu_login_count` (`user_id`,`date`) VALUES ('2','2017-08-15') [ RunTime:0.0682s ]
SQL: UPDATE `jianghu_user` SET `praisenum`=praisenum+1 WHERE `id` = 2 [ RunTime:0.0696s ]
SQL: SELECT * FROM `jianghu_daily_num` WHERE `date` = '2017-08-15'  [ RunTime:0.0016s ]
SQL: UPDATE `jianghu_daily_num` SET `lognum`=lognum+1 WHERE `date` = '2017-08-15' [ RunTime:0.0524s ]
SQL: SHOW COLUMNS FROM `jianghu_comment` [ RunTime:0.0062s ]
SQL: SHOW COLUMNS FROM `jianghu_introduce` [ RunTime:0.0070s ]
SQL: SELECT `user_id` FROM `jianghu_introduce` WHERE `id` = 90 LIMIT 1   [ RunTime:0.0005s ]
SQL: SELECT `time` FROM `jianghu_comment` WHERE `user_id` = 2  [ RunTime:0.0006s ]
SQL: UPDATE `jianghu_daily_num` SET `commentnum`=commentnum+1 WHERE `date` = '2017-08-15' [ RunTime:0.0489s ]
SQL: INSERT INTO `jianghu_comment` (`user_id`,`introduce_id`,`content`,`owner_id`,`time`) VALUES ('2','90','这是2对推荐90的评论','1','2017-08-15 16:19:24') [ RunTime:0.0445s ]
SQL: UPDATE `jianghu_introduce` SET `commentnum`=commentnum+1 WHERE `id` = 90 [ RunTime:0.0545s ]
SQL: SELECT `username` FROM `jianghu_user` WHERE `id` = 2 LIMIT 1   [ RunTime:0.0101s ]
SQL: SELECT `push_regid` FROM `jianghu_user` WHERE `id` = 1 LIMIT 1   [ RunTime:0.0003s ]

[ 2017-08-15T16:20:30+08:00 ] ::1 /jianghu/index.php/home/introduce/addCommentForComment
INFO: [ app_init ] --START--
INFO: Run Behavior\BuildLiteBehavior [ RunTime:0.000015s ]
INFO: [ app_init ] --END-- [ RunTime:0.000704s ]
INFO: [ app_begin ] --START--
INFO: Run Behavior\ReadHtmlCacheBehavior [ RunTime:0.000860s ]
INFO: [ app_begin ] --END-- [ RunTime:0.000921s ]
SQL: SHOW COLUMNS FROM `jianghu_token` [ RunTime:0.0052s ]
SQL: SHOW COLUMNS FROM `jianghu_user` [ RunTime:0.0043s ]
SQL: SHOW COLUMNS FROM `jianghu_login_count` [ RunTime:0.0039s ]
SQL: SHOW COLUMNS FROM `jianghu_daily_num` [ RunTime:0.0040s ]
SQL: SELECT * FROM `jianghu_token` WHERE `token` = '2d461ebf6c5364e366e759f234d9434e' AND `state` = 0 LIMIT 1   [ RunTime:0.0006s ]
SQL: SELECT `isban` FROM `jianghu_user` WHERE `id` = 3 LIMIT 1   [ RunTime:0.0003s ]
SQL: SELECT * FROM `jianghu_login_count` WHERE `user_id` = 3 AND `date` = '2017-08-15' LIMIT 1   [ RunTime:0.0018s ]
SQL: SELECT * FROM `jianghu_daily_num` WHERE `date` = '2017-08-15' LIMIT 1   [ RunTime:0.0007s ]
SQL: SELECT `jointime` FROM `jianghu_user` WHERE `id` = 3 LIMIT 1   [ RunTime:0.0004s ]
SQL: INSERT INTO `jianghu_login_count` (`user_id`,`date`) VALUES ('3','2017-08-15') [ RunTime:0.0829s ]
SQL: UPDATE `jianghu_user` SET `praisenum`=praisenum+1 WHERE `id` = 3 [ RunTime:0.0420s ]
SQL: SELECT * FROM `jianghu_daily_num` WHERE `date` = '2017-08-15'  [ RunTime:0.0019s ]
SQL: UPDATE `jianghu_daily_num` SET `lognum`=lognum+1 WHERE `date` = '2017-08-15' [ RunTime:0.0406s ]
SQL: SHOW COLUMNS FROM `jianghu_comment_comment` [ RunTime:0.0040s ]
SQL: SHOW COLUMNS FROM `jianghu_comment` [ RunTime:0.0051s ]
NOTIC: [8] Undefined index: validate D:\xampp\htdocs\jianghu\ThinkPHP\Library\Think\Model.class.php 第 1185 行.
NOTIC: [8] Undefined index: auto D:\xampp\htdocs\jianghu\ThinkPHP\Library\Think\Model.class.php 第 1128 行.
SQL: SELECT * FROM `jianghu_comment` WHERE (  id ) AND (  163 ) LIMIT 1   [ RunTime:0.0006s ]
SQL: INSERT INTO `jianghu_comment_comment` (`user_id`,`comment_id`,`text`,`time`,`owner_id`,`introduce_id`) VALUES ('3','163','3对2的评论的评论','2017-08-15 16:20:30','1','8') [ RunTime:0.0483s ]

[ 2017-08-15T16:25:17+08:00 ] ::1 /jianghu/index.php/home/introduce/addCommentForComment
INFO: [ app_init ] --START--
INFO: Run Behavior\BuildLiteBehavior [ RunTime:0.000014s ]
INFO: [ app_init ] --END-- [ RunTime:0.000668s ]
INFO: [ app_begin ] --START--
INFO: Run Behavior\ReadHtmlCacheBehavior [ RunTime:0.000950s ]
INFO: [ app_begin ] --END-- [ RunTime:0.001016s ]
SQL: SHOW COLUMNS FROM `jianghu_token` [ RunTime:0.0053s ]
SQL: SHOW COLUMNS FROM `jianghu_user` [ RunTime:0.0044s ]
SQL: SHOW COLUMNS FROM `jianghu_login_count` [ RunTime:0.0038s ]
SQL: SHOW COLUMNS FROM `jianghu_daily_num` [ RunTime:0.0038s ]
SQL: SELECT * FROM `jianghu_token` WHERE `token` = '2d461ebf6c5364e366e759f234d9434e' AND `state` = 0 LIMIT 1   [ RunTime:0.0005s ]
SQL: SELECT `isban` FROM `jianghu_user` WHERE `id` = 3 LIMIT 1   [ RunTime:0.0003s ]
SQL: SELECT * FROM `jianghu_login_count` WHERE `user_id` = 3 AND `date` = '2017-08-15' LIMIT 1   [ RunTime:0.0010s ]
SQL: SELECT * FROM `jianghu_daily_num` WHERE `date` = '2017-08-15' LIMIT 1   [ RunTime:0.0004s ]
SQL: SELECT `jointime` FROM `jianghu_user` WHERE `id` = 3 LIMIT 1   [ RunTime:0.0003s ]
SQL: SHOW COLUMNS FROM `jianghu_comment_comment` [ RunTime:0.0044s ]
SQL: SHOW COLUMNS FROM `jianghu_comment` [ RunTime:0.0041s ]
NOTIC: [8] Undefined index: validate D:\xampp\htdocs\jianghu\ThinkPHP\Library\Think\Model.class.php 第 1185 行.
NOTIC: [8] Undefined index: auto D:\xampp\htdocs\jianghu\ThinkPHP\Library\Think\Model.class.php 第 1128 行.
SQL: SELECT * FROM `jianghu_comment` WHERE `id` = 163 LIMIT 1   [ RunTime:0.0004s ]
SQL: INSERT INTO `jianghu_comment_comment` (`user_id`,`comment_id`,`text`,`time`,`owner_id`,`introduce_id`) VALUES ('3','163','3对2的评论的评论','2017-08-15 16:25:17','2','90') [ RunTime:0.0837s ]

[ 2017-08-15T16:25:48+08:00 ] ::1 /jianghu/index.php/home/msg/getUnreadNum
INFO: [ app_init ] --START--
INFO: Run Behavior\BuildLiteBehavior [ RunTime:0.000013s ]
INFO: [ app_init ] --END-- [ RunTime:0.000665s ]
INFO: [ app_begin ] --START--
INFO: Run Behavior\ReadHtmlCacheBehavior [ RunTime:0.000803s ]
INFO: [ app_begin ] --END-- [ RunTime:0.000857s ]
SQL: SHOW COLUMNS FROM `jianghu_token` [ RunTime:0.0056s ]
SQL: SHOW COLUMNS FROM `jianghu_user` [ RunTime:0.0043s ]
SQL: SHOW COLUMNS FROM `jianghu_login_count` [ RunTime:0.0039s ]
SQL: SHOW COLUMNS FROM `jianghu_daily_num` [ RunTime:0.0037s ]
SQL: SELECT * FROM `jianghu_token` WHERE `token` = 'a7369773cfc392c5516570ee3194fa4a' AND `state` = 0 LIMIT 1   [ RunTime:0.0020s ]

[ 2017-08-15T16:25:48+08:00 ] ::1 /jianghu/index.php/Home/return/returnMsg.html?re=2&type=600
INFO: [ app_init ] --START--
INFO: Run Behavior\BuildLiteBehavior [ RunTime:0.000032s ]
INFO: [ app_init ] --END-- [ RunTime:0.000929s ]
INFO: [ app_begin ] --START--
INFO: Run Behavior\ReadHtmlCacheBehavior [ RunTime:0.000829s ]
INFO: [ app_begin ] --END-- [ RunTime:0.000889s ]

[ 2017-08-15T16:25:58+08:00 ] ::1 /jianghu/index.php/home/msg/getUnreadNum
INFO: [ app_init ] --START--
INFO: Run Behavior\BuildLiteBehavior [ RunTime:0.000013s ]
INFO: [ app_init ] --END-- [ RunTime:0.000673s ]
INFO: [ app_begin ] --START--
INFO: Run Behavior\ReadHtmlCacheBehavior [ RunTime:0.000968s ]
INFO: [ app_begin ] --END-- [ RunTime:0.001031s ]
SQL: SHOW COLUMNS FROM `jianghu_token` [ RunTime:0.0041s ]
SQL: SHOW COLUMNS FROM `jianghu_user` [ RunTime:0.0040s ]
SQL: SHOW COLUMNS FROM `jianghu_login_count` [ RunTime:0.0037s ]
SQL: SHOW COLUMNS FROM `jianghu_daily_num` [ RunTime:0.0038s ]
SQL: SELECT * FROM `jianghu_token` WHERE `token` = 'a7369773cfc392c5516570ee3194fa4a' AND `state` = 0 LIMIT 1   [ RunTime:0.0019s ]

[ 2017-08-15T16:25:58+08:00 ] ::1 /jianghu/index.php/Home/return/returnMsg.html?re=2&type=600
INFO: [ app_init ] --START--
INFO: Run Behavior\BuildLiteBehavior [ RunTime:0.000012s ]
INFO: [ app_init ] --END-- [ RunTime:0.000563s ]
INFO: [ app_begin ] --START--
INFO: Run Behavior\ReadHtmlCacheBehavior [ RunTime:0.000808s ]
INFO: [ app_begin ] --END-- [ RunTime:0.000857s ]

[ 2017-08-15T16:26:12+08:00 ] ::1 /jianghu/index.php/home/msg/getUnreadNum
INFO: [ app_init ] --START--
INFO: Run Behavior\BuildLiteBehavior [ RunTime:0.000012s ]
INFO: [ app_init ] --END-- [ RunTime:0.000574s ]
INFO: [ app_begin ] --START--
INFO: Run Behavior\ReadHtmlCacheBehavior [ RunTime:0.001376s ]
INFO: [ app_begin ] --END-- [ RunTime:0.001466s ]
SQL: SHOW COLUMNS FROM `jianghu_token` [ RunTime:0.0054s ]
SQL: SHOW COLUMNS FROM `jianghu_user` [ RunTime:0.0038s ]
SQL: SHOW COLUMNS FROM `jianghu_login_count` [ RunTime:0.0037s ]
SQL: SHOW COLUMNS FROM `jianghu_daily_num` [ RunTime:0.0043s ]
SQL: SELECT * FROM `jianghu_token` WHERE `token` = 'a7369773cfc392c5516570ee3194fa4a' AND `state` = 0 LIMIT 1   [ RunTime:0.0020s ]

[ 2017-08-15T16:26:12+08:00 ] ::1 /jianghu/index.php/Home/return/returnMsg.html?re=2&type=600
INFO: [ app_init ] --START--
INFO: Run Behavior\BuildLiteBehavior [ RunTime:0.000012s ]
INFO: [ app_init ] --END-- [ RunTime:0.000566s ]
INFO: [ app_begin ] --START--
INFO: Run Behavior\ReadHtmlCacheBehavior [ RunTime:0.000803s ]
INFO: [ app_begin ] --END-- [ RunTime:0.000849s ]

[ 2017-08-15T16:26:45+08:00 ] ::1 /jianghu/index.php/home/msg/getUnreadNum
INFO: [ app_init ] --START--
INFO: Run Behavior\BuildLiteBehavior [ RunTime:0.000014s ]
INFO: [ app_init ] --END-- [ RunTime:0.000566s ]
INFO: [ app_begin ] --START--
INFO: Run Behavior\ReadHtmlCacheBehavior [ RunTime:0.000895s ]
INFO: [ app_begin ] --END-- [ RunTime:0.000956s ]
SQL: SHOW COLUMNS FROM `jianghu_token` [ RunTime:0.0068s ]
SQL: SHOW COLUMNS FROM `jianghu_user` [ RunTime:0.0050s ]
SQL: SHOW COLUMNS FROM `jianghu_login_count` [ RunTime:0.0051s ]
SQL: SHOW COLUMNS FROM `jianghu_daily_num` [ RunTime:0.0049s ]
SQL: SELECT * FROM `jianghu_token` WHERE `token` = 'ZFOpo5kKMHJlCfOW/06aScMhOnV2AhNfLn6K1diH+UQjUBNE+WGWpfPpw9e9huV9acP1wKAdBiejpCYXi+iOng==' AND `state` = 0 LIMIT 1   [ RunTime:0.0020s ]
SQL: SELECT `isban` FROM `jianghu_user` WHERE `id` = 2 LIMIT 1   [ RunTime:0.0003s ]
SQL: SELECT * FROM `jianghu_login_count` WHERE `user_id` = 2 AND `date` = '2017-08-15' LIMIT 1   [ RunTime:0.0010s ]
SQL: SELECT * FROM `jianghu_daily_num` WHERE `date` = '2017-08-15' LIMIT 1   [ RunTime:0.0004s ]
SQL: SELECT `jointime` FROM `jianghu_user` WHERE `id` = 2 LIMIT 1   [ RunTime:0.0003s ]
SQL: SHOW COLUMNS FROM `jianghu_forward` [ RunTime:0.0055s ]
SQL: SHOW COLUMNS FROM `jianghu_praise` [ RunTime:0.0051s ]
SQL: SHOW COLUMNS FROM `jianghu_comment` [ RunTime:0.0054s ]
SQL: SHOW COLUMNS FROM `jianghu_comment_comment` [ RunTime:0.0044s ]
SQL: SHOW COLUMNS FROM `jianghu_friend_request` [ RunTime:0.0039s ]
SQL: SELECT COUNT(*) AS tp_count FROM `jianghu_forward` WHERE `user_id` <> '2' AND `owner_id` = 2 AND `state` = 0 LIMIT 1   [ RunTime:0.0024s ]
SQL: SELECT COUNT(*) AS tp_count FROM `jianghu_praise` WHERE `user_id` <> '2' AND `owner_id` = 2 AND `state` = 0 LIMIT 1   [ RunTime:0.0019s ]
SQL: SELECT COUNT(*) AS tp_count FROM `jianghu_comment` WHERE `user_id` <> '2' AND `owner_id` = 2 AND `state` = 0 LIMIT 1   [ RunTime:0.0005s ]
SQL: SELECT COUNT(*) AS tp_count FROM `jianghu_comment_comment` WHERE `user_id` <> '2' AND `owner_id` = 2 AND `state` = 0 LIMIT 1   [ RunTime:0.0004s ]
SQL: SELECT COUNT(*) AS tp_count FROM `jianghu_friend_request` WHERE `state` = 0 AND `friend_id` = 2 LIMIT 1   [ RunTime:0.0011s ]
SQL: SELECT `unreadnum` FROM `jianghu_user` WHERE `id` = 2 LIMIT 1   [ RunTime:0.0003s ]

[ 2017-08-15T16:27:26+08:00 ] ::1 /jianghu/index.php/home/msg/checkCommentMsg
INFO: [ app_init ] --START--
INFO: Run Behavior\BuildLiteBehavior [ RunTime:0.000012s ]
INFO: [ app_init ] --END-- [ RunTime:0.000565s ]
INFO: [ app_begin ] --START--
INFO: Run Behavior\ReadHtmlCacheBehavior [ RunTime:0.000832s ]
INFO: [ app_begin ] --END-- [ RunTime:0.000885s ]
SQL: SHOW COLUMNS FROM `jianghu_token` [ RunTime:0.0054s ]
SQL: SHOW COLUMNS FROM `jianghu_user` [ RunTime:0.0040s ]
SQL: SHOW COLUMNS FROM `jianghu_login_count` [ RunTime:0.0038s ]
SQL: SHOW COLUMNS FROM `jianghu_daily_num` [ RunTime:0.0036s ]
SQL: SELECT * FROM `jianghu_token` WHERE `token` = 'a7369773cfc392c5516570ee3194fa4a' AND `state` = 0 LIMIT 1   [ RunTime:0.0020s ]

[ 2017-08-15T16:27:26+08:00 ] ::1 /jianghu/index.php/Home/return/returnMsg.html?re=2&type=603
INFO: [ app_init ] --START--
INFO: Run Behavior\BuildLiteBehavior [ RunTime:0.000011s ]
INFO: [ app_init ] --END-- [ RunTime:0.000542s ]
INFO: [ app_begin ] --START--
INFO: Run Behavior\ReadHtmlCacheBehavior [ RunTime:0.000807s ]
INFO: [ app_begin ] --END-- [ RunTime:0.000853s ]

[ 2017-08-15T16:27:35+08:00 ] ::1 /jianghu/index.php/home/msg/checkCommentMsg
INFO: [ app_init ] --START--
INFO: Run Behavior\BuildLiteBehavior [ RunTime:0.000016s ]
INFO: [ app_init ] --END-- [ RunTime:0.000529s ]
INFO: [ app_begin ] --START--
INFO: Run Behavior\ReadHtmlCacheBehavior [ RunTime:0.001369s ]
INFO: [ app_begin ] --END-- [ RunTime:0.001454s ]
SQL: SHOW COLUMNS FROM `jianghu_token` [ RunTime:0.0052s ]
SQL: SHOW COLUMNS FROM `jianghu_user` [ RunTime:0.0040s ]
SQL: SHOW COLUMNS FROM `jianghu_login_count` [ RunTime:0.0050s ]
SQL: SHOW COLUMNS FROM `jianghu_daily_num` [ RunTime:0.0041s ]
SQL: SELECT * FROM `jianghu_token` WHERE `token` = 'ZFOpo5kKMHJlCfOW/06aScMhOnV2AhNfLn6K1diH+UQjUBNE+WGWpfPpw9e9huV9acP1wKAdBiejpCYXi+iOng==' AND `state` = 0 LIMIT 1   [ RunTime:0.0019s ]
SQL: SELECT `isban` FROM `jianghu_user` WHERE `id` = 1 LIMIT 1   [ RunTime:0.0003s ]
SQL: SELECT * FROM `jianghu_login_count` WHERE `user_id` = 1 AND `date` = '2017-08-15' LIMIT 1   [ RunTime:0.0012s ]
SQL: SELECT * FROM `jianghu_daily_num` WHERE `date` = '2017-08-15' LIMIT 1   [ RunTime:0.0005s ]
SQL: SELECT `jointime` FROM `jianghu_user` WHERE `id` = 1 LIMIT 1   [ RunTime:0.0003s ]
SQL: SHOW COLUMNS FROM `jianghu_comment` [ RunTime:0.0044s ]
ERR: 1221:Incorrect usage of UNION and ORDER BY
 [ SQL语句 ] : SELECT * FROM `jianghu_comment` WHERE `owner_id` = 1 AND `user_id` <> '1' ORDER BY time desc UNION SELECT id,text as content,user_id,owner_id,introduce_id,time ,state FROM jianghu_comment_comment
ERR: 1221:Incorrect usage of UNION and ORDER BY
 [ SQL语句 ] : SELECT * FROM `jianghu_comment` WHERE `owner_id` = 1 AND `user_id` <> '1' ORDER BY time desc UNION SELECT id,text as content,user_id,owner_id,introduce_id,time ,state FROM jianghu_comment_comment

[ 2017-08-15T16:30:14+08:00 ] ::1 /jianghu/index.php/home/msg/checkCommentMsg
INFO: [ app_init ] --START--
INFO: Run Behavior\BuildLiteBehavior [ RunTime:0.000015s ]
INFO: [ app_init ] --END-- [ RunTime:0.000662s ]
INFO: [ app_begin ] --START--
INFO: Run Behavior\ReadHtmlCacheBehavior [ RunTime:0.002214s ]
INFO: [ app_begin ] --END-- [ RunTime:0.002293s ]
SQL: SHOW COLUMNS FROM `jianghu_token` [ RunTime:0.0047s ]
SQL: SHOW COLUMNS FROM `jianghu_user` [ RunTime:0.0042s ]
SQL: SHOW COLUMNS FROM `jianghu_login_count` [ RunTime:0.0039s ]
SQL: SHOW COLUMNS FROM `jianghu_daily_num` [ RunTime:0.0041s ]
SQL: SELECT * FROM `jianghu_token` WHERE `token` = 'ZFOpo5kKMHJlCfOW/06aScMhOnV2AhNfLn6K1diH+UQjUBNE+WGWpfPpw9e9huV9acP1wKAdBiejpCYXi+iOng==' AND `state` = 0 LIMIT 1   [ RunTime:0.0035s ]
SQL: SELECT `isban` FROM `jianghu_user` WHERE `id` = 1 LIMIT 1   [ RunTime:0.0003s ]
SQL: SELECT * FROM `jianghu_login_count` WHERE `user_id` = 1 AND `date` = '2017-08-15' LIMIT 1   [ RunTime:0.0013s ]
SQL: SELECT * FROM `jianghu_daily_num` WHERE `date` = '2017-08-15' LIMIT 1   [ RunTime:0.0004s ]
SQL: SELECT `jointime` FROM `jianghu_user` WHERE `id` = 1 LIMIT 1   [ RunTime:0.0003s ]
SQL: SHOW COLUMNS FROM `jianghu_comment` [ RunTime:0.0040s ]
SQL: SHOW COLUMNS FROM `jianghu_comment` [ RunTime:0.0040s ]
ERR: 1221:Incorrect usage of UNION and ORDER BY
 [ SQL语句 ] : SELECT * FROM `jianghu_comment` WHERE `owner_id` = 1 AND `user_id` <> '1' ORDER BY time desc UNION SELECT id,text as content,user_id,owner_id,introduce_id,time ,state FROM jianghu_comment_comment
ERR: 1221:Incorrect usage of UNION and ORDER BY
 [ SQL语句 ] : SELECT * FROM `jianghu_comment` WHERE `owner_id` = 1 AND `user_id` <> '1' ORDER BY time desc UNION SELECT id,text as content,user_id,owner_id,introduce_id,time ,state FROM jianghu_comment_comment

[ 2017-08-15T16:31:04+08:00 ] ::1 /jianghu/index.php/home/msg/checkCommentMsg
INFO: [ app_init ] --START--
INFO: Run Behavior\BuildLiteBehavior [ RunTime:0.000015s ]
INFO: [ app_init ] --END-- [ RunTime:0.000568s ]
INFO: [ app_begin ] --START--
INFO: Run Behavior\ReadHtmlCacheBehavior [ RunTime:0.001097s ]
INFO: [ app_begin ] --END-- [ RunTime:0.001171s ]
SQL: SHOW COLUMNS FROM `jianghu_token` [ RunTime:0.0298s ]
SQL: SHOW COLUMNS FROM `jianghu_user` [ RunTime:0.0564s ]
SQL: SHOW COLUMNS FROM `jianghu_login_count` [ RunTime:0.0540s ]
SQL: SHOW COLUMNS FROM `jianghu_daily_num` [ RunTime:0.0328s ]
SQL: SELECT * FROM `jianghu_token` WHERE `token` = 'ZFOpo5kKMHJlCfOW/06aScMhOnV2AhNfLn6K1diH+UQjUBNE+WGWpfPpw9e9huV9acP1wKAdBiejpCYXi+iOng==' AND `state` = 0 LIMIT 1   [ RunTime:0.0048s ]
SQL: SELECT `isban` FROM `jianghu_user` WHERE `id` = 1 LIMIT 1   [ RunTime:0.0004s ]
SQL: SELECT * FROM `jianghu_login_count` WHERE `user_id` = 1 AND `date` = '2017-08-15' LIMIT 1   [ RunTime:0.0017s ]
SQL: SELECT * FROM `jianghu_daily_num` WHERE `date` = '2017-08-15' LIMIT 1   [ RunTime:0.0004s ]
SQL: SELECT `jointime` FROM `jianghu_user` WHERE `id` = 1 LIMIT 1   [ RunTime:0.0003s ]
SQL: SHOW COLUMNS FROM `jianghu_comment` [ RunTime:0.0043s ]
SQL: SHOW COLUMNS FROM `jianghu_comment` [ RunTime:0.0059s ]
ERR: 1221:Incorrect usage of UNION and ORDER BY
 [ SQL语句 ] : SELECT * FROM `jianghu_comment` WHERE `owner_id` = 1 AND `user_id` <> '1' ORDER BY time desc UNION SELECT id,text as content,user_id,owner_id,introduce_id,time ,state FROM jianghu_comment_comment
ERR: 1221:Incorrect usage of UNION and ORDER BY
 [ SQL语句 ] : SELECT * FROM `jianghu_comment` WHERE `owner_id` = 1 AND `user_id` <> '1' ORDER BY time desc UNION SELECT id,text as content,user_id,owner_id,introduce_id,time ,state FROM jianghu_comment_comment

[ 2017-08-15T16:38:59+08:00 ] ::1 /jianghu/index.php/home/msg/checkCommentMsg
INFO: [ app_init ] --START--
INFO: Run Behavior\BuildLiteBehavior [ RunTime:0.000014s ]
INFO: [ app_init ] --END-- [ RunTime:0.000588s ]
INFO: [ app_begin ] --START--
INFO: Run Behavior\ReadHtmlCacheBehavior [ RunTime:0.000775s ]
INFO: [ app_begin ] --END-- [ RunTime:0.000837s ]
SQL: SHOW COLUMNS FROM `jianghu_token` [ RunTime:0.0041s ]
SQL: SHOW COLUMNS FROM `jianghu_user` [ RunTime:0.0042s ]
SQL: SHOW COLUMNS FROM `jianghu_login_count` [ RunTime:0.0040s ]
SQL: SHOW COLUMNS FROM `jianghu_daily_num` [ RunTime:0.0046s ]
SQL: SELECT * FROM `jianghu_token` WHERE `token` = 'ZFOpo5kKMHJlCfOW/06aScMhOnV2AhNfLn6K1diH+UQjUBNE+WGWpfPpw9e9huV9acP1wKAdBiejpCYXi+iOng==' AND `state` = 0 LIMIT 1   [ RunTime:0.0027s ]
SQL: SELECT `isban` FROM `jianghu_user` WHERE `id` = 1 LIMIT 1   [ RunTime:0.0003s ]
SQL: SELECT * FROM `jianghu_login_count` WHERE `user_id` = 1 AND `date` = '2017-08-15' LIMIT 1   [ RunTime:0.0013s ]
SQL: SELECT * FROM `jianghu_daily_num` WHERE `date` = '2017-08-15' LIMIT 1   [ RunTime:0.0004s ]
SQL: SELECT `jointime` FROM `jianghu_user` WHERE `id` = 1 LIMIT 1   [ RunTime:0.0003s ]
SQL: SHOW COLUMNS FROM `jianghu_comment` [ RunTime:0.0038s ]
SQL: SHOW COLUMNS FROM `jianghu_comment` [ RunTime:0.0045s ]
SQL: SELECT * FROM `jianghu_comment` WHERE `owner_id` = 1 AND `user_id` <> '1' UNION SELECT id,text as content,user_id,owner_id,introduce_id,time ,state FROM jianghu_comment_comment WHERE owner_id =1 AND user_id <> 1 ORDER BY time desc [ RunTime:0.0520s ]
SQL: SELECT `username` FROM `jianghu_user` WHERE `id` = 2 LIMIT 1   [ RunTime:0.0003s ]
SQL: SELECT `faceurl` FROM `jianghu_user` WHERE `id` = 2 LIMIT 1   [ RunTime:0.0003s ]
SQL: SELECT `username` FROM `jianghu_user` WHERE `id` = 2 LIMIT 1   [ RunTime:0.0003s ]
SQL: SELECT `faceurl` FROM `jianghu_user` WHERE `id` = 2 LIMIT 1   [ RunTime:0.0003s ]
SQL: SELECT `username` FROM `jianghu_user` WHERE `id` = 4 LIMIT 1   [ RunTime:0.0003s ]
SQL: SELECT `faceurl` FROM `jianghu_user` WHERE `id` = 4 LIMIT 1   [ RunTime:0.0003s ]
SQL: SELECT `username` FROM `jianghu_user` WHERE `id` = 2 LIMIT 1   [ RunTime:0.0003s ]
SQL: SELECT `faceurl` FROM `jianghu_user` WHERE `id` = 2 LIMIT 1   [ RunTime:0.0003s ]
SQL: SELECT `username` FROM `jianghu_user` WHERE `id` = 3 LIMIT 1   [ RunTime:0.0003s ]
SQL: SELECT `faceurl` FROM `jianghu_user` WHERE `id` = 3 LIMIT 1   [ RunTime:0.0003s ]
SQL: SELECT `username` FROM `jianghu_user` WHERE `id` = 2 LIMIT 1   [ RunTime:0.0002s ]
SQL: SELECT `faceurl` FROM `jianghu_user` WHERE `id` = 2 LIMIT 1   [ RunTime:0.0002s ]
SQL: SELECT `username` FROM `jianghu_user` WHERE `id` = 2 LIMIT 1   [ RunTime:0.0003s ]
SQL: SELECT `faceurl` FROM `jianghu_user` WHERE `id` = 2 LIMIT 1   [ RunTime:0.0002s ]
SQL: SELECT `username` FROM `jianghu_user` WHERE `id` = 2 LIMIT 1   [ RunTime:0.0003s ]
SQL: SELECT `faceurl` FROM `jianghu_user` WHERE `id` = 2 LIMIT 1   [ RunTime:0.0006s ]
SQL: SELECT `username` FROM `jianghu_user` WHERE `id` = 2 LIMIT 1   [ RunTime:0.0006s ]
SQL: SELECT `faceurl` FROM `jianghu_user` WHERE `id` = 2 LIMIT 1   [ RunTime:0.0007s ]
SQL: SELECT `username` FROM `jianghu_user` WHERE `id` = 3 LIMIT 1   [ RunTime:0.0003s ]
SQL: SELECT `faceurl` FROM `jianghu_user` WHERE `id` = 3 LIMIT 1   [ RunTime:0.0003s ]
SQL: SELECT `username` FROM `jianghu_user` WHERE `id` = 9 LIMIT 1   [ RunTime:0.0002s ]
SQL: SELECT `faceurl` FROM `jianghu_user` WHERE `id` = 9 LIMIT 1   [ RunTime:0.0002s ]
SQL: SELECT `username` FROM `jianghu_user` WHERE `id` = 8 LIMIT 1   [ RunTime:0.0003s ]
SQL: SELECT `faceurl` FROM `jianghu_user` WHERE `id` = 8 LIMIT 1   [ RunTime:0.0003s ]
SQL: SELECT `username` FROM `jianghu_user` WHERE `id` = 7 LIMIT 1   [ RunTime:0.0003s ]
SQL: SELECT `faceurl` FROM `jianghu_user` WHERE `id` = 7 LIMIT 1   [ RunTime:0.0002s ]
SQL: UPDATE `jianghu_comment` SET `state`='1' WHERE `owner_id` = 1 AND `state` = 0 [ RunTime:0.1029s ]

[ 2017-08-15T16:39:25+08:00 ] ::1 /jianghu/index.php/home/msg/checkCommentMsg
INFO: [ app_init ] --START--
INFO: Run Behavior\BuildLiteBehavior [ RunTime:0.000014s ]
INFO: [ app_init ] --END-- [ RunTime:0.000717s ]
INFO: [ app_begin ] --START--
INFO: Run Behavior\ReadHtmlCacheBehavior [ RunTime:0.000853s ]
INFO: [ app_begin ] --END-- [ RunTime:0.000908s ]
SQL: SHOW COLUMNS FROM `jianghu_token` [ RunTime:0.0053s ]
SQL: SHOW COLUMNS FROM `jianghu_user` [ RunTime:0.0050s ]
SQL: SHOW COLUMNS FROM `jianghu_login_count` [ RunTime:0.0037s ]
SQL: SHOW COLUMNS FROM `jianghu_daily_num` [ RunTime:0.0038s ]
SQL: SELECT * FROM `jianghu_token` WHERE `token` = 'ZFOpo5kKMHJlCfOW/06aScMhOnV2AhNfLn6K1diH+UQjUBNE+WGWpfPpw9e9huV9acP1wKAdBiejpCYXi+iOng==' AND `state` = 0 LIMIT 1   [ RunTime:0.0020s ]
SQL: SELECT `isban` FROM `jianghu_user` WHERE `id` = 2 LIMIT 1   [ RunTime:0.0003s ]
SQL: SELECT * FROM `jianghu_login_count` WHERE `user_id` = 2 AND `date` = '2017-08-15' LIMIT 1   [ RunTime:0.0010s ]
SQL: SELECT * FROM `jianghu_daily_num` WHERE `date` = '2017-08-15' LIMIT 1   [ RunTime:0.0004s ]
SQL: SELECT `jointime` FROM `jianghu_user` WHERE `id` = 2 LIMIT 1   [ RunTime:0.0003s ]
SQL: SHOW COLUMNS FROM `jianghu_comment` [ RunTime:0.0049s ]
SQL: SHOW COLUMNS FROM `jianghu_comment` [ RunTime:0.0041s ]
SQL: SELECT * FROM `jianghu_comment` WHERE `owner_id` = 2 AND `user_id` <> '2' UNION SELECT id,text as content,user_id,owner_id,introduce_id,time ,state FROM jianghu_comment_comment WHERE owner_id =2 AND user_id <> 2 ORDER BY time desc [ RunTime:0.0051s ]
SQL: SELECT `username` FROM `jianghu_user` WHERE `id` = 1 LIMIT 1   [ RunTime:0.0003s ]
SQL: SELECT `faceurl` FROM `jianghu_user` WHERE `id` = 1 LIMIT 1   [ RunTime:0.0003s ]
SQL: SELECT `username` FROM `jianghu_user` WHERE `id` = 1 LIMIT 1   [ RunTime:0.0006s ]
SQL: SELECT `faceurl` FROM `jianghu_user` WHERE `id` = 1 LIMIT 1   [ RunTime:0.0007s ]
SQL: SELECT `username` FROM `jianghu_user` WHERE `id` = 1 LIMIT 1   [ RunTime:0.0007s ]
SQL: SELECT `faceurl` FROM `jianghu_user` WHERE `id` = 1 LIMIT 1   [ RunTime:0.0003s ]
SQL: SELECT `username` FROM `jianghu_user` WHERE `id` = 1 LIMIT 1   [ RunTime:0.0002s ]
SQL: SELECT `faceurl` FROM `jianghu_user` WHERE `id` = 1 LIMIT 1   [ RunTime:0.0002s ]
SQL: SELECT `username` FROM `jianghu_user` WHERE `id` = 1 LIMIT 1   [ RunTime:0.0002s ]
SQL: SELECT `faceurl` FROM `jianghu_user` WHERE `id` = 1 LIMIT 1   [ RunTime:0.0002s ]
SQL: SELECT `username` FROM `jianghu_user` WHERE `id` = 1 LIMIT 1   [ RunTime:0.0002s ]
SQL: SELECT `faceurl` FROM `jianghu_user` WHERE `id` = 1 LIMIT 1   [ RunTime:0.0003s ]
SQL: SELECT `username` FROM `jianghu_user` WHERE `id` = 1 LIMIT 1   [ RunTime:0.0003s ]
SQL: SELECT `faceurl` FROM `jianghu_user` WHERE `id` = 1 LIMIT 1   [ RunTime:0.0002s ]
SQL: SELECT `username` FROM `jianghu_user` WHERE `id` = 1 LIMIT 1   [ RunTime:0.0003s ]
SQL: SELECT `faceurl` FROM `jianghu_user` WHERE `id` = 1 LIMIT 1   [ RunTime:0.0003s ]
SQL: SELECT `username` FROM `jianghu_user` WHERE `id` = 1 LIMIT 1   [ RunTime:0.0003s ]
SQL: SELECT `faceurl` FROM `jianghu_user` WHERE `id` = 1 LIMIT 1   [ RunTime:0.0003s ]
SQL: SELECT `username` FROM `jianghu_user` WHERE `id` = 1 LIMIT 1   [ RunTime:0.0003s ]
SQL: SELECT `faceurl` FROM `jianghu_user` WHERE `id` = 1 LIMIT 1   [ RunTime:0.0003s ]
SQL: SELECT `username` FROM `jianghu_user` WHERE `id` = 1 LIMIT 1   [ RunTime:0.0003s ]
SQL: SELECT `faceurl` FROM `jianghu_user` WHERE `id` = 1 LIMIT 1   [ RunTime:0.0003s ]
SQL: SELECT `username` FROM `jianghu_user` WHERE `id` = 1 LIMIT 1   [ RunTime:0.0002s ]
SQL: SELECT `faceurl` FROM `jianghu_user` WHERE `id` = 1 LIMIT 1   [ RunTime:0.0003s ]
SQL: SELECT `username` FROM `jianghu_user` WHERE `id` = 3 LIMIT 1   [ RunTime:0.0002s ]
SQL: SELECT `faceurl` FROM `jianghu_user` WHERE `id` = 3 LIMIT 1   [ RunTime:0.0003s ]
SQL: SELECT `username` FROM `jianghu_user` WHERE `id` = 1 LIMIT 1   [ RunTime:0.0003s ]
SQL: SELECT `faceurl` FROM `jianghu_user` WHERE `id` = 1 LIMIT 1   [ RunTime:0.0002s ]
SQL: SELECT `username` FROM `jianghu_user` WHERE `id` = 3 LIMIT 1   [ RunTime:0.0003s ]
SQL: SELECT `faceurl` FROM `jianghu_user` WHERE `id` = 3 LIMIT 1   [ RunTime:0.0003s ]
SQL: UPDATE `jianghu_comment` SET `state`='1' WHERE `owner_id` = 2 AND `state` = 0 [ RunTime:0.0005s ]

[ 2017-08-15T16:39:50+08:00 ] ::1 /jianghu/index.php/home/msg/checkCommentMsg
INFO: [ app_init ] --START--
INFO: Run Behavior\BuildLiteBehavior [ RunTime:0.000017s ]
INFO: [ app_init ] --END-- [ RunTime:0.000624s ]
INFO: [ app_begin ] --START--
INFO: Run Behavior\ReadHtmlCacheBehavior [ RunTime:0.001268s ]
INFO: [ app_begin ] --END-- [ RunTime:0.001341s ]
SQL: SHOW COLUMNS FROM `jianghu_token` [ RunTime:0.0101s ]
SQL: SHOW COLUMNS FROM `jianghu_user` [ RunTime:0.0053s ]
SQL: SHOW COLUMNS FROM `jianghu_login_count` [ RunTime:0.0064s ]
SQL: SHOW COLUMNS FROM `jianghu_daily_num` [ RunTime:0.0050s ]
SQL: SELECT * FROM `jianghu_token` WHERE `token` = 'ZFOpo5kKMHJlCfOW/06aScMhOnV2AhNfLn6K1diH+UQjUBNE+WGWpfPpw9e9huV9acP1wKAdBiejpCYXi+iOng==' AND `state` = 0 LIMIT 1   [ RunTime:0.0028s ]
SQL: SELECT `isban` FROM `jianghu_user` WHERE `id` = 2 LIMIT 1   [ RunTime:0.0004s ]
SQL: SELECT * FROM `jianghu_login_count` WHERE `user_id` = 2 AND `date` = '2017-08-15' LIMIT 1   [ RunTime:0.0013s ]
SQL: SELECT * FROM `jianghu_daily_num` WHERE `date` = '2017-08-15' LIMIT 1   [ RunTime:0.0006s ]
SQL: SELECT `jointime` FROM `jianghu_user` WHERE `id` = 2 LIMIT 1   [ RunTime:0.0003s ]
SQL: SHOW COLUMNS FROM `jianghu_comment` [ RunTime:0.0047s ]
SQL: SHOW COLUMNS FROM `jianghu_comment` [ RunTime:0.0048s ]
SQL: SELECT * FROM `jianghu_comment` WHERE `owner_id` = 2 AND `user_id` <> '2' UNION SELECT id,text as content,user_id,owner_id,introduce_id,time ,state FROM jianghu_comment_comment WHERE owner_id =2 AND user_id <> 2 AND state = 0 ORDER BY time desc [ RunTime:0.0101s ]
SQL: SELECT `username` FROM `jianghu_user` WHERE `id` = 1 LIMIT 1   [ RunTime:0.0004s ]
SQL: SELECT `faceurl` FROM `jianghu_user` WHERE `id` = 1 LIMIT 1   [ RunTime:0.0003s ]
SQL: SELECT `username` FROM `jianghu_user` WHERE `id` = 1 LIMIT 1   [ RunTime:0.0003s ]
SQL: SELECT `faceurl` FROM `jianghu_user` WHERE `id` = 1 LIMIT 1   [ RunTime:0.0003s ]
SQL: SELECT `username` FROM `jianghu_user` WHERE `id` = 1 LIMIT 1   [ RunTime:0.0002s ]
SQL: SELECT `faceurl` FROM `jianghu_user` WHERE `id` = 1 LIMIT 1   [ RunTime:0.0002s ]
SQL: SELECT `username` FROM `jianghu_user` WHERE `id` = 1 LIMIT 1   [ RunTime:0.0003s ]
SQL: SELECT `faceurl` FROM `jianghu_user` WHERE `id` = 1 LIMIT 1   [ RunTime:0.0003s ]
SQL: SELECT `username` FROM `jianghu_user` WHERE `id` = 1 LIMIT 1   [ RunTime:0.0002s ]
SQL: SELECT `faceurl` FROM `jianghu_user` WHERE `id` = 1 LIMIT 1   [ RunTime:0.0003s ]
SQL: SELECT `username` FROM `jianghu_user` WHERE `id` = 1 LIMIT 1   [ RunTime:0.0003s ]
SQL: SELECT `faceurl` FROM `jianghu_user` WHERE `id` = 1 LIMIT 1   [ RunTime:0.0003s ]
SQL: SELECT `username` FROM `jianghu_user` WHERE `id` = 1 LIMIT 1   [ RunTime:0.0003s ]
SQL: SELECT `faceurl` FROM `jianghu_user` WHERE `id` = 1 LIMIT 1   [ RunTime:0.0010s ]
SQL: SELECT `username` FROM `jianghu_user` WHERE `id` = 1 LIMIT 1   [ RunTime:0.0003s ]
SQL: SELECT `faceurl` FROM `jianghu_user` WHERE `id` = 1 LIMIT 1   [ RunTime:0.0003s ]
SQL: SELECT `username` FROM `jianghu_user` WHERE `id` = 1 LIMIT 1   [ RunTime:0.0003s ]
SQL: SELECT `faceurl` FROM `jianghu_user` WHERE `id` = 1 LIMIT 1   [ RunTime:0.0003s ]
SQL: SELECT `username` FROM `jianghu_user` WHERE `id` = 1 LIMIT 1   [ RunTime:0.0003s ]
SQL: SELECT `faceurl` FROM `jianghu_user` WHERE `id` = 1 LIMIT 1   [ RunTime:0.0003s ]
SQL: SELECT `username` FROM `jianghu_user` WHERE `id` = 1 LIMIT 1   [ RunTime:0.0003s ]
SQL: SELECT `faceurl` FROM `jianghu_user` WHERE `id` = 1 LIMIT 1   [ RunTime:0.0005s ]
SQL: SELECT `username` FROM `jianghu_user` WHERE `id` = 1 LIMIT 1   [ RunTime:0.0004s ]
SQL: SELECT `faceurl` FROM `jianghu_user` WHERE `id` = 1 LIMIT 1   [ RunTime:0.0003s ]
SQL: SELECT `username` FROM `jianghu_user` WHERE `id` = 3 LIMIT 1   [ RunTime:0.0003s ]
SQL: SELECT `faceurl` FROM `jianghu_user` WHERE `id` = 3 LIMIT 1   [ RunTime:0.0003s ]
SQL: SELECT `username` FROM `jianghu_user` WHERE `id` = 1 LIMIT 1   [ RunTime:0.0003s ]
SQL: SELECT `faceurl` FROM `jianghu_user` WHERE `id` = 1 LIMIT 1   [ RunTime:0.0003s ]
SQL: SELECT `username` FROM `jianghu_user` WHERE `id` = 3 LIMIT 1   [ RunTime:0.0003s ]
SQL: SELECT `faceurl` FROM `jianghu_user` WHERE `id` = 3 LIMIT 1   [ RunTime:0.0003s ]
SQL: UPDATE `jianghu_comment` SET `state`='1' WHERE `owner_id` = 2 AND `state` = 0 [ RunTime:0.0006s ]

[ 2017-08-15T16:40:06+08:00 ] ::1 /jianghu/index.php/home/msg/checkCommentMsg
INFO: [ app_init ] --START--
INFO: Run Behavior\BuildLiteBehavior [ RunTime:0.000025s ]
INFO: [ app_init ] --END-- [ RunTime:0.000883s ]
INFO: [ app_begin ] --START--
INFO: Run Behavior\ReadHtmlCacheBehavior [ RunTime:0.001029s ]
INFO: [ app_begin ] --END-- [ RunTime:0.001109s ]
SQL: SHOW COLUMNS FROM `jianghu_token` [ RunTime:0.0052s ]
SQL: SHOW COLUMNS FROM `jianghu_user` [ RunTime:0.0054s ]
SQL: SHOW COLUMNS FROM `jianghu_login_count` [ RunTime:0.0051s ]
SQL: SHOW COLUMNS FROM `jianghu_daily_num` [ RunTime:0.0052s ]
SQL: SELECT * FROM `jianghu_token` WHERE `token` = 'ZFOpo5kKMHJlCfOW/06aScMhOnV2AhNfLn6K1diH+UQjUBNE+WGWpfPpw9e9huV9acP1wKAdBiejpCYXi+iOng==' AND `state` = 0 LIMIT 1   [ RunTime:0.0033s ]
SQL: SELECT `isban` FROM `jianghu_user` WHERE `id` = 2 LIMIT 1   [ RunTime:0.0004s ]
SQL: SELECT * FROM `jianghu_login_count` WHERE `user_id` = 2 AND `date` = '2017-08-15' LIMIT 1   [ RunTime:0.0015s ]
SQL: SELECT * FROM `jianghu_daily_num` WHERE `date` = '2017-08-15' LIMIT 1   [ RunTime:0.0006s ]
SQL: SELECT `jointime` FROM `jianghu_user` WHERE `id` = 2 LIMIT 1   [ RunTime:0.0003s ]
SQL: SHOW COLUMNS FROM `jianghu_comment` [ RunTime:0.0049s ]
SQL: SHOW COLUMNS FROM `jianghu_comment` [ RunTime:0.0064s ]
SQL: SELECT * FROM `jianghu_comment` WHERE `owner_id` = 2 AND `user_id` <> '2' UNION SELECT id,text as content,user_id,owner_id,introduce_id,time ,state FROM jianghu_comment_comment WHERE owner_id =2 AND user_id <> 2 AND state = '0' ORDER BY time desc [ RunTime:0.0070s ]
SQL: SELECT `username` FROM `jianghu_user` WHERE `id` = 1 LIMIT 1   [ RunTime:0.0005s ]
SQL: SELECT `faceurl` FROM `jianghu_user` WHERE `id` = 1 LIMIT 1   [ RunTime:0.0004s ]
SQL: SELECT `username` FROM `jianghu_user` WHERE `id` = 1 LIMIT 1   [ RunTime:0.0003s ]
SQL: SELECT `faceurl` FROM `jianghu_user` WHERE `id` = 1 LIMIT 1   [ RunTime:0.0003s ]
SQL: SELECT `username` FROM `jianghu_user` WHERE `id` = 1 LIMIT 1   [ RunTime:0.0004s ]
SQL: SELECT `faceurl` FROM `jianghu_user` WHERE `id` = 1 LIMIT 1   [ RunTime:0.0003s ]
SQL: SELECT `username` FROM `jianghu_user` WHERE `id` = 1 LIMIT 1   [ RunTime:0.0003s ]
SQL: SELECT `faceurl` FROM `jianghu_user` WHERE `id` = 1 LIMIT 1   [ RunTime:0.0003s ]
SQL: SELECT `username` FROM `jianghu_user` WHERE `id` = 1 LIMIT 1   [ RunTime:0.0003s ]
SQL: SELECT `faceurl` FROM `jianghu_user` WHERE `id` = 1 LIMIT 1   [ RunTime:0.0003s ]
SQL: SELECT `username` FROM `jianghu_user` WHERE `id` = 1 LIMIT 1   [ RunTime:0.0003s ]
SQL: SELECT `faceurl` FROM `jianghu_user` WHERE `id` = 1 LIMIT 1   [ RunTime:0.0003s ]
SQL: SELECT `username` FROM `jianghu_user` WHERE `id` = 1 LIMIT 1   [ RunTime:0.0003s ]
SQL: SELECT `faceurl` FROM `jianghu_user` WHERE `id` = 1 LIMIT 1   [ RunTime:0.0003s ]
SQL: SELECT `username` FROM `jianghu_user` WHERE `id` = 1 LIMIT 1   [ RunTime:0.0003s ]
SQL: SELECT `faceurl` FROM `jianghu_user` WHERE `id` = 1 LIMIT 1   [ RunTime:0.0002s ]
SQL: SELECT `username` FROM `jianghu_user` WHERE `id` = 1 LIMIT 1   [ RunTime:0.0002s ]
SQL: SELECT `faceurl` FROM `jianghu_user` WHERE `id` = 1 LIMIT 1   [ RunTime:0.0003s ]
SQL: SELECT `username` FROM `jianghu_user` WHERE `id` = 1 LIMIT 1   [ RunTime:0.0003s ]
SQL: SELECT `faceurl` FROM `jianghu_user` WHERE `id` = 1 LIMIT 1   [ RunTime:0.0002s ]
SQL: SELECT `username` FROM `jianghu_user` WHERE `id` = 1 LIMIT 1   [ RunTime:0.0003s ]
SQL: SELECT `faceurl` FROM `jianghu_user` WHERE `id` = 1 LIMIT 1   [ RunTime:0.0003s ]
SQL: SELECT `username` FROM `jianghu_user` WHERE `id` = 1 LIMIT 1   [ RunTime:0.0002s ]
SQL: SELECT `faceurl` FROM `jianghu_user` WHERE `id` = 1 LIMIT 1   [ RunTime:0.0002s ]
SQL: SELECT `username` FROM `jianghu_user` WHERE `id` = 3 LIMIT 1   [ RunTime:0.0002s ]
SQL: SELECT `faceurl` FROM `jianghu_user` WHERE `id` = 3 LIMIT 1   [ RunTime:0.0002s ]
SQL: SELECT `username` FROM `jianghu_user` WHERE `id` = 1 LIMIT 1   [ RunTime:0.0002s ]
SQL: SELECT `faceurl` FROM `jianghu_user` WHERE `id` = 1 LIMIT 1   [ RunTime:0.0009s ]
SQL: SELECT `username` FROM `jianghu_user` WHERE `id` = 3 LIMIT 1   [ RunTime:0.0004s ]
SQL: SELECT `faceurl` FROM `jianghu_user` WHERE `id` = 3 LIMIT 1   [ RunTime:0.0004s ]
SQL: UPDATE `jianghu_comment` SET `state`='1' WHERE `owner_id` = 2 AND `state` = 0 [ RunTime:0.0008s ]

[ 2017-08-15T16:40:41+08:00 ] ::1 /jianghu/index.php/home/msg/checkCommentMsg
INFO: [ app_init ] --START--
INFO: Run Behavior\BuildLiteBehavior [ RunTime:0.000016s ]
INFO: [ app_init ] --END-- [ RunTime:0.000650s ]
INFO: [ app_begin ] --START--
INFO: Run Behavior\ReadHtmlCacheBehavior [ RunTime:0.000769s ]
INFO: [ app_begin ] --END-- [ RunTime:0.000828s ]
SQL: SHOW COLUMNS FROM `jianghu_token` [ RunTime:0.0067s ]
SQL: SHOW COLUMNS FROM `jianghu_user` [ RunTime:0.0045s ]
SQL: SHOW COLUMNS FROM `jianghu_login_count` [ RunTime:0.0040s ]
SQL: SHOW COLUMNS FROM `jianghu_daily_num` [ RunTime:0.0049s ]
SQL: SELECT * FROM `jianghu_token` WHERE `token` = 'ZFOpo5kKMHJlCfOW/06aScMhOnV2AhNfLn6K1diH+UQjUBNE+WGWpfPpw9e9huV9acP1wKAdBiejpCYXi+iOng==' AND `state` = 0 LIMIT 1   [ RunTime:0.0029s ]
SQL: SELECT `isban` FROM `jianghu_user` WHERE `id` = 2 LIMIT 1   [ RunTime:0.0002s ]
SQL: SELECT * FROM `jianghu_login_count` WHERE `user_id` = 2 AND `date` = '2017-08-15' LIMIT 1   [ RunTime:0.0011s ]
SQL: SELECT * FROM `jianghu_daily_num` WHERE `date` = '2017-08-15' LIMIT 1   [ RunTime:0.0006s ]
SQL: SELECT `jointime` FROM `jianghu_user` WHERE `id` = 2 LIMIT 1   [ RunTime:0.0003s ]
SQL: SHOW COLUMNS FROM `jianghu_comment` [ RunTime:0.0063s ]
SQL: SHOW COLUMNS FROM `jianghu_comment` [ RunTime:0.0057s ]
SQL: SELECT * FROM `jianghu_comment` WHERE `owner_id` = 2 AND `user_id` <> '2' UNION SELECT id,text as content,user_id,owner_id,introduce_id,time ,state FROM jianghu_comment_comment WHERE owner_id =2 AND user_id <> 2 AND state = 0 ORDER BY time desc [ RunTime:0.0066s ]
SQL: SELECT `username` FROM `jianghu_user` WHERE `id` = 1 LIMIT 1   [ RunTime:0.0003s ]
SQL: SELECT `faceurl` FROM `jianghu_user` WHERE `id` = 1 LIMIT 1   [ RunTime:0.0003s ]
SQL: SELECT `username` FROM `jianghu_user` WHERE `id` = 1 LIMIT 1   [ RunTime:0.0003s ]
SQL: SELECT `faceurl` FROM `jianghu_user` WHERE `id` = 1 LIMIT 1   [ RunTime:0.0002s ]
SQL: SELECT `username` FROM `jianghu_user` WHERE `id` = 1 LIMIT 1   [ RunTime:0.0002s ]
SQL: SELECT `faceurl` FROM `jianghu_user` WHERE `id` = 1 LIMIT 1   [ RunTime:0.0002s ]
SQL: SELECT `username` FROM `jianghu_user` WHERE `id` = 1 LIMIT 1   [ RunTime:0.0002s ]
SQL: SELECT `faceurl` FROM `jianghu_user` WHERE `id` = 1 LIMIT 1   [ RunTime:0.0002s ]
SQL: SELECT `username` FROM `jianghu_user` WHERE `id` = 1 LIMIT 1   [ RunTime:0.0002s ]
SQL: SELECT `faceurl` FROM `jianghu_user` WHERE `id` = 1 LIMIT 1   [ RunTime:0.0002s ]
SQL: SELECT `username` FROM `jianghu_user` WHERE `id` = 1 LIMIT 1   [ RunTime:0.0002s ]
SQL: SELECT `faceurl` FROM `jianghu_user` WHERE `id` = 1 LIMIT 1   [ RunTime:0.0002s ]
SQL: SELECT `username` FROM `jianghu_user` WHERE `id` = 1 LIMIT 1   [ RunTime:0.0002s ]
SQL: SELECT `faceurl` FROM `jianghu_user` WHERE `id` = 1 LIMIT 1   [ RunTime:0.0006s ]
SQL: SELECT `username` FROM `jianghu_user` WHERE `id` = 1 LIMIT 1   [ RunTime:0.0004s ]
SQL: SELECT `faceurl` FROM `jianghu_user` WHERE `id` = 1 LIMIT 1   [ RunTime:0.0015s ]
SQL: SELECT `username` FROM `jianghu_user` WHERE `id` = 1 LIMIT 1   [ RunTime:0.0003s ]
SQL: SELECT `faceurl` FROM `jianghu_user` WHERE `id` = 1 LIMIT 1   [ RunTime:0.0003s ]
SQL: SELECT `username` FROM `jianghu_user` WHERE `id` = 1 LIMIT 1   [ RunTime:0.0002s ]
SQL: SELECT `faceurl` FROM `jianghu_user` WHERE `id` = 1 LIMIT 1   [ RunTime:0.0002s ]
SQL: SELECT `username` FROM `jianghu_user` WHERE `id` = 1 LIMIT 1   [ RunTime:0.0002s ]
SQL: SELECT `faceurl` FROM `jianghu_user` WHERE `id` = 1 LIMIT 1   [ RunTime:0.0002s ]
SQL: SELECT `username` FROM `jianghu_user` WHERE `id` = 1 LIMIT 1   [ RunTime:0.0002s ]
SQL: SELECT `faceurl` FROM `jianghu_user` WHERE `id` = 1 LIMIT 1   [ RunTime:0.0002s ]
SQL: SELECT `username` FROM `jianghu_user` WHERE `id` = 3 LIMIT 1   [ RunTime:0.0002s ]
SQL: SELECT `faceurl` FROM `jianghu_user` WHERE `id` = 3 LIMIT 1   [ RunTime:0.0002s ]
SQL: SELECT `username` FROM `jianghu_user` WHERE `id` = 1 LIMIT 1   [ RunTime:0.0001s ]
SQL: SELECT `faceurl` FROM `jianghu_user` WHERE `id` = 1 LIMIT 1   [ RunTime:0.0002s ]
SQL: SELECT `username` FROM `jianghu_user` WHERE `id` = 3 LIMIT 1   [ RunTime:0.0002s ]
SQL: SELECT `faceurl` FROM `jianghu_user` WHERE `id` = 3 LIMIT 1   [ RunTime:0.0002s ]
SQL: UPDATE `jianghu_comment` SET `state`='1' WHERE `owner_id` = 2 AND `state` = 0 [ RunTime:0.0004s ]

[ 2017-08-15T16:43:05+08:00 ] ::1 /jianghu/index.php/home/msg/checkCommentMsg
INFO: [ app_init ] --START--
INFO: Run Behavior\BuildLiteBehavior [ RunTime:0.000014s ]
INFO: [ app_init ] --END-- [ RunTime:0.000595s ]
INFO: [ app_begin ] --START--
INFO: Run Behavior\ReadHtmlCacheBehavior [ RunTime:0.001447s ]
INFO: [ app_begin ] --END-- [ RunTime:0.001522s ]
SQL: SHOW COLUMNS FROM `jianghu_token` [ RunTime:0.0049s ]
SQL: SHOW COLUMNS FROM `jianghu_user` [ RunTime:0.0047s ]
SQL: SHOW COLUMNS FROM `jianghu_login_count` [ RunTime:0.0040s ]
SQL: SHOW COLUMNS FROM `jianghu_daily_num` [ RunTime:0.0044s ]
SQL: SELECT * FROM `jianghu_token` WHERE `token` = 'ZFOpo5kKMHJlCfOW/06aScMhOnV2AhNfLn6K1diH+UQjUBNE+WGWpfPpw9e9huV9acP1wKAdBiejpCYXi+iOng==' AND `state` = 0 LIMIT 1   [ RunTime:0.0027s ]
SQL: SELECT `isban` FROM `jianghu_user` WHERE `id` = 2 LIMIT 1   [ RunTime:0.0003s ]
SQL: SELECT * FROM `jianghu_login_count` WHERE `user_id` = 2 AND `date` = '2017-08-15' LIMIT 1   [ RunTime:0.0009s ]
SQL: SELECT * FROM `jianghu_daily_num` WHERE `date` = '2017-08-15' LIMIT 1   [ RunTime:0.0004s ]
SQL: SELECT `jointime` FROM `jianghu_user` WHERE `id` = 2 LIMIT 1   [ RunTime:0.0002s ]
SQL: SHOW COLUMNS FROM `jianghu_comment` [ RunTime:0.0039s ]
SQL: SHOW COLUMNS FROM `jianghu_comment` [ RunTime:0.0040s ]
SQL: SELECT * FROM `jianghu_comment` WHERE `owner_id` = 2 AND `user_id` <> '2' UNION SELECT id,user_id,introduce_id,time ,text as content,owner_id,state FROM jianghu_comment_comment WHERE owner_id =2 AND user_id <> 2 AND state = 0 ORDER BY time desc [ RunTime:0.0061s ]
SQL: SELECT `username` FROM `jianghu_user` WHERE `id` = 3 LIMIT 1   [ RunTime:0.0003s ]
SQL: SELECT `faceurl` FROM `jianghu_user` WHERE `id` = 3 LIMIT 1   [ RunTime:0.0003s ]
SQL: SELECT `username` FROM `jianghu_user` WHERE `id` = 1 LIMIT 1   [ RunTime:0.0003s ]
SQL: SELECT `faceurl` FROM `jianghu_user` WHERE `id` = 1 LIMIT 1   [ RunTime:0.0002s ]
SQL: SELECT `username` FROM `jianghu_user` WHERE `id` = 1 LIMIT 1   [ RunTime:0.0003s ]
SQL: SELECT `faceurl` FROM `jianghu_user` WHERE `id` = 1 LIMIT 1   [ RunTime:0.0003s ]
SQL: SELECT `username` FROM `jianghu_user` WHERE `id` = 1 LIMIT 1   [ RunTime:0.0002s ]
SQL: SELECT `faceurl` FROM `jianghu_user` WHERE `id` = 1 LIMIT 1   [ RunTime:0.0002s ]
SQL: SELECT `username` FROM `jianghu_user` WHERE `id` = 1 LIMIT 1   [ RunTime:0.0002s ]
SQL: SELECT `faceurl` FROM `jianghu_user` WHERE `id` = 1 LIMIT 1   [ RunTime:0.0002s ]
SQL: SELECT `username` FROM `jianghu_user` WHERE `id` = 1 LIMIT 1   [ RunTime:0.0002s ]
SQL: SELECT `faceurl` FROM `jianghu_user` WHERE `id` = 1 LIMIT 1   [ RunTime:0.0002s ]
SQL: SELECT `username` FROM `jianghu_user` WHERE `id` = 1 LIMIT 1   [ RunTime:0.0002s ]
SQL: SELECT `faceurl` FROM `jianghu_user` WHERE `id` = 1 LIMIT 1   [ RunTime:0.0002s ]
SQL: SELECT `username` FROM `jianghu_user` WHERE `id` = 1 LIMIT 1   [ RunTime:0.0002s ]
SQL: SELECT `faceurl` FROM `jianghu_user` WHERE `id` = 1 LIMIT 1   [ RunTime:0.0002s ]
SQL: SELECT `username` FROM `jianghu_user` WHERE `id` = 1 LIMIT 1   [ RunTime:0.0002s ]
SQL: SELECT `faceurl` FROM `jianghu_user` WHERE `id` = 1 LIMIT 1   [ RunTime:0.0002s ]
SQL: SELECT `username` FROM `jianghu_user` WHERE `id` = 1 LIMIT 1   [ RunTime:0.0002s ]
SQL: SELECT `faceurl` FROM `jianghu_user` WHERE `id` = 1 LIMIT 1   [ RunTime:0.0002s ]
SQL: SELECT `username` FROM `jianghu_user` WHERE `id` = 1 LIMIT 1   [ RunTime:0.0002s ]
SQL: SELECT `faceurl` FROM `jianghu_user` WHERE `id` = 1 LIMIT 1   [ RunTime:0.0002s ]
SQL: SELECT `username` FROM `jianghu_user` WHERE `id` = 1 LIMIT 1   [ RunTime:0.0002s ]
SQL: SELECT `faceurl` FROM `jianghu_user` WHERE `id` = 1 LIMIT 1   [ RunTime:0.0003s ]
SQL: SELECT `username` FROM `jianghu_user` WHERE `id` = 1 LIMIT 1   [ RunTime:0.0002s ]
SQL: SELECT `faceurl` FROM `jianghu_user` WHERE `id` = 1 LIMIT 1   [ RunTime:0.0002s ]
SQL: SELECT `username` FROM `jianghu_user` WHERE `id` = 3 LIMIT 1   [ RunTime:0.0003s ]
SQL: SELECT `faceurl` FROM `jianghu_user` WHERE `id` = 3 LIMIT 1   [ RunTime:0.0009s ]
SQL: SELECT `username` FROM `jianghu_user` WHERE `id` = 1 LIMIT 1   [ RunTime:0.0008s ]
SQL: SELECT `faceurl` FROM `jianghu_user` WHERE `id` = 1 LIMIT 1   [ RunTime:0.0007s ]
SQL: UPDATE `jianghu_comment` SET `state`='1' WHERE `owner_id` = 2 AND `state` = 0 [ RunTime:0.0005s ]

[ 2017-08-15T16:44:29+08:00 ] ::1 /jianghu/index.php/home/msg/checkCommentMsg
INFO: [ app_init ] --START--
INFO: Run Behavior\BuildLiteBehavior [ RunTime:0.000019s ]
INFO: [ app_init ] --END-- [ RunTime:0.000747s ]
INFO: [ app_begin ] --START--
INFO: Run Behavior\ReadHtmlCacheBehavior [ RunTime:0.000864s ]
INFO: [ app_begin ] --END-- [ RunTime:0.000921s ]
SQL: SHOW COLUMNS FROM `jianghu_token` [ RunTime:0.0060s ]
SQL: SHOW COLUMNS FROM `jianghu_user` [ RunTime:0.0045s ]
SQL: SHOW COLUMNS FROM `jianghu_login_count` [ RunTime:0.0038s ]
SQL: SHOW COLUMNS FROM `jianghu_daily_num` [ RunTime:0.0038s ]
SQL: SELECT * FROM `jianghu_token` WHERE `token` = 'ZFOpo5kKMHJlCfOW/06aScMhOnV2AhNfLn6K1diH+UQjUBNE+WGWpfPpw9e9huV9acP1wKAdBiejpCYXi+iOng==' AND `state` = 0 LIMIT 1   [ RunTime:0.0022s ]
SQL: SELECT `isban` FROM `jianghu_user` WHERE `id` = 2 LIMIT 1   [ RunTime:0.0003s ]
SQL: SELECT * FROM `jianghu_login_count` WHERE `user_id` = 2 AND `date` = '2017-08-15' LIMIT 1   [ RunTime:0.0010s ]
SQL: SELECT * FROM `jianghu_daily_num` WHERE `date` = '2017-08-15' LIMIT 1   [ RunTime:0.0004s ]
SQL: SELECT `jointime` FROM `jianghu_user` WHERE `id` = 2 LIMIT 1   [ RunTime:0.0003s ]
SQL: SHOW COLUMNS FROM `jianghu_comment` [ RunTime:0.0046s ]
SQL: SHOW COLUMNS FROM `jianghu_comment` [ RunTime:0.0037s ]
SQL: SELECT * FROM `jianghu_comment` WHERE `owner_id` = 2 AND `user_id` <> '2' UNION SELECT id,user_id,introduce_id,time ,text as content,owner_id,state FROM jianghu_comment_comment WHERE owner_id =2 AND user_id <> 2 AND state = 0 ORDER BY time desc [ RunTime:0.0049s ]
SQL: SELECT `username` FROM `jianghu_user` WHERE `id` = 3 LIMIT 1   [ RunTime:0.0003s ]
SQL: SELECT `faceurl` FROM `jianghu_user` WHERE `id` = 3 LIMIT 1   [ RunTime:0.0002s ]
SQL: SELECT `username` FROM `jianghu_user` WHERE `id` = 1 LIMIT 1   [ RunTime:0.0002s ]
SQL: SELECT `faceurl` FROM `jianghu_user` WHERE `id` = 1 LIMIT 1   [ RunTime:0.0004s ]
SQL: SELECT `username` FROM `jianghu_user` WHERE `id` = 1 LIMIT 1   [ RunTime:0.0006s ]
SQL: SELECT `faceurl` FROM `jianghu_user` WHERE `id` = 1 LIMIT 1   [ RunTime:0.0005s ]
SQL: SELECT `username` FROM `jianghu_user` WHERE `id` = 1 LIMIT 1   [ RunTime:0.0003s ]
SQL: SELECT `faceurl` FROM `jianghu_user` WHERE `id` = 1 LIMIT 1   [ RunTime:0.0003s ]
SQL: SELECT `username` FROM `jianghu_user` WHERE `id` = 1 LIMIT 1   [ RunTime:0.0003s ]
SQL: SELECT `faceurl` FROM `jianghu_user` WHERE `id` = 1 LIMIT 1   [ RunTime:0.0003s ]
SQL: SELECT `username` FROM `jianghu_user` WHERE `id` = 1 LIMIT 1   [ RunTime:0.0003s ]
SQL: SELECT `faceurl` FROM `jianghu_user` WHERE `id` = 1 LIMIT 1   [ RunTime:0.0003s ]
SQL: SELECT `username` FROM `jianghu_user` WHERE `id` = 1 LIMIT 1   [ RunTime:0.0003s ]
SQL: SELECT `faceurl` FROM `jianghu_user` WHERE `id` = 1 LIMIT 1   [ RunTime:0.0003s ]
SQL: SELECT `username` FROM `jianghu_user` WHERE `id` = 1 LIMIT 1   [ RunTime:0.0003s ]
SQL: SELECT `faceurl` FROM `jianghu_user` WHERE `id` = 1 LIMIT 1   [ RunTime:0.0003s ]
SQL: SELECT `username` FROM `jianghu_user` WHERE `id` = 1 LIMIT 1   [ RunTime:0.0002s ]
SQL: SELECT `faceurl` FROM `jianghu_user` WHERE `id` = 1 LIMIT 1   [ RunTime:0.0003s ]
SQL: SELECT `username` FROM `jianghu_user` WHERE `id` = 1 LIMIT 1   [ RunTime:0.0003s ]
SQL: SELECT `faceurl` FROM `jianghu_user` WHERE `id` = 1 LIMIT 1   [ RunTime:0.0002s ]
SQL: SELECT `username` FROM `jianghu_user` WHERE `id` = 1 LIMIT 1   [ RunTime:0.0003s ]
SQL: SELECT `faceurl` FROM `jianghu_user` WHERE `id` = 1 LIMIT 1   [ RunTime:0.0003s ]
SQL: SELECT `username` FROM `jianghu_user` WHERE `id` = 1 LIMIT 1   [ RunTime:0.0002s ]
SQL: SELECT `faceurl` FROM `jianghu_user` WHERE `id` = 1 LIMIT 1   [ RunTime:0.0003s ]
SQL: SELECT `username` FROM `jianghu_user` WHERE `id` = 1 LIMIT 1   [ RunTime:0.0002s ]
SQL: SELECT `faceurl` FROM `jianghu_user` WHERE `id` = 1 LIMIT 1   [ RunTime:0.0003s ]
SQL: SELECT `username` FROM `jianghu_user` WHERE `id` = 3 LIMIT 1   [ RunTime:0.0003s ]
SQL: SELECT `faceurl` FROM `jianghu_user` WHERE `id` = 3 LIMIT 1   [ RunTime:0.0002s ]
SQL: SELECT `username` FROM `jianghu_user` WHERE `id` = 1 LIMIT 1   [ RunTime:0.0003s ]
SQL: SELECT `faceurl` FROM `jianghu_user` WHERE `id` = 1 LIMIT 1   [ RunTime:0.0003s ]
SQL: UPDATE `jianghu_comment` SET `state`='1' WHERE `owner_id` = 2 AND `state` = 0 [ RunTime:0.0004s ]

[ 2017-08-15T16:45:57+08:00 ] ::1 /jianghu/index.php/home/msg/checkCommentMsg
INFO: [ app_init ] --START--
INFO: Run Behavior\BuildLiteBehavior [ RunTime:0.000018s ]
INFO: [ app_init ] --END-- [ RunTime:0.000508s ]
INFO: [ app_begin ] --START--
INFO: Run Behavior\ReadHtmlCacheBehavior [ RunTime:0.000792s ]
INFO: [ app_begin ] --END-- [ RunTime:0.000846s ]
SQL: SHOW COLUMNS FROM `jianghu_token` [ RunTime:0.0038s ]
SQL: SHOW COLUMNS FROM `jianghu_user` [ RunTime:0.0052s ]
SQL: SHOW COLUMNS FROM `jianghu_login_count` [ RunTime:0.0043s ]
SQL: SHOW COLUMNS FROM `jianghu_daily_num` [ RunTime:0.0038s ]
SQL: SELECT * FROM `jianghu_token` WHERE `token` = 'ZFOpo5kKMHJlCfOW/06aScMhOnV2AhNfLn6K1diH+UQjUBNE+WGWpfPpw9e9huV9acP1wKAdBiejpCYXi+iOng==' AND `state` = 0 LIMIT 1   [ RunTime:0.0021s ]
SQL: SELECT `isban` FROM `jianghu_user` WHERE `id` = 2 LIMIT 1   [ RunTime:0.0003s ]
SQL: SELECT * FROM `jianghu_login_count` WHERE `user_id` = 2 AND `date` = '2017-08-15' LIMIT 1   [ RunTime:0.0018s ]
SQL: SELECT * FROM `jianghu_daily_num` WHERE `date` = '2017-08-15' LIMIT 1   [ RunTime:0.0011s ]
SQL: SELECT `jointime` FROM `jianghu_user` WHERE `id` = 2 LIMIT 1   [ RunTime:0.0004s ]
SQL: SHOW COLUMNS FROM `jianghu_comment` [ RunTime:0.0047s ]
SQL: SHOW COLUMNS FROM `jianghu_comment_comment` [ RunTime:0.0039s ]
SQL: SHOW COLUMNS FROM `jianghu_comment` [ RunTime:0.0053s ]
SQL: SELECT * FROM `jianghu_comment` WHERE `owner_id` = 2 AND `user_id` <> '2' UNION SELECT id,user_id,introduce_id,time ,text as content,owner_id,state FROM jianghu_comment_comment WHERE owner_id =2 AND user_id <> 2 AND state = 0 ORDER BY time desc [ RunTime:0.0055s ]
SQL: SELECT `username` FROM `jianghu_user` WHERE `id` = 3 LIMIT 1   [ RunTime:0.0003s ]
SQL: SELECT `faceurl` FROM `jianghu_user` WHERE `id` = 3 LIMIT 1   [ RunTime:0.0002s ]
SQL: SELECT `username` FROM `jianghu_user` WHERE `id` = 1 LIMIT 1   [ RunTime:0.0002s ]
SQL: SELECT `faceurl` FROM `jianghu_user` WHERE `id` = 1 LIMIT 1   [ RunTime:0.0002s ]
SQL: SELECT `username` FROM `jianghu_user` WHERE `id` = 1 LIMIT 1   [ RunTime:0.0002s ]
SQL: SELECT `faceurl` FROM `jianghu_user` WHERE `id` = 1 LIMIT 1   [ RunTime:0.0002s ]
SQL: SELECT `username` FROM `jianghu_user` WHERE `id` = 1 LIMIT 1   [ RunTime:0.0002s ]
SQL: SELECT `faceurl` FROM `jianghu_user` WHERE `id` = 1 LIMIT 1   [ RunTime:0.0002s ]
SQL: SELECT `username` FROM `jianghu_user` WHERE `id` = 1 LIMIT 1   [ RunTime:0.0002s ]
SQL: SELECT `faceurl` FROM `jianghu_user` WHERE `id` = 1 LIMIT 1   [ RunTime:0.0002s ]
SQL: SELECT `username` FROM `jianghu_user` WHERE `id` = 1 LIMIT 1   [ RunTime:0.0002s ]
SQL: SELECT `faceurl` FROM `jianghu_user` WHERE `id` = 1 LIMIT 1   [ RunTime:0.0002s ]
SQL: SELECT `username` FROM `jianghu_user` WHERE `id` = 1 LIMIT 1   [ RunTime:0.0002s ]
SQL: SELECT `faceurl` FROM `jianghu_user` WHERE `id` = 1 LIMIT 1   [ RunTime:0.0002s ]
SQL: SELECT `username` FROM `jianghu_user` WHERE `id` = 1 LIMIT 1   [ RunTime:0.0003s ]
SQL: SELECT `faceurl` FROM `jianghu_user` WHERE `id` = 1 LIMIT 1   [ RunTime:0.0002s ]
SQL: SELECT `username` FROM `jianghu_user` WHERE `id` = 1 LIMIT 1   [ RunTime:0.0002s ]
SQL: SELECT `faceurl` FROM `jianghu_user` WHERE `id` = 1 LIMIT 1   [ RunTime:0.0004s ]
SQL: SELECT `username` FROM `jianghu_user` WHERE `id` = 1 LIMIT 1   [ RunTime:0.0006s ]
SQL: SELECT `faceurl` FROM `jianghu_user` WHERE `id` = 1 LIMIT 1   [ RunTime:0.0005s ]
SQL: SELECT `username` FROM `jianghu_user` WHERE `id` = 1 LIMIT 1   [ RunTime:0.0003s ]
SQL: SELECT `faceurl` FROM `jianghu_user` WHERE `id` = 1 LIMIT 1   [ RunTime:0.0005s ]
SQL: SELECT `username` FROM `jianghu_user` WHERE `id` = 1 LIMIT 1   [ RunTime:0.0004s ]
SQL: SELECT `faceurl` FROM `jianghu_user` WHERE `id` = 1 LIMIT 1   [ RunTime:0.0003s ]
SQL: SELECT `username` FROM `jianghu_user` WHERE `id` = 1 LIMIT 1   [ RunTime:0.0003s ]
SQL: SELECT `faceurl` FROM `jianghu_user` WHERE `id` = 1 LIMIT 1   [ RunTime:0.0002s ]
SQL: SELECT `username` FROM `jianghu_user` WHERE `id` = 3 LIMIT 1   [ RunTime:0.0002s ]
SQL: SELECT `faceurl` FROM `jianghu_user` WHERE `id` = 3 LIMIT 1   [ RunTime:0.0002s ]
SQL: SELECT `username` FROM `jianghu_user` WHERE `id` = 1 LIMIT 1   [ RunTime:0.0002s ]
SQL: SELECT `faceurl` FROM `jianghu_user` WHERE `id` = 1 LIMIT 1   [ RunTime:0.0002s ]
SQL: UPDATE `jianghu_comment` SET `state`='1' WHERE `owner_id` = 2 AND `state` = 0 [ RunTime:0.0006s ]
SQL: UPDATE `jianghu_comment_comment` SET `state`='1' WHERE `owner_id` = 2 AND `state` = 0 [ RunTime:0.0658s ]

[ 2017-08-15T16:46:02+08:00 ] ::1 /jianghu/index.php/home/msg/checkCommentMsg
INFO: [ app_init ] --START--
INFO: Run Behavior\BuildLiteBehavior [ RunTime:0.000014s ]
INFO: [ app_init ] --END-- [ RunTime:0.000635s ]
INFO: [ app_begin ] --START--
INFO: Run Behavior\ReadHtmlCacheBehavior [ RunTime:0.000809s ]
INFO: [ app_begin ] --END-- [ RunTime:0.000863s ]
SQL: SHOW COLUMNS FROM `jianghu_token` [ RunTime:0.0053s ]
SQL: SHOW COLUMNS FROM `jianghu_user` [ RunTime:0.0040s ]
SQL: SHOW COLUMNS FROM `jianghu_login_count` [ RunTime:0.0036s ]
SQL: SHOW COLUMNS FROM `jianghu_daily_num` [ RunTime:0.0040s ]
SQL: SELECT * FROM `jianghu_token` WHERE `token` = 'ZFOpo5kKMHJlCfOW/06aScMhOnV2AhNfLn6K1diH+UQjUBNE+WGWpfPpw9e9huV9acP1wKAdBiejpCYXi+iOng==' AND `state` = 0 LIMIT 1   [ RunTime:0.0047s ]
SQL: SELECT `isban` FROM `jianghu_user` WHERE `id` = 2 LIMIT 1   [ RunTime:0.0202s ]
SQL: SELECT * FROM `jianghu_login_count` WHERE `user_id` = 2 AND `date` = '2017-08-15' LIMIT 1   [ RunTime:0.0022s ]
SQL: SELECT * FROM `jianghu_daily_num` WHERE `date` = '2017-08-15' LIMIT 1   [ RunTime:0.0004s ]
SQL: SELECT `jointime` FROM `jianghu_user` WHERE `id` = 2 LIMIT 1   [ RunTime:0.0002s ]
SQL: SHOW COLUMNS FROM `jianghu_comment` [ RunTime:0.0038s ]
SQL: SHOW COLUMNS FROM `jianghu_comment_comment` [ RunTime:0.0044s ]
SQL: SHOW COLUMNS FROM `jianghu_comment` [ RunTime:0.0038s ]
SQL: SELECT * FROM `jianghu_comment` WHERE `owner_id` = 2 AND `user_id` <> '2' UNION SELECT id,user_id,introduce_id,time ,text as content,owner_id,state FROM jianghu_comment_comment WHERE owner_id =2 AND user_id <> 2 AND state = 0 ORDER BY time desc [ RunTime:0.0278s ]
SQL: SELECT `username` FROM `jianghu_user` WHERE `id` = 1 LIMIT 1   [ RunTime:0.0003s ]
SQL: SELECT `faceurl` FROM `jianghu_user` WHERE `id` = 1 LIMIT 1   [ RunTime:0.0002s ]
SQL: SELECT `username` FROM `jianghu_user` WHERE `id` = 1 LIMIT 1   [ RunTime:0.0002s ]
SQL: SELECT `faceurl` FROM `jianghu_user` WHERE `id` = 1 LIMIT 1   [ RunTime:0.0002s ]
SQL: SELECT `username` FROM `jianghu_user` WHERE `id` = 1 LIMIT 1   [ RunTime:0.0002s ]
SQL: SELECT `faceurl` FROM `jianghu_user` WHERE `id` = 1 LIMIT 1   [ RunTime:0.0002s ]
SQL: SELECT `username` FROM `jianghu_user` WHERE `id` = 1 LIMIT 1   [ RunTime:0.0003s ]
SQL: SELECT `faceurl` FROM `jianghu_user` WHERE `id` = 1 LIMIT 1   [ RunTime:0.0003s ]
SQL: SELECT `username` FROM `jianghu_user` WHERE `id` = 1 LIMIT 1   [ RunTime:0.0002s ]
SQL: SELECT `faceurl` FROM `jianghu_user` WHERE `id` = 1 LIMIT 1   [ RunTime:0.0003s ]
SQL: SELECT `username` FROM `jianghu_user` WHERE `id` = 1 LIMIT 1   [ RunTime:0.0003s ]
SQL: SELECT `faceurl` FROM `jianghu_user` WHERE `id` = 1 LIMIT 1   [ RunTime:0.0002s ]
SQL: SELECT `username` FROM `jianghu_user` WHERE `id` = 1 LIMIT 1   [ RunTime:0.0003s ]
SQL: SELECT `faceurl` FROM `jianghu_user` WHERE `id` = 1 LIMIT 1   [ RunTime:0.0003s ]
SQL: SELECT `username` FROM `jianghu_user` WHERE `id` = 1 LIMIT 1   [ RunTime:0.0002s ]
SQL: SELECT `faceurl` FROM `jianghu_user` WHERE `id` = 1 LIMIT 1   [ RunTime:0.0003s ]
SQL: SELECT `username` FROM `jianghu_user` WHERE `id` = 1 LIMIT 1   [ RunTime:0.0002s ]
SQL: SELECT `faceurl` FROM `jianghu_user` WHERE `id` = 1 LIMIT 1   [ RunTime:0.0003s ]
SQL: SELECT `username` FROM `jianghu_user` WHERE `id` = 1 LIMIT 1   [ RunTime:0.0003s ]
SQL: SELECT `faceurl` FROM `jianghu_user` WHERE `id` = 1 LIMIT 1   [ RunTime:0.0002s ]
SQL: SELECT `username` FROM `jianghu_user` WHERE `id` = 1 LIMIT 1   [ RunTime:0.0003s ]
SQL: SELECT `faceurl` FROM `jianghu_user` WHERE `id` = 1 LIMIT 1   [ RunTime:0.0003s ]
SQL: SELECT `username` FROM `jianghu_user` WHERE `id` = 1 LIMIT 1   [ RunTime:0.0003s ]
SQL: SELECT `faceurl` FROM `jianghu_user` WHERE `id` = 1 LIMIT 1   [ RunTime:0.0003s ]
SQL: SELECT `username` FROM `jianghu_user` WHERE `id` = 3 LIMIT 1   [ RunTime:0.0003s ]
SQL: SELECT `faceurl` FROM `jianghu_user` WHERE `id` = 3 LIMIT 1   [ RunTime:0.0002s ]
SQL: SELECT `username` FROM `jianghu_user` WHERE `id` = 1 LIMIT 1   [ RunTime:0.0003s ]
SQL: SELECT `faceurl` FROM `jianghu_user` WHERE `id` = 1 LIMIT 1   [ RunTime:0.0003s ]
SQL: UPDATE `jianghu_comment` SET `state`='1' WHERE `owner_id` = 2 AND `state` = 0 [ RunTime:0.0004s ]
SQL: UPDATE `jianghu_comment_comment` SET `state`='1' WHERE `owner_id` = 2 AND `state` = 0 [ RunTime:0.0007s ]

[ 2017-08-15T16:46:19+08:00 ] ::1 /jianghu/index.php/home/msg/checkCommentMsg
INFO: [ app_init ] --START--
INFO: Run Behavior\BuildLiteBehavior [ RunTime:0.000020s ]
INFO: [ app_init ] --END-- [ RunTime:0.001190s ]
INFO: [ app_begin ] --START--
INFO: Run Behavior\ReadHtmlCacheBehavior [ RunTime:0.001227s ]
INFO: [ app_begin ] --END-- [ RunTime:0.001318s ]
SQL: SHOW COLUMNS FROM `jianghu_token` [ RunTime:0.0052s ]
SQL: SHOW COLUMNS FROM `jianghu_user` [ RunTime:0.0041s ]
SQL: SHOW COLUMNS FROM `jianghu_login_count` [ RunTime:0.0045s ]
SQL: SHOW COLUMNS FROM `jianghu_daily_num` [ RunTime:0.0040s ]
SQL: SELECT * FROM `jianghu_token` WHERE `token` = 'ZFOpo5kKMHJlCfOW/06aScMhOnV2AhNfLn6K1diH+UQjUBNE+WGWpfPpw9e9huV9acP1wKAdBiejpCYXi+iOng==' AND `state` = 0 LIMIT 1   [ RunTime:0.0019s ]
SQL: SELECT `isban` FROM `jianghu_user` WHERE `id` = 2 LIMIT 1   [ RunTime:0.0003s ]
SQL: SELECT * FROM `jianghu_login_count` WHERE `user_id` = 2 AND `date` = '2017-08-15' LIMIT 1   [ RunTime:0.0009s ]
SQL: SELECT * FROM `jianghu_daily_num` WHERE `date` = '2017-08-15' LIMIT 1   [ RunTime:0.0003s ]
SQL: SELECT `jointime` FROM `jianghu_user` WHERE `id` = 2 LIMIT 1   [ RunTime:0.0002s ]
SQL: SHOW COLUMNS FROM `jianghu_comment` [ RunTime:0.0038s ]
SQL: SHOW COLUMNS FROM `jianghu_comment_comment` [ RunTime:0.0041s ]
SQL: SHOW COLUMNS FROM `jianghu_comment` [ RunTime:0.0040s ]
SQL: SELECT * FROM `jianghu_comment` WHERE `owner_id` = 2 AND `user_id` <> '2' UNION SELECT id,user_id,introduce_id,time ,text as content,owner_id,state FROM jianghu_comment_comment WHERE owner_id =2 AND user_id <> 2 AND state = 0 ORDER BY time desc [ RunTime:0.0069s ]
SQL: SELECT `username` FROM `jianghu_user` WHERE `id` = 1 LIMIT 1   [ RunTime:0.0003s ]
SQL: SELECT `faceurl` FROM `jianghu_user` WHERE `id` = 1 LIMIT 1   [ RunTime:0.0003s ]
SQL: SELECT `username` FROM `jianghu_user` WHERE `id` = 1 LIMIT 1   [ RunTime:0.0003s ]
SQL: SELECT `faceurl` FROM `jianghu_user` WHERE `id` = 1 LIMIT 1   [ RunTime:0.0002s ]
SQL: SELECT `username` FROM `jianghu_user` WHERE `id` = 1 LIMIT 1   [ RunTime:0.0002s ]
SQL: SELECT `faceurl` FROM `jianghu_user` WHERE `id` = 1 LIMIT 1   [ RunTime:0.0002s ]
SQL: SELECT `username` FROM `jianghu_user` WHERE `id` = 1 LIMIT 1   [ RunTime:0.0002s ]
SQL: SELECT `faceurl` FROM `jianghu_user` WHERE `id` = 1 LIMIT 1   [ RunTime:0.0002s ]
SQL: SELECT `username` FROM `jianghu_user` WHERE `id` = 1 LIMIT 1   [ RunTime:0.0002s ]
SQL: SELECT `faceurl` FROM `jianghu_user` WHERE `id` = 1 LIMIT 1   [ RunTime:0.0002s ]
SQL: SELECT `username` FROM `jianghu_user` WHERE `id` = 1 LIMIT 1   [ RunTime:0.0002s ]
SQL: SELECT `faceurl` FROM `jianghu_user` WHERE `id` = 1 LIMIT 1   [ RunTime:0.0002s ]
SQL: SELECT `username` FROM `jianghu_user` WHERE `id` = 1 LIMIT 1   [ RunTime:0.0002s ]
SQL: SELECT `faceurl` FROM `jianghu_user` WHERE `id` = 1 LIMIT 1   [ RunTime:0.0002s ]
SQL: SELECT `username` FROM `jianghu_user` WHERE `id` = 1 LIMIT 1   [ RunTime:0.0002s ]
SQL: SELECT `faceurl` FROM `jianghu_user` WHERE `id` = 1 LIMIT 1   [ RunTime:0.0002s ]
SQL: SELECT `username` FROM `jianghu_user` WHERE `id` = 1 LIMIT 1   [ RunTime:0.0002s ]
SQL: SELECT `faceurl` FROM `jianghu_user` WHERE `id` = 1 LIMIT 1   [ RunTime:0.0002s ]
SQL: SELECT `username` FROM `jianghu_user` WHERE `id` = 1 LIMIT 1   [ RunTime:0.0002s ]
SQL: SELECT `faceurl` FROM `jianghu_user` WHERE `id` = 1 LIMIT 1   [ RunTime:0.0002s ]
SQL: SELECT `username` FROM `jianghu_user` WHERE `id` = 1 LIMIT 1   [ RunTime:0.0002s ]
SQL: SELECT `faceurl` FROM `jianghu_user` WHERE `id` = 1 LIMIT 1   [ RunTime:0.0002s ]
SQL: SELECT `username` FROM `jianghu_user` WHERE `id` = 1 LIMIT 1   [ RunTime:0.0002s ]
SQL: SELECT `faceurl` FROM `jianghu_user` WHERE `id` = 1 LIMIT 1   [ RunTime:0.0002s ]
SQL: SELECT `username` FROM `jianghu_user` WHERE `id` = 3 LIMIT 1   [ RunTime:0.0005s ]
SQL: SELECT `faceurl` FROM `jianghu_user` WHERE `id` = 3 LIMIT 1   [ RunTime:0.0003s ]
SQL: SELECT `username` FROM `jianghu_user` WHERE `id` = 1 LIMIT 1   [ RunTime:0.0003s ]
SQL: SELECT `faceurl` FROM `jianghu_user` WHERE `id` = 1 LIMIT 1   [ RunTime:0.0003s ]
SQL: UPDATE `jianghu_comment` SET `state`='1' WHERE `owner_id` = 2 AND `state` = 0 [ RunTime:0.0004s ]
SQL: UPDATE `jianghu_comment_comment` SET `state`='1' WHERE `owner_id` = 2 AND `state` = 0 [ RunTime:0.0002s ]

[ 2017-08-15T16:46:19+08:00 ] ::1 /jianghu/index.php/home/msg/checkCommentMsg
INFO: [ app_init ] --START--
INFO: Run Behavior\BuildLiteBehavior [ RunTime:0.000019s ]
INFO: [ app_init ] --END-- [ RunTime:0.000766s ]
INFO: [ app_begin ] --START--
INFO: Run Behavior\ReadHtmlCacheBehavior [ RunTime:0.000964s ]
INFO: [ app_begin ] --END-- [ RunTime:0.001033s ]
SQL: SHOW COLUMNS FROM `jianghu_token` [ RunTime:0.0058s ]
SQL: SHOW COLUMNS FROM `jianghu_user` [ RunTime:0.0052s ]
SQL: SHOW COLUMNS FROM `jianghu_login_count` [ RunTime:0.0040s ]
SQL: SHOW COLUMNS FROM `jianghu_daily_num` [ RunTime:0.0046s ]
SQL: SELECT * FROM `jianghu_token` WHERE `token` = 'ZFOpo5kKMHJlCfOW/06aScMhOnV2AhNfLn6K1diH+UQjUBNE+WGWpfPpw9e9huV9acP1wKAdBiejpCYXi+iOng==' AND `state` = 0 LIMIT 1   [ RunTime:0.0021s ]
SQL: SELECT `isban` FROM `jianghu_user` WHERE `id` = 2 LIMIT 1   [ RunTime:0.0003s ]
SQL: SELECT * FROM `jianghu_login_count` WHERE `user_id` = 2 AND `date` = '2017-08-15' LIMIT 1   [ RunTime:0.0009s ]
SQL: SELECT * FROM `jianghu_daily_num` WHERE `date` = '2017-08-15' LIMIT 1   [ RunTime:0.0007s ]
SQL: SELECT `jointime` FROM `jianghu_user` WHERE `id` = 2 LIMIT 1   [ RunTime:0.0004s ]
SQL: SHOW COLUMNS FROM `jianghu_comment` [ RunTime:0.0047s ]
SQL: SHOW COLUMNS FROM `jianghu_comment_comment` [ RunTime:0.0041s ]
SQL: SHOW COLUMNS FROM `jianghu_comment` [ RunTime:0.0040s ]
SQL: SELECT * FROM `jianghu_comment` WHERE `owner_id` = 2 AND `user_id` <> '2' UNION SELECT id,user_id,introduce_id,time ,text as content,owner_id,state FROM jianghu_comment_comment WHERE owner_id =2 AND user_id <> 2 AND state = 0 ORDER BY time desc [ RunTime:0.0060s ]
SQL: SELECT `username` FROM `jianghu_user` WHERE `id` = 1 LIMIT 1   [ RunTime:0.0003s ]
SQL: SELECT `faceurl` FROM `jianghu_user` WHERE `id` = 1 LIMIT 1   [ RunTime:0.0003s ]
SQL: SELECT `username` FROM `jianghu_user` WHERE `id` = 1 LIMIT 1   [ RunTime:0.0003s ]
SQL: SELECT `faceurl` FROM `jianghu_user` WHERE `id` = 1 LIMIT 1   [ RunTime:0.0002s ]
SQL: SELECT `username` FROM `jianghu_user` WHERE `id` = 1 LIMIT 1   [ RunTime:0.0003s ]
SQL: SELECT `faceurl` FROM `jianghu_user` WHERE `id` = 1 LIMIT 1   [ RunTime:0.0002s ]
SQL: SELECT `username` FROM `jianghu_user` WHERE `id` = 1 LIMIT 1   [ RunTime:0.0002s ]
SQL: SELECT `faceurl` FROM `jianghu_user` WHERE `id` = 1 LIMIT 1   [ RunTime:0.0003s ]
SQL: SELECT `username` FROM `jianghu_user` WHERE `id` = 1 LIMIT 1   [ RunTime:0.0003s ]
SQL: SELECT `faceurl` FROM `jianghu_user` WHERE `id` = 1 LIMIT 1   [ RunTime:0.0002s ]
SQL: SELECT `username` FROM `jianghu_user` WHERE `id` = 1 LIMIT 1   [ RunTime:0.0002s ]
SQL: SELECT `faceurl` FROM `jianghu_user` WHERE `id` = 1 LIMIT 1   [ RunTime:0.0002s ]
SQL: SELECT `username` FROM `jianghu_user` WHERE `id` = 1 LIMIT 1   [ RunTime:0.0002s ]
SQL: SELECT `faceurl` FROM `jianghu_user` WHERE `id` = 1 LIMIT 1   [ RunTime:0.0002s ]
SQL: SELECT `username` FROM `jianghu_user` WHERE `id` = 1 LIMIT 1   [ RunTime:0.0002s ]
SQL: SELECT `faceurl` FROM `jianghu_user` WHERE `id` = 1 LIMIT 1   [ RunTime:0.0002s ]
SQL: SELECT `username` FROM `jianghu_user` WHERE `id` = 1 LIMIT 1   [ RunTime:0.0002s ]
SQL: SELECT `faceurl` FROM `jianghu_user` WHERE `id` = 1 LIMIT 1   [ RunTime:0.0002s ]
SQL: SELECT `username` FROM `jianghu_user` WHERE `id` = 1 LIMIT 1   [ RunTime:0.0002s ]
SQL: SELECT `faceurl` FROM `jianghu_user` WHERE `id` = 1 LIMIT 1   [ RunTime:0.0002s ]
SQL: SELECT `username` FROM `jianghu_user` WHERE `id` = 1 LIMIT 1   [ RunTime:0.0002s ]
SQL: SELECT `faceurl` FROM `jianghu_user` WHERE `id` = 1 LIMIT 1   [ RunTime:0.0002s ]
SQL: SELECT `username` FROM `jianghu_user` WHERE `id` = 1 LIMIT 1   [ RunTime:0.0002s ]
SQL: SELECT `faceurl` FROM `jianghu_user` WHERE `id` = 1 LIMIT 1   [ RunTime:0.0002s ]
SQL: SELECT `username` FROM `jianghu_user` WHERE `id` = 3 LIMIT 1   [ RunTime:0.0004s ]
SQL: SELECT `faceurl` FROM `jianghu_user` WHERE `id` = 3 LIMIT 1   [ RunTime:0.0005s ]
SQL: SELECT `username` FROM `jianghu_user` WHERE `id` = 1 LIMIT 1   [ RunTime:0.0006s ]
SQL: SELECT `faceurl` FROM `jianghu_user` WHERE `id` = 1 LIMIT 1   [ RunTime:0.0006s ]
SQL: UPDATE `jianghu_comment` SET `state`='1' WHERE `owner_id` = 2 AND `state` = 0 [ RunTime:0.0007s ]
SQL: UPDATE `jianghu_comment_comment` SET `state`='1' WHERE `owner_id` = 2 AND `state` = 0 [ RunTime:0.0003s ]

[ 2017-08-15T16:46:59+08:00 ] ::1 /jianghu/index.php/home/msg/checkCommentMsg
INFO: [ app_init ] --START--
INFO: Run Behavior\BuildLiteBehavior [ RunTime:0.000015s ]
INFO: [ app_init ] --END-- [ RunTime:0.000527s ]
INFO: [ app_begin ] --START--
INFO: Run Behavior\ReadHtmlCacheBehavior [ RunTime:0.001174s ]
INFO: [ app_begin ] --END-- [ RunTime:0.001268s ]
SQL: SHOW COLUMNS FROM `jianghu_token` [ RunTime:0.0056s ]
SQL: SHOW COLUMNS FROM `jianghu_user` [ RunTime:0.0044s ]
SQL: SHOW COLUMNS FROM `jianghu_login_count` [ RunTime:0.0051s ]
SQL: SHOW COLUMNS FROM `jianghu_daily_num` [ RunTime:0.0046s ]
SQL: SELECT * FROM `jianghu_token` WHERE `token` = 'ZFOpo5kKMHJlCfOW/06aScMhOnV2AhNfLn6K1diH+UQjUBNE+WGWpfPpw9e9huV9acP1wKAdBiejpCYXi+iOng==' AND `state` = 0 LIMIT 1   [ RunTime:0.0020s ]
SQL: SELECT `isban` FROM `jianghu_user` WHERE `id` = 2 LIMIT 1   [ RunTime:0.0003s ]
SQL: SELECT * FROM `jianghu_login_count` WHERE `user_id` = 2 AND `date` = '2017-08-15' LIMIT 1   [ RunTime:0.0012s ]
SQL: SELECT * FROM `jianghu_daily_num` WHERE `date` = '2017-08-15' LIMIT 1   [ RunTime:0.0006s ]
SQL: SELECT `jointime` FROM `jianghu_user` WHERE `id` = 2 LIMIT 1   [ RunTime:0.0005s ]
SQL: SHOW COLUMNS FROM `jianghu_comment` [ RunTime:0.0050s ]
SQL: SHOW COLUMNS FROM `jianghu_comment_comment` [ RunTime:0.0606s ]
SQL: SHOW COLUMNS FROM `jianghu_comment` [ RunTime:0.0576s ]
SQL: SELECT * FROM `jianghu_comment` WHERE `owner_id` = 2 AND `user_id` <> '2' UNION SELECT id,user_id,introduce_id,time ,text as content,owner_id,state FROM jianghu_comment_comment WHERE owner_id =2 AND user_id <> 2 ORDER BY time desc [ RunTime:0.0949s ]
SQL: SELECT `username` FROM `jianghu_user` WHERE `id` = 3 LIMIT 1   [ RunTime:0.0004s ]
SQL: SELECT `faceurl` FROM `jianghu_user` WHERE `id` = 3 LIMIT 1   [ RunTime:0.0003s ]
SQL: SELECT `username` FROM `jianghu_user` WHERE `id` = 1 LIMIT 1   [ RunTime:0.0003s ]
SQL: SELECT `faceurl` FROM `jianghu_user` WHERE `id` = 1 LIMIT 1   [ RunTime:0.0003s ]
SQL: SELECT `username` FROM `jianghu_user` WHERE `id` = 1 LIMIT 1   [ RunTime:0.0005s ]
SQL: SELECT `faceurl` FROM `jianghu_user` WHERE `id` = 1 LIMIT 1   [ RunTime:0.0004s ]
SQL: SELECT `username` FROM `jianghu_user` WHERE `id` = 1 LIMIT 1   [ RunTime:0.0003s ]
SQL: SELECT `faceurl` FROM `jianghu_user` WHERE `id` = 1 LIMIT 1   [ RunTime:0.0004s ]
SQL: SELECT `username` FROM `jianghu_user` WHERE `id` = 1 LIMIT 1   [ RunTime:0.0004s ]
SQL: SELECT `faceurl` FROM `jianghu_user` WHERE `id` = 1 LIMIT 1   [ RunTime:0.0003s ]
SQL: SELECT `username` FROM `jianghu_user` WHERE `id` = 1 LIMIT 1   [ RunTime:0.0003s ]
SQL: SELECT `faceurl` FROM `jianghu_user` WHERE `id` = 1 LIMIT 1   [ RunTime:0.0003s ]
SQL: SELECT `username` FROM `jianghu_user` WHERE `id` = 1 LIMIT 1   [ RunTime:0.0003s ]
SQL: SELECT `faceurl` FROM `jianghu_user` WHERE `id` = 1 LIMIT 1   [ RunTime:0.0003s ]
SQL: SELECT `username` FROM `jianghu_user` WHERE `id` = 1 LIMIT 1   [ RunTime:0.0003s ]
SQL: SELECT `faceurl` FROM `jianghu_user` WHERE `id` = 1 LIMIT 1   [ RunTime:0.0003s ]
SQL: SELECT `username` FROM `jianghu_user` WHERE `id` = 1 LIMIT 1   [ RunTime:0.0003s ]
SQL: SELECT `faceurl` FROM `jianghu_user` WHERE `id` = 1 LIMIT 1   [ RunTime:0.0003s ]
SQL: SELECT `username` FROM `jianghu_user` WHERE `id` = 1 LIMIT 1   [ RunTime:0.0003s ]
SQL: SELECT `faceurl` FROM `jianghu_user` WHERE `id` = 1 LIMIT 1   [ RunTime:0.0003s ]
SQL: SELECT `username` FROM `jianghu_user` WHERE `id` = 1 LIMIT 1   [ RunTime:0.0003s ]
SQL: SELECT `faceurl` FROM `jianghu_user` WHERE `id` = 1 LIMIT 1   [ RunTime:0.0003s ]
SQL: SELECT `username` FROM `jianghu_user` WHERE `id` = 1 LIMIT 1   [ RunTime:0.0003s ]
SQL: SELECT `faceurl` FROM `jianghu_user` WHERE `id` = 1 LIMIT 1   [ RunTime:0.0004s ]
SQL: SELECT `username` FROM `jianghu_user` WHERE `id` = 1 LIMIT 1   [ RunTime:0.0003s ]
SQL: SELECT `faceurl` FROM `jianghu_user` WHERE `id` = 1 LIMIT 1   [ RunTime:0.0003s ]
SQL: SELECT `username` FROM `jianghu_user` WHERE `id` = 3 LIMIT 1   [ RunTime:0.0003s ]
SQL: SELECT `faceurl` FROM `jianghu_user` WHERE `id` = 3 LIMIT 1   [ RunTime:0.0002s ]
SQL: SELECT `username` FROM `jianghu_user` WHERE `id` = 1 LIMIT 1   [ RunTime:0.0002s ]
SQL: SELECT `faceurl` FROM `jianghu_user` WHERE `id` = 1 LIMIT 1   [ RunTime:0.0002s ]
SQL: UPDATE `jianghu_comment` SET `state`='1' WHERE `owner_id` = 2 AND `state` = 0 [ RunTime:0.0004s ]
SQL: UPDATE `jianghu_comment_comment` SET `state`='1' WHERE `owner_id` = 2 AND `state` = 0 [ RunTime:0.0003s ]

[ 2017-08-15T19:55:39+08:00 ] ::1 /jianghu/index.php/home/user/feedBack
INFO: [ app_init ] --START--
INFO: Run Behavior\BuildLiteBehavior [ RunTime:0.000012s ]
INFO: [ app_init ] --END-- [ RunTime:0.000633s ]
INFO: [ app_begin ] --START--
INFO: Run Behavior\ReadHtmlCacheBehavior [ RunTime:0.001059s ]
INFO: [ app_begin ] --END-- [ RunTime:0.001164s ]
SQL: SHOW COLUMNS FROM `jianghu_token` [ RunTime:0.0055s ]
SQL: SHOW COLUMNS FROM `jianghu_user` [ RunTime:0.0045s ]
SQL: SHOW COLUMNS FROM `jianghu_login_count` [ RunTime:0.0045s ]
SQL: SHOW COLUMNS FROM `jianghu_daily_num` [ RunTime:0.0039s ]
SQL: SELECT * FROM `jianghu_token` WHERE `token` = 'sn/yv1TijVcqin9FrIPDScUO1G2njjZlU3MP4/aI7V/qZiFpRY2Pajeh5YsSBbLbHrqhvKOBa9l/TIpKbBFpoA==' AND `state` = 0 LIMIT 1   [ RunTime:0.0007s ]
SQL: SELECT `isban` FROM `jianghu_user` WHERE `id` = 1 LIMIT 1   [ RunTime:0.0004s ]
SQL: SELECT * FROM `jianghu_login_count` WHERE `user_id` = 1 AND `date` = '2017-08-15' LIMIT 1   [ RunTime:0.0017s ]
SQL: SELECT * FROM `jianghu_daily_num` WHERE `date` = '2017-08-15' LIMIT 1   [ RunTime:0.0005s ]
SQL: SELECT `jointime` FROM `jianghu_user` WHERE `id` = 1 LIMIT 1   [ RunTime:0.0003s ]
SQL: SHOW COLUMNS FROM `jianghu_feedback` [ RunTime:0.0039s ]
SQL: INSERT INTO `jianghu_feedback` (`text`,`user_id`,`time`) VALUES ('这是1的反馈','1','2017-08-15 19:55:39') [ RunTime:0.1089s ]

