[ 2017-07-05T17:19:38+08:00 ] ::1 /jianghu/index.php/home/introduce/checkCollection
INFO: [ app_init ] --START--
INFO: Run Behavior\BuildLiteBehavior [ RunTime:0.000031s ]
INFO: [ app_init ] --END-- [ RunTime:0.016777s ]
INFO: [ app_begin ] --START--
INFO: Run Behavior\ReadHtmlCacheBehavior [ RunTime:0.001643s ]
INFO: [ app_begin ] --END-- [ RunTime:0.001756s ]
SQL: SHOW COLUMNS FROM `jianghu_token` [ RunTime:0.0696s ]
SQL: SHOW COLUMNS FROM `jianghu_user` [ RunTime:0.0082s ]
SQL: SHOW COLUMNS FROM `jianghu_login_count` [ RunTime:0.0250s ]
SQL: SHOW COLUMNS FROM `jianghu_daily_num` [ RunTime:0.0097s ]
SQL: SELECT * FROM `jianghu_token` WHERE `token` = 'sn/yv1TijVcqin9FrIPDScUO1G2njjZlU3MP4/aI7V/qZiFpRY2Pajeh5YsSBbLbHrqhvKOBa9l/TIpKbBFpoA==' AND `state` = 0 LIMIT 1   [ RunTime:0.0371s ]
SQL: SELECT `isban` FROM `jianghu_user` WHERE `id` = 1 LIMIT 1   [ RunTime:0.0009s ]
SQL: SELECT * FROM `jianghu_login_count` WHERE `user_id` = 1 AND `date` = '2017-07-05' LIMIT 1   [ RunTime:0.0052s ]
SQL: SELECT * FROM `jianghu_daily_num` WHERE `date` = '2017-07-05' LIMIT 1   [ RunTime:0.0006s ]
SQL: SELECT `jointime` FROM `jianghu_user` WHERE `id` = 1 LIMIT 1   [ RunTime:0.0004s ]
SQL: INSERT INTO `jianghu_login_count` (`user_id`,`date`) VALUES ('1','2017-07-05') [ RunTime:0.0801s ]
SQL: UPDATE `jianghu_user` SET `praisenum`=praisenum+1 WHERE `id` = 1 [ RunTime:0.0892s ]
SQL: SELECT * FROM `jianghu_daily_num` WHERE `date` = '2017-07-05'  [ RunTime:0.0005s ]
SQL: INSERT INTO `jianghu_daily_num` (`date`,`lognum`) VALUES ('2017-07-05','1') [ RunTime:0.0517s ]
SQL: SHOW COLUMNS FROM `jianghu_collection` [ RunTime:0.0344s ]
SQL: SHOW COLUMNS FROM `jianghu_introduce` [ RunTime:0.0253s ]
SQL: SHOW COLUMNS FROM `jianghu_introduce_images` [ RunTime:0.0201s ]
SQL: SELECT `introduce_id` FROM `jianghu_collection` WHERE `user_id` = 1  [ RunTime:0.0008s ]
SQL: SELECT * FROM `jianghu_introduce` WHERE `id` IN ('7','193','204','201')  [ RunTime:0.0021s ]
SQL: SELECT `imageurl`,`thumb_imageurl` FROM `jianghu_introduce_images` WHERE `introduce_id` = 7  [ RunTime:0.0009s ]
SQL: SELECT `user_id` FROM `jianghu_introduce` WHERE `id` = 7 LIMIT 1   [ RunTime:0.0013s ]
SQL: SELECT `username` FROM `jianghu_user` WHERE `id` = 1 LIMIT 1   [ RunTime:0.0013s ]
SQL: SELECT `faceurl` FROM `jianghu_user` WHERE `id` = 1 LIMIT 1   [ RunTime:0.0009s ]
SQL: SELECT COUNT('degree') as degree_count,degree FROM jianghu_introduce WHERE isforward=7 or id=7 GROUP BY degree ORDER BY degree ASC  [ RunTime:0.0045s ]
SQL: SELECT `imageurl`,`thumb_imageurl` FROM `jianghu_introduce_images` WHERE `introduce_id` = 193  [ RunTime:0.0008s ]
SQL: SELECT `user_id` FROM `jianghu_introduce` WHERE `id` = 193 LIMIT 1   [ RunTime:0.0007s ]
SQL: SELECT `username` FROM `jianghu_user` WHERE `id` = 1 LIMIT 1   [ RunTime:0.0007s ]
SQL: SELECT `faceurl` FROM `jianghu_user` WHERE `id` = 1 LIMIT 1   [ RunTime:0.0006s ]
SQL: SELECT COUNT('degree') as degree_count,degree FROM jianghu_introduce WHERE isforward=193 or id=193 GROUP BY degree ORDER BY degree ASC  [ RunTime:0.0019s ]
SQL: SELECT `imageurl`,`thumb_imageurl` FROM `jianghu_introduce_images` WHERE `introduce_id` = 201  [ RunTime:0.0014s ]
SQL: SELECT `user_id` FROM `jianghu_introduce` WHERE `id` = 201 LIMIT 1   [ RunTime:0.0009s ]
SQL: SELECT `username` FROM `jianghu_user` WHERE `id` = 1 LIMIT 1   [ RunTime:0.0007s ]
SQL: SELECT `faceurl` FROM `jianghu_user` WHERE `id` = 1 LIMIT 1   [ RunTime:0.0007s ]
SQL: SELECT COUNT('degree') as degree_count,degree FROM jianghu_introduce WHERE isforward=201 or id=201 GROUP BY degree ORDER BY degree ASC  [ RunTime:0.0013s ]
SQL: SELECT `imageurl`,`thumb_imageurl` FROM `jianghu_introduce_images` WHERE `introduce_id` = 204  [ RunTime:0.0008s ]
SQL: SELECT `user_id` FROM `jianghu_introduce` WHERE `id` = 204 LIMIT 1   [ RunTime:0.0007s ]
SQL: SELECT `username` FROM `jianghu_user` WHERE `id` = 1 LIMIT 1   [ RunTime:0.0007s ]
SQL: SELECT `faceurl` FROM `jianghu_user` WHERE `id` = 1 LIMIT 1   [ RunTime:0.0007s ]
SQL: SELECT COUNT('degree') as degree_count,degree FROM jianghu_introduce WHERE isforward=204 or id=204 GROUP BY degree ORDER BY degree ASC  [ RunTime:0.0012s ]

[ 2017-07-05T18:37:50+08:00 ] ::1 /jianghu/index.php/home/user/collect
INFO: [ app_init ] --START--
INFO: Run Behavior\BuildLiteBehavior [ RunTime:0.000020s ]
INFO: [ app_init ] --END-- [ RunTime:0.000828s ]
INFO: [ app_begin ] --START--
INFO: Run Behavior\ReadHtmlCacheBehavior [ RunTime:0.001226s ]
INFO: [ app_begin ] --END-- [ RunTime:0.001319s ]
SQL: SHOW COLUMNS FROM `jianghu_token` [ RunTime:0.0057s ]
SQL: SHOW COLUMNS FROM `jianghu_user` [ RunTime:0.0036s ]
SQL: SHOW COLUMNS FROM `jianghu_login_count` [ RunTime:0.0036s ]
SQL: SHOW COLUMNS FROM `jianghu_daily_num` [ RunTime:0.0043s ]
SQL: SELECT * FROM `jianghu_token` WHERE `token` = 'sn/yv1TijVcqin9FrIPDScUO1G2njjZlU3MP4/aI7V/qZiFpRY2Pajeh5YsSBbLbHrqhvKOBa9l/TIpKbBFpoA==' AND `state` = 0 LIMIT 1   [ RunTime:0.0004s ]
SQL: SELECT `isban` FROM `jianghu_user` WHERE `id` = 1 LIMIT 1   [ RunTime:0.0002s ]
SQL: SELECT * FROM `jianghu_login_count` WHERE `user_id` = 1 AND `date` = '2017-07-05' LIMIT 1   [ RunTime:0.0008s ]
SQL: SELECT * FROM `jianghu_daily_num` WHERE `date` = '2017-07-05' LIMIT 1   [ RunTime:0.0004s ]
SQL: SELECT `jointime` FROM `jianghu_user` WHERE `id` = 1 LIMIT 1   [ RunTime:0.0003s ]
SQL: SHOW COLUMNS FROM `jianghu_collection` [ RunTime:0.0033s ]
SQL: INSERT INTO `jianghu_collection` (`introduce_id`,`user_id`,`time`) VALUES ('234','1','2017-07-05 18:37:50') [ RunTime:0.0759s ]

[ 2017-07-05T18:38:23+08:00 ] ::1 /jianghu/index.php/home/introduce/checkCollection
INFO: [ app_init ] --START--
INFO: Run Behavior\BuildLiteBehavior [ RunTime:0.000014s ]
INFO: [ app_init ] --END-- [ RunTime:0.000676s ]
INFO: [ app_begin ] --START--
INFO: Run Behavior\ReadHtmlCacheBehavior [ RunTime:0.001138s ]
INFO: [ app_begin ] --END-- [ RunTime:0.001228s ]
SQL: SHOW COLUMNS FROM `jianghu_token` [ RunTime:0.0051s ]
SQL: SHOW COLUMNS FROM `jianghu_user` [ RunTime:0.0035s ]
SQL: SHOW COLUMNS FROM `jianghu_login_count` [ RunTime:0.0033s ]
SQL: SHOW COLUMNS FROM `jianghu_daily_num` [ RunTime:0.0036s ]
SQL: SELECT * FROM `jianghu_token` WHERE `token` = 'sn/yv1TijVcqin9FrIPDScUO1G2njjZlU3MP4/aI7V/qZiFpRY2Pajeh5YsSBbLbHrqhvKOBa9l/TIpKbBFpoA==' AND `state` = 0 LIMIT 1   [ RunTime:0.0004s ]
SQL: SELECT `isban` FROM `jianghu_user` WHERE `id` = 1 LIMIT 1   [ RunTime:0.0003s ]
SQL: SELECT * FROM `jianghu_login_count` WHERE `user_id` = 1 AND `date` = '2017-07-05' LIMIT 1   [ RunTime:0.0201s ]
SQL: SELECT * FROM `jianghu_daily_num` WHERE `date` = '2017-07-05' LIMIT 1   [ RunTime:0.0004s ]
SQL: SELECT `jointime` FROM `jianghu_user` WHERE `id` = 1 LIMIT 1   [ RunTime:0.0003s ]
SQL: SHOW COLUMNS FROM `jianghu_collection` [ RunTime:0.0041s ]
SQL: SHOW COLUMNS FROM `jianghu_introduce` [ RunTime:0.0047s ]
SQL: SHOW COLUMNS FROM `jianghu_introduce_images` [ RunTime:0.0034s ]
SQL: SELECT `introduce_id` FROM `jianghu_collection` WHERE `user_id` = 1  [ RunTime:0.0003s ]
SQL: SELECT * FROM `jianghu_introduce` WHERE `id` IN ('7','193','204','201','234')  [ RunTime:0.0004s ]
SQL: SELECT `imageurl`,`thumb_imageurl` FROM `jianghu_introduce_images` WHERE `introduce_id` = 7  [ RunTime:0.0003s ]
SQL: SELECT `user_id` FROM `jianghu_introduce` WHERE `id` = 7 LIMIT 1   [ RunTime:0.0002s ]
SQL: SELECT `username` FROM `jianghu_user` WHERE `id` = 1 LIMIT 1   [ RunTime:0.0003s ]
SQL: SELECT `faceurl` FROM `jianghu_user` WHERE `id` = 1 LIMIT 1   [ RunTime:0.0003s ]
SQL: SELECT COUNT('degree') as degree_count,degree FROM jianghu_introduce WHERE isforward=7 or id=7 GROUP BY degree ORDER BY degree ASC  [ RunTime:0.0006s ]
SQL: SELECT `imageurl`,`thumb_imageurl` FROM `jianghu_introduce_images` WHERE `introduce_id` = 193  [ RunTime:0.0003s ]
SQL: SELECT `user_id` FROM `jianghu_introduce` WHERE `id` = 193 LIMIT 1   [ RunTime:0.0003s ]
SQL: SELECT `username` FROM `jianghu_user` WHERE `id` = 1 LIMIT 1   [ RunTime:0.0003s ]
SQL: SELECT `faceurl` FROM `jianghu_user` WHERE `id` = 1 LIMIT 1   [ RunTime:0.0003s ]
SQL: SELECT COUNT('degree') as degree_count,degree FROM jianghu_introduce WHERE isforward=193 or id=193 GROUP BY degree ORDER BY degree ASC  [ RunTime:0.0005s ]
SQL: SELECT `imageurl`,`thumb_imageurl` FROM `jianghu_introduce_images` WHERE `introduce_id` = 201  [ RunTime:0.0003s ]
SQL: SELECT `user_id` FROM `jianghu_introduce` WHERE `id` = 201 LIMIT 1   [ RunTime:0.0003s ]
SQL: SELECT `username` FROM `jianghu_user` WHERE `id` = 1 LIMIT 1   [ RunTime:0.0003s ]
SQL: SELECT `faceurl` FROM `jianghu_user` WHERE `id` = 1 LIMIT 1   [ RunTime:0.0002s ]
SQL: SELECT COUNT('degree') as degree_count,degree FROM jianghu_introduce WHERE isforward=201 or id=201 GROUP BY degree ORDER BY degree ASC  [ RunTime:0.0006s ]
SQL: SELECT `imageurl`,`thumb_imageurl` FROM `jianghu_introduce_images` WHERE `introduce_id` = 204  [ RunTime:0.0005s ]
SQL: SELECT `user_id` FROM `jianghu_introduce` WHERE `id` = 204 LIMIT 1   [ RunTime:0.0003s ]
SQL: SELECT `username` FROM `jianghu_user` WHERE `id` = 1 LIMIT 1   [ RunTime:0.0003s ]
SQL: SELECT `faceurl` FROM `jianghu_user` WHERE `id` = 1 LIMIT 1   [ RunTime:0.0003s ]
SQL: SELECT COUNT('degree') as degree_count,degree FROM jianghu_introduce WHERE isforward=204 or id=204 GROUP BY degree ORDER BY degree ASC  [ RunTime:0.0005s ]
SQL: SELECT `imageurl`,`thumb_imageurl` FROM `jianghu_introduce_images` WHERE `introduce_id` = 234  [ RunTime:0.0003s ]
SQL: SELECT `user_id` FROM `jianghu_introduce` WHERE `id` = 234 LIMIT 1   [ RunTime:0.0003s ]
SQL: SELECT `username` FROM `jianghu_user` WHERE `id` = 4 LIMIT 1   [ RunTime:0.0003s ]
SQL: SELECT `faceurl` FROM `jianghu_user` WHERE `id` = 4 LIMIT 1   [ RunTime:0.0002s ]
SQL: SELECT COUNT('degree') as degree_count,degree FROM jianghu_introduce WHERE isforward=234 or id=234 GROUP BY degree ORDER BY degree ASC  [ RunTime:0.0005s ]

[ 2017-07-05T18:49:29+08:00 ] ::1 /jianghu/index.php/home/introduce/checkCollection
INFO: [ app_init ] --START--
INFO: Run Behavior\BuildLiteBehavior [ RunTime:0.000023s ]
INFO: [ app_init ] --END-- [ RunTime:0.000712s ]
INFO: [ app_begin ] --START--
INFO: Run Behavior\ReadHtmlCacheBehavior [ RunTime:0.000922s ]
INFO: [ app_begin ] --END-- [ RunTime:0.000985s ]
SQL: SHOW COLUMNS FROM `jianghu_token` [ RunTime:0.0062s ]
SQL: SHOW COLUMNS FROM `jianghu_user` [ RunTime:0.0038s ]
SQL: SHOW COLUMNS FROM `jianghu_login_count` [ RunTime:0.0045s ]
SQL: SHOW COLUMNS FROM `jianghu_daily_num` [ RunTime:0.0036s ]
SQL: SELECT * FROM `jianghu_token` WHERE `token` = 'sn/yv1TijVcqin9FrIPDScUO1G2njjZlU3MP4/aI7V/qZiFpRY2Pajeh5YsSBbLbHrqhvKOBa9l/TIpKbBFpoA==' AND `state` = 0 LIMIT 1   [ RunTime:0.0005s ]
SQL: SELECT `isban` FROM `jianghu_user` WHERE `id` = 1 LIMIT 1   [ RunTime:0.0003s ]
SQL: SELECT * FROM `jianghu_login_count` WHERE `user_id` = 1 AND `date` = '2017-07-05' LIMIT 1   [ RunTime:0.0008s ]
SQL: SELECT * FROM `jianghu_daily_num` WHERE `date` = '2017-07-05' LIMIT 1   [ RunTime:0.0004s ]
SQL: SELECT `jointime` FROM `jianghu_user` WHERE `id` = 1 LIMIT 1   [ RunTime:0.0003s ]
SQL: SHOW COLUMNS FROM `jianghu_collection` [ RunTime:0.0033s ]
SQL: SHOW COLUMNS FROM `jianghu_introduce` [ RunTime:0.0041s ]
SQL: SHOW COLUMNS FROM `jianghu_introduce_images` [ RunTime:0.0036s ]
SQL: SELECT `introduce_id` FROM `jianghu_collection` WHERE `user_id` = 1  [ RunTime:0.0003s ]
SQL: SELECT * FROM `jianghu_introduce` WHERE `id` IN ('7','193','204','201','234')  [ RunTime:0.0005s ]
SQL: SELECT `imageurl`,`thumb_imageurl` FROM `jianghu_introduce_images` WHERE `introduce_id` = 7  [ RunTime:0.0003s ]
SQL: SELECT `user_id` FROM `jianghu_introduce` WHERE `id` = 7 LIMIT 1   [ RunTime:0.0003s ]

[ 2017-07-05T18:49:51+08:00 ] ::1 /jianghu/index.php/home/introduce/checkCollection
INFO: [ app_init ] --START--
INFO: Run Behavior\BuildLiteBehavior [ RunTime:0.000012s ]
INFO: [ app_init ] --END-- [ RunTime:0.000594s ]
INFO: [ app_begin ] --START--
INFO: Run Behavior\ReadHtmlCacheBehavior [ RunTime:0.000735s ]
INFO: [ app_begin ] --END-- [ RunTime:0.000788s ]
SQL: SHOW COLUMNS FROM `jianghu_token` [ RunTime:0.0059s ]
SQL: SHOW COLUMNS FROM `jianghu_user` [ RunTime:0.0036s ]
SQL: SHOW COLUMNS FROM `jianghu_login_count` [ RunTime:0.0038s ]
SQL: SHOW COLUMNS FROM `jianghu_daily_num` [ RunTime:0.0039s ]
SQL: SELECT * FROM `jianghu_token` WHERE `token` = 'sn/yv1TijVcqin9FrIPDScUO1G2njjZlU3MP4/aI7V/qZiFpRY2Pajeh5YsSBbLbHrqhvKOBa9l/TIpKbBFpoA==' AND `state` = 0 LIMIT 1   [ RunTime:0.0004s ]
SQL: SELECT `isban` FROM `jianghu_user` WHERE `id` = 1 LIMIT 1   [ RunTime:0.0003s ]
SQL: SELECT * FROM `jianghu_login_count` WHERE `user_id` = 1 AND `date` = '2017-07-05' LIMIT 1   [ RunTime:0.0008s ]
SQL: SELECT * FROM `jianghu_daily_num` WHERE `date` = '2017-07-05' LIMIT 1   [ RunTime:0.0003s ]
SQL: SELECT `jointime` FROM `jianghu_user` WHERE `id` = 1 LIMIT 1   [ RunTime:0.0003s ]
SQL: SHOW COLUMNS FROM `jianghu_collection` [ RunTime:0.0034s ]
SQL: SHOW COLUMNS FROM `jianghu_introduce` [ RunTime:0.0039s ]
SQL: SHOW COLUMNS FROM `jianghu_introduce_images` [ RunTime:0.0046s ]
SQL: SELECT `introduce_id` FROM `jianghu_collection` WHERE `user_id` = 1  [ RunTime:0.0003s ]
SQL: SELECT * FROM `jianghu_introduce` WHERE `id` IN ('7','193','204','201','234')  [ RunTime:0.0004s ]
SQL: SELECT `imageurl`,`thumb_imageurl` FROM `jianghu_introduce_images` WHERE `introduce_id` = 7  [ RunTime:0.0003s ]
SQL: SELECT `user_id` FROM `jianghu_introduce` WHERE `id` = 7 LIMIT 1   [ RunTime:0.0003s ]
SQL: SELECT `username` FROM `jianghu_user` WHERE `id` = 1 LIMIT 1   [ RunTime:0.0002s ]
SQL: SELECT `faceurl` FROM `jianghu_user` WHERE `id` = 1 LIMIT 1   [ RunTime:0.0002s ]
SQL: SELECT COUNT('degree') as degree_count,degree FROM jianghu_introduce WHERE isforward=7 or id=7 GROUP BY degree ORDER BY degree ASC  [ RunTime:0.0005s ]
SQL: SELECT `imageurl`,`thumb_imageurl` FROM `jianghu_introduce_images` WHERE `introduce_id` = 193  [ RunTime:0.0003s ]
SQL: SELECT `user_id` FROM `jianghu_introduce` WHERE `id` = 193 LIMIT 1   [ RunTime:0.0003s ]
SQL: SELECT `username` FROM `jianghu_user` WHERE `id` = 1 LIMIT 1   [ RunTime:0.0003s ]
SQL: SELECT `faceurl` FROM `jianghu_user` WHERE `id` = 1 LIMIT 1   [ RunTime:0.0003s ]
SQL: SELECT COUNT('degree') as degree_count,degree FROM jianghu_introduce WHERE isforward=193 or id=193 GROUP BY degree ORDER BY degree ASC  [ RunTime:0.0005s ]
SQL: SELECT `imageurl`,`thumb_imageurl` FROM `jianghu_introduce_images` WHERE `introduce_id` = 201  [ RunTime:0.0003s ]
SQL: SELECT `user_id` FROM `jianghu_introduce` WHERE `id` = 201 LIMIT 1   [ RunTime:0.0002s ]
SQL: SELECT `username` FROM `jianghu_user` WHERE `id` = 1 LIMIT 1   [ RunTime:0.0003s ]
SQL: SELECT `faceurl` FROM `jianghu_user` WHERE `id` = 1 LIMIT 1   [ RunTime:0.0003s ]
SQL: SELECT COUNT('degree') as degree_count,degree FROM jianghu_introduce WHERE isforward=201 or id=201 GROUP BY degree ORDER BY degree ASC  [ RunTime:0.0005s ]
SQL: SELECT `imageurl`,`thumb_imageurl` FROM `jianghu_introduce_images` WHERE `introduce_id` = 204  [ RunTime:0.0003s ]
SQL: SELECT `user_id` FROM `jianghu_introduce` WHERE `id` = 204 LIMIT 1   [ RunTime:0.0003s ]
SQL: SELECT `username` FROM `jianghu_user` WHERE `id` = 1 LIMIT 1   [ RunTime:0.0002s ]
SQL: SELECT `faceurl` FROM `jianghu_user` WHERE `id` = 1 LIMIT 1   [ RunTime:0.0002s ]
SQL: SELECT COUNT('degree') as degree_count,degree FROM jianghu_introduce WHERE isforward=204 or id=204 GROUP BY degree ORDER BY degree ASC  [ RunTime:0.0008s ]
SQL: SELECT `imageurl`,`thumb_imageurl` FROM `jianghu_introduce_images` WHERE `introduce_id` = 234  [ RunTime:0.0003s ]
SQL: SELECT `user_id` FROM `jianghu_introduce` WHERE `id` = 234 LIMIT 1   [ RunTime:0.0003s ]
SQL: SELECT `username` FROM `jianghu_user` WHERE `id` = 4 LIMIT 1   [ RunTime:0.0003s ]
SQL: SELECT `faceurl` FROM `jianghu_user` WHERE `id` = 4 LIMIT 1   [ RunTime:0.0002s ]
SQL: SELECT COUNT('degree') as degree_count,degree FROM jianghu_introduce WHERE isforward=234 or id=234 GROUP BY degree ORDER BY degree ASC  [ RunTime:0.0005s ]

[ 2017-07-05T18:50:03+08:00 ] ::1 /jianghu/index.php/home/introduce/checkCollection
INFO: [ app_init ] --START--
INFO: Run Behavior\BuildLiteBehavior [ RunTime:0.000017s ]
INFO: [ app_init ] --END-- [ RunTime:0.000620s ]
INFO: [ app_begin ] --START--
INFO: Run Behavior\ReadHtmlCacheBehavior [ RunTime:0.000892s ]
INFO: [ app_begin ] --END-- [ RunTime:0.000957s ]
SQL: SHOW COLUMNS FROM `jianghu_token` [ RunTime:0.0053s ]
SQL: SHOW COLUMNS FROM `jianghu_user` [ RunTime:0.0036s ]
SQL: SHOW COLUMNS FROM `jianghu_login_count` [ RunTime:0.0033s ]
SQL: SHOW COLUMNS FROM `jianghu_daily_num` [ RunTime:0.0039s ]
SQL: SELECT * FROM `jianghu_token` WHERE `token` = 'sn/yv1TijVcqin9FrIPDScUO1G2njjZlU3MP4/aI7V/qZiFpRY2Pajeh5YsSBbLbHrqhvKOBa9l/TIpKbBFpoA==' AND `state` = 0 LIMIT 1   [ RunTime:0.0005s ]
SQL: SELECT `isban` FROM `jianghu_user` WHERE `id` = 1 LIMIT 1   [ RunTime:0.0003s ]
SQL: SELECT * FROM `jianghu_login_count` WHERE `user_id` = 1 AND `date` = '2017-07-05' LIMIT 1   [ RunTime:0.0009s ]
SQL: SELECT * FROM `jianghu_daily_num` WHERE `date` = '2017-07-05' LIMIT 1   [ RunTime:0.0004s ]
SQL: SELECT `jointime` FROM `jianghu_user` WHERE `id` = 1 LIMIT 1   [ RunTime:0.0003s ]
SQL: SHOW COLUMNS FROM `jianghu_collection` [ RunTime:0.0042s ]
SQL: SHOW COLUMNS FROM `jianghu_introduce` [ RunTime:0.0041s ]
SQL: SHOW COLUMNS FROM `jianghu_introduce_images` [ RunTime:0.0035s ]
SQL: SELECT `introduce_id` FROM `jianghu_collection` WHERE `user_id` = 1  [ RunTime:0.0003s ]
SQL: SELECT * FROM `jianghu_introduce` WHERE `id` IN ('7','193','204','201','234')  [ RunTime:0.0005s ]
SQL: SELECT `imageurl`,`thumb_imageurl` FROM `jianghu_introduce_images` WHERE `introduce_id` = 7  [ RunTime:0.0004s ]
SQL: SELECT `user_id` FROM `jianghu_introduce` WHERE `id` = 7 LIMIT 1   [ RunTime:0.0003s ]
SQL: SELECT `username` FROM `jianghu_user` WHERE `id` = 1 LIMIT 1   [ RunTime:0.0003s ]
SQL: SELECT `faceurl` FROM `jianghu_user` WHERE `id` = 1 LIMIT 1   [ RunTime:0.0002s ]
SQL: SELECT COUNT('degree') as degree_count,degree FROM jianghu_introduce WHERE isforward=7 or id=7 GROUP BY degree ORDER BY degree ASC  [ RunTime:0.0005s ]
SQL: SELECT `imageurl`,`thumb_imageurl` FROM `jianghu_introduce_images` WHERE `introduce_id` = 193  [ RunTime:0.0003s ]
SQL: SELECT `user_id` FROM `jianghu_introduce` WHERE `id` = 193 LIMIT 1   [ RunTime:0.0003s ]
SQL: SELECT `username` FROM `jianghu_user` WHERE `id` = 1 LIMIT 1   [ RunTime:0.0003s ]
SQL: SELECT `faceurl` FROM `jianghu_user` WHERE `id` = 1 LIMIT 1   [ RunTime:0.0002s ]
SQL: SELECT COUNT('degree') as degree_count,degree FROM jianghu_introduce WHERE isforward=193 or id=193 GROUP BY degree ORDER BY degree ASC  [ RunTime:0.0005s ]
SQL: SELECT `imageurl`,`thumb_imageurl` FROM `jianghu_introduce_images` WHERE `introduce_id` = 201  [ RunTime:0.0003s ]
SQL: SELECT `user_id` FROM `jianghu_introduce` WHERE `id` = 201 LIMIT 1   [ RunTime:0.0003s ]
SQL: SELECT `username` FROM `jianghu_user` WHERE `id` = 1 LIMIT 1   [ RunTime:0.0003s ]
SQL: SELECT `faceurl` FROM `jianghu_user` WHERE `id` = 1 LIMIT 1   [ RunTime:0.0003s ]
SQL: SELECT COUNT('degree') as degree_count,degree FROM jianghu_introduce WHERE isforward=201 or id=201 GROUP BY degree ORDER BY degree ASC  [ RunTime:0.0005s ]
SQL: SELECT `imageurl`,`thumb_imageurl` FROM `jianghu_introduce_images` WHERE `introduce_id` = 204  [ RunTime:0.0003s ]
SQL: SELECT `user_id` FROM `jianghu_introduce` WHERE `id` = 204 LIMIT 1   [ RunTime:0.0003s ]
SQL: SELECT `username` FROM `jianghu_user` WHERE `id` = 1 LIMIT 1   [ RunTime:0.0002s ]
SQL: SELECT `faceurl` FROM `jianghu_user` WHERE `id` = 1 LIMIT 1   [ RunTime:0.0003s ]
SQL: SELECT COUNT('degree') as degree_count,degree FROM jianghu_introduce WHERE isforward=204 or id=204 GROUP BY degree ORDER BY degree ASC  [ RunTime:0.0005s ]
SQL: SELECT `imageurl`,`thumb_imageurl` FROM `jianghu_introduce_images` WHERE `introduce_id` = 234  [ RunTime:0.0003s ]
SQL: SELECT `user_id` FROM `jianghu_introduce` WHERE `id` = 234 LIMIT 1   [ RunTime:0.0003s ]
SQL: SELECT `username` FROM `jianghu_user` WHERE `id` = 4 LIMIT 1   [ RunTime:0.0004s ]
SQL: SELECT `faceurl` FROM `jianghu_user` WHERE `id` = 4 LIMIT 1   [ RunTime:0.0004s ]
SQL: SELECT COUNT('degree') as degree_count,degree FROM jianghu_introduce WHERE isforward=234 or id=234 GROUP BY degree ORDER BY degree ASC  [ RunTime:0.0005s ]

