[ 2017-04-10T21:03:12+08:00 ] ::1 /jianghu/index.php/home/search/searchIntro
INFO: [ app_init ] --START--
INFO: Run Behavior\BuildLiteBehavior [ RunTime:0.000026s ]
INFO: [ app_init ] --END-- [ RunTime:0.001704s ]
INFO: [ app_begin ] --START--
INFO: Run Behavior\ReadHtmlCacheBehavior [ RunTime:0.001552s ]
INFO: [ app_begin ] --END-- [ RunTime:0.001656s ]
SQL: SHOW COLUMNS FROM `jianghu_introduce` [ RunTime:0.0799s ]
SQL: SHOW COLUMNS FROM `jianghu_user` [ RunTime:0.0069s ]
SQL: SHOW COLUMNS FROM `jianghu_introduce_domain` [ RunTime:0.0291s ]
SQL: SELECT `id` FROM `jianghu_introduce` WHERE (  `domain` LIKE '%章鱼%' OR `text` LIKE '%章鱼%' ) AND `isforward` is NULL AND `alldegree` is not NULL ORDER BY time desc LIMIT 0,10   [ RunTime:0.0010s ]

[ 2017-04-10T21:03:20+08:00 ] ::1 /jianghu/index.php/home/search/searchIntro
INFO: [ app_init ] --START--
INFO: Run Behavior\BuildLiteBehavior [ RunTime:0.000012s ]
INFO: [ app_init ] --END-- [ RunTime:0.000502s ]
INFO: [ app_begin ] --START--
INFO: Run Behavior\ReadHtmlCacheBehavior [ RunTime:0.000758s ]
INFO: [ app_begin ] --END-- [ RunTime:0.000823s ]
SQL: SHOW COLUMNS FROM `jianghu_introduce` [ RunTime:0.0064s ]
SQL: SHOW COLUMNS FROM `jianghu_user` [ RunTime:0.0074s ]
SQL: SHOW COLUMNS FROM `jianghu_introduce_domain` [ RunTime:0.0058s ]
SQL: SELECT `id` FROM `jianghu_introduce` WHERE (  `domain` LIKE '%%' OR `text` LIKE '%%' ) AND `isforward` is NULL AND `alldegree` is not NULL ORDER BY time desc LIMIT 0,10   [ RunTime:0.0009s ]
SQL: SHOW COLUMNS FROM `jianghu_introduce_images` [ RunTime:0.0333s ]
SQL: SHOW COLUMNS FROM `jianghu_business` [ RunTime:0.0486s ]
SQL: SHOW COLUMNS FROM `jianghu_praise` [ RunTime:0.0261s ]
SQL: SHOW COLUMNS FROM `jianghu_collection` [ RunTime:0.0383s ]
SQL: SHOW COLUMNS FROM `jianghu_oppose` [ RunTime:0.0340s ]
SQL: SELECT * FROM `jianghu_introduce` WHERE `id` = 234 LIMIT 1   [ RunTime:0.0008s ]
SQL: SELECT `imageurl`,`thumb_imageurl` FROM `jianghu_introduce_images` WHERE `introduce_id` = 234  [ RunTime:0.0014s ]
SQL: SELECT `username` FROM `jianghu_user` WHERE `id` = 4 LIMIT 1   [ RunTime:0.0148s ]
SQL: SELECT `faceurl` FROM `jianghu_user` WHERE `id` = 4 LIMIT 1   [ RunTime:0.0003s ]
SQL: SELECT COUNT('degree') as degree_count,degree FROM jianghu_introduce WHERE isforward=234 or id=234 GROUP BY degree ORDER BY degree ASC  [ RunTime:0.0008s ]
SQL: SELECT * FROM `jianghu_praise` WHERE `introduce_id` = 234 AND `user_id` = 1 LIMIT 1   [ RunTime:0.0005s ]
SQL: SELECT * FROM `jianghu_oppose` WHERE `introduce_id` = 234 AND `user_id` = 1 LIMIT 1   [ RunTime:0.0005s ]
SQL: SELECT * FROM `jianghu_collection` WHERE `introduce_id` = 234 AND `user_id` = 1 LIMIT 1   [ RunTime:0.0005s ]
SQL: SELECT * FROM `jianghu_introduce` WHERE `id` = 233 LIMIT 1   [ RunTime:0.0005s ]
SQL: SELECT `imageurl`,`thumb_imageurl` FROM `jianghu_introduce_images` WHERE `introduce_id` = 233  [ RunTime:0.0004s ]
SQL: SELECT `username` FROM `jianghu_user` WHERE `id` = 1 LIMIT 1   [ RunTime:0.0004s ]
SQL: SELECT `faceurl` FROM `jianghu_user` WHERE `id` = 1 LIMIT 1   [ RunTime:0.0003s ]
SQL: SELECT COUNT('degree') as degree_count,degree FROM jianghu_introduce WHERE isforward=233 or id=233 GROUP BY degree ORDER BY degree ASC  [ RunTime:0.0008s ]
SQL: SELECT * FROM `jianghu_praise` WHERE `introduce_id` = 233 AND `user_id` = 1 LIMIT 1   [ RunTime:0.0005s ]
SQL: SELECT * FROM `jianghu_oppose` WHERE `introduce_id` = 233 AND `user_id` = 1 LIMIT 1   [ RunTime:0.0010s ]
SQL: SELECT * FROM `jianghu_collection` WHERE `introduce_id` = 233 AND `user_id` = 1 LIMIT 1   [ RunTime:0.0005s ]
SQL: SELECT * FROM `jianghu_introduce` WHERE `id` = 232 LIMIT 1   [ RunTime:0.0005s ]
SQL: SELECT `imageurl`,`thumb_imageurl` FROM `jianghu_introduce_images` WHERE `introduce_id` = 232  [ RunTime:0.0005s ]
SQL: SELECT `username` FROM `jianghu_user` WHERE `id` = 1 LIMIT 1   [ RunTime:0.0014s ]
SQL: SELECT `faceurl` FROM `jianghu_user` WHERE `id` = 1 LIMIT 1   [ RunTime:0.0008s ]
SQL: SELECT COUNT('degree') as degree_count,degree FROM jianghu_introduce WHERE isforward=232 or id=232 GROUP BY degree ORDER BY degree ASC  [ RunTime:0.0007s ]
SQL: SELECT * FROM `jianghu_praise` WHERE `introduce_id` = 232 AND `user_id` = 1 LIMIT 1   [ RunTime:0.0006s ]
SQL: SELECT * FROM `jianghu_oppose` WHERE `introduce_id` = 232 AND `user_id` = 1 LIMIT 1   [ RunTime:0.0004s ]
SQL: SELECT * FROM `jianghu_collection` WHERE `introduce_id` = 232 AND `user_id` = 1 LIMIT 1   [ RunTime:0.0004s ]
SQL: SELECT * FROM `jianghu_introduce` WHERE `id` = 211 LIMIT 1   [ RunTime:0.0005s ]
SQL: SELECT `imageurl`,`thumb_imageurl` FROM `jianghu_introduce_images` WHERE `introduce_id` = 211  [ RunTime:0.0004s ]
SQL: SELECT `username` FROM `jianghu_user` WHERE `id` = 1 LIMIT 1   [ RunTime:0.0006s ]
SQL: SELECT `faceurl` FROM `jianghu_user` WHERE `id` = 1 LIMIT 1   [ RunTime:0.0005s ]
SQL: SELECT COUNT('degree') as degree_count,degree FROM jianghu_introduce WHERE isforward=211 or id=211 GROUP BY degree ORDER BY degree ASC  [ RunTime:0.0007s ]
SQL: SELECT * FROM `jianghu_praise` WHERE `introduce_id` = 211 AND `user_id` = 1 LIMIT 1   [ RunTime:0.0005s ]
SQL: SELECT * FROM `jianghu_oppose` WHERE `introduce_id` = 211 AND `user_id` = 1 LIMIT 1   [ RunTime:0.0005s ]
SQL: SELECT * FROM `jianghu_collection` WHERE `introduce_id` = 211 AND `user_id` = 1 LIMIT 1   [ RunTime:0.0004s ]
SQL: SELECT * FROM `jianghu_introduce` WHERE `id` = 209 LIMIT 1   [ RunTime:0.0011s ]
SQL: SELECT `imageurl`,`thumb_imageurl` FROM `jianghu_introduce_images` WHERE `introduce_id` = 209  [ RunTime:0.0009s ]
SQL: SELECT `username` FROM `jianghu_user` WHERE `id` = 1 LIMIT 1   [ RunTime:0.0004s ]
SQL: SELECT `faceurl` FROM `jianghu_user` WHERE `id` = 1 LIMIT 1   [ RunTime:0.0004s ]
SQL: SELECT COUNT('degree') as degree_count,degree FROM jianghu_introduce WHERE isforward=209 or id=209 GROUP BY degree ORDER BY degree ASC  [ RunTime:0.0025s ]
SQL: SELECT * FROM `jianghu_praise` WHERE `introduce_id` = 209 AND `user_id` = 1 LIMIT 1   [ RunTime:0.0007s ]
SQL: SELECT * FROM `jianghu_oppose` WHERE `introduce_id` = 209 AND `user_id` = 1 LIMIT 1   [ RunTime:0.0004s ]
SQL: SELECT * FROM `jianghu_collection` WHERE `introduce_id` = 209 AND `user_id` = 1 LIMIT 1   [ RunTime:0.0004s ]
SQL: SELECT * FROM `jianghu_introduce` WHERE `id` = 207 LIMIT 1   [ RunTime:0.0005s ]
SQL: SELECT `imageurl`,`thumb_imageurl` FROM `jianghu_introduce_images` WHERE `introduce_id` = 207  [ RunTime:0.0004s ]
SQL: SELECT `username` FROM `jianghu_user` WHERE `id` = 1 LIMIT 1   [ RunTime:0.0004s ]
SQL: SELECT `faceurl` FROM `jianghu_user` WHERE `id` = 1 LIMIT 1   [ RunTime:0.0005s ]
SQL: SELECT COUNT('degree') as degree_count,degree FROM jianghu_introduce WHERE isforward=207 or id=207 GROUP BY degree ORDER BY degree ASC  [ RunTime:0.0007s ]
SQL: SELECT * FROM `jianghu_praise` WHERE `introduce_id` = 207 AND `user_id` = 1 LIMIT 1   [ RunTime:0.0007s ]
SQL: SELECT * FROM `jianghu_oppose` WHERE `introduce_id` = 207 AND `user_id` = 1 LIMIT 1   [ RunTime:0.0004s ]
SQL: SELECT * FROM `jianghu_collection` WHERE `introduce_id` = 207 AND `user_id` = 1 LIMIT 1   [ RunTime:0.0004s ]
SQL: SELECT * FROM `jianghu_introduce` WHERE `id` = 206 LIMIT 1   [ RunTime:0.0005s ]
SQL: SELECT `imageurl`,`thumb_imageurl` FROM `jianghu_introduce_images` WHERE `introduce_id` = 206  [ RunTime:0.0004s ]
SQL: SELECT `username` FROM `jianghu_user` WHERE `id` = 1 LIMIT 1   [ RunTime:0.0021s ]
SQL: SELECT `faceurl` FROM `jianghu_user` WHERE `id` = 1 LIMIT 1   [ RunTime:0.0041s ]
SQL: SELECT COUNT('degree') as degree_count,degree FROM jianghu_introduce WHERE isforward=206 or id=206 GROUP BY degree ORDER BY degree ASC  [ RunTime:0.0017s ]
SQL: SELECT * FROM `jianghu_praise` WHERE `introduce_id` = 206 AND `user_id` = 1 LIMIT 1   [ RunTime:0.0008s ]
SQL: SELECT * FROM `jianghu_oppose` WHERE `introduce_id` = 206 AND `user_id` = 1 LIMIT 1   [ RunTime:0.0027s ]
SQL: SELECT * FROM `jianghu_collection` WHERE `introduce_id` = 206 AND `user_id` = 1 LIMIT 1   [ RunTime:0.0113s ]
SQL: SELECT * FROM `jianghu_introduce` WHERE `id` = 204 LIMIT 1   [ RunTime:0.0056s ]
SQL: SELECT `imageurl`,`thumb_imageurl` FROM `jianghu_introduce_images` WHERE `introduce_id` = 204  [ RunTime:0.0040s ]
SQL: SELECT `username` FROM `jianghu_user` WHERE `id` = 1 LIMIT 1   [ RunTime:0.0023s ]
SQL: SELECT `faceurl` FROM `jianghu_user` WHERE `id` = 1 LIMIT 1   [ RunTime:0.0026s ]
SQL: SELECT COUNT('degree') as degree_count,degree FROM jianghu_introduce WHERE isforward=204 or id=204 GROUP BY degree ORDER BY degree ASC  [ RunTime:0.0013s ]
SQL: SELECT * FROM `jianghu_praise` WHERE `introduce_id` = 204 AND `user_id` = 1 LIMIT 1   [ RunTime:0.0040s ]
SQL: SELECT * FROM `jianghu_oppose` WHERE `introduce_id` = 204 AND `user_id` = 1 LIMIT 1   [ RunTime:0.0077s ]
SQL: SELECT * FROM `jianghu_collection` WHERE `introduce_id` = 204 AND `user_id` = 1 LIMIT 1   [ RunTime:0.0021s ]
SQL: SELECT * FROM `jianghu_introduce` WHERE `id` = 201 LIMIT 1   [ RunTime:0.0021s ]
SQL: SELECT `imageurl`,`thumb_imageurl` FROM `jianghu_introduce_images` WHERE `introduce_id` = 201  [ RunTime:0.0016s ]
SQL: SELECT `username` FROM `jianghu_user` WHERE `id` = 1 LIMIT 1   [ RunTime:0.0008s ]
SQL: SELECT `faceurl` FROM `jianghu_user` WHERE `id` = 1 LIMIT 1   [ RunTime:0.0023s ]
SQL: SELECT COUNT('degree') as degree_count,degree FROM jianghu_introduce WHERE isforward=201 or id=201 GROUP BY degree ORDER BY degree ASC  [ RunTime:0.0043s ]
SQL: SELECT * FROM `jianghu_praise` WHERE `introduce_id` = 201 AND `user_id` = 1 LIMIT 1   [ RunTime:0.0015s ]
SQL: SELECT * FROM `jianghu_oppose` WHERE `introduce_id` = 201 AND `user_id` = 1 LIMIT 1   [ RunTime:0.0033s ]
SQL: SELECT * FROM `jianghu_collection` WHERE `introduce_id` = 201 AND `user_id` = 1 LIMIT 1   [ RunTime:0.0022s ]
SQL: SELECT * FROM `jianghu_introduce` WHERE `id` = 200 LIMIT 1   [ RunTime:0.0020s ]
SQL: SELECT `imageurl`,`thumb_imageurl` FROM `jianghu_introduce_images` WHERE `introduce_id` = 200  [ RunTime:0.0067s ]
SQL: SELECT `username` FROM `jianghu_user` WHERE `id` = 4 LIMIT 1   [ RunTime:0.0044s ]
SQL: SELECT `faceurl` FROM `jianghu_user` WHERE `id` = 4 LIMIT 1   [ RunTime:0.0008s ]
SQL: SELECT COUNT('degree') as degree_count,degree FROM jianghu_introduce WHERE isforward=200 or id=200 GROUP BY degree ORDER BY degree ASC  [ RunTime:0.0024s ]
SQL: SELECT * FROM `jianghu_praise` WHERE `introduce_id` = 200 AND `user_id` = 1 LIMIT 1   [ RunTime:0.0028s ]
SQL: SELECT * FROM `jianghu_oppose` WHERE `introduce_id` = 200 AND `user_id` = 1 LIMIT 1   [ RunTime:0.0155s ]
SQL: SELECT * FROM `jianghu_collection` WHERE `introduce_id` = 200 AND `user_id` = 1 LIMIT 1   [ RunTime:0.0055s ]

[ 2017-04-10T21:07:32+08:00 ] ::1 /jianghu/index.php/home/search/searchIntro
INFO: [ app_init ] --START--
INFO: Run Behavior\BuildLiteBehavior [ RunTime:0.000012s ]
INFO: [ app_init ] --END-- [ RunTime:0.000561s ]
INFO: [ app_begin ] --START--
INFO: Run Behavior\ReadHtmlCacheBehavior [ RunTime:0.001022s ]
INFO: [ app_begin ] --END-- [ RunTime:0.001108s ]
SQL: SHOW COLUMNS FROM `jianghu_introduce` [ RunTime:0.0079s ]
SQL: SHOW COLUMNS FROM `jianghu_user` [ RunTime:0.0059s ]
SQL: SHOW COLUMNS FROM `jianghu_introduce_domain` [ RunTime:0.0061s ]
SQL: SELECT `id` FROM `jianghu_introduce` WHERE (  `domain` LIKE '%%' OR `text` LIKE '%%' ) AND `isforward` is NULL AND `alldegree` < 0 ORDER BY time desc LIMIT 0,10   [ RunTime:0.0008s ]

[ 2017-04-10T21:07:38+08:00 ] ::1 /jianghu/index.php/home/search/searchIntro
INFO: [ app_init ] --START--
INFO: Run Behavior\BuildLiteBehavior [ RunTime:0.000023s ]
INFO: [ app_init ] --END-- [ RunTime:0.000847s ]
INFO: [ app_begin ] --START--
INFO: Run Behavior\ReadHtmlCacheBehavior [ RunTime:0.000970s ]
INFO: [ app_begin ] --END-- [ RunTime:0.001048s ]
SQL: SHOW COLUMNS FROM `jianghu_introduce` [ RunTime:0.0115s ]
SQL: SHOW COLUMNS FROM `jianghu_user` [ RunTime:0.0069s ]
SQL: SHOW COLUMNS FROM `jianghu_introduce_domain` [ RunTime:0.0073s ]
SQL: SELECT `id` FROM `jianghu_introduce` WHERE (  `domain` LIKE '%%' OR `text` LIKE '%%' ) AND `isforward` is NULL AND `alldegree` < 0 ORDER BY time desc LIMIT 0,10   [ RunTime:0.0009s ]

[ 2017-04-10T21:07:53+08:00 ] ::1 /jianghu/index.php/home/search/searchIntro
INFO: [ app_init ] --START--
INFO: Run Behavior\BuildLiteBehavior [ RunTime:0.000015s ]
INFO: [ app_init ] --END-- [ RunTime:0.000568s ]
INFO: [ app_begin ] --START--
INFO: Run Behavior\ReadHtmlCacheBehavior [ RunTime:0.000745s ]
INFO: [ app_begin ] --END-- [ RunTime:0.000806s ]
SQL: SHOW COLUMNS FROM `jianghu_introduce` [ RunTime:0.0077s ]
SQL: SHOW COLUMNS FROM `jianghu_user` [ RunTime:0.0068s ]
SQL: SHOW COLUMNS FROM `jianghu_introduce_domain` [ RunTime:0.0058s ]
SQL: SELECT `id` FROM `jianghu_introduce` WHERE (  `domain` LIKE '%%' OR `text` LIKE '%%' ) AND `isforward` is NULL AND `alldegree` > 0 ORDER BY time desc LIMIT 0,10   [ RunTime:0.0006s ]
SQL: SHOW COLUMNS FROM `jianghu_introduce_images` [ RunTime:0.0054s ]
SQL: SHOW COLUMNS FROM `jianghu_business` [ RunTime:0.0073s ]
SQL: SHOW COLUMNS FROM `jianghu_praise` [ RunTime:0.0103s ]
SQL: SHOW COLUMNS FROM `jianghu_collection` [ RunTime:0.0061s ]
SQL: SHOW COLUMNS FROM `jianghu_oppose` [ RunTime:0.0087s ]
SQL: SELECT * FROM `jianghu_introduce` WHERE `id` = 171 LIMIT 1   [ RunTime:0.0005s ]
SQL: SELECT `imageurl`,`thumb_imageurl` FROM `jianghu_introduce_images` WHERE `introduce_id` = 171  [ RunTime:0.0004s ]
SQL: SELECT `username` FROM `jianghu_user` WHERE `id` = 4 LIMIT 1   [ RunTime:0.0012s ]
SQL: SELECT `faceurl` FROM `jianghu_user` WHERE `id` = 4 LIMIT 1   [ RunTime:0.0007s ]
SQL: SELECT COUNT('degree') as degree_count,degree FROM jianghu_introduce WHERE isforward=171 or id=171 GROUP BY degree ORDER BY degree ASC  [ RunTime:0.0008s ]
SQL: SELECT * FROM `jianghu_praise` WHERE `introduce_id` = 171 AND `user_id` = 1 LIMIT 1   [ RunTime:0.0005s ]
SQL: SELECT * FROM `jianghu_oppose` WHERE `introduce_id` = 171 AND `user_id` = 1 LIMIT 1   [ RunTime:0.0004s ]
SQL: SELECT * FROM `jianghu_collection` WHERE `introduce_id` = 171 AND `user_id` = 1 LIMIT 1   [ RunTime:0.0002s ]
SQL: SELECT * FROM `jianghu_introduce` WHERE `id` = 90 LIMIT 1   [ RunTime:0.0003s ]
SQL: SELECT `imageurl`,`thumb_imageurl` FROM `jianghu_introduce_images` WHERE `introduce_id` = 90  [ RunTime:0.0003s ]
SQL: SELECT `username` FROM `jianghu_user` WHERE `id` = 1 LIMIT 1   [ RunTime:0.0002s ]
SQL: SELECT `faceurl` FROM `jianghu_user` WHERE `id` = 1 LIMIT 1   [ RunTime:0.0002s ]
SQL: SELECT COUNT('degree') as degree_count,degree FROM jianghu_introduce WHERE isforward=90 or id=90 GROUP BY degree ORDER BY degree ASC  [ RunTime:0.0005s ]
SQL: SELECT * FROM `jianghu_praise` WHERE `introduce_id` = 90 AND `user_id` = 1 LIMIT 1   [ RunTime:0.0004s ]
SQL: SELECT * FROM `jianghu_oppose` WHERE `introduce_id` = 90 AND `user_id` = 1 LIMIT 1   [ RunTime:0.0002s ]
SQL: SELECT * FROM `jianghu_collection` WHERE `introduce_id` = 90 AND `user_id` = 1 LIMIT 1   [ RunTime:0.0002s ]
SQL: SELECT * FROM `jianghu_introduce` WHERE `id` = 54 LIMIT 1   [ RunTime:0.0005s ]
SQL: SELECT `imageurl`,`thumb_imageurl` FROM `jianghu_introduce_images` WHERE `introduce_id` = 54  [ RunTime:0.0012s ]
SQL: SELECT `username` FROM `jianghu_user` WHERE `id` = 17 LIMIT 1   [ RunTime:0.0004s ]
SQL: SELECT `faceurl` FROM `jianghu_user` WHERE `id` = 17 LIMIT 1   [ RunTime:0.0003s ]
SQL: SELECT COUNT('degree') as degree_count,degree FROM jianghu_introduce WHERE isforward=54 or id=54 GROUP BY degree ORDER BY degree ASC  [ RunTime:0.0004s ]
SQL: SELECT * FROM `jianghu_praise` WHERE `introduce_id` = 54 AND `user_id` = 1 LIMIT 1   [ RunTime:0.0003s ]
SQL: SELECT * FROM `jianghu_oppose` WHERE `introduce_id` = 54 AND `user_id` = 1 LIMIT 1   [ RunTime:0.0003s ]
SQL: SELECT * FROM `jianghu_collection` WHERE `introduce_id` = 54 AND `user_id` = 1 LIMIT 1   [ RunTime:0.0002s ]
SQL: SELECT * FROM `jianghu_introduce` WHERE `id` = 43 LIMIT 1   [ RunTime:0.0003s ]
SQL: SELECT `imageurl`,`thumb_imageurl` FROM `jianghu_introduce_images` WHERE `introduce_id` = 43  [ RunTime:0.0003s ]
SQL: SELECT `username` FROM `jianghu_user` WHERE `id` = 18 LIMIT 1   [ RunTime:0.0002s ]
SQL: SELECT `faceurl` FROM `jianghu_user` WHERE `id` = 18 LIMIT 1   [ RunTime:0.0002s ]
SQL: SELECT COUNT('degree') as degree_count,degree FROM jianghu_introduce WHERE isforward=43 or id=43 GROUP BY degree ORDER BY degree ASC  [ RunTime:0.0004s ]
SQL: SELECT * FROM `jianghu_praise` WHERE `introduce_id` = 43 AND `user_id` = 1 LIMIT 1   [ RunTime:0.0003s ]
SQL: SELECT * FROM `jianghu_oppose` WHERE `introduce_id` = 43 AND `user_id` = 1 LIMIT 1   [ RunTime:0.0002s ]
SQL: SELECT * FROM `jianghu_collection` WHERE `introduce_id` = 43 AND `user_id` = 1 LIMIT 1   [ RunTime:0.0003s ]
SQL: SELECT * FROM `jianghu_introduce` WHERE `id` = 42 LIMIT 1   [ RunTime:0.0004s ]
SQL: SELECT `imageurl`,`thumb_imageurl` FROM `jianghu_introduce_images` WHERE `introduce_id` = 42  [ RunTime:0.0002s ]
SQL: SELECT `username` FROM `jianghu_user` WHERE `id` = 18 LIMIT 1   [ RunTime:0.0002s ]
SQL: SELECT `faceurl` FROM `jianghu_user` WHERE `id` = 18 LIMIT 1   [ RunTime:0.0002s ]
SQL: SELECT COUNT('degree') as degree_count,degree FROM jianghu_introduce WHERE isforward=42 or id=42 GROUP BY degree ORDER BY degree ASC  [ RunTime:0.0004s ]
SQL: SELECT * FROM `jianghu_praise` WHERE `introduce_id` = 42 AND `user_id` = 1 LIMIT 1   [ RunTime:0.0004s ]
SQL: SELECT * FROM `jianghu_oppose` WHERE `introduce_id` = 42 AND `user_id` = 1 LIMIT 1   [ RunTime:0.0004s ]
SQL: SELECT * FROM `jianghu_collection` WHERE `introduce_id` = 42 AND `user_id` = 1 LIMIT 1   [ RunTime:0.0003s ]

[ 2017-04-10T21:44:10+08:00 ] ::1 /jianghu/index.php/home/search/searchBusiness
INFO: [ app_init ] --START--
INFO: Run Behavior\BuildLiteBehavior [ RunTime:0.000019s ]
INFO: [ app_init ] --END-- [ RunTime:0.000636s ]
INFO: [ app_begin ] --START--
INFO: Run Behavior\ReadHtmlCacheBehavior [ RunTime:0.001235s ]
INFO: [ app_begin ] --END-- [ RunTime:0.001341s ]
SQL: SHOW COLUMNS FROM `jianghu_business` [ RunTime:0.0072s ]
SQL: SELECT `id`,`name`,`star`,`logourl` FROM `jianghu_business` WHERE `name` LIKE '%1%' ORDER BY star desc  [ RunTime:0.0006s ]

