[ 2017-05-16T14:33:58+08:00 ] ::1 /jianghu/index.php/home/introduce/addPraiseInQuanzi
INFO: [ app_init ] --START--
INFO: Run Behavior\BuildLiteBehavior [ RunTime:0.000016s ]
INFO: [ app_init ] --END-- [ RunTime:0.000726s ]
INFO: [ app_begin ] --START--
INFO: Run Behavior\ReadHtmlCacheBehavior [ RunTime:0.000942s ]
INFO: [ app_begin ] --END-- [ RunTime:0.001010s ]
SQL: SHOW COLUMNS FROM `jianghu_token` [ RunTime:0.0068s ]
SQL: SHOW COLUMNS FROM `jianghu_user` [ RunTime:0.0045s ]
SQL: SHOW COLUMNS FROM `jianghu_login_count` [ RunTime:0.0037s ]
SQL: SHOW COLUMNS FROM `jianghu_daily_num` [ RunTime:0.0035s ]
SQL: SELECT * FROM `jianghu_token` WHERE `token` = 'sn/yv1TijVcqin9FrIPDScUO1G2njjZlU3MP4/aI7V/qZiFpRY2Pajeh5YsSBbLbHrqhvKOBa9l/TIpKbBFpoA==' AND `state` = 0 LIMIT 1   [ RunTime:0.0007s ]
SQL: SELECT `isban` FROM `jianghu_user` WHERE `id` = 4 LIMIT 1   [ RunTime:0.0008s ]
SQL: SELECT * FROM `jianghu_login_count` WHERE `user_id` = 4 AND `date` = '2017-05-16' LIMIT 1   [ RunTime:0.0014s ]
SQL: SELECT * FROM `jianghu_daily_num` WHERE `date` = '2017-05-16' LIMIT 1   [ RunTime:0.0005s ]
SQL: SELECT `jointime` FROM `jianghu_user` WHERE `id` = 4 LIMIT 1   [ RunTime:0.0003s ]
SQL: INSERT INTO `jianghu_login_count` (`user_id`,`date`) VALUES ('4','2017-05-16') [ RunTime:0.0811s ]
SQL: UPDATE `jianghu_user` SET `praisenum`=praisenum+1 WHERE `id` = 4 [ RunTime:0.0633s ]
SQL: SELECT * FROM `jianghu_daily_num` WHERE `date` = '2017-05-16'  [ RunTime:0.0004s ]
SQL: INSERT INTO `jianghu_daily_num` (`date`,`lognum`) VALUES ('2017-05-16','1') [ RunTime:0.0295s ]
SQL: SHOW COLUMNS FROM `jianghu_introduce` [ RunTime:0.0467s ]
SQL: SHOW COLUMNS FROM `jianghu_praise` [ RunTime:0.0036s ]
SQL: SELECT `user_id` FROM `jianghu_introduce` WHERE `id` = 233 LIMIT 1   [ RunTime:0.0005s ]
SQL: SELECT `isforward` FROM `jianghu_introduce` WHERE `id` = 233 LIMIT 1   [ RunTime:0.0002s ]
SQL: SELECT `user_id` FROM `jianghu_introduce` WHERE `id` = null LIMIT 1   [ RunTime:0.0002s ]
SQL: SELECT `time` FROM `jianghu_praise` WHERE `user_id` = 4  [ RunTime:0.0005s ]
SQL: UPDATE `jianghu_daily_num` SET `praisenum`=praisenum+1 WHERE `date` = '2017-05-16' [ RunTime:0.1826s ]
SQL: INSERT INTO `jianghu_praise` (`introduce_id`,`user_id`,`time`,`owner_id`) VALUES ('233','4','2017-05-16 14:33:58','1') [ RunTime:0.0429s ]
SQL: UPDATE `jianghu_user` SET `allpraise`=allpraise+1 WHERE `id` = 1 [ RunTime:0.0668s ]
SQL: UPDATE `jianghu_user` SET `allpraise`=allpraise+1 WHERE `id` = null [ RunTime:0.0002s ]
SQL: UPDATE `jianghu_introduce` SET `praisenum`=praisenum+1 WHERE `id` = 233 [ RunTime:0.0416s ]
SQL: UPDATE `jianghu_introduce` SET `praisenum`=praisenum+1 WHERE `id` = null [ RunTime:0.0004s ]
SQL: SELECT `username` FROM `jianghu_user` WHERE `id` = 4 LIMIT 1   [ RunTime:0.0003s ]
SQL: SELECT `push_regid` FROM `jianghu_user` WHERE `id` = 1 LIMIT 1   [ RunTime:0.0003s ]

[ 2017-05-16T14:36:30+08:00 ] ::1 /jianghu/index.php/home/introduce/addPraiseInQuanzi
INFO: [ app_init ] --START--
INFO: Run Behavior\BuildLiteBehavior [ RunTime:0.000014s ]
INFO: [ app_init ] --END-- [ RunTime:0.000557s ]
INFO: [ app_begin ] --START--
INFO: Run Behavior\ReadHtmlCacheBehavior [ RunTime:0.000830s ]
INFO: [ app_begin ] --END-- [ RunTime:0.000894s ]
SQL: SHOW COLUMNS FROM `jianghu_token` [ RunTime:0.0052s ]
SQL: SHOW COLUMNS FROM `jianghu_user` [ RunTime:0.0036s ]
SQL: SHOW COLUMNS FROM `jianghu_login_count` [ RunTime:0.0048s ]
SQL: SHOW COLUMNS FROM `jianghu_daily_num` [ RunTime:0.0048s ]
SQL: SELECT * FROM `jianghu_token` WHERE `token` = 'sn/yv1TijVcqin9FrIPDScUO1G2njjZlU3MP4/aI7V/qZiFpRY2Pajeh5YsSBbLbHrqhvKOBa9l/TIpKbBFpoA==' AND `state` = 0 LIMIT 1   [ RunTime:0.0006s ]
SQL: SELECT `isban` FROM `jianghu_user` WHERE `id` = 5 LIMIT 1   [ RunTime:0.0003s ]
SQL: SELECT * FROM `jianghu_login_count` WHERE `user_id` = 5 AND `date` = '2017-05-16' LIMIT 1   [ RunTime:0.0006s ]
SQL: SELECT * FROM `jianghu_daily_num` WHERE `date` = '2017-05-16' LIMIT 1   [ RunTime:0.0004s ]
SQL: SELECT `jointime` FROM `jianghu_user` WHERE `id` = 5 LIMIT 1   [ RunTime:0.0002s ]
SQL: INSERT INTO `jianghu_login_count` (`user_id`,`date`) VALUES ('5','2017-05-16') [ RunTime:0.0852s ]
SQL: UPDATE `jianghu_user` SET `praisenum`=praisenum+1 WHERE `id` = 5 [ RunTime:0.0381s ]
SQL: SELECT * FROM `jianghu_daily_num` WHERE `date` = '2017-05-16'  [ RunTime:0.0004s ]
SQL: UPDATE `jianghu_daily_num` SET `lognum`=lognum+1 WHERE `date` = '2017-05-16' [ RunTime:0.0430s ]
SQL: SHOW COLUMNS FROM `jianghu_introduce` [ RunTime:0.0035s ]
SQL: SHOW COLUMNS FROM `jianghu_praise` [ RunTime:0.0055s ]
SQL: SELECT `user_id` FROM `jianghu_introduce` WHERE `id` = 233 LIMIT 1   [ RunTime:0.0003s ]
SQL: SELECT `isforward` FROM `jianghu_introduce` WHERE `id` = 233 LIMIT 1   [ RunTime:0.0003s ]
SQL: SELECT `user_id` FROM `jianghu_introduce` WHERE `id` = null LIMIT 1   [ RunTime:0.0002s ]
SQL: SELECT `time` FROM `jianghu_praise` WHERE `user_id` = 5  [ RunTime:0.0003s ]
SQL: UPDATE `jianghu_daily_num` SET `praisenum`=praisenum+1 WHERE `date` = '2017-05-16' [ RunTime:0.0618s ]
SQL: INSERT INTO `jianghu_praise` (`introduce_id`,`user_id`,`time`,`owner_id`) VALUES ('233','5','2017-05-16 14:36:30','1') [ RunTime:0.0376s ]
SQL: UPDATE `jianghu_user` SET `allpraise`=allpraise+1 WHERE `id` = 1 [ RunTime:0.0448s ]
SQL: UPDATE `jianghu_user` SET `allpraise`=allpraise+1 WHERE `id` = null [ RunTime:0.0002s ]
SQL: UPDATE `jianghu_introduce` SET `praisenum`=praisenum+1 WHERE `id` = 233 [ RunTime:0.0433s ]
SQL: UPDATE `jianghu_introduce` SET `praisenum`=praisenum+1 WHERE `id` = null [ RunTime:0.0002s ]
SQL: SELECT `username` FROM `jianghu_user` WHERE `id` = 5 LIMIT 1   [ RunTime:0.0003s ]
SQL: SELECT `push_regid` FROM `jianghu_user` WHERE `id` = 1 LIMIT 1   [ RunTime:0.0003s ]

[ 2017-05-16T14:37:33+08:00 ] ::1 /jianghu/index.php/home/introduce/addPraiseInQuanzi
INFO: [ app_init ] --START--
INFO: Run Behavior\BuildLiteBehavior [ RunTime:0.000015s ]
INFO: [ app_init ] --END-- [ RunTime:0.000634s ]
INFO: [ app_begin ] --START--
INFO: Run Behavior\ReadHtmlCacheBehavior [ RunTime:0.000857s ]
INFO: [ app_begin ] --END-- [ RunTime:0.000917s ]
SQL: SHOW COLUMNS FROM `jianghu_token` [ RunTime:0.0053s ]
SQL: SHOW COLUMNS FROM `jianghu_user` [ RunTime:0.0038s ]
SQL: SHOW COLUMNS FROM `jianghu_login_count` [ RunTime:0.0033s ]
SQL: SHOW COLUMNS FROM `jianghu_daily_num` [ RunTime:0.0045s ]
SQL: SELECT * FROM `jianghu_token` WHERE `token` = 'sn/yv1TijVcqin9FrIPDScUO1G2njjZlU3MP4/aI7V/qZiFpRY2Pajeh5YsSBbLbHrqhvKOBa9l/TIpKbBFpoA==' AND `state` = 0 LIMIT 1   [ RunTime:0.0006s ]
SQL: SELECT `isban` FROM `jianghu_user` WHERE `id` = 5 LIMIT 1   [ RunTime:0.0003s ]
SQL: SELECT * FROM `jianghu_login_count` WHERE `user_id` = 5 AND `date` = '2017-05-16' LIMIT 1   [ RunTime:0.0006s ]
SQL: SELECT * FROM `jianghu_daily_num` WHERE `date` = '2017-05-16' LIMIT 1   [ RunTime:0.0003s ]
SQL: SELECT `jointime` FROM `jianghu_user` WHERE `id` = 5 LIMIT 1   [ RunTime:0.0003s ]
SQL: SHOW COLUMNS FROM `jianghu_introduce` [ RunTime:0.0036s ]
SQL: SHOW COLUMNS FROM `jianghu_praise` [ RunTime:0.0034s ]
SQL: SELECT `user_id` FROM `jianghu_introduce` WHERE `id` = 233 LIMIT 1   [ RunTime:0.0003s ]
SQL: SELECT `isforward` FROM `jianghu_introduce` WHERE `id` = 233 LIMIT 1   [ RunTime:0.0003s ]
SQL: SELECT `user_id` FROM `jianghu_introduce` WHERE `id` = null LIMIT 1   [ RunTime:0.0002s ]
SQL: SELECT `time` FROM `jianghu_praise` WHERE `user_id` = 5  [ RunTime:0.0003s ]
SQL: INSERT INTO `jianghu_praise` (`introduce_id`,`user_id`,`time`,`owner_id`) VALUES ('233','5','2017-05-16 14:37:33','1') [ RunTime:0.0862s ]
SQL: UPDATE `jianghu_user` SET `allpraise`=allpraise+1 WHERE `id` = 1 [ RunTime:0.0342s ]
SQL: UPDATE `jianghu_user` SET `allpraise`=allpraise+1 WHERE `id` = null [ RunTime:0.0002s ]
SQL: UPDATE `jianghu_introduce` SET `praisenum`=praisenum+1 WHERE `id` = 233 [ RunTime:0.0335s ]
SQL: UPDATE `jianghu_introduce` SET `praisenum`=praisenum+1 WHERE `id` = null [ RunTime:0.0003s ]
SQL: SELECT `username` FROM `jianghu_user` WHERE `id` = 5 LIMIT 1   [ RunTime:0.0004s ]
SQL: SELECT `push_regid` FROM `jianghu_user` WHERE `id` = 1 LIMIT 1   [ RunTime:0.0004s ]

[ 2017-05-16T14:38:19+08:00 ] ::1 /jianghu/index.php/home/introduce/addPraiseInQuanzi
INFO: [ app_init ] --START--
INFO: Run Behavior\BuildLiteBehavior [ RunTime:0.000017s ]
INFO: [ app_init ] --END-- [ RunTime:0.000598s ]
INFO: [ app_begin ] --START--
INFO: Run Behavior\ReadHtmlCacheBehavior [ RunTime:0.000844s ]
INFO: [ app_begin ] --END-- [ RunTime:0.000902s ]
SQL: SHOW COLUMNS FROM `jianghu_token` [ RunTime:0.0041s ]
SQL: SHOW COLUMNS FROM `jianghu_user` [ RunTime:0.0036s ]
SQL: SHOW COLUMNS FROM `jianghu_login_count` [ RunTime:0.0038s ]
SQL: SHOW COLUMNS FROM `jianghu_daily_num` [ RunTime:0.0033s ]
SQL: SELECT * FROM `jianghu_token` WHERE `token` = 'sn/yv1TijVcqin9FrIPDScUO1G2njjZlU3MP4/aI7V/qZiFpRY2Pajeh5YsSBbLbHrqhvKOBa9l/TIpKbBFpoA==' AND `state` = 0 LIMIT 1   [ RunTime:0.0004s ]
SQL: SELECT `isban` FROM `jianghu_user` WHERE `id` = 6 LIMIT 1   [ RunTime:0.0003s ]
SQL: UPDATE `jianghu_token` SET `state`='1' WHERE `user_id` = 6 [ RunTime:0.0314s ]

[ 2017-05-16T14:38:19+08:00 ] ::1 /jianghu/index.php/Home/return/returnMsg.html?re=3&type=204
INFO: [ app_init ] --START--
INFO: Run Behavior\BuildLiteBehavior [ RunTime:0.000014s ]
INFO: [ app_init ] --END-- [ RunTime:0.000616s ]
INFO: [ app_begin ] --START--
INFO: Run Behavior\ReadHtmlCacheBehavior [ RunTime:0.000866s ]
INFO: [ app_begin ] --END-- [ RunTime:0.000924s ]

[ 2017-05-16T14:38:25+08:00 ] ::1 /jianghu/index.php/home/introduce/addPraiseInQuanzi
INFO: [ app_init ] --START--
INFO: Run Behavior\BuildLiteBehavior [ RunTime:0.000022s ]
INFO: [ app_init ] --END-- [ RunTime:0.000721s ]
INFO: [ app_begin ] --START--
INFO: Run Behavior\ReadHtmlCacheBehavior [ RunTime:0.000896s ]
INFO: [ app_begin ] --END-- [ RunTime:0.001048s ]
SQL: SHOW COLUMNS FROM `jianghu_token` [ RunTime:0.0058s ]
SQL: SHOW COLUMNS FROM `jianghu_user` [ RunTime:0.0037s ]
SQL: SHOW COLUMNS FROM `jianghu_login_count` [ RunTime:0.0033s ]
SQL: SHOW COLUMNS FROM `jianghu_daily_num` [ RunTime:0.0040s ]
SQL: SELECT * FROM `jianghu_token` WHERE `token` = 'sn/yv1TijVcqin9FrIPDScUO1G2njjZlU3MP4/aI7V/qZiFpRY2Pajeh5YsSBbLbHrqhvKOBa9l/TIpKbBFpoA==' AND `state` = 0 LIMIT 1   [ RunTime:0.0004s ]
SQL: SELECT `isban` FROM `jianghu_user` WHERE `id` = 7 LIMIT 1   [ RunTime:0.0003s ]
SQL: SELECT * FROM `jianghu_login_count` WHERE `user_id` = 7 AND `date` = '2017-05-16' LIMIT 1   [ RunTime:0.0006s ]
SQL: SELECT * FROM `jianghu_daily_num` WHERE `date` = '2017-05-16' LIMIT 1   [ RunTime:0.0003s ]
SQL: SELECT `jointime` FROM `jianghu_user` WHERE `id` = 7 LIMIT 1   [ RunTime:0.0002s ]
SQL: INSERT INTO `jianghu_login_count` (`user_id`,`date`) VALUES ('7','2017-05-16') [ RunTime:0.1086s ]
SQL: UPDATE `jianghu_user` SET `praisenum`=praisenum+1 WHERE `id` = 7 [ RunTime:0.0385s ]
SQL: SELECT * FROM `jianghu_daily_num` WHERE `date` = '2017-05-16'  [ RunTime:0.0004s ]
SQL: UPDATE `jianghu_daily_num` SET `lognum`=lognum+1 WHERE `date` = '2017-05-16' [ RunTime:0.0433s ]
SQL: SHOW COLUMNS FROM `jianghu_introduce` [ RunTime:0.0042s ]
SQL: SHOW COLUMNS FROM `jianghu_praise` [ RunTime:0.0034s ]
SQL: SELECT `user_id` FROM `jianghu_introduce` WHERE `id` = 233 LIMIT 1   [ RunTime:0.0003s ]
SQL: SELECT `isforward` FROM `jianghu_introduce` WHERE `id` = 233 LIMIT 1   [ RunTime:0.0003s ]
SQL: SELECT `user_id` FROM `jianghu_introduce` WHERE `id` = null LIMIT 1   [ RunTime:0.0003s ]
SQL: SELECT `time` FROM `jianghu_praise` WHERE `user_id` = 7  [ RunTime:0.0003s ]
SQL: UPDATE `jianghu_daily_num` SET `praisenum`=praisenum+1 WHERE `date` = '2017-05-16' [ RunTime:0.0773s ]
SQL: INSERT INTO `jianghu_praise` (`introduce_id`,`user_id`,`time`,`owner_id`) VALUES ('233','7','2017-05-16 14:38:25','1') [ RunTime:0.0555s ]
SQL: UPDATE `jianghu_user` SET `allpraise`=allpraise+1 WHERE `id` = 1 [ RunTime:0.0337s ]
SQL: UPDATE `jianghu_user` SET `allpraise`=allpraise+1 WHERE `id` = null [ RunTime:0.0009s ]
SQL: UPDATE `jianghu_introduce` SET `praisenum`=praisenum+1 WHERE `id` = 233 [ RunTime:0.0823s ]
SQL: UPDATE `jianghu_introduce` SET `praisenum`=praisenum+1 WHERE `id` = null [ RunTime:0.0002s ]
SQL: SELECT `username` FROM `jianghu_user` WHERE `id` = 7 LIMIT 1   [ RunTime:0.0003s ]
SQL: SELECT `push_regid` FROM `jianghu_user` WHERE `id` = 1 LIMIT 1   [ RunTime:0.0003s ]

[ 2017-05-16T14:39:28+08:00 ] ::1 /jianghu/index.php/home/introduce/addPraiseInQuanzi
INFO: [ app_init ] --START--
INFO: Run Behavior\BuildLiteBehavior [ RunTime:0.000014s ]
INFO: [ app_init ] --END-- [ RunTime:0.000625s ]
INFO: [ app_begin ] --START--
INFO: Run Behavior\ReadHtmlCacheBehavior [ RunTime:0.001082s ]
INFO: [ app_begin ] --END-- [ RunTime:0.001177s ]
SQL: SHOW COLUMNS FROM `jianghu_token` [ RunTime:0.0037s ]
SQL: SHOW COLUMNS FROM `jianghu_user` [ RunTime:0.0036s ]
SQL: SHOW COLUMNS FROM `jianghu_login_count` [ RunTime:0.0033s ]
SQL: SHOW COLUMNS FROM `jianghu_daily_num` [ RunTime:0.0052s ]
SQL: SELECT * FROM `jianghu_token` WHERE `token` = 'sn/yv1TijVcqin9FrIPDScUO1G2njjZlU3MP4/aI7V/qZiFpRY2Pajeh5YsSBbLbHrqhvKOBa9l/TIpKbBFpoA==' AND `state` = 0 LIMIT 1   [ RunTime:0.0005s ]
SQL: SELECT `isban` FROM `jianghu_user` WHERE `id` = 7 LIMIT 1   [ RunTime:0.0003s ]
SQL: SELECT * FROM `jianghu_login_count` WHERE `user_id` = 7 AND `date` = '2017-05-16' LIMIT 1   [ RunTime:0.0007s ]
SQL: SELECT * FROM `jianghu_daily_num` WHERE `date` = '2017-05-16' LIMIT 1   [ RunTime:0.0003s ]
SQL: SELECT `jointime` FROM `jianghu_user` WHERE `id` = 7 LIMIT 1   [ RunTime:0.0002s ]
SQL: SHOW COLUMNS FROM `jianghu_introduce` [ RunTime:0.0036s ]
SQL: SHOW COLUMNS FROM `jianghu_praise` [ RunTime:0.0052s ]
SQL: SELECT `user_id` FROM `jianghu_introduce` WHERE `id` = 233 LIMIT 1   [ RunTime:0.0003s ]
SQL: SELECT `isforward` FROM `jianghu_introduce` WHERE `id` = 233 LIMIT 1   [ RunTime:0.0003s ]
SQL: SELECT `user_id` FROM `jianghu_introduce` WHERE `id` = null LIMIT 1   [ RunTime:0.0002s ]
SQL: SELECT `time` FROM `jianghu_praise` WHERE `user_id` = 7  [ RunTime:0.0003s ]
SQL: INSERT INTO `jianghu_praise` (`introduce_id`,`user_id`,`time`,`owner_id`) VALUES ('233','7','2017-05-16 14:39:28','1') [ RunTime:0.0940s ]
SQL: UPDATE `jianghu_user` SET `allpraise`=allpraise+1 WHERE `id` = 1 [ RunTime:0.0353s ]
SQL: UPDATE `jianghu_user` SET `allpraise`=allpraise+1 WHERE `id` = null [ RunTime:0.0003s ]
SQL: UPDATE `jianghu_introduce` SET `praisenum`=praisenum+1 WHERE `id` = 233 [ RunTime:0.0432s ]
SQL: UPDATE `jianghu_introduce` SET `praisenum`=praisenum+1 WHERE `id` = null [ RunTime:0.0002s ]
SQL: SELECT `username` FROM `jianghu_user` WHERE `id` = 7 LIMIT 1   [ RunTime:0.0004s ]
SQL: SELECT `push_regid` FROM `jianghu_user` WHERE `id` = 1 LIMIT 1   [ RunTime:0.0003s ]

[ 2017-05-16T14:40:58+08:00 ] ::1 /jianghu/index.php/home/introduce/addPraiseInQuanzi
INFO: [ app_init ] --START--
INFO: Run Behavior\BuildLiteBehavior [ RunTime:0.000016s ]
INFO: [ app_init ] --END-- [ RunTime:0.000617s ]
INFO: [ app_begin ] --START--
INFO: Run Behavior\ReadHtmlCacheBehavior [ RunTime:0.000876s ]
INFO: [ app_begin ] --END-- [ RunTime:0.000951s ]
SQL: SHOW COLUMNS FROM `jianghu_token` [ RunTime:0.0052s ]
SQL: SHOW COLUMNS FROM `jianghu_user` [ RunTime:0.0060s ]
SQL: SHOW COLUMNS FROM `jianghu_login_count` [ RunTime:0.0049s ]
SQL: SHOW COLUMNS FROM `jianghu_daily_num` [ RunTime:0.0059s ]
SQL: SELECT * FROM `jianghu_token` WHERE `token` = 'sn/yv1TijVcqin9FrIPDScUO1G2njjZlU3MP4/aI7V/qZiFpRY2Pajeh5YsSBbLbHrqhvKOBa9l/TIpKbBFpoA==' AND `state` = 0 LIMIT 1   [ RunTime:0.0006s ]
SQL: SELECT `isban` FROM `jianghu_user` WHERE `id` = 2 LIMIT 1   [ RunTime:0.0004s ]
SQL: SELECT * FROM `jianghu_login_count` WHERE `user_id` = 2 AND `date` = '2017-05-16' LIMIT 1   [ RunTime:0.0010s ]
SQL: SELECT * FROM `jianghu_daily_num` WHERE `date` = '2017-05-16' LIMIT 1   [ RunTime:0.0006s ]
SQL: SELECT `jointime` FROM `jianghu_user` WHERE `id` = 2 LIMIT 1   [ RunTime:0.0003s ]
SQL: INSERT INTO `jianghu_login_count` (`user_id`,`date`) VALUES ('2','2017-05-16') [ RunTime:0.0440s ]
SQL: UPDATE `jianghu_user` SET `praisenum`=praisenum+1 WHERE `id` = 2 [ RunTime:0.0319s ]
SQL: SELECT * FROM `jianghu_daily_num` WHERE `date` = '2017-05-16'  [ RunTime:0.0004s ]
SQL: UPDATE `jianghu_daily_num` SET `lognum`=lognum+1 WHERE `date` = '2017-05-16' [ RunTime:0.0443s ]
SQL: SHOW COLUMNS FROM `jianghu_introduce` [ RunTime:0.0053s ]
SQL: SHOW COLUMNS FROM `jianghu_praise` [ RunTime:0.0033s ]
SQL: SELECT `user_id` FROM `jianghu_introduce` WHERE `id` = 232 LIMIT 1   [ RunTime:0.0003s ]
SQL: SELECT `isforward` FROM `jianghu_introduce` WHERE `id` = 232 LIMIT 1   [ RunTime:0.0003s ]
SQL: SELECT `user_id` FROM `jianghu_introduce` WHERE `id` = null LIMIT 1   [ RunTime:0.0002s ]
SQL: SELECT `time` FROM `jianghu_praise` WHERE `user_id` = 2  [ RunTime:0.0004s ]
SQL: UPDATE `jianghu_daily_num` SET `praisenum`=praisenum+1 WHERE `date` = '2017-05-16' [ RunTime:0.0499s ]
SQL: INSERT INTO `jianghu_praise` (`introduce_id`,`user_id`,`time`,`owner_id`) VALUES ('232','2','2017-05-16 14:40:58','1') [ RunTime:0.0495s ]
SQL: UPDATE `jianghu_user` SET `allpraise`=allpraise+1 WHERE `id` = 1 [ RunTime:0.0436s ]
SQL: UPDATE `jianghu_user` SET `allpraise`=allpraise+1 WHERE `id` = null [ RunTime:0.0002s ]
SQL: UPDATE `jianghu_introduce` SET `praisenum`=praisenum+1 WHERE `id` = 232 [ RunTime:0.0447s ]
SQL: UPDATE `jianghu_introduce` SET `praisenum`=praisenum+1 WHERE `id` = null [ RunTime:0.0009s ]
SQL: SELECT `username` FROM `jianghu_user` WHERE `id` = 2 LIMIT 1   [ RunTime:0.0009s ]
SQL: SELECT `push_regid` FROM `jianghu_user` WHERE `id` = 1 LIMIT 1   [ RunTime:0.0006s ]

[ 2017-05-16T14:42:31+08:00 ] ::1 /jianghu/index.php/home/introduce/addPraiseInJianghu
INFO: [ app_init ] --START--
INFO: Run Behavior\BuildLiteBehavior [ RunTime:0.000014s ]
INFO: [ app_init ] --END-- [ RunTime:0.000556s ]
INFO: [ app_begin ] --START--
INFO: Run Behavior\ReadHtmlCacheBehavior [ RunTime:0.001104s ]
INFO: [ app_begin ] --END-- [ RunTime:0.001184s ]
SQL: SHOW COLUMNS FROM `jianghu_token` [ RunTime:0.0097s ]
SQL: SHOW COLUMNS FROM `jianghu_user` [ RunTime:0.0041s ]
SQL: SHOW COLUMNS FROM `jianghu_login_count` [ RunTime:0.0038s ]
SQL: SHOW COLUMNS FROM `jianghu_daily_num` [ RunTime:0.0056s ]
SQL: SELECT * FROM `jianghu_token` WHERE `token` = '6523205cd074195bd9252252b0eab96e' AND `state` = 0 LIMIT 1   [ RunTime:0.0005s ]
SQL: SELECT `isban` FROM `jianghu_user` WHERE `id` = 2 LIMIT 1   [ RunTime:0.0003s ]
SQL: SELECT * FROM `jianghu_login_count` WHERE `user_id` = 2 AND `date` = '2017-05-16' LIMIT 1   [ RunTime:0.0009s ]
SQL: SELECT * FROM `jianghu_daily_num` WHERE `date` = '2017-05-16' LIMIT 1   [ RunTime:0.0004s ]
SQL: SELECT `jointime` FROM `jianghu_user` WHERE `id` = 2 LIMIT 1   [ RunTime:0.0003s ]
SQL: SHOW COLUMNS FROM `jianghu_introduce` [ RunTime:0.0038s ]
SQL: SHOW COLUMNS FROM `jianghu_praise` [ RunTime:0.0040s ]
SQL: SELECT `user_id` FROM `jianghu_introduce` WHERE `id` = 90 LIMIT 1   [ RunTime:0.0011s ]
SQL: UPDATE `jianghu_user` SET `temp_praisenum`=temp_praisenum+1 WHERE `id` = 1 [ RunTime:0.0521s ]
SQL: SELECT `temp_praisenum` FROM `jianghu_user` WHERE `id` = 1 LIMIT 1   [ RunTime:0.0006s ]
SQL: UPDATE `jianghu_user` SET `praisenum`=praisenum+1 WHERE `id` = 1 [ RunTime:0.0313s ]
SQL: UPDATE `jianghu_user` SET `temp_praisenum`='0' WHERE `id` = 1 [ RunTime:0.0437s ]
SQL: UPDATE `jianghu_introduce` SET `praisenum`=praisenum+1 WHERE `id` = 90 [ RunTime:0.0337s ]
SQL: SELECT `user_id` FROM `jianghu_introduce` WHERE `id` = 90 LIMIT 1   [ RunTime:0.0003s ]
SQL: INSERT INTO `jianghu_praise` (`introduce_id`,`user_id`,`time`,`owner_id`) VALUES ('90','2','2017-05-16 14:42:31','1') [ RunTime:0.0543s ]
SQL: SELECT `username` FROM `jianghu_user` WHERE `id` = 2 LIMIT 1   [ RunTime:0.0003s ]
SQL: SELECT `push_regid` FROM `jianghu_user` WHERE `id` = 1 LIMIT 1   [ RunTime:0.0003s ]

[ 2017-05-16T14:45:32+08:00 ] ::1 /jianghu/index.php/home/introduce/addPraiseInJianghu
INFO: [ app_init ] --START--
INFO: Run Behavior\BuildLiteBehavior [ RunTime:0.000014s ]
INFO: [ app_init ] --END-- [ RunTime:0.000617s ]
INFO: [ app_begin ] --START--
INFO: Run Behavior\ReadHtmlCacheBehavior [ RunTime:0.001310s ]
INFO: [ app_begin ] --END-- [ RunTime:0.001401s ]
SQL: SHOW COLUMNS FROM `jianghu_token` [ RunTime:0.0052s ]
SQL: SHOW COLUMNS FROM `jianghu_user` [ RunTime:0.0035s ]
SQL: SHOW COLUMNS FROM `jianghu_login_count` [ RunTime:0.0032s ]
SQL: SHOW COLUMNS FROM `jianghu_daily_num` [ RunTime:0.0054s ]
SQL: SELECT * FROM `jianghu_token` WHERE `token` = '6523205cd074195bd9252252b0eab96e' AND `state` = 0 LIMIT 1   [ RunTime:0.0004s ]
SQL: SELECT `isban` FROM `jianghu_user` WHERE `id` = 2 LIMIT 1   [ RunTime:0.0003s ]
SQL: SELECT * FROM `jianghu_login_count` WHERE `user_id` = 2 AND `date` = '2017-05-16' LIMIT 1   [ RunTime:0.0006s ]
SQL: SELECT * FROM `jianghu_daily_num` WHERE `date` = '2017-05-16' LIMIT 1   [ RunTime:0.0004s ]
SQL: SELECT `jointime` FROM `jianghu_user` WHERE `id` = 2 LIMIT 1   [ RunTime:0.0002s ]
SQL: SHOW COLUMNS FROM `jianghu_introduce` [ RunTime:0.0036s ]
SQL: SHOW COLUMNS FROM `jianghu_praise` [ RunTime:0.0033s ]
SQL: SELECT `user_id` FROM `jianghu_introduce` WHERE `id` = 233 LIMIT 1   [ RunTime:0.0003s ]
SQL: UPDATE `jianghu_user` SET `temp_praisenum`=temp_praisenum+1 WHERE `id` = 1 [ RunTime:0.0625s ]
SQL: SELECT `temp_praisenum` FROM `jianghu_user` WHERE `id` = 1 LIMIT 1   [ RunTime:0.0004s ]
SQL: UPDATE `jianghu_introduce` SET `praisenum`=praisenum+1 WHERE `id` = 233 [ RunTime:0.0397s ]
SQL: SELECT `user_id` FROM `jianghu_introduce` WHERE `id` = 233 LIMIT 1   [ RunTime:0.0003s ]
SQL: INSERT INTO `jianghu_praise` (`introduce_id`,`user_id`,`time`,`owner_id`) VALUES ('233','2','2017-05-16 14:45:32','1') [ RunTime:0.0433s ]
SQL: SELECT `username` FROM `jianghu_user` WHERE `id` = 2 LIMIT 1   [ RunTime:0.0003s ]
SQL: SELECT `push_regid` FROM `jianghu_user` WHERE `id` = 1 LIMIT 1   [ RunTime:0.0003s ]

[ 2017-05-16T15:55:22+08:00 ] ::1 /jianghu/index.php/home/poster/getPoster
INFO: [ app_init ] --START--
INFO: Run Behavior\BuildLiteBehavior [ RunTime:0.000016s ]
INFO: [ app_init ] --END-- [ RunTime:0.000621s ]
INFO: [ app_begin ] --START--
INFO: Run Behavior\ReadHtmlCacheBehavior [ RunTime:0.000876s ]
INFO: [ app_begin ] --END-- [ RunTime:0.000935s ]
SQL: SHOW COLUMNS FROM `jianghu_token` [ RunTime:0.0057s ]
SQL: SHOW COLUMNS FROM `jianghu_user` [ RunTime:0.0048s ]
SQL: SHOW COLUMNS FROM `jianghu_login_count` [ RunTime:0.0038s ]
SQL: SHOW COLUMNS FROM `jianghu_daily_num` [ RunTime:0.0033s ]
SQL: SELECT * FROM `jianghu_token` WHERE `token` = '2d461ebf6c5364e366e759f234d9434e' AND `state` = 0 LIMIT 1   [ RunTime:0.0005s ]
SQL: SELECT `isban` FROM `jianghu_user` WHERE `id` = 1 LIMIT 1   [ RunTime:0.0003s ]
SQL: SELECT * FROM `jianghu_login_count` WHERE `user_id` = 1 AND `date` = '2017-05-16' LIMIT 1   [ RunTime:0.0008s ]
SQL: SELECT * FROM `jianghu_daily_num` WHERE `date` = '2017-05-16' LIMIT 1   [ RunTime:0.0004s ]
SQL: SELECT `jointime` FROM `jianghu_user` WHERE `id` = 1 LIMIT 1   [ RunTime:0.0003s ]
SQL: INSERT INTO `jianghu_login_count` (`user_id`,`date`) VALUES ('1','2017-05-16') [ RunTime:0.0509s ]
SQL: UPDATE `jianghu_user` SET `praisenum`=praisenum+1 WHERE `id` = 1 [ RunTime:0.0316s ]
SQL: SELECT * FROM `jianghu_daily_num` WHERE `date` = '2017-05-16'  [ RunTime:0.0004s ]
SQL: UPDATE `jianghu_daily_num` SET `lognum`=lognum+1 WHERE `date` = '2017-05-16' [ RunTime:0.0666s ]
SQL: SHOW COLUMNS FROM `jianghu_poster` [ RunTime:0.0059s ]
SQL: SHOW COLUMNS FROM `jianghu_poster_praise` [ RunTime:0.0037s ]
NOTIC: [8] Undefined index: poster_id D:\xampp\htdocs\jianghu\Application\Home\Controller\PosterController.class.php 第 23 行.
SQL: SELECT * FROM `jianghu_poster` WHERE `state` = 0 ORDER BY time desc  [ RunTime:0.0005s ]
SQL: SELECT * FROM `jianghu_poster_praise` WHERE `user_id` = 1 AND `poster_id` = 52  [ RunTime:0.0017s ]
SQL: SELECT * FROM `jianghu_poster_praise` WHERE `user_id` = 1 AND `poster_id` = 44  [ RunTime:0.0005s ]

[ 2017-05-16T15:56:16+08:00 ] ::1 /jianghu/index.php/home/introduce/addPraiseInJianghu
INFO: [ app_init ] --START--
INFO: Run Behavior\BuildLiteBehavior [ RunTime:0.000014s ]
INFO: [ app_init ] --END-- [ RunTime:0.000643s ]
INFO: [ app_begin ] --START--
INFO: Run Behavior\ReadHtmlCacheBehavior [ RunTime:0.001025s ]
INFO: [ app_begin ] --END-- [ RunTime:0.001089s ]
SQL: SHOW COLUMNS FROM `jianghu_token` [ RunTime:0.0056s ]
SQL: SHOW COLUMNS FROM `jianghu_user` [ RunTime:0.0037s ]
SQL: SHOW COLUMNS FROM `jianghu_login_count` [ RunTime:0.0033s ]
SQL: SHOW COLUMNS FROM `jianghu_daily_num` [ RunTime:0.0034s ]
SQL: SELECT * FROM `jianghu_token` WHERE `token` = '6523205cd074195bd9252252b0eab96e' AND `state` = 0 LIMIT 1   [ RunTime:0.0004s ]
SQL: SELECT `isban` FROM `jianghu_user` WHERE `id` = 2 LIMIT 1   [ RunTime:0.0002s ]
SQL: SELECT * FROM `jianghu_login_count` WHERE `user_id` = 2 AND `date` = '2017-05-16' LIMIT 1   [ RunTime:0.0006s ]
SQL: SELECT * FROM `jianghu_daily_num` WHERE `date` = '2017-05-16' LIMIT 1   [ RunTime:0.0004s ]
SQL: SELECT `jointime` FROM `jianghu_user` WHERE `id` = 2 LIMIT 1   [ RunTime:0.0002s ]
SQL: SHOW COLUMNS FROM `jianghu_introduce` [ RunTime:0.0036s ]
SQL: SHOW COLUMNS FROM `jianghu_praise` [ RunTime:0.0057s ]
SQL: SELECT `user_id` FROM `jianghu_introduce` WHERE `id` = 90 LIMIT 1   [ RunTime:0.0003s ]
SQL: UPDATE `jianghu_user` SET `temp_praisenum`=temp_praisenum+1 WHERE `id` = 1 [ RunTime:0.1059s ]
SQL: SELECT `temp_praisenum` FROM `jianghu_user` WHERE `id` = 1 LIMIT 1   [ RunTime:0.0003s ]
SQL: UPDATE `jianghu_introduce` SET `praisenum`=praisenum+1 WHERE `id` = 90 [ RunTime:0.0490s ]
SQL: SELECT `user_id` FROM `jianghu_introduce` WHERE `id` = 90 LIMIT 1   [ RunTime:0.0004s ]
SQL: INSERT INTO `jianghu_praise` (`introduce_id`,`user_id`,`time`,`owner_id`) VALUES ('90','2','2017-05-16 15:56:16','1') [ RunTime:0.0429s ]
SQL: SELECT `username` FROM `jianghu_user` WHERE `id` = 2 LIMIT 1   [ RunTime:0.0007s ]
NOTIC: [2] Missing argument 3 for Home\Controller\PushController::push_special(), called in D:\xampp\htdocs\jianghu\Application\Home\Controller\IntroduceController.class.php on line 844 and defined D:\xampp\htdocs\jianghu\Application\Home\Controller\PushController.class.php 第 36 行.
SQL: SELECT `push_regid` FROM `jianghu_user` WHERE `id` = 1 LIMIT 1   [ RunTime:0.0006s ]

[ 2017-05-16T16:28:42+08:00 ] ::1 /jianghu/index.php/home/introduce/addPraiseInJianghu
INFO: [ app_init ] --START--
INFO: Run Behavior\BuildLiteBehavior [ RunTime:0.000023s ]
INFO: [ app_init ] --END-- [ RunTime:0.000920s ]
INFO: [ app_begin ] --START--
INFO: Run Behavior\ReadHtmlCacheBehavior [ RunTime:0.000979s ]
INFO: [ app_begin ] --END-- [ RunTime:0.001052s ]
SQL: SHOW COLUMNS FROM `jianghu_token` [ RunTime:0.0056s ]
SQL: SHOW COLUMNS FROM `jianghu_user` [ RunTime:0.0060s ]
SQL: SHOW COLUMNS FROM `jianghu_login_count` [ RunTime:0.0034s ]
SQL: SHOW COLUMNS FROM `jianghu_daily_num` [ RunTime:0.0034s ]
SQL: SELECT * FROM `jianghu_token` WHERE `token` = '6523205cd074195bd9252252b0eab96e' AND `state` = 0 LIMIT 1   [ RunTime:0.0004s ]
SQL: SELECT `isban` FROM `jianghu_user` WHERE `id` = 2 LIMIT 1   [ RunTime:0.0004s ]
SQL: SELECT * FROM `jianghu_login_count` WHERE `user_id` = 2 AND `date` = '2017-05-16' LIMIT 1   [ RunTime:0.0015s ]
SQL: SELECT * FROM `jianghu_daily_num` WHERE `date` = '2017-05-16' LIMIT 1   [ RunTime:0.0007s ]
SQL: SELECT `jointime` FROM `jianghu_user` WHERE `id` = 2 LIMIT 1   [ RunTime:0.0003s ]
SQL: SHOW COLUMNS FROM `jianghu_introduce` [ RunTime:0.0036s ]
SQL: SHOW COLUMNS FROM `jianghu_praise` [ RunTime:0.0034s ]
SQL: SELECT `user_id` FROM `jianghu_introduce` WHERE `id` = 233 LIMIT 1   [ RunTime:0.0003s ]
SQL: UPDATE `jianghu_user` SET `temp_praisenum`=temp_praisenum+1 WHERE `id` = 1 [ RunTime:0.0969s ]
SQL: SELECT `temp_praisenum` FROM `jianghu_user` WHERE `id` = 1 LIMIT 1   [ RunTime:0.0003s ]
SQL: UPDATE `jianghu_introduce` SET `praisenum`=praisenum+1 WHERE `id` = 233 [ RunTime:0.0477s ]
SQL: SELECT `user_id` FROM `jianghu_introduce` WHERE `id` = 233 LIMIT 1   [ RunTime:0.0004s ]
SQL: INSERT INTO `jianghu_praise` (`introduce_id`,`user_id`,`time`,`owner_id`) VALUES ('233','2','2017-05-16 16:28:42','1') [ RunTime:0.0444s ]
SQL: SELECT `username` FROM `jianghu_user` WHERE `id` = 2 LIMIT 1   [ RunTime:0.0003s ]
NOTIC: [2] Missing argument 3 for Home\Controller\PushController::push_special(), called in D:\xampp\htdocs\jianghu\Application\Home\Controller\IntroduceController.class.php on line 844 and defined D:\xampp\htdocs\jianghu\Application\Home\Controller\PushController.class.php 第 36 行.
SQL: SELECT `push_regid` FROM `jianghu_user` WHERE `id` = 1 LIMIT 1   [ RunTime:0.0003s ]

[ 2017-05-16T16:31:12+08:00 ] ::1 /jianghu/index.php/home/introduce/addPraiseInJianghu
INFO: [ app_init ] --START--
INFO: Run Behavior\BuildLiteBehavior [ RunTime:0.000024s ]
INFO: [ app_init ] --END-- [ RunTime:0.000862s ]
INFO: [ app_begin ] --START--
INFO: Run Behavior\ReadHtmlCacheBehavior [ RunTime:0.001426s ]
INFO: [ app_begin ] --END-- [ RunTime:0.001539s ]
SQL: SHOW COLUMNS FROM `jianghu_token` [ RunTime:0.0056s ]
SQL: SHOW COLUMNS FROM `jianghu_user` [ RunTime:0.0043s ]
SQL: SHOW COLUMNS FROM `jianghu_login_count` [ RunTime:0.0049s ]
SQL: SHOW COLUMNS FROM `jianghu_daily_num` [ RunTime:0.0039s ]
SQL: SELECT * FROM `jianghu_token` WHERE `token` = '6523205cd074195bd9252252b0eab96e' AND `state` = 0 LIMIT 1   [ RunTime:0.0004s ]
SQL: SELECT `isban` FROM `jianghu_user` WHERE `id` = 2 LIMIT 1   [ RunTime:0.0003s ]
SQL: SELECT * FROM `jianghu_login_count` WHERE `user_id` = 2 AND `date` = '2017-05-16' LIMIT 1   [ RunTime:0.0006s ]
SQL: SELECT * FROM `jianghu_daily_num` WHERE `date` = '2017-05-16' LIMIT 1   [ RunTime:0.0004s ]
SQL: SELECT `jointime` FROM `jianghu_user` WHERE `id` = 2 LIMIT 1   [ RunTime:0.0003s ]
SQL: SHOW COLUMNS FROM `jianghu_introduce` [ RunTime:0.0034s ]
SQL: SHOW COLUMNS FROM `jianghu_praise` [ RunTime:0.0038s ]
SQL: SELECT `user_id` FROM `jianghu_introduce` WHERE `id` = 233 LIMIT 1   [ RunTime:0.0003s ]
SQL: UPDATE `jianghu_user` SET `temp_praisenum`=temp_praisenum+1 WHERE `id` = 1 [ RunTime:0.1243s ]
SQL: SELECT `temp_praisenum` FROM `jianghu_user` WHERE `id` = 1 LIMIT 1   [ RunTime:0.0003s ]
SQL: UPDATE `jianghu_introduce` SET `praisenum`=praisenum+1 WHERE `id` = 233 [ RunTime:0.0385s ]
SQL: SELECT `user_id` FROM `jianghu_introduce` WHERE `id` = 233 LIMIT 1   [ RunTime:0.0030s ]
SQL: INSERT INTO `jianghu_praise` (`introduce_id`,`user_id`,`time`,`owner_id`) VALUES ('233','2','2017-05-16 16:31:12','1') [ RunTime:0.0396s ]
SQL: SELECT `username` FROM `jianghu_user` WHERE `id` = 2 LIMIT 1   [ RunTime:0.0036s ]
NOTIC: [2] Missing argument 3 for Home\Controller\PushController::push_special(), called in D:\xampp\htdocs\jianghu\Application\Home\Controller\IntroduceController.class.php on line 844 and defined D:\xampp\htdocs\jianghu\Application\Home\Controller\PushController.class.php 第 36 行.
SQL: SELECT `push_regid` FROM `jianghu_user` WHERE `id` = 1 LIMIT 1   [ RunTime:0.0006s ]

[ 2017-05-16T16:33:18+08:00 ] ::1 /jianghu/index.php/home/introduce/addPraiseInJianghu
INFO: [ app_init ] --START--
INFO: Run Behavior\BuildLiteBehavior [ RunTime:0.000014s ]
INFO: [ app_init ] --END-- [ RunTime:0.000632s ]
INFO: [ app_begin ] --START--
INFO: Run Behavior\ReadHtmlCacheBehavior [ RunTime:0.001015s ]
INFO: [ app_begin ] --END-- [ RunTime:0.001084s ]
SQL: SHOW COLUMNS FROM `jianghu_token` [ RunTime:0.0037s ]
SQL: SHOW COLUMNS FROM `jianghu_user` [ RunTime:0.0038s ]
SQL: SHOW COLUMNS FROM `jianghu_login_count` [ RunTime:0.0045s ]
SQL: SHOW COLUMNS FROM `jianghu_daily_num` [ RunTime:0.0036s ]
SQL: SELECT * FROM `jianghu_token` WHERE `token` = '6523205cd074195bd9252252b0eab96e' AND `state` = 0 LIMIT 1   [ RunTime:0.0004s ]
SQL: SELECT `isban` FROM `jianghu_user` WHERE `id` = 2 LIMIT 1   [ RunTime:0.0003s ]
SQL: SELECT * FROM `jianghu_login_count` WHERE `user_id` = 2 AND `date` = '2017-05-16' LIMIT 1   [ RunTime:0.0006s ]
SQL: SELECT * FROM `jianghu_daily_num` WHERE `date` = '2017-05-16' LIMIT 1   [ RunTime:0.0003s ]
SQL: SELECT `jointime` FROM `jianghu_user` WHERE `id` = 2 LIMIT 1   [ RunTime:0.0003s ]
SQL: SHOW COLUMNS FROM `jianghu_introduce` [ RunTime:0.0051s ]
SQL: SHOW COLUMNS FROM `jianghu_praise` [ RunTime:0.0042s ]
SQL: SELECT `user_id` FROM `jianghu_introduce` WHERE `id` = 233 LIMIT 1   [ RunTime:0.0003s ]
SQL: UPDATE `jianghu_user` SET `temp_praisenum`=temp_praisenum+1 WHERE `id` = 1 [ RunTime:0.0630s ]
SQL: SELECT `temp_praisenum` FROM `jianghu_user` WHERE `id` = 1 LIMIT 1   [ RunTime:0.0003s ]
SQL: UPDATE `jianghu_introduce` SET `praisenum`=praisenum+1 WHERE `id` = 233 [ RunTime:0.0387s ]
SQL: SELECT `user_id` FROM `jianghu_introduce` WHERE `id` = 233 LIMIT 1   [ RunTime:0.0009s ]
SQL: INSERT INTO `jianghu_praise` (`introduce_id`,`user_id`,`time`,`owner_id`) VALUES ('233','2','2017-05-16 16:33:18','1') [ RunTime:0.0423s ]
SQL: SELECT `username` FROM `jianghu_user` WHERE `id` = 2 LIMIT 1   [ RunTime:0.0003s ]
NOTIC: [2] Missing argument 3 for Home\Controller\PushController::push_special(), called in D:\xampp\htdocs\jianghu\Application\Home\Controller\IntroduceController.class.php on line 844 and defined D:\xampp\htdocs\jianghu\Application\Home\Controller\PushController.class.php 第 41 行.
SQL: SELECT `push_regid` FROM `jianghu_user` WHERE `id` = 1 LIMIT 1   [ RunTime:0.0007s ]

[ 2017-05-16T17:20:07+08:00 ] ::1 /jianghu/index.php/home/introduce/addPraiseInJianghu
INFO: [ app_init ] --START--
INFO: Run Behavior\BuildLiteBehavior [ RunTime:0.000014s ]
INFO: [ app_init ] --END-- [ RunTime:0.000653s ]
INFO: [ app_begin ] --START--
INFO: Run Behavior\ReadHtmlCacheBehavior [ RunTime:0.001636s ]
INFO: [ app_begin ] --END-- [ RunTime:0.001874s ]
SQL: SHOW COLUMNS FROM `jianghu_token` [ RunTime:0.0040s ]
SQL: SHOW COLUMNS FROM `jianghu_user` [ RunTime:0.0038s ]
SQL: SHOW COLUMNS FROM `jianghu_login_count` [ RunTime:0.0033s ]
SQL: SHOW COLUMNS FROM `jianghu_daily_num` [ RunTime:0.0034s ]
SQL: SELECT * FROM `jianghu_token` WHERE `token` = '6523205cd074195bd9252252b0eab96e' AND `state` = 0 LIMIT 1   [ RunTime:0.0004s ]
SQL: SELECT `isban` FROM `jianghu_user` WHERE `id` = 2 LIMIT 1   [ RunTime:0.0003s ]
SQL: SELECT * FROM `jianghu_login_count` WHERE `user_id` = 2 AND `date` = '2017-05-16' LIMIT 1   [ RunTime:0.0007s ]
SQL: SELECT * FROM `jianghu_daily_num` WHERE `date` = '2017-05-16' LIMIT 1   [ RunTime:0.0006s ]
SQL: SELECT `jointime` FROM `jianghu_user` WHERE `id` = 2 LIMIT 1   [ RunTime:0.0013s ]
SQL: SHOW COLUMNS FROM `jianghu_introduce` [ RunTime:0.0037s ]
SQL: SHOW COLUMNS FROM `jianghu_praise` [ RunTime:0.0035s ]
SQL: SELECT `user_id` FROM `jianghu_introduce` WHERE `id` = 233 LIMIT 1   [ RunTime:0.0003s ]
SQL: UPDATE `jianghu_user` SET `temp_praisenum`=temp_praisenum+1 WHERE `id` = 1 [ RunTime:0.1159s ]
SQL: SELECT `temp_praisenum` FROM `jianghu_user` WHERE `id` = 1 LIMIT 1   [ RunTime:0.0009s ]
SQL: UPDATE `jianghu_introduce` SET `praisenum`=praisenum+1 WHERE `id` = 233 [ RunTime:0.0434s ]
SQL: SELECT `user_id` FROM `jianghu_introduce` WHERE `id` = 233 LIMIT 1   [ RunTime:0.0003s ]
SQL: INSERT INTO `jianghu_praise` (`introduce_id`,`user_id`,`time`,`owner_id`) VALUES ('233','2','2017-05-16 17:20:07','1') [ RunTime:0.0554s ]
SQL: SELECT `username` FROM `jianghu_user` WHERE `id` = 2 LIMIT 1   [ RunTime:0.0004s ]
SQL: SELECT `push_regid` FROM `jianghu_user` WHERE `id` = 1 LIMIT 1   [ RunTime:0.0003s ]

[ 2017-05-16T17:46:36+08:00 ] ::1 /jianghu/index.php/home/introduce/addPraiseInJianghu
INFO: [ app_init ] --START--
INFO: Run Behavior\BuildLiteBehavior [ RunTime:0.000030s ]
INFO: [ app_init ] --END-- [ RunTime:0.000990s ]
INFO: [ app_begin ] --START--
INFO: Run Behavior\ReadHtmlCacheBehavior [ RunTime:0.000951s ]
INFO: [ app_begin ] --END-- [ RunTime:0.001023s ]
SQL: SHOW COLUMNS FROM `jianghu_token` [ RunTime:0.0051s ]
SQL: SHOW COLUMNS FROM `jianghu_user` [ RunTime:0.0036s ]
SQL: SHOW COLUMNS FROM `jianghu_login_count` [ RunTime:0.0044s ]
SQL: SHOW COLUMNS FROM `jianghu_daily_num` [ RunTime:0.0049s ]
SQL: SELECT * FROM `jianghu_token` WHERE `token` = '6523205cd074195bd9252252b0eab96e' AND `state` = 0 LIMIT 1   [ RunTime:0.0020s ]
SQL: SELECT `isban` FROM `jianghu_user` WHERE `id` = 2 LIMIT 1   [ RunTime:0.0003s ]
SQL: SELECT * FROM `jianghu_login_count` WHERE `user_id` = 2 AND `date` = '2017-05-16' LIMIT 1   [ RunTime:0.0190s ]
SQL: SELECT * FROM `jianghu_daily_num` WHERE `date` = '2017-05-16' LIMIT 1   [ RunTime:0.0102s ]
SQL: SELECT `jointime` FROM `jianghu_user` WHERE `id` = 2 LIMIT 1   [ RunTime:0.0003s ]
SQL: SHOW COLUMNS FROM `jianghu_introduce` [ RunTime:0.0035s ]
SQL: SHOW COLUMNS FROM `jianghu_praise` [ RunTime:0.0046s ]
SQL: SELECT `user_id` FROM `jianghu_introduce` WHERE `id` = 233 LIMIT 1   [ RunTime:0.0275s ]
SQL: UPDATE `jianghu_user` SET `temp_praisenum`=temp_praisenum+1 WHERE `id` = 1 [ RunTime:0.0886s ]
SQL: SELECT `temp_praisenum` FROM `jianghu_user` WHERE `id` = 1 LIMIT 1   [ RunTime:0.0003s ]
SQL: UPDATE `jianghu_introduce` SET `praisenum`=praisenum+1 WHERE `id` = 233 [ RunTime:0.0402s ]
SQL: SELECT `user_id` FROM `jianghu_introduce` WHERE `id` = 233 LIMIT 1   [ RunTime:0.0003s ]
SQL: INSERT INTO `jianghu_praise` (`introduce_id`,`user_id`,`time`,`owner_id`) VALUES ('233','2','2017-05-16 17:46:36','1') [ RunTime:0.0543s ]
SQL: SELECT `username` FROM `jianghu_user` WHERE `id` = 2 LIMIT 1   [ RunTime:0.0004s ]
SQL: SELECT `push_regid` FROM `jianghu_user` WHERE `id` = 1 LIMIT 1   [ RunTime:0.0005s ]

[ 2017-05-16T18:49:36+08:00 ] ::1 /jianghu/index.php/home/introduce/showFriendIntro
INFO: [ app_init ] --START--
INFO: Run Behavior\BuildLiteBehavior [ RunTime:0.000015s ]
INFO: [ app_init ] --END-- [ RunTime:0.000642s ]
INFO: [ app_begin ] --START--
INFO: Run Behavior\ReadHtmlCacheBehavior [ RunTime:0.000974s ]
INFO: [ app_begin ] --END-- [ RunTime:0.001038s ]
SQL: SHOW COLUMNS FROM `jianghu_token` [ RunTime:0.0058s ]
SQL: SHOW COLUMNS FROM `jianghu_user` [ RunTime:0.0050s ]
SQL: SHOW COLUMNS FROM `jianghu_login_count` [ RunTime:0.0035s ]
SQL: SHOW COLUMNS FROM `jianghu_daily_num` [ RunTime:0.0040s ]
SQL: SELECT * FROM `jianghu_token` WHERE `token` = '2ea7c6999b86afb0f34bc274e78377fe' AND `state` = 0 LIMIT 1   [ RunTime:0.0043s ]

[ 2017-05-16T18:49:36+08:00 ] ::1 /jianghu/index.php/Home/return/returnMsg.html?re=2&type=202
INFO: [ app_init ] --START--
INFO: Run Behavior\BuildLiteBehavior [ RunTime:0.000013s ]
INFO: [ app_init ] --END-- [ RunTime:0.000621s ]
INFO: [ app_begin ] --START--
INFO: Run Behavior\ReadHtmlCacheBehavior [ RunTime:0.001626s ]
INFO: [ app_begin ] --END-- [ RunTime:0.001741s ]

[ 2017-05-16T18:49:50+08:00 ] ::1 /jianghu/index.php/home/introduce/showFriendIntro
INFO: [ app_init ] --START--
INFO: Run Behavior\BuildLiteBehavior [ RunTime:0.000015s ]
INFO: [ app_init ] --END-- [ RunTime:0.000632s ]
INFO: [ app_begin ] --START--
INFO: Run Behavior\ReadHtmlCacheBehavior [ RunTime:0.001016s ]
INFO: [ app_begin ] --END-- [ RunTime:0.001115s ]
SQL: SHOW COLUMNS FROM `jianghu_token` [ RunTime:0.0064s ]
SQL: SHOW COLUMNS FROM `jianghu_user` [ RunTime:0.0045s ]
SQL: SHOW COLUMNS FROM `jianghu_login_count` [ RunTime:0.0050s ]
SQL: SHOW COLUMNS FROM `jianghu_daily_num` [ RunTime:0.0048s ]
SQL: SELECT * FROM `jianghu_token` WHERE `token` = 'sn/yv1TijVcqin9FrIPDScUO1G2njjZlU3MP4/aI7V/qZiFpRY2Pajeh5YsSBbLbHrqhvKOBa9l/TIpKbBFpoA==' AND `state` = 0 LIMIT 1   [ RunTime:0.0004s ]
SQL: SELECT `isban` FROM `jianghu_user` WHERE `id` = 1 LIMIT 1   [ RunTime:0.0009s ]
SQL: SELECT * FROM `jianghu_login_count` WHERE `user_id` = 1 AND `date` = '2017-05-16' LIMIT 1   [ RunTime:0.0011s ]
SQL: SELECT * FROM `jianghu_daily_num` WHERE `date` = '2017-05-16' LIMIT 1   [ RunTime:0.0004s ]
SQL: SELECT `jointime` FROM `jianghu_user` WHERE `id` = 1 LIMIT 1   [ RunTime:0.0003s ]
SQL: SHOW COLUMNS FROM `jianghu_friend` [ RunTime:0.0052s ]
SQL: SHOW COLUMNS FROM `jianghu_introduce` [ RunTime:0.0038s ]
SQL: SHOW COLUMNS FROM `jianghu_introduce_images` [ RunTime:0.0037s ]
SQL: SHOW COLUMNS FROM `jianghu_introduce_domain` [ RunTime:0.0064s ]
SQL: SHOW COLUMNS FROM `jianghu_praise` [ RunTime:0.0042s ]
SQL: SHOW COLUMNS FROM `jianghu_comment` [ RunTime:0.0036s ]
SQL: SELECT `friend_id` FROM `jianghu_friend` WHERE `user_id` = 1  [ RunTime:0.0015s ]
SQL: SELECT * FROM `jianghu_introduce` WHERE `user_id` IN ('5','4','3','2','1','6','7','18','20','18') ORDER BY time desc LIMIT 0,10   [ RunTime:0.0168s ]
SQL: SHOW COLUMNS FROM `jianghu_business` [ RunTime:0.0076s ]
SQL: SHOW COLUMNS FROM `jianghu_collection` [ RunTime:0.0054s ]
SQL: SHOW COLUMNS FROM `jianghu_oppose` [ RunTime:0.0064s ]
SQL: SELECT * FROM `jianghu_introduce` WHERE `id` = 235 LIMIT 1   [ RunTime:0.0005s ]
SQL: SELECT `imageurl`,`thumb_imageurl` FROM `jianghu_introduce_images` WHERE `introduce_id` = 235  [ RunTime:0.0016s ]
SQL: SELECT `username` FROM `jianghu_user` WHERE `id` = 3 LIMIT 1   [ RunTime:0.0004s ]
SQL: SELECT `faceurl` FROM `jianghu_user` WHERE `id` = 3 LIMIT 1   [ RunTime:0.0002s ]
SQL: SELECT COUNT('degree') as degree_count,degree FROM jianghu_introduce WHERE isforward=235 or id=235 GROUP BY degree ORDER BY degree ASC  [ RunTime:0.0007s ]
SQL: SELECT * FROM `jianghu_praise` WHERE `introduce_id` = 235 AND `user_id` = 1 LIMIT 1   [ RunTime:0.0005s ]
SQL: SELECT * FROM `jianghu_oppose` WHERE `introduce_id` = 235 AND `user_id` = 1 LIMIT 1   [ RunTime:0.0014s ]
SQL: SELECT * FROM `jianghu_collection` WHERE `introduce_id` = 235 AND `user_id` = 1 LIMIT 1   [ RunTime:0.0014s ]
SQL: SELECT * FROM `jianghu_introduce` WHERE `id` = 233 LIMIT 1   [ RunTime:0.0004s ]
SQL: SELECT `imageurl`,`thumb_imageurl` FROM `jianghu_introduce_images` WHERE `introduce_id` = 233  [ RunTime:0.0003s ]
SQL: SELECT `username` FROM `jianghu_user` WHERE `id` = 1 LIMIT 1   [ RunTime:0.0003s ]
SQL: SELECT `faceurl` FROM `jianghu_user` WHERE `id` = 1 LIMIT 1   [ RunTime:0.0003s ]
SQL: SELECT COUNT('degree') as degree_count,degree FROM jianghu_introduce WHERE isforward=233 or id=233 GROUP BY degree ORDER BY degree ASC  [ RunTime:0.0005s ]
SQL: SELECT * FROM `jianghu_praise` WHERE `introduce_id` = 233 AND `user_id` = 1 LIMIT 1   [ RunTime:0.0004s ]
SQL: SELECT * FROM `jianghu_oppose` WHERE `introduce_id` = 233 AND `user_id` = 1 LIMIT 1   [ RunTime:0.0003s ]
SQL: SELECT * FROM `jianghu_collection` WHERE `introduce_id` = 233 AND `user_id` = 1 LIMIT 1   [ RunTime:0.0006s ]
SQL: SELECT * FROM `jianghu_comment` WHERE `user_id` IN ('5','4','3','2','1','6','7','18','20','18') AND `introduce_id` = 235 ORDER BY time desc LIMIT 0,2   [ RunTime:0.0091s ]
SQL: SELECT * FROM `jianghu_introduce` WHERE `id` = 234 LIMIT 1   [ RunTime:0.0004s ]
SQL: SELECT `imageurl`,`thumb_imageurl` FROM `jianghu_introduce_images` WHERE `introduce_id` = 234  [ RunTime:0.0004s ]
SQL: SELECT `username` FROM `jianghu_user` WHERE `id` = 4 LIMIT 1   [ RunTime:0.0003s ]
SQL: SELECT `faceurl` FROM `jianghu_user` WHERE `id` = 4 LIMIT 1   [ RunTime:0.0002s ]
SQL: SELECT COUNT('degree') as degree_count,degree FROM jianghu_introduce WHERE isforward=234 or id=234 GROUP BY degree ORDER BY degree ASC  [ RunTime:0.0005s ]
SQL: SELECT * FROM `jianghu_praise` WHERE `introduce_id` = 234 AND `user_id` = 1 LIMIT 1   [ RunTime:0.0004s ]
SQL: SELECT * FROM `jianghu_oppose` WHERE `introduce_id` = 234 AND `user_id` = 1 LIMIT 1   [ RunTime:0.0003s ]
SQL: SELECT * FROM `jianghu_collection` WHERE `introduce_id` = 234 AND `user_id` = 1 LIMIT 1   [ RunTime:0.0003s ]
SQL: SELECT * FROM `jianghu_comment` WHERE `user_id` IN ('5','4','3','2','1','6','7','18','20','18') AND `introduce_id` = 234 ORDER BY time desc LIMIT 0,2   [ RunTime:0.0010s ]
SQL: SELECT * FROM `jianghu_introduce` WHERE `id` = 233 LIMIT 1   [ RunTime:0.0005s ]
SQL: SELECT `imageurl`,`thumb_imageurl` FROM `jianghu_introduce_images` WHERE `introduce_id` = 233  [ RunTime:0.0013s ]
SQL: SELECT `username` FROM `jianghu_user` WHERE `id` = 1 LIMIT 1   [ RunTime:0.0003s ]
SQL: SELECT `faceurl` FROM `jianghu_user` WHERE `id` = 1 LIMIT 1   [ RunTime:0.0003s ]
SQL: SELECT COUNT('degree') as degree_count,degree FROM jianghu_introduce WHERE isforward=233 or id=233 GROUP BY degree ORDER BY degree ASC  [ RunTime:0.0007s ]
SQL: SELECT * FROM `jianghu_praise` WHERE `introduce_id` = 233 AND `user_id` = 1 LIMIT 1   [ RunTime:0.0004s ]
SQL: SELECT * FROM `jianghu_oppose` WHERE `introduce_id` = 233 AND `user_id` = 1 LIMIT 1   [ RunTime:0.0004s ]
SQL: SELECT * FROM `jianghu_collection` WHERE `introduce_id` = 233 AND `user_id` = 1 LIMIT 1   [ RunTime:0.0004s ]
SQL: SELECT * FROM `jianghu_comment` WHERE `user_id` IN ('5','4','3','2','1','6','7','18','20','18') AND `introduce_id` = 233 ORDER BY time desc LIMIT 0,2   [ RunTime:0.0007s ]
SQL: SELECT `faceurl` FROM `jianghu_user` WHERE `id` = 3 LIMIT 1   [ RunTime:0.0003s ]
SQL: SELECT `username` FROM `jianghu_user` WHERE `id` = 3 LIMIT 1   [ RunTime:0.0003s ]
SQL: SELECT * FROM `jianghu_introduce` WHERE `id` = 232 LIMIT 1   [ RunTime:0.0003s ]
SQL: SELECT `imageurl`,`thumb_imageurl` FROM `jianghu_introduce_images` WHERE `introduce_id` = 232  [ RunTime:0.0003s ]
SQL: SELECT `username` FROM `jianghu_user` WHERE `id` = 1 LIMIT 1   [ RunTime:0.0002s ]
SQL: SELECT `faceurl` FROM `jianghu_user` WHERE `id` = 1 LIMIT 1   [ RunTime:0.0002s ]
SQL: SELECT COUNT('degree') as degree_count,degree FROM jianghu_introduce WHERE isforward=232 or id=232 GROUP BY degree ORDER BY degree ASC  [ RunTime:0.0005s ]
SQL: SELECT * FROM `jianghu_praise` WHERE `introduce_id` = 232 AND `user_id` = 1 LIMIT 1   [ RunTime:0.0004s ]
SQL: SELECT * FROM `jianghu_oppose` WHERE `introduce_id` = 232 AND `user_id` = 1 LIMIT 1   [ RunTime:0.0003s ]
SQL: SELECT * FROM `jianghu_collection` WHERE `introduce_id` = 232 AND `user_id` = 1 LIMIT 1   [ RunTime:0.0003s ]
SQL: SELECT * FROM `jianghu_comment` WHERE `user_id` IN ('5','4','3','2','1','6','7','18','20','18') AND `introduce_id` = 232 ORDER BY time desc LIMIT 0,2   [ RunTime:0.0003s ]
SQL: SELECT * FROM `jianghu_introduce` WHERE `id` = 230 LIMIT 1   [ RunTime:0.0003s ]
SQL: SELECT `imageurl`,`thumb_imageurl` FROM `jianghu_introduce_images` WHERE `introduce_id` = 230  [ RunTime:0.0003s ]
SQL: SELECT `username` FROM `jianghu_user` WHERE `id` = 1 LIMIT 1   [ RunTime:0.0003s ]
SQL: SELECT `faceurl` FROM `jianghu_user` WHERE `id` = 1 LIMIT 1   [ RunTime:0.0002s ]
SQL: SELECT COUNT('degree') as degree_count,degree FROM jianghu_introduce WHERE isforward=230 or id=230 GROUP BY degree ORDER BY degree ASC  [ RunTime:0.0007s ]
SQL: SELECT * FROM `jianghu_praise` WHERE `introduce_id` = 230 AND `user_id` = 1 LIMIT 1   [ RunTime:0.0006s ]
SQL: SELECT * FROM `jianghu_oppose` WHERE `introduce_id` = 230 AND `user_id` = 1 LIMIT 1   [ RunTime:0.0004s ]
SQL: SELECT * FROM `jianghu_collection` WHERE `introduce_id` = 230 AND `user_id` = 1 LIMIT 1   [ RunTime:0.0003s ]
SQL: SELECT * FROM `jianghu_introduce` WHERE `id` = 165 LIMIT 1   [ RunTime:0.0005s ]
SQL: SELECT `imageurl`,`thumb_imageurl` FROM `jianghu_introduce_images` WHERE `introduce_id` = 165  [ RunTime:0.0004s ]
SQL: SELECT `username` FROM `jianghu_user` WHERE `id` = 3 LIMIT 1   [ RunTime:0.0003s ]
SQL: SELECT `faceurl` FROM `jianghu_user` WHERE `id` = 3 LIMIT 1   [ RunTime:0.0002s ]
SQL: SELECT COUNT('degree') as degree_count,degree FROM jianghu_introduce WHERE isforward=165 or id=165 GROUP BY degree ORDER BY degree ASC  [ RunTime:0.0006s ]
SQL: SELECT * FROM `jianghu_praise` WHERE `introduce_id` = 165 AND `user_id` = 1 LIMIT 1   [ RunTime:0.0015s ]
SQL: SELECT * FROM `jianghu_oppose` WHERE `introduce_id` = 165 AND `user_id` = 1 LIMIT 1   [ RunTime:0.0005s ]
SQL: SELECT * FROM `jianghu_collection` WHERE `introduce_id` = 165 AND `user_id` = 1 LIMIT 1   [ RunTime:0.0006s ]
SQL: SELECT * FROM `jianghu_comment` WHERE `user_id` IN ('5','4','3','2','1','6','7','18','20','18') AND `introduce_id` = 230 ORDER BY time desc LIMIT 0,2   [ RunTime:0.0005s ]
SQL: SELECT * FROM `jianghu_introduce` WHERE `id` = 229 LIMIT 1   [ RunTime:0.0004s ]
SQL: SELECT `imageurl`,`thumb_imageurl` FROM `jianghu_introduce_images` WHERE `introduce_id` = 229  [ RunTime:0.0003s ]
SQL: SELECT `username` FROM `jianghu_user` WHERE `id` = 1 LIMIT 1   [ RunTime:0.0002s ]
SQL: SELECT `faceurl` FROM `jianghu_user` WHERE `id` = 1 LIMIT 1   [ RunTime:0.0002s ]
SQL: SELECT COUNT('degree') as degree_count,degree FROM jianghu_introduce WHERE isforward=229 or id=229 GROUP BY degree ORDER BY degree ASC  [ RunTime:0.0004s ]
SQL: SELECT * FROM `jianghu_praise` WHERE `introduce_id` = 229 AND `user_id` = 1 LIMIT 1   [ RunTime:0.0004s ]
SQL: SELECT * FROM `jianghu_oppose` WHERE `introduce_id` = 229 AND `user_id` = 1 LIMIT 1   [ RunTime:0.0003s ]
SQL: SELECT * FROM `jianghu_collection` WHERE `introduce_id` = 229 AND `user_id` = 1 LIMIT 1   [ RunTime:0.0003s ]
SQL: SELECT * FROM `jianghu_introduce` WHERE `id` = 211 LIMIT 1   [ RunTime:0.0004s ]
SQL: SELECT `imageurl`,`thumb_imageurl` FROM `jianghu_introduce_images` WHERE `introduce_id` = 211  [ RunTime:0.0003s ]
SQL: SELECT `username` FROM `jianghu_user` WHERE `id` = 1 LIMIT 1   [ RunTime:0.0003s ]
SQL: SELECT `faceurl` FROM `jianghu_user` WHERE `id` = 1 LIMIT 1   [ RunTime:0.0002s ]
SQL: SELECT COUNT('degree') as degree_count,degree FROM jianghu_introduce WHERE isforward=211 or id=211 GROUP BY degree ORDER BY degree ASC  [ RunTime:0.0010s ]
SQL: SELECT * FROM `jianghu_praise` WHERE `introduce_id` = 211 AND `user_id` = 1 LIMIT 1   [ RunTime:0.0013s ]
SQL: SELECT * FROM `jianghu_oppose` WHERE `introduce_id` = 211 AND `user_id` = 1 LIMIT 1   [ RunTime:0.0007s ]
SQL: SELECT * FROM `jianghu_collection` WHERE `introduce_id` = 211 AND `user_id` = 1 LIMIT 1   [ RunTime:0.0008s ]
SQL: SELECT * FROM `jianghu_comment` WHERE `user_id` IN ('5','4','3','2','1','6','7','18','20','18') AND `introduce_id` = 229 ORDER BY time desc LIMIT 0,2   [ RunTime:0.0010s ]
SQL: SELECT * FROM `jianghu_introduce` WHERE `id` = 228 LIMIT 1   [ RunTime:0.0008s ]
SQL: SELECT `imageurl`,`thumb_imageurl` FROM `jianghu_introduce_images` WHERE `introduce_id` = 228  [ RunTime:0.0005s ]
SQL: SELECT `username` FROM `jianghu_user` WHERE `id` = 2 LIMIT 1   [ RunTime:0.0004s ]
SQL: SELECT `faceurl` FROM `jianghu_user` WHERE `id` = 2 LIMIT 1   [ RunTime:0.0003s ]
SQL: SELECT COUNT('degree') as degree_count,degree FROM jianghu_introduce WHERE isforward=228 or id=228 GROUP BY degree ORDER BY degree ASC  [ RunTime:0.0005s ]
SQL: SELECT * FROM `jianghu_praise` WHERE `introduce_id` = 228 AND `user_id` = 1 LIMIT 1   [ RunTime:0.0004s ]
SQL: SELECT * FROM `jianghu_oppose` WHERE `introduce_id` = 228 AND `user_id` = 1 LIMIT 1   [ RunTime:0.0003s ]
SQL: SELECT * FROM `jianghu_collection` WHERE `introduce_id` = 228 AND `user_id` = 1 LIMIT 1   [ RunTime:0.0003s ]
SQL: SELECT * FROM `jianghu_introduce` WHERE `id` = 211 LIMIT 1   [ RunTime:0.0004s ]
SQL: SELECT `imageurl`,`thumb_imageurl` FROM `jianghu_introduce_images` WHERE `introduce_id` = 211  [ RunTime:0.0003s ]
SQL: SELECT `username` FROM `jianghu_user` WHERE `id` = 1 LIMIT 1   [ RunTime:0.0002s ]
SQL: SELECT `faceurl` FROM `jianghu_user` WHERE `id` = 1 LIMIT 1   [ RunTime:0.0003s ]
SQL: SELECT COUNT('degree') as degree_count,degree FROM jianghu_introduce WHERE isforward=211 or id=211 GROUP BY degree ORDER BY degree ASC  [ RunTime:0.0005s ]
SQL: SELECT * FROM `jianghu_praise` WHERE `introduce_id` = 211 AND `user_id` = 1 LIMIT 1   [ RunTime:0.0005s ]
SQL: SELECT * FROM `jianghu_oppose` WHERE `introduce_id` = 211 AND `user_id` = 1 LIMIT 1   [ RunTime:0.0008s ]
SQL: SELECT * FROM `jianghu_collection` WHERE `introduce_id` = 211 AND `user_id` = 1 LIMIT 1   [ RunTime:0.0011s ]
SQL: SELECT * FROM `jianghu_comment` WHERE `user_id` IN ('5','4','3','2','1','6','7','18','20','18') AND `introduce_id` = 228 ORDER BY time desc LIMIT 0,2   [ RunTime:0.0005s ]
SQL: SELECT * FROM `jianghu_introduce` WHERE `id` = 227 LIMIT 1   [ RunTime:0.0004s ]
SQL: SELECT `imageurl`,`thumb_imageurl` FROM `jianghu_introduce_images` WHERE `introduce_id` = 227  [ RunTime:0.0003s ]
SQL: SELECT `username` FROM `jianghu_user` WHERE `id` = 2 LIMIT 1   [ RunTime:0.0003s ]
SQL: SELECT `faceurl` FROM `jianghu_user` WHERE `id` = 2 LIMIT 1   [ RunTime:0.0002s ]
SQL: SELECT COUNT('degree') as degree_count,degree FROM jianghu_introduce WHERE isforward=227 or id=227 GROUP BY degree ORDER BY degree ASC  [ RunTime:0.0006s ]
SQL: SELECT * FROM `jianghu_praise` WHERE `introduce_id` = 227 AND `user_id` = 1 LIMIT 1   [ RunTime:0.0144s ]
SQL: SELECT * FROM `jianghu_oppose` WHERE `introduce_id` = 227 AND `user_id` = 1 LIMIT 1   [ RunTime:0.0003s ]
SQL: SELECT * FROM `jianghu_collection` WHERE `introduce_id` = 227 AND `user_id` = 1 LIMIT 1   [ RunTime:0.0003s ]
SQL: SELECT * FROM `jianghu_introduce` WHERE `id` = 90 LIMIT 1   [ RunTime:0.0004s ]
SQL: SELECT `imageurl`,`thumb_imageurl` FROM `jianghu_introduce_images` WHERE `introduce_id` = 90  [ RunTime:0.0003s ]
SQL: SELECT `username` FROM `jianghu_user` WHERE `id` = 1 LIMIT 1   [ RunTime:0.0002s ]
SQL: SELECT `faceurl` FROM `jianghu_user` WHERE `id` = 1 LIMIT 1   [ RunTime:0.0002s ]
SQL: SELECT COUNT('degree') as degree_count,degree FROM jianghu_introduce WHERE isforward=90 or id=90 GROUP BY degree ORDER BY degree ASC  [ RunTime:0.0005s ]
SQL: SELECT * FROM `jianghu_praise` WHERE `introduce_id` = 90 AND `user_id` = 1 LIMIT 1   [ RunTime:0.0003s ]
SQL: SELECT * FROM `jianghu_oppose` WHERE `introduce_id` = 90 AND `user_id` = 1 LIMIT 1   [ RunTime:0.0002s ]
SQL: SELECT * FROM `jianghu_collection` WHERE `introduce_id` = 90 AND `user_id` = 1 LIMIT 1   [ RunTime:0.0003s ]
SQL: SELECT * FROM `jianghu_comment` WHERE `user_id` IN ('5','4','3','2','1','6','7','18','20','18') AND `introduce_id` = 227 ORDER BY time desc LIMIT 0,2   [ RunTime:0.0004s ]
SQL: SELECT * FROM `jianghu_introduce` WHERE `id` = 226 LIMIT 1   [ RunTime:0.0005s ]
SQL: SELECT `imageurl`,`thumb_imageurl` FROM `jianghu_introduce_images` WHERE `introduce_id` = 226  [ RunTime:0.0003s ]
SQL: SELECT `username` FROM `jianghu_user` WHERE `id` = 2 LIMIT 1   [ RunTime:0.0003s ]
SQL: SELECT `faceurl` FROM `jianghu_user` WHERE `id` = 2 LIMIT 1   [ RunTime:0.0003s ]
SQL: SELECT COUNT('degree') as degree_count,degree FROM jianghu_introduce WHERE isforward=226 or id=226 GROUP BY degree ORDER BY degree ASC  [ RunTime:0.0004s ]
SQL: SELECT * FROM `jianghu_praise` WHERE `introduce_id` = 226 AND `user_id` = 1 LIMIT 1   [ RunTime:0.0004s ]
SQL: SELECT * FROM `jianghu_oppose` WHERE `introduce_id` = 226 AND `user_id` = 1 LIMIT 1   [ RunTime:0.0004s ]
SQL: SELECT * FROM `jianghu_collection` WHERE `introduce_id` = 226 AND `user_id` = 1 LIMIT 1   [ RunTime:0.0003s ]
SQL: SELECT * FROM `jianghu_introduce` WHERE `id` = 211 LIMIT 1   [ RunTime:0.0003s ]
SQL: SELECT `imageurl`,`thumb_imageurl` FROM `jianghu_introduce_images` WHERE `introduce_id` = 211  [ RunTime:0.0003s ]
SQL: SELECT `username` FROM `jianghu_user` WHERE `id` = 1 LIMIT 1   [ RunTime:0.0002s ]
SQL: SELECT `faceurl` FROM `jianghu_user` WHERE `id` = 1 LIMIT 1   [ RunTime:0.0003s ]
SQL: SELECT COUNT('degree') as degree_count,degree FROM jianghu_introduce WHERE isforward=211 or id=211 GROUP BY degree ORDER BY degree ASC  [ RunTime:0.0005s ]
SQL: SELECT * FROM `jianghu_praise` WHERE `introduce_id` = 211 AND `user_id` = 1 LIMIT 1   [ RunTime:0.0005s ]
SQL: SELECT * FROM `jianghu_oppose` WHERE `introduce_id` = 211 AND `user_id` = 1 LIMIT 1   [ RunTime:0.0004s ]
SQL: SELECT * FROM `jianghu_collection` WHERE `introduce_id` = 211 AND `user_id` = 1 LIMIT 1   [ RunTime:0.0003s ]
SQL: SELECT * FROM `jianghu_comment` WHERE `user_id` IN ('5','4','3','2','1','6','7','18','20','18') AND `introduce_id` = 226 ORDER BY time desc LIMIT 0,2   [ RunTime:0.0004s ]
SQL: SELECT * FROM `jianghu_introduce` WHERE `id` = 225 LIMIT 1   [ RunTime:0.0003s ]
SQL: SELECT `imageurl`,`thumb_imageurl` FROM `jianghu_introduce_images` WHERE `introduce_id` = 225  [ RunTime:0.0003s ]
SQL: SELECT `username` FROM `jianghu_user` WHERE `id` = 1 LIMIT 1   [ RunTime:0.0002s ]
SQL: SELECT `faceurl` FROM `jianghu_user` WHERE `id` = 1 LIMIT 1   [ RunTime:0.0002s ]
SQL: SELECT COUNT('degree') as degree_count,degree FROM jianghu_introduce WHERE isforward=225 or id=225 GROUP BY degree ORDER BY degree ASC  [ RunTime:0.0009s ]
SQL: SELECT * FROM `jianghu_praise` WHERE `introduce_id` = 225 AND `user_id` = 1 LIMIT 1   [ RunTime:0.0008s ]
SQL: SELECT * FROM `jianghu_oppose` WHERE `introduce_id` = 225 AND `user_id` = 1 LIMIT 1   [ RunTime:0.0003s ]
SQL: SELECT * FROM `jianghu_collection` WHERE `introduce_id` = 225 AND `user_id` = 1 LIMIT 1   [ RunTime:0.0003s ]
SQL: SELECT * FROM `jianghu_introduce` WHERE `id` = 211 LIMIT 1   [ RunTime:0.0006s ]
SQL: SELECT `imageurl`,`thumb_imageurl` FROM `jianghu_introduce_images` WHERE `introduce_id` = 211  [ RunTime:0.0005s ]
SQL: SELECT `username` FROM `jianghu_user` WHERE `id` = 1 LIMIT 1   [ RunTime:0.0003s ]
SQL: SELECT `faceurl` FROM `jianghu_user` WHERE `id` = 1 LIMIT 1   [ RunTime:0.0002s ]
SQL: SELECT COUNT('degree') as degree_count,degree FROM jianghu_introduce WHERE isforward=211 or id=211 GROUP BY degree ORDER BY degree ASC  [ RunTime:0.0006s ]
SQL: SELECT * FROM `jianghu_praise` WHERE `introduce_id` = 211 AND `user_id` = 1 LIMIT 1   [ RunTime:0.0004s ]
SQL: SELECT * FROM `jianghu_oppose` WHERE `introduce_id` = 211 AND `user_id` = 1 LIMIT 1   [ RunTime:0.0003s ]
SQL: SELECT * FROM `jianghu_collection` WHERE `introduce_id` = 211 AND `user_id` = 1 LIMIT 1   [ RunTime:0.0004s ]
SQL: SELECT * FROM `jianghu_comment` WHERE `user_id` IN ('5','4','3','2','1','6','7','18','20','18') AND `introduce_id` = 225 ORDER BY time desc LIMIT 0,2   [ RunTime:0.0006s ]
SQL: UPDATE `jianghu_user` SET `unreadnum`='0' WHERE `id` = 1 [ RunTime:0.0806s ]

[ 2017-05-16T23:41:08+08:00 ] ::1 /jianghu/index.php/home/friend/friendRequest
INFO: [ app_init ] --START--
INFO: Run Behavior\BuildLiteBehavior [ RunTime:0.000013s ]
INFO: [ app_init ] --END-- [ RunTime:0.000569s ]
INFO: [ app_begin ] --START--
INFO: Run Behavior\ReadHtmlCacheBehavior [ RunTime:0.000824s ]
INFO: [ app_begin ] --END-- [ RunTime:0.000898s ]
SQL: SHOW COLUMNS FROM `jianghu_token` [ RunTime:0.0054s ]
SQL: SHOW COLUMNS FROM `jianghu_user` [ RunTime:0.0040s ]
SQL: SHOW COLUMNS FROM `jianghu_login_count` [ RunTime:0.0033s ]
SQL: SHOW COLUMNS FROM `jianghu_daily_num` [ RunTime:0.0044s ]
SQL: SELECT * FROM `jianghu_token` WHERE `token` = '6523205cd074195bd9252252b0eab96e' AND `state` = 0 LIMIT 1   [ RunTime:0.0005s ]
SQL: SELECT `isban` FROM `jianghu_user` WHERE `id` = 21 LIMIT 1   [ RunTime:0.0004s ]
SQL: SELECT * FROM `jianghu_login_count` WHERE `user_id` = 21 AND `date` = '2017-05-16' LIMIT 1   [ RunTime:0.0008s ]
SQL: SELECT * FROM `jianghu_daily_num` WHERE `date` = '2017-05-16' LIMIT 1   [ RunTime:0.0005s ]
SQL: SELECT `jointime` FROM `jianghu_user` WHERE `id` = 21 LIMIT 1   [ RunTime:0.0003s ]
SQL: INSERT INTO `jianghu_login_count` (`user_id`,`date`) VALUES ('21','2017-05-16') [ RunTime:0.0983s ]
SQL: UPDATE `jianghu_user` SET `praisenum`=praisenum+1 WHERE `id` = 21 [ RunTime:0.0375s ]
SQL: SELECT * FROM `jianghu_daily_num` WHERE `date` = '2017-05-16'  [ RunTime:0.0010s ]
SQL: UPDATE `jianghu_daily_num` SET `lognum`=lognum+1 WHERE `date` = '2017-05-16' [ RunTime:0.0434s ]
SQL: SHOW COLUMNS FROM `jianghu_friend_request` [ RunTime:0.0049s ]
SQL: INSERT INTO `jianghu_friend_request` (`date`,`user_id`,`friend_id`) VALUES ('2017-05-16','21','1') [ RunTime:0.0381s ]
SQL: SELECT `username` FROM `jianghu_user` WHERE `id` = 21 LIMIT 1   [ RunTime:0.0003s ]
SQL: SELECT `push_regid` FROM `jianghu_user` WHERE `id` = 1 LIMIT 1   [ RunTime:0.0003s ]

[ 2017-05-16T23:51:18+08:00 ] ::1 /jianghu/index.php/home/poster/getPosterById
INFO: [ app_init ] --START--
INFO: Run Behavior\BuildLiteBehavior [ RunTime:0.000014s ]
INFO: [ app_init ] --END-- [ RunTime:0.000486s ]
INFO: [ app_begin ] --START--
INFO: Run Behavior\ReadHtmlCacheBehavior [ RunTime:0.001504s ]
INFO: [ app_begin ] --END-- [ RunTime:0.001599s ]
SQL: SHOW COLUMNS FROM `jianghu_poster` [ RunTime:0.0052s ]
SQL: SELECT * FROM `jianghu_poster` WHERE `id` = 44 LIMIT 1   [ RunTime:0.0005s ]

