[ 2017-08-10T14:03:13+08:00 ] ::1 /jianghu/index.php/home/poster/readPoster
INFO: [ app_init ] --START--
INFO: Run Behavior\BuildLiteBehavior [ RunTime:0.000019s ]
INFO: [ app_init ] --END-- [ RunTime:0.001660s ]
INFO: [ app_begin ] --START--
INFO: Run Behavior\ReadHtmlCacheBehavior [ RunTime:0.015552s ]
INFO: [ app_begin ] --END-- [ RunTime:0.015635s ]
SQL: SHOW COLUMNS FROM `jianghu_poster` [ RunTime:0.0168s ]
SQL: UPDATE `jianghu_poster` SET `readnum`=readnum+1 WHERE `id` = 1 [ RunTime:0.0644s ]

[ 2017-08-10T14:05:13+08:00 ] ::1 /jianghu/index.php/home/poster/getPoster
INFO: [ app_init ] --START--
INFO: Run Behavior\BuildLiteBehavior [ RunTime:0.000012s ]
INFO: [ app_init ] --END-- [ RunTime:0.000516s ]
INFO: [ app_begin ] --START--
INFO: Run Behavior\ReadHtmlCacheBehavior [ RunTime:0.001292s ]
INFO: [ app_begin ] --END-- [ RunTime:0.001384s ]
SQL: SHOW COLUMNS FROM `jianghu_token` [ RunTime:0.0058s ]
SQL: SHOW COLUMNS FROM `jianghu_user` [ RunTime:0.0053s ]
SQL: SHOW COLUMNS FROM `jianghu_login_count` [ RunTime:0.0051s ]
SQL: SHOW COLUMNS FROM `jianghu_daily_num` [ RunTime:0.0049s ]
SQL: SELECT * FROM `jianghu_token` WHERE `token` = '2d461ebf6c5364e366e759f234d9434e' AND `state` = 0 LIMIT 1   [ RunTime:0.0009s ]
SQL: SELECT `isban` FROM `jianghu_user` WHERE `id` = 1 LIMIT 1   [ RunTime:0.0004s ]
SQL: SELECT * FROM `jianghu_login_count` WHERE `user_id` = 1 AND `date` = '2017-08-10' LIMIT 1   [ RunTime:0.0020s ]
SQL: SELECT * FROM `jianghu_daily_num` WHERE `date` = '2017-08-10' LIMIT 1   [ RunTime:0.0005s ]
SQL: SELECT `jointime` FROM `jianghu_user` WHERE `id` = 1 LIMIT 1   [ RunTime:0.0003s ]
SQL: INSERT INTO `jianghu_login_count` (`user_id`,`date`) VALUES ('1','2017-08-10') [ RunTime:0.0913s ]
SQL: UPDATE `jianghu_user` SET `praisenum`=praisenum+1 WHERE `id` = 1 [ RunTime:0.0538s ]
SQL: SELECT * FROM `jianghu_daily_num` WHERE `date` = '2017-08-10'  [ RunTime:0.0004s ]
SQL: INSERT INTO `jianghu_daily_num` (`date`,`lognum`) VALUES ('2017-08-10','1') [ RunTime:0.0542s ]
SQL: SHOW COLUMNS FROM `jianghu_poster` [ RunTime:0.0040s ]
SQL: SHOW COLUMNS FROM `jianghu_poster_praise` [ RunTime:0.0047s ]
NOTIC: [8] Undefined index: poster_id D:\xampp\htdocs\jianghu\Application\Home\Controller\PosterController.class.php 第 23 行.
SQL: SELECT * FROM `jianghu_poster` WHERE `state` = 0 ORDER BY time desc  [ RunTime:0.0005s ]
SQL: SELECT * FROM `jianghu_poster_praise` WHERE `user_id` = 1 AND `poster_id` = 62  [ RunTime:0.0003s ]
SQL: SELECT * FROM `jianghu_poster_praise` WHERE `user_id` = 1 AND `poster_id` = 61  [ RunTime:0.0003s ]

[ 2017-08-10T14:05:17+08:00 ] ::1 /jianghu/index.php/home/domain/returnDomain
INFO: [ app_init ] --START--
INFO: Run Behavior\BuildLiteBehavior [ RunTime:0.000014s ]
INFO: [ app_init ] --END-- [ RunTime:0.000553s ]
INFO: [ app_begin ] --START--
INFO: Run Behavior\ReadHtmlCacheBehavior [ RunTime:0.000901s ]
INFO: [ app_begin ] --END-- [ RunTime:0.000958s ]

[ 2017-08-10T14:05:17+08:00 ] ::1 /jianghu/index.php/Home/return/returnMsg.html?re=5&type=500
INFO: [ app_init ] --START--
INFO: Run Behavior\BuildLiteBehavior [ RunTime:0.000011s ]
INFO: [ app_init ] --END-- [ RunTime:0.000536s ]
INFO: [ app_begin ] --START--
INFO: Run Behavior\ReadHtmlCacheBehavior [ RunTime:0.000896s ]
INFO: [ app_begin ] --END-- [ RunTime:0.000953s ]
NOTIC: [2] Missing argument 3 for responseMsg(), called in D:\xampp\htdocs\jianghu\Application\Home\Controller\ReturnController.class.php on line 11 and defined D:\xampp\htdocs\jianghu\Application\Common\Common\function.php 第 10 行.
NOTIC: [8] Undefined variable: msg D:\xampp\htdocs\jianghu\Application\Common\Common\function.php 第 11 行.

[ 2017-08-10T14:05:28+08:00 ] ::1 /jianghu/index.php/home/msg/checkPraiseMsg
INFO: [ app_init ] --START--
INFO: Run Behavior\BuildLiteBehavior [ RunTime:0.000015s ]
INFO: [ app_init ] --END-- [ RunTime:0.000795s ]
INFO: [ app_begin ] --START--
INFO: Run Behavior\ReadHtmlCacheBehavior [ RunTime:0.001194s ]
INFO: [ app_begin ] --END-- [ RunTime:0.001293s ]
SQL: SHOW COLUMNS FROM `jianghu_token` [ RunTime:0.0038s ]
SQL: SHOW COLUMNS FROM `jianghu_user` [ RunTime:0.0037s ]
SQL: SHOW COLUMNS FROM `jianghu_login_count` [ RunTime:0.0039s ]
SQL: SHOW COLUMNS FROM `jianghu_daily_num` [ RunTime:0.0038s ]
SQL: SELECT * FROM `jianghu_token` WHERE `token` = 'a7369773cfc392c5516570ee3194fa4a' AND `state` = 0 LIMIT 1   [ RunTime:0.0021s ]

[ 2017-08-10T14:05:28+08:00 ] ::1 /jianghu/index.php/Home/return/returnMsg.html?re=2&type=601
INFO: [ app_init ] --START--
INFO: Run Behavior\BuildLiteBehavior [ RunTime:0.000013s ]
INFO: [ app_init ] --END-- [ RunTime:0.000645s ]
INFO: [ app_begin ] --START--
INFO: Run Behavior\ReadHtmlCacheBehavior [ RunTime:0.000852s ]
INFO: [ app_begin ] --END-- [ RunTime:0.000916s ]
NOTIC: [2] Missing argument 3 for responseMsg(), called in D:\xampp\htdocs\jianghu\Application\Home\Controller\ReturnController.class.php on line 11 and defined D:\xampp\htdocs\jianghu\Application\Common\Common\function.php 第 10 行.
NOTIC: [8] Undefined variable: msg D:\xampp\htdocs\jianghu\Application\Common\Common\function.php 第 11 行.

[ 2017-08-10T14:05:43+08:00 ] ::1 /jianghu/index.php/home/poster/getPoster
INFO: [ app_init ] --START--
INFO: Run Behavior\BuildLiteBehavior [ RunTime:0.000014s ]
INFO: [ app_init ] --END-- [ RunTime:0.000650s ]
INFO: [ app_begin ] --START--
INFO: Run Behavior\ReadHtmlCacheBehavior [ RunTime:0.001314s ]
INFO: [ app_begin ] --END-- [ RunTime:0.001408s ]
SQL: SHOW COLUMNS FROM `jianghu_token` [ RunTime:0.0044s ]
SQL: SHOW COLUMNS FROM `jianghu_user` [ RunTime:0.0057s ]
SQL: SHOW COLUMNS FROM `jianghu_login_count` [ RunTime:0.0042s ]
SQL: SHOW COLUMNS FROM `jianghu_daily_num` [ RunTime:0.0041s ]
SQL: SELECT * FROM `jianghu_token` WHERE `token` = '2d461ebf6c5364e366e759f234d9434e' AND `state` = 0 LIMIT 1   [ RunTime:0.0005s ]
SQL: SELECT `isban` FROM `jianghu_user` WHERE `id` = 1 LIMIT 1   [ RunTime:0.0003s ]
SQL: SELECT * FROM `jianghu_login_count` WHERE `user_id` = 1 AND `date` = '2017-08-10' LIMIT 1   [ RunTime:0.0012s ]
SQL: SELECT * FROM `jianghu_daily_num` WHERE `date` = '2017-08-10' LIMIT 1   [ RunTime:0.0004s ]
SQL: SELECT `jointime` FROM `jianghu_user` WHERE `id` = 1 LIMIT 1   [ RunTime:0.0003s ]
SQL: SHOW COLUMNS FROM `jianghu_poster` [ RunTime:0.0046s ]
SQL: SHOW COLUMNS FROM `jianghu_poster_praise` [ RunTime:0.0041s ]
NOTIC: [8] Undefined index: poster_id D:\xampp\htdocs\jianghu\Application\Home\Controller\PosterController.class.php 第 23 行.
SQL: SELECT * FROM `jianghu_poster` WHERE `state` = 0 ORDER BY time desc  [ RunTime:0.0005s ]
SQL: SELECT * FROM `jianghu_poster_praise` WHERE `user_id` = 1 AND `poster_id` = 62  [ RunTime:0.0003s ]
SQL: SELECT * FROM `jianghu_poster_praise` WHERE `user_id` = 1 AND `poster_id` = 61  [ RunTime:0.0003s ]

[ 2017-08-10T14:08:24+08:00 ] ::1 /jianghu/index.php/home/introduce/showFriendIntro
INFO: [ app_init ] --START--
INFO: Run Behavior\BuildLiteBehavior [ RunTime:0.000023s ]
INFO: [ app_init ] --END-- [ RunTime:0.000809s ]
INFO: [ app_begin ] --START--
INFO: Run Behavior\ReadHtmlCacheBehavior [ RunTime:0.000948s ]
INFO: [ app_begin ] --END-- [ RunTime:0.001013s ]
SQL: SHOW COLUMNS FROM `jianghu_token` [ RunTime:0.0040s ]
SQL: SHOW COLUMNS FROM `jianghu_user` [ RunTime:0.0045s ]
SQL: SHOW COLUMNS FROM `jianghu_login_count` [ RunTime:0.0044s ]
SQL: SHOW COLUMNS FROM `jianghu_daily_num` [ RunTime:0.0041s ]
SQL: SELECT * FROM `jianghu_token` WHERE `token` = 'sn/yv1TijVcqin9FrIPDScUO1G2njjZlU3MP4/aI7V/qZiFpRY2Pajeh5YsSBbLbHrqhvKOBa9l/TIpKbBFpoA==' AND `state` = 0 LIMIT 1   [ RunTime:0.0005s ]
SQL: SELECT `isban` FROM `jianghu_user` WHERE `id` = 1 LIMIT 1   [ RunTime:0.0003s ]
SQL: SELECT * FROM `jianghu_login_count` WHERE `user_id` = 1 AND `date` = '2017-08-10' LIMIT 1   [ RunTime:0.0014s ]
SQL: SELECT * FROM `jianghu_daily_num` WHERE `date` = '2017-08-10' LIMIT 1   [ RunTime:0.0005s ]
SQL: SELECT `jointime` FROM `jianghu_user` WHERE `id` = 1 LIMIT 1   [ RunTime:0.0003s ]
SQL: SHOW COLUMNS FROM `jianghu_friend` [ RunTime:0.0047s ]
SQL: SHOW COLUMNS FROM `jianghu_introduce` [ RunTime:0.0050s ]
SQL: SHOW COLUMNS FROM `jianghu_introduce_images` [ RunTime:0.0040s ]
SQL: SHOW COLUMNS FROM `jianghu_introduce_domain` [ RunTime:0.0040s ]
SQL: SHOW COLUMNS FROM `jianghu_praise` [ RunTime:0.0039s ]
SQL: SHOW COLUMNS FROM `jianghu_comment` [ RunTime:0.0043s ]
SQL: SELECT `friend_id` FROM `jianghu_friend` WHERE `user_id` = 1  [ RunTime:0.0005s ]
SQL: SELECT * FROM `jianghu_introduce` WHERE `user_id` IN ('5','4','1','6','7','18','20','18','4','4','1','1','99','2','93') ORDER BY time desc LIMIT 0,10   [ RunTime:0.0020s ]
SQL: SHOW COLUMNS FROM `jianghu_business` [ RunTime:0.0042s ]
SQL: SHOW COLUMNS FROM `jianghu_collection` [ RunTime:0.0035s ]
SQL: SHOW COLUMNS FROM `jianghu_oppose` [ RunTime:0.0047s ]
SQL: SELECT * FROM `jianghu_introduce` WHERE `id` = 350 LIMIT 1   [ RunTime:0.0005s ]
SQL: SELECT `imageurl`,`thumb_imageurl` FROM `jianghu_introduce_images` WHERE `introduce_id` = 350  [ RunTime:0.0005s ]
SQL: SELECT `username` FROM `jianghu_user` WHERE `id` = 1 LIMIT 1   [ RunTime:0.0003s ]
SQL: SELECT `faceurl` FROM `jianghu_user` WHERE `id` = 1 LIMIT 1   [ RunTime:0.0004s ]
SQL: SELECT COUNT('degree') as degree_count,degree FROM jianghu_introduce WHERE isforward=350 or id=350 GROUP BY degree ORDER BY degree ASC  [ RunTime:0.0012s ]
SQL: SELECT * FROM `jianghu_praise` WHERE `introduce_id` = 350 AND `user_id` = 1 LIMIT 1   [ RunTime:0.0004s ]
SQL: SELECT * FROM `jianghu_oppose` WHERE `introduce_id` = 350 AND `user_id` = 1 LIMIT 1   [ RunTime:0.0002s ]
SQL: SELECT * FROM `jianghu_collection` WHERE `introduce_id` = 350 AND `user_id` = 1 LIMIT 1   [ RunTime:0.0002s ]
SQL: SELECT * FROM `jianghu_introduce` WHERE `id` = 349 LIMIT 1   [ RunTime:0.0004s ]
SQL: SELECT `imageurl`,`thumb_imageurl` FROM `jianghu_introduce_images` WHERE `introduce_id` = 349  [ RunTime:0.0004s ]
SQL: SELECT `username` FROM `jianghu_user` WHERE `id` = 4 LIMIT 1   [ RunTime:0.0002s ]
SQL: SELECT `faceurl` FROM `jianghu_user` WHERE `id` = 4 LIMIT 1   [ RunTime:0.0002s ]
SQL: SELECT COUNT('degree') as degree_count,degree FROM jianghu_introduce WHERE isforward=349 or id=349 GROUP BY degree ORDER BY degree ASC  [ RunTime:0.0005s ]
SQL: SELECT * FROM `jianghu_praise` WHERE `introduce_id` = 349 AND `user_id` = 1 LIMIT 1   [ RunTime:0.0004s ]
SQL: SELECT * FROM `jianghu_oppose` WHERE `introduce_id` = 349 AND `user_id` = 1 LIMIT 1   [ RunTime:0.0003s ]
SQL: SELECT * FROM `jianghu_collection` WHERE `introduce_id` = 349 AND `user_id` = 1 LIMIT 1   [ RunTime:0.0003s ]
SQL: SELECT * FROM `jianghu_comment` WHERE `user_id` IN ('5','4','1','6','7','18','20','18','4','4','1','1','99','2','93') AND `introduce_id` = 350 ORDER BY time desc LIMIT 0,2   [ RunTime:0.0004s ]
SQL: SELECT * FROM `jianghu_introduce` WHERE `id` = 349 LIMIT 1   [ RunTime:0.0004s ]
SQL: SELECT `imageurl`,`thumb_imageurl` FROM `jianghu_introduce_images` WHERE `introduce_id` = 349  [ RunTime:0.0005s ]
SQL: SELECT `username` FROM `jianghu_user` WHERE `id` = 4 LIMIT 1   [ RunTime:0.0003s ]
SQL: SELECT `faceurl` FROM `jianghu_user` WHERE `id` = 4 LIMIT 1   [ RunTime:0.0003s ]
SQL: SELECT COUNT('degree') as degree_count,degree FROM jianghu_introduce WHERE isforward=349 or id=349 GROUP BY degree ORDER BY degree ASC  [ RunTime:0.0005s ]
SQL: SELECT * FROM `jianghu_praise` WHERE `introduce_id` = 349 AND `user_id` = 1 LIMIT 1   [ RunTime:0.0004s ]
SQL: SELECT * FROM `jianghu_oppose` WHERE `introduce_id` = 349 AND `user_id` = 1 LIMIT 1   [ RunTime:0.0003s ]
SQL: SELECT * FROM `jianghu_collection` WHERE `introduce_id` = 349 AND `user_id` = 1 LIMIT 1   [ RunTime:0.0003s ]
SQL: SELECT * FROM `jianghu_comment` WHERE `user_id` IN ('5','4','1','6','7','18','20','18','4','4','1','1','99','2','93') AND `introduce_id` = 349 ORDER BY time desc LIMIT 0,2   [ RunTime:0.0004s ]
SQL: SELECT * FROM `jianghu_introduce` WHERE `id` = 348 LIMIT 1   [ RunTime:0.0003s ]
SQL: SELECT `imageurl`,`thumb_imageurl` FROM `jianghu_introduce_images` WHERE `introduce_id` = 348  [ RunTime:0.0005s ]
SQL: SELECT `username` FROM `jianghu_user` WHERE `id` = 93 LIMIT 1   [ RunTime:0.0003s ]
SQL: SELECT `faceurl` FROM `jianghu_user` WHERE `id` = 93 LIMIT 1   [ RunTime:0.0003s ]
SQL: SELECT COUNT('degree') as degree_count,degree FROM jianghu_introduce WHERE isforward=348 or id=348 GROUP BY degree ORDER BY degree ASC  [ RunTime:0.0005s ]
SQL: SELECT * FROM `jianghu_praise` WHERE `introduce_id` = 348 AND `user_id` = 1 LIMIT 1   [ RunTime:0.0004s ]
SQL: SELECT * FROM `jianghu_oppose` WHERE `introduce_id` = 348 AND `user_id` = 1 LIMIT 1   [ RunTime:0.0003s ]
SQL: SELECT * FROM `jianghu_collection` WHERE `introduce_id` = 348 AND `user_id` = 1 LIMIT 1   [ RunTime:0.0003s ]
SQL: SELECT * FROM `jianghu_comment` WHERE `user_id` IN ('5','4','1','6','7','18','20','18','4','4','1','1','99','2','93') AND `introduce_id` = 348 ORDER BY time desc LIMIT 0,2   [ RunTime:0.0004s ]
SQL: SELECT `faceurl` FROM `jianghu_user` WHERE `id` = 1 LIMIT 1   [ RunTime:0.0003s ]
SQL: SELECT `username` FROM `jianghu_user` WHERE `id` = 1 LIMIT 1   [ RunTime:0.0003s ]
SQL: SELECT * FROM `jianghu_introduce` WHERE `id` = 347 LIMIT 1   [ RunTime:0.0004s ]
SQL: SELECT `imageurl`,`thumb_imageurl` FROM `jianghu_introduce_images` WHERE `introduce_id` = 347  [ RunTime:0.0005s ]
SQL: SELECT `username` FROM `jianghu_user` WHERE `id` = 1 LIMIT 1   [ RunTime:0.0003s ]
SQL: SELECT `faceurl` FROM `jianghu_user` WHERE `id` = 1 LIMIT 1   [ RunTime:0.0003s ]
SQL: SELECT COUNT('degree') as degree_count,degree FROM jianghu_introduce WHERE isforward=347 or id=347 GROUP BY degree ORDER BY degree ASC  [ RunTime:0.0005s ]
SQL: SELECT * FROM `jianghu_praise` WHERE `introduce_id` = 347 AND `user_id` = 1 LIMIT 1   [ RunTime:0.0004s ]
SQL: SELECT * FROM `jianghu_oppose` WHERE `introduce_id` = 347 AND `user_id` = 1 LIMIT 1   [ RunTime:0.0003s ]
SQL: SELECT * FROM `jianghu_collection` WHERE `introduce_id` = 347 AND `user_id` = 1 LIMIT 1   [ RunTime:0.0003s ]
SQL: SELECT * FROM `jianghu_comment` WHERE `user_id` IN ('5','4','1','6','7','18','20','18','4','4','1','1','99','2','93') AND `introduce_id` = 347 ORDER BY time desc LIMIT 0,2   [ RunTime:0.0004s ]
SQL: SELECT `faceurl` FROM `jianghu_user` WHERE `id` = 1 LIMIT 1   [ RunTime:0.0004s ]
SQL: SELECT `username` FROM `jianghu_user` WHERE `id` = 1 LIMIT 1   [ RunTime:0.0004s ]
SQL: SELECT * FROM `jianghu_introduce` WHERE `id` = 342 LIMIT 1   [ RunTime:0.0004s ]
SQL: SELECT `imageurl`,`thumb_imageurl` FROM `jianghu_introduce_images` WHERE `introduce_id` = 342  [ RunTime:0.0004s ]
SQL: SELECT `username` FROM `jianghu_user` WHERE `id` = 99 LIMIT 1   [ RunTime:0.0003s ]
SQL: SELECT `faceurl` FROM `jianghu_user` WHERE `id` = 99 LIMIT 1   [ RunTime:0.0002s ]
SQL: SELECT COUNT('degree') as degree_count,degree FROM jianghu_introduce WHERE isforward=342 or id=342 GROUP BY degree ORDER BY degree ASC  [ RunTime:0.0005s ]
SQL: SELECT * FROM `jianghu_praise` WHERE `introduce_id` = 342 AND `user_id` = 1 LIMIT 1   [ RunTime:0.0004s ]
SQL: SELECT * FROM `jianghu_oppose` WHERE `introduce_id` = 342 AND `user_id` = 1 LIMIT 1   [ RunTime:0.0003s ]
SQL: SELECT * FROM `jianghu_collection` WHERE `introduce_id` = 342 AND `user_id` = 1 LIMIT 1   [ RunTime:0.0003s ]
SQL: SELECT * FROM `jianghu_introduce` WHERE `id` = 339 LIMIT 1   [ RunTime:0.0003s ]
SQL: SELECT `imageurl`,`thumb_imageurl` FROM `jianghu_introduce_images` WHERE `introduce_id` = 339  [ RunTime:0.0004s ]
SQL: SELECT `username` FROM `jianghu_user` WHERE `id` = 98 LIMIT 1   [ RunTime:0.0003s ]
SQL: SELECT `faceurl` FROM `jianghu_user` WHERE `id` = 98 LIMIT 1   [ RunTime:0.0002s ]
SQL: SELECT COUNT('degree') as degree_count,degree FROM jianghu_introduce WHERE isforward=339 or id=339 GROUP BY degree ORDER BY degree ASC  [ RunTime:0.0006s ]
SQL: SELECT * FROM `jianghu_praise` WHERE `introduce_id` = 339 AND `user_id` = 1 LIMIT 1   [ RunTime:0.0004s ]
SQL: SELECT * FROM `jianghu_oppose` WHERE `introduce_id` = 339 AND `user_id` = 1 LIMIT 1   [ RunTime:0.0003s ]
SQL: SELECT * FROM `jianghu_collection` WHERE `introduce_id` = 339 AND `user_id` = 1 LIMIT 1   [ RunTime:0.0003s ]
SQL: SELECT * FROM `jianghu_comment` WHERE `user_id` IN ('5','4','1','6','7','18','20','18','4','4','1','1','99','2','93') AND `introduce_id` = 342 ORDER BY time desc LIMIT 0,2   [ RunTime:0.0004s ]
SQL: SELECT * FROM `jianghu_introduce` WHERE `id` = 336 LIMIT 1   [ RunTime:0.0003s ]
SQL: SELECT `imageurl`,`thumb_imageurl` FROM `jianghu_introduce_images` WHERE `introduce_id` = 336  [ RunTime:0.0004s ]
SQL: SELECT `username` FROM `jianghu_user` WHERE `id` = 1 LIMIT 1   [ RunTime:0.0003s ]
SQL: SELECT `faceurl` FROM `jianghu_user` WHERE `id` = 1 LIMIT 1   [ RunTime:0.0003s ]
SQL: SELECT COUNT('degree') as degree_count,degree FROM jianghu_introduce WHERE isforward=336 or id=336 GROUP BY degree ORDER BY degree ASC  [ RunTime:0.0005s ]
SQL: SELECT * FROM `jianghu_praise` WHERE `introduce_id` = 336 AND `user_id` = 1 LIMIT 1   [ RunTime:0.0004s ]
SQL: SELECT * FROM `jianghu_oppose` WHERE `introduce_id` = 336 AND `user_id` = 1 LIMIT 1   [ RunTime:0.0003s ]
SQL: SELECT * FROM `jianghu_collection` WHERE `introduce_id` = 336 AND `user_id` = 1 LIMIT 1   [ RunTime:0.0003s ]
SQL: SELECT * FROM `jianghu_comment` WHERE `user_id` IN ('5','4','1','6','7','18','20','18','4','4','1','1','99','2','93') AND `introduce_id` = 336 ORDER BY time desc LIMIT 0,2   [ RunTime:0.0004s ]
SQL: SELECT `faceurl` FROM `jianghu_user` WHERE `id` = 1 LIMIT 1   [ RunTime:0.0002s ]
SQL: SELECT `username` FROM `jianghu_user` WHERE `id` = 1 LIMIT 1   [ RunTime:0.0002s ]
SQL: SELECT * FROM `jianghu_introduce` WHERE `id` = 335 LIMIT 1   [ RunTime:0.0004s ]
SQL: SELECT `imageurl`,`thumb_imageurl` FROM `jianghu_introduce_images` WHERE `introduce_id` = 335  [ RunTime:0.0004s ]
SQL: SELECT `username` FROM `jianghu_user` WHERE `id` = 1 LIMIT 1   [ RunTime:0.0003s ]
SQL: SELECT `faceurl` FROM `jianghu_user` WHERE `id` = 1 LIMIT 1   [ RunTime:0.0003s ]
SQL: SELECT COUNT('degree') as degree_count,degree FROM jianghu_introduce WHERE isforward=335 or id=335 GROUP BY degree ORDER BY degree ASC  [ RunTime:0.0006s ]
SQL: SELECT * FROM `jianghu_praise` WHERE `introduce_id` = 335 AND `user_id` = 1 LIMIT 1   [ RunTime:0.0004s ]
SQL: SELECT * FROM `jianghu_oppose` WHERE `introduce_id` = 335 AND `user_id` = 1 LIMIT 1   [ RunTime:0.0003s ]
SQL: SELECT * FROM `jianghu_collection` WHERE `introduce_id` = 335 AND `user_id` = 1 LIMIT 1   [ RunTime:0.0003s ]
SQL: SELECT * FROM `jianghu_comment` WHERE `user_id` IN ('5','4','1','6','7','18','20','18','4','4','1','1','99','2','93') AND `introduce_id` = 335 ORDER BY time desc LIMIT 0,2   [ RunTime:0.0004s ]
SQL: SELECT * FROM `jianghu_introduce` WHERE `id` = 334 LIMIT 1   [ RunTime:0.0003s ]
SQL: SELECT `imageurl`,`thumb_imageurl` FROM `jianghu_introduce_images` WHERE `introduce_id` = 334  [ RunTime:0.0004s ]
SQL: SELECT `username` FROM `jianghu_user` WHERE `id` = 2 LIMIT 1   [ RunTime:0.0002s ]
SQL: SELECT `faceurl` FROM `jianghu_user` WHERE `id` = 2 LIMIT 1   [ RunTime:0.0003s ]
SQL: SELECT COUNT('degree') as degree_count,degree FROM jianghu_introduce WHERE isforward=334 or id=334 GROUP BY degree ORDER BY degree ASC  [ RunTime:0.0005s ]
SQL: SELECT * FROM `jianghu_praise` WHERE `introduce_id` = 334 AND `user_id` = 1 LIMIT 1   [ RunTime:0.0005s ]
SQL: SELECT * FROM `jianghu_oppose` WHERE `introduce_id` = 334 AND `user_id` = 1 LIMIT 1   [ RunTime:0.0003s ]
SQL: SELECT * FROM `jianghu_collection` WHERE `introduce_id` = 334 AND `user_id` = 1 LIMIT 1   [ RunTime:0.0003s ]
SQL: SELECT * FROM `jianghu_comment` WHERE `user_id` IN ('5','4','1','6','7','18','20','18','4','4','1','1','99','2','93') AND `introduce_id` = 334 ORDER BY time desc LIMIT 0,2   [ RunTime:0.0004s ]
SQL: SELECT * FROM `jianghu_introduce` WHERE `id` = 331 LIMIT 1   [ RunTime:0.0004s ]
SQL: SELECT `imageurl`,`thumb_imageurl` FROM `jianghu_introduce_images` WHERE `introduce_id` = 331  [ RunTime:0.0004s ]
SQL: SELECT `username` FROM `jianghu_user` WHERE `id` = 99 LIMIT 1   [ RunTime:0.0002s ]
SQL: SELECT `faceurl` FROM `jianghu_user` WHERE `id` = 99 LIMIT 1   [ RunTime:0.0003s ]
SQL: SELECT COUNT('degree') as degree_count,degree FROM jianghu_introduce WHERE isforward=331 or id=331 GROUP BY degree ORDER BY degree ASC  [ RunTime:0.0005s ]
SQL: SELECT * FROM `jianghu_praise` WHERE `introduce_id` = 331 AND `user_id` = 1 LIMIT 1   [ RunTime:0.0004s ]
SQL: SELECT * FROM `jianghu_oppose` WHERE `introduce_id` = 331 AND `user_id` = 1 LIMIT 1   [ RunTime:0.0003s ]
SQL: SELECT * FROM `jianghu_collection` WHERE `introduce_id` = 331 AND `user_id` = 1 LIMIT 1   [ RunTime:0.0003s ]
SQL: SELECT * FROM `jianghu_introduce` WHERE `id` = 330 LIMIT 1   [ RunTime:0.0003s ]
SQL: SELECT `imageurl`,`thumb_imageurl` FROM `jianghu_introduce_images` WHERE `introduce_id` = 330  [ RunTime:0.0005s ]
SQL: SELECT `username` FROM `jianghu_user` WHERE `id` = 98 LIMIT 1   [ RunTime:0.0003s ]
SQL: SELECT `faceurl` FROM `jianghu_user` WHERE `id` = 98 LIMIT 1   [ RunTime:0.0002s ]
SQL: SELECT COUNT('degree') as degree_count,degree FROM jianghu_introduce WHERE isforward=330 or id=330 GROUP BY degree ORDER BY degree ASC  [ RunTime:0.0006s ]
SQL: SELECT * FROM `jianghu_praise` WHERE `introduce_id` = 330 AND `user_id` = 1 LIMIT 1   [ RunTime:0.0004s ]
SQL: SELECT * FROM `jianghu_oppose` WHERE `introduce_id` = 330 AND `user_id` = 1 LIMIT 1   [ RunTime:0.0003s ]
SQL: SELECT * FROM `jianghu_collection` WHERE `introduce_id` = 330 AND `user_id` = 1 LIMIT 1   [ RunTime:0.0003s ]
SQL: SELECT * FROM `jianghu_comment` WHERE `user_id` IN ('5','4','1','6','7','18','20','18','4','4','1','1','99','2','93') AND `introduce_id` = 331 ORDER BY time desc LIMIT 0,2   [ RunTime:0.0004s ]
SQL: SELECT * FROM `jianghu_introduce` WHERE `id` = 319 LIMIT 1   [ RunTime:0.0004s ]
SQL: SELECT `imageurl`,`thumb_imageurl` FROM `jianghu_introduce_images` WHERE `introduce_id` = 319  [ RunTime:0.0004s ]
SQL: SELECT `username` FROM `jianghu_user` WHERE `id` = 2 LIMIT 1   [ RunTime:0.0003s ]
SQL: SELECT `faceurl` FROM `jianghu_user` WHERE `id` = 2 LIMIT 1   [ RunTime:0.0003s ]
SQL: SELECT COUNT('degree') as degree_count,degree FROM jianghu_introduce WHERE isforward=319 or id=319 GROUP BY degree ORDER BY degree ASC  [ RunTime:0.0005s ]
SQL: SELECT * FROM `jianghu_praise` WHERE `introduce_id` = 319 AND `user_id` = 1 LIMIT 1   [ RunTime:0.0004s ]
SQL: SELECT * FROM `jianghu_oppose` WHERE `introduce_id` = 319 AND `user_id` = 1 LIMIT 1   [ RunTime:0.0004s ]
SQL: SELECT * FROM `jianghu_collection` WHERE `introduce_id` = 319 AND `user_id` = 1 LIMIT 1   [ RunTime:0.0003s ]
SQL: SELECT * FROM `jianghu_comment` WHERE `user_id` IN ('5','4','1','6','7','18','20','18','4','4','1','1','99','2','93') AND `introduce_id` = 319 ORDER BY time desc LIMIT 0,2   [ RunTime:0.0004s ]
SQL: SELECT `faceurl` FROM `jianghu_user` WHERE `id` = 2 LIMIT 1   [ RunTime:0.0002s ]
SQL: SELECT `username` FROM `jianghu_user` WHERE `id` = 2 LIMIT 1   [ RunTime:0.0003s ]
SQL: SELECT `faceurl` FROM `jianghu_user` WHERE `id` = 2 LIMIT 1   [ RunTime:0.0003s ]
SQL: SELECT `username` FROM `jianghu_user` WHERE `id` = 2 LIMIT 1   [ RunTime:0.0003s ]
SQL: UPDATE `jianghu_user` SET `unreadnum`='0' WHERE `id` = 1 [ RunTime:0.0973s ]

[ 2017-08-10T14:46:30+08:00 ] ::1 /jianghu/index.php/home/update/getNewestAkp
INFO: [ app_init ] --START--
INFO: Run Behavior\BuildLiteBehavior [ RunTime:0.000014s ]
INFO: [ app_init ] --END-- [ RunTime:0.000634s ]
INFO: [ app_begin ] --START--
INFO: Run Behavior\ReadHtmlCacheBehavior [ RunTime:0.000961s ]
INFO: [ app_begin ] --END-- [ RunTime:0.001024s ]
SQL: SHOW COLUMNS FROM `jianghu_update` [ RunTime:0.0047s ]
SQL: SELECT * FROM `jianghu_update` ORDER BY time desc  [ RunTime:0.0017s ]

[ 2017-08-10T14:46:36+08:00 ] ::1 /jianghu/index.php/home/update/getNewestAkp
INFO: [ app_init ] --START--
INFO: Run Behavior\BuildLiteBehavior [ RunTime:0.000015s ]
INFO: [ app_init ] --END-- [ RunTime:0.001115s ]
INFO: [ app_begin ] --START--
INFO: Run Behavior\ReadHtmlCacheBehavior [ RunTime:0.001619s ]
INFO: [ app_begin ] --END-- [ RunTime:0.001712s ]
SQL: SHOW COLUMNS FROM `jianghu_update` [ RunTime:0.0058s ]
SQL: SELECT * FROM `jianghu_update` ORDER BY time desc  [ RunTime:0.0006s ]

[ 2017-08-10T14:46:40+08:00 ] ::1 /jianghu/index.php/home/update/getNewestAkp
INFO: [ app_init ] --START--
INFO: Run Behavior\BuildLiteBehavior [ RunTime:0.000021s ]
INFO: [ app_init ] --END-- [ RunTime:0.001065s ]
INFO: [ app_begin ] --START--
INFO: Run Behavior\ReadHtmlCacheBehavior [ RunTime:0.000890s ]
INFO: [ app_begin ] --END-- [ RunTime:0.000954s ]
SQL: SHOW COLUMNS FROM `jianghu_update` [ RunTime:0.0115s ]
SQL: SELECT * FROM `jianghu_update` ORDER BY time desc  [ RunTime:0.0004s ]

[ 2017-08-10T14:46:51+08:00 ] ::1 /jianghu/index.php/home/update/getNewestAkp
INFO: [ app_init ] --START--
INFO: Run Behavior\BuildLiteBehavior [ RunTime:0.000016s ]
INFO: [ app_init ] --END-- [ RunTime:0.000730s ]
INFO: [ app_begin ] --START--
INFO: Run Behavior\ReadHtmlCacheBehavior [ RunTime:0.001379s ]
INFO: [ app_begin ] --END-- [ RunTime:0.001469s ]
SQL: SHOW COLUMNS FROM `jianghu_update` [ RunTime:0.0040s ]
SQL: SELECT * FROM `jianghu_update` ORDER BY time desc  [ RunTime:0.0005s ]

[ 2017-08-10T14:46:57+08:00 ] ::1 /jianghu/index.php/home/update/getNewestAkp
INFO: [ app_init ] --START--
INFO: Run Behavior\BuildLiteBehavior [ RunTime:0.000014s ]
INFO: [ app_init ] --END-- [ RunTime:0.000642s ]
INFO: [ app_begin ] --START--
INFO: Run Behavior\ReadHtmlCacheBehavior [ RunTime:0.000868s ]
INFO: [ app_begin ] --END-- [ RunTime:0.000930s ]
SQL: SHOW COLUMNS FROM `jianghu_update` [ RunTime:0.0041s ]
SQL: SELECT * FROM `jianghu_update` ORDER BY time desc  [ RunTime:0.0004s ]

