[ 2016-09-28T13:40:01+08:00 ] ::1 /jianghu/localhost/jianghu/index.php/home/user/getunreadnum
INFO: [ app_init ] --START--
INFO: Run Behavior\BuildLiteBehavior [ RunTime:0.000012s ]
INFO: [ app_init ] --END-- [ RunTime:0.000433s ]
ERR: 无法加载模块:Localhost

[ 2016-09-28T13:40:04+08:00 ] ::1 /jianghu/localhost/jianghu/index.php/home/user/getunreadnum
INFO: [ app_init ] --START--
INFO: Run Behavior\BuildLiteBehavior [ RunTime:0.000027s ]
INFO: [ app_init ] --END-- [ RunTime:0.000913s ]
ERR: 无法加载模块:Localhost

[ 2016-09-28T13:40:07+08:00 ] ::1 /jianghu/localhost/jianghu/index.php/home/user/getunreadnum
INFO: [ app_init ] --START--
INFO: Run Behavior\BuildLiteBehavior [ RunTime:0.000022s ]
INFO: [ app_init ] --END-- [ RunTime:0.000679s ]
ERR: 无法加载模块:Localhost

[ 2016-09-28T13:40:10+08:00 ] ::1 /jianghu/localhost/jianghu/index.php/home/user/getunreadnum
INFO: [ app_init ] --START--
INFO: Run Behavior\BuildLiteBehavior [ RunTime:0.000015s ]
INFO: [ app_init ] --END-- [ RunTime:0.000603s ]
ERR: 无法加载模块:Localhost

[ 2016-09-28T13:40:13+08:00 ] ::1 /jianghu/localhost/jianghu/index.php/home/user/getunreadnum
INFO: [ app_init ] --START--
INFO: Run Behavior\BuildLiteBehavior [ RunTime:0.000012s ]
INFO: [ app_init ] --END-- [ RunTime:0.000482s ]
ERR: 无法加载模块:Localhost

[ 2016-09-28T13:40:16+08:00 ] ::1 /jianghu/localhost/jianghu/index.php/home/user/getunreadnum
INFO: [ app_init ] --START--
INFO: Run Behavior\BuildLiteBehavior [ RunTime:0.000013s ]
INFO: [ app_init ] --END-- [ RunTime:0.000436s ]
ERR: 无法加载模块:Localhost

[ 2016-09-28T13:40:19+08:00 ] ::1 /jianghu/localhost/jianghu/index.php/home/user/getunreadnum
INFO: [ app_init ] --START--
INFO: Run Behavior\BuildLiteBehavior [ RunTime:0.000012s ]
INFO: [ app_init ] --END-- [ RunTime:0.000420s ]
ERR: 无法加载模块:Localhost

[ 2016-09-28T13:40:22+08:00 ] ::1 /jianghu/localhost/jianghu/index.php/home/user/getunreadnum
INFO: [ app_init ] --START--
INFO: Run Behavior\BuildLiteBehavior [ RunTime:0.000022s ]
INFO: [ app_init ] --END-- [ RunTime:0.000565s ]
ERR: 无法加载模块:Localhost

[ 2016-09-28T13:40:25+08:00 ] ::1 /jianghu/localhost/jianghu/index.php/home/user/getunreadnum
INFO: [ app_init ] --START--
INFO: Run Behavior\BuildLiteBehavior [ RunTime:0.000013s ]
INFO: [ app_init ] --END-- [ RunTime:0.000450s ]
ERR: 无法加载模块:Localhost

[ 2016-09-28T13:40:28+08:00 ] ::1 /jianghu/localhost/jianghu/index.php/home/user/getunreadnum
INFO: [ app_init ] --START--
INFO: Run Behavior\BuildLiteBehavior [ RunTime:0.000012s ]
INFO: [ app_init ] --END-- [ RunTime:0.000438s ]
ERR: 无法加载模块:Localhost

[ 2016-09-28T13:40:31+08:00 ] ::1 /jianghu/localhost/jianghu/index.php/home/user/getunreadnum
INFO: [ app_init ] --START--
INFO: Run Behavior\BuildLiteBehavior [ RunTime:0.000012s ]
INFO: [ app_init ] --END-- [ RunTime:0.000433s ]
ERR: 无法加载模块:Localhost

[ 2016-09-28T13:40:34+08:00 ] ::1 /jianghu/localhost/jianghu/index.php/home/user/getunreadnum
INFO: [ app_init ] --START--
INFO: Run Behavior\BuildLiteBehavior [ RunTime:0.000013s ]
INFO: [ app_init ] --END-- [ RunTime:0.000474s ]
ERR: 无法加载模块:Localhost

[ 2016-09-28T13:40:37+08:00 ] ::1 /jianghu/localhost/jianghu/index.php/home/user/getunreadnum
INFO: [ app_init ] --START--
INFO: Run Behavior\BuildLiteBehavior [ RunTime:0.000013s ]
INFO: [ app_init ] --END-- [ RunTime:0.000437s ]
ERR: 无法加载模块:Localhost

[ 2016-09-28T13:40:40+08:00 ] ::1 /jianghu/localhost/jianghu/index.php/home/user/getunreadnum
INFO: [ app_init ] --START--
INFO: Run Behavior\BuildLiteBehavior [ RunTime:0.000013s ]
INFO: [ app_init ] --END-- [ RunTime:0.000444s ]
ERR: 无法加载模块:Localhost

[ 2016-09-28T13:40:43+08:00 ] ::1 /jianghu/localhost/jianghu/index.php/home/user/getunreadnum
INFO: [ app_init ] --START--
INFO: Run Behavior\BuildLiteBehavior [ RunTime:0.000012s ]
INFO: [ app_init ] --END-- [ RunTime:0.000427s ]
ERR: 无法加载模块:Localhost

[ 2016-09-28T13:40:46+08:00 ] ::1 /jianghu/localhost/jianghu/index.php/home/user/getunreadnum
INFO: [ app_init ] --START--
INFO: Run Behavior\BuildLiteBehavior [ RunTime:0.000015s ]
INFO: [ app_init ] --END-- [ RunTime:0.000558s ]
ERR: 无法加载模块:Localhost

[ 2016-09-28T13:40:49+08:00 ] ::1 /jianghu/localhost/jianghu/index.php/home/user/getunreadnum
INFO: [ app_init ] --START--
INFO: Run Behavior\BuildLiteBehavior [ RunTime:0.000012s ]
INFO: [ app_init ] --END-- [ RunTime:0.000430s ]
ERR: 无法加载模块:Localhost

[ 2016-09-28T13:40:52+08:00 ] ::1 /jianghu/localhost/jianghu/index.php/home/user/getunreadnum
INFO: [ app_init ] --START--
INFO: Run Behavior\BuildLiteBehavior [ RunTime:0.000013s ]
INFO: [ app_init ] --END-- [ RunTime:0.000509s ]
ERR: 无法加载模块:Localhost

[ 2016-09-28T13:40:55+08:00 ] ::1 /jianghu/localhost/jianghu/index.php/home/user/getunreadnum
INFO: [ app_init ] --START--
INFO: Run Behavior\BuildLiteBehavior [ RunTime:0.000011s ]
INFO: [ app_init ] --END-- [ RunTime:0.000417s ]
ERR: 无法加载模块:Localhost

[ 2016-09-28T13:40:58+08:00 ] ::1 /jianghu/localhost/jianghu/index.php/home/user/getunreadnum
INFO: [ app_init ] --START--
INFO: Run Behavior\BuildLiteBehavior [ RunTime:0.000012s ]
INFO: [ app_init ] --END-- [ RunTime:0.000417s ]
ERR: 无法加载模块:Localhost

[ 2016-09-28T13:41:01+08:00 ] ::1 /jianghu/localhost/jianghu/index.php/home/user/getunreadnum
INFO: [ app_init ] --START--
INFO: Run Behavior\BuildLiteBehavior [ RunTime:0.000011s ]
INFO: [ app_init ] --END-- [ RunTime:0.000430s ]
ERR: 无法加载模块:Localhost

[ 2016-09-28T13:41:04+08:00 ] ::1 /jianghu/localhost/jianghu/index.php/home/user/getunreadnum
INFO: [ app_init ] --START--
INFO: Run Behavior\BuildLiteBehavior [ RunTime:0.000017s ]
INFO: [ app_init ] --END-- [ RunTime:0.000652s ]
ERR: 无法加载模块:Localhost

[ 2016-09-28T13:41:07+08:00 ] ::1 /jianghu/localhost/jianghu/index.php/home/user/getunreadnum
INFO: [ app_init ] --START--
INFO: Run Behavior\BuildLiteBehavior [ RunTime:0.000013s ]
INFO: [ app_init ] --END-- [ RunTime:0.000425s ]
ERR: 无法加载模块:Localhost

[ 2016-09-28T13:41:10+08:00 ] ::1 /jianghu/localhost/jianghu/index.php/home/user/getunreadnum
INFO: [ app_init ] --START--
INFO: Run Behavior\BuildLiteBehavior [ RunTime:0.000028s ]
INFO: [ app_init ] --END-- [ RunTime:0.000847s ]
ERR: 无法加载模块:Localhost

[ 2016-09-28T13:41:13+08:00 ] ::1 /jianghu/localhost/jianghu/index.php/home/user/getunreadnum
INFO: [ app_init ] --START--
INFO: Run Behavior\BuildLiteBehavior [ RunTime:0.000021s ]
INFO: [ app_init ] --END-- [ RunTime:0.000833s ]
ERR: 无法加载模块:Localhost

[ 2016-09-28T13:41:16+08:00 ] ::1 /jianghu/localhost/jianghu/index.php/home/user/getunreadnum
INFO: [ app_init ] --START--
INFO: Run Behavior\BuildLiteBehavior [ RunTime:0.000025s ]
INFO: [ app_init ] --END-- [ RunTime:0.001117s ]
ERR: 无法加载模块:Localhost

[ 2016-09-28T13:41:19+08:00 ] ::1 /jianghu/localhost/jianghu/index.php/home/user/getunreadnum
INFO: [ app_init ] --START--
INFO: Run Behavior\BuildLiteBehavior [ RunTime:0.000017s ]
INFO: [ app_init ] --END-- [ RunTime:0.000551s ]
ERR: 无法加载模块:Localhost

[ 2016-09-28T13:41:22+08:00 ] ::1 /jianghu/localhost/jianghu/index.php/home/user/getunreadnum
INFO: [ app_init ] --START--
INFO: Run Behavior\BuildLiteBehavior [ RunTime:0.000013s ]
INFO: [ app_init ] --END-- [ RunTime:0.000444s ]
ERR: 无法加载模块:Localhost

[ 2016-09-28T13:41:25+08:00 ] ::1 /jianghu/localhost/jianghu/index.php/home/user/getunreadnum
INFO: [ app_init ] --START--
INFO: Run Behavior\BuildLiteBehavior [ RunTime:0.000012s ]
INFO: [ app_init ] --END-- [ RunTime:0.000445s ]
ERR: 无法加载模块:Localhost

[ 2016-09-28T13:41:28+08:00 ] ::1 /jianghu/localhost/jianghu/index.php/home/user/getunreadnum
INFO: [ app_init ] --START--
INFO: Run Behavior\BuildLiteBehavior [ RunTime:0.000035s ]
INFO: [ app_init ] --END-- [ RunTime:0.000877s ]
ERR: 无法加载模块:Localhost

[ 2016-09-28T13:41:31+08:00 ] ::1 /jianghu/localhost/jianghu/index.php/home/user/getunreadnum
INFO: [ app_init ] --START--
INFO: Run Behavior\BuildLiteBehavior [ RunTime:0.000019s ]
INFO: [ app_init ] --END-- [ RunTime:0.000708s ]
ERR: 无法加载模块:Localhost

[ 2016-09-28T13:41:34+08:00 ] ::1 /jianghu/localhost/jianghu/index.php/home/user/getunreadnum
INFO: [ app_init ] --START--
INFO: Run Behavior\BuildLiteBehavior [ RunTime:0.000011s ]
INFO: [ app_init ] --END-- [ RunTime:0.000436s ]
ERR: 无法加载模块:Localhost

[ 2016-09-28T13:41:37+08:00 ] ::1 /jianghu/localhost/jianghu/index.php/home/user/getunreadnum
INFO: [ app_init ] --START--
INFO: Run Behavior\BuildLiteBehavior [ RunTime:0.000011s ]
INFO: [ app_init ] --END-- [ RunTime:0.000412s ]
ERR: 无法加载模块:Localhost

[ 2016-09-28T13:41:41+08:00 ] ::1 /jianghu/localhost/jianghu/index.php/home/user/getunreadnum
INFO: [ app_init ] --START--
INFO: Run Behavior\BuildLiteBehavior [ RunTime:0.000011s ]
INFO: [ app_init ] --END-- [ RunTime:0.000434s ]
ERR: 无法加载模块:Localhost

[ 2016-09-28T13:41:45+08:00 ] ::1 /jianghu/localhost/jianghu/index.php/home/user/getunreadnum
INFO: [ app_init ] --START--
INFO: Run Behavior\BuildLiteBehavior [ RunTime:0.000015s ]
INFO: [ app_init ] --END-- [ RunTime:0.000578s ]
ERR: 无法加载模块:Localhost

[ 2016-09-28T13:41:49+08:00 ] ::1 /jianghu/localhost/jianghu/index.php/home/user/getunreadnum
INFO: [ app_init ] --START--
INFO: Run Behavior\BuildLiteBehavior [ RunTime:0.000013s ]
INFO: [ app_init ] --END-- [ RunTime:0.000445s ]
ERR: 无法加载模块:Localhost

[ 2016-09-28T13:41:53+08:00 ] ::1 /jianghu/localhost/jianghu/index.php/home/user/getunreadnum
INFO: [ app_init ] --START--
INFO: Run Behavior\BuildLiteBehavior [ RunTime:0.000012s ]
INFO: [ app_init ] --END-- [ RunTime:0.000438s ]
ERR: 无法加载模块:Localhost

[ 2016-09-28T13:41:57+08:00 ] ::1 /jianghu/localhost/jianghu/index.php/home/user/getunreadnum
INFO: [ app_init ] --START--
INFO: Run Behavior\BuildLiteBehavior [ RunTime:0.000012s ]
INFO: [ app_init ] --END-- [ RunTime:0.000423s ]
ERR: 无法加载模块:Localhost

[ 2016-09-28T13:42:01+08:00 ] ::1 /jianghu/localhost/jianghu/index.php/home/user/getunreadnum
INFO: [ app_init ] --START--
INFO: Run Behavior\BuildLiteBehavior [ RunTime:0.000012s ]
INFO: [ app_init ] --END-- [ RunTime:0.000428s ]
ERR: 无法加载模块:Localhost

[ 2016-09-28T13:42:05+08:00 ] ::1 /jianghu/localhost/jianghu/index.php/home/user/getunreadnum
INFO: [ app_init ] --START--
INFO: Run Behavior\BuildLiteBehavior [ RunTime:0.000028s ]
INFO: [ app_init ] --END-- [ RunTime:0.000654s ]
ERR: 无法加载模块:Localhost

[ 2016-09-28T13:42:09+08:00 ] ::1 /jianghu/localhost/jianghu/index.php/home/user/getunreadnum
INFO: [ app_init ] --START--
INFO: Run Behavior\BuildLiteBehavior [ RunTime:0.000012s ]
INFO: [ app_init ] --END-- [ RunTime:0.000421s ]
ERR: 无法加载模块:Localhost

[ 2016-09-28T13:42:13+08:00 ] ::1 /jianghu/localhost/jianghu/index.php/home/user/getunreadnum
INFO: [ app_init ] --START--
INFO: Run Behavior\BuildLiteBehavior [ RunTime:0.000012s ]
INFO: [ app_init ] --END-- [ RunTime:0.000440s ]
ERR: 无法加载模块:Localhost

[ 2016-09-28T13:42:17+08:00 ] ::1 /jianghu/localhost/jianghu/index.php/home/user/getunreadnum
INFO: [ app_init ] --START--
INFO: Run Behavior\BuildLiteBehavior [ RunTime:0.000016s ]
INFO: [ app_init ] --END-- [ RunTime:0.000571s ]
ERR: 无法加载模块:Localhost

[ 2016-09-28T13:42:21+08:00 ] ::1 /jianghu/localhost/jianghu/index.php/home/user/getunreadnum
INFO: [ app_init ] --START--
INFO: Run Behavior\BuildLiteBehavior [ RunTime:0.000020s ]
INFO: [ app_init ] --END-- [ RunTime:0.000738s ]
ERR: 无法加载模块:Localhost

[ 2016-09-28T13:42:25+08:00 ] ::1 /jianghu/localhost/jianghu/index.php/home/user/getunreadnum
INFO: [ app_init ] --START--
INFO: Run Behavior\BuildLiteBehavior [ RunTime:0.000013s ]
INFO: [ app_init ] --END-- [ RunTime:0.000446s ]
ERR: 无法加载模块:Localhost

[ 2016-09-28T13:42:29+08:00 ] ::1 /jianghu/localhost/jianghu/index.php/home/user/getunreadnum
INFO: [ app_init ] --START--
INFO: Run Behavior\BuildLiteBehavior [ RunTime:0.000014s ]
INFO: [ app_init ] --END-- [ RunTime:0.000563s ]
ERR: 无法加载模块:Localhost

[ 2016-09-28T13:42:33+08:00 ] ::1 /jianghu/localhost/jianghu/index.php/home/user/getunreadnum
INFO: [ app_init ] --START--
INFO: Run Behavior\BuildLiteBehavior [ RunTime:0.000013s ]
INFO: [ app_init ] --END-- [ RunTime:0.000431s ]
ERR: 无法加载模块:Localhost

[ 2016-09-28T13:42:37+08:00 ] ::1 /jianghu/localhost/jianghu/index.php/home/user/getunreadnum
INFO: [ app_init ] --START--
INFO: Run Behavior\BuildLiteBehavior [ RunTime:0.000017s ]
INFO: [ app_init ] --END-- [ RunTime:0.000560s ]
ERR: 无法加载模块:Localhost

[ 2016-09-28T13:42:41+08:00 ] ::1 /jianghu/localhost/jianghu/index.php/home/user/getunreadnum
INFO: [ app_init ] --START--
INFO: Run Behavior\BuildLiteBehavior [ RunTime:0.000011s ]
INFO: [ app_init ] --END-- [ RunTime:0.000512s ]
ERR: 无法加载模块:Localhost

[ 2016-09-28T13:42:45+08:00 ] ::1 /jianghu/localhost/jianghu/index.php/home/user/getunreadnum
INFO: [ app_init ] --START--
INFO: Run Behavior\BuildLiteBehavior [ RunTime:0.000013s ]
INFO: [ app_init ] --END-- [ RunTime:0.000429s ]
ERR: 无法加载模块:Localhost

[ 2016-09-28T13:42:49+08:00 ] ::1 /jianghu/localhost/jianghu/index.php/home/user/getunreadnum
INFO: [ app_init ] --START--
INFO: Run Behavior\BuildLiteBehavior [ RunTime:0.000012s ]
INFO: [ app_init ] --END-- [ RunTime:0.000423s ]
ERR: 无法加载模块:Localhost

[ 2016-09-28T13:42:53+08:00 ] ::1 /jianghu/localhost/jianghu/index.php/home/user/getunreadnum
INFO: [ app_init ] --START--
INFO: Run Behavior\BuildLiteBehavior [ RunTime:0.000013s ]
INFO: [ app_init ] --END-- [ RunTime:0.000516s ]
ERR: 无法加载模块:Localhost

[ 2016-09-28T13:42:57+08:00 ] ::1 /jianghu/localhost/jianghu/index.php/home/user/getunreadnum
INFO: [ app_init ] --START--
INFO: Run Behavior\BuildLiteBehavior [ RunTime:0.000013s ]
INFO: [ app_init ] --END-- [ RunTime:0.000444s ]
ERR: 无法加载模块:Localhost

[ 2016-09-28T13:43:01+08:00 ] ::1 /jianghu/localhost/jianghu/index.php/home/user/getunreadnum
INFO: [ app_init ] --START--
INFO: Run Behavior\BuildLiteBehavior [ RunTime:0.000012s ]
INFO: [ app_init ] --END-- [ RunTime:0.000447s ]
ERR: 无法加载模块:Localhost

[ 2016-09-28T13:43:05+08:00 ] ::1 /jianghu/localhost/jianghu/index.php/home/user/getunreadnum
INFO: [ app_init ] --START--
INFO: Run Behavior\BuildLiteBehavior [ RunTime:0.000011s ]
INFO: [ app_init ] --END-- [ RunTime:0.000436s ]
ERR: 无法加载模块:Localhost

[ 2016-09-28T13:43:09+08:00 ] ::1 /jianghu/localhost/jianghu/index.php/home/user/getunreadnum
INFO: [ app_init ] --START--
INFO: Run Behavior\BuildLiteBehavior [ RunTime:0.000012s ]
INFO: [ app_init ] --END-- [ RunTime:0.000411s ]
ERR: 无法加载模块:Localhost

[ 2016-09-28T13:43:13+08:00 ] ::1 /jianghu/localhost/jianghu/index.php/home/user/getunreadnum
INFO: [ app_init ] --START--
INFO: Run Behavior\BuildLiteBehavior [ RunTime:0.000012s ]
INFO: [ app_init ] --END-- [ RunTime:0.000530s ]
ERR: 无法加载模块:Localhost

[ 2016-09-28T13:43:17+08:00 ] ::1 /jianghu/localhost/jianghu/index.php/home/user/getunreadnum
INFO: [ app_init ] --START--
INFO: Run Behavior\BuildLiteBehavior [ RunTime:0.000012s ]
INFO: [ app_init ] --END-- [ RunTime:0.000436s ]
ERR: 无法加载模块:Localhost

[ 2016-09-28T13:43:21+08:00 ] ::1 /jianghu/localhost/jianghu/index.php/home/user/getunreadnum
INFO: [ app_init ] --START--
INFO: Run Behavior\BuildLiteBehavior [ RunTime:0.000012s ]
INFO: [ app_init ] --END-- [ RunTime:0.000436s ]
ERR: 无法加载模块:Localhost

[ 2016-09-28T13:43:25+08:00 ] ::1 /jianghu/localhost/jianghu/index.php/home/user/getunreadnum
INFO: [ app_init ] --START--
INFO: Run Behavior\BuildLiteBehavior [ RunTime:0.000011s ]
INFO: [ app_init ] --END-- [ RunTime:0.000408s ]
ERR: 无法加载模块:Localhost

[ 2016-09-28T13:43:29+08:00 ] ::1 /jianghu/localhost/jianghu/index.php/home/user/getunreadnum
INFO: [ app_init ] --START--
INFO: Run Behavior\BuildLiteBehavior [ RunTime:0.000016s ]
INFO: [ app_init ] --END-- [ RunTime:0.000577s ]
ERR: 无法加载模块:Localhost

[ 2016-09-28T13:43:33+08:00 ] ::1 /jianghu/localhost/jianghu/index.php/home/user/getunreadnum
INFO: [ app_init ] --START--
INFO: Run Behavior\BuildLiteBehavior [ RunTime:0.000012s ]
INFO: [ app_init ] --END-- [ RunTime:0.000411s ]
ERR: 无法加载模块:Localhost

[ 2016-09-28T13:43:37+08:00 ] ::1 /jianghu/localhost/jianghu/index.php/home/user/getunreadnum
INFO: [ app_init ] --START--
INFO: Run Behavior\BuildLiteBehavior [ RunTime:0.000022s ]
INFO: [ app_init ] --END-- [ RunTime:0.000534s ]
ERR: 无法加载模块:Localhost

[ 2016-09-28T13:43:41+08:00 ] ::1 /jianghu/localhost/jianghu/index.php/home/user/getunreadnum
INFO: [ app_init ] --START--
INFO: Run Behavior\BuildLiteBehavior [ RunTime:0.000012s ]
INFO: [ app_init ] --END-- [ RunTime:0.000406s ]
ERR: 无法加载模块:Localhost

[ 2016-09-28T13:43:45+08:00 ] ::1 /jianghu/localhost/jianghu/index.php/home/user/getunreadnum
INFO: [ app_init ] --START--
INFO: Run Behavior\BuildLiteBehavior [ RunTime:0.000013s ]
INFO: [ app_init ] --END-- [ RunTime:0.000419s ]
ERR: 无法加载模块:Localhost

[ 2016-09-28T13:43:49+08:00 ] ::1 /jianghu/localhost/jianghu/index.php/home/user/getunreadnum
INFO: [ app_init ] --START--
INFO: Run Behavior\BuildLiteBehavior [ RunTime:0.000014s ]
INFO: [ app_init ] --END-- [ RunTime:0.000649s ]
ERR: 无法加载模块:Localhost

[ 2016-09-28T13:43:53+08:00 ] ::1 /jianghu/localhost/jianghu/index.php/home/user/getunreadnum
INFO: [ app_init ] --START--
INFO: Run Behavior\BuildLiteBehavior [ RunTime:0.000013s ]
INFO: [ app_init ] --END-- [ RunTime:0.000463s ]
ERR: 无法加载模块:Localhost

[ 2016-09-28T13:43:57+08:00 ] ::1 /jianghu/localhost/jianghu/index.php/home/user/getunreadnum
INFO: [ app_init ] --START--
INFO: Run Behavior\BuildLiteBehavior [ RunTime:0.000012s ]
INFO: [ app_init ] --END-- [ RunTime:0.000419s ]
ERR: 无法加载模块:Localhost

[ 2016-09-28T13:44:01+08:00 ] ::1 /jianghu/localhost/jianghu/index.php/home/user/getunreadnum
INFO: [ app_init ] --START--
INFO: Run Behavior\BuildLiteBehavior [ RunTime:0.000018s ]
INFO: [ app_init ] --END-- [ RunTime:0.000466s ]
ERR: 无法加载模块:Localhost

[ 2016-09-28T13:44:05+08:00 ] ::1 /jianghu/localhost/jianghu/index.php/home/user/getunreadnum
INFO: [ app_init ] --START--
INFO: Run Behavior\BuildLiteBehavior [ RunTime:0.000013s ]
INFO: [ app_init ] --END-- [ RunTime:0.000431s ]
ERR: 无法加载模块:Localhost

[ 2016-09-28T13:44:09+08:00 ] ::1 /jianghu/localhost/jianghu/index.php/home/user/getunreadnum
INFO: [ app_init ] --START--
INFO: Run Behavior\BuildLiteBehavior [ RunTime:0.000012s ]
INFO: [ app_init ] --END-- [ RunTime:0.000441s ]
ERR: 无法加载模块:Localhost

[ 2016-09-28T13:44:13+08:00 ] ::1 /jianghu/localhost/jianghu/index.php/home/user/getunreadnum
INFO: [ app_init ] --START--
INFO: Run Behavior\BuildLiteBehavior [ RunTime:0.000013s ]
INFO: [ app_init ] --END-- [ RunTime:0.000441s ]
ERR: 无法加载模块:Localhost

[ 2016-09-28T13:44:17+08:00 ] ::1 /jianghu/localhost/jianghu/index.php/home/user/getunreadnum
INFO: [ app_init ] --START--
INFO: Run Behavior\BuildLiteBehavior [ RunTime:0.000015s ]
INFO: [ app_init ] --END-- [ RunTime:0.000493s ]
ERR: 无法加载模块:Localhost

[ 2016-09-28T13:44:21+08:00 ] ::1 /jianghu/localhost/jianghu/index.php/home/user/getunreadnum
INFO: [ app_init ] --START--
INFO: Run Behavior\BuildLiteBehavior [ RunTime:0.000013s ]
INFO: [ app_init ] --END-- [ RunTime:0.000429s ]
ERR: 无法加载模块:Localhost

[ 2016-09-28T13:44:25+08:00 ] ::1 /jianghu/localhost/jianghu/index.php/home/user/getunreadnum
INFO: [ app_init ] --START--
INFO: Run Behavior\BuildLiteBehavior [ RunTime:0.000011s ]
INFO: [ app_init ] --END-- [ RunTime:0.000450s ]
ERR: 无法加载模块:Localhost

[ 2016-09-28T13:44:29+08:00 ] ::1 /jianghu/localhost/jianghu/index.php/home/user/getunreadnum
INFO: [ app_init ] --START--
INFO: Run Behavior\BuildLiteBehavior [ RunTime:0.000012s ]
INFO: [ app_init ] --END-- [ RunTime:0.000441s ]
ERR: 无法加载模块:Localhost

[ 2016-09-28T13:44:33+08:00 ] ::1 /jianghu/localhost/jianghu/index.php/home/user/getunreadnum
INFO: [ app_init ] --START--
INFO: Run Behavior\BuildLiteBehavior [ RunTime:0.000011s ]
INFO: [ app_init ] --END-- [ RunTime:0.000420s ]
ERR: 无法加载模块:Localhost

[ 2016-09-28T13:44:37+08:00 ] ::1 /jianghu/localhost/jianghu/index.php/home/user/getunreadnum
INFO: [ app_init ] --START--
INFO: Run Behavior\BuildLiteBehavior [ RunTime:0.000015s ]
INFO: [ app_init ] --END-- [ RunTime:0.000548s ]
ERR: 无法加载模块:Localhost

[ 2016-09-28T13:44:41+08:00 ] ::1 /jianghu/localhost/jianghu/index.php/home/user/getunreadnum
INFO: [ app_init ] --START--
INFO: Run Behavior\BuildLiteBehavior [ RunTime:0.000011s ]
INFO: [ app_init ] --END-- [ RunTime:0.000504s ]
ERR: 无法加载模块:Localhost

[ 2016-09-28T13:44:45+08:00 ] ::1 /jianghu/localhost/jianghu/index.php/home/user/getunreadnum
INFO: [ app_init ] --START--
INFO: Run Behavior\BuildLiteBehavior [ RunTime:0.000013s ]
INFO: [ app_init ] --END-- [ RunTime:0.000437s ]
ERR: 无法加载模块:Localhost

[ 2016-09-28T13:44:49+08:00 ] ::1 /jianghu/localhost/jianghu/index.php/home/user/getunreadnum
INFO: [ app_init ] --START--
INFO: Run Behavior\BuildLiteBehavior [ RunTime:0.000014s ]
INFO: [ app_init ] --END-- [ RunTime:0.000523s ]
ERR: 无法加载模块:Localhost

[ 2016-09-28T13:44:53+08:00 ] ::1 /jianghu/localhost/jianghu/index.php/home/user/getunreadnum
INFO: [ app_init ] --START--
INFO: Run Behavior\BuildLiteBehavior [ RunTime:0.000022s ]
INFO: [ app_init ] --END-- [ RunTime:0.000651s ]
ERR: 无法加载模块:Localhost

[ 2016-09-28T13:44:57+08:00 ] ::1 /jianghu/localhost/jianghu/index.php/home/user/getunreadnum
INFO: [ app_init ] --START--
INFO: Run Behavior\BuildLiteBehavior [ RunTime:0.000013s ]
INFO: [ app_init ] --END-- [ RunTime:0.000471s ]
ERR: 无法加载模块:Localhost

[ 2016-09-28T13:45:01+08:00 ] ::1 /jianghu/localhost/jianghu/index.php/home/user/getunreadnum
INFO: [ app_init ] --START--
INFO: Run Behavior\BuildLiteBehavior [ RunTime:0.000024s ]
INFO: [ app_init ] --END-- [ RunTime:0.001020s ]
ERR: 无法加载模块:Localhost

[ 2016-09-28T13:45:05+08:00 ] ::1 /jianghu/localhost/jianghu/index.php/home/user/getunreadnum
INFO: [ app_init ] --START--
INFO: Run Behavior\BuildLiteBehavior [ RunTime:0.000012s ]
INFO: [ app_init ] --END-- [ RunTime:0.000451s ]
ERR: 无法加载模块:Localhost

[ 2016-09-28T13:45:09+08:00 ] ::1 /jianghu/localhost/jianghu/index.php/home/user/getunreadnum
INFO: [ app_init ] --START--
INFO: Run Behavior\BuildLiteBehavior [ RunTime:0.000026s ]
INFO: [ app_init ] --END-- [ RunTime:0.000854s ]
ERR: 无法加载模块:Localhost

[ 2016-09-28T13:45:13+08:00 ] ::1 /jianghu/localhost/jianghu/index.php/home/user/getunreadnum
INFO: [ app_init ] --START--
INFO: Run Behavior\BuildLiteBehavior [ RunTime:0.000012s ]
INFO: [ app_init ] --END-- [ RunTime:0.000433s ]
ERR: 无法加载模块:Localhost

[ 2016-09-28T13:45:17+08:00 ] ::1 /jianghu/localhost/jianghu/index.php/home/user/getunreadnum
INFO: [ app_init ] --START--
INFO: Run Behavior\BuildLiteBehavior [ RunTime:0.000013s ]
INFO: [ app_init ] --END-- [ RunTime:0.000438s ]
ERR: 无法加载模块:Localhost

[ 2016-09-28T13:45:21+08:00 ] ::1 /jianghu/localhost/jianghu/index.php/home/user/getunreadnum
INFO: [ app_init ] --START--
INFO: Run Behavior\BuildLiteBehavior [ RunTime:0.000018s ]
INFO: [ app_init ] --END-- [ RunTime:0.000579s ]
ERR: 无法加载模块:Localhost

[ 2016-09-28T13:45:25+08:00 ] ::1 /jianghu/localhost/jianghu/index.php/home/user/getunreadnum
INFO: [ app_init ] --START--
INFO: Run Behavior\BuildLiteBehavior [ RunTime:0.000013s ]
INFO: [ app_init ] --END-- [ RunTime:0.000438s ]
ERR: 无法加载模块:Localhost

[ 2016-09-28T13:45:29+08:00 ] ::1 /jianghu/localhost/jianghu/index.php/home/user/getunreadnum
INFO: [ app_init ] --START--
INFO: Run Behavior\BuildLiteBehavior [ RunTime:0.000013s ]
INFO: [ app_init ] --END-- [ RunTime:0.000426s ]
ERR: 无法加载模块:Localhost

[ 2016-09-28T13:45:33+08:00 ] ::1 /jianghu/localhost/jianghu/index.php/home/user/getunreadnum
INFO: [ app_init ] --START--
INFO: Run Behavior\BuildLiteBehavior [ RunTime:0.000011s ]
INFO: [ app_init ] --END-- [ RunTime:0.000445s ]
ERR: 无法加载模块:Localhost

[ 2016-09-28T13:45:37+08:00 ] ::1 /jianghu/localhost/jianghu/index.php/home/user/getunreadnum
INFO: [ app_init ] --START--
INFO: Run Behavior\BuildLiteBehavior [ RunTime:0.000016s ]
INFO: [ app_init ] --END-- [ RunTime:0.000487s ]
ERR: 无法加载模块:Localhost

[ 2016-09-28T13:45:41+08:00 ] ::1 /jianghu/localhost/jianghu/index.php/home/user/getunreadnum
INFO: [ app_init ] --START--
INFO: Run Behavior\BuildLiteBehavior [ RunTime:0.000011s ]
INFO: [ app_init ] --END-- [ RunTime:0.000422s ]
ERR: 无法加载模块:Localhost

[ 2016-09-28T13:45:45+08:00 ] ::1 /jianghu/localhost/jianghu/index.php/home/user/getunreadnum
INFO: [ app_init ] --START--
INFO: Run Behavior\BuildLiteBehavior [ RunTime:0.000018s ]
INFO: [ app_init ] --END-- [ RunTime:0.000657s ]
ERR: 无法加载模块:Localhost

[ 2016-09-28T13:45:49+08:00 ] ::1 /jianghu/localhost/jianghu/index.php/home/user/getunreadnum
INFO: [ app_init ] --START--
INFO: Run Behavior\BuildLiteBehavior [ RunTime:0.000013s ]
INFO: [ app_init ] --END-- [ RunTime:0.000486s ]
ERR: 无法加载模块:Localhost

[ 2016-09-28T13:45:53+08:00 ] ::1 /jianghu/localhost/jianghu/index.php/home/user/getunreadnum
INFO: [ app_init ] --START--
INFO: Run Behavior\BuildLiteBehavior [ RunTime:0.000025s ]
INFO: [ app_init ] --END-- [ RunTime:0.000824s ]
ERR: 无法加载模块:Localhost

[ 2016-09-28T13:45:57+08:00 ] ::1 /jianghu/localhost/jianghu/index.php/home/user/getunreadnum
INFO: [ app_init ] --START--
INFO: Run Behavior\BuildLiteBehavior [ RunTime:0.000014s ]
INFO: [ app_init ] --END-- [ RunTime:0.000519s ]
ERR: 无法加载模块:Localhost

[ 2016-09-28T13:46:01+08:00 ] ::1 /jianghu/localhost/jianghu/index.php/home/user/getunreadnum
INFO: [ app_init ] --START--
INFO: Run Behavior\BuildLiteBehavior [ RunTime:0.000017s ]
INFO: [ app_init ] --END-- [ RunTime:0.000722s ]
ERR: 无法加载模块:Localhost

[ 2016-09-28T13:46:05+08:00 ] ::1 /jianghu/localhost/jianghu/index.php/home/user/getunreadnum
INFO: [ app_init ] --START--
INFO: Run Behavior\BuildLiteBehavior [ RunTime:0.000017s ]
INFO: [ app_init ] --END-- [ RunTime:0.000500s ]
ERR: 无法加载模块:Localhost

[ 2016-09-28T13:46:09+08:00 ] ::1 /jianghu/localhost/jianghu/index.php/home/user/getunreadnum
INFO: [ app_init ] --START--
INFO: Run Behavior\BuildLiteBehavior [ RunTime:0.000011s ]
INFO: [ app_init ] --END-- [ RunTime:0.000409s ]
ERR: 无法加载模块:Localhost

[ 2016-09-28T13:46:13+08:00 ] ::1 /jianghu/localhost/jianghu/index.php/home/user/getunreadnum
INFO: [ app_init ] --START--
INFO: Run Behavior\BuildLiteBehavior [ RunTime:0.000013s ]
INFO: [ app_init ] --END-- [ RunTime:0.000562s ]
ERR: 无法加载模块:Localhost

[ 2016-09-28T13:46:17+08:00 ] ::1 /jianghu/localhost/jianghu/index.php/home/user/getunreadnum
INFO: [ app_init ] --START--
INFO: Run Behavior\BuildLiteBehavior [ RunTime:0.000013s ]
INFO: [ app_init ] --END-- [ RunTime:0.000434s ]
ERR: 无法加载模块:Localhost

[ 2016-09-28T13:46:21+08:00 ] ::1 /jianghu/localhost/jianghu/index.php/home/user/getunreadnum
INFO: [ app_init ] --START--
INFO: Run Behavior\BuildLiteBehavior [ RunTime:0.000016s ]
INFO: [ app_init ] --END-- [ RunTime:0.000495s ]
ERR: 无法加载模块:Localhost

[ 2016-09-28T13:46:25+08:00 ] ::1 /jianghu/localhost/jianghu/index.php/home/user/getunreadnum
INFO: [ app_init ] --START--
INFO: Run Behavior\BuildLiteBehavior [ RunTime:0.000013s ]
INFO: [ app_init ] --END-- [ RunTime:0.000497s ]
ERR: 无法加载模块:Localhost

[ 2016-09-28T13:46:29+08:00 ] ::1 /jianghu/localhost/jianghu/index.php/home/user/getunreadnum
INFO: [ app_init ] --START--
INFO: Run Behavior\BuildLiteBehavior [ RunTime:0.000021s ]
INFO: [ app_init ] --END-- [ RunTime:0.000817s ]
ERR: 无法加载模块:Localhost

[ 2016-09-28T13:46:33+08:00 ] ::1 /jianghu/localhost/jianghu/index.php/home/user/getunreadnum
INFO: [ app_init ] --START--
INFO: Run Behavior\BuildLiteBehavior [ RunTime:0.000017s ]
INFO: [ app_init ] --END-- [ RunTime:0.000630s ]
ERR: 无法加载模块:Localhost

[ 2016-09-28T13:46:37+08:00 ] ::1 /jianghu/localhost/jianghu/index.php/home/user/getunreadnum
INFO: [ app_init ] --START--
INFO: Run Behavior\BuildLiteBehavior [ RunTime:0.000015s ]
INFO: [ app_init ] --END-- [ RunTime:0.000572s ]
ERR: 无法加载模块:Localhost

[ 2016-09-28T13:46:41+08:00 ] ::1 /jianghu/localhost/jianghu/index.php/home/user/getunreadnum
INFO: [ app_init ] --START--
INFO: Run Behavior\BuildLiteBehavior [ RunTime:0.000016s ]
INFO: [ app_init ] --END-- [ RunTime:0.000577s ]
ERR: 无法加载模块:Localhost

[ 2016-09-28T13:46:45+08:00 ] ::1 /jianghu/localhost/jianghu/index.php/home/user/getunreadnum
INFO: [ app_init ] --START--
INFO: Run Behavior\BuildLiteBehavior [ RunTime:0.000012s ]
INFO: [ app_init ] --END-- [ RunTime:0.000441s ]
ERR: 无法加载模块:Localhost

[ 2016-09-28T13:46:49+08:00 ] ::1 /jianghu/localhost/jianghu/index.php/home/user/getunreadnum
INFO: [ app_init ] --START--
INFO: Run Behavior\BuildLiteBehavior [ RunTime:0.000013s ]
INFO: [ app_init ] --END-- [ RunTime:0.000431s ]
ERR: 无法加载模块:Localhost

[ 2016-09-28T13:46:53+08:00 ] ::1 /jianghu/localhost/jianghu/index.php/home/user/getunreadnum
INFO: [ app_init ] --START--
INFO: Run Behavior\BuildLiteBehavior [ RunTime:0.000013s ]
INFO: [ app_init ] --END-- [ RunTime:0.000417s ]
ERR: 无法加载模块:Localhost

[ 2016-09-28T13:46:57+08:00 ] ::1 /jianghu/localhost/jianghu/index.php/home/user/getunreadnum
INFO: [ app_init ] --START--
INFO: Run Behavior\BuildLiteBehavior [ RunTime:0.000017s ]
INFO: [ app_init ] --END-- [ RunTime:0.000556s ]
ERR: 无法加载模块:Localhost

[ 2016-09-28T13:47:01+08:00 ] ::1 /jianghu/localhost/jianghu/index.php/home/user/getunreadnum
INFO: [ app_init ] --START--
INFO: Run Behavior\BuildLiteBehavior [ RunTime:0.000013s ]
INFO: [ app_init ] --END-- [ RunTime:0.000430s ]
ERR: 无法加载模块:Localhost

[ 2016-09-28T13:47:05+08:00 ] ::1 /jianghu/localhost/jianghu/index.php/home/user/getunreadnum
INFO: [ app_init ] --START--
INFO: Run Behavior\BuildLiteBehavior [ RunTime:0.000012s ]
INFO: [ app_init ] --END-- [ RunTime:0.000434s ]
ERR: 无法加载模块:Localhost

[ 2016-09-28T13:47:09+08:00 ] ::1 /jianghu/localhost/jianghu/index.php/home/user/getunreadnum
INFO: [ app_init ] --START--
INFO: Run Behavior\BuildLiteBehavior [ RunTime:0.000013s ]
INFO: [ app_init ] --END-- [ RunTime:0.000440s ]
ERR: 无法加载模块:Localhost

[ 2016-09-28T13:47:13+08:00 ] ::1 /jianghu/localhost/jianghu/index.php/home/user/getunreadnum
INFO: [ app_init ] --START--
INFO: Run Behavior\BuildLiteBehavior [ RunTime:0.000012s ]
INFO: [ app_init ] --END-- [ RunTime:0.000410s ]
ERR: 无法加载模块:Localhost

[ 2016-09-28T13:47:17+08:00 ] ::1 /jianghu/localhost/jianghu/index.php/home/user/getunreadnum
INFO: [ app_init ] --START--
INFO: Run Behavior\BuildLiteBehavior [ RunTime:0.000013s ]
INFO: [ app_init ] --END-- [ RunTime:0.000420s ]
ERR: 无法加载模块:Localhost

[ 2016-09-28T13:47:21+08:00 ] ::1 /jianghu/localhost/jianghu/index.php/home/user/getunreadnum
INFO: [ app_init ] --START--
INFO: Run Behavior\BuildLiteBehavior [ RunTime:0.000013s ]
INFO: [ app_init ] --END-- [ RunTime:0.000433s ]
ERR: 无法加载模块:Localhost

[ 2016-09-28T13:47:25+08:00 ] ::1 /jianghu/localhost/jianghu/index.php/home/user/getunreadnum
INFO: [ app_init ] --START--
INFO: Run Behavior\BuildLiteBehavior [ RunTime:0.000040s ]
INFO: [ app_init ] --END-- [ RunTime:0.000590s ]
ERR: 无法加载模块:Localhost

[ 2016-09-28T13:47:29+08:00 ] ::1 /jianghu/localhost/jianghu/index.php/home/user/getunreadnum
INFO: [ app_init ] --START--
INFO: Run Behavior\BuildLiteBehavior [ RunTime:0.000012s ]
INFO: [ app_init ] --END-- [ RunTime:0.000422s ]
ERR: 无法加载模块:Localhost

[ 2016-09-28T13:47:33+08:00 ] ::1 /jianghu/localhost/jianghu/index.php/home/user/getunreadnum
INFO: [ app_init ] --START--
INFO: Run Behavior\BuildLiteBehavior [ RunTime:0.000013s ]
INFO: [ app_init ] --END-- [ RunTime:0.000430s ]
ERR: 无法加载模块:Localhost

[ 2016-09-28T13:47:37+08:00 ] ::1 /jianghu/localhost/jianghu/index.php/home/user/getunreadnum
INFO: [ app_init ] --START--
INFO: Run Behavior\BuildLiteBehavior [ RunTime:0.000012s ]
INFO: [ app_init ] --END-- [ RunTime:0.000425s ]
ERR: 无法加载模块:Localhost

[ 2016-09-28T13:47:41+08:00 ] ::1 /jianghu/localhost/jianghu/index.php/home/user/getunreadnum
INFO: [ app_init ] --START--
INFO: Run Behavior\BuildLiteBehavior [ RunTime:0.000012s ]
INFO: [ app_init ] --END-- [ RunTime:0.000432s ]
ERR: 无法加载模块:Localhost

[ 2016-09-28T13:47:45+08:00 ] ::1 /jianghu/localhost/jianghu/index.php/home/user/getunreadnum
INFO: [ app_init ] --START--
INFO: Run Behavior\BuildLiteBehavior [ RunTime:0.000013s ]
INFO: [ app_init ] --END-- [ RunTime:0.000415s ]
ERR: 无法加载模块:Localhost

[ 2016-09-28T13:47:49+08:00 ] ::1 /jianghu/localhost/jianghu/index.php/home/user/getunreadnum
INFO: [ app_init ] --START--
INFO: Run Behavior\BuildLiteBehavior [ RunTime:0.000018s ]
INFO: [ app_init ] --END-- [ RunTime:0.000571s ]
ERR: 无法加载模块:Localhost

[ 2016-09-28T13:47:53+08:00 ] ::1 /jianghu/localhost/jianghu/index.php/home/user/getunreadnum
INFO: [ app_init ] --START--
INFO: Run Behavior\BuildLiteBehavior [ RunTime:0.000026s ]
INFO: [ app_init ] --END-- [ RunTime:0.000818s ]
ERR: 无法加载模块:Localhost

[ 2016-09-28T13:47:57+08:00 ] ::1 /jianghu/localhost/jianghu/index.php/home/user/getunreadnum
INFO: [ app_init ] --START--
INFO: Run Behavior\BuildLiteBehavior [ RunTime:0.000021s ]
INFO: [ app_init ] --END-- [ RunTime:0.000588s ]
ERR: 无法加载模块:Localhost

[ 2016-09-28T13:48:01+08:00 ] ::1 /jianghu/localhost/jianghu/index.php/home/user/getunreadnum
INFO: [ app_init ] --START--
INFO: Run Behavior\BuildLiteBehavior [ RunTime:0.000013s ]
INFO: [ app_init ] --END-- [ RunTime:0.000416s ]
ERR: 无法加载模块:Localhost

[ 2016-09-28T13:48:05+08:00 ] ::1 /jianghu/localhost/jianghu/index.php/home/user/getunreadnum
INFO: [ app_init ] --START--
INFO: Run Behavior\BuildLiteBehavior [ RunTime:0.000030s ]
INFO: [ app_init ] --END-- [ RunTime:0.000598s ]
ERR: 无法加载模块:Localhost

[ 2016-09-28T13:48:09+08:00 ] ::1 /jianghu/localhost/jianghu/index.php/home/user/getunreadnum
INFO: [ app_init ] --START--
INFO: Run Behavior\BuildLiteBehavior [ RunTime:0.000012s ]
INFO: [ app_init ] --END-- [ RunTime:0.000489s ]
ERR: 无法加载模块:Localhost

[ 2016-09-28T13:48:13+08:00 ] ::1 /jianghu/localhost/jianghu/index.php/home/user/getunreadnum
INFO: [ app_init ] --START--
INFO: Run Behavior\BuildLiteBehavior [ RunTime:0.000024s ]
INFO: [ app_init ] --END-- [ RunTime:0.000615s ]
ERR: 无法加载模块:Localhost

[ 2016-09-28T13:48:17+08:00 ] ::1 /jianghu/localhost/jianghu/index.php/home/user/getunreadnum
INFO: [ app_init ] --START--
INFO: Run Behavior\BuildLiteBehavior [ RunTime:0.000024s ]
INFO: [ app_init ] --END-- [ RunTime:0.000788s ]
ERR: 无法加载模块:Localhost

[ 2016-09-28T13:48:21+08:00 ] ::1 /jianghu/localhost/jianghu/index.php/home/user/getunreadnum
INFO: [ app_init ] --START--
INFO: Run Behavior\BuildLiteBehavior [ RunTime:0.000013s ]
INFO: [ app_init ] --END-- [ RunTime:0.000721s ]
ERR: 无法加载模块:Localhost

[ 2016-09-28T13:48:25+08:00 ] ::1 /jianghu/localhost/jianghu/index.php/home/user/getunreadnum
INFO: [ app_init ] --START--
INFO: Run Behavior\BuildLiteBehavior [ RunTime:0.000019s ]
INFO: [ app_init ] --END-- [ RunTime:0.000507s ]
ERR: 无法加载模块:Localhost

[ 2016-09-28T13:48:29+08:00 ] ::1 /jianghu/localhost/jianghu/index.php/home/user/getunreadnum
INFO: [ app_init ] --START--
INFO: Run Behavior\BuildLiteBehavior [ RunTime:0.000019s ]
INFO: [ app_init ] --END-- [ RunTime:0.000710s ]
ERR: 无法加载模块:Localhost

[ 2016-09-28T13:48:33+08:00 ] ::1 /jianghu/localhost/jianghu/index.php/home/user/getunreadnum
INFO: [ app_init ] --START--
INFO: Run Behavior\BuildLiteBehavior [ RunTime:0.000017s ]
INFO: [ app_init ] --END-- [ RunTime:0.000517s ]
ERR: 无法加载模块:Localhost

[ 2016-09-28T13:48:37+08:00 ] ::1 /jianghu/localhost/jianghu/index.php/home/user/getunreadnum
INFO: [ app_init ] --START--
INFO: Run Behavior\BuildLiteBehavior [ RunTime:0.000027s ]
INFO: [ app_init ] --END-- [ RunTime:0.000640s ]
ERR: 无法加载模块:Localhost

[ 2016-09-28T13:48:41+08:00 ] ::1 /jianghu/localhost/jianghu/index.php/home/user/getunreadnum
INFO: [ app_init ] --START--
INFO: Run Behavior\BuildLiteBehavior [ RunTime:0.000025s ]
INFO: [ app_init ] --END-- [ RunTime:0.000561s ]
ERR: 无法加载模块:Localhost

[ 2016-09-28T13:48:45+08:00 ] ::1 /jianghu/localhost/jianghu/index.php/home/user/getunreadnum
INFO: [ app_init ] --START--
INFO: Run Behavior\BuildLiteBehavior [ RunTime:0.000016s ]
INFO: [ app_init ] --END-- [ RunTime:0.000566s ]
ERR: 无法加载模块:Localhost

[ 2016-09-28T13:48:49+08:00 ] ::1 /jianghu/localhost/jianghu/index.php/home/user/getunreadnum
INFO: [ app_init ] --START--
INFO: Run Behavior\BuildLiteBehavior [ RunTime:0.000013s ]
INFO: [ app_init ] --END-- [ RunTime:0.000432s ]
ERR: 无法加载模块:Localhost

[ 2016-09-28T13:48:53+08:00 ] ::1 /jianghu/localhost/jianghu/index.php/home/user/getunreadnum
INFO: [ app_init ] --START--
INFO: Run Behavior\BuildLiteBehavior [ RunTime:0.000019s ]
INFO: [ app_init ] --END-- [ RunTime:0.000804s ]
ERR: 无法加载模块:Localhost

[ 2016-09-28T13:48:57+08:00 ] ::1 /jianghu/localhost/jianghu/index.php/home/user/getunreadnum
INFO: [ app_init ] --START--
INFO: Run Behavior\BuildLiteBehavior [ RunTime:0.000012s ]
INFO: [ app_init ] --END-- [ RunTime:0.000452s ]
ERR: 无法加载模块:Localhost

[ 2016-09-28T13:49:01+08:00 ] ::1 /jianghu/localhost/jianghu/index.php/home/user/getunreadnum
INFO: [ app_init ] --START--
INFO: Run Behavior\BuildLiteBehavior [ RunTime:0.000013s ]
INFO: [ app_init ] --END-- [ RunTime:0.000492s ]
ERR: 无法加载模块:Localhost

[ 2016-09-28T13:49:05+08:00 ] ::1 /jianghu/localhost/jianghu/index.php/home/user/getunreadnum
INFO: [ app_init ] --START--
INFO: Run Behavior\BuildLiteBehavior [ RunTime:0.000022s ]
INFO: [ app_init ] --END-- [ RunTime:0.000919s ]
ERR: 无法加载模块:Localhost

[ 2016-09-28T13:49:09+08:00 ] ::1 /jianghu/localhost/jianghu/index.php/home/user/getunreadnum
INFO: [ app_init ] --START--
INFO: Run Behavior\BuildLiteBehavior [ RunTime:0.000018s ]
INFO: [ app_init ] --END-- [ RunTime:0.000673s ]
ERR: 无法加载模块:Localhost

[ 2016-09-28T13:49:13+08:00 ] ::1 /jianghu/localhost/jianghu/index.php/home/user/getunreadnum
INFO: [ app_init ] --START--
INFO: Run Behavior\BuildLiteBehavior [ RunTime:0.000025s ]
INFO: [ app_init ] --END-- [ RunTime:0.000878s ]
ERR: 无法加载模块:Localhost

[ 2016-09-28T13:49:17+08:00 ] ::1 /jianghu/localhost/jianghu/index.php/home/user/getunreadnum
INFO: [ app_init ] --START--
INFO: Run Behavior\BuildLiteBehavior [ RunTime:0.000011s ]
INFO: [ app_init ] --END-- [ RunTime:0.000413s ]
ERR: 无法加载模块:Localhost

[ 2016-09-28T13:49:21+08:00 ] ::1 /jianghu/localhost/jianghu/index.php/home/user/getunreadnum
INFO: [ app_init ] --START--
INFO: Run Behavior\BuildLiteBehavior [ RunTime:0.000011s ]
INFO: [ app_init ] --END-- [ RunTime:0.000436s ]
ERR: 无法加载模块:Localhost

[ 2016-09-28T13:49:25+08:00 ] ::1 /jianghu/localhost/jianghu/index.php/home/user/getunreadnum
INFO: [ app_init ] --START--
INFO: Run Behavior\BuildLiteBehavior [ RunTime:0.000022s ]
INFO: [ app_init ] --END-- [ RunTime:0.000709s ]
ERR: 无法加载模块:Localhost

[ 2016-09-28T13:49:29+08:00 ] ::1 /jianghu/localhost/jianghu/index.php/home/user/getunreadnum
INFO: [ app_init ] --START--
INFO: Run Behavior\BuildLiteBehavior [ RunTime:0.000017s ]
INFO: [ app_init ] --END-- [ RunTime:0.000618s ]
ERR: 无法加载模块:Localhost

[ 2016-09-28T13:49:33+08:00 ] ::1 /jianghu/localhost/jianghu/index.php/home/user/getunreadnum
INFO: [ app_init ] --START--
INFO: Run Behavior\BuildLiteBehavior [ RunTime:0.000014s ]
INFO: [ app_init ] --END-- [ RunTime:0.000507s ]
ERR: 无法加载模块:Localhost

[ 2016-09-28T13:49:37+08:00 ] ::1 /jianghu/localhost/jianghu/index.php/home/user/getunreadnum
INFO: [ app_init ] --START--
INFO: Run Behavior\BuildLiteBehavior [ RunTime:0.000018s ]
INFO: [ app_init ] --END-- [ RunTime:0.000721s ]
ERR: 无法加载模块:Localhost

[ 2016-09-28T13:49:41+08:00 ] ::1 /jianghu/localhost/jianghu/index.php/home/user/getunreadnum
INFO: [ app_init ] --START--
INFO: Run Behavior\BuildLiteBehavior [ RunTime:0.000015s ]
INFO: [ app_init ] --END-- [ RunTime:0.000762s ]
ERR: 无法加载模块:Localhost

[ 2016-09-28T13:49:45+08:00 ] ::1 /jianghu/localhost/jianghu/index.php/home/user/getunreadnum
INFO: [ app_init ] --START--
INFO: Run Behavior\BuildLiteBehavior [ RunTime:0.000016s ]
INFO: [ app_init ] --END-- [ RunTime:0.000487s ]
ERR: 无法加载模块:Localhost

[ 2016-09-28T13:49:49+08:00 ] ::1 /jianghu/localhost/jianghu/index.php/home/user/getunreadnum
INFO: [ app_init ] --START--
INFO: Run Behavior\BuildLiteBehavior [ RunTime:0.000011s ]
INFO: [ app_init ] --END-- [ RunTime:0.000487s ]
ERR: 无法加载模块:Localhost

[ 2016-09-28T13:49:53+08:00 ] ::1 /jianghu/localhost/jianghu/index.php/home/user/getunreadnum
INFO: [ app_init ] --START--
INFO: Run Behavior\BuildLiteBehavior [ RunTime:0.000019s ]
INFO: [ app_init ] --END-- [ RunTime:0.000809s ]
ERR: 无法加载模块:Localhost

[ 2016-09-28T13:49:57+08:00 ] ::1 /jianghu/localhost/jianghu/index.php/home/user/getunreadnum
INFO: [ app_init ] --START--
INFO: Run Behavior\BuildLiteBehavior [ RunTime:0.000017s ]
INFO: [ app_init ] --END-- [ RunTime:0.000563s ]
ERR: 无法加载模块:Localhost

[ 2016-09-28T13:50:01+08:00 ] ::1 /jianghu/localhost/jianghu/index.php/home/user/getunreadnum
INFO: [ app_init ] --START--
INFO: Run Behavior\BuildLiteBehavior [ RunTime:0.000013s ]
INFO: [ app_init ] --END-- [ RunTime:0.000451s ]
ERR: 无法加载模块:Localhost

[ 2016-09-28T13:50:05+08:00 ] ::1 /jianghu/localhost/jianghu/index.php/home/user/getunreadnum
INFO: [ app_init ] --START--
INFO: Run Behavior\BuildLiteBehavior [ RunTime:0.000013s ]
INFO: [ app_init ] --END-- [ RunTime:0.000443s ]
ERR: 无法加载模块:Localhost

[ 2016-09-28T13:50:09+08:00 ] ::1 /jianghu/localhost/jianghu/index.php/home/user/getunreadnum
INFO: [ app_init ] --START--
INFO: Run Behavior\BuildLiteBehavior [ RunTime:0.000025s ]
INFO: [ app_init ] --END-- [ RunTime:0.000776s ]
ERR: 无法加载模块:Localhost

[ 2016-09-28T13:50:13+08:00 ] ::1 /jianghu/localhost/jianghu/index.php/home/user/getunreadnum
INFO: [ app_init ] --START--
INFO: Run Behavior\BuildLiteBehavior [ RunTime:0.000016s ]
INFO: [ app_init ] --END-- [ RunTime:0.000502s ]
ERR: 无法加载模块:Localhost

[ 2016-09-28T13:50:17+08:00 ] ::1 /jianghu/localhost/jianghu/index.php/home/user/getunreadnum
INFO: [ app_init ] --START--
INFO: Run Behavior\BuildLiteBehavior [ RunTime:0.000012s ]
INFO: [ app_init ] --END-- [ RunTime:0.000534s ]
ERR: 无法加载模块:Localhost

[ 2016-09-28T13:50:21+08:00 ] ::1 /jianghu/localhost/jianghu/index.php/home/user/getunreadnum
INFO: [ app_init ] --START--
INFO: Run Behavior\BuildLiteBehavior [ RunTime:0.000015s ]
INFO: [ app_init ] --END-- [ RunTime:0.000455s ]
ERR: 无法加载模块:Localhost

[ 2016-09-28T19:10:43+08:00 ] ::1 /jianghu/jquery-3.1.1.min.js
INFO: [ app_init ] --START--
INFO: Run Behavior\BuildLiteBehavior [ RunTime:0.000022s ]
INFO: [ app_init ] --END-- [ RunTime:0.000745s ]
ERR: 无法加载模块:Jquery-3.1.1.min

[ 2016-09-28T19:10:46+08:00 ] ::1 /jianghu/jquery-3.1.1.min.js
INFO: [ app_init ] --START--
INFO: Run Behavior\BuildLiteBehavior [ RunTime:0.000015s ]
INFO: [ app_init ] --END-- [ RunTime:0.000519s ]
ERR: 无法加载模块:Jquery-3.1.1.min

[ 2016-09-28T20:30:30+08:00 ] ::1 /jianghu/jquery-3.1.1.min.js
INFO: [ app_init ] --START--
INFO: Run Behavior\BuildLiteBehavior [ RunTime:0.000020s ]
INFO: [ app_init ] --END-- [ RunTime:0.000696s ]
ERR: 无法加载模块:Jquery-3.1.1.min

[ 2016-09-28T20:30:32+08:00 ] ::1 /jianghu/jquery-3.1.1.min.js
INFO: [ app_init ] --START--
INFO: Run Behavior\BuildLiteBehavior [ RunTime:0.000016s ]
INFO: [ app_init ] --END-- [ RunTime:0.000621s ]
ERR: 无法加载模块:Jquery-3.1.1.min

[ 2016-09-28T20:30:32+08:00 ] ::1 /jianghu/jquery-3.1.1.min.js
INFO: [ app_init ] --START--
INFO: Run Behavior\BuildLiteBehavior [ RunTime:0.000019s ]
INFO: [ app_init ] --END-- [ RunTime:0.001235s ]
ERR: 无法加载模块:Jquery-3.1.1.min

[ 2016-09-28T20:30:32+08:00 ] ::1 /jianghu/jquery-3.1.1.min.js
INFO: [ app_init ] --START--
INFO: Run Behavior\BuildLiteBehavior [ RunTime:0.000025s ]
INFO: [ app_init ] --END-- [ RunTime:0.000731s ]
ERR: 无法加载模块:Jquery-3.1.1.min

