[ 2016-11-20T11:35:18+08:00 ] ::1 /jianghu/ueditor/php/upload/image/20161120/1479612918588975.png
INFO: [ app_init ] --START--
INFO: Run Behavior\BuildLiteBehavior [ RunTime:0.000021s ]
INFO: [ app_init ] --END-- [ RunTime:0.000865s ]
ERR: 无法加载模块:Ueditor

[ 2016-11-20T11:36:00+08:00 ] ::1 /jianghu/ueditor/php/upload/image/20161120/1479612960879139.jpg
INFO: [ app_init ] --START--
INFO: Run Behavior\BuildLiteBehavior [ RunTime:0.000013s ]
INFO: [ app_init ] --END-- [ RunTime:0.000455s ]
ERR: 无法加载模块:Ueditor

[ 2016-11-20T11:37:11+08:00 ] ::1 /jianghu/ueditor/php/upload/image/20161120/1479612960879139.jpg
INFO: [ app_init ] --START--
INFO: Run Behavior\BuildLiteBehavior [ RunTime:0.000014s ]
INFO: [ app_init ] --END-- [ RunTime:0.000545s ]
ERR: 无法加载模块:Ueditor

[ 2016-11-20T11:38:23+08:00 ] ::1 /jianghu/ueditor/php/upload/image/20161120/1479612960879139.jpg
INFO: [ app_init ] --START--
INFO: Run Behavior\BuildLiteBehavior [ RunTime:0.000012s ]
INFO: [ app_init ] --END-- [ RunTime:0.000419s ]
ERR: 无法加载模块:Ueditor

[ 2016-11-20T11:38:39+08:00 ] ::1 /jianghu/Uploa/php/upload/image/20161120/1479612960879139.jpg
INFO: [ app_init ] --START--
INFO: Run Behavior\BuildLiteBehavior [ RunTime:0.000020s ]
INFO: [ app_init ] --END-- [ RunTime:0.000720s ]
ERR: 无法加载模块:Uploa

[ 2016-11-20T11:38:44+08:00 ] ::1 /jianghu/Upload/php/upload/image/20161120/1479612960879139.jpg
INFO: [ app_init ] --START--
INFO: Run Behavior\BuildLiteBehavior [ RunTime:0.000013s ]
INFO: [ app_init ] --END-- [ RunTime:0.000636s ]
ERR: 无法加载模块:Upload

[ 2016-11-20T11:38:55+08:00 ] ::1 /jianghu/Upload/php/uploads/image/20161120/1479612960879139.jpg
INFO: [ app_init ] --START--
INFO: Run Behavior\BuildLiteBehavior [ RunTime:0.000021s ]
INFO: [ app_init ] --END-- [ RunTime:0.000796s ]
ERR: 无法加载模块:Upload

[ 2016-11-20T11:39:02+08:00 ] ::1 /jianghu/Uploads/php/uploads/image/20161120/1479612960879139.jpg
INFO: [ app_init ] --START--
INFO: Run Behavior\BuildLiteBehavior [ RunTime:0.000014s ]
INFO: [ app_init ] --END-- [ RunTime:0.000522s ]
ERR: 无法加载模块:Uploads

[ 2016-11-20T12:04:53+08:00 ] ::1 /jianghu/ueditor/php/upload/image/20161120/1479612960879139.jpg
INFO: [ app_init ] --START--
INFO: Run Behavior\BuildLiteBehavior [ RunTime:0.000015s ]
INFO: [ app_init ] --END-- [ RunTime:0.000513s ]
ERR: 无法加载模块:Ueditor

[ 2016-11-20T12:06:15+08:00 ] ::1 /jianghu/ueditor/php/upload/image/20161120/1479612960879139.jpg
INFO: [ app_init ] --START--
INFO: Run Behavior\BuildLiteBehavior [ RunTime:0.000089s ]
INFO: [ app_init ] --END-- [ RunTime:0.002451s ]
ERR: 无法加载模块:Ueditor

