[ 2016-10-09T22:45:27+08:00 ] ::1 /jianghu/Uploads/2016-10-09/57fa56eb01735.jpg
INFO: [ app_init ] --START--
INFO: Run Behavior\BuildLiteBehavior [ RunTime:0.000014s ]
INFO: [ app_init ] --END-- [ RunTime:0.000642s ]
ERR: 无法加载模块:Uploads

[ 2016-10-09T22:45:34+08:00 ] ::1 /jianghu/Uploads/2016-10-09/57fa56eb01735.jpg
INFO: [ app_init ] --START--
INFO: Run Behavior\BuildLiteBehavior [ RunTime:0.000022s ]
INFO: [ app_init ] --END-- [ RunTime:0.004432s ]
ERR: 无法加载模块:Uploads

[ 2016-10-09T22:47:36+08:00 ] ::1 /jianghu/Uploads/2016-10-09/57fa56eb01735.jpg
INFO: [ app_init ] --START--
INFO: Run Behavior\BuildLiteBehavior [ RunTime:0.000021s ]
INFO: [ app_init ] --END-- [ RunTime:0.001138s ]
ERR: 无法加载模块:Uploads

[ 2016-10-09T22:49:04+08:00 ] ::1 /jianghu/Uploads/2016-10-09/57fa56eb01735.jpg
INFO: [ app_init ] --START--
INFO: Run Behavior\BuildLiteBehavior [ RunTime:0.000020s ]
INFO: [ app_init ] --END-- [ RunTime:0.000916s ]
ERR: 无法加载模块:Uploads

[ 2016-10-09T22:53:46+08:00 ] ::1 /jianghu/Uploads/2016-10-09/57fa56eb01735.jpg
INFO: [ app_init ] --START--
INFO: Run Behavior\BuildLiteBehavior [ RunTime:0.000014s ]
INFO: [ app_init ] --END-- [ RunTime:0.000532s ]
ERR: 无法加载模块:Uploads

[ 2016-10-09T22:55:40+08:00 ] ::1 /jianghu/Uploads/2016-10-09/57fa56eb01735.jpg
INFO: [ app_init ] --START--
INFO: Run Behavior\BuildLiteBehavior [ RunTime:0.000024s ]
INFO: [ app_init ] --END-- [ RunTime:0.001029s ]
ERR: 无法加载模块:Uploads

[ 2016-10-09T22:56:29+08:00 ] ::1 /jianghu/Uploads/2016-10-09/57fa56eb01735.jpg
INFO: [ app_init ] --START--
INFO: Run Behavior\BuildLiteBehavior [ RunTime:0.000012s ]
INFO: [ app_init ] --END-- [ RunTime:0.000516s ]
ERR: 无法加载模块:Uploads

