[ 2016-10-13T12:46:16+08:00 ] ::1 /jianghu/index.php/Admin/user/index.html
INFO: [ app_init ] --START--
INFO: Run Behavior\BuildLiteBehavior [ RunTime:0.000011s ]
INFO: [ app_init ] --END-- [ RunTime:0.000508s ]
INFO: [ app_begin ] --START--
INFO: Run Behavior\ReadHtmlCacheBehavior [ RunTime:0.000844s ]
INFO: [ app_begin ] --END-- [ RunTime:0.000905s ]
SQL: SHOW COLUMNS FROM `jianghu_user` [ RunTime:0.0050s ]
SQL: SELECT COUNT(*) AS tp_count FROM `jianghu_user` LIMIT 1   [ RunTime:0.0003s ]
SQL: SELECT * FROM `jianghu_user` LIMIT 0,3   [ RunTime:0.0004s ]
INFO: [ view_parse ] --START--
INFO: [ template_filter ] --START--
INFO: Run Behavior\ContentReplaceBehavior [ RunTime:0.000036s ]
INFO: [ template_filter ] --END-- [ RunTime:0.000080s ]
INFO: Run Behavior\ParseTemplateBehavior [ RunTime:0.008047s ]
INFO: [ view_parse ] --END-- [ RunTime:0.008108s ]
INFO: [ view_filter ] --START--
INFO: Run Behavior\WriteHtmlCacheBehavior [ RunTime:0.000638s ]
INFO: [ view_filter ] --END-- [ RunTime:0.000691s ]
INFO: [ app_end ] --START--
INFO: Run Behavior\ShowPageTraceBehavior [ RunTime:0.000885s ]
INFO: [ app_end ] --END-- [ RunTime:0.000927s ]

[ 2016-10-13T12:46:19+08:00 ] ::1 /jianghu/index.php/Admin/User/index/p/2.html
INFO: [ app_init ] --START--
INFO: Run Behavior\BuildLiteBehavior [ RunTime:0.000011s ]
INFO: [ app_init ] --END-- [ RunTime:0.000440s ]
INFO: [ app_begin ] --START--
INFO: Run Behavior\ReadHtmlCacheBehavior [ RunTime:0.001129s ]
INFO: [ app_begin ] --END-- [ RunTime:0.001201s ]
SQL: SHOW COLUMNS FROM `jianghu_user` [ RunTime:0.0040s ]
SQL: SELECT COUNT(*) AS tp_count FROM `jianghu_user` LIMIT 1   [ RunTime:0.0005s ]
SQL: SELECT * FROM `jianghu_user` LIMIT 3,3   [ RunTime:0.0004s ]
INFO: [ view_parse ] --START--
INFO: [ template_filter ] --START--
INFO: Run Behavior\ContentReplaceBehavior [ RunTime:0.000038s ]
INFO: [ template_filter ] --END-- [ RunTime:0.000088s ]
INFO: Run Behavior\ParseTemplateBehavior [ RunTime:0.008806s ]
INFO: [ view_parse ] --END-- [ RunTime:0.008884s ]
INFO: [ view_filter ] --START--
INFO: Run Behavior\WriteHtmlCacheBehavior [ RunTime:0.000799s ]
INFO: [ view_filter ] --END-- [ RunTime:0.000862s ]
INFO: [ app_end ] --START--
INFO: Run Behavior\ShowPageTraceBehavior [ RunTime:0.001164s ]
INFO: [ app_end ] --END-- [ RunTime:0.001229s ]

[ 2016-10-13T12:46:20+08:00 ] ::1 /jianghu/index.php/Admin/User/index/p/3.html
INFO: [ app_init ] --START--
INFO: Run Behavior\BuildLiteBehavior [ RunTime:0.000016s ]
INFO: [ app_init ] --END-- [ RunTime:0.000542s ]
INFO: [ app_begin ] --START--
INFO: Run Behavior\ReadHtmlCacheBehavior [ RunTime:0.000757s ]
INFO: [ app_begin ] --END-- [ RunTime:0.000813s ]
SQL: SHOW COLUMNS FROM `jianghu_user` [ RunTime:0.0039s ]
SQL: SELECT COUNT(*) AS tp_count FROM `jianghu_user` LIMIT 1   [ RunTime:0.0002s ]
SQL: SELECT * FROM `jianghu_user` LIMIT 6,3   [ RunTime:0.0005s ]
INFO: [ view_parse ] --START--
INFO: [ template_filter ] --START--
INFO: Run Behavior\ContentReplaceBehavior [ RunTime:0.000056s ]
INFO: [ template_filter ] --END-- [ RunTime:0.000125s ]
INFO: Run Behavior\ParseTemplateBehavior [ RunTime:0.010518s ]
INFO: [ view_parse ] --END-- [ RunTime:0.010612s ]
INFO: [ view_filter ] --START--
INFO: Run Behavior\WriteHtmlCacheBehavior [ RunTime:0.000930s ]
INFO: [ view_filter ] --END-- [ RunTime:0.001005s ]
INFO: [ app_end ] --START--
INFO: Run Behavior\ShowPageTraceBehavior [ RunTime:0.001221s ]
INFO: [ app_end ] --END-- [ RunTime:0.001296s ]

[ 2016-10-13T12:46:22+08:00 ] ::1 /jianghu/index.php/Admin/User/index/p/4.html
INFO: [ app_init ] --START--
INFO: Run Behavior\BuildLiteBehavior [ RunTime:0.000020s ]
INFO: [ app_init ] --END-- [ RunTime:0.000796s ]
INFO: [ app_begin ] --START--
INFO: Run Behavior\ReadHtmlCacheBehavior [ RunTime:0.000945s ]
INFO: [ app_begin ] --END-- [ RunTime:0.001052s ]
SQL: SHOW COLUMNS FROM `jianghu_user` [ RunTime:0.0059s ]
SQL: SELECT COUNT(*) AS tp_count FROM `jianghu_user` LIMIT 1   [ RunTime:0.0004s ]
SQL: SELECT * FROM `jianghu_user` LIMIT 9,3   [ RunTime:0.0006s ]
INFO: [ view_parse ] --START--
INFO: [ template_filter ] --START--
INFO: Run Behavior\ContentReplaceBehavior [ RunTime:0.000137s ]
INFO: [ template_filter ] --END-- [ RunTime:0.000356s ]
INFO: Run Behavior\ParseTemplateBehavior [ RunTime:0.012968s ]
INFO: [ view_parse ] --END-- [ RunTime:0.013113s ]
INFO: [ view_filter ] --START--
INFO: Run Behavior\WriteHtmlCacheBehavior [ RunTime:0.000876s ]
INFO: [ view_filter ] --END-- [ RunTime:0.000944s ]
INFO: [ app_end ] --START--
INFO: Run Behavior\ShowPageTraceBehavior [ RunTime:0.000917s ]
INFO: [ app_end ] --END-- [ RunTime:0.000987s ]

[ 2016-10-13T12:46:22+08:00 ] ::1 /jianghu/index.php/Admin/User/index/p/5.html
INFO: [ app_init ] --START--
INFO: Run Behavior\BuildLiteBehavior [ RunTime:0.000014s ]
INFO: [ app_init ] --END-- [ RunTime:0.000458s ]
INFO: [ app_begin ] --START--
INFO: Run Behavior\ReadHtmlCacheBehavior [ RunTime:0.000741s ]
INFO: [ app_begin ] --END-- [ RunTime:0.000796s ]
SQL: SHOW COLUMNS FROM `jianghu_user` [ RunTime:0.0348s ]
SQL: SELECT COUNT(*) AS tp_count FROM `jianghu_user` LIMIT 1   [ RunTime:0.0003s ]
SQL: SELECT * FROM `jianghu_user` LIMIT 12,3   [ RunTime:0.0003s ]
INFO: [ view_parse ] --START--
INFO: [ template_filter ] --START--
INFO: Run Behavior\ContentReplaceBehavior [ RunTime:0.000057s ]
INFO: [ template_filter ] --END-- [ RunTime:0.000129s ]
INFO: Run Behavior\ParseTemplateBehavior [ RunTime:0.009407s ]
INFO: [ view_parse ] --END-- [ RunTime:0.009470s ]
INFO: [ view_filter ] --START--
INFO: Run Behavior\WriteHtmlCacheBehavior [ RunTime:0.000956s ]
INFO: [ view_filter ] --END-- [ RunTime:0.001022s ]
INFO: [ app_end ] --START--
INFO: Run Behavior\ShowPageTraceBehavior [ RunTime:0.000864s ]
INFO: [ app_end ] --END-- [ RunTime:0.000903s ]

[ 2016-10-13T12:47:03+08:00 ] ::1 /jianghu/index.php/Admin/user/showDailyNum.html
INFO: [ app_init ] --START--
INFO: Run Behavior\BuildLiteBehavior [ RunTime:0.000017s ]
INFO: [ app_init ] --END-- [ RunTime:0.000634s ]
INFO: [ app_begin ] --START--
INFO: Run Behavior\ReadHtmlCacheBehavior [ RunTime:0.001030s ]
INFO: [ app_begin ] --END-- [ RunTime:0.001108s ]
SQL: SHOW COLUMNS FROM `jianghu_daily_num` [ RunTime:0.0038s ]
SQL: SELECT * FROM `jianghu_daily_num`  [ RunTime:0.0003s ]
INFO: [ view_parse ] --START--
INFO: [ template_filter ] --START--
INFO: Run Behavior\ContentReplaceBehavior [ RunTime:0.000035s ]
INFO: [ template_filter ] --END-- [ RunTime:0.000080s ]
NOTIC: [8] Undefined variable: page D:\xampp\htdocs\jianghu\Application\Runtime\Cache\Admin\5920d3b0e70ddfcaac84dc1222d43670.php 第 38 行.
INFO: Run Behavior\ParseTemplateBehavior [ RunTime:0.008541s ]
INFO: [ view_parse ] --END-- [ RunTime:0.008596s ]
INFO: [ view_filter ] --START--
INFO: Run Behavior\WriteHtmlCacheBehavior [ RunTime:0.000605s ]
INFO: [ view_filter ] --END-- [ RunTime:0.000642s ]
INFO: [ app_end ] --START--
INFO: Run Behavior\ShowPageTraceBehavior [ RunTime:0.000748s ]
INFO: [ app_end ] --END-- [ RunTime:0.000788s ]

[ 2016-10-13T12:47:08+08:00 ] ::1 /jianghu/index.php/Admin/user/showDailyNum.html
INFO: [ app_init ] --START--
INFO: Run Behavior\BuildLiteBehavior [ RunTime:0.000011s ]
INFO: [ app_init ] --END-- [ RunTime:0.000450s ]
INFO: [ app_begin ] --START--
INFO: Run Behavior\ReadHtmlCacheBehavior [ RunTime:0.000820s ]
INFO: [ app_begin ] --END-- [ RunTime:0.000879s ]
SQL: SHOW COLUMNS FROM `jianghu_daily_num` [ RunTime:0.0042s ]
SQL: SELECT * FROM `jianghu_daily_num`  [ RunTime:0.0004s ]
INFO: [ view_parse ] --START--
INFO: [ template_filter ] --START--
INFO: Run Behavior\ContentReplaceBehavior [ RunTime:0.000034s ]
INFO: [ template_filter ] --END-- [ RunTime:0.000081s ]
NOTIC: [8] Undefined variable: page D:\xampp\htdocs\jianghu\Application\Runtime\Cache\Admin\5920d3b0e70ddfcaac84dc1222d43670.php 第 38 行.
INFO: Run Behavior\ParseTemplateBehavior [ RunTime:0.007641s ]
INFO: [ view_parse ] --END-- [ RunTime:0.007747s ]
INFO: [ view_filter ] --START--
INFO: Run Behavior\WriteHtmlCacheBehavior [ RunTime:0.001055s ]
INFO: [ view_filter ] --END-- [ RunTime:0.001115s ]
INFO: [ app_end ] --START--
INFO: Run Behavior\ShowPageTraceBehavior [ RunTime:0.000851s ]
INFO: [ app_end ] --END-- [ RunTime:0.000897s ]

[ 2016-10-13T12:47:09+08:00 ] ::1 /jianghu/index.php/Admin/user/showDailyNum.html
INFO: [ app_init ] --START--
INFO: Run Behavior\BuildLiteBehavior [ RunTime:0.000013s ]
INFO: [ app_init ] --END-- [ RunTime:0.000692s ]
INFO: [ app_begin ] --START--
INFO: Run Behavior\ReadHtmlCacheBehavior [ RunTime:0.000797s ]
INFO: [ app_begin ] --END-- [ RunTime:0.000845s ]
SQL: SHOW COLUMNS FROM `jianghu_daily_num` [ RunTime:0.0047s ]
SQL: SELECT * FROM `jianghu_daily_num`  [ RunTime:0.0003s ]
INFO: [ view_parse ] --START--
INFO: [ template_filter ] --START--
INFO: Run Behavior\ContentReplaceBehavior [ RunTime:0.000034s ]
INFO: [ template_filter ] --END-- [ RunTime:0.000078s ]
NOTIC: [8] Undefined variable: page D:\xampp\htdocs\jianghu\Application\Runtime\Cache\Admin\5920d3b0e70ddfcaac84dc1222d43670.php 第 38 行.
INFO: Run Behavior\ParseTemplateBehavior [ RunTime:0.008306s ]
INFO: [ view_parse ] --END-- [ RunTime:0.008363s ]
INFO: [ view_filter ] --START--
INFO: Run Behavior\WriteHtmlCacheBehavior [ RunTime:0.000618s ]
INFO: [ view_filter ] --END-- [ RunTime:0.000656s ]
INFO: [ app_end ] --START--
INFO: Run Behavior\ShowPageTraceBehavior [ RunTime:0.000802s ]
INFO: [ app_end ] --END-- [ RunTime:0.000842s ]

[ 2016-10-13T12:47:12+08:00 ] ::1 /jianghu/index.php/Admin/user/showDailyNum.html
INFO: [ app_init ] --START--
INFO: Run Behavior\BuildLiteBehavior [ RunTime:0.000016s ]
INFO: [ app_init ] --END-- [ RunTime:0.000553s ]
INFO: [ app_begin ] --START--
INFO: Run Behavior\ReadHtmlCacheBehavior [ RunTime:0.000737s ]
INFO: [ app_begin ] --END-- [ RunTime:0.000794s ]
SQL: SHOW COLUMNS FROM `jianghu_daily_num` [ RunTime:0.0041s ]
SQL: SELECT * FROM `jianghu_daily_num`  [ RunTime:0.0003s ]
INFO: [ view_parse ] --START--
INFO: [ template_filter ] --START--
INFO: Run Behavior\ContentReplaceBehavior [ RunTime:0.000037s ]
INFO: [ template_filter ] --END-- [ RunTime:0.000089s ]
NOTIC: [8] Undefined variable: page D:\xampp\htdocs\jianghu\Application\Runtime\Cache\Admin\5920d3b0e70ddfcaac84dc1222d43670.php 第 38 行.
INFO: Run Behavior\ParseTemplateBehavior [ RunTime:0.008168s ]
INFO: [ view_parse ] --END-- [ RunTime:0.008219s ]
INFO: [ view_filter ] --START--
INFO: Run Behavior\WriteHtmlCacheBehavior [ RunTime:0.000654s ]
INFO: [ view_filter ] --END-- [ RunTime:0.000696s ]
INFO: [ app_end ] --START--
INFO: Run Behavior\ShowPageTraceBehavior [ RunTime:0.000814s ]
INFO: [ app_end ] --END-- [ RunTime:0.000856s ]

[ 2016-10-13T12:47:13+08:00 ] ::1 /jianghu/index.php/Admin/user/index.html
INFO: [ app_init ] --START--
INFO: Run Behavior\BuildLiteBehavior [ RunTime:0.000012s ]
INFO: [ app_init ] --END-- [ RunTime:0.000456s ]
INFO: [ app_begin ] --START--
INFO: Run Behavior\ReadHtmlCacheBehavior [ RunTime:0.000751s ]
INFO: [ app_begin ] --END-- [ RunTime:0.000806s ]
SQL: SHOW COLUMNS FROM `jianghu_user` [ RunTime:0.0048s ]
SQL: SELECT COUNT(*) AS tp_count FROM `jianghu_user` LIMIT 1   [ RunTime:0.0002s ]
SQL: SELECT * FROM `jianghu_user` LIMIT 0,3   [ RunTime:0.0003s ]
INFO: [ view_parse ] --START--
INFO: [ template_filter ] --START--
INFO: Run Behavior\ContentReplaceBehavior [ RunTime:0.000094s ]
INFO: [ template_filter ] --END-- [ RunTime:0.000201s ]
INFO: Run Behavior\ParseTemplateBehavior [ RunTime:0.009486s ]
INFO: [ view_parse ] --END-- [ RunTime:0.009551s ]
INFO: [ view_filter ] --START--
INFO: Run Behavior\WriteHtmlCacheBehavior [ RunTime:0.000574s ]
INFO: [ view_filter ] --END-- [ RunTime:0.000614s ]
INFO: [ app_end ] --START--
INFO: Run Behavior\ShowPageTraceBehavior [ RunTime:0.000750s ]
INFO: [ app_end ] --END-- [ RunTime:0.000789s ]

[ 2016-10-13T12:47:13+08:00 ] ::1 /jianghu/index.php/Admin/user/showDailyNum.html
INFO: [ app_init ] --START--
INFO: Run Behavior\BuildLiteBehavior [ RunTime:0.000012s ]
INFO: [ app_init ] --END-- [ RunTime:0.000466s ]
INFO: [ app_begin ] --START--
INFO: Run Behavior\ReadHtmlCacheBehavior [ RunTime:0.000765s ]
INFO: [ app_begin ] --END-- [ RunTime:0.000821s ]
SQL: SHOW COLUMNS FROM `jianghu_daily_num` [ RunTime:0.0035s ]
SQL: SELECT * FROM `jianghu_daily_num`  [ RunTime:0.0003s ]
INFO: [ view_parse ] --START--
INFO: [ template_filter ] --START--
INFO: Run Behavior\ContentReplaceBehavior [ RunTime:0.000035s ]
INFO: [ template_filter ] --END-- [ RunTime:0.000081s ]
NOTIC: [8] Undefined variable: page D:\xampp\htdocs\jianghu\Application\Runtime\Cache\Admin\5920d3b0e70ddfcaac84dc1222d43670.php 第 38 行.
INFO: Run Behavior\ParseTemplateBehavior [ RunTime:0.006949s ]
INFO: [ view_parse ] --END-- [ RunTime:0.006994s ]
INFO: [ view_filter ] --START--
INFO: Run Behavior\WriteHtmlCacheBehavior [ RunTime:0.000559s ]
INFO: [ view_filter ] --END-- [ RunTime:0.000594s ]
INFO: [ app_end ] --START--
INFO: Run Behavior\ShowPageTraceBehavior [ RunTime:0.000743s ]
INFO: [ app_end ] --END-- [ RunTime:0.000782s ]

[ 2016-10-13T12:47:15+08:00 ] ::1 /jianghu/index.php/Admin/user/index.html
INFO: [ app_init ] --START--
INFO: Run Behavior\BuildLiteBehavior [ RunTime:0.000015s ]
INFO: [ app_init ] --END-- [ RunTime:0.000499s ]
INFO: [ app_begin ] --START--
INFO: Run Behavior\ReadHtmlCacheBehavior [ RunTime:0.000886s ]
INFO: [ app_begin ] --END-- [ RunTime:0.000945s ]
SQL: SHOW COLUMNS FROM `jianghu_user` [ RunTime:0.0035s ]
SQL: SELECT COUNT(*) AS tp_count FROM `jianghu_user` LIMIT 1   [ RunTime:0.0002s ]
SQL: SELECT * FROM `jianghu_user` LIMIT 0,3   [ RunTime:0.0004s ]
INFO: [ view_parse ] --START--
INFO: [ template_filter ] --START--
INFO: Run Behavior\ContentReplaceBehavior [ RunTime:0.000035s ]
INFO: [ template_filter ] --END-- [ RunTime:0.000081s ]
INFO: Run Behavior\ParseTemplateBehavior [ RunTime:0.008433s ]
INFO: [ view_parse ] --END-- [ RunTime:0.008504s ]
INFO: [ view_filter ] --START--
INFO: Run Behavior\WriteHtmlCacheBehavior [ RunTime:0.000562s ]
INFO: [ view_filter ] --END-- [ RunTime:0.000601s ]
INFO: [ app_end ] --START--
INFO: Run Behavior\ShowPageTraceBehavior [ RunTime:0.000980s ]
INFO: [ app_end ] --END-- [ RunTime:0.001032s ]

[ 2016-10-13T12:47:16+08:00 ] ::1 /jianghu/index.php/Admin/User/index/p/2.html
INFO: [ app_init ] --START--
INFO: Run Behavior\BuildLiteBehavior [ RunTime:0.000017s ]
INFO: [ app_init ] --END-- [ RunTime:0.000579s ]
INFO: [ app_begin ] --START--
INFO: Run Behavior\ReadHtmlCacheBehavior [ RunTime:0.000743s ]
INFO: [ app_begin ] --END-- [ RunTime:0.000799s ]
SQL: SHOW COLUMNS FROM `jianghu_user` [ RunTime:0.0035s ]
SQL: SELECT COUNT(*) AS tp_count FROM `jianghu_user` LIMIT 1   [ RunTime:0.0004s ]
SQL: SELECT * FROM `jianghu_user` LIMIT 3,3   [ RunTime:0.0004s ]
INFO: [ view_parse ] --START--
INFO: [ template_filter ] --START--
INFO: Run Behavior\ContentReplaceBehavior [ RunTime:0.000039s ]
INFO: [ template_filter ] --END-- [ RunTime:0.000095s ]
INFO: Run Behavior\ParseTemplateBehavior [ RunTime:0.009385s ]
INFO: [ view_parse ] --END-- [ RunTime:0.009448s ]
INFO: [ view_filter ] --START--
INFO: Run Behavior\WriteHtmlCacheBehavior [ RunTime:0.000561s ]
INFO: [ view_filter ] --END-- [ RunTime:0.000602s ]
INFO: [ app_end ] --START--
INFO: Run Behavior\ShowPageTraceBehavior [ RunTime:0.000738s ]
INFO: [ app_end ] --END-- [ RunTime:0.000777s ]

[ 2016-10-13T12:47:20+08:00 ] ::1 /jianghu/index.php/Admin/User/index/p/3.html
INFO: [ app_init ] --START--
INFO: Run Behavior\BuildLiteBehavior [ RunTime:0.000013s ]
INFO: [ app_init ] --END-- [ RunTime:0.000682s ]
INFO: [ app_begin ] --START--
INFO: Run Behavior\ReadHtmlCacheBehavior [ RunTime:0.000760s ]
INFO: [ app_begin ] --END-- [ RunTime:0.000817s ]
SQL: SHOW COLUMNS FROM `jianghu_user` [ RunTime:0.0061s ]
SQL: SELECT COUNT(*) AS tp_count FROM `jianghu_user` LIMIT 1   [ RunTime:0.0003s ]
SQL: SELECT * FROM `jianghu_user` LIMIT 6,3   [ RunTime:0.0004s ]
INFO: [ view_parse ] --START--
INFO: [ template_filter ] --START--
INFO: Run Behavior\ContentReplaceBehavior [ RunTime:0.000052s ]
INFO: [ template_filter ] --END-- [ RunTime:0.000115s ]
INFO: Run Behavior\ParseTemplateBehavior [ RunTime:0.009315s ]
INFO: [ view_parse ] --END-- [ RunTime:0.009409s ]
INFO: [ view_filter ] --START--
INFO: Run Behavior\WriteHtmlCacheBehavior [ RunTime:0.000856s ]
INFO: [ view_filter ] --END-- [ RunTime:0.000929s ]
INFO: [ app_end ] --START--
INFO: Run Behavior\ShowPageTraceBehavior [ RunTime:0.000818s ]
INFO: [ app_end ] --END-- [ RunTime:0.000863s ]

[ 2016-10-13T12:47:25+08:00 ] ::1 /jianghu/index.php/Admin/user/index.html
INFO: [ app_init ] --START--
INFO: Run Behavior\BuildLiteBehavior [ RunTime:0.000016s ]
INFO: [ app_init ] --END-- [ RunTime:0.000500s ]
INFO: [ app_begin ] --START--
INFO: Run Behavior\ReadHtmlCacheBehavior [ RunTime:0.000777s ]
INFO: [ app_begin ] --END-- [ RunTime:0.000833s ]
SQL: SHOW COLUMNS FROM `jianghu_user` [ RunTime:0.0047s ]
SQL: SELECT COUNT(*) AS tp_count FROM `jianghu_user` LIMIT 1   [ RunTime:0.0003s ]
SQL: SELECT * FROM `jianghu_user` LIMIT 0,3   [ RunTime:0.0004s ]
INFO: [ view_parse ] --START--
INFO: [ template_filter ] --START--
INFO: Run Behavior\ContentReplaceBehavior [ RunTime:0.000038s ]
INFO: [ template_filter ] --END-- [ RunTime:0.000084s ]
INFO: Run Behavior\ParseTemplateBehavior [ RunTime:0.009059s ]
INFO: [ view_parse ] --END-- [ RunTime:0.009122s ]
INFO: [ view_filter ] --START--
INFO: Run Behavior\WriteHtmlCacheBehavior [ RunTime:0.000577s ]
INFO: [ view_filter ] --END-- [ RunTime:0.000615s ]
INFO: [ app_end ] --START--
INFO: Run Behavior\ShowPageTraceBehavior [ RunTime:0.000828s ]
INFO: [ app_end ] --END-- [ RunTime:0.000871s ]

[ 2016-10-13T12:47:28+08:00 ] ::1 /jianghu/index.php/Admin/User/index/p/5.html
INFO: [ app_init ] --START--
INFO: Run Behavior\BuildLiteBehavior [ RunTime:0.000013s ]
INFO: [ app_init ] --END-- [ RunTime:0.000722s ]
INFO: [ app_begin ] --START--
INFO: Run Behavior\ReadHtmlCacheBehavior [ RunTime:0.001248s ]
INFO: [ app_begin ] --END-- [ RunTime:0.001341s ]
SQL: SHOW COLUMNS FROM `jianghu_user` [ RunTime:0.0072s ]
SQL: SELECT COUNT(*) AS tp_count FROM `jianghu_user` LIMIT 1   [ RunTime:0.0004s ]
SQL: SELECT * FROM `jianghu_user` LIMIT 12,3   [ RunTime:0.0006s ]
INFO: [ view_parse ] --START--
INFO: [ template_filter ] --START--
INFO: Run Behavior\ContentReplaceBehavior [ RunTime:0.000063s ]
INFO: [ template_filter ] --END-- [ RunTime:0.000178s ]
INFO: Run Behavior\ParseTemplateBehavior [ RunTime:0.011679s ]
INFO: [ view_parse ] --END-- [ RunTime:0.011754s ]
INFO: [ view_filter ] --START--
INFO: Run Behavior\WriteHtmlCacheBehavior [ RunTime:0.000787s ]
INFO: [ view_filter ] --END-- [ RunTime:0.000846s ]
INFO: [ app_end ] --START--
INFO: Run Behavior\ShowPageTraceBehavior [ RunTime:0.000969s ]
INFO: [ app_end ] --END-- [ RunTime:0.001024s ]

[ 2016-10-13T13:14:57+08:00 ] ::1 /jianghu/index.php/Admin/user/showDailyNum.html
INFO: [ app_init ] --START--
INFO: Run Behavior\BuildLiteBehavior [ RunTime:0.000019s ]
INFO: [ app_init ] --END-- [ RunTime:0.000629s ]
INFO: [ app_begin ] --START--
INFO: Run Behavior\ReadHtmlCacheBehavior [ RunTime:0.001078s ]
INFO: [ app_begin ] --END-- [ RunTime:0.001151s ]
SQL: SHOW COLUMNS FROM `jianghu_daily_num` [ RunTime:0.0050s ]
SQL: SELECT * FROM `jianghu_daily_num`  [ RunTime:0.0003s ]
NOTIC: [8] Undefined offset: -1 D:\xampp\htdocs\jianghu\Application\Admin\Controller\UserController.class.php 第 77 行.
NOTIC: [2] Division by zero D:\xampp\htdocs\jianghu\Application\Admin\Controller\UserController.class.php 第 77 行.
NOTIC: [2] Illegal offset type D:\xampp\htdocs\jianghu\Application\Admin\Controller\UserController.class.php 第 77 行.
NOTIC: [2] Division by zero D:\xampp\htdocs\jianghu\Application\Admin\Controller\UserController.class.php 第 77 行.
NOTIC: [2] Illegal offset type D:\xampp\htdocs\jianghu\Application\Admin\Controller\UserController.class.php 第 77 行.
NOTIC: [2] Division by zero D:\xampp\htdocs\jianghu\Application\Admin\Controller\UserController.class.php 第 77 行.
INFO: [ view_parse ] --START--
INFO: [ template_filter ] --START--
INFO: Run Behavior\ContentReplaceBehavior [ RunTime:0.000059s ]
INFO: [ template_filter ] --END-- [ RunTime:0.000131s ]
NOTIC: [8] Undefined index: stay D:\xampp\htdocs\jianghu\Application\Runtime\Cache\Admin\5920d3b0e70ddfcaac84dc1222d43670.php 第 34 行.
NOTIC: [8] Undefined index: stay D:\xampp\htdocs\jianghu\Application\Runtime\Cache\Admin\5920d3b0e70ddfcaac84dc1222d43670.php 第 34 行.
NOTIC: [8] Undefined index: stay D:\xampp\htdocs\jianghu\Application\Runtime\Cache\Admin\5920d3b0e70ddfcaac84dc1222d43670.php 第 34 行.
NOTIC: [8] Undefined variable: page D:\xampp\htdocs\jianghu\Application\Runtime\Cache\Admin\5920d3b0e70ddfcaac84dc1222d43670.php 第 39 行.
INFO: Run Behavior\ParseTemplateBehavior [ RunTime:0.010085s ]
INFO: [ view_parse ] --END-- [ RunTime:0.010157s ]
INFO: [ view_filter ] --START--
INFO: Run Behavior\WriteHtmlCacheBehavior [ RunTime:0.000763s ]
INFO: [ view_filter ] --END-- [ RunTime:0.000821s ]
INFO: [ app_end ] --START--
INFO: Run Behavior\ShowPageTraceBehavior [ RunTime:0.000724s ]
INFO: [ app_end ] --END-- [ RunTime:0.000760s ]

[ 2016-10-13T13:15:41+08:00 ] ::1 /jianghu/index.php/Admin/index/index.html
INFO: [ app_init ] --START--
INFO: Run Behavior\BuildLiteBehavior [ RunTime:0.000014s ]
INFO: [ app_init ] --END-- [ RunTime:0.000521s ]
INFO: [ app_begin ] --START--
INFO: Run Behavior\ReadHtmlCacheBehavior [ RunTime:0.000755s ]
INFO: [ app_begin ] --END-- [ RunTime:0.000810s ]
INFO: [ view_parse ] --START--
INFO: [ template_filter ] --START--
INFO: Run Behavior\ContentReplaceBehavior [ RunTime:0.000042s ]
INFO: [ template_filter ] --END-- [ RunTime:0.000093s ]
INFO: Run Behavior\ParseTemplateBehavior [ RunTime:0.008058s ]
INFO: [ view_parse ] --END-- [ RunTime:0.008129s ]
INFO: [ view_filter ] --START--
INFO: Run Behavior\WriteHtmlCacheBehavior [ RunTime:0.001427s ]
INFO: [ view_filter ] --END-- [ RunTime:0.001502s ]
INFO: [ app_end ] --START--
INFO: Run Behavior\ShowPageTraceBehavior [ RunTime:0.001002s ]
INFO: [ app_end ] --END-- [ RunTime:0.001061s ]

[ 2016-10-13T13:15:41+08:00 ] ::1 /jianghu/index.php/Admin/index/main.html
INFO: [ app_init ] --START--
INFO: Run Behavior\BuildLiteBehavior [ RunTime:0.000018s ]
INFO: [ app_init ] --END-- [ RunTime:0.003522s ]
INFO: [ app_begin ] --START--
INFO: Run Behavior\ReadHtmlCacheBehavior [ RunTime:0.001179s ]
INFO: [ app_begin ] --END-- [ RunTime:0.001262s ]
INFO: [ view_parse ] --START--
INFO: [ template_filter ] --START--
INFO: Run Behavior\ContentReplaceBehavior [ RunTime:0.000052s ]
INFO: [ template_filter ] --END-- [ RunTime:0.000131s ]
INFO: Run Behavior\ParseTemplateBehavior [ RunTime:0.013790s ]
INFO: [ view_parse ] --END-- [ RunTime:0.013897s ]
INFO: [ view_filter ] --START--
INFO: Run Behavior\WriteHtmlCacheBehavior [ RunTime:0.000832s ]
INFO: [ view_filter ] --END-- [ RunTime:0.000895s ]
INFO: [ app_end ] --START--
INFO: Run Behavior\ShowPageTraceBehavior [ RunTime:0.002873s ]
INFO: [ app_end ] --END-- [ RunTime:0.003001s ]

[ 2016-10-13T13:15:45+08:00 ] ::1 /jianghu/index.php/Admin/user/showDailyNum.html
INFO: [ app_init ] --START--
INFO: Run Behavior\BuildLiteBehavior [ RunTime:0.000021s ]
INFO: [ app_init ] --END-- [ RunTime:0.000940s ]
INFO: [ app_begin ] --START--
INFO: Run Behavior\ReadHtmlCacheBehavior [ RunTime:0.001916s ]
INFO: [ app_begin ] --END-- [ RunTime:0.002011s ]
SQL: SHOW COLUMNS FROM `jianghu_daily_num` [ RunTime:0.0061s ]
SQL: SELECT * FROM `jianghu_daily_num`  [ RunTime:0.0005s ]
NOTIC: [8] Undefined offset: -1 D:\xampp\htdocs\jianghu\Application\Admin\Controller\UserController.class.php 第 77 行.
NOTIC: [2] Division by zero D:\xampp\htdocs\jianghu\Application\Admin\Controller\UserController.class.php 第 77 行.
NOTIC: [2] Illegal offset type D:\xampp\htdocs\jianghu\Application\Admin\Controller\UserController.class.php 第 77 行.
NOTIC: [2] Division by zero D:\xampp\htdocs\jianghu\Application\Admin\Controller\UserController.class.php 第 77 行.
NOTIC: [2] Illegal offset type D:\xampp\htdocs\jianghu\Application\Admin\Controller\UserController.class.php 第 77 行.
NOTIC: [2] Division by zero D:\xampp\htdocs\jianghu\Application\Admin\Controller\UserController.class.php 第 77 行.
INFO: [ view_parse ] --START--
INFO: [ template_filter ] --START--
INFO: Run Behavior\ContentReplaceBehavior [ RunTime:0.000058s ]
INFO: [ template_filter ] --END-- [ RunTime:0.000129s ]
NOTIC: [8] Undefined index: stay D:\xampp\htdocs\jianghu\Application\Runtime\Cache\Admin\5920d3b0e70ddfcaac84dc1222d43670.php 第 34 行.
NOTIC: [8] Undefined index: stay D:\xampp\htdocs\jianghu\Application\Runtime\Cache\Admin\5920d3b0e70ddfcaac84dc1222d43670.php 第 34 行.
NOTIC: [8] Undefined index: stay D:\xampp\htdocs\jianghu\Application\Runtime\Cache\Admin\5920d3b0e70ddfcaac84dc1222d43670.php 第 34 行.
NOTIC: [8] Undefined variable: page D:\xampp\htdocs\jianghu\Application\Runtime\Cache\Admin\5920d3b0e70ddfcaac84dc1222d43670.php 第 39 行.
INFO: Run Behavior\ParseTemplateBehavior [ RunTime:0.013368s ]
INFO: [ view_parse ] --END-- [ RunTime:0.013454s ]
INFO: [ view_filter ] --START--
INFO: Run Behavior\WriteHtmlCacheBehavior [ RunTime:0.001127s ]
INFO: [ view_filter ] --END-- [ RunTime:0.001220s ]
INFO: [ app_end ] --START--
INFO: Run Behavior\ShowPageTraceBehavior [ RunTime:0.001317s ]
INFO: [ app_end ] --END-- [ RunTime:0.001388s ]

[ 2016-10-13T13:17:51+08:00 ] ::1 /jianghu/index.php/Admin/index/index.html
INFO: [ app_init ] --START--
INFO: Run Behavior\BuildLiteBehavior [ RunTime:0.000016s ]
INFO: [ app_init ] --END-- [ RunTime:0.000708s ]
INFO: [ app_begin ] --START--
INFO: Run Behavior\ReadHtmlCacheBehavior [ RunTime:0.001231s ]
INFO: [ app_begin ] --END-- [ RunTime:0.001322s ]
INFO: [ view_parse ] --START--
INFO: [ template_filter ] --START--
INFO: Run Behavior\ContentReplaceBehavior [ RunTime:0.000043s ]
INFO: [ template_filter ] --END-- [ RunTime:0.000094s ]
INFO: Run Behavior\ParseTemplateBehavior [ RunTime:0.008667s ]
INFO: [ view_parse ] --END-- [ RunTime:0.008735s ]
INFO: [ view_filter ] --START--
INFO: Run Behavior\WriteHtmlCacheBehavior [ RunTime:0.000830s ]
INFO: [ view_filter ] --END-- [ RunTime:0.000894s ]
INFO: [ app_end ] --START--
INFO: Run Behavior\ShowPageTraceBehavior [ RunTime:0.001151s ]
INFO: [ app_end ] --END-- [ RunTime:0.001208s ]

[ 2016-10-13T13:17:51+08:00 ] ::1 /jianghu/index.php/Admin/index/main.html
INFO: [ app_init ] --START--
INFO: Run Behavior\BuildLiteBehavior [ RunTime:0.000018s ]
INFO: [ app_init ] --END-- [ RunTime:0.000705s ]
INFO: [ app_begin ] --START--
INFO: Run Behavior\ReadHtmlCacheBehavior [ RunTime:0.002464s ]
INFO: [ app_begin ] --END-- [ RunTime:0.002567s ]
INFO: [ view_parse ] --START--
INFO: [ template_filter ] --START--
INFO: Run Behavior\ContentReplaceBehavior [ RunTime:0.000059s ]
INFO: [ template_filter ] --END-- [ RunTime:0.000149s ]
INFO: Run Behavior\ParseTemplateBehavior [ RunTime:0.011048s ]
INFO: [ view_parse ] --END-- [ RunTime:0.011145s ]
INFO: [ view_filter ] --START--
INFO: Run Behavior\WriteHtmlCacheBehavior [ RunTime:0.002133s ]
INFO: [ view_filter ] --END-- [ RunTime:0.002214s ]
INFO: [ app_end ] --START--
INFO: Run Behavior\ShowPageTraceBehavior [ RunTime:0.004421s ]
INFO: [ app_end ] --END-- [ RunTime:0.004494s ]

[ 2016-10-13T13:17:53+08:00 ] ::1 /jianghu/index.php/Admin/user/showDailyNum.html
INFO: [ app_init ] --START--
INFO: Run Behavior\BuildLiteBehavior [ RunTime:0.000012s ]
INFO: [ app_init ] --END-- [ RunTime:0.000469s ]
INFO: [ app_begin ] --START--
INFO: Run Behavior\ReadHtmlCacheBehavior [ RunTime:0.000716s ]
INFO: [ app_begin ] --END-- [ RunTime:0.000767s ]
SQL: SHOW COLUMNS FROM `jianghu_daily_num` [ RunTime:0.0035s ]
SQL: SELECT * FROM `jianghu_daily_num`  [ RunTime:0.0003s ]
NOTIC: [8] Undefined offset: -1 D:\xampp\htdocs\jianghu\Application\Admin\Controller\UserController.class.php 第 77 行.
NOTIC: [2] Division by zero D:\xampp\htdocs\jianghu\Application\Admin\Controller\UserController.class.php 第 77 行.
NOTIC: [2] Illegal offset type D:\xampp\htdocs\jianghu\Application\Admin\Controller\UserController.class.php 第 77 行.
NOTIC: [2] Division by zero D:\xampp\htdocs\jianghu\Application\Admin\Controller\UserController.class.php 第 77 行.
NOTIC: [2] Illegal offset type D:\xampp\htdocs\jianghu\Application\Admin\Controller\UserController.class.php 第 77 行.
NOTIC: [2] Division by zero D:\xampp\htdocs\jianghu\Application\Admin\Controller\UserController.class.php 第 77 行.
INFO: [ view_parse ] --START--
INFO: [ template_filter ] --START--
INFO: Run Behavior\ContentReplaceBehavior [ RunTime:0.000043s ]
INFO: [ template_filter ] --END-- [ RunTime:0.000091s ]
NOTIC: [8] Undefined index: stay D:\xampp\htdocs\jianghu\Application\Runtime\Cache\Admin\5920d3b0e70ddfcaac84dc1222d43670.php 第 34 行.
NOTIC: [8] Undefined index: stay D:\xampp\htdocs\jianghu\Application\Runtime\Cache\Admin\5920d3b0e70ddfcaac84dc1222d43670.php 第 34 行.
NOTIC: [8] Undefined index: stay D:\xampp\htdocs\jianghu\Application\Runtime\Cache\Admin\5920d3b0e70ddfcaac84dc1222d43670.php 第 34 行.
NOTIC: [8] Undefined variable: page D:\xampp\htdocs\jianghu\Application\Runtime\Cache\Admin\5920d3b0e70ddfcaac84dc1222d43670.php 第 39 行.
INFO: Run Behavior\ParseTemplateBehavior [ RunTime:0.007091s ]
INFO: [ view_parse ] --END-- [ RunTime:0.007134s ]
INFO: [ view_filter ] --START--
INFO: Run Behavior\WriteHtmlCacheBehavior [ RunTime:0.000695s ]
INFO: [ view_filter ] --END-- [ RunTime:0.000788s ]
INFO: [ app_end ] --START--
INFO: Run Behavior\ShowPageTraceBehavior [ RunTime:0.001373s ]
INFO: [ app_end ] --END-- [ RunTime:0.001456s ]

[ 2016-10-13T13:25:19+08:00 ] ::1 /jianghu/index.php/Admin/index/main.html
INFO: [ app_init ] --START--
INFO: Run Behavior\BuildLiteBehavior [ RunTime:0.000036s ]
INFO: [ app_init ] --END-- [ RunTime:0.000778s ]
INFO: [ app_begin ] --START--
INFO: Run Behavior\ReadHtmlCacheBehavior [ RunTime:0.001242s ]
INFO: [ app_begin ] --END-- [ RunTime:0.001343s ]
INFO: [ view_parse ] --START--
INFO: [ template_filter ] --START--
INFO: Run Behavior\ContentReplaceBehavior [ RunTime:0.000055s ]
INFO: [ template_filter ] --END-- [ RunTime:0.000129s ]
INFO: Run Behavior\ParseTemplateBehavior [ RunTime:0.010287s ]
INFO: [ view_parse ] --END-- [ RunTime:0.010372s ]
INFO: [ view_filter ] --START--
INFO: Run Behavior\WriteHtmlCacheBehavior [ RunTime:0.000746s ]
INFO: [ view_filter ] --END-- [ RunTime:0.000794s ]
INFO: [ app_end ] --START--
INFO: Run Behavior\ShowPageTraceBehavior [ RunTime:0.000807s ]
INFO: [ app_end ] --END-- [ RunTime:0.000848s ]

[ 2016-10-13T13:25:22+08:00 ] ::1 /jianghu/index.php/Admin/user/showDailyNum.html
INFO: [ app_init ] --START--
INFO: Run Behavior\BuildLiteBehavior [ RunTime:0.000012s ]
INFO: [ app_init ] --END-- [ RunTime:0.000473s ]
INFO: [ app_begin ] --START--
INFO: Run Behavior\ReadHtmlCacheBehavior [ RunTime:0.000756s ]
INFO: [ app_begin ] --END-- [ RunTime:0.000814s ]
SQL: SHOW COLUMNS FROM `jianghu_daily_num` [ RunTime:0.0051s ]
SQL: SELECT * FROM `jianghu_daily_num`  [ RunTime:0.0003s ]
NOTIC: [8] Undefined offset: -1 D:\xampp\htdocs\jianghu\Application\Admin\Controller\UserController.class.php 第 77 行.
NOTIC: [2] Division by zero D:\xampp\htdocs\jianghu\Application\Admin\Controller\UserController.class.php 第 77 行.
NOTIC: [2] Illegal offset type D:\xampp\htdocs\jianghu\Application\Admin\Controller\UserController.class.php 第 77 行.
NOTIC: [2] Illegal offset type D:\xampp\htdocs\jianghu\Application\Admin\Controller\UserController.class.php 第 77 行.
NOTIC: [2] Division by zero D:\xampp\htdocs\jianghu\Application\Admin\Controller\UserController.class.php 第 77 行.
NOTIC: [2] Illegal offset type D:\xampp\htdocs\jianghu\Application\Admin\Controller\UserController.class.php 第 77 行.
NOTIC: [2] Illegal offset type D:\xampp\htdocs\jianghu\Application\Admin\Controller\UserController.class.php 第 77 行.
NOTIC: [2] Division by zero D:\xampp\htdocs\jianghu\Application\Admin\Controller\UserController.class.php 第 77 行.
NOTIC: [2] Illegal offset type D:\xampp\htdocs\jianghu\Application\Admin\Controller\UserController.class.php 第 77 行.
INFO: [ view_parse ] --START--
INFO: [ template_filter ] --START--
INFO: Run Behavior\ContentReplaceBehavior [ RunTime:0.000052s ]
INFO: [ template_filter ] --END-- [ RunTime:0.000128s ]
NOTIC: [8] Undefined index: stay D:\xampp\htdocs\jianghu\Application\Runtime\Cache\Admin\5920d3b0e70ddfcaac84dc1222d43670.php 第 34 行.
NOTIC: [8] Undefined index: stay D:\xampp\htdocs\jianghu\Application\Runtime\Cache\Admin\5920d3b0e70ddfcaac84dc1222d43670.php 第 34 行.
NOTIC: [8] Undefined index: stay D:\xampp\htdocs\jianghu\Application\Runtime\Cache\Admin\5920d3b0e70ddfcaac84dc1222d43670.php 第 34 行.
NOTIC: [8] Undefined variable: page D:\xampp\htdocs\jianghu\Application\Runtime\Cache\Admin\5920d3b0e70ddfcaac84dc1222d43670.php 第 39 行.
INFO: Run Behavior\ParseTemplateBehavior [ RunTime:0.009222s ]
INFO: [ view_parse ] --END-- [ RunTime:0.009269s ]
INFO: [ view_filter ] --START--
INFO: Run Behavior\WriteHtmlCacheBehavior [ RunTime:0.000634s ]
INFO: [ view_filter ] --END-- [ RunTime:0.000683s ]
INFO: [ app_end ] --START--
INFO: Run Behavior\ShowPageTraceBehavior [ RunTime:0.000939s ]
INFO: [ app_end ] --END-- [ RunTime:0.000992s ]

[ 2016-10-13T13:25:25+08:00 ] ::1 /jianghu/index.php/Admin/index/index.html
INFO: [ app_init ] --START--
INFO: Run Behavior\BuildLiteBehavior [ RunTime:0.000015s ]
INFO: [ app_init ] --END-- [ RunTime:0.000478s ]
INFO: [ app_begin ] --START--
INFO: Run Behavior\ReadHtmlCacheBehavior [ RunTime:0.001192s ]
INFO: [ app_begin ] --END-- [ RunTime:0.001266s ]
INFO: [ view_parse ] --START--
INFO: [ template_filter ] --START--
INFO: Run Behavior\ContentReplaceBehavior [ RunTime:0.000040s ]
INFO: [ template_filter ] --END-- [ RunTime:0.000089s ]
INFO: Run Behavior\ParseTemplateBehavior [ RunTime:0.008160s ]
INFO: [ view_parse ] --END-- [ RunTime:0.008217s ]
INFO: [ view_filter ] --START--
INFO: Run Behavior\WriteHtmlCacheBehavior [ RunTime:0.000614s ]
INFO: [ view_filter ] --END-- [ RunTime:0.000655s ]
INFO: [ app_end ] --START--
INFO: Run Behavior\ShowPageTraceBehavior [ RunTime:0.000993s ]
INFO: [ app_end ] --END-- [ RunTime:0.001039s ]

[ 2016-10-13T13:25:25+08:00 ] ::1 /jianghu/index.php/Admin/index/main.html
INFO: [ app_init ] --START--
INFO: Run Behavior\BuildLiteBehavior [ RunTime:0.000025s ]
INFO: [ app_init ] --END-- [ RunTime:0.000865s ]
INFO: [ app_begin ] --START--
INFO: Run Behavior\ReadHtmlCacheBehavior [ RunTime:0.001508s ]
INFO: [ app_begin ] --END-- [ RunTime:0.001617s ]
INFO: [ view_parse ] --START--
INFO: [ template_filter ] --START--
INFO: Run Behavior\ContentReplaceBehavior [ RunTime:0.000052s ]
INFO: [ template_filter ] --END-- [ RunTime:0.000134s ]
INFO: Run Behavior\ParseTemplateBehavior [ RunTime:0.012965s ]
INFO: [ view_parse ] --END-- [ RunTime:0.013057s ]
INFO: [ view_filter ] --START--
INFO: Run Behavior\WriteHtmlCacheBehavior [ RunTime:0.001190s ]
INFO: [ view_filter ] --END-- [ RunTime:0.001313s ]
INFO: [ app_end ] --START--
INFO: Run Behavior\ShowPageTraceBehavior [ RunTime:0.001400s ]
INFO: [ app_end ] --END-- [ RunTime:0.001749s ]

[ 2016-10-13T13:25:26+08:00 ] ::1 /jianghu/index.php/Admin/user/showDailyNum.html
INFO: [ app_init ] --START--
INFO: Run Behavior\BuildLiteBehavior [ RunTime:0.000022s ]
INFO: [ app_init ] --END-- [ RunTime:0.000534s ]
INFO: [ app_begin ] --START--
INFO: Run Behavior\ReadHtmlCacheBehavior [ RunTime:0.000915s ]
INFO: [ app_begin ] --END-- [ RunTime:0.000998s ]
SQL: SHOW COLUMNS FROM `jianghu_daily_num` [ RunTime:0.0045s ]
SQL: SELECT * FROM `jianghu_daily_num`  [ RunTime:0.0003s ]
NOTIC: [8] Undefined offset: -1 D:\xampp\htdocs\jianghu\Application\Admin\Controller\UserController.class.php 第 77 行.
NOTIC: [2] Division by zero D:\xampp\htdocs\jianghu\Application\Admin\Controller\UserController.class.php 第 77 行.
NOTIC: [2] Illegal offset type D:\xampp\htdocs\jianghu\Application\Admin\Controller\UserController.class.php 第 77 行.
NOTIC: [2] Illegal offset type D:\xampp\htdocs\jianghu\Application\Admin\Controller\UserController.class.php 第 77 行.
NOTIC: [2] Division by zero D:\xampp\htdocs\jianghu\Application\Admin\Controller\UserController.class.php 第 77 行.
NOTIC: [2] Illegal offset type D:\xampp\htdocs\jianghu\Application\Admin\Controller\UserController.class.php 第 77 行.
NOTIC: [2] Illegal offset type D:\xampp\htdocs\jianghu\Application\Admin\Controller\UserController.class.php 第 77 行.
NOTIC: [2] Division by zero D:\xampp\htdocs\jianghu\Application\Admin\Controller\UserController.class.php 第 77 行.
NOTIC: [2] Illegal offset type D:\xampp\htdocs\jianghu\Application\Admin\Controller\UserController.class.php 第 77 行.
INFO: [ view_parse ] --START--
INFO: [ template_filter ] --START--
INFO: Run Behavior\ContentReplaceBehavior [ RunTime:0.000037s ]
INFO: [ template_filter ] --END-- [ RunTime:0.000096s ]
NOTIC: [8] Undefined index: stay D:\xampp\htdocs\jianghu\Application\Runtime\Cache\Admin\5920d3b0e70ddfcaac84dc1222d43670.php 第 34 行.
NOTIC: [8] Undefined index: stay D:\xampp\htdocs\jianghu\Application\Runtime\Cache\Admin\5920d3b0e70ddfcaac84dc1222d43670.php 第 34 行.
NOTIC: [8] Undefined index: stay D:\xampp\htdocs\jianghu\Application\Runtime\Cache\Admin\5920d3b0e70ddfcaac84dc1222d43670.php 第 34 行.
NOTIC: [8] Undefined variable: page D:\xampp\htdocs\jianghu\Application\Runtime\Cache\Admin\5920d3b0e70ddfcaac84dc1222d43670.php 第 39 行.
INFO: Run Behavior\ParseTemplateBehavior [ RunTime:0.009582s ]
INFO: [ view_parse ] --END-- [ RunTime:0.009636s ]
INFO: [ view_filter ] --START--
INFO: Run Behavior\WriteHtmlCacheBehavior [ RunTime:0.000578s ]
INFO: [ view_filter ] --END-- [ RunTime:0.000614s ]
INFO: [ app_end ] --START--
INFO: Run Behavior\ShowPageTraceBehavior [ RunTime:0.000881s ]
INFO: [ app_end ] --END-- [ RunTime:0.000925s ]

[ 2016-10-13T13:26:45+08:00 ] ::1 /jianghu/index.php/Admin/user/showDailyNum.html
INFO: [ app_init ] --START--
INFO: Run Behavior\BuildLiteBehavior [ RunTime:0.000012s ]
INFO: [ app_init ] --END-- [ RunTime:0.000474s ]
INFO: [ app_begin ] --START--
INFO: Run Behavior\ReadHtmlCacheBehavior [ RunTime:0.000764s ]
INFO: [ app_begin ] --END-- [ RunTime:0.000817s ]
SQL: SHOW COLUMNS FROM `jianghu_daily_num` [ RunTime:0.0035s ]
SQL: SELECT * FROM `jianghu_daily_num`  [ RunTime:0.0003s ]
NOTIC: [8] Undefined offset: -1 D:\xampp\htdocs\jianghu\Application\Admin\Controller\UserController.class.php 第 77 行.
NOTIC: [2] Division by zero D:\xampp\htdocs\jianghu\Application\Admin\Controller\UserController.class.php 第 77 行.
NOTIC: [2] Illegal offset type D:\xampp\htdocs\jianghu\Application\Admin\Controller\UserController.class.php 第 77 行.
NOTIC: [2] Illegal offset type D:\xampp\htdocs\jianghu\Application\Admin\Controller\UserController.class.php 第 77 行.
NOTIC: [2] Division by zero D:\xampp\htdocs\jianghu\Application\Admin\Controller\UserController.class.php 第 77 行.
NOTIC: [2] Illegal offset type D:\xampp\htdocs\jianghu\Application\Admin\Controller\UserController.class.php 第 77 行.
NOTIC: [2] Illegal offset type D:\xampp\htdocs\jianghu\Application\Admin\Controller\UserController.class.php 第 77 行.
NOTIC: [2] Division by zero D:\xampp\htdocs\jianghu\Application\Admin\Controller\UserController.class.php 第 77 行.
NOTIC: [2] Illegal offset type D:\xampp\htdocs\jianghu\Application\Admin\Controller\UserController.class.php 第 77 行.
INFO: [ view_parse ] --START--
INFO: [ template_filter ] --START--
INFO: Run Behavior\ContentReplaceBehavior [ RunTime:0.000040s ]
INFO: [ template_filter ] --END-- [ RunTime:0.000107s ]
NOTIC: [8] Undefined index: stay D:\xampp\htdocs\jianghu\Application\Runtime\Cache\Admin\5920d3b0e70ddfcaac84dc1222d43670.php 第 34 行.
NOTIC: [8] Undefined index: stay D:\xampp\htdocs\jianghu\Application\Runtime\Cache\Admin\5920d3b0e70ddfcaac84dc1222d43670.php 第 34 行.
NOTIC: [8] Undefined index: stay D:\xampp\htdocs\jianghu\Application\Runtime\Cache\Admin\5920d3b0e70ddfcaac84dc1222d43670.php 第 34 行.
NOTIC: [8] Undefined variable: page D:\xampp\htdocs\jianghu\Application\Runtime\Cache\Admin\5920d3b0e70ddfcaac84dc1222d43670.php 第 39 行.
INFO: Run Behavior\ParseTemplateBehavior [ RunTime:0.009625s ]
INFO: [ view_parse ] --END-- [ RunTime:0.009672s ]
INFO: [ view_filter ] --START--
INFO: Run Behavior\WriteHtmlCacheBehavior [ RunTime:0.000670s ]
INFO: [ view_filter ] --END-- [ RunTime:0.000732s ]
INFO: [ app_end ] --START--
INFO: Run Behavior\ShowPageTraceBehavior [ RunTime:0.000974s ]
INFO: [ app_end ] --END-- [ RunTime:0.001020s ]

[ 2016-10-13T13:32:22+08:00 ] ::1 /jianghu/index.php/Admin/user/showDailyNum.html
INFO: [ app_init ] --START--
INFO: Run Behavior\BuildLiteBehavior [ RunTime:0.000016s ]
INFO: [ app_init ] --END-- [ RunTime:0.000797s ]
INFO: [ app_begin ] --START--
INFO: Run Behavior\ReadHtmlCacheBehavior [ RunTime:0.000760s ]
INFO: [ app_begin ] --END-- [ RunTime:0.000815s ]
SQL: SHOW COLUMNS FROM `jianghu_daily_num` [ RunTime:0.0040s ]
SQL: SELECT * FROM `jianghu_daily_num`  [ RunTime:0.0003s ]
NOTIC: [8] Undefined offset: -1 D:\xampp\htdocs\jianghu\Application\Admin\Controller\UserController.class.php 第 77 行.
NOTIC: [2] Division by zero D:\xampp\htdocs\jianghu\Application\Admin\Controller\UserController.class.php 第 77 行.
NOTIC: [2] Illegal offset type D:\xampp\htdocs\jianghu\Application\Admin\Controller\UserController.class.php 第 77 行.
NOTIC: [2] Division by zero D:\xampp\htdocs\jianghu\Application\Admin\Controller\UserController.class.php 第 77 行.
NOTIC: [2] Illegal offset type D:\xampp\htdocs\jianghu\Application\Admin\Controller\UserController.class.php 第 77 行.
NOTIC: [2] Division by zero D:\xampp\htdocs\jianghu\Application\Admin\Controller\UserController.class.php 第 77 行.
INFO: [ view_parse ] --START--
INFO: [ template_filter ] --START--
INFO: Run Behavior\ContentReplaceBehavior [ RunTime:0.000054s ]
INFO: [ template_filter ] --END-- [ RunTime:0.000147s ]
NOTIC: [8] Undefined index: stay D:\xampp\htdocs\jianghu\Application\Runtime\Cache\Admin\5920d3b0e70ddfcaac84dc1222d43670.php 第 34 行.
NOTIC: [8] Undefined index: stay D:\xampp\htdocs\jianghu\Application\Runtime\Cache\Admin\5920d3b0e70ddfcaac84dc1222d43670.php 第 34 行.
NOTIC: [8] Undefined index: stay D:\xampp\htdocs\jianghu\Application\Runtime\Cache\Admin\5920d3b0e70ddfcaac84dc1222d43670.php 第 34 行.
NOTIC: [8] Undefined variable: page D:\xampp\htdocs\jianghu\Application\Runtime\Cache\Admin\5920d3b0e70ddfcaac84dc1222d43670.php 第 39 行.
INFO: Run Behavior\ParseTemplateBehavior [ RunTime:0.008992s ]
INFO: [ view_parse ] --END-- [ RunTime:0.009041s ]
INFO: [ view_filter ] --START--
INFO: Run Behavior\WriteHtmlCacheBehavior [ RunTime:0.000663s ]
INFO: [ view_filter ] --END-- [ RunTime:0.000699s ]
INFO: [ app_end ] --START--
INFO: Run Behavior\ShowPageTraceBehavior [ RunTime:0.000812s ]
INFO: [ app_end ] --END-- [ RunTime:0.000852s ]

[ 2016-10-13T13:38:22+08:00 ] ::1 /jianghu/index.php/Admin/user/showDailyNum.html
INFO: [ app_init ] --START--
INFO: Run Behavior\BuildLiteBehavior [ RunTime:0.000015s ]
INFO: [ app_init ] --END-- [ RunTime:0.000560s ]
INFO: [ app_begin ] --START--
INFO: Run Behavior\ReadHtmlCacheBehavior [ RunTime:0.000917s ]
INFO: [ app_begin ] --END-- [ RunTime:0.000973s ]
SQL: SHOW COLUMNS FROM `jianghu_daily_num` [ RunTime:0.0035s ]
SQL: SELECT * FROM `jianghu_daily_num`  [ RunTime:0.0003s ]
NOTIC: [2] Division by zero D:\xampp\htdocs\jianghu\Application\Admin\Controller\UserController.class.php 第 78 行.
SQL: SELECT `joinnum` FROM `jianghu_daily_num` WHERE `date` = '2016-10-11' LIMIT 1   [ RunTime:0.0002s ]
SQL: SELECT `joinnum` FROM `jianghu_daily_num` WHERE `date` = '2016-10-12' LIMIT 1   [ RunTime:0.0002s ]
SQL: SELECT `joinnum` FROM `jianghu_daily_num` WHERE `date` = '2016-10-13' LIMIT 1   [ RunTime:0.0002s ]
INFO: [ view_parse ] --START--
INFO: [ template_filter ] --START--
INFO: Run Behavior\ContentReplaceBehavior [ RunTime:0.000035s ]
INFO: [ template_filter ] --END-- [ RunTime:0.000093s ]
NOTIC: [8] Undefined index: stay D:\xampp\htdocs\jianghu\Application\Runtime\Cache\Admin\5920d3b0e70ddfcaac84dc1222d43670.php 第 34 行.
NOTIC: [8] Undefined index: stay D:\xampp\htdocs\jianghu\Application\Runtime\Cache\Admin\5920d3b0e70ddfcaac84dc1222d43670.php 第 34 行.
NOTIC: [8] Undefined index: stay D:\xampp\htdocs\jianghu\Application\Runtime\Cache\Admin\5920d3b0e70ddfcaac84dc1222d43670.php 第 34 行.
NOTIC: [8] Undefined variable: page D:\xampp\htdocs\jianghu\Application\Runtime\Cache\Admin\5920d3b0e70ddfcaac84dc1222d43670.php 第 39 行.
INFO: Run Behavior\ParseTemplateBehavior [ RunTime:0.008279s ]
INFO: [ view_parse ] --END-- [ RunTime:0.008336s ]
INFO: [ view_filter ] --START--
INFO: Run Behavior\WriteHtmlCacheBehavior [ RunTime:0.000863s ]
INFO: [ view_filter ] --END-- [ RunTime:0.000918s ]
INFO: [ app_end ] --START--
INFO: Run Behavior\ShowPageTraceBehavior [ RunTime:0.000979s ]
INFO: [ app_end ] --END-- [ RunTime:0.001039s ]

[ 2016-10-13T13:38:57+08:00 ] ::1 /jianghu/index.php/Admin/user/showDailyNum.html
INFO: [ app_init ] --START--
INFO: Run Behavior\BuildLiteBehavior [ RunTime:0.000019s ]
INFO: [ app_init ] --END-- [ RunTime:0.001561s ]
INFO: [ app_begin ] --START--
INFO: Run Behavior\ReadHtmlCacheBehavior [ RunTime:0.000843s ]
INFO: [ app_begin ] --END-- [ RunTime:0.000902s ]
SQL: SHOW COLUMNS FROM `jianghu_daily_num` [ RunTime:0.0078s ]
SQL: SELECT * FROM `jianghu_daily_num`  [ RunTime:0.0003s ]
NOTIC: [2] Division by zero D:\xampp\htdocs\jianghu\Application\Admin\Controller\UserController.class.php 第 78 行.
NOTIC: [8] Undefined variable: show D:\xampp\htdocs\jianghu\Application\Admin\Controller\UserController.class.php 第 79 行.
SQL: SELECT `joinnum` FROM `jianghu_daily_num` WHERE `date` = '2016-10-11' LIMIT 1   [ RunTime:0.0003s ]
NOTIC: [8] Undefined variable: show D:\xampp\htdocs\jianghu\Application\Admin\Controller\UserController.class.php 第 79 行.
SQL: SELECT `joinnum` FROM `jianghu_daily_num` WHERE `date` = '2016-10-12' LIMIT 1   [ RunTime:0.0003s ]
NOTIC: [8] Undefined variable: show D:\xampp\htdocs\jianghu\Application\Admin\Controller\UserController.class.php 第 79 行.
SQL: SELECT `joinnum` FROM `jianghu_daily_num` WHERE `date` = '2016-10-13' LIMIT 1   [ RunTime:0.0002s ]
INFO: [ view_parse ] --START--
INFO: [ template_filter ] --START--
INFO: Run Behavior\ContentReplaceBehavior [ RunTime:0.000038s ]
INFO: [ template_filter ] --END-- [ RunTime:0.000107s ]
NOTIC: [8] Undefined index: stay D:\xampp\htdocs\jianghu\Application\Runtime\Cache\Admin\5920d3b0e70ddfcaac84dc1222d43670.php 第 34 行.
NOTIC: [8] Undefined index: stay D:\xampp\htdocs\jianghu\Application\Runtime\Cache\Admin\5920d3b0e70ddfcaac84dc1222d43670.php 第 34 行.
NOTIC: [8] Undefined index: stay D:\xampp\htdocs\jianghu\Application\Runtime\Cache\Admin\5920d3b0e70ddfcaac84dc1222d43670.php 第 34 行.
NOTIC: [8] Undefined variable: page D:\xampp\htdocs\jianghu\Application\Runtime\Cache\Admin\5920d3b0e70ddfcaac84dc1222d43670.php 第 39 行.
INFO: Run Behavior\ParseTemplateBehavior [ RunTime:0.009084s ]
INFO: [ view_parse ] --END-- [ RunTime:0.009142s ]
INFO: [ view_filter ] --START--
INFO: Run Behavior\WriteHtmlCacheBehavior [ RunTime:0.000960s ]
INFO: [ view_filter ] --END-- [ RunTime:0.001085s ]
INFO: [ app_end ] --START--
INFO: Run Behavior\ShowPageTraceBehavior [ RunTime:0.001237s ]
INFO: [ app_end ] --END-- [ RunTime:0.001295s ]

[ 2016-10-13T13:42:59+08:00 ] ::1 /jianghu/index.php/Admin/user/showDailyNum.html
INFO: [ app_init ] --START--
INFO: Run Behavior\BuildLiteBehavior [ RunTime:0.000014s ]
INFO: [ app_init ] --END-- [ RunTime:0.000479s ]
INFO: [ app_begin ] --START--
INFO: Run Behavior\ReadHtmlCacheBehavior [ RunTime:0.000878s ]
INFO: [ app_begin ] --END-- [ RunTime:0.000947s ]
SQL: SHOW COLUMNS FROM `jianghu_daily_num` [ RunTime:0.0058s ]
SQL: SELECT * FROM `jianghu_daily_num`  [ RunTime:0.0005s ]
NOTIC: [2] Division by zero D:\xampp\htdocs\jianghu\Application\Admin\Controller\UserController.class.php 第 82 行.
SQL: SELECT `joinnum` FROM `jianghu_daily_num` WHERE `date` = '2016-10-11' LIMIT 1   [ RunTime:0.0004s ]
SQL: SELECT `joinnum` FROM `jianghu_daily_num` WHERE `date` = '2016-10-12' LIMIT 1   [ RunTime:0.0003s ]
SQL: SELECT `joinnum` FROM `jianghu_daily_num` WHERE `date` = '2016-10-13' LIMIT 1   [ RunTime:0.0004s ]
INFO: [ view_parse ] --START--
INFO: [ template_filter ] --START--
INFO: Run Behavior\ContentReplaceBehavior [ RunTime:0.000054s ]
INFO: [ template_filter ] --END-- [ RunTime:0.000133s ]
NOTIC: [8] Undefined index: stay D:\xampp\htdocs\jianghu\Application\Runtime\Cache\Admin\5920d3b0e70ddfcaac84dc1222d43670.php 第 34 行.
NOTIC: [8] Undefined index: stay D:\xampp\htdocs\jianghu\Application\Runtime\Cache\Admin\5920d3b0e70ddfcaac84dc1222d43670.php 第 34 行.
NOTIC: [8] Undefined index: stay D:\xampp\htdocs\jianghu\Application\Runtime\Cache\Admin\5920d3b0e70ddfcaac84dc1222d43670.php 第 34 行.
NOTIC: [8] Undefined variable: page D:\xampp\htdocs\jianghu\Application\Runtime\Cache\Admin\5920d3b0e70ddfcaac84dc1222d43670.php 第 39 行.
INFO: Run Behavior\ParseTemplateBehavior [ RunTime:0.010232s ]
INFO: [ view_parse ] --END-- [ RunTime:0.010299s ]
INFO: [ view_filter ] --START--
INFO: Run Behavior\WriteHtmlCacheBehavior [ RunTime:0.001045s ]
INFO: [ view_filter ] --END-- [ RunTime:0.001140s ]
INFO: [ app_end ] --START--
INFO: Run Behavior\ShowPageTraceBehavior [ RunTime:0.001494s ]
INFO: [ app_end ] --END-- [ RunTime:0.001556s ]

[ 2016-10-13T13:44:20+08:00 ] ::1 /jianghu/index.php/Admin/user/showDailyNum.html
INFO: [ app_init ] --START--
INFO: Run Behavior\BuildLiteBehavior [ RunTime:0.000014s ]
INFO: [ app_init ] --END-- [ RunTime:0.000589s ]
INFO: [ app_begin ] --START--
INFO: Run Behavior\ReadHtmlCacheBehavior [ RunTime:0.000792s ]
INFO: [ app_begin ] --END-- [ RunTime:0.000845s ]
SQL: SHOW COLUMNS FROM `jianghu_daily_num` [ RunTime:0.0050s ]
SQL: SELECT * FROM `jianghu_daily_num`  [ RunTime:0.0003s ]
NOTIC: [2] Division by zero D:\xampp\htdocs\jianghu\Application\Admin\Controller\UserController.class.php 第 82 行.
SQL: SELECT `joinnum` FROM `jianghu_daily_num` WHERE `date` = '2016-10-11' LIMIT 1   [ RunTime:0.0002s ]
SQL: SELECT `joinnum` FROM `jianghu_daily_num` WHERE `date` = '2016-10-12' LIMIT 1   [ RunTime:0.0002s ]
SQL: SELECT `joinnum` FROM `jianghu_daily_num` WHERE `date` = '2016-10-13' LIMIT 1   [ RunTime:0.0002s ]
INFO: [ view_parse ] --START--
INFO: [ template_filter ] --START--
INFO: Run Behavior\ContentReplaceBehavior [ RunTime:0.000077s ]
INFO: [ template_filter ] --END-- [ RunTime:0.000149s ]
NOTIC: [8] Undefined index: stay D:\xampp\htdocs\jianghu\Application\Runtime\Cache\Admin\5920d3b0e70ddfcaac84dc1222d43670.php 第 34 行.
NOTIC: [8] Undefined index: stay D:\xampp\htdocs\jianghu\Application\Runtime\Cache\Admin\5920d3b0e70ddfcaac84dc1222d43670.php 第 34 行.
NOTIC: [8] Undefined index: stay D:\xampp\htdocs\jianghu\Application\Runtime\Cache\Admin\5920d3b0e70ddfcaac84dc1222d43670.php 第 34 行.
NOTIC: [8] Undefined variable: page D:\xampp\htdocs\jianghu\Application\Runtime\Cache\Admin\5920d3b0e70ddfcaac84dc1222d43670.php 第 39 行.
INFO: Run Behavior\ParseTemplateBehavior [ RunTime:0.008513s ]
INFO: [ view_parse ] --END-- [ RunTime:0.008570s ]
INFO: [ view_filter ] --START--
INFO: Run Behavior\WriteHtmlCacheBehavior [ RunTime:0.000648s ]
INFO: [ view_filter ] --END-- [ RunTime:0.000686s ]
INFO: [ app_end ] --START--
INFO: Run Behavior\ShowPageTraceBehavior [ RunTime:0.000791s ]
INFO: [ app_end ] --END-- [ RunTime:0.000828s ]

[ 2016-10-13T13:45:11+08:00 ] ::1 /jianghu/index.php/Admin/user/showDailyNum.html
INFO: [ app_init ] --START--
INFO: Run Behavior\BuildLiteBehavior [ RunTime:0.000046s ]
INFO: [ app_init ] --END-- [ RunTime:0.000930s ]
INFO: [ app_begin ] --START--
INFO: Run Behavior\ReadHtmlCacheBehavior [ RunTime:0.000804s ]
INFO: [ app_begin ] --END-- [ RunTime:0.000864s ]
SQL: SHOW COLUMNS FROM `jianghu_daily_num` [ RunTime:0.0038s ]
SQL: SELECT * FROM `jianghu_daily_num`  [ RunTime:0.0003s ]
NOTIC: [2] Division by zero D:\xampp\htdocs\jianghu\Application\Admin\Controller\UserController.class.php 第 82 行.
SQL: SELECT `joinnum` FROM `jianghu_daily_num` WHERE `date` = '2016-10-11' LIMIT 1   [ RunTime:0.0003s ]
SQL: SELECT `joinnum` FROM `jianghu_daily_num` WHERE `date` = '2016-10-12' LIMIT 1   [ RunTime:0.0003s ]
SQL: SELECT `joinnum` FROM `jianghu_daily_num` WHERE `date` = '2016-10-13' LIMIT 1   [ RunTime:0.0004s ]
INFO: [ view_parse ] --START--
INFO: [ template_filter ] --START--
INFO: Run Behavior\ContentReplaceBehavior [ RunTime:0.000035s ]
INFO: [ template_filter ] --END-- [ RunTime:0.000089s ]
NOTIC: [8] Undefined index: stay D:\xampp\htdocs\jianghu\Application\Runtime\Cache\Admin\5920d3b0e70ddfcaac84dc1222d43670.php 第 34 行.
NOTIC: [8] Undefined index: stay D:\xampp\htdocs\jianghu\Application\Runtime\Cache\Admin\5920d3b0e70ddfcaac84dc1222d43670.php 第 34 行.
NOTIC: [8] Undefined index: stay D:\xampp\htdocs\jianghu\Application\Runtime\Cache\Admin\5920d3b0e70ddfcaac84dc1222d43670.php 第 34 行.
NOTIC: [8] Undefined variable: page D:\xampp\htdocs\jianghu\Application\Runtime\Cache\Admin\5920d3b0e70ddfcaac84dc1222d43670.php 第 39 行.
INFO: Run Behavior\ParseTemplateBehavior [ RunTime:0.007613s ]
INFO: [ view_parse ] --END-- [ RunTime:0.007671s ]
INFO: [ view_filter ] --START--
INFO: Run Behavior\WriteHtmlCacheBehavior [ RunTime:0.000765s ]
INFO: [ view_filter ] --END-- [ RunTime:0.000808s ]
INFO: [ app_end ] --START--
INFO: Run Behavior\ShowPageTraceBehavior [ RunTime:0.000821s ]
INFO: [ app_end ] --END-- [ RunTime:0.000859s ]

[ 2016-10-13T13:47:39+08:00 ] ::1 /jianghu/index.php/Admin/user/showDailyNum.html
INFO: [ app_init ] --START--
INFO: Run Behavior\BuildLiteBehavior [ RunTime:0.000018s ]
INFO: [ app_init ] --END-- [ RunTime:0.000683s ]
INFO: [ app_begin ] --START--
INFO: Run Behavior\ReadHtmlCacheBehavior [ RunTime:0.001060s ]
INFO: [ app_begin ] --END-- [ RunTime:0.001140s ]

[ 2016-10-13T13:47:50+08:00 ] ::1 /jianghu/index.php/Admin/user/showDailyNum.html
INFO: [ app_init ] --START--
INFO: Run Behavior\BuildLiteBehavior [ RunTime:0.000012s ]
INFO: [ app_init ] --END-- [ RunTime:0.000458s ]
INFO: [ app_begin ] --START--
INFO: Run Behavior\ReadHtmlCacheBehavior [ RunTime:0.001084s ]
INFO: [ app_begin ] --END-- [ RunTime:0.001157s ]
SQL: SHOW COLUMNS FROM `jianghu_daily_num` [ RunTime:0.0040s ]
SQL: SELECT * FROM `jianghu_daily_num`  [ RunTime:0.0004s ]
NOTIC: [2] Division by zero D:\xampp\htdocs\jianghu\Application\Admin\Controller\UserController.class.php 第 84 行.
SQL: SELECT `joinnum` FROM `jianghu_daily_num` WHERE `date` = '2016-10-11' LIMIT 1   [ RunTime:0.0004s ]
SQL: SELECT `joinnum` FROM `jianghu_daily_num` WHERE `date` = '2016-10-12' LIMIT 1   [ RunTime:0.0003s ]
SQL: SELECT `joinnum` FROM `jianghu_daily_num` WHERE `date` = '2016-10-13' LIMIT 1   [ RunTime:0.0003s ]
INFO: [ view_parse ] --START--
INFO: [ template_filter ] --START--
INFO: Run Behavior\ContentReplaceBehavior [ RunTime:0.000059s ]
INFO: [ template_filter ] --END-- [ RunTime:0.000144s ]
NOTIC: [2] Illegal string offset 'date' D:\xampp\htdocs\jianghu\Application\Runtime\Cache\Admin\5920d3b0e70ddfcaac84dc1222d43670.php 第 29 行.
NOTIC: [2] Illegal string offset 'joinnum' D:\xampp\htdocs\jianghu\Application\Runtime\Cache\Admin\5920d3b0e70ddfcaac84dc1222d43670.php 第 30 行.
NOTIC: [2] Illegal string offset 'lognum' D:\xampp\htdocs\jianghu\Application\Runtime\Cache\Admin\5920d3b0e70ddfcaac84dc1222d43670.php 第 31 行.
NOTIC: [2] Illegal string offset 'praisenum' D:\xampp\htdocs\jianghu\Application\Runtime\Cache\Admin\5920d3b0e70ddfcaac84dc1222d43670.php 第 32 行.
NOTIC: [2] Illegal string offset 'commentnum' D:\xampp\htdocs\jianghu\Application\Runtime\Cache\Admin\5920d3b0e70ddfcaac84dc1222d43670.php 第 33 行.
NOTIC: [2] Illegal string offset 'stay' D:\xampp\htdocs\jianghu\Application\Runtime\Cache\Admin\5920d3b0e70ddfcaac84dc1222d43670.php 第 34 行.
NOTIC: [2] Illegal string offset 'date' D:\xampp\htdocs\jianghu\Application\Runtime\Cache\Admin\5920d3b0e70ddfcaac84dc1222d43670.php 第 29 行.
NOTIC: [2] Illegal string offset 'joinnum' D:\xampp\htdocs\jianghu\Application\Runtime\Cache\Admin\5920d3b0e70ddfcaac84dc1222d43670.php 第 30 行.
NOTIC: [2] Illegal string offset 'lognum' D:\xampp\htdocs\jianghu\Application\Runtime\Cache\Admin\5920d3b0e70ddfcaac84dc1222d43670.php 第 31 行.
NOTIC: [2] Illegal string offset 'praisenum' D:\xampp\htdocs\jianghu\Application\Runtime\Cache\Admin\5920d3b0e70ddfcaac84dc1222d43670.php 第 32 行.
NOTIC: [2] Illegal string offset 'commentnum' D:\xampp\htdocs\jianghu\Application\Runtime\Cache\Admin\5920d3b0e70ddfcaac84dc1222d43670.php 第 33 行.
NOTIC: [2] Illegal string offset 'stay' D:\xampp\htdocs\jianghu\Application\Runtime\Cache\Admin\5920d3b0e70ddfcaac84dc1222d43670.php 第 34 行.
NOTIC: [2] Illegal string offset 'date' D:\xampp\htdocs\jianghu\Application\Runtime\Cache\Admin\5920d3b0e70ddfcaac84dc1222d43670.php 第 29 行.
NOTIC: [2] Illegal string offset 'joinnum' D:\xampp\htdocs\jianghu\Application\Runtime\Cache\Admin\5920d3b0e70ddfcaac84dc1222d43670.php 第 30 行.
NOTIC: [2] Illegal string offset 'lognum' D:\xampp\htdocs\jianghu\Application\Runtime\Cache\Admin\5920d3b0e70ddfcaac84dc1222d43670.php 第 31 行.
NOTIC: [2] Illegal string offset 'praisenum' D:\xampp\htdocs\jianghu\Application\Runtime\Cache\Admin\5920d3b0e70ddfcaac84dc1222d43670.php 第 32 行.
NOTIC: [2] Illegal string offset 'commentnum' D:\xampp\htdocs\jianghu\Application\Runtime\Cache\Admin\5920d3b0e70ddfcaac84dc1222d43670.php 第 33 行.
NOTIC: [2] Illegal string offset 'stay' D:\xampp\htdocs\jianghu\Application\Runtime\Cache\Admin\5920d3b0e70ddfcaac84dc1222d43670.php 第 34 行.
NOTIC: [2] Illegal string offset 'date' D:\xampp\htdocs\jianghu\Application\Runtime\Cache\Admin\5920d3b0e70ddfcaac84dc1222d43670.php 第 29 行.
NOTIC: [2] Illegal string offset 'joinnum' D:\xampp\htdocs\jianghu\Application\Runtime\Cache\Admin\5920d3b0e70ddfcaac84dc1222d43670.php 第 30 行.
NOTIC: [2] Illegal string offset 'lognum' D:\xampp\htdocs\jianghu\Application\Runtime\Cache\Admin\5920d3b0e70ddfcaac84dc1222d43670.php 第 31 行.
NOTIC: [2] Illegal string offset 'praisenum' D:\xampp\htdocs\jianghu\Application\Runtime\Cache\Admin\5920d3b0e70ddfcaac84dc1222d43670.php 第 32 行.
NOTIC: [2] Illegal string offset 'commentnum' D:\xampp\htdocs\jianghu\Application\Runtime\Cache\Admin\5920d3b0e70ddfcaac84dc1222d43670.php 第 33 行.
NOTIC: [2] Illegal string offset 'stay' D:\xampp\htdocs\jianghu\Application\Runtime\Cache\Admin\5920d3b0e70ddfcaac84dc1222d43670.php 第 34 行.
NOTIC: [8] Undefined variable: page D:\xampp\htdocs\jianghu\Application\Runtime\Cache\Admin\5920d3b0e70ddfcaac84dc1222d43670.php 第 39 行.
INFO: Run Behavior\ParseTemplateBehavior [ RunTime:0.010156s ]
INFO: [ view_parse ] --END-- [ RunTime:0.010226s ]
INFO: [ view_filter ] --START--
INFO: Run Behavior\WriteHtmlCacheBehavior [ RunTime:0.000809s ]
INFO: [ view_filter ] --END-- [ RunTime:0.000858s ]
INFO: [ app_end ] --START--
INFO: Run Behavior\ShowPageTraceBehavior [ RunTime:0.001072s ]
INFO: [ app_end ] --END-- [ RunTime:0.001131s ]

[ 2016-10-13T13:49:19+08:00 ] ::1 /jianghu/index.php/Admin/user/showDailyNum.html
INFO: [ app_init ] --START--
INFO: Run Behavior\BuildLiteBehavior [ RunTime:0.000025s ]
INFO: [ app_init ] --END-- [ RunTime:0.000927s ]
INFO: [ app_begin ] --START--
INFO: Run Behavior\ReadHtmlCacheBehavior [ RunTime:0.001647s ]
INFO: [ app_begin ] --END-- [ RunTime:0.001726s ]
SQL: SHOW COLUMNS FROM `jianghu_daily_num` [ RunTime:0.0038s ]
SQL: SELECT * FROM `jianghu_daily_num`  [ RunTime:0.0003s ]
NOTIC: [2] Division by zero D:\xampp\htdocs\jianghu\Application\Admin\Controller\UserController.class.php 第 84 行.
SQL: SELECT `joinnum` FROM `jianghu_daily_num` WHERE `date` = '2016-10-11' LIMIT 1   [ RunTime:0.0003s ]
SQL: SELECT `joinnum` FROM `jianghu_daily_num` WHERE `date` = '2016-10-12' LIMIT 1   [ RunTime:0.0004s ]
SQL: SELECT `joinnum` FROM `jianghu_daily_num` WHERE `date` = '2016-10-13' LIMIT 1   [ RunTime:0.0003s ]
INFO: [ view_parse ] --START--
INFO: [ template_filter ] --START--
INFO: Run Behavior\ContentReplaceBehavior [ RunTime:0.000038s ]
INFO: [ template_filter ] --END-- [ RunTime:0.000093s ]
NOTIC: [2] Illegal string offset 'date' D:\xampp\htdocs\jianghu\Application\Runtime\Cache\Admin\5920d3b0e70ddfcaac84dc1222d43670.php 第 29 行.
NOTIC: [2] Illegal string offset 'joinnum' D:\xampp\htdocs\jianghu\Application\Runtime\Cache\Admin\5920d3b0e70ddfcaac84dc1222d43670.php 第 30 行.
NOTIC: [2] Illegal string offset 'lognum' D:\xampp\htdocs\jianghu\Application\Runtime\Cache\Admin\5920d3b0e70ddfcaac84dc1222d43670.php 第 31 行.
NOTIC: [2] Illegal string offset 'praisenum' D:\xampp\htdocs\jianghu\Application\Runtime\Cache\Admin\5920d3b0e70ddfcaac84dc1222d43670.php 第 32 行.
NOTIC: [2] Illegal string offset 'commentnum' D:\xampp\htdocs\jianghu\Application\Runtime\Cache\Admin\5920d3b0e70ddfcaac84dc1222d43670.php 第 33 行.
NOTIC: [2] Illegal string offset 'stay' D:\xampp\htdocs\jianghu\Application\Runtime\Cache\Admin\5920d3b0e70ddfcaac84dc1222d43670.php 第 34 行.
NOTIC: [2] Illegal string offset 'date' D:\xampp\htdocs\jianghu\Application\Runtime\Cache\Admin\5920d3b0e70ddfcaac84dc1222d43670.php 第 29 行.
NOTIC: [2] Illegal string offset 'joinnum' D:\xampp\htdocs\jianghu\Application\Runtime\Cache\Admin\5920d3b0e70ddfcaac84dc1222d43670.php 第 30 行.
NOTIC: [2] Illegal string offset 'lognum' D:\xampp\htdocs\jianghu\Application\Runtime\Cache\Admin\5920d3b0e70ddfcaac84dc1222d43670.php 第 31 行.
NOTIC: [2] Illegal string offset 'praisenum' D:\xampp\htdocs\jianghu\Application\Runtime\Cache\Admin\5920d3b0e70ddfcaac84dc1222d43670.php 第 32 行.
NOTIC: [2] Illegal string offset 'commentnum' D:\xampp\htdocs\jianghu\Application\Runtime\Cache\Admin\5920d3b0e70ddfcaac84dc1222d43670.php 第 33 行.
NOTIC: [2] Illegal string offset 'stay' D:\xampp\htdocs\jianghu\Application\Runtime\Cache\Admin\5920d3b0e70ddfcaac84dc1222d43670.php 第 34 行.
NOTIC: [2] Illegal string offset 'date' D:\xampp\htdocs\jianghu\Application\Runtime\Cache\Admin\5920d3b0e70ddfcaac84dc1222d43670.php 第 29 行.
NOTIC: [2] Illegal string offset 'joinnum' D:\xampp\htdocs\jianghu\Application\Runtime\Cache\Admin\5920d3b0e70ddfcaac84dc1222d43670.php 第 30 行.
NOTIC: [2] Illegal string offset 'lognum' D:\xampp\htdocs\jianghu\Application\Runtime\Cache\Admin\5920d3b0e70ddfcaac84dc1222d43670.php 第 31 行.
NOTIC: [2] Illegal string offset 'praisenum' D:\xampp\htdocs\jianghu\Application\Runtime\Cache\Admin\5920d3b0e70ddfcaac84dc1222d43670.php 第 32 行.
NOTIC: [2] Illegal string offset 'commentnum' D:\xampp\htdocs\jianghu\Application\Runtime\Cache\Admin\5920d3b0e70ddfcaac84dc1222d43670.php 第 33 行.
NOTIC: [2] Illegal string offset 'stay' D:\xampp\htdocs\jianghu\Application\Runtime\Cache\Admin\5920d3b0e70ddfcaac84dc1222d43670.php 第 34 行.
NOTIC: [2] Illegal string offset 'date' D:\xampp\htdocs\jianghu\Application\Runtime\Cache\Admin\5920d3b0e70ddfcaac84dc1222d43670.php 第 29 行.
NOTIC: [2] Illegal string offset 'joinnum' D:\xampp\htdocs\jianghu\Application\Runtime\Cache\Admin\5920d3b0e70ddfcaac84dc1222d43670.php 第 30 行.
NOTIC: [2] Illegal string offset 'lognum' D:\xampp\htdocs\jianghu\Application\Runtime\Cache\Admin\5920d3b0e70ddfcaac84dc1222d43670.php 第 31 行.
NOTIC: [2] Illegal string offset 'praisenum' D:\xampp\htdocs\jianghu\Application\Runtime\Cache\Admin\5920d3b0e70ddfcaac84dc1222d43670.php 第 32 行.
NOTIC: [2] Illegal string offset 'commentnum' D:\xampp\htdocs\jianghu\Application\Runtime\Cache\Admin\5920d3b0e70ddfcaac84dc1222d43670.php 第 33 行.
NOTIC: [2] Illegal string offset 'stay' D:\xampp\htdocs\jianghu\Application\Runtime\Cache\Admin\5920d3b0e70ddfcaac84dc1222d43670.php 第 34 行.
NOTIC: [8] Undefined variable: page D:\xampp\htdocs\jianghu\Application\Runtime\Cache\Admin\5920d3b0e70ddfcaac84dc1222d43670.php 第 39 行.
INFO: Run Behavior\ParseTemplateBehavior [ RunTime:0.007414s ]
INFO: [ view_parse ] --END-- [ RunTime:0.007473s ]
INFO: [ view_filter ] --START--
INFO: Run Behavior\WriteHtmlCacheBehavior [ RunTime:0.000615s ]
INFO: [ view_filter ] --END-- [ RunTime:0.000661s ]
INFO: [ app_end ] --START--
INFO: Run Behavior\ShowPageTraceBehavior [ RunTime:0.000751s ]
INFO: [ app_end ] --END-- [ RunTime:0.000787s ]

[ 2016-10-13T13:49:47+08:00 ] ::1 /jianghu/index.php/Admin/user/showDailyNum.html
INFO: [ app_init ] --START--
INFO: Run Behavior\BuildLiteBehavior [ RunTime:0.000011s ]
INFO: [ app_init ] --END-- [ RunTime:0.000442s ]
INFO: [ app_begin ] --START--
INFO: Run Behavior\ReadHtmlCacheBehavior [ RunTime:0.000818s ]
INFO: [ app_begin ] --END-- [ RunTime:0.000886s ]
SQL: SHOW COLUMNS FROM `jianghu_daily_num` [ RunTime:0.0032s ]
SQL: SELECT * FROM `jianghu_daily_num`  [ RunTime:0.0003s ]
NOTIC: [2] Division by zero D:\xampp\htdocs\jianghu\Application\Admin\Controller\UserController.class.php 第 84 行.
SQL: SELECT `joinnum` FROM `jianghu_daily_num` WHERE `date` = '2016-10-11' LIMIT 1   [ RunTime:0.0003s ]
SQL: SELECT `joinnum` FROM `jianghu_daily_num` WHERE `date` = '2016-10-12' LIMIT 1   [ RunTime:0.0002s ]
SQL: SELECT `joinnum` FROM `jianghu_daily_num` WHERE `date` = '2016-10-13' LIMIT 1   [ RunTime:0.0002s ]
INFO: [ view_parse ] --START--
INFO: [ template_filter ] --START--
INFO: Run Behavior\ContentReplaceBehavior [ RunTime:0.000039s ]
INFO: [ template_filter ] --END-- [ RunTime:0.000101s ]
NOTIC: [8] Undefined index: commentnum D:\xampp\htdocs\jianghu\Application\Runtime\Cache\Admin\5920d3b0e70ddfcaac84dc1222d43670.php 第 33 行.
NOTIC: [8] Undefined index: commentnum D:\xampp\htdocs\jianghu\Application\Runtime\Cache\Admin\5920d3b0e70ddfcaac84dc1222d43670.php 第 33 行.
NOTIC: [8] Undefined index: commentnum D:\xampp\htdocs\jianghu\Application\Runtime\Cache\Admin\5920d3b0e70ddfcaac84dc1222d43670.php 第 33 行.
NOTIC: [8] Undefined variable: page D:\xampp\htdocs\jianghu\Application\Runtime\Cache\Admin\5920d3b0e70ddfcaac84dc1222d43670.php 第 39 行.
INFO: Run Behavior\ParseTemplateBehavior [ RunTime:0.010278s ]
INFO: [ view_parse ] --END-- [ RunTime:0.010328s ]
INFO: [ view_filter ] --START--
INFO: Run Behavior\WriteHtmlCacheBehavior [ RunTime:0.000664s ]
INFO: [ view_filter ] --END-- [ RunTime:0.000707s ]
INFO: [ app_end ] --START--
INFO: Run Behavior\ShowPageTraceBehavior [ RunTime:0.001010s ]
INFO: [ app_end ] --END-- [ RunTime:0.001068s ]

[ 2016-10-13T13:50:31+08:00 ] ::1 /jianghu/index.php/Admin/user/showDailyNum.html
INFO: [ app_init ] --START--
INFO: Run Behavior\BuildLiteBehavior [ RunTime:0.000012s ]
INFO: [ app_init ] --END-- [ RunTime:0.000453s ]
INFO: [ app_begin ] --START--
INFO: Run Behavior\ReadHtmlCacheBehavior [ RunTime:0.001187s ]
INFO: [ app_begin ] --END-- [ RunTime:0.001272s ]
SQL: SHOW COLUMNS FROM `jianghu_daily_num` [ RunTime:0.0040s ]
SQL: SELECT * FROM `jianghu_daily_num`  [ RunTime:0.0003s ]
NOTIC: [2] Division by zero D:\xampp\htdocs\jianghu\Application\Admin\Controller\UserController.class.php 第 84 行.
SQL: SELECT `joinnum` FROM `jianghu_daily_num` WHERE `date` = '2016-10-11' LIMIT 1   [ RunTime:0.0003s ]
SQL: SELECT `joinnum` FROM `jianghu_daily_num` WHERE `date` = '2016-10-12' LIMIT 1   [ RunTime:0.0002s ]
SQL: SELECT `joinnum` FROM `jianghu_daily_num` WHERE `date` = '2016-10-13' LIMIT 1   [ RunTime:0.0002s ]
INFO: [ view_parse ] --START--
INFO: [ template_filter ] --START--
INFO: Run Behavior\ContentReplaceBehavior [ RunTime:0.000052s ]
INFO: [ template_filter ] --END-- [ RunTime:0.000127s ]
NOTIC: [8] Undefined index: commentnum D:\xampp\htdocs\jianghu\Application\Runtime\Cache\Admin\5920d3b0e70ddfcaac84dc1222d43670.php 第 33 行.
NOTIC: [8] Undefined index: commentnum D:\xampp\htdocs\jianghu\Application\Runtime\Cache\Admin\5920d3b0e70ddfcaac84dc1222d43670.php 第 33 行.
NOTIC: [8] Undefined index: commentnum D:\xampp\htdocs\jianghu\Application\Runtime\Cache\Admin\5920d3b0e70ddfcaac84dc1222d43670.php 第 33 行.
NOTIC: [8] Undefined variable: page D:\xampp\htdocs\jianghu\Application\Runtime\Cache\Admin\5920d3b0e70ddfcaac84dc1222d43670.php 第 39 行.
INFO: Run Behavior\ParseTemplateBehavior [ RunTime:0.010495s ]
INFO: [ view_parse ] --END-- [ RunTime:0.010559s ]
INFO: [ view_filter ] --START--
INFO: Run Behavior\WriteHtmlCacheBehavior [ RunTime:0.001060s ]
INFO: [ view_filter ] --END-- [ RunTime:0.001178s ]
INFO: [ app_end ] --START--
INFO: Run Behavior\ShowPageTraceBehavior [ RunTime:0.001460s ]
INFO: [ app_end ] --END-- [ RunTime:0.001534s ]

[ 2016-10-13T13:50:34+08:00 ] ::1 /jianghu/index.php/Admin/user/showDailyNum.html
INFO: [ app_init ] --START--
INFO: Run Behavior\BuildLiteBehavior [ RunTime:0.000013s ]
INFO: [ app_init ] --END-- [ RunTime:0.000464s ]
INFO: [ app_begin ] --START--
INFO: Run Behavior\ReadHtmlCacheBehavior [ RunTime:0.001337s ]
INFO: [ app_begin ] --END-- [ RunTime:0.001433s ]
SQL: SHOW COLUMNS FROM `jianghu_daily_num` [ RunTime:0.0033s ]
SQL: SELECT * FROM `jianghu_daily_num`  [ RunTime:0.0003s ]
NOTIC: [2] Division by zero D:\xampp\htdocs\jianghu\Application\Admin\Controller\UserController.class.php 第 84 行.
SQL: SELECT `joinnum` FROM `jianghu_daily_num` WHERE `date` = '2016-10-11' LIMIT 1   [ RunTime:0.0002s ]
SQL: SELECT `joinnum` FROM `jianghu_daily_num` WHERE `date` = '2016-10-12' LIMIT 1   [ RunTime:0.0003s ]
SQL: SELECT `joinnum` FROM `jianghu_daily_num` WHERE `date` = '2016-10-13' LIMIT 1   [ RunTime:0.0003s ]
INFO: [ view_parse ] --START--
INFO: [ template_filter ] --START--
INFO: Run Behavior\ContentReplaceBehavior [ RunTime:0.000053s ]
INFO: [ template_filter ] --END-- [ RunTime:0.000128s ]
NOTIC: [8] Undefined index: commentnum D:\xampp\htdocs\jianghu\Application\Runtime\Cache\Admin\5920d3b0e70ddfcaac84dc1222d43670.php 第 33 行.
NOTIC: [8] Undefined index: commentnum D:\xampp\htdocs\jianghu\Application\Runtime\Cache\Admin\5920d3b0e70ddfcaac84dc1222d43670.php 第 33 行.
NOTIC: [8] Undefined index: commentnum D:\xampp\htdocs\jianghu\Application\Runtime\Cache\Admin\5920d3b0e70ddfcaac84dc1222d43670.php 第 33 行.
NOTIC: [8] Undefined variable: page D:\xampp\htdocs\jianghu\Application\Runtime\Cache\Admin\5920d3b0e70ddfcaac84dc1222d43670.php 第 39 行.
INFO: Run Behavior\ParseTemplateBehavior [ RunTime:0.009246s ]
INFO: [ view_parse ] --END-- [ RunTime:0.009291s ]
INFO: [ view_filter ] --START--
INFO: Run Behavior\WriteHtmlCacheBehavior [ RunTime:0.000596s ]
INFO: [ view_filter ] --END-- [ RunTime:0.000635s ]
INFO: [ app_end ] --START--
INFO: Run Behavior\ShowPageTraceBehavior [ RunTime:0.000758s ]
INFO: [ app_end ] --END-- [ RunTime:0.000794s ]

[ 2016-10-13T13:50:45+08:00 ] ::1 /jianghu/index.php/Admin/user/showDailyNum.html
INFO: [ app_init ] --START--
INFO: Run Behavior\BuildLiteBehavior [ RunTime:0.000012s ]
INFO: [ app_init ] --END-- [ RunTime:0.000456s ]
INFO: [ app_begin ] --START--
INFO: Run Behavior\ReadHtmlCacheBehavior [ RunTime:0.000783s ]
INFO: [ app_begin ] --END-- [ RunTime:0.000836s ]
SQL: SHOW COLUMNS FROM `jianghu_daily_num` [ RunTime:0.0034s ]
SQL: SELECT * FROM `jianghu_daily_num`  [ RunTime:0.0004s ]
NOTIC: [2] Division by zero D:\xampp\htdocs\jianghu\Application\Admin\Controller\UserController.class.php 第 84 行.
SQL: SELECT `joinnum` FROM `jianghu_daily_num` WHERE `date` = '2016-10-11' LIMIT 1   [ RunTime:0.0003s ]
SQL: SELECT `joinnum` FROM `jianghu_daily_num` WHERE `date` = '2016-10-12' LIMIT 1   [ RunTime:0.0002s ]
SQL: SELECT `joinnum` FROM `jianghu_daily_num` WHERE `date` = '2016-10-13' LIMIT 1   [ RunTime:0.0002s ]
INFO: [ view_parse ] --START--
INFO: [ template_filter ] --START--
INFO: Run Behavior\ContentReplaceBehavior [ RunTime:0.000039s ]
INFO: [ template_filter ] --END-- [ RunTime:0.000108s ]
NOTIC: [8] Undefined index: commentnum D:\xampp\htdocs\jianghu\Application\Runtime\Cache\Admin\5920d3b0e70ddfcaac84dc1222d43670.php 第 33 行.
NOTIC: [8] Undefined index: commentnum D:\xampp\htdocs\jianghu\Application\Runtime\Cache\Admin\5920d3b0e70ddfcaac84dc1222d43670.php 第 33 行.
NOTIC: [8] Undefined index: commentnum D:\xampp\htdocs\jianghu\Application\Runtime\Cache\Admin\5920d3b0e70ddfcaac84dc1222d43670.php 第 33 行.
NOTIC: [8] Undefined variable: page D:\xampp\htdocs\jianghu\Application\Runtime\Cache\Admin\5920d3b0e70ddfcaac84dc1222d43670.php 第 39 行.
INFO: Run Behavior\ParseTemplateBehavior [ RunTime:0.008808s ]
INFO: [ view_parse ] --END-- [ RunTime:0.008857s ]
INFO: [ view_filter ] --START--
INFO: Run Behavior\WriteHtmlCacheBehavior [ RunTime:0.000629s ]
INFO: [ view_filter ] --END-- [ RunTime:0.000668s ]
INFO: [ app_end ] --START--
INFO: Run Behavior\ShowPageTraceBehavior [ RunTime:0.000773s ]
INFO: [ app_end ] --END-- [ RunTime:0.000814s ]

[ 2016-10-13T13:51:08+08:00 ] ::1 /jianghu/index.php/Admin/user/showDailyNum.html
INFO: [ app_init ] --START--
INFO: Run Behavior\BuildLiteBehavior [ RunTime:0.000013s ]
INFO: [ app_init ] --END-- [ RunTime:0.000756s ]
INFO: [ app_begin ] --START--
INFO: Run Behavior\ReadHtmlCacheBehavior [ RunTime:0.000805s ]
INFO: [ app_begin ] --END-- [ RunTime:0.000857s ]
SQL: SHOW COLUMNS FROM `jianghu_daily_num` [ RunTime:0.0046s ]
SQL: SELECT * FROM `jianghu_daily_num`  [ RunTime:0.0003s ]
NOTIC: [2] Division by zero D:\xampp\htdocs\jianghu\Application\Admin\Controller\UserController.class.php 第 84 行.
SQL: SELECT `joinnum` FROM `jianghu_daily_num` WHERE `date` = '2016-10-11' LIMIT 1   [ RunTime:0.0002s ]
SQL: SELECT `joinnum` FROM `jianghu_daily_num` WHERE `date` = '2016-10-12' LIMIT 1   [ RunTime:0.0002s ]
SQL: SELECT `joinnum` FROM `jianghu_daily_num` WHERE `date` = '2016-10-13' LIMIT 1   [ RunTime:0.0002s ]
INFO: [ view_parse ] --START--
INFO: [ template_filter ] --START--
INFO: Run Behavior\ContentReplaceBehavior [ RunTime:0.000046s ]
INFO: [ template_filter ] --END-- [ RunTime:0.000111s ]
NOTIC: [8] Undefined variable: page D:\xampp\htdocs\jianghu\Application\Runtime\Cache\Admin\5920d3b0e70ddfcaac84dc1222d43670.php 第 39 行.
INFO: Run Behavior\ParseTemplateBehavior [ RunTime:0.007153s ]
INFO: [ view_parse ] --END-- [ RunTime:0.007195s ]
INFO: [ view_filter ] --START--
INFO: Run Behavior\WriteHtmlCacheBehavior [ RunTime:0.000726s ]
INFO: [ view_filter ] --END-- [ RunTime:0.000763s ]
INFO: [ app_end ] --START--
INFO: Run Behavior\ShowPageTraceBehavior [ RunTime:0.000784s ]
INFO: [ app_end ] --END-- [ RunTime:0.000827s ]

[ 2016-10-13T13:51:34+08:00 ] ::1 /jianghu/index.php/Admin/user/showDailyNum.html
INFO: [ app_init ] --START--
INFO: Run Behavior\BuildLiteBehavior [ RunTime:0.000019s ]
INFO: [ app_init ] --END-- [ RunTime:0.000609s ]
INFO: [ app_begin ] --START--
INFO: Run Behavior\ReadHtmlCacheBehavior [ RunTime:0.001051s ]
INFO: [ app_begin ] --END-- [ RunTime:0.001131s ]
SQL: SHOW COLUMNS FROM `jianghu_daily_num` [ RunTime:0.0054s ]
SQL: SELECT * FROM `jianghu_daily_num`  [ RunTime:0.0015s ]
NOTIC: [2] Division by zero D:\xampp\htdocs\jianghu\Application\Admin\Controller\UserController.class.php 第 84 行.
SQL: SELECT `joinnum` FROM `jianghu_daily_num` WHERE `date` = '2016-10-11' LIMIT 1   [ RunTime:0.0003s ]
SQL: SELECT `joinnum` FROM `jianghu_daily_num` WHERE `date` = '2016-10-12' LIMIT 1   [ RunTime:0.0002s ]
SQL: SELECT `joinnum` FROM `jianghu_daily_num` WHERE `date` = '2016-10-13' LIMIT 1   [ RunTime:0.0002s ]
INFO: [ view_parse ] --START--
INFO: [ template_filter ] --START--
INFO: Run Behavior\ContentReplaceBehavior [ RunTime:0.000044s ]
INFO: [ template_filter ] --END-- [ RunTime:0.000107s ]
NOTIC: [8] Undefined variable: page D:\xampp\htdocs\jianghu\Application\Runtime\Cache\Admin\5920d3b0e70ddfcaac84dc1222d43670.php 第 39 行.
INFO: Run Behavior\ParseTemplateBehavior [ RunTime:0.008791s ]
INFO: [ view_parse ] --END-- [ RunTime:0.008861s ]
INFO: [ view_filter ] --START--
INFO: Run Behavior\WriteHtmlCacheBehavior [ RunTime:0.000712s ]
INFO: [ view_filter ] --END-- [ RunTime:0.000752s ]
INFO: [ app_end ] --START--
INFO: Run Behavior\ShowPageTraceBehavior [ RunTime:0.000728s ]
INFO: [ app_end ] --END-- [ RunTime:0.000767s ]

[ 2016-10-13T13:51:46+08:00 ] ::1 /jianghu/index.php/Admin/user/showDailyNum.html
INFO: [ app_init ] --START--
INFO: Run Behavior\BuildLiteBehavior [ RunTime:0.000017s ]
INFO: [ app_init ] --END-- [ RunTime:0.000630s ]
INFO: [ app_begin ] --START--
INFO: Run Behavior\ReadHtmlCacheBehavior [ RunTime:0.001637s ]
INFO: [ app_begin ] --END-- [ RunTime:0.001908s ]
SQL: SHOW COLUMNS FROM `jianghu_daily_num` [ RunTime:0.0283s ]
SQL: SELECT * FROM `jianghu_daily_num`  [ RunTime:0.0003s ]
NOTIC: [2] Division by zero D:\xampp\htdocs\jianghu\Application\Admin\Controller\UserController.class.php 第 84 行.
SQL: SELECT `joinnum` FROM `jianghu_daily_num` WHERE `date` = '2016-10-11' LIMIT 1   [ RunTime:0.0002s ]
SQL: SELECT `joinnum` FROM `jianghu_daily_num` WHERE `date` = '2016-10-12' LIMIT 1   [ RunTime:0.0002s ]
SQL: SELECT `joinnum` FROM `jianghu_daily_num` WHERE `date` = '2016-10-13' LIMIT 1   [ RunTime:0.0002s ]
INFO: [ view_parse ] --START--
INFO: [ template_filter ] --START--
INFO: Run Behavior\ContentReplaceBehavior [ RunTime:0.000057s ]
INFO: [ template_filter ] --END-- [ RunTime:0.000197s ]
NOTIC: [8] Undefined variable: page D:\xampp\htdocs\jianghu\Application\Runtime\Cache\Admin\5920d3b0e70ddfcaac84dc1222d43670.php 第 39 行.
INFO: Run Behavior\ParseTemplateBehavior [ RunTime:0.011345s ]
INFO: [ view_parse ] --END-- [ RunTime:0.011413s ]
INFO: [ view_filter ] --START--
INFO: Run Behavior\WriteHtmlCacheBehavior [ RunTime:0.000976s ]
INFO: [ view_filter ] --END-- [ RunTime:0.001064s ]
INFO: [ app_end ] --START--
INFO: Run Behavior\ShowPageTraceBehavior [ RunTime:0.001246s ]
INFO: [ app_end ] --END-- [ RunTime:0.001322s ]

[ 2016-10-13T13:54:39+08:00 ] ::1 /jianghu/index.php/Admin/user/showDailyNum.html
INFO: [ app_init ] --START--
INFO: Run Behavior\BuildLiteBehavior [ RunTime:0.000013s ]
INFO: [ app_init ] --END-- [ RunTime:0.000490s ]
INFO: [ app_begin ] --START--
INFO: Run Behavior\ReadHtmlCacheBehavior [ RunTime:0.000807s ]
INFO: [ app_begin ] --END-- [ RunTime:0.000867s ]
SQL: SHOW COLUMNS FROM `jianghu_daily_num` [ RunTime:0.0048s ]
SQL: SELECT * FROM `jianghu_daily_num`  [ RunTime:0.0003s ]
NOTIC: [2] Division by zero D:\xampp\htdocs\jianghu\Application\Admin\Controller\UserController.class.php 第 84 行.
SQL: SELECT `joinnum` FROM `jianghu_daily_num` WHERE `date` = '2016-10-11' LIMIT 1   [ RunTime:0.0003s ]
SQL: SELECT `joinnum` FROM `jianghu_daily_num` WHERE `date` = '2016-10-12' LIMIT 1   [ RunTime:0.0002s ]
SQL: SELECT `joinnum` FROM `jianghu_daily_num` WHERE `date` = '2016-10-13' LIMIT 1   [ RunTime:0.0002s ]
INFO: [ view_parse ] --START--
INFO: [ template_filter ] --START--
INFO: Run Behavior\ContentReplaceBehavior [ RunTime:0.000074s ]
INFO: [ template_filter ] --END-- [ RunTime:0.000189s ]
NOTIC: [8] Undefined variable: page D:\xampp\htdocs\jianghu\Application\Runtime\Cache\Admin\5920d3b0e70ddfcaac84dc1222d43670.php 第 39 行.
INFO: Run Behavior\ParseTemplateBehavior [ RunTime:0.010532s ]
INFO: [ view_parse ] --END-- [ RunTime:0.010622s ]
INFO: [ view_filter ] --START--
INFO: Run Behavior\WriteHtmlCacheBehavior [ RunTime:0.001178s ]
INFO: [ view_filter ] --END-- [ RunTime:0.001262s ]
INFO: [ app_end ] --START--
INFO: Run Behavior\ShowPageTraceBehavior [ RunTime:0.001301s ]
INFO: [ app_end ] --END-- [ RunTime:0.001382s ]

[ 2016-10-13T13:54:52+08:00 ] ::1 /jianghu/index.php/Admin/user/showDailyNum.html
INFO: [ app_init ] --START--
INFO: Run Behavior\BuildLiteBehavior [ RunTime:0.000016s ]
INFO: [ app_init ] --END-- [ RunTime:0.000584s ]
INFO: [ app_begin ] --START--
INFO: Run Behavior\ReadHtmlCacheBehavior [ RunTime:0.001031s ]
INFO: [ app_begin ] --END-- [ RunTime:0.001124s ]
SQL: SHOW COLUMNS FROM `jianghu_daily_num` [ RunTime:0.0518s ]
SQL: SELECT * FROM `jianghu_daily_num`  [ RunTime:0.0004s ]
NOTIC: [2] Division by zero D:\xampp\htdocs\jianghu\Application\Admin\Controller\UserController.class.php 第 84 行.
SQL: SELECT `joinnum` FROM `jianghu_daily_num` WHERE `date` = '2016-10-11' LIMIT 1   [ RunTime:0.0009s ]
SQL: SELECT `joinnum` FROM `jianghu_daily_num` WHERE `date` = '2016-10-12' LIMIT 1   [ RunTime:0.0006s ]
SQL: SELECT `joinnum` FROM `jianghu_daily_num` WHERE `date` = '2016-10-13' LIMIT 1   [ RunTime:0.0005s ]
INFO: [ view_parse ] --START--
INFO: [ template_filter ] --START--
INFO: Run Behavior\ContentReplaceBehavior [ RunTime:0.000066s ]
INFO: [ template_filter ] --END-- [ RunTime:0.000191s ]
NOTIC: [8] Undefined variable: page D:\xampp\htdocs\jianghu\Application\Runtime\Cache\Admin\5920d3b0e70ddfcaac84dc1222d43670.php 第 39 行.
INFO: Run Behavior\ParseTemplateBehavior [ RunTime:0.011496s ]
INFO: [ view_parse ] --END-- [ RunTime:0.011550s ]
INFO: [ view_filter ] --START--
INFO: Run Behavior\WriteHtmlCacheBehavior [ RunTime:0.001035s ]
INFO: [ view_filter ] --END-- [ RunTime:0.001117s ]
INFO: [ app_end ] --START--
INFO: Run Behavior\ShowPageTraceBehavior [ RunTime:0.001277s ]
INFO: [ app_end ] --END-- [ RunTime:0.001369s ]

[ 2016-10-13T13:54:53+08:00 ] ::1 /jianghu/index.php/Admin/user/showDailyNum.html
INFO: [ app_init ] --START--
INFO: Run Behavior\BuildLiteBehavior [ RunTime:0.000026s ]
INFO: [ app_init ] --END-- [ RunTime:0.000990s ]
INFO: [ app_begin ] --START--
INFO: Run Behavior\ReadHtmlCacheBehavior [ RunTime:0.001299s ]
INFO: [ app_begin ] --END-- [ RunTime:0.001405s ]
SQL: SHOW COLUMNS FROM `jianghu_daily_num` [ RunTime:0.0037s ]
SQL: SELECT * FROM `jianghu_daily_num`  [ RunTime:0.0003s ]
NOTIC: [2] Division by zero D:\xampp\htdocs\jianghu\Application\Admin\Controller\UserController.class.php 第 84 行.
SQL: SELECT `joinnum` FROM `jianghu_daily_num` WHERE `date` = '2016-10-11' LIMIT 1   [ RunTime:0.0003s ]
SQL: SELECT `joinnum` FROM `jianghu_daily_num` WHERE `date` = '2016-10-12' LIMIT 1   [ RunTime:0.0002s ]
SQL: SELECT `joinnum` FROM `jianghu_daily_num` WHERE `date` = '2016-10-13' LIMIT 1   [ RunTime:0.0004s ]
INFO: [ view_parse ] --START--
INFO: [ template_filter ] --START--
INFO: Run Behavior\ContentReplaceBehavior [ RunTime:0.000058s ]
INFO: [ template_filter ] --END-- [ RunTime:0.000163s ]
NOTIC: [8] Undefined variable: page D:\xampp\htdocs\jianghu\Application\Runtime\Cache\Admin\5920d3b0e70ddfcaac84dc1222d43670.php 第 39 行.
INFO: Run Behavior\ParseTemplateBehavior [ RunTime:0.010221s ]
INFO: [ view_parse ] --END-- [ RunTime:0.010375s ]
INFO: [ view_filter ] --START--
INFO: Run Behavior\WriteHtmlCacheBehavior [ RunTime:0.000610s ]
INFO: [ view_filter ] --END-- [ RunTime:0.000647s ]
INFO: [ app_end ] --START--
INFO: Run Behavior\ShowPageTraceBehavior [ RunTime:0.000796s ]
INFO: [ app_end ] --END-- [ RunTime:0.000846s ]

[ 2016-10-13T13:55:05+08:00 ] ::1 /jianghu/index.php/Admin/user/showDailyNum.html
INFO: [ app_init ] --START--
INFO: Run Behavior\BuildLiteBehavior [ RunTime:0.000042s ]
INFO: [ app_init ] --END-- [ RunTime:0.001088s ]
INFO: [ app_begin ] --START--
INFO: Run Behavior\ReadHtmlCacheBehavior [ RunTime:0.001418s ]
INFO: [ app_begin ] --END-- [ RunTime:0.001554s ]
SQL: SHOW COLUMNS FROM `jianghu_daily_num` [ RunTime:0.0056s ]
SQL: SELECT * FROM `jianghu_daily_num`  [ RunTime:0.0003s ]
NOTIC: [2] Division by zero D:\xampp\htdocs\jianghu\Application\Admin\Controller\UserController.class.php 第 84 行.
SQL: SELECT `joinnum` FROM `jianghu_daily_num` WHERE `date` = '2016-10-11' LIMIT 1   [ RunTime:0.0002s ]
SQL: SELECT `joinnum` FROM `jianghu_daily_num` WHERE `date` = '2016-10-12' LIMIT 1   [ RunTime:0.0002s ]
SQL: SELECT `joinnum` FROM `jianghu_daily_num` WHERE `date` = '2016-10-13' LIMIT 1   [ RunTime:0.0002s ]
INFO: [ view_parse ] --START--
INFO: [ template_filter ] --START--
INFO: Run Behavior\ContentReplaceBehavior [ RunTime:0.000038s ]
INFO: [ template_filter ] --END-- [ RunTime:0.000102s ]
NOTIC: [8] Undefined variable: page D:\xampp\htdocs\jianghu\Application\Runtime\Cache\Admin\5920d3b0e70ddfcaac84dc1222d43670.php 第 39 行.
INFO: Run Behavior\ParseTemplateBehavior [ RunTime:0.009117s ]
INFO: [ view_parse ] --END-- [ RunTime:0.009185s ]
INFO: [ view_filter ] --START--
INFO: Run Behavior\WriteHtmlCacheBehavior [ RunTime:0.000886s ]
INFO: [ view_filter ] --END-- [ RunTime:0.000974s ]
INFO: [ app_end ] --START--
INFO: Run Behavior\ShowPageTraceBehavior [ RunTime:0.001269s ]
INFO: [ app_end ] --END-- [ RunTime:0.001347s ]

[ 2016-10-13T13:55:35+08:00 ] ::1 /jianghu/index.php/Admin/user/showDailyNum.html
INFO: [ app_init ] --START--
INFO: Run Behavior\BuildLiteBehavior [ RunTime:0.000020s ]
INFO: [ app_init ] --END-- [ RunTime:0.000769s ]
INFO: [ app_begin ] --START--
INFO: Run Behavior\ReadHtmlCacheBehavior [ RunTime:0.001497s ]
INFO: [ app_begin ] --END-- [ RunTime:0.001618s ]
SQL: SHOW COLUMNS FROM `jianghu_daily_num` [ RunTime:0.0043s ]
SQL: SELECT * FROM `jianghu_daily_num`  [ RunTime:0.0003s ]
NOTIC: [2] Division by zero D:\xampp\htdocs\jianghu\Application\Admin\Controller\UserController.class.php 第 84 行.
SQL: SELECT `joinnum` FROM `jianghu_daily_num` WHERE `date` = '2016-10-11' LIMIT 1   [ RunTime:0.0003s ]
SQL: SELECT `joinnum` FROM `jianghu_daily_num` WHERE `date` = '2016-10-12' LIMIT 1   [ RunTime:0.0003s ]
SQL: SELECT `joinnum` FROM `jianghu_daily_num` WHERE `date` = '2016-10-13' LIMIT 1   [ RunTime:0.0004s ]
INFO: [ view_parse ] --START--
INFO: [ template_filter ] --START--
INFO: Run Behavior\ContentReplaceBehavior [ RunTime:0.000043s ]
INFO: [ template_filter ] --END-- [ RunTime:0.000111s ]
NOTIC: [8] Undefined variable: page D:\xampp\htdocs\jianghu\Application\Runtime\Cache\Admin\5920d3b0e70ddfcaac84dc1222d43670.php 第 39 行.
INFO: Run Behavior\ParseTemplateBehavior [ RunTime:0.009238s ]
INFO: [ view_parse ] --END-- [ RunTime:0.009316s ]
INFO: [ view_filter ] --START--
INFO: Run Behavior\WriteHtmlCacheBehavior [ RunTime:0.000948s ]
INFO: [ view_filter ] --END-- [ RunTime:0.001026s ]
INFO: [ app_end ] --START--
INFO: Run Behavior\ShowPageTraceBehavior [ RunTime:0.000923s ]
INFO: [ app_end ] --END-- [ RunTime:0.000974s ]

[ 2016-10-13T13:56:38+08:00 ] ::1 /jianghu/index.php/Admin/user/index.html
INFO: [ app_init ] --START--
INFO: Run Behavior\BuildLiteBehavior [ RunTime:0.000022s ]
INFO: [ app_init ] --END-- [ RunTime:0.000799s ]
INFO: [ app_begin ] --START--
INFO: Run Behavior\ReadHtmlCacheBehavior [ RunTime:0.001178s ]
INFO: [ app_begin ] --END-- [ RunTime:0.001578s ]
SQL: SHOW COLUMNS FROM `jianghu_user` [ RunTime:0.0094s ]
SQL: SELECT COUNT(*) AS tp_count FROM `jianghu_user` LIMIT 1   [ RunTime:0.0003s ]
SQL: SELECT * FROM `jianghu_user` LIMIT 0,3   [ RunTime:0.0004s ]
INFO: [ view_parse ] --START--
INFO: [ template_filter ] --START--
INFO: Run Behavior\ContentReplaceBehavior [ RunTime:0.000042s ]
INFO: [ template_filter ] --END-- [ RunTime:0.000094s ]
INFO: Run Behavior\ParseTemplateBehavior [ RunTime:0.008472s ]
INFO: [ view_parse ] --END-- [ RunTime:0.008527s ]
INFO: [ view_filter ] --START--
INFO: Run Behavior\WriteHtmlCacheBehavior [ RunTime:0.000623s ]
INFO: [ view_filter ] --END-- [ RunTime:0.000667s ]
INFO: [ app_end ] --START--
INFO: Run Behavior\ShowPageTraceBehavior [ RunTime:0.001030s ]
INFO: [ app_end ] --END-- [ RunTime:0.001098s ]

[ 2016-10-13T13:56:40+08:00 ] ::1 /jianghu/index.php/Admin/User/index/p/2.html
INFO: [ app_init ] --START--
INFO: Run Behavior\BuildLiteBehavior [ RunTime:0.000012s ]
INFO: [ app_init ] --END-- [ RunTime:0.000510s ]
INFO: [ app_begin ] --START--
INFO: Run Behavior\ReadHtmlCacheBehavior [ RunTime:0.001095s ]
INFO: [ app_begin ] --END-- [ RunTime:0.001186s ]
SQL: SHOW COLUMNS FROM `jianghu_user` [ RunTime:0.0054s ]
SQL: SELECT COUNT(*) AS tp_count FROM `jianghu_user` LIMIT 1   [ RunTime:0.0004s ]
SQL: SELECT * FROM `jianghu_user` LIMIT 3,3   [ RunTime:0.0005s ]
INFO: [ view_parse ] --START--
INFO: [ template_filter ] --START--
INFO: Run Behavior\ContentReplaceBehavior [ RunTime:0.000069s ]
INFO: [ template_filter ] --END-- [ RunTime:0.000148s ]
INFO: Run Behavior\ParseTemplateBehavior [ RunTime:0.013514s ]
INFO: [ view_parse ] --END-- [ RunTime:0.013617s ]
INFO: [ view_filter ] --START--
INFO: Run Behavior\WriteHtmlCacheBehavior [ RunTime:0.000962s ]
INFO: [ view_filter ] --END-- [ RunTime:0.001063s ]
INFO: [ app_end ] --START--
INFO: Run Behavior\ShowPageTraceBehavior [ RunTime:0.001316s ]
INFO: [ app_end ] --END-- [ RunTime:0.001401s ]

[ 2016-10-13T13:56:40+08:00 ] ::1 /jianghu/index.php/Admin/User/index/p/3.html
INFO: [ app_init ] --START--
INFO: Run Behavior\BuildLiteBehavior [ RunTime:0.000014s ]
INFO: [ app_init ] --END-- [ RunTime:0.000466s ]
INFO: [ app_begin ] --START--
INFO: Run Behavior\ReadHtmlCacheBehavior [ RunTime:0.001704s ]
INFO: [ app_begin ] --END-- [ RunTime:0.001871s ]
SQL: SHOW COLUMNS FROM `jianghu_user` [ RunTime:0.0048s ]
SQL: SELECT COUNT(*) AS tp_count FROM `jianghu_user` LIMIT 1   [ RunTime:0.0003s ]
SQL: SELECT * FROM `jianghu_user` LIMIT 6,3   [ RunTime:0.0003s ]
INFO: [ view_parse ] --START--
INFO: [ template_filter ] --START--
INFO: Run Behavior\ContentReplaceBehavior [ RunTime:0.000037s ]
INFO: [ template_filter ] --END-- [ RunTime:0.000081s ]
INFO: Run Behavior\ParseTemplateBehavior [ RunTime:0.007821s ]
INFO: [ view_parse ] --END-- [ RunTime:0.007881s ]
INFO: [ view_filter ] --START--
INFO: Run Behavior\WriteHtmlCacheBehavior [ RunTime:0.000557s ]
INFO: [ view_filter ] --END-- [ RunTime:0.000596s ]
INFO: [ app_end ] --START--
INFO: Run Behavior\ShowPageTraceBehavior [ RunTime:0.000729s ]
INFO: [ app_end ] --END-- [ RunTime:0.000768s ]

[ 2016-10-13T13:56:41+08:00 ] ::1 /jianghu/index.php/Admin/User/index/p/4.html
INFO: [ app_init ] --START--
INFO: Run Behavior\BuildLiteBehavior [ RunTime:0.000013s ]
INFO: [ app_init ] --END-- [ RunTime:0.000496s ]
INFO: [ app_begin ] --START--
INFO: Run Behavior\ReadHtmlCacheBehavior [ RunTime:0.000730s ]
INFO: [ app_begin ] --END-- [ RunTime:0.000782s ]
SQL: SHOW COLUMNS FROM `jianghu_user` [ RunTime:0.0051s ]
SQL: SELECT COUNT(*) AS tp_count FROM `jianghu_user` LIMIT 1   [ RunTime:0.0002s ]
SQL: SELECT * FROM `jianghu_user` LIMIT 9,3   [ RunTime:0.0004s ]
INFO: [ view_parse ] --START--
INFO: [ template_filter ] --START--
INFO: Run Behavior\ContentReplaceBehavior [ RunTime:0.000037s ]
INFO: [ template_filter ] --END-- [ RunTime:0.000083s ]
INFO: Run Behavior\ParseTemplateBehavior [ RunTime:0.007906s ]
INFO: [ view_parse ] --END-- [ RunTime:0.007958s ]
INFO: [ view_filter ] --START--
INFO: Run Behavior\WriteHtmlCacheBehavior [ RunTime:0.000572s ]
INFO: [ view_filter ] --END-- [ RunTime:0.000613s ]
INFO: [ app_end ] --START--
INFO: Run Behavior\ShowPageTraceBehavior [ RunTime:0.000738s ]
INFO: [ app_end ] --END-- [ RunTime:0.000778s ]

[ 2016-10-13T13:56:42+08:00 ] ::1 /jianghu/index.php/Admin/User/index/p/5.html
INFO: [ app_init ] --START--
INFO: Run Behavior\BuildLiteBehavior [ RunTime:0.000013s ]
INFO: [ app_init ] --END-- [ RunTime:0.000609s ]
INFO: [ app_begin ] --START--
INFO: Run Behavior\ReadHtmlCacheBehavior [ RunTime:0.000777s ]
INFO: [ app_begin ] --END-- [ RunTime:0.000836s ]
SQL: SHOW COLUMNS FROM `jianghu_user` [ RunTime:0.0049s ]
SQL: SELECT COUNT(*) AS tp_count FROM `jianghu_user` LIMIT 1   [ RunTime:0.0004s ]
SQL: SELECT * FROM `jianghu_user` LIMIT 12,3   [ RunTime:0.0006s ]
INFO: [ view_parse ] --START--
INFO: [ template_filter ] --START--
INFO: Run Behavior\ContentReplaceBehavior [ RunTime:0.000046s ]
INFO: [ template_filter ] --END-- [ RunTime:0.000106s ]
INFO: Run Behavior\ParseTemplateBehavior [ RunTime:0.010513s ]
INFO: [ view_parse ] --END-- [ RunTime:0.010591s ]
INFO: [ view_filter ] --START--
INFO: Run Behavior\WriteHtmlCacheBehavior [ RunTime:0.001096s ]
INFO: [ view_filter ] --END-- [ RunTime:0.001191s ]
INFO: [ app_end ] --START--
INFO: Run Behavior\ShowPageTraceBehavior [ RunTime:0.001602s ]
INFO: [ app_end ] --END-- [ RunTime:0.001702s ]

[ 2016-10-13T15:28:16+08:00 ] ::1 /jianghu/index.php/Admin/user/showDailyNum.html
INFO: [ app_init ] --START--
INFO: Run Behavior\BuildLiteBehavior [ RunTime:0.000013s ]
INFO: [ app_init ] --END-- [ RunTime:0.000498s ]
INFO: [ app_begin ] --START--
INFO: Run Behavior\ReadHtmlCacheBehavior [ RunTime:0.001260s ]
INFO: [ app_begin ] --END-- [ RunTime:0.001347s ]
SQL: SHOW COLUMNS FROM `jianghu_daily_num` [ RunTime:0.0054s ]
SQL: SELECT * FROM `jianghu_daily_num`  [ RunTime:0.0008s ]
NOTIC: [2] Division by zero D:\xampp\htdocs\jianghu\Application\Admin\Controller\UserController.class.php 第 84 行.
SQL: SELECT `joinnum` FROM `jianghu_daily_num` WHERE `date` = '2016-10-11' LIMIT 1   [ RunTime:0.0003s ]
SQL: SELECT `joinnum` FROM `jianghu_daily_num` WHERE `date` = '2016-10-12' LIMIT 1   [ RunTime:0.0002s ]
SQL: SELECT `joinnum` FROM `jianghu_daily_num` WHERE `date` = '2016-10-13' LIMIT 1   [ RunTime:0.0002s ]
INFO: [ view_parse ] --START--
INFO: [ template_filter ] --START--
INFO: Run Behavior\ContentReplaceBehavior [ RunTime:0.000057s ]
INFO: [ template_filter ] --END-- [ RunTime:0.000142s ]
NOTIC: [8] Undefined variable: page D:\xampp\htdocs\jianghu\Application\Runtime\Cache\Admin\5920d3b0e70ddfcaac84dc1222d43670.php 第 39 行.
INFO: Run Behavior\ParseTemplateBehavior [ RunTime:0.008467s ]
INFO: [ view_parse ] --END-- [ RunTime:0.008525s ]
INFO: [ view_filter ] --START--
INFO: Run Behavior\WriteHtmlCacheBehavior [ RunTime:0.000681s ]
INFO: [ view_filter ] --END-- [ RunTime:0.000732s ]
INFO: [ app_end ] --START--
INFO: Run Behavior\ShowPageTraceBehavior [ RunTime:0.000773s ]
INFO: [ app_end ] --END-- [ RunTime:0.000814s ]

