[ 2016-10-31T00:10:29+08:00 ] ::1 /jianghu/index.php/Admin/user/index.html
INFO: [ app_init ] --START--
INFO: Run Behavior\BuildLiteBehavior [ RunTime:0.000013s ]
INFO: [ app_init ] --END-- [ RunTime:0.000581s ]
INFO: [ app_begin ] --START--
INFO: Run Behavior\ReadHtmlCacheBehavior [ RunTime:0.000856s ]
INFO: [ app_begin ] --END-- [ RunTime:0.000910s ]
SQL: SHOW COLUMNS FROM `jianghu_user` [ RunTime:0.0049s ]
SQL: SELECT COUNT(*) AS tp_count FROM `jianghu_user` WHERE `username` LIKE '%%' LIMIT 1   [ RunTime:0.0003s ]
SQL: SELECT * FROM `jianghu_user` WHERE `username` LIKE '%%' LIMIT 0,3   [ RunTime:0.0004s ]
INFO: [ view_parse ] --START--
INFO: [ template_filter ] --START--
INFO: Run Behavior\ContentReplaceBehavior [ RunTime:0.000041s ]
INFO: [ template_filter ] --END-- [ RunTime:0.000093s ]
NOTIC: [8] Undefined variable: searchkey D:\xampp\htdocs\jianghu\Application\Runtime\Cache\Admin\65e605872ed5d34210f5b33beb13f5a3.php 第 14 行.
INFO: Run Behavior\ParseTemplateBehavior [ RunTime:0.009025s ]
INFO: [ view_parse ] --END-- [ RunTime:0.009073s ]
INFO: [ view_filter ] --START--
INFO: Run Behavior\WriteHtmlCacheBehavior [ RunTime:0.000614s ]
INFO: [ view_filter ] --END-- [ RunTime:0.000651s ]
INFO: [ app_end ] --START--
INFO: Run Behavior\ShowPageTraceBehavior [ RunTime:0.000814s ]
INFO: [ app_end ] --END-- [ RunTime:0.000853s ]

[ 2016-10-31T00:10:31+08:00 ] ::1 /jianghu/index.php/Admin/User/index/p/9.html
INFO: [ app_init ] --START--
INFO: Run Behavior\BuildLiteBehavior [ RunTime:0.000013s ]
INFO: [ app_init ] --END-- [ RunTime:0.000576s ]
INFO: [ app_begin ] --START--
INFO: Run Behavior\ReadHtmlCacheBehavior [ RunTime:0.000829s ]
INFO: [ app_begin ] --END-- [ RunTime:0.000889s ]
SQL: SHOW COLUMNS FROM `jianghu_user` [ RunTime:0.0060s ]
SQL: SELECT COUNT(*) AS tp_count FROM `jianghu_user` WHERE `username` LIKE '%%' LIMIT 1   [ RunTime:0.0003s ]
SQL: SELECT * FROM `jianghu_user` WHERE `username` LIKE '%%' LIMIT 24,3   [ RunTime:0.0004s ]
INFO: [ view_parse ] --START--
INFO: [ template_filter ] --START--
INFO: Run Behavior\ContentReplaceBehavior [ RunTime:0.000035s ]
INFO: [ template_filter ] --END-- [ RunTime:0.000075s ]
NOTIC: [8] Undefined variable: searchkey D:\xampp\htdocs\jianghu\Application\Runtime\Cache\Admin\65e605872ed5d34210f5b33beb13f5a3.php 第 14 行.
INFO: Run Behavior\ParseTemplateBehavior [ RunTime:0.007528s ]
INFO: [ view_parse ] --END-- [ RunTime:0.007570s ]
INFO: [ view_filter ] --START--
INFO: Run Behavior\WriteHtmlCacheBehavior [ RunTime:0.000605s ]
INFO: [ view_filter ] --END-- [ RunTime:0.000646s ]
INFO: [ app_end ] --START--
INFO: Run Behavior\ShowPageTraceBehavior [ RunTime:0.000831s ]
INFO: [ app_end ] --END-- [ RunTime:0.000869s ]

[ 2016-10-31T00:10:33+08:00 ] ::1 /jianghu/index.php/Admin/User/index/p/8.html
INFO: [ app_init ] --START--
INFO: Run Behavior\BuildLiteBehavior [ RunTime:0.000012s ]
INFO: [ app_init ] --END-- [ RunTime:0.000518s ]
INFO: [ app_begin ] --START--
INFO: Run Behavior\ReadHtmlCacheBehavior [ RunTime:0.000936s ]
INFO: [ app_begin ] --END-- [ RunTime:0.001074s ]
SQL: SHOW COLUMNS FROM `jianghu_user` [ RunTime:0.0034s ]
SQL: SELECT COUNT(*) AS tp_count FROM `jianghu_user` WHERE `username` LIKE '%%' LIMIT 1   [ RunTime:0.0008s ]
SQL: SELECT * FROM `jianghu_user` WHERE `username` LIKE '%%' LIMIT 21,3   [ RunTime:0.0004s ]
INFO: [ view_parse ] --START--
INFO: [ template_filter ] --START--
INFO: Run Behavior\ContentReplaceBehavior [ RunTime:0.000036s ]
INFO: [ template_filter ] --END-- [ RunTime:0.000079s ]
NOTIC: [8] Undefined variable: searchkey D:\xampp\htdocs\jianghu\Application\Runtime\Cache\Admin\65e605872ed5d34210f5b33beb13f5a3.php 第 14 行.
INFO: Run Behavior\ParseTemplateBehavior [ RunTime:0.007827s ]
INFO: [ view_parse ] --END-- [ RunTime:0.007891s ]
INFO: [ view_filter ] --START--
INFO: Run Behavior\WriteHtmlCacheBehavior [ RunTime:0.000922s ]
INFO: [ view_filter ] --END-- [ RunTime:0.000975s ]
INFO: [ app_end ] --START--
INFO: Run Behavior\ShowPageTraceBehavior [ RunTime:0.000794s ]
INFO: [ app_end ] --END-- [ RunTime:0.000834s ]

[ 2016-10-31T00:19:17+08:00 ] ::1 /jianghu/index.php/Admin/User/index/p/1.html
INFO: [ app_init ] --START--
INFO: Run Behavior\BuildLiteBehavior [ RunTime:0.000017s ]
INFO: [ app_init ] --END-- [ RunTime:0.000616s ]
INFO: [ app_begin ] --START--
INFO: Run Behavior\ReadHtmlCacheBehavior [ RunTime:0.000954s ]
INFO: [ app_begin ] --END-- [ RunTime:0.001029s ]
SQL: SHOW COLUMNS FROM `jianghu_user` [ RunTime:0.0479s ]
SQL: SELECT COUNT(*) AS tp_count FROM `jianghu_user` WHERE `username` LIKE '%%' LIMIT 1   [ RunTime:0.0004s ]
SQL: SELECT * FROM `jianghu_user` WHERE `username` LIKE '%%' LIMIT 0,3   [ RunTime:0.0004s ]
INFO: [ view_parse ] --START--
INFO: [ template_filter ] --START--
INFO: Run Behavior\ContentReplaceBehavior [ RunTime:0.000044s ]
INFO: [ template_filter ] --END-- [ RunTime:0.000095s ]
NOTIC: [8] Undefined variable: searchkey D:\xampp\htdocs\jianghu\Application\Runtime\Cache\Admin\65e605872ed5d34210f5b33beb13f5a3.php 第 14 行.
INFO: Run Behavior\ParseTemplateBehavior [ RunTime:0.009112s ]
INFO: [ view_parse ] --END-- [ RunTime:0.009161s ]
INFO: [ view_filter ] --START--
INFO: Run Behavior\WriteHtmlCacheBehavior [ RunTime:0.000691s ]
INFO: [ view_filter ] --END-- [ RunTime:0.000735s ]
INFO: [ app_end ] --START--
INFO: Run Behavior\ShowPageTraceBehavior [ RunTime:0.001339s ]
INFO: [ app_end ] --END-- [ RunTime:0.001392s ]

[ 2016-10-31T14:15:30+08:00 ] ::1 /jianghu/index.php/Admin/index/index.html
INFO: [ app_init ] --START--
INFO: Run Behavior\BuildLiteBehavior [ RunTime:0.000027s ]
INFO: [ app_init ] --END-- [ RunTime:0.000930s ]
INFO: [ app_begin ] --START--
INFO: Run Behavior\ReadHtmlCacheBehavior [ RunTime:0.000878s ]
INFO: [ app_begin ] --END-- [ RunTime:0.000942s ]
INFO: [ view_parse ] --START--
INFO: [ template_filter ] --START--
INFO: Run Behavior\ContentReplaceBehavior [ RunTime:0.000079s ]
INFO: [ template_filter ] --END-- [ RunTime:0.000173s ]
INFO: Run Behavior\ParseTemplateBehavior [ RunTime:0.011814s ]
INFO: [ view_parse ] --END-- [ RunTime:0.011898s ]
INFO: [ view_filter ] --START--
INFO: Run Behavior\WriteHtmlCacheBehavior [ RunTime:0.001148s ]
INFO: [ view_filter ] --END-- [ RunTime:0.001199s ]
INFO: [ app_end ] --START--
INFO: Run Behavior\ShowPageTraceBehavior [ RunTime:0.015806s ]
INFO: [ app_end ] --END-- [ RunTime:0.015868s ]

[ 2016-10-31T14:15:30+08:00 ] ::1 /jianghu/index.php/Admin/index/main.html
INFO: [ app_init ] --START--
INFO: Run Behavior\BuildLiteBehavior [ RunTime:0.000027s ]
INFO: [ app_init ] --END-- [ RunTime:0.000846s ]
INFO: [ app_begin ] --START--
INFO: Run Behavior\ReadHtmlCacheBehavior [ RunTime:0.001300s ]
INFO: [ app_begin ] --END-- [ RunTime:0.001409s ]
INFO: [ view_parse ] --START--
INFO: [ template_filter ] --START--
INFO: Run Behavior\ContentReplaceBehavior [ RunTime:0.000041s ]
INFO: [ template_filter ] --END-- [ RunTime:0.000098s ]
INFO: Run Behavior\ParseTemplateBehavior [ RunTime:0.007750s ]
INFO: [ view_parse ] --END-- [ RunTime:0.007835s ]
INFO: [ view_filter ] --START--
INFO: Run Behavior\WriteHtmlCacheBehavior [ RunTime:0.000978s ]
INFO: [ view_filter ] --END-- [ RunTime:0.001054s ]
INFO: [ app_end ] --START--
INFO: Run Behavior\ShowPageTraceBehavior [ RunTime:0.001541s ]
INFO: [ app_end ] --END-- [ RunTime:0.001634s ]

[ 2016-10-31T14:15:34+08:00 ] ::1 /jianghu/index.php/Admin/introduce/showIntroduce.html
INFO: [ app_init ] --START--
INFO: Run Behavior\BuildLiteBehavior [ RunTime:0.000015s ]
INFO: [ app_init ] --END-- [ RunTime:0.000610s ]
INFO: [ app_begin ] --START--
INFO: Run Behavior\ReadHtmlCacheBehavior [ RunTime:0.000898s ]
INFO: [ app_begin ] --END-- [ RunTime:0.000957s ]
SQL: SHOW COLUMNS FROM `jianghu_introduce` [ RunTime:0.0033s ]
SQL: SHOW COLUMNS FROM `jianghu_introduce_images` [ RunTime:0.0026s ]
SQL: SHOW COLUMNS FROM `jianghu_introduce` [ RunTime:0.0028s ]
SQL: SELECT COUNT(*) AS tp_count FROM jianghu_introduce m left join jianghu_user u on m.user_id=u.id  LIMIT 1   [ RunTime:0.0004s ]
SQL: SHOW COLUMNS FROM `jianghu_introduce` [ RunTime:0.0028s ]
SQL: SELECT m.*,u.username FROM jianghu_introduce m left join jianghu_user u on m.user_id=u.id  ORDER BY time desc LIMIT 0,3   [ RunTime:0.0005s ]
INFO: [ view_parse ] --START--
INFO: [ template_filter ] --START--
INFO: Run Behavior\ContentReplaceBehavior [ RunTime:0.000045s ]
INFO: [ template_filter ] --END-- [ RunTime:0.000100s ]
INFO: Run Behavior\ParseTemplateBehavior [ RunTime:0.009774s ]
INFO: [ view_parse ] --END-- [ RunTime:0.009846s ]
INFO: [ view_filter ] --START--
INFO: Run Behavior\WriteHtmlCacheBehavior [ RunTime:0.000773s ]
INFO: [ view_filter ] --END-- [ RunTime:0.000822s ]
INFO: [ app_end ] --START--
INFO: Run Behavior\ShowPageTraceBehavior [ RunTime:0.000991s ]
INFO: [ app_end ] --END-- [ RunTime:0.001041s ]

[ 2016-10-31T14:19:39+08:00 ] ::1 /jianghu/index.php/Admin/introduce/showIntroduce.html
INFO: [ app_init ] --START--
INFO: Run Behavior\BuildLiteBehavior [ RunTime:0.000014s ]
INFO: [ app_init ] --END-- [ RunTime:0.000533s ]
INFO: [ app_begin ] --START--
INFO: Run Behavior\ReadHtmlCacheBehavior [ RunTime:0.001654s ]
INFO: [ app_begin ] --END-- [ RunTime:0.001732s ]
SQL: SHOW COLUMNS FROM `jianghu_introduce` [ RunTime:0.0086s ]
SQL: SHOW COLUMNS FROM `jianghu_introduce_images` [ RunTime:0.0541s ]
SQL: SHOW COLUMNS FROM `jianghu_introduce` [ RunTime:0.0577s ]
SQL: SELECT COUNT(*) AS tp_count FROM jianghu_introduce m left join jianghu_user u on m.user_id=u.id  LIMIT 1   [ RunTime:0.0004s ]
SQL: SHOW COLUMNS FROM `jianghu_introduce` [ RunTime:0.0026s ]
SQL: SELECT m.*,u.username FROM jianghu_introduce m left join jianghu_user u on m.user_id=u.id  ORDER BY time desc LIMIT 0,3   [ RunTime:0.0005s ]
INFO: [ view_parse ] --START--
INFO: [ template_filter ] --START--
INFO: Run Behavior\ContentReplaceBehavior [ RunTime:0.000049s ]
INFO: [ template_filter ] --END-- [ RunTime:0.000102s ]
INFO: Run Behavior\ParseTemplateBehavior [ RunTime:0.009650s ]
INFO: [ view_parse ] --END-- [ RunTime:0.009708s ]
INFO: [ view_filter ] --START--
INFO: Run Behavior\WriteHtmlCacheBehavior [ RunTime:0.000731s ]
INFO: [ view_filter ] --END-- [ RunTime:0.000778s ]
INFO: [ app_end ] --START--
INFO: Run Behavior\ShowPageTraceBehavior [ RunTime:0.000918s ]
INFO: [ app_end ] --END-- [ RunTime:0.000964s ]

[ 2016-10-31T14:20:42+08:00 ] ::1 /jianghu/index.php/Admin/introduce/showIntroduce.html
INFO: [ app_init ] --START--
INFO: Run Behavior\BuildLiteBehavior [ RunTime:0.000016s ]
INFO: [ app_init ] --END-- [ RunTime:0.000606s ]
INFO: [ app_begin ] --START--
INFO: Run Behavior\ReadHtmlCacheBehavior [ RunTime:0.000957s ]
INFO: [ app_begin ] --END-- [ RunTime:0.001028s ]
SQL: SHOW COLUMNS FROM `jianghu_introduce` [ RunTime:0.0111s ]
SQL: SHOW COLUMNS FROM `jianghu_introduce_images` [ RunTime:0.0074s ]
SQL: SHOW COLUMNS FROM `jianghu_introduce` [ RunTime:0.0091s ]
SQL: SELECT COUNT(*) AS tp_count FROM jianghu_introduce m left join jianghu_user u on m.user_id=u.id  LIMIT 1   [ RunTime:0.0005s ]
SQL: SHOW COLUMNS FROM `jianghu_introduce` [ RunTime:0.0076s ]
SQL: SELECT m.*,u.username FROM jianghu_introduce m left join jianghu_user u on m.user_id=u.id  ORDER BY time desc LIMIT 0,3   [ RunTime:0.0008s ]
INFO: [ view_parse ] --START--
INFO: [ template_filter ] --START--
INFO: Run Behavior\ContentReplaceBehavior [ RunTime:0.000071s ]
INFO: [ template_filter ] --END-- [ RunTime:0.000161s ]
INFO: Run Behavior\ParseTemplateBehavior [ RunTime:0.011985s ]
INFO: [ view_parse ] --END-- [ RunTime:0.012059s ]
INFO: [ view_filter ] --START--
INFO: Run Behavior\WriteHtmlCacheBehavior [ RunTime:0.000708s ]
INFO: [ view_filter ] --END-- [ RunTime:0.000759s ]
INFO: [ app_end ] --START--
INFO: Run Behavior\ShowPageTraceBehavior [ RunTime:0.000910s ]
INFO: [ app_end ] --END-- [ RunTime:0.000971s ]

[ 2016-10-31T14:25:17+08:00 ] ::1 /jianghu/index.php/Admin/introduce/showIntroduce.html
INFO: [ app_init ] --START--
INFO: Run Behavior\BuildLiteBehavior [ RunTime:0.000014s ]
INFO: [ app_init ] --END-- [ RunTime:0.000604s ]
INFO: [ app_begin ] --START--
INFO: Run Behavior\ReadHtmlCacheBehavior [ RunTime:0.001055s ]
INFO: [ app_begin ] --END-- [ RunTime:0.001117s ]
SQL: SHOW COLUMNS FROM `jianghu_introduce` [ RunTime:0.0030s ]
SQL: SHOW COLUMNS FROM `jianghu_introduce_images` [ RunTime:0.0032s ]
SQL: SHOW COLUMNS FROM `jianghu_introduce` [ RunTime:0.0027s ]
SQL: SELECT COUNT(*) AS tp_count FROM jianghu_introduce m left join jianghu_user u on m.user_id=u.id  LIMIT 1   [ RunTime:0.0004s ]
SQL: SHOW COLUMNS FROM `jianghu_introduce` [ RunTime:0.0030s ]
SQL: SELECT m.*,u.username FROM jianghu_introduce m left join jianghu_user u on m.user_id=u.id  ORDER BY time desc LIMIT 0,3   [ RunTime:0.0005s ]
INFO: [ view_parse ] --START--
INFO: [ template_filter ] --START--
INFO: Run Behavior\ContentReplaceBehavior [ RunTime:0.000081s ]
INFO: [ template_filter ] --END-- [ RunTime:0.000171s ]
INFO: Run Behavior\ParseTemplateBehavior [ RunTime:0.009935s ]
INFO: [ view_parse ] --END-- [ RunTime:0.010023s ]
INFO: [ view_filter ] --START--
INFO: Run Behavior\WriteHtmlCacheBehavior [ RunTime:0.000727s ]
INFO: [ view_filter ] --END-- [ RunTime:0.000782s ]
INFO: [ app_end ] --START--
INFO: Run Behavior\ShowPageTraceBehavior [ RunTime:0.001028s ]
INFO: [ app_end ] --END-- [ RunTime:0.001084s ]

[ 2016-10-31T14:25:20+08:00 ] ::1 /jianghu/index.php/Admin/user/userdetails.html?username=M
INFO: [ app_init ] --START--
INFO: Run Behavior\BuildLiteBehavior [ RunTime:0.000016s ]
INFO: [ app_init ] --END-- [ RunTime:0.000594s ]
INFO: [ app_begin ] --START--
INFO: Run Behavior\ReadHtmlCacheBehavior [ RunTime:0.000904s ]
INFO: [ app_begin ] --END-- [ RunTime:0.001002s ]
SQL: SHOW COLUMNS FROM `jianghu_user` [ RunTime:0.0416s ]
SQL: SELECT * FROM `jianghu_user` WHERE `username` = 'M'  [ RunTime:0.0012s ]
INFO: [ view_parse ] --START--
INFO: [ template_filter ] --START--
INFO: Run Behavior\ContentReplaceBehavior [ RunTime:0.000107s ]
INFO: [ template_filter ] --END-- [ RunTime:0.000242s ]
NOTIC: [8] Undefined variable: description D:\xampp\htdocs\jianghu\Application\Runtime\Cache\Admin\15c7eebfed225aff2357fe2665153870.php 第 42 行.
INFO: Run Behavior\ParseTemplateBehavior [ RunTime:0.068758s ]
INFO: [ view_parse ] --END-- [ RunTime:0.068932s ]
INFO: [ view_filter ] --START--
INFO: Run Behavior\WriteHtmlCacheBehavior [ RunTime:0.001859s ]
INFO: [ view_filter ] --END-- [ RunTime:0.001977s ]
INFO: [ app_end ] --START--
INFO: Run Behavior\ShowPageTraceBehavior [ RunTime:0.002399s ]
INFO: [ app_end ] --END-- [ RunTime:0.002521s ]

[ 2016-10-31T14:25:23+08:00 ] ::1 /jianghu/index.php/Admin/introduce/showIntroduce.html
INFO: [ app_init ] --START--
INFO: Run Behavior\BuildLiteBehavior [ RunTime:0.000015s ]
INFO: [ app_init ] --END-- [ RunTime:0.000591s ]
INFO: [ app_begin ] --START--
INFO: Run Behavior\ReadHtmlCacheBehavior [ RunTime:0.001242s ]
INFO: [ app_begin ] --END-- [ RunTime:0.001324s ]
SQL: SHOW COLUMNS FROM `jianghu_introduce` [ RunTime:0.0029s ]
SQL: SHOW COLUMNS FROM `jianghu_introduce_images` [ RunTime:0.0029s ]
SQL: SHOW COLUMNS FROM `jianghu_introduce` [ RunTime:0.0027s ]
SQL: SELECT COUNT(*) AS tp_count FROM jianghu_introduce m left join jianghu_user u on m.user_id=u.id  LIMIT 1   [ RunTime:0.0004s ]
SQL: SHOW COLUMNS FROM `jianghu_introduce` [ RunTime:0.0043s ]
SQL: SELECT m.*,u.username FROM jianghu_introduce m left join jianghu_user u on m.user_id=u.id  ORDER BY time desc LIMIT 0,3   [ RunTime:0.0006s ]
INFO: [ view_parse ] --START--
INFO: [ template_filter ] --START--
INFO: Run Behavior\ContentReplaceBehavior [ RunTime:0.000044s ]
INFO: [ template_filter ] --END-- [ RunTime:0.000098s ]
INFO: Run Behavior\ParseTemplateBehavior [ RunTime:0.009295s ]
INFO: [ view_parse ] --END-- [ RunTime:0.009359s ]
INFO: [ view_filter ] --START--
INFO: Run Behavior\WriteHtmlCacheBehavior [ RunTime:0.000792s ]
INFO: [ view_filter ] --END-- [ RunTime:0.000844s ]
INFO: [ app_end ] --START--
INFO: Run Behavior\ShowPageTraceBehavior [ RunTime:0.000950s ]
INFO: [ app_end ] --END-- [ RunTime:0.001002s ]

[ 2016-10-31T14:27:04+08:00 ] ::1 /jianghu/index.php/admin/search/doaction
INFO: [ app_init ] --START--
INFO: Run Behavior\BuildLiteBehavior [ RunTime:0.000058s ]
INFO: [ app_init ] --END-- [ RunTime:0.001079s ]
INFO: [ app_begin ] --START--
INFO: Run Behavior\ReadHtmlCacheBehavior [ RunTime:0.001006s ]
INFO: [ app_begin ] --END-- [ RunTime:0.001096s ]

[ 2016-10-31T14:27:04+08:00 ] ::1 /jianghu/index.php/Admin/search/searchByUsername/cate/1/searchkey/p.html
INFO: [ app_init ] --START--
INFO: Run Behavior\BuildLiteBehavior [ RunTime:0.000014s ]
INFO: [ app_init ] --END-- [ RunTime:0.000570s ]
INFO: [ app_begin ] --START--
INFO: Run Behavior\ReadHtmlCacheBehavior [ RunTime:0.000937s ]
INFO: [ app_begin ] --END-- [ RunTime:0.000998s ]
SQL: SHOW COLUMNS FROM `jianghu_introduce` [ RunTime:0.0166s ]
SQL: SHOW COLUMNS FROM `jianghu_user` [ RunTime:0.0029s ]
SQL: SELECT `id` FROM `jianghu_user` WHERE `username` LIKE '%p%'  [ RunTime:0.0003s ]
NOTIC: [8] Undefined variable: uids D:\xampp\htdocs\jianghu\Application\Admin\Controller\SearchController.class.php 第 40 行.

[ 2016-10-31T14:27:04+08:00 ] ::1 /jianghu/index.php/Admin/introduce/showIntroduce/where/u.id%3D0/cate/1/searchkey/p.html
INFO: [ app_init ] --START--
INFO: Run Behavior\BuildLiteBehavior [ RunTime:0.000013s ]
INFO: [ app_init ] --END-- [ RunTime:0.000561s ]
INFO: [ app_begin ] --START--
INFO: Run Behavior\ReadHtmlCacheBehavior [ RunTime:0.000888s ]
INFO: [ app_begin ] --END-- [ RunTime:0.000944s ]
SQL: SHOW COLUMNS FROM `jianghu_introduce` [ RunTime:0.0028s ]
SQL: SHOW COLUMNS FROM `jianghu_introduce_images` [ RunTime:0.0028s ]
SQL: SHOW COLUMNS FROM `jianghu_introduce` [ RunTime:0.0027s ]
SQL: SELECT COUNT(*) AS tp_count FROM jianghu_introduce m left join jianghu_user u on m.user_id=u.id  WHERE ( u.id=0 ) LIMIT 1   [ RunTime:0.0004s ]
SQL: SHOW COLUMNS FROM `jianghu_introduce` [ RunTime:0.0029s ]
SQL: SELECT m.*,u.username FROM jianghu_introduce m left join jianghu_user u on m.user_id=u.id  WHERE ( u.id=0 ) ORDER BY time desc LIMIT 0,3   [ RunTime:0.0004s ]
INFO: [ view_parse ] --START--
INFO: [ template_filter ] --START--
INFO: Run Behavior\ContentReplaceBehavior [ RunTime:0.000044s ]
INFO: [ template_filter ] --END-- [ RunTime:0.000095s ]
INFO: Run Behavior\ParseTemplateBehavior [ RunTime:0.008427s ]
INFO: [ view_parse ] --END-- [ RunTime:0.008485s ]
INFO: [ view_filter ] --START--
INFO: Run Behavior\WriteHtmlCacheBehavior [ RunTime:0.000727s ]
INFO: [ view_filter ] --END-- [ RunTime:0.000771s ]
INFO: [ app_end ] --START--
INFO: Run Behavior\ShowPageTraceBehavior [ RunTime:0.001048s ]
INFO: [ app_end ] --END-- [ RunTime:0.001102s ]

[ 2016-10-31T14:27:09+08:00 ] ::1 /jianghu/index.php/admin/search/doaction
INFO: [ app_init ] --START--
INFO: Run Behavior\BuildLiteBehavior [ RunTime:0.000015s ]
INFO: [ app_init ] --END-- [ RunTime:0.000571s ]
INFO: [ app_begin ] --START--
INFO: Run Behavior\ReadHtmlCacheBehavior [ RunTime:0.001225s ]
INFO: [ app_begin ] --END-- [ RunTime:0.001293s ]

[ 2016-10-31T14:27:09+08:00 ] ::1 /jianghu/index.php/Admin/search/searchByUsername/cate/1/searchkey/1.html
INFO: [ app_init ] --START--
INFO: Run Behavior\BuildLiteBehavior [ RunTime:0.000013s ]
INFO: [ app_init ] --END-- [ RunTime:0.000514s ]
INFO: [ app_begin ] --START--
INFO: Run Behavior\ReadHtmlCacheBehavior [ RunTime:0.000877s ]
INFO: [ app_begin ] --END-- [ RunTime:0.000933s ]
SQL: SHOW COLUMNS FROM `jianghu_introduce` [ RunTime:0.0087s ]
SQL: SHOW COLUMNS FROM `jianghu_user` [ RunTime:0.0254s ]
SQL: SELECT `id` FROM `jianghu_user` WHERE `username` LIKE '%1%'  [ RunTime:0.0006s ]

[ 2016-10-31T14:27:09+08:00 ] ::1 /jianghu/index.php/Admin/introduce/showIntroduce/where/u.id+IN+%2810%29/cate/1/searchkey/1.html
INFO: [ app_init ] --START--
INFO: Run Behavior\BuildLiteBehavior [ RunTime:0.000028s ]
INFO: [ app_init ] --END-- [ RunTime:0.001195s ]
INFO: [ app_begin ] --START--
INFO: Run Behavior\ReadHtmlCacheBehavior [ RunTime:0.002249s ]
INFO: [ app_begin ] --END-- [ RunTime:0.002390s ]
SQL: SHOW COLUMNS FROM `jianghu_introduce` [ RunTime:0.0060s ]
SQL: SHOW COLUMNS FROM `jianghu_introduce_images` [ RunTime:0.0055s ]
SQL: SHOW COLUMNS FROM `jianghu_introduce` [ RunTime:0.0060s ]
SQL: SELECT COUNT(*) AS tp_count FROM jianghu_introduce m left join jianghu_user u on m.user_id=u.id  WHERE ( u.id IN (10) ) LIMIT 1   [ RunTime:0.0008s ]
SQL: SHOW COLUMNS FROM `jianghu_introduce` [ RunTime:0.0069s ]
SQL: SELECT m.*,u.username FROM jianghu_introduce m left join jianghu_user u on m.user_id=u.id  WHERE ( u.id IN (10) ) ORDER BY time desc LIMIT 0,3   [ RunTime:0.0012s ]
INFO: [ view_parse ] --START--
INFO: [ template_filter ] --START--
INFO: Run Behavior\ContentReplaceBehavior [ RunTime:0.000121s ]
INFO: [ template_filter ] --END-- [ RunTime:0.000268s ]
INFO: Run Behavior\ParseTemplateBehavior [ RunTime:0.018623s ]
INFO: [ view_parse ] --END-- [ RunTime:0.018774s ]
INFO: [ view_filter ] --START--
INFO: Run Behavior\WriteHtmlCacheBehavior [ RunTime:0.001683s ]
INFO: [ view_filter ] --END-- [ RunTime:0.001793s ]
INFO: [ app_end ] --START--
INFO: Run Behavior\ShowPageTraceBehavior [ RunTime:0.001980s ]
INFO: [ app_end ] --END-- [ RunTime:0.002084s ]

[ 2016-10-31T14:27:26+08:00 ] ::1 /jianghu/index.php/Admin/user/userdetails.html?username=1
INFO: [ app_init ] --START--
INFO: Run Behavior\BuildLiteBehavior [ RunTime:0.000014s ]
INFO: [ app_init ] --END-- [ RunTime:0.000535s ]
INFO: [ app_begin ] --START--
INFO: Run Behavior\ReadHtmlCacheBehavior [ RunTime:0.000889s ]
INFO: [ app_begin ] --END-- [ RunTime:0.000947s ]
SQL: SHOW COLUMNS FROM `jianghu_user` [ RunTime:0.0405s ]
SQL: SELECT * FROM `jianghu_user` WHERE `username` = '1'  [ RunTime:0.0019s ]
INFO: [ view_parse ] --START--
INFO: [ template_filter ] --START--
INFO: Run Behavior\ContentReplaceBehavior [ RunTime:0.000101s ]
INFO: [ template_filter ] --END-- [ RunTime:0.000229s ]
NOTIC: [8] Undefined variable: description D:\xampp\htdocs\jianghu\Application\Runtime\Cache\Admin\15c7eebfed225aff2357fe2665153870.php 第 42 行.
INFO: Run Behavior\ParseTemplateBehavior [ RunTime:0.023100s ]
INFO: [ view_parse ] --END-- [ RunTime:0.023261s ]
INFO: [ view_filter ] --START--
INFO: Run Behavior\WriteHtmlCacheBehavior [ RunTime:0.001829s ]
INFO: [ view_filter ] --END-- [ RunTime:0.001945s ]
INFO: [ app_end ] --START--
INFO: Run Behavior\ShowPageTraceBehavior [ RunTime:0.002364s ]
INFO: [ app_end ] --END-- [ RunTime:0.002484s ]

[ 2016-10-31T15:31:53+08:00 ] ::1 /jianghu/index.php/Admin/introduce/showIntroduce.html
INFO: [ app_init ] --START--
INFO: Run Behavior\BuildLiteBehavior [ RunTime:0.000013s ]
INFO: [ app_init ] --END-- [ RunTime:0.000597s ]
INFO: [ app_begin ] --START--
INFO: Run Behavior\ReadHtmlCacheBehavior [ RunTime:0.000909s ]
INFO: [ app_begin ] --END-- [ RunTime:0.000968s ]
SQL: SHOW COLUMNS FROM `jianghu_introduce` [ RunTime:0.0029s ]
SQL: SHOW COLUMNS FROM `jianghu_introduce_images` [ RunTime:0.0026s ]
SQL: SHOW COLUMNS FROM `jianghu_introduce` [ RunTime:0.0031s ]
SQL: SELECT COUNT(*) AS tp_count FROM jianghu_introduce m left join jianghu_user u on m.user_id=u.id  LIMIT 1   [ RunTime:0.0005s ]
SQL: SHOW COLUMNS FROM `jianghu_introduce` [ RunTime:0.0027s ]
SQL: SELECT m.*,u.username FROM jianghu_introduce m left join jianghu_user u on m.user_id=u.id  ORDER BY time desc LIMIT 0,3   [ RunTime:0.0005s ]
INFO: [ view_parse ] --START--
INFO: [ template_filter ] --START--
INFO: Run Behavior\ContentReplaceBehavior [ RunTime:0.000045s ]
INFO: [ template_filter ] --END-- [ RunTime:0.000099s ]
INFO: Run Behavior\ParseTemplateBehavior [ RunTime:0.008460s ]
INFO: [ view_parse ] --END-- [ RunTime:0.008525s ]
INFO: [ view_filter ] --START--
INFO: Run Behavior\WriteHtmlCacheBehavior [ RunTime:0.000762s ]
INFO: [ view_filter ] --END-- [ RunTime:0.000811s ]
INFO: [ app_end ] --START--
INFO: Run Behavior\ShowPageTraceBehavior [ RunTime:0.000925s ]
INFO: [ app_end ] --END-- [ RunTime:0.000971s ]

[ 2016-10-31T15:32:00+08:00 ] ::1 /jianghu/index.php/Admin/Introduce/showIntroduce/p/9.html
INFO: [ app_init ] --START--
INFO: Run Behavior\BuildLiteBehavior [ RunTime:0.000014s ]
INFO: [ app_init ] --END-- [ RunTime:0.000580s ]
INFO: [ app_begin ] --START--
INFO: Run Behavior\ReadHtmlCacheBehavior [ RunTime:0.000873s ]
INFO: [ app_begin ] --END-- [ RunTime:0.000934s ]
SQL: SHOW COLUMNS FROM `jianghu_introduce` [ RunTime:0.0040s ]
SQL: SHOW COLUMNS FROM `jianghu_introduce_images` [ RunTime:0.0025s ]
SQL: SHOW COLUMNS FROM `jianghu_introduce` [ RunTime:0.0028s ]
SQL: SELECT COUNT(*) AS tp_count FROM jianghu_introduce m left join jianghu_user u on m.user_id=u.id  LIMIT 1   [ RunTime:0.0004s ]
SQL: SHOW COLUMNS FROM `jianghu_introduce` [ RunTime:0.0028s ]
SQL: SELECT m.*,u.username FROM jianghu_introduce m left join jianghu_user u on m.user_id=u.id  ORDER BY time desc LIMIT 24,3   [ RunTime:0.0006s ]
INFO: [ view_parse ] --START--
INFO: [ template_filter ] --START--
INFO: Run Behavior\ContentReplaceBehavior [ RunTime:0.000044s ]
INFO: [ template_filter ] --END-- [ RunTime:0.000099s ]
INFO: Run Behavior\ParseTemplateBehavior [ RunTime:0.009411s ]
INFO: [ view_parse ] --END-- [ RunTime:0.009478s ]
INFO: [ view_filter ] --START--
INFO: Run Behavior\WriteHtmlCacheBehavior [ RunTime:0.000737s ]
INFO: [ view_filter ] --END-- [ RunTime:0.000781s ]
INFO: [ app_end ] --START--
INFO: Run Behavior\ShowPageTraceBehavior [ RunTime:0.000925s ]
INFO: [ app_end ] --END-- [ RunTime:0.000973s ]

[ 2016-10-31T15:32:03+08:00 ] ::1 /jianghu/index.php/Admin/introduce/showdetail.html?id=72
INFO: [ app_init ] --START--
INFO: Run Behavior\BuildLiteBehavior [ RunTime:0.000013s ]
INFO: [ app_init ] --END-- [ RunTime:0.000561s ]
INFO: [ app_begin ] --START--
INFO: Run Behavior\ReadHtmlCacheBehavior [ RunTime:0.000846s ]
INFO: [ app_begin ] --END-- [ RunTime:0.000903s ]
SQL: SHOW COLUMNS FROM `jianghu_introduce` [ RunTime:0.0041s ]
SQL: SHOW COLUMNS FROM `jianghu_introduce_domain` [ RunTime:0.0032s ]
SQL: SHOW COLUMNS FROM `jianghu_introduce_images` [ RunTime:0.0025s ]
SQL: SHOW COLUMNS FROM `jianghu_user` [ RunTime:0.0029s ]
SQL: SELECT * FROM `jianghu_introduce` WHERE `id` = 72  [ RunTime:0.0004s ]
SQL: SELECT * FROM `jianghu_introduce_domain` WHERE `introduce_id` = 72  [ RunTime:0.0003s ]
SQL: SELECT `user_id` FROM `jianghu_introduce` WHERE `id` = 72 LIMIT 1   [ RunTime:0.0003s ]
SQL: SELECT `id` FROM `jianghu_introduce` WHERE `id` = 72 LIMIT 1   [ RunTime:0.0002s ]
SQL: SELECT * FROM `jianghu_introduce_images` WHERE `introduce_id` = 72  [ RunTime:0.0003s ]
SQL: SELECT `username` FROM `jianghu_user` WHERE `id` = 10 LIMIT 1   [ RunTime:0.0002s ]
NOTIC: [8] Undefined variable: image D:\xampp\htdocs\jianghu\Application\Admin\Controller\IntroduceController.class.php 第 76 行.
INFO: [ view_parse ] --START--
INFO: [ template_filter ] --START--
INFO: Run Behavior\ContentReplaceBehavior [ RunTime:0.000045s ]
INFO: [ template_filter ] --END-- [ RunTime:0.000105s ]
NOTIC: [8] Undefined variable: msg D:\xampp\htdocs\jianghu\Application\Runtime\Cache\Admin\61fa4ba4871a14c6e05e05cfa1aedd59.php 第 54 行.
INFO: Run Behavior\ParseTemplateBehavior [ RunTime:0.010980s ]
INFO: [ view_parse ] --END-- [ RunTime:0.011034s ]
INFO: [ view_filter ] --START--
INFO: Run Behavior\WriteHtmlCacheBehavior [ RunTime:0.000726s ]
INFO: [ view_filter ] --END-- [ RunTime:0.000769s ]
INFO: [ app_end ] --START--
INFO: Run Behavior\ShowPageTraceBehavior [ RunTime:0.000918s ]
INFO: [ app_end ] --END-- [ RunTime:0.000965s ]

[ 2016-10-31T15:32:04+08:00 ] ::1 /jianghu/index.php/Admin/Introduce/showIntroduce/p/9.html
INFO: [ app_init ] --START--
INFO: Run Behavior\BuildLiteBehavior [ RunTime:0.000051s ]
INFO: [ app_init ] --END-- [ RunTime:0.000987s ]
INFO: [ app_begin ] --START--
INFO: Run Behavior\ReadHtmlCacheBehavior [ RunTime:0.001026s ]
INFO: [ app_begin ] --END-- [ RunTime:0.001119s ]
SQL: SHOW COLUMNS FROM `jianghu_introduce` [ RunTime:0.0040s ]
SQL: SHOW COLUMNS FROM `jianghu_introduce_images` [ RunTime:0.0027s ]
SQL: SHOW COLUMNS FROM `jianghu_introduce` [ RunTime:0.0027s ]
SQL: SELECT COUNT(*) AS tp_count FROM jianghu_introduce m left join jianghu_user u on m.user_id=u.id  LIMIT 1   [ RunTime:0.0004s ]
SQL: SHOW COLUMNS FROM `jianghu_introduce` [ RunTime:0.0028s ]
SQL: SELECT m.*,u.username FROM jianghu_introduce m left join jianghu_user u on m.user_id=u.id  ORDER BY time desc LIMIT 24,3   [ RunTime:0.0006s ]
INFO: [ view_parse ] --START--
INFO: [ template_filter ] --START--
INFO: Run Behavior\ContentReplaceBehavior [ RunTime:0.000047s ]
INFO: [ template_filter ] --END-- [ RunTime:0.000107s ]
INFO: Run Behavior\ParseTemplateBehavior [ RunTime:0.009407s ]
INFO: [ view_parse ] --END-- [ RunTime:0.009466s ]
INFO: [ view_filter ] --START--
INFO: Run Behavior\WriteHtmlCacheBehavior [ RunTime:0.000738s ]
INFO: [ view_filter ] --END-- [ RunTime:0.000783s ]
INFO: [ app_end ] --START--
INFO: Run Behavior\ShowPageTraceBehavior [ RunTime:0.000926s ]
INFO: [ app_end ] --END-- [ RunTime:0.000974s ]

[ 2016-10-31T15:32:08+08:00 ] ::1 /jianghu/index.php/Admin/user/showDailyNum.html
INFO: [ app_init ] --START--
INFO: Run Behavior\BuildLiteBehavior [ RunTime:0.000014s ]
INFO: [ app_init ] --END-- [ RunTime:0.000580s ]
INFO: [ app_begin ] --START--
INFO: Run Behavior\ReadHtmlCacheBehavior [ RunTime:0.000884s ]
INFO: [ app_begin ] --END-- [ RunTime:0.000941s ]
SQL: SHOW COLUMNS FROM `jianghu_daily_num` [ RunTime:0.0083s ]
SQL: SELECT * FROM `jianghu_daily_num`  [ RunTime:0.0004s ]
NOTIC: [2] Division by zero D:\xampp\htdocs\jianghu\Application\Admin\Controller\UserController.class.php 第 89 行.
SQL: SELECT `joinnum` FROM `jianghu_daily_num` WHERE `date` = '2016-10-11' LIMIT 1   [ RunTime:0.0003s ]
SQL: SELECT `joinnum` FROM `jianghu_daily_num` WHERE `date` = '2016-10-12' LIMIT 1   [ RunTime:0.0003s ]
SQL: SELECT `joinnum` FROM `jianghu_daily_num` WHERE `date` = '2016-10-13' LIMIT 1   [ RunTime:0.0002s ]
SQL: SELECT `joinnum` FROM `jianghu_daily_num` WHERE `date` = '2016-10-14' LIMIT 1   [ RunTime:0.0003s ]
SQL: SELECT `joinnum` FROM `jianghu_daily_num` WHERE `date` = '2016-10-15' LIMIT 1   [ RunTime:0.0003s ]
NOTIC: [2] Division by zero D:\xampp\htdocs\jianghu\Application\Admin\Controller\UserController.class.php 第 89 行.
SQL: SELECT `joinnum` FROM `jianghu_daily_num` WHERE `date` = '2016-10-16' LIMIT 1   [ RunTime:0.0003s ]
SQL: SELECT `joinnum` FROM `jianghu_daily_num` WHERE `date` = '2016-10-21' LIMIT 1   [ RunTime:0.0003s ]
NOTIC: [2] Division by zero D:\xampp\htdocs\jianghu\Application\Admin\Controller\UserController.class.php 第 89 行.
SQL: SELECT `joinnum` FROM `jianghu_daily_num` WHERE `date` = '2016-10-24' LIMIT 1   [ RunTime:0.0003s ]
NOTIC: [2] Division by zero D:\xampp\htdocs\jianghu\Application\Admin\Controller\UserController.class.php 第 89 行.
SQL: SELECT `joinnum` FROM `jianghu_daily_num` WHERE `date` = '2016-10-25' LIMIT 1   [ RunTime:0.0003s ]
NOTIC: [2] Division by zero D:\xampp\htdocs\jianghu\Application\Admin\Controller\UserController.class.php 第 89 行.
SQL: SELECT `joinnum` FROM `jianghu_daily_num` WHERE `date` = '2016-10-26' LIMIT 1   [ RunTime:0.0003s ]
NOTIC: [2] Division by zero D:\xampp\htdocs\jianghu\Application\Admin\Controller\UserController.class.php 第 89 行.
SQL: SELECT `joinnum` FROM `jianghu_daily_num` WHERE `date` = '2016-10-30' LIMIT 1   [ RunTime:0.0003s ]
INFO: [ view_parse ] --START--
INFO: [ template_filter ] --START--
INFO: Run Behavior\ContentReplaceBehavior [ RunTime:0.000040s ]
INFO: [ template_filter ] --END-- [ RunTime:0.000090s ]
NOTIC: [8] Undefined variable: page D:\xampp\htdocs\jianghu\Application\Runtime\Cache\Admin\5920d3b0e70ddfcaac84dc1222d43670.php 第 37 行.
INFO: Run Behavior\ParseTemplateBehavior [ RunTime:0.019607s ]
INFO: [ view_parse ] --END-- [ RunTime:0.019668s ]
INFO: [ view_filter ] --START--
INFO: Run Behavior\WriteHtmlCacheBehavior [ RunTime:0.000722s ]
INFO: [ view_filter ] --END-- [ RunTime:0.000767s ]
INFO: [ app_end ] --START--
INFO: Run Behavior\ShowPageTraceBehavior [ RunTime:0.000896s ]
INFO: [ app_end ] --END-- [ RunTime:0.000938s ]

[ 2016-10-31T16:03:12+08:00 ] ::1 /jianghu/index.php/Admin/user/showDailyNum.html
INFO: [ app_init ] --START--
INFO: Run Behavior\BuildLiteBehavior [ RunTime:0.000014s ]
INFO: [ app_init ] --END-- [ RunTime:0.000632s ]
INFO: [ app_begin ] --START--
INFO: Run Behavior\ReadHtmlCacheBehavior [ RunTime:0.000915s ]
INFO: [ app_begin ] --END-- [ RunTime:0.000976s ]
SQL: SHOW COLUMNS FROM `jianghu_daily_num` [ RunTime:0.0044s ]
SQL: SELECT * FROM `jianghu_daily_num`  [ RunTime:0.0004s ]
NOTIC: [2] Division by zero D:\xampp\htdocs\jianghu\Application\Admin\Controller\UserController.class.php 第 89 行.
SQL: SELECT `joinnum` FROM `jianghu_daily_num` WHERE `date` = '2016-10-11' LIMIT 1   [ RunTime:0.0003s ]
SQL: SELECT `joinnum` FROM `jianghu_daily_num` WHERE `date` = '2016-10-12' LIMIT 1   [ RunTime:0.0002s ]
SQL: SELECT `joinnum` FROM `jianghu_daily_num` WHERE `date` = '2016-10-13' LIMIT 1   [ RunTime:0.0003s ]
SQL: SELECT `joinnum` FROM `jianghu_daily_num` WHERE `date` = '2016-10-14' LIMIT 1   [ RunTime:0.0002s ]
SQL: SELECT `joinnum` FROM `jianghu_daily_num` WHERE `date` = '2016-10-15' LIMIT 1   [ RunTime:0.0003s ]
NOTIC: [2] Division by zero D:\xampp\htdocs\jianghu\Application\Admin\Controller\UserController.class.php 第 89 行.
SQL: SELECT `joinnum` FROM `jianghu_daily_num` WHERE `date` = '2016-10-16' LIMIT 1   [ RunTime:0.0003s ]
SQL: SELECT `joinnum` FROM `jianghu_daily_num` WHERE `date` = '2016-10-21' LIMIT 1   [ RunTime:0.0003s ]
NOTIC: [2] Division by zero D:\xampp\htdocs\jianghu\Application\Admin\Controller\UserController.class.php 第 89 行.
SQL: SELECT `joinnum` FROM `jianghu_daily_num` WHERE `date` = '2016-10-24' LIMIT 1   [ RunTime:0.0003s ]
NOTIC: [2] Division by zero D:\xampp\htdocs\jianghu\Application\Admin\Controller\UserController.class.php 第 89 行.
SQL: SELECT `joinnum` FROM `jianghu_daily_num` WHERE `date` = '2016-10-25' LIMIT 1   [ RunTime:0.0003s ]
NOTIC: [2] Division by zero D:\xampp\htdocs\jianghu\Application\Admin\Controller\UserController.class.php 第 89 行.
SQL: SELECT `joinnum` FROM `jianghu_daily_num` WHERE `date` = '2016-10-26' LIMIT 1   [ RunTime:0.0003s ]
NOTIC: [2] Division by zero D:\xampp\htdocs\jianghu\Application\Admin\Controller\UserController.class.php 第 89 行.
SQL: SELECT `joinnum` FROM `jianghu_daily_num` WHERE `date` = '2016-10-30' LIMIT 1   [ RunTime:0.0003s ]
INFO: [ view_parse ] --START--
INFO: [ template_filter ] --START--
INFO: Run Behavior\ContentReplaceBehavior [ RunTime:0.000042s ]
INFO: [ template_filter ] --END-- [ RunTime:0.000090s ]
NOTIC: [8] Undefined variable: page D:\xampp\htdocs\jianghu\Application\Runtime\Cache\Admin\5920d3b0e70ddfcaac84dc1222d43670.php 第 37 行.
INFO: Run Behavior\ParseTemplateBehavior [ RunTime:0.008752s ]
INFO: [ view_parse ] --END-- [ RunTime:0.008816s ]
INFO: [ view_filter ] --START--
INFO: Run Behavior\WriteHtmlCacheBehavior [ RunTime:0.000781s ]
INFO: [ view_filter ] --END-- [ RunTime:0.000830s ]
INFO: [ app_end ] --START--
INFO: Run Behavior\ShowPageTraceBehavior [ RunTime:0.000936s ]
INFO: [ app_end ] --END-- [ RunTime:0.000980s ]

[ 2016-10-31T16:04:38+08:00 ] ::1 /jianghu/index.php/Admin/user/showDailyNum.html
INFO: [ app_init ] --START--
INFO: Run Behavior\BuildLiteBehavior [ RunTime:0.000015s ]
INFO: [ app_init ] --END-- [ RunTime:0.000584s ]
INFO: [ app_begin ] --START--
INFO: Run Behavior\ReadHtmlCacheBehavior [ RunTime:0.000889s ]
INFO: [ app_begin ] --END-- [ RunTime:0.000950s ]
SQL: SHOW COLUMNS FROM `jianghu_daily_num` [ RunTime:0.0045s ]
SQL: SELECT * FROM `jianghu_daily_num`  [ RunTime:0.0004s ]
NOTIC: [2] Division by zero D:\xampp\htdocs\jianghu\Application\Admin\Controller\UserController.class.php 第 89 行.
SQL: SELECT `joinnum` FROM `jianghu_daily_num` WHERE `date` = '2016-10-11' LIMIT 1   [ RunTime:0.0003s ]
SQL: SELECT `joinnum` FROM `jianghu_daily_num` WHERE `date` = '2016-10-12' LIMIT 1   [ RunTime:0.0002s ]
SQL: SELECT `joinnum` FROM `jianghu_daily_num` WHERE `date` = '2016-10-13' LIMIT 1   [ RunTime:0.0002s ]
SQL: SELECT `joinnum` FROM `jianghu_daily_num` WHERE `date` = '2016-10-14' LIMIT 1   [ RunTime:0.0003s ]
SQL: SELECT `joinnum` FROM `jianghu_daily_num` WHERE `date` = '2016-10-15' LIMIT 1   [ RunTime:0.0003s ]
NOTIC: [2] Division by zero D:\xampp\htdocs\jianghu\Application\Admin\Controller\UserController.class.php 第 89 行.
SQL: SELECT `joinnum` FROM `jianghu_daily_num` WHERE `date` = '2016-10-16' LIMIT 1   [ RunTime:0.0003s ]
SQL: SELECT `joinnum` FROM `jianghu_daily_num` WHERE `date` = '2016-10-21' LIMIT 1   [ RunTime:0.0003s ]
NOTIC: [2] Division by zero D:\xampp\htdocs\jianghu\Application\Admin\Controller\UserController.class.php 第 89 行.
SQL: SELECT `joinnum` FROM `jianghu_daily_num` WHERE `date` = '2016-10-24' LIMIT 1   [ RunTime:0.0003s ]
NOTIC: [2] Division by zero D:\xampp\htdocs\jianghu\Application\Admin\Controller\UserController.class.php 第 89 行.
SQL: SELECT `joinnum` FROM `jianghu_daily_num` WHERE `date` = '2016-10-25' LIMIT 1   [ RunTime:0.0004s ]
NOTIC: [2] Division by zero D:\xampp\htdocs\jianghu\Application\Admin\Controller\UserController.class.php 第 89 行.
SQL: SELECT `joinnum` FROM `jianghu_daily_num` WHERE `date` = '2016-10-26' LIMIT 1   [ RunTime:0.0003s ]
NOTIC: [2] Division by zero D:\xampp\htdocs\jianghu\Application\Admin\Controller\UserController.class.php 第 89 行.
SQL: SELECT `joinnum` FROM `jianghu_daily_num` WHERE `date` = '2016-10-30' LIMIT 1   [ RunTime:0.0003s ]
INFO: [ view_parse ] --START--
INFO: [ template_filter ] --START--
INFO: Run Behavior\ContentReplaceBehavior [ RunTime:0.000040s ]
INFO: [ template_filter ] --END-- [ RunTime:0.000093s ]
NOTIC: [8] Undefined variable: page D:\xampp\htdocs\jianghu\Application\Runtime\Cache\Admin\5920d3b0e70ddfcaac84dc1222d43670.php 第 37 行.
INFO: Run Behavior\ParseTemplateBehavior [ RunTime:0.008081s ]
INFO: [ view_parse ] --END-- [ RunTime:0.008178s ]
INFO: [ view_filter ] --START--
INFO: Run Behavior\WriteHtmlCacheBehavior [ RunTime:0.000943s ]
INFO: [ view_filter ] --END-- [ RunTime:0.001007s ]
INFO: [ app_end ] --START--
INFO: Run Behavior\ShowPageTraceBehavior [ RunTime:0.000957s ]
INFO: [ app_end ] --END-- [ RunTime:0.001004s ]

[ 2016-10-31T16:06:40+08:00 ] ::1 /jianghu/index.php/Admin/user/showDailyNum.html
INFO: [ app_init ] --START--
INFO: Run Behavior\BuildLiteBehavior [ RunTime:0.000013s ]
INFO: [ app_init ] --END-- [ RunTime:0.000601s ]
INFO: [ app_begin ] --START--
INFO: Run Behavior\ReadHtmlCacheBehavior [ RunTime:0.000939s ]
INFO: [ app_begin ] --END-- [ RunTime:0.001006s ]
SQL: SHOW COLUMNS FROM `jianghu_daily_num` [ RunTime:0.0032s ]
SQL: SELECT * FROM `jianghu_daily_num`  [ RunTime:0.0004s ]
NOTIC: [2] Division by zero D:\xampp\htdocs\jianghu\Application\Admin\Controller\UserController.class.php 第 89 行.
SQL: SELECT `joinnum` FROM `jianghu_daily_num` WHERE `date` = '2016-10-11' LIMIT 1   [ RunTime:0.0003s ]
SQL: SELECT `joinnum` FROM `jianghu_daily_num` WHERE `date` = '2016-10-12' LIMIT 1   [ RunTime:0.0003s ]
SQL: SELECT `joinnum` FROM `jianghu_daily_num` WHERE `date` = '2016-10-13' LIMIT 1   [ RunTime:0.0003s ]
SQL: SELECT `joinnum` FROM `jianghu_daily_num` WHERE `date` = '2016-10-14' LIMIT 1   [ RunTime:0.0003s ]
SQL: SELECT `joinnum` FROM `jianghu_daily_num` WHERE `date` = '2016-10-15' LIMIT 1   [ RunTime:0.0003s ]
NOTIC: [2] Division by zero D:\xampp\htdocs\jianghu\Application\Admin\Controller\UserController.class.php 第 89 行.
SQL: SELECT `joinnum` FROM `jianghu_daily_num` WHERE `date` = '2016-10-16' LIMIT 1   [ RunTime:0.0003s ]
SQL: SELECT `joinnum` FROM `jianghu_daily_num` WHERE `date` = '2016-10-21' LIMIT 1   [ RunTime:0.0003s ]
NOTIC: [2] Division by zero D:\xampp\htdocs\jianghu\Application\Admin\Controller\UserController.class.php 第 89 行.
SQL: SELECT `joinnum` FROM `jianghu_daily_num` WHERE `date` = '2016-10-24' LIMIT 1   [ RunTime:0.0003s ]
NOTIC: [2] Division by zero D:\xampp\htdocs\jianghu\Application\Admin\Controller\UserController.class.php 第 89 行.
SQL: SELECT `joinnum` FROM `jianghu_daily_num` WHERE `date` = '2016-10-25' LIMIT 1   [ RunTime:0.0003s ]
NOTIC: [2] Division by zero D:\xampp\htdocs\jianghu\Application\Admin\Controller\UserController.class.php 第 89 行.
SQL: SELECT `joinnum` FROM `jianghu_daily_num` WHERE `date` = '2016-10-26' LIMIT 1   [ RunTime:0.0003s ]
NOTIC: [2] Division by zero D:\xampp\htdocs\jianghu\Application\Admin\Controller\UserController.class.php 第 89 行.
SQL: SELECT `joinnum` FROM `jianghu_daily_num` WHERE `date` = '2016-10-30' LIMIT 1   [ RunTime:0.0003s ]
INFO: [ view_parse ] --START--
INFO: [ template_filter ] --START--
INFO: Run Behavior\ContentReplaceBehavior [ RunTime:0.000042s ]
INFO: [ template_filter ] --END-- [ RunTime:0.000095s ]
NOTIC: [8] Undefined variable: page D:\xampp\htdocs\jianghu\Application\Runtime\Cache\Admin\5920d3b0e70ddfcaac84dc1222d43670.php 第 37 行.
INFO: Run Behavior\ParseTemplateBehavior [ RunTime:0.008312s ]
INFO: [ view_parse ] --END-- [ RunTime:0.008376s ]
INFO: [ view_filter ] --START--
INFO: Run Behavior\WriteHtmlCacheBehavior [ RunTime:0.000746s ]
INFO: [ view_filter ] --END-- [ RunTime:0.000794s ]
INFO: [ app_end ] --START--
INFO: Run Behavior\ShowPageTraceBehavior [ RunTime:0.000924s ]
INFO: [ app_end ] --END-- [ RunTime:0.000967s ]

[ 2016-10-31T22:08:27+08:00 ] ::1 /jianghu/index.php/Admin/user/showDailyNum.html
INFO: [ app_init ] --START--
INFO: Run Behavior\BuildLiteBehavior [ RunTime:0.000013s ]
INFO: [ app_init ] --END-- [ RunTime:0.000464s ]
INFO: [ app_begin ] --START--
INFO: Run Behavior\ReadHtmlCacheBehavior [ RunTime:0.000753s ]
INFO: [ app_begin ] --END-- [ RunTime:0.000807s ]
SQL: SHOW COLUMNS FROM `jianghu_daily_num` [ RunTime:0.0028s ]
SQL: SELECT * FROM `jianghu_daily_num`  [ RunTime:0.0009s ]
NOTIC: [2] Division by zero D:\xampp\htdocs\jianghu\Application\Admin\Controller\UserController.class.php 第 89 行.
SQL: SELECT `joinnum` FROM `jianghu_daily_num` WHERE `date` = '2016-10-11' LIMIT 1   [ RunTime:0.0003s ]
SQL: SELECT `joinnum` FROM `jianghu_daily_num` WHERE `date` = '2016-10-12' LIMIT 1   [ RunTime:0.0003s ]
SQL: SELECT `joinnum` FROM `jianghu_daily_num` WHERE `date` = '2016-10-13' LIMIT 1   [ RunTime:0.0003s ]
SQL: SELECT `joinnum` FROM `jianghu_daily_num` WHERE `date` = '2016-10-14' LIMIT 1   [ RunTime:0.0003s ]
SQL: SELECT `joinnum` FROM `jianghu_daily_num` WHERE `date` = '2016-10-15' LIMIT 1   [ RunTime:0.0003s ]
NOTIC: [2] Division by zero D:\xampp\htdocs\jianghu\Application\Admin\Controller\UserController.class.php 第 89 行.
SQL: SELECT `joinnum` FROM `jianghu_daily_num` WHERE `date` = '2016-10-16' LIMIT 1   [ RunTime:0.0003s ]
SQL: SELECT `joinnum` FROM `jianghu_daily_num` WHERE `date` = '2016-10-21' LIMIT 1   [ RunTime:0.0003s ]
NOTIC: [2] Division by zero D:\xampp\htdocs\jianghu\Application\Admin\Controller\UserController.class.php 第 89 行.
SQL: SELECT `joinnum` FROM `jianghu_daily_num` WHERE `date` = '2016-10-24' LIMIT 1   [ RunTime:0.0003s ]
NOTIC: [2] Division by zero D:\xampp\htdocs\jianghu\Application\Admin\Controller\UserController.class.php 第 89 行.
SQL: SELECT `joinnum` FROM `jianghu_daily_num` WHERE `date` = '2016-10-25' LIMIT 1   [ RunTime:0.0002s ]
NOTIC: [2] Division by zero D:\xampp\htdocs\jianghu\Application\Admin\Controller\UserController.class.php 第 89 行.
SQL: SELECT `joinnum` FROM `jianghu_daily_num` WHERE `date` = '2016-10-26' LIMIT 1   [ RunTime:0.0002s ]
NOTIC: [2] Division by zero D:\xampp\htdocs\jianghu\Application\Admin\Controller\UserController.class.php 第 89 行.
SQL: SELECT `joinnum` FROM `jianghu_daily_num` WHERE `date` = '2016-10-30' LIMIT 1   [ RunTime:0.0002s ]
NOTIC: [2] Division by zero D:\xampp\htdocs\jianghu\Application\Admin\Controller\UserController.class.php 第 89 行.
SQL: SELECT `joinnum` FROM `jianghu_daily_num` WHERE `date` = '2016-10-31' LIMIT 1   [ RunTime:0.0002s ]
INFO: [ view_parse ] --START--
INFO: [ template_filter ] --START--
INFO: Run Behavior\ContentReplaceBehavior [ RunTime:0.000041s ]
INFO: [ template_filter ] --END-- [ RunTime:0.000090s ]
NOTIC: [8] Undefined variable: page D:\xampp\htdocs\jianghu\Application\Runtime\Cache\Admin\5920d3b0e70ddfcaac84dc1222d43670.php 第 37 行.
INFO: Run Behavior\ParseTemplateBehavior [ RunTime:0.010441s ]
INFO: [ view_parse ] --END-- [ RunTime:0.010520s ]
INFO: [ view_filter ] --START--
INFO: Run Behavior\WriteHtmlCacheBehavior [ RunTime:0.000941s ]
INFO: [ view_filter ] --END-- [ RunTime:0.000990s ]
INFO: [ app_end ] --START--
INFO: Run Behavior\ShowPageTraceBehavior [ RunTime:0.001074s ]
INFO: [ app_end ] --END-- [ RunTime:0.001122s ]

[ 2016-10-31T22:08:40+08:00 ] ::1 /jianghu/index.php/Admin/user/showDailyNum.html
INFO: [ app_init ] --START--
INFO: Run Behavior\BuildLiteBehavior [ RunTime:0.000013s ]
INFO: [ app_init ] --END-- [ RunTime:0.000484s ]
INFO: [ app_begin ] --START--
INFO: Run Behavior\ReadHtmlCacheBehavior [ RunTime:0.000730s ]
INFO: [ app_begin ] --END-- [ RunTime:0.000793s ]
SQL: SHOW COLUMNS FROM `jianghu_daily_num` [ RunTime:0.0050s ]
SQL: SELECT * FROM `jianghu_daily_num`  [ RunTime:0.0004s ]
NOTIC: [2] Division by zero D:\xampp\htdocs\jianghu\Application\Admin\Controller\UserController.class.php 第 89 行.
SQL: SELECT `joinnum` FROM `jianghu_daily_num` WHERE `date` = '2016-10-11' LIMIT 1   [ RunTime:0.0003s ]
SQL: SELECT `joinnum` FROM `jianghu_daily_num` WHERE `date` = '2016-10-12' LIMIT 1   [ RunTime:0.0002s ]
SQL: SELECT `joinnum` FROM `jianghu_daily_num` WHERE `date` = '2016-10-13' LIMIT 1   [ RunTime:0.0002s ]
SQL: SELECT `joinnum` FROM `jianghu_daily_num` WHERE `date` = '2016-10-14' LIMIT 1   [ RunTime:0.0003s ]
SQL: SELECT `joinnum` FROM `jianghu_daily_num` WHERE `date` = '2016-10-15' LIMIT 1   [ RunTime:0.0003s ]
NOTIC: [2] Division by zero D:\xampp\htdocs\jianghu\Application\Admin\Controller\UserController.class.php 第 89 行.
SQL: SELECT `joinnum` FROM `jianghu_daily_num` WHERE `date` = '2016-10-16' LIMIT 1   [ RunTime:0.0003s ]
SQL: SELECT `joinnum` FROM `jianghu_daily_num` WHERE `date` = '2016-10-21' LIMIT 1   [ RunTime:0.0003s ]
NOTIC: [2] Division by zero D:\xampp\htdocs\jianghu\Application\Admin\Controller\UserController.class.php 第 89 行.
SQL: SELECT `joinnum` FROM `jianghu_daily_num` WHERE `date` = '2016-10-24' LIMIT 1   [ RunTime:0.0002s ]
NOTIC: [2] Division by zero D:\xampp\htdocs\jianghu\Application\Admin\Controller\UserController.class.php 第 89 行.
SQL: SELECT `joinnum` FROM `jianghu_daily_num` WHERE `date` = '2016-10-25' LIMIT 1   [ RunTime:0.0002s ]
NOTIC: [2] Division by zero D:\xampp\htdocs\jianghu\Application\Admin\Controller\UserController.class.php 第 89 行.
SQL: SELECT `joinnum` FROM `jianghu_daily_num` WHERE `date` = '2016-10-26' LIMIT 1   [ RunTime:0.0002s ]
NOTIC: [2] Division by zero D:\xampp\htdocs\jianghu\Application\Admin\Controller\UserController.class.php 第 89 行.
SQL: SELECT `joinnum` FROM `jianghu_daily_num` WHERE `date` = '2016-10-30' LIMIT 1   [ RunTime:0.0002s ]
NOTIC: [2] Division by zero D:\xampp\htdocs\jianghu\Application\Admin\Controller\UserController.class.php 第 89 行.
SQL: SELECT `joinnum` FROM `jianghu_daily_num` WHERE `date` = '2016-10-31' LIMIT 1   [ RunTime:0.0002s ]
INFO: [ view_parse ] --START--
INFO: [ template_filter ] --START--
INFO: Run Behavior\ContentReplaceBehavior [ RunTime:0.000038s ]
INFO: [ template_filter ] --END-- [ RunTime:0.000090s ]
NOTIC: [8] Undefined variable: page D:\xampp\htdocs\jianghu\Application\Runtime\Cache\Admin\5920d3b0e70ddfcaac84dc1222d43670.php 第 37 行.
INFO: Run Behavior\ParseTemplateBehavior [ RunTime:0.007852s ]
INFO: [ view_parse ] --END-- [ RunTime:0.007921s ]
INFO: [ view_filter ] --START--
INFO: Run Behavior\WriteHtmlCacheBehavior [ RunTime:0.000602s ]
INFO: [ view_filter ] --END-- [ RunTime:0.000645s ]
INFO: [ app_end ] --START--
INFO: Run Behavior\ShowPageTraceBehavior [ RunTime:0.000782s ]
INFO: [ app_end ] --END-- [ RunTime:0.000822s ]

[ 2016-10-31T22:08:52+08:00 ] ::1 /jianghu/index.php/Admin/user/showDailyNum.html
INFO: [ app_init ] --START--
INFO: Run Behavior\BuildLiteBehavior [ RunTime:0.000015s ]
INFO: [ app_init ] --END-- [ RunTime:0.000456s ]
INFO: [ app_begin ] --START--
INFO: Run Behavior\ReadHtmlCacheBehavior [ RunTime:0.000731s ]
INFO: [ app_begin ] --END-- [ RunTime:0.000793s ]
SQL: SHOW COLUMNS FROM `jianghu_daily_num` [ RunTime:0.0031s ]
SQL: SELECT * FROM `jianghu_daily_num`  [ RunTime:0.0004s ]
NOTIC: [2] Division by zero D:\xampp\htdocs\jianghu\Application\Admin\Controller\UserController.class.php 第 89 行.
SQL: SELECT `joinnum` FROM `jianghu_daily_num` WHERE `date` = '2016-10-11' LIMIT 1   [ RunTime:0.0003s ]
SQL: SELECT `joinnum` FROM `jianghu_daily_num` WHERE `date` = '2016-10-12' LIMIT 1   [ RunTime:0.0003s ]
SQL: SELECT `joinnum` FROM `jianghu_daily_num` WHERE `date` = '2016-10-13' LIMIT 1   [ RunTime:0.0002s ]
SQL: SELECT `joinnum` FROM `jianghu_daily_num` WHERE `date` = '2016-10-14' LIMIT 1   [ RunTime:0.0002s ]
SQL: SELECT `joinnum` FROM `jianghu_daily_num` WHERE `date` = '2016-10-15' LIMIT 1   [ RunTime:0.0002s ]
NOTIC: [2] Division by zero D:\xampp\htdocs\jianghu\Application\Admin\Controller\UserController.class.php 第 89 行.
SQL: SELECT `joinnum` FROM `jianghu_daily_num` WHERE `date` = '2016-10-16' LIMIT 1   [ RunTime:0.0002s ]
SQL: SELECT `joinnum` FROM `jianghu_daily_num` WHERE `date` = '2016-10-21' LIMIT 1   [ RunTime:0.0002s ]
NOTIC: [2] Division by zero D:\xampp\htdocs\jianghu\Application\Admin\Controller\UserController.class.php 第 89 行.
SQL: SELECT `joinnum` FROM `jianghu_daily_num` WHERE `date` = '2016-10-24' LIMIT 1   [ RunTime:0.0002s ]
NOTIC: [2] Division by zero D:\xampp\htdocs\jianghu\Application\Admin\Controller\UserController.class.php 第 89 行.
SQL: SELECT `joinnum` FROM `jianghu_daily_num` WHERE `date` = '2016-10-25' LIMIT 1   [ RunTime:0.0002s ]
NOTIC: [2] Division by zero D:\xampp\htdocs\jianghu\Application\Admin\Controller\UserController.class.php 第 89 行.
SQL: SELECT `joinnum` FROM `jianghu_daily_num` WHERE `date` = '2016-10-26' LIMIT 1   [ RunTime:0.0002s ]
NOTIC: [2] Division by zero D:\xampp\htdocs\jianghu\Application\Admin\Controller\UserController.class.php 第 89 行.
SQL: SELECT `joinnum` FROM `jianghu_daily_num` WHERE `date` = '2016-10-30' LIMIT 1   [ RunTime:0.0003s ]
NOTIC: [2] Division by zero D:\xampp\htdocs\jianghu\Application\Admin\Controller\UserController.class.php 第 89 行.
SQL: SELECT `joinnum` FROM `jianghu_daily_num` WHERE `date` = '2016-10-31' LIMIT 1   [ RunTime:0.0003s ]
INFO: [ view_parse ] --START--
INFO: [ template_filter ] --START--
INFO: Run Behavior\ContentReplaceBehavior [ RunTime:0.000054s ]
INFO: [ template_filter ] --END-- [ RunTime:0.000131s ]
NOTIC: [8] Undefined variable: page D:\xampp\htdocs\jianghu\Application\Runtime\Cache\Admin\5920d3b0e70ddfcaac84dc1222d43670.php 第 37 行.
INFO: Run Behavior\ParseTemplateBehavior [ RunTime:0.010600s ]
INFO: [ view_parse ] --END-- [ RunTime:0.010666s ]
INFO: [ view_filter ] --START--
INFO: Run Behavior\WriteHtmlCacheBehavior [ RunTime:0.000647s ]
INFO: [ view_filter ] --END-- [ RunTime:0.000693s ]
INFO: [ app_end ] --START--
INFO: Run Behavior\ShowPageTraceBehavior [ RunTime:0.000761s ]
INFO: [ app_end ] --END-- [ RunTime:0.000805s ]

[ 2016-10-31T22:15:24+08:00 ] ::1 /jianghu/index.php/Admin/user/showDailyNum.html
INFO: [ app_init ] --START--
INFO: Run Behavior\BuildLiteBehavior [ RunTime:0.000014s ]
INFO: [ app_init ] --END-- [ RunTime:0.000463s ]
INFO: [ app_begin ] --START--
INFO: Run Behavior\ReadHtmlCacheBehavior [ RunTime:0.000805s ]
INFO: [ app_begin ] --END-- [ RunTime:0.000866s ]
SQL: SHOW COLUMNS FROM `jianghu_daily_num` [ RunTime:0.0299s ]
SQL: SELECT * FROM `jianghu_daily_num`  [ RunTime:0.0004s ]
NOTIC: [2] Division by zero D:\xampp\htdocs\jianghu\Application\Admin\Controller\UserController.class.php 第 89 行.
SQL: SELECT `joinnum` FROM `jianghu_daily_num` WHERE `date` = '2016-10-11' LIMIT 1   [ RunTime:0.0003s ]
SQL: SELECT `joinnum` FROM `jianghu_daily_num` WHERE `date` = '2016-10-12' LIMIT 1   [ RunTime:0.0003s ]
SQL: SELECT `joinnum` FROM `jianghu_daily_num` WHERE `date` = '2016-10-13' LIMIT 1   [ RunTime:0.0002s ]
SQL: SELECT `joinnum` FROM `jianghu_daily_num` WHERE `date` = '2016-10-14' LIMIT 1   [ RunTime:0.0002s ]
SQL: SELECT `joinnum` FROM `jianghu_daily_num` WHERE `date` = '2016-10-15' LIMIT 1   [ RunTime:0.0002s ]
NOTIC: [2] Division by zero D:\xampp\htdocs\jianghu\Application\Admin\Controller\UserController.class.php 第 89 行.
SQL: SELECT `joinnum` FROM `jianghu_daily_num` WHERE `date` = '2016-10-16' LIMIT 1   [ RunTime:0.0002s ]
SQL: SELECT `joinnum` FROM `jianghu_daily_num` WHERE `date` = '2016-10-21' LIMIT 1   [ RunTime:0.0002s ]
NOTIC: [2] Division by zero D:\xampp\htdocs\jianghu\Application\Admin\Controller\UserController.class.php 第 89 行.
SQL: SELECT `joinnum` FROM `jianghu_daily_num` WHERE `date` = '2016-10-24' LIMIT 1   [ RunTime:0.0002s ]
NOTIC: [2] Division by zero D:\xampp\htdocs\jianghu\Application\Admin\Controller\UserController.class.php 第 89 行.
SQL: SELECT `joinnum` FROM `jianghu_daily_num` WHERE `date` = '2016-10-25' LIMIT 1   [ RunTime:0.0004s ]
NOTIC: [2] Division by zero D:\xampp\htdocs\jianghu\Application\Admin\Controller\UserController.class.php 第 89 行.
SQL: SELECT `joinnum` FROM `jianghu_daily_num` WHERE `date` = '2016-10-26' LIMIT 1   [ RunTime:0.0003s ]
NOTIC: [2] Division by zero D:\xampp\htdocs\jianghu\Application\Admin\Controller\UserController.class.php 第 89 行.
SQL: SELECT `joinnum` FROM `jianghu_daily_num` WHERE `date` = '2016-10-30' LIMIT 1   [ RunTime:0.0003s ]
NOTIC: [2] Division by zero D:\xampp\htdocs\jianghu\Application\Admin\Controller\UserController.class.php 第 89 行.
SQL: SELECT `joinnum` FROM `jianghu_daily_num` WHERE `date` = '2016-10-31' LIMIT 1   [ RunTime:0.0003s ]
INFO: [ view_parse ] --START--
INFO: [ template_filter ] --START--
INFO: Run Behavior\ContentReplaceBehavior [ RunTime:0.000062s ]
INFO: [ template_filter ] --END-- [ RunTime:0.000143s ]
NOTIC: [8] Undefined variable: page D:\xampp\htdocs\jianghu\Application\Runtime\Cache\Admin\5920d3b0e70ddfcaac84dc1222d43670.php 第 37 行.
INFO: Run Behavior\ParseTemplateBehavior [ RunTime:0.007996s ]
INFO: [ view_parse ] --END-- [ RunTime:0.008067s ]
INFO: [ view_filter ] --START--
INFO: Run Behavior\WriteHtmlCacheBehavior [ RunTime:0.000609s ]
INFO: [ view_filter ] --END-- [ RunTime:0.000654s ]
INFO: [ app_end ] --START--
INFO: Run Behavior\ShowPageTraceBehavior [ RunTime:0.000775s ]
INFO: [ app_end ] --END-- [ RunTime:0.000822s ]

