[ 2016-11-15T20:48:57+08:00 ] ::1 /jianghu/index.php/Admin/index/index.html
INFO: [ app_init ] --START--
INFO: Run Behavior\BuildLiteBehavior [ RunTime:0.000024s ]
INFO: [ app_init ] --END-- [ RunTime:0.000725s ]
INFO: [ app_begin ] --START--
INFO: Run Behavior\ReadHtmlCacheBehavior [ RunTime:0.000960s ]
INFO: [ app_begin ] --END-- [ RunTime:0.001057s ]
INFO: [ view_parse ] --START--
INFO: [ template_filter ] --START--
INFO: Run Behavior\ContentReplaceBehavior [ RunTime:0.000066s ]
INFO: [ template_filter ] --END-- [ RunTime:0.000139s ]
INFO: Run Behavior\ParseTemplateBehavior [ RunTime:0.012248s ]
INFO: [ view_parse ] --END-- [ RunTime:0.012324s ]
INFO: [ view_filter ] --START--
INFO: Run Behavior\WriteHtmlCacheBehavior [ RunTime:0.000839s ]
INFO: [ view_filter ] --END-- [ RunTime:0.000887s ]
INFO: [ app_end ] --START--
INFO: Run Behavior\ShowPageTraceBehavior [ RunTime:0.001111s ]
INFO: [ app_end ] --END-- [ RunTime:0.001157s ]

[ 2016-11-15T20:48:57+08:00 ] ::1 /jianghu/index.php/Admin/index/main.html
INFO: [ app_init ] --START--
INFO: Run Behavior\BuildLiteBehavior [ RunTime:0.000020s ]
INFO: [ app_init ] --END-- [ RunTime:0.000876s ]
INFO: [ app_begin ] --START--
INFO: Run Behavior\ReadHtmlCacheBehavior [ RunTime:0.005732s ]
INFO: [ app_begin ] --END-- [ RunTime:0.005862s ]
INFO: [ view_parse ] --START--
INFO: [ template_filter ] --START--
INFO: Run Behavior\ContentReplaceBehavior [ RunTime:0.000057s ]
INFO: [ template_filter ] --END-- [ RunTime:0.000153s ]
INFO: Run Behavior\ParseTemplateBehavior [ RunTime:0.012842s ]
INFO: [ view_parse ] --END-- [ RunTime:0.012945s ]
INFO: [ view_filter ] --START--
INFO: Run Behavior\WriteHtmlCacheBehavior [ RunTime:0.000883s ]
INFO: [ view_filter ] --END-- [ RunTime:0.000952s ]
INFO: [ app_end ] --START--
INFO: Run Behavior\ShowPageTraceBehavior [ RunTime:0.001177s ]
INFO: [ app_end ] --END-- [ RunTime:0.001258s ]

[ 2016-11-15T20:49:01+08:00 ] ::1 /jianghu/index.php/Admin/business/businessList.html
INFO: [ app_init ] --START--
INFO: Run Behavior\BuildLiteBehavior [ RunTime:0.000014s ]
INFO: [ app_init ] --END-- [ RunTime:0.000748s ]
INFO: [ app_begin ] --START--
INFO: Run Behavior\ReadHtmlCacheBehavior [ RunTime:0.000902s ]
INFO: [ app_begin ] --END-- [ RunTime:0.000990s ]
SQL: SHOW COLUMNS FROM `jianghu_business` [ RunTime:0.0038s ]
SQL: SHOW COLUMNS FROM `jianghu_business` [ RunTime:0.0045s ]
SQL: SELECT COUNT(*) AS tp_count FROM jianghu_business b left join jianghu_user u on b.user_id=u.id  WHERE ( state=0 ) LIMIT 1   [ RunTime:0.0005s ]
SQL: SHOW COLUMNS FROM `jianghu_business` [ RunTime:0.0047s ]
SQL: SELECT b.*,u.username FROM jianghu_business b left join jianghu_user u on b.user_id=u.id  WHERE ( state=0 ) ORDER BY joindate desc LIMIT 0,3   [ RunTime:0.0005s ]
INFO: [ view_parse ] --START--
INFO: [ template_filter ] --START--
INFO: Run Behavior\ContentReplaceBehavior [ RunTime:0.000069s ]
INFO: [ template_filter ] --END-- [ RunTime:0.000168s ]
INFO: Run Behavior\ParseTemplateBehavior [ RunTime:0.009693s ]
INFO: [ view_parse ] --END-- [ RunTime:0.009753s ]
INFO: [ view_filter ] --START--
INFO: Run Behavior\WriteHtmlCacheBehavior [ RunTime:0.000679s ]
INFO: [ view_filter ] --END-- [ RunTime:0.000722s ]
INFO: [ app_end ] --START--
INFO: Run Behavior\ShowPageTraceBehavior [ RunTime:0.000865s ]
INFO: [ app_end ] --END-- [ RunTime:0.000909s ]

[ 2016-11-15T20:49:03+08:00 ] ::1 /jianghu/index.php/Admin/Business/businessList/p/2.html
INFO: [ app_init ] --START--
INFO: Run Behavior\BuildLiteBehavior [ RunTime:0.000026s ]
INFO: [ app_init ] --END-- [ RunTime:0.001165s ]
INFO: [ app_begin ] --START--
INFO: Run Behavior\ReadHtmlCacheBehavior [ RunTime:0.001052s ]
INFO: [ app_begin ] --END-- [ RunTime:0.001127s ]
SQL: SHOW COLUMNS FROM `jianghu_business` [ RunTime:0.0253s ]
SQL: SHOW COLUMNS FROM `jianghu_business` [ RunTime:0.0033s ]
SQL: SELECT COUNT(*) AS tp_count FROM jianghu_business b left join jianghu_user u on b.user_id=u.id  WHERE ( state=0 ) LIMIT 1   [ RunTime:0.0004s ]
SQL: SHOW COLUMNS FROM `jianghu_business` [ RunTime:0.0038s ]
SQL: SELECT b.*,u.username FROM jianghu_business b left join jianghu_user u on b.user_id=u.id  WHERE ( state=0 ) ORDER BY joindate desc LIMIT 3,3   [ RunTime:0.0006s ]
INFO: [ view_parse ] --START--
INFO: [ template_filter ] --START--
INFO: Run Behavior\ContentReplaceBehavior [ RunTime:0.000036s ]
INFO: [ template_filter ] --END-- [ RunTime:0.000082s ]
INFO: Run Behavior\ParseTemplateBehavior [ RunTime:0.008753s ]
INFO: [ view_parse ] --END-- [ RunTime:0.008828s ]
INFO: [ view_filter ] --START--
INFO: Run Behavior\WriteHtmlCacheBehavior [ RunTime:0.000646s ]
INFO: [ view_filter ] --END-- [ RunTime:0.000702s ]
INFO: [ app_end ] --START--
INFO: Run Behavior\ShowPageTraceBehavior [ RunTime:0.001688s ]
INFO: [ app_end ] --END-- [ RunTime:0.001777s ]

[ 2016-11-15T20:49:04+08:00 ] ::1 /jianghu/index.php/Admin/Business/businessList/p/1.html
INFO: [ app_init ] --START--
INFO: Run Behavior\BuildLiteBehavior [ RunTime:0.000020s ]
INFO: [ app_init ] --END-- [ RunTime:0.000620s ]
INFO: [ app_begin ] --START--
INFO: Run Behavior\ReadHtmlCacheBehavior [ RunTime:0.000946s ]
INFO: [ app_begin ] --END-- [ RunTime:0.001033s ]
SQL: SHOW COLUMNS FROM `jianghu_business` [ RunTime:0.0059s ]
SQL: SHOW COLUMNS FROM `jianghu_business` [ RunTime:0.0037s ]
SQL: SELECT COUNT(*) AS tp_count FROM jianghu_business b left join jianghu_user u on b.user_id=u.id  WHERE ( state=0 ) LIMIT 1   [ RunTime:0.0004s ]
SQL: SHOW COLUMNS FROM `jianghu_business` [ RunTime:0.0047s ]
SQL: SELECT b.*,u.username FROM jianghu_business b left join jianghu_user u on b.user_id=u.id  WHERE ( state=0 ) ORDER BY joindate desc LIMIT 0,3   [ RunTime:0.0008s ]
INFO: [ view_parse ] --START--
INFO: [ template_filter ] --START--
INFO: Run Behavior\ContentReplaceBehavior [ RunTime:0.000039s ]
INFO: [ template_filter ] --END-- [ RunTime:0.000110s ]
INFO: Run Behavior\ParseTemplateBehavior [ RunTime:0.008766s ]
INFO: [ view_parse ] --END-- [ RunTime:0.008822s ]
INFO: [ view_filter ] --START--
INFO: Run Behavior\WriteHtmlCacheBehavior [ RunTime:0.000683s ]
INFO: [ view_filter ] --END-- [ RunTime:0.000739s ]
INFO: [ app_end ] --START--
INFO: Run Behavior\ShowPageTraceBehavior [ RunTime:0.000782s ]
INFO: [ app_end ] --END-- [ RunTime:0.000823s ]

[ 2016-11-15T20:49:06+08:00 ] ::1 /jianghu/index.php/Admin/Business/businessList/p/2.html
INFO: [ app_init ] --START--
INFO: Run Behavior\BuildLiteBehavior [ RunTime:0.000013s ]
INFO: [ app_init ] --END-- [ RunTime:0.000519s ]
INFO: [ app_begin ] --START--
INFO: Run Behavior\ReadHtmlCacheBehavior [ RunTime:0.000780s ]
INFO: [ app_begin ] --END-- [ RunTime:0.000833s ]
SQL: SHOW COLUMNS FROM `jianghu_business` [ RunTime:0.0036s ]
SQL: SHOW COLUMNS FROM `jianghu_business` [ RunTime:0.0038s ]
SQL: SELECT COUNT(*) AS tp_count FROM jianghu_business b left join jianghu_user u on b.user_id=u.id  WHERE ( state=0 ) LIMIT 1   [ RunTime:0.0005s ]
SQL: SHOW COLUMNS FROM `jianghu_business` [ RunTime:0.0036s ]
SQL: SELECT b.*,u.username FROM jianghu_business b left join jianghu_user u on b.user_id=u.id  WHERE ( state=0 ) ORDER BY joindate desc LIMIT 3,3   [ RunTime:0.0006s ]
INFO: [ view_parse ] --START--
INFO: [ template_filter ] --START--
INFO: Run Behavior\ContentReplaceBehavior [ RunTime:0.000043s ]
INFO: [ template_filter ] --END-- [ RunTime:0.000110s ]
INFO: Run Behavior\ParseTemplateBehavior [ RunTime:0.009522s ]
INFO: [ view_parse ] --END-- [ RunTime:0.009578s ]
INFO: [ view_filter ] --START--
INFO: Run Behavior\WriteHtmlCacheBehavior [ RunTime:0.000671s ]
INFO: [ view_filter ] --END-- [ RunTime:0.000711s ]
INFO: [ app_end ] --START--
INFO: Run Behavior\ShowPageTraceBehavior [ RunTime:0.000896s ]
INFO: [ app_end ] --END-- [ RunTime:0.000943s ]

[ 2016-11-15T20:49:08+08:00 ] ::1 /jianghu/index.php/Admin/business/add.html
INFO: [ app_init ] --START--
INFO: Run Behavior\BuildLiteBehavior [ RunTime:0.000015s ]
INFO: [ app_init ] --END-- [ RunTime:0.000507s ]
INFO: [ app_begin ] --START--
INFO: Run Behavior\ReadHtmlCacheBehavior [ RunTime:0.001240s ]
INFO: [ app_begin ] --END-- [ RunTime:0.001337s ]
INFO: [ view_parse ] --START--
INFO: [ template_filter ] --START--
INFO: Run Behavior\ContentReplaceBehavior [ RunTime:0.000036s ]
INFO: [ template_filter ] --END-- [ RunTime:0.000087s ]
INFO: Run Behavior\ParseTemplateBehavior [ RunTime:0.008993s ]
INFO: [ view_parse ] --END-- [ RunTime:0.009091s ]
INFO: [ view_filter ] --START--
INFO: Run Behavior\WriteHtmlCacheBehavior [ RunTime:0.000911s ]
INFO: [ view_filter ] --END-- [ RunTime:0.000990s ]
INFO: [ app_end ] --START--
INFO: Run Behavior\ShowPageTraceBehavior [ RunTime:0.001557s ]
INFO: [ app_end ] --END-- [ RunTime:0.001628s ]

[ 2016-11-15T20:49:12+08:00 ] ::1 /jianghu/index.php/Admin/business/uncheckList.html
INFO: [ app_init ] --START--
INFO: Run Behavior\BuildLiteBehavior [ RunTime:0.000020s ]
INFO: [ app_init ] --END-- [ RunTime:0.000655s ]
INFO: [ app_begin ] --START--
INFO: Run Behavior\ReadHtmlCacheBehavior [ RunTime:0.000849s ]
INFO: [ app_begin ] --END-- [ RunTime:0.000903s ]
SQL: SHOW COLUMNS FROM `jianghu_business` [ RunTime:0.0048s ]
SQL: SELECT * FROM `jianghu_business` WHERE `state` = 1  [ RunTime:0.0004s ]
INFO: [ view_parse ] --START--
INFO: [ template_filter ] --START--
INFO: Run Behavior\ContentReplaceBehavior [ RunTime:0.000038s ]
INFO: [ template_filter ] --END-- [ RunTime:0.000086s ]
NOTIC: [8] Undefined variable: page D:\xampp\htdocs\jianghu\Application\Runtime\Cache\Admin\309052a032a05a8996bf8f233aeb7cf9.php 第 44 行.
INFO: Run Behavior\ParseTemplateBehavior [ RunTime:0.010707s ]
INFO: [ view_parse ] --END-- [ RunTime:0.010783s ]
INFO: [ view_filter ] --START--
INFO: Run Behavior\WriteHtmlCacheBehavior [ RunTime:0.000781s ]
INFO: [ view_filter ] --END-- [ RunTime:0.000838s ]
INFO: [ app_end ] --START--
INFO: Run Behavior\ShowPageTraceBehavior [ RunTime:0.000894s ]
INFO: [ app_end ] --END-- [ RunTime:0.000942s ]

[ 2016-11-15T20:49:22+08:00 ] ::1 /jianghu/index.php/Admin/business/showdetail.html?id=2
INFO: [ app_init ] --START--
INFO: Run Behavior\BuildLiteBehavior [ RunTime:0.000014s ]
INFO: [ app_init ] --END-- [ RunTime:0.000592s ]
INFO: [ app_begin ] --START--
INFO: Run Behavior\ReadHtmlCacheBehavior [ RunTime:0.000857s ]
INFO: [ app_begin ] --END-- [ RunTime:0.000911s ]
SQL: SHOW COLUMNS FROM `jianghu_business` [ RunTime:0.0050s ]
NOTIC: [8] Use of undefined constant user - assumed 'user' D:\xampp\htdocs\jianghu\Application\Admin\Controller\BusinessController.class.php 第 65 行.
SQL: SHOW COLUMNS FROM `jianghu_user` [ RunTime:0.0051s ]
SQL: SELECT * FROM `jianghu_business` WHERE `id` = 2  [ RunTime:0.0004s ]
SQL: SELECT `user_id` FROM `jianghu_business` WHERE `id` = 2 LIMIT 1   [ RunTime:0.0003s ]
SQL: SELECT `username` FROM `jianghu_user` WHERE `id` = 1 LIMIT 1   [ RunTime:0.0002s ]
INFO: [ view_parse ] --START--
INFO: [ template_filter ] --START--
INFO: Run Behavior\ContentReplaceBehavior [ RunTime:0.000036s ]
INFO: [ template_filter ] --END-- [ RunTime:0.000120s ]
INFO: Run Behavior\ParseTemplateBehavior [ RunTime:0.008773s ]
INFO: [ view_parse ] --END-- [ RunTime:0.008836s ]
INFO: [ view_filter ] --START--
INFO: Run Behavior\WriteHtmlCacheBehavior [ RunTime:0.000739s ]
INFO: [ view_filter ] --END-- [ RunTime:0.000790s ]
INFO: [ app_end ] --START--
INFO: Run Behavior\ShowPageTraceBehavior [ RunTime:0.000889s ]
INFO: [ app_end ] --END-- [ RunTime:0.000931s ]

[ 2016-11-15T20:49:29+08:00 ] ::1 /jianghu/index.php/Admin/business/uncheckList.html
INFO: [ app_init ] --START--
INFO: Run Behavior\BuildLiteBehavior [ RunTime:0.000014s ]
INFO: [ app_init ] --END-- [ RunTime:0.000688s ]
INFO: [ app_begin ] --START--
INFO: Run Behavior\ReadHtmlCacheBehavior [ RunTime:0.001244s ]
INFO: [ app_begin ] --END-- [ RunTime:0.001348s ]
SQL: SHOW COLUMNS FROM `jianghu_business` [ RunTime:0.0053s ]
SQL: SELECT * FROM `jianghu_business` WHERE `state` = 1  [ RunTime:0.0004s ]
INFO: [ view_parse ] --START--
INFO: [ template_filter ] --START--
INFO: Run Behavior\ContentReplaceBehavior [ RunTime:0.000036s ]
INFO: [ template_filter ] --END-- [ RunTime:0.000081s ]
NOTIC: [8] Undefined variable: page D:\xampp\htdocs\jianghu\Application\Runtime\Cache\Admin\309052a032a05a8996bf8f233aeb7cf9.php 第 44 行.
INFO: Run Behavior\ParseTemplateBehavior [ RunTime:0.007884s ]
INFO: [ view_parse ] --END-- [ RunTime:0.007951s ]
INFO: [ view_filter ] --START--
INFO: Run Behavior\WriteHtmlCacheBehavior [ RunTime:0.000662s ]
INFO: [ view_filter ] --END-- [ RunTime:0.000702s ]
INFO: [ app_end ] --START--
INFO: Run Behavior\ShowPageTraceBehavior [ RunTime:0.001101s ]
INFO: [ app_end ] --END-- [ RunTime:0.001164s ]

[ 2016-11-15T22:43:10+08:00 ] ::1 /jianghu/index.php/Admin/introduce/showIntroduce.html
INFO: [ app_init ] --START--
INFO: Run Behavior\BuildLiteBehavior [ RunTime:0.000021s ]
INFO: [ app_init ] --END-- [ RunTime:0.000910s ]
INFO: [ app_begin ] --START--
INFO: Run Behavior\ReadHtmlCacheBehavior [ RunTime:0.001021s ]
INFO: [ app_begin ] --END-- [ RunTime:0.001083s ]
SQL: SHOW COLUMNS FROM `jianghu_introduce` [ RunTime:0.0041s ]
SQL: SHOW COLUMNS FROM `jianghu_introduce_images` [ RunTime:0.0618s ]
SQL: SHOW COLUMNS FROM `jianghu_introduce` [ RunTime:0.0529s ]
SQL: SELECT COUNT(*) AS tp_count FROM jianghu_introduce m left join jianghu_user u on m.user_id=u.id  LIMIT 1   [ RunTime:0.0004s ]
SQL: SHOW COLUMNS FROM `jianghu_introduce` [ RunTime:0.0581s ]
SQL: SELECT m.*,u.username FROM jianghu_introduce m left join jianghu_user u on m.user_id=u.id  ORDER BY time desc LIMIT 0,3   [ RunTime:0.0006s ]
INFO: [ view_parse ] --START--
INFO: [ template_filter ] --START--
INFO: Run Behavior\ContentReplaceBehavior [ RunTime:0.000039s ]
INFO: [ template_filter ] --END-- [ RunTime:0.000083s ]
INFO: Run Behavior\ParseTemplateBehavior [ RunTime:0.010403s ]
INFO: [ view_parse ] --END-- [ RunTime:0.010459s ]
INFO: [ view_filter ] --START--
INFO: Run Behavior\WriteHtmlCacheBehavior [ RunTime:0.000742s ]
INFO: [ view_filter ] --END-- [ RunTime:0.000784s ]
INFO: [ app_end ] --START--
INFO: Run Behavior\ShowPageTraceBehavior [ RunTime:0.000902s ]
INFO: [ app_end ] --END-- [ RunTime:0.000947s ]

[ 2016-11-15T22:43:16+08:00 ] ::1 /jianghu/index.php/Admin/introduce/showdetail.html?id=134
INFO: [ app_init ] --START--
INFO: Run Behavior\BuildLiteBehavior [ RunTime:0.000013s ]
INFO: [ app_init ] --END-- [ RunTime:0.000637s ]
INFO: [ app_begin ] --START--
INFO: Run Behavior\ReadHtmlCacheBehavior [ RunTime:0.001116s ]
INFO: [ app_begin ] --END-- [ RunTime:0.001201s ]
SQL: SHOW COLUMNS FROM `jianghu_introduce` [ RunTime:0.0039s ]
SQL: SHOW COLUMNS FROM `jianghu_introduce_domain` [ RunTime:0.0036s ]
SQL: SHOW COLUMNS FROM `jianghu_introduce_images` [ RunTime:0.0052s ]
SQL: SHOW COLUMNS FROM `jianghu_user` [ RunTime:0.0050s ]
SQL: SELECT * FROM `jianghu_introduce` WHERE `id` = 134  [ RunTime:0.0004s ]
SQL: SELECT `domain` FROM `jianghu_introduce_domain` WHERE `introduce_id` = 134 LIMIT 1   [ RunTime:0.0003s ]
SQL: SELECT `user_id` FROM `jianghu_introduce` WHERE `id` = 134 LIMIT 1   [ RunTime:0.0003s ]
SQL: SELECT `id` FROM `jianghu_introduce` WHERE `id` = 134 LIMIT 1   [ RunTime:0.0003s ]
SQL: SELECT * FROM `jianghu_introduce_images` WHERE `introduce_id` = 134  [ RunTime:0.0003s ]
SQL: SELECT `username` FROM `jianghu_user` WHERE `id` = 3 LIMIT 1   [ RunTime:0.0003s ]
NOTIC: [8] Undefined variable: image D:\xampp\htdocs\jianghu\Application\Admin\Controller\IntroduceController.class.php 第 77 行.
INFO: [ view_parse ] --START--
INFO: [ template_filter ] --START--
INFO: Run Behavior\ContentReplaceBehavior [ RunTime:0.000036s ]
INFO: [ template_filter ] --END-- [ RunTime:0.000090s ]
NOTIC: [8] Undefined variable: original_intro D:\xampp\htdocs\jianghu\Application\Runtime\Cache\Admin\61fa4ba4871a14c6e05e05cfa1aedd59.php 第 55 行.
NOTIC: [8] Undefined variable: original_intro D:\xampp\htdocs\jianghu\Application\Runtime\Cache\Admin\61fa4ba4871a14c6e05e05cfa1aedd59.php 第 55 行.
INFO: Run Behavior\ParseTemplateBehavior [ RunTime:0.011255s ]
INFO: [ view_parse ] --END-- [ RunTime:0.011405s ]
INFO: [ view_filter ] --START--
INFO: Run Behavior\WriteHtmlCacheBehavior [ RunTime:0.000735s ]
INFO: [ view_filter ] --END-- [ RunTime:0.000778s ]
INFO: [ app_end ] --START--
INFO: Run Behavior\ShowPageTraceBehavior [ RunTime:0.000901s ]
INFO: [ app_end ] --END-- [ RunTime:0.000944s ]

