[ 2016-10-27T00:14:21+08:00 ] ::1 /jianghu/index.php/Admin/introduce/showIntroduce.html
INFO: [ app_init ] --START--
INFO: Run Behavior\BuildLiteBehavior [ RunTime:0.000013s ]
INFO: [ app_init ] --END-- [ RunTime:0.000524s ]
INFO: [ app_begin ] --START--
INFO: Run Behavior\ReadHtmlCacheBehavior [ RunTime:0.001562s ]
INFO: [ app_begin ] --END-- [ RunTime:0.001647s ]
SQL: SHOW COLUMNS FROM `jianghu_introduce` [ RunTime:0.0069s ]
SQL: SHOW COLUMNS FROM `jianghu_introduce_images` [ RunTime:0.0035s ]
SQL: SHOW COLUMNS FROM `jianghu_introduce` [ RunTime:0.0033s ]
SQL: SELECT COUNT(*) AS tp_count FROM jianghu_introduce m left join jianghu_user u on m.user_id=u.id  LIMIT 1   [ RunTime:0.0004s ]
SQL: SHOW COLUMNS FROM `jianghu_introduce` [ RunTime:0.0054s ]
SQL: SELECT m.*,u.username FROM jianghu_introduce m left join jianghu_user u on m.user_id=u.id  ORDER BY time desc LIMIT 0,3   [ RunTime:0.0007s ]
INFO: [ view_parse ] --START--
INFO: [ template_filter ] --START--
INFO: Run Behavior\ContentReplaceBehavior [ RunTime:0.000039s ]
INFO: [ template_filter ] --END-- [ RunTime:0.000108s ]
INFO: Run Behavior\ParseTemplateBehavior [ RunTime:0.007846s ]
INFO: [ view_parse ] --END-- [ RunTime:0.007901s ]
INFO: [ view_filter ] --START--
INFO: Run Behavior\WriteHtmlCacheBehavior [ RunTime:0.000662s ]
INFO: [ view_filter ] --END-- [ RunTime:0.000703s ]
INFO: [ app_end ] --START--
INFO: Run Behavior\ShowPageTraceBehavior [ RunTime:0.000737s ]
INFO: [ app_end ] --END-- [ RunTime:0.000775s ]

[ 2016-10-27T00:14:23+08:00 ] ::1 /jianghu/index.php/Admin/introduce/showdetail.html?id=76
INFO: [ app_init ] --START--
INFO: Run Behavior\BuildLiteBehavior [ RunTime:0.000014s ]
INFO: [ app_init ] --END-- [ RunTime:0.000535s ]
INFO: [ app_begin ] --START--
INFO: Run Behavior\ReadHtmlCacheBehavior [ RunTime:0.000717s ]
INFO: [ app_begin ] --END-- [ RunTime:0.000763s ]
SQL: SHOW COLUMNS FROM `jianghu_introduce` [ RunTime:0.0044s ]
SQL: SHOW COLUMNS FROM `jianghu_introduce_domain` [ RunTime:0.0032s ]
SQL: SHOW COLUMNS FROM `jianghu_introduce_images` [ RunTime:0.0033s ]
SQL: SHOW COLUMNS FROM `jianghu_user` [ RunTime:0.0035s ]
SQL: SELECT * FROM `jianghu_introduce` WHERE `id` = 76  [ RunTime:0.0014s ]
SQL: SELECT * FROM `jianghu_introduce_domain` WHERE `introduce_id` = 76  [ RunTime:0.0003s ]
SQL: SELECT `user_id` FROM `jianghu_introduce` WHERE `id` = 76 LIMIT 1   [ RunTime:0.0002s ]
SQL: SELECT `id` FROM `jianghu_introduce` WHERE `id` = 76 LIMIT 1   [ RunTime:0.0002s ]
SQL: SELECT * FROM `jianghu_introduce_images` WHERE `introduce_id` = 76  [ RunTime:0.0003s ]
SQL: SELECT `username` FROM `jianghu_user` WHERE `id` = 17 LIMIT 1   [ RunTime:0.0002s ]
NOTIC: [8] Undefined variable: image D:\xampp\htdocs\jianghu\Application\Admin\Controller\IntroduceController.class.php 第 75 行.
INFO: [ view_parse ] --START--
INFO: [ template_filter ] --START--
INFO: Run Behavior\ContentReplaceBehavior [ RunTime:0.000042s ]
INFO: [ template_filter ] --END-- [ RunTime:0.000094s ]
INFO: Run Behavior\ParseTemplateBehavior [ RunTime:0.009837s ]
INFO: [ view_parse ] --END-- [ RunTime:0.009890s ]
INFO: [ view_filter ] --START--
INFO: Run Behavior\WriteHtmlCacheBehavior [ RunTime:0.000585s ]
INFO: [ view_filter ] --END-- [ RunTime:0.000631s ]
INFO: [ app_end ] --START--
INFO: Run Behavior\ShowPageTraceBehavior [ RunTime:0.000844s ]
INFO: [ app_end ] --END-- [ RunTime:0.000895s ]

[ 2016-10-27T00:14:27+08:00 ] ::1 /jianghu/index.php/Admin/index/index.html
INFO: [ app_init ] --START--
INFO: Run Behavior\BuildLiteBehavior [ RunTime:0.000012s ]
INFO: [ app_init ] --END-- [ RunTime:0.000483s ]
INFO: [ app_begin ] --START--
INFO: Run Behavior\ReadHtmlCacheBehavior [ RunTime:0.000731s ]
INFO: [ app_begin ] --END-- [ RunTime:0.000786s ]
INFO: [ view_parse ] --START--
INFO: [ template_filter ] --START--
INFO: Run Behavior\ContentReplaceBehavior [ RunTime:0.000039s ]
INFO: [ template_filter ] --END-- [ RunTime:0.000089s ]
INFO: Run Behavior\ParseTemplateBehavior [ RunTime:0.007881s ]
INFO: [ view_parse ] --END-- [ RunTime:0.007949s ]
INFO: [ view_filter ] --START--
INFO: Run Behavior\WriteHtmlCacheBehavior [ RunTime:0.000763s ]
INFO: [ view_filter ] --END-- [ RunTime:0.000828s ]
INFO: [ app_end ] --START--
INFO: Run Behavior\ShowPageTraceBehavior [ RunTime:0.001540s ]
INFO: [ app_end ] --END-- [ RunTime:0.001799s ]

[ 2016-10-27T00:14:28+08:00 ] ::1 /jianghu/index.php/Admin/index/main.html
INFO: [ app_init ] --START--
INFO: Run Behavior\BuildLiteBehavior [ RunTime:0.000016s ]
INFO: [ app_init ] --END-- [ RunTime:0.000638s ]
INFO: [ app_begin ] --START--
INFO: Run Behavior\ReadHtmlCacheBehavior [ RunTime:0.001026s ]
INFO: [ app_begin ] --END-- [ RunTime:0.001165s ]
INFO: [ view_parse ] --START--
INFO: [ template_filter ] --START--
INFO: Run Behavior\ContentReplaceBehavior [ RunTime:0.000037s ]
INFO: [ template_filter ] --END-- [ RunTime:0.000085s ]
INFO: Run Behavior\ParseTemplateBehavior [ RunTime:0.007822s ]
INFO: [ view_parse ] --END-- [ RunTime:0.007882s ]
INFO: [ view_filter ] --START--
INFO: Run Behavior\WriteHtmlCacheBehavior [ RunTime:0.000805s ]
INFO: [ view_filter ] --END-- [ RunTime:0.000860s ]
INFO: [ app_end ] --START--
INFO: Run Behavior\ShowPageTraceBehavior [ RunTime:0.001682s ]
INFO: [ app_end ] --END-- [ RunTime:0.001771s ]

[ 2016-10-27T00:14:31+08:00 ] ::1 /jianghu/index.php/Admin/introduce/showIntroduce.html
INFO: [ app_init ] --START--
INFO: Run Behavior\BuildLiteBehavior [ RunTime:0.000023s ]
INFO: [ app_init ] --END-- [ RunTime:0.000911s ]
INFO: [ app_begin ] --START--
INFO: Run Behavior\ReadHtmlCacheBehavior [ RunTime:0.000769s ]
INFO: [ app_begin ] --END-- [ RunTime:0.000826s ]
SQL: SHOW COLUMNS FROM `jianghu_introduce` [ RunTime:0.0040s ]
SQL: SHOW COLUMNS FROM `jianghu_introduce_images` [ RunTime:0.0039s ]
SQL: SHOW COLUMNS FROM `jianghu_introduce` [ RunTime:0.0042s ]
SQL: SELECT COUNT(*) AS tp_count FROM jianghu_introduce m left join jianghu_user u on m.user_id=u.id  LIMIT 1   [ RunTime:0.0005s ]
SQL: SHOW COLUMNS FROM `jianghu_introduce` [ RunTime:0.0042s ]
SQL: SELECT m.*,u.username FROM jianghu_introduce m left join jianghu_user u on m.user_id=u.id  ORDER BY time desc LIMIT 0,3   [ RunTime:0.0006s ]
INFO: [ view_parse ] --START--
INFO: [ template_filter ] --START--
INFO: Run Behavior\ContentReplaceBehavior [ RunTime:0.000041s ]
INFO: [ template_filter ] --END-- [ RunTime:0.000094s ]
INFO: Run Behavior\ParseTemplateBehavior [ RunTime:0.009488s ]
INFO: [ view_parse ] --END-- [ RunTime:0.009561s ]
INFO: [ view_filter ] --START--
INFO: Run Behavior\WriteHtmlCacheBehavior [ RunTime:0.000582s ]
INFO: [ view_filter ] --END-- [ RunTime:0.000621s ]
INFO: [ app_end ] --START--
INFO: Run Behavior\ShowPageTraceBehavior [ RunTime:0.000686s ]
INFO: [ app_end ] --END-- [ RunTime:0.000721s ]

[ 2016-10-27T00:14:32+08:00 ] ::1 /jianghu/index.php/Admin/introduce/showdetail.html?id=76
INFO: [ app_init ] --START--
INFO: Run Behavior\BuildLiteBehavior [ RunTime:0.000012s ]
INFO: [ app_init ] --END-- [ RunTime:0.000475s ]
INFO: [ app_begin ] --START--
INFO: Run Behavior\ReadHtmlCacheBehavior [ RunTime:0.001713s ]
INFO: [ app_begin ] --END-- [ RunTime:0.001783s ]
SQL: SHOW COLUMNS FROM `jianghu_introduce` [ RunTime:0.0043s ]
SQL: SHOW COLUMNS FROM `jianghu_introduce_domain` [ RunTime:0.0030s ]
SQL: SHOW COLUMNS FROM `jianghu_introduce_images` [ RunTime:0.0043s ]
SQL: SHOW COLUMNS FROM `jianghu_user` [ RunTime:0.0033s ]
SQL: SELECT * FROM `jianghu_introduce` WHERE `id` = 76  [ RunTime:0.0004s ]
SQL: SELECT * FROM `jianghu_introduce_domain` WHERE `introduce_id` = 76  [ RunTime:0.0003s ]
SQL: SELECT `user_id` FROM `jianghu_introduce` WHERE `id` = 76 LIMIT 1   [ RunTime:0.0003s ]
SQL: SELECT `id` FROM `jianghu_introduce` WHERE `id` = 76 LIMIT 1   [ RunTime:0.0003s ]
SQL: SELECT * FROM `jianghu_introduce_images` WHERE `introduce_id` = 76  [ RunTime:0.0003s ]
SQL: SELECT `username` FROM `jianghu_user` WHERE `id` = 17 LIMIT 1   [ RunTime:0.0002s ]
NOTIC: [8] Undefined variable: image D:\xampp\htdocs\jianghu\Application\Admin\Controller\IntroduceController.class.php 第 75 行.
INFO: [ view_parse ] --START--
INFO: [ template_filter ] --START--
INFO: Run Behavior\ContentReplaceBehavior [ RunTime:0.000035s ]
INFO: [ template_filter ] --END-- [ RunTime:0.000080s ]
INFO: Run Behavior\ParseTemplateBehavior [ RunTime:0.009198s ]
INFO: [ view_parse ] --END-- [ RunTime:0.009294s ]
INFO: [ view_filter ] --START--
INFO: Run Behavior\WriteHtmlCacheBehavior [ RunTime:0.000717s ]
INFO: [ view_filter ] --END-- [ RunTime:0.000771s ]
INFO: [ app_end ] --START--
INFO: Run Behavior\ShowPageTraceBehavior [ RunTime:0.001117s ]
INFO: [ app_end ] --END-- [ RunTime:0.001200s ]

[ 2016-10-27T00:16:09+08:00 ] ::1 /jianghu/index.php/Admin/index/index.html
INFO: [ app_init ] --START--
INFO: Run Behavior\BuildLiteBehavior [ RunTime:0.000020s ]
INFO: [ app_init ] --END-- [ RunTime:0.000896s ]
INFO: [ app_begin ] --START--
INFO: Run Behavior\ReadHtmlCacheBehavior [ RunTime:0.000757s ]
INFO: [ app_begin ] --END-- [ RunTime:0.000823s ]
INFO: [ view_parse ] --START--
INFO: [ template_filter ] --START--
INFO: Run Behavior\ContentReplaceBehavior [ RunTime:0.000039s ]
INFO: [ template_filter ] --END-- [ RunTime:0.000089s ]
INFO: Run Behavior\ParseTemplateBehavior [ RunTime:0.008211s ]
INFO: [ view_parse ] --END-- [ RunTime:0.008278s ]
INFO: [ view_filter ] --START--
INFO: Run Behavior\WriteHtmlCacheBehavior [ RunTime:0.000573s ]
INFO: [ view_filter ] --END-- [ RunTime:0.000615s ]
INFO: [ app_end ] --START--
INFO: Run Behavior\ShowPageTraceBehavior [ RunTime:0.002144s ]
INFO: [ app_end ] --END-- [ RunTime:0.002200s ]

[ 2016-10-27T00:16:09+08:00 ] ::1 /jianghu/index.php/Admin/index/main.html
INFO: [ app_init ] --START--
INFO: Run Behavior\BuildLiteBehavior [ RunTime:0.000025s ]
INFO: [ app_init ] --END-- [ RunTime:0.000861s ]
INFO: [ app_begin ] --START--
INFO: Run Behavior\ReadHtmlCacheBehavior [ RunTime:0.001073s ]
INFO: [ app_begin ] --END-- [ RunTime:0.001166s ]
INFO: [ view_parse ] --START--
INFO: [ template_filter ] --START--
INFO: Run Behavior\ContentReplaceBehavior [ RunTime:0.000034s ]
INFO: [ template_filter ] --END-- [ RunTime:0.000089s ]
INFO: Run Behavior\ParseTemplateBehavior [ RunTime:0.009361s ]
INFO: [ view_parse ] --END-- [ RunTime:0.009437s ]
INFO: [ view_filter ] --START--
INFO: Run Behavior\WriteHtmlCacheBehavior [ RunTime:0.000659s ]
INFO: [ view_filter ] --END-- [ RunTime:0.000707s ]
INFO: [ app_end ] --START--
INFO: Run Behavior\ShowPageTraceBehavior [ RunTime:0.000949s ]
INFO: [ app_end ] --END-- [ RunTime:0.001014s ]

[ 2016-10-27T00:16:12+08:00 ] ::1 /jianghu/index.php/Admin/user/showDailyNum.html
INFO: [ app_init ] --START--
INFO: Run Behavior\BuildLiteBehavior [ RunTime:0.000012s ]
INFO: [ app_init ] --END-- [ RunTime:0.000562s ]
INFO: [ app_begin ] --START--
INFO: Run Behavior\ReadHtmlCacheBehavior [ RunTime:0.001136s ]
INFO: [ app_begin ] --END-- [ RunTime:0.001213s ]
SQL: SHOW COLUMNS FROM `jianghu_daily_num` [ RunTime:0.0772s ]
SQL: SELECT * FROM `jianghu_daily_num`  [ RunTime:0.0004s ]
NOTIC: [2] Division by zero D:\xampp\htdocs\jianghu\Application\Admin\Controller\UserController.class.php 第 84 行.
SQL: SELECT `joinnum` FROM `jianghu_daily_num` WHERE `date` = '2016-10-11' LIMIT 1   [ RunTime:0.0003s ]
SQL: SELECT `joinnum` FROM `jianghu_daily_num` WHERE `date` = '2016-10-12' LIMIT 1   [ RunTime:0.0003s ]
SQL: SELECT `joinnum` FROM `jianghu_daily_num` WHERE `date` = '2016-10-13' LIMIT 1   [ RunTime:0.0003s ]
SQL: SELECT `joinnum` FROM `jianghu_daily_num` WHERE `date` = '2016-10-14' LIMIT 1   [ RunTime:0.0003s ]
SQL: SELECT `joinnum` FROM `jianghu_daily_num` WHERE `date` = '2016-10-15' LIMIT 1   [ RunTime:0.0003s ]
NOTIC: [2] Division by zero D:\xampp\htdocs\jianghu\Application\Admin\Controller\UserController.class.php 第 84 行.
SQL: SELECT `joinnum` FROM `jianghu_daily_num` WHERE `date` = '2016-10-16' LIMIT 1   [ RunTime:0.0003s ]
SQL: SELECT `joinnum` FROM `jianghu_daily_num` WHERE `date` = '2016-10-21' LIMIT 1   [ RunTime:0.0003s ]
NOTIC: [2] Division by zero D:\xampp\htdocs\jianghu\Application\Admin\Controller\UserController.class.php 第 84 行.
SQL: SELECT `joinnum` FROM `jianghu_daily_num` WHERE `date` = '2016-10-24' LIMIT 1   [ RunTime:0.0004s ]
NOTIC: [2] Division by zero D:\xampp\htdocs\jianghu\Application\Admin\Controller\UserController.class.php 第 84 行.
SQL: SELECT `joinnum` FROM `jianghu_daily_num` WHERE `date` = '2016-10-25' LIMIT 1   [ RunTime:0.0003s ]
NOTIC: [2] Division by zero D:\xampp\htdocs\jianghu\Application\Admin\Controller\UserController.class.php 第 84 行.
SQL: SELECT `joinnum` FROM `jianghu_daily_num` WHERE `date` = '2016-10-26' LIMIT 1   [ RunTime:0.0004s ]
INFO: [ view_parse ] --START--
INFO: [ template_filter ] --START--
INFO: Run Behavior\ContentReplaceBehavior [ RunTime:0.000055s ]
INFO: [ template_filter ] --END-- [ RunTime:0.000108s ]
NOTIC: [8] Undefined variable: page D:\xampp\htdocs\jianghu\Application\Runtime\Cache\Admin\5920d3b0e70ddfcaac84dc1222d43670.php 第 37 行.
INFO: Run Behavior\ParseTemplateBehavior [ RunTime:0.007596s ]
INFO: [ view_parse ] --END-- [ RunTime:0.007669s ]
INFO: [ view_filter ] --START--
INFO: Run Behavior\WriteHtmlCacheBehavior [ RunTime:0.000598s ]
INFO: [ view_filter ] --END-- [ RunTime:0.000651s ]
INFO: [ app_end ] --START--
INFO: Run Behavior\ShowPageTraceBehavior [ RunTime:0.001023s ]
INFO: [ app_end ] --END-- [ RunTime:0.001110s ]

[ 2016-10-27T00:16:15+08:00 ] ::1 /jianghu/index.php/Admin/introduce/showIntroduce.html
INFO: [ app_init ] --START--
INFO: Run Behavior\BuildLiteBehavior [ RunTime:0.000013s ]
INFO: [ app_init ] --END-- [ RunTime:0.000596s ]
INFO: [ app_begin ] --START--
INFO: Run Behavior\ReadHtmlCacheBehavior [ RunTime:0.000790s ]
INFO: [ app_begin ] --END-- [ RunTime:0.000870s ]
SQL: SHOW COLUMNS FROM `jianghu_introduce` [ RunTime:0.0067s ]
SQL: SHOW COLUMNS FROM `jianghu_introduce_images` [ RunTime:0.0035s ]
SQL: SHOW COLUMNS FROM `jianghu_introduce` [ RunTime:0.0032s ]
SQL: SELECT COUNT(*) AS tp_count FROM jianghu_introduce m left join jianghu_user u on m.user_id=u.id  LIMIT 1   [ RunTime:0.0004s ]
SQL: SHOW COLUMNS FROM `jianghu_introduce` [ RunTime:0.0047s ]
SQL: SELECT m.*,u.username FROM jianghu_introduce m left join jianghu_user u on m.user_id=u.id  ORDER BY time desc LIMIT 0,3   [ RunTime:0.0005s ]
INFO: [ view_parse ] --START--
INFO: [ template_filter ] --START--
INFO: Run Behavior\ContentReplaceBehavior [ RunTime:0.000052s ]
INFO: [ template_filter ] --END-- [ RunTime:0.000106s ]
INFO: Run Behavior\ParseTemplateBehavior [ RunTime:0.008798s ]
INFO: [ view_parse ] --END-- [ RunTime:0.008876s ]
INFO: [ view_filter ] --START--
INFO: Run Behavior\WriteHtmlCacheBehavior [ RunTime:0.000599s ]
INFO: [ view_filter ] --END-- [ RunTime:0.000638s ]
INFO: [ app_end ] --START--
INFO: Run Behavior\ShowPageTraceBehavior [ RunTime:0.000817s ]
INFO: [ app_end ] --END-- [ RunTime:0.000861s ]

[ 2016-10-27T00:16:17+08:00 ] ::1 /jianghu/index.php/Admin/introduce/showdetail.html?id=76
INFO: [ app_init ] --START--
INFO: Run Behavior\BuildLiteBehavior [ RunTime:0.000015s ]
INFO: [ app_init ] --END-- [ RunTime:0.000610s ]
INFO: [ app_begin ] --START--
INFO: Run Behavior\ReadHtmlCacheBehavior [ RunTime:0.000874s ]
INFO: [ app_begin ] --END-- [ RunTime:0.000938s ]
SQL: SHOW COLUMNS FROM `jianghu_introduce` [ RunTime:0.0056s ]
SQL: SHOW COLUMNS FROM `jianghu_introduce_domain` [ RunTime:0.0032s ]
SQL: SHOW COLUMNS FROM `jianghu_introduce_images` [ RunTime:0.0033s ]
SQL: SHOW COLUMNS FROM `jianghu_user` [ RunTime:0.0031s ]
SQL: SELECT * FROM `jianghu_introduce` WHERE `id` = 76  [ RunTime:0.0004s ]
SQL: SELECT * FROM `jianghu_introduce_domain` WHERE `introduce_id` = 76  [ RunTime:0.0003s ]
SQL: SELECT `user_id` FROM `jianghu_introduce` WHERE `id` = 76 LIMIT 1   [ RunTime:0.0005s ]
SQL: SELECT `id` FROM `jianghu_introduce` WHERE `id` = 76 LIMIT 1   [ RunTime:0.0003s ]
SQL: SELECT * FROM `jianghu_introduce_images` WHERE `introduce_id` = 76  [ RunTime:0.0004s ]
SQL: SELECT `username` FROM `jianghu_user` WHERE `id` = 17 LIMIT 1   [ RunTime:0.0003s ]
NOTIC: [8] Undefined variable: image D:\xampp\htdocs\jianghu\Application\Admin\Controller\IntroduceController.class.php 第 75 行.
INFO: [ view_parse ] --START--
INFO: [ template_filter ] --START--
INFO: Run Behavior\ContentReplaceBehavior [ RunTime:0.000037s ]
INFO: [ template_filter ] --END-- [ RunTime:0.000082s ]
INFO: Run Behavior\ParseTemplateBehavior [ RunTime:0.008850s ]
INFO: [ view_parse ] --END-- [ RunTime:0.008934s ]
INFO: [ view_filter ] --START--
INFO: Run Behavior\WriteHtmlCacheBehavior [ RunTime:0.000631s ]
INFO: [ view_filter ] --END-- [ RunTime:0.000683s ]
INFO: [ app_end ] --START--
INFO: Run Behavior\ShowPageTraceBehavior [ RunTime:0.001025s ]
INFO: [ app_end ] --END-- [ RunTime:0.001085s ]

[ 2016-10-27T00:18:00+08:00 ] ::1 /jianghu/index.php/Admin/introduce/showIntroduce.html
INFO: [ app_init ] --START--
INFO: Run Behavior\BuildLiteBehavior [ RunTime:0.000013s ]
INFO: [ app_init ] --END-- [ RunTime:0.000597s ]
INFO: [ app_begin ] --START--
INFO: Run Behavior\ReadHtmlCacheBehavior [ RunTime:0.001097s ]
INFO: [ app_begin ] --END-- [ RunTime:0.001173s ]
SQL: SHOW COLUMNS FROM `jianghu_introduce` [ RunTime:0.0043s ]
SQL: SHOW COLUMNS FROM `jianghu_introduce_images` [ RunTime:0.0032s ]
SQL: SHOW COLUMNS FROM `jianghu_introduce` [ RunTime:0.0037s ]
SQL: SELECT COUNT(*) AS tp_count FROM jianghu_introduce m left join jianghu_user u on m.user_id=u.id  LIMIT 1   [ RunTime:0.0004s ]
SQL: SHOW COLUMNS FROM `jianghu_introduce` [ RunTime:0.0069s ]
SQL: SELECT m.*,u.username FROM jianghu_introduce m left join jianghu_user u on m.user_id=u.id  ORDER BY time desc LIMIT 0,3   [ RunTime:0.0004s ]
INFO: [ view_parse ] --START--
INFO: [ template_filter ] --START--
INFO: Run Behavior\ContentReplaceBehavior [ RunTime:0.000064s ]
INFO: [ template_filter ] --END-- [ RunTime:0.000136s ]
INFO: Run Behavior\ParseTemplateBehavior [ RunTime:0.010853s ]
INFO: [ view_parse ] --END-- [ RunTime:0.010935s ]
INFO: [ view_filter ] --START--
INFO: Run Behavior\WriteHtmlCacheBehavior [ RunTime:0.000821s ]
INFO: [ view_filter ] --END-- [ RunTime:0.000900s ]
INFO: [ app_end ] --START--
INFO: Run Behavior\ShowPageTraceBehavior [ RunTime:0.001140s ]
INFO: [ app_end ] --END-- [ RunTime:0.001212s ]

[ 2016-10-27T00:18:02+08:00 ] ::1 /jianghu/index.php/Admin/user/userdetails.html?username=huang
INFO: [ app_init ] --START--
INFO: Run Behavior\BuildLiteBehavior [ RunTime:0.000017s ]
INFO: [ app_init ] --END-- [ RunTime:0.000685s ]
INFO: [ app_begin ] --START--
INFO: Run Behavior\ReadHtmlCacheBehavior [ RunTime:0.000747s ]
INFO: [ app_begin ] --END-- [ RunTime:0.000799s ]
SQL: SHOW COLUMNS FROM `jianghu_user` [ RunTime:0.0050s ]
SQL: SELECT * FROM `jianghu_user` WHERE `username` = 'huang'  [ RunTime:0.0004s ]
INFO: [ view_parse ] --START--
INFO: [ template_filter ] --START--
INFO: Run Behavior\ContentReplaceBehavior [ RunTime:0.000049s ]
INFO: [ template_filter ] --END-- [ RunTime:0.000109s ]
NOTIC: [8] Undefined variable: description D:\xampp\htdocs\jianghu\Application\Runtime\Cache\Admin\15c7eebfed225aff2357fe2665153870.php 第 42 行.
INFO: Run Behavior\ParseTemplateBehavior [ RunTime:0.008428s ]
INFO: [ view_parse ] --END-- [ RunTime:0.008493s ]
INFO: [ view_filter ] --START--
INFO: Run Behavior\WriteHtmlCacheBehavior [ RunTime:0.000675s ]
INFO: [ view_filter ] --END-- [ RunTime:0.000720s ]
INFO: [ app_end ] --START--
INFO: Run Behavior\ShowPageTraceBehavior [ RunTime:0.000770s ]
INFO: [ app_end ] --END-- [ RunTime:0.000815s ]

[ 2016-10-27T00:18:06+08:00 ] ::1 /jianghu/index.php/Admin/search/searchByUid.html?user_id=4
INFO: [ app_init ] --START--
INFO: Run Behavior\BuildLiteBehavior [ RunTime:0.000029s ]
INFO: [ app_init ] --END-- [ RunTime:0.000817s ]
INFO: [ app_begin ] --START--
INFO: Run Behavior\ReadHtmlCacheBehavior [ RunTime:0.001268s ]
INFO: [ app_begin ] --END-- [ RunTime:0.001355s ]

[ 2016-10-27T00:18:06+08:00 ] ::1 /jianghu/index.php/Admin/introduce/showIntroduce/where/u.id%3D4.html
INFO: [ app_init ] --START--
INFO: Run Behavior\BuildLiteBehavior [ RunTime:0.000031s ]
INFO: [ app_init ] --END-- [ RunTime:0.000695s ]
INFO: [ app_begin ] --START--
INFO: Run Behavior\ReadHtmlCacheBehavior [ RunTime:0.000782s ]
INFO: [ app_begin ] --END-- [ RunTime:0.000851s ]
SQL: SHOW COLUMNS FROM `jianghu_introduce` [ RunTime:0.0056s ]
SQL: SHOW COLUMNS FROM `jianghu_introduce_images` [ RunTime:0.0036s ]
SQL: SHOW COLUMNS FROM `jianghu_introduce` [ RunTime:0.0042s ]
SQL: SELECT COUNT(*) AS tp_count FROM jianghu_introduce m left join jianghu_user u on m.user_id=u.id  WHERE ( u.id=4 ) LIMIT 1   [ RunTime:0.0004s ]
SQL: SHOW COLUMNS FROM `jianghu_introduce` [ RunTime:0.0042s ]
SQL: SELECT m.*,u.username FROM jianghu_introduce m left join jianghu_user u on m.user_id=u.id  WHERE ( u.id=4 ) ORDER BY time desc LIMIT 0,3   [ RunTime:0.0005s ]
INFO: [ view_parse ] --START--
INFO: [ template_filter ] --START--
INFO: Run Behavior\ContentReplaceBehavior [ RunTime:0.000042s ]
INFO: [ template_filter ] --END-- [ RunTime:0.000097s ]
INFO: Run Behavior\ParseTemplateBehavior [ RunTime:0.008894s ]
INFO: [ view_parse ] --END-- [ RunTime:0.008955s ]
INFO: [ view_filter ] --START--
INFO: Run Behavior\WriteHtmlCacheBehavior [ RunTime:0.000577s ]
INFO: [ view_filter ] --END-- [ RunTime:0.000616s ]
INFO: [ app_end ] --START--
INFO: Run Behavior\ShowPageTraceBehavior [ RunTime:0.000672s ]
INFO: [ app_end ] --END-- [ RunTime:0.000721s ]

[ 2016-10-27T00:21:20+08:00 ] ::1 /jianghu/index.php/Admin/introduce/showdetail.html?id=74
INFO: [ app_init ] --START--
INFO: Run Behavior\BuildLiteBehavior [ RunTime:0.000023s ]
INFO: [ app_init ] --END-- [ RunTime:0.001905s ]
INFO: [ app_begin ] --START--
INFO: Run Behavior\ReadHtmlCacheBehavior [ RunTime:0.000830s ]
INFO: [ app_begin ] --END-- [ RunTime:0.000892s ]
SQL: SHOW COLUMNS FROM `jianghu_introduce` [ RunTime:0.0035s ]
SQL: SHOW COLUMNS FROM `jianghu_introduce_domain` [ RunTime:0.0033s ]
SQL: SHOW COLUMNS FROM `jianghu_introduce_images` [ RunTime:0.0033s ]
SQL: SHOW COLUMNS FROM `jianghu_user` [ RunTime:0.0037s ]

[ 2016-10-27T00:21:38+08:00 ] ::1 /jianghu/index.php/Admin/introduce/showdetail.html?id=74
INFO: [ app_init ] --START--
INFO: Run Behavior\BuildLiteBehavior [ RunTime:0.000014s ]
INFO: [ app_init ] --END-- [ RunTime:0.000560s ]
INFO: [ app_begin ] --START--
INFO: Run Behavior\ReadHtmlCacheBehavior [ RunTime:0.000708s ]
INFO: [ app_begin ] --END-- [ RunTime:0.000771s ]
SQL: SHOW COLUMNS FROM `jianghu_introduce` [ RunTime:0.0042s ]
SQL: SHOW COLUMNS FROM `jianghu_introduce_domain` [ RunTime:0.0033s ]
SQL: SHOW COLUMNS FROM `jianghu_introduce_images` [ RunTime:0.0030s ]
SQL: SHOW COLUMNS FROM `jianghu_user` [ RunTime:0.0040s ]
SQL: SELECT * FROM `jianghu_introduce` WHERE `id` = 74  [ RunTime:0.0005s ]
SQL: SELECT * FROM `jianghu_introduce_domain` WHERE `introduce_id` = 74  [ RunTime:0.0004s ]
SQL: SELECT `user_id` FROM `jianghu_introduce` WHERE `id` = 74 LIMIT 1   [ RunTime:0.0003s ]
SQL: SELECT `id` FROM `jianghu_introduce` WHERE `id` = 74 LIMIT 1   [ RunTime:0.0002s ]
SQL: SELECT * FROM `jianghu_introduce_images` WHERE `introduce_id` = 74  [ RunTime:0.0003s ]
SQL: SELECT `username` FROM `jianghu_user` WHERE `id` = 4 LIMIT 1   [ RunTime:0.0003s ]
NOTIC: [8] Undefined variable: image D:\xampp\htdocs\jianghu\Application\Admin\Controller\IntroduceController.class.php 第 76 行.
INFO: [ view_parse ] --START--
INFO: [ template_filter ] --START--
INFO: Run Behavior\ContentReplaceBehavior [ RunTime:0.000040s ]
INFO: [ template_filter ] --END-- [ RunTime:0.000087s ]
INFO: Run Behavior\ParseTemplateBehavior [ RunTime:0.010054s ]
INFO: [ view_parse ] --END-- [ RunTime:0.010108s ]
INFO: [ view_filter ] --START--
INFO: Run Behavior\WriteHtmlCacheBehavior [ RunTime:0.000597s ]
INFO: [ view_filter ] --END-- [ RunTime:0.000633s ]
INFO: [ app_end ] --START--
INFO: Run Behavior\ShowPageTraceBehavior [ RunTime:0.000803s ]
INFO: [ app_end ] --END-- [ RunTime:0.000841s ]

[ 2016-10-27T00:21:40+08:00 ] ::1 /jianghu/index.php/Admin/introduce/showIntroduce/where/u.id%3D4.html
INFO: [ app_init ] --START--
INFO: Run Behavior\BuildLiteBehavior [ RunTime:0.000014s ]
INFO: [ app_init ] --END-- [ RunTime:0.000587s ]
INFO: [ app_begin ] --START--
INFO: Run Behavior\ReadHtmlCacheBehavior [ RunTime:0.000871s ]
INFO: [ app_begin ] --END-- [ RunTime:0.000936s ]
SQL: SHOW COLUMNS FROM `jianghu_introduce` [ RunTime:0.0034s ]
SQL: SHOW COLUMNS FROM `jianghu_introduce_images` [ RunTime:0.0032s ]
SQL: SHOW COLUMNS FROM `jianghu_introduce` [ RunTime:0.0038s ]
SQL: SELECT COUNT(*) AS tp_count FROM jianghu_introduce m left join jianghu_user u on m.user_id=u.id  WHERE ( u.id=4 ) LIMIT 1   [ RunTime:0.0004s ]
SQL: SHOW COLUMNS FROM `jianghu_introduce` [ RunTime:0.0043s ]
SQL: SELECT m.*,u.username FROM jianghu_introduce m left join jianghu_user u on m.user_id=u.id  WHERE ( u.id=4 ) ORDER BY time desc LIMIT 0,3   [ RunTime:0.0006s ]
INFO: [ view_parse ] --START--
INFO: [ template_filter ] --START--
INFO: Run Behavior\ContentReplaceBehavior [ RunTime:0.000047s ]
INFO: [ template_filter ] --END-- [ RunTime:0.000102s ]
INFO: Run Behavior\ParseTemplateBehavior [ RunTime:0.009140s ]
INFO: [ view_parse ] --END-- [ RunTime:0.009240s ]
INFO: [ view_filter ] --START--
INFO: Run Behavior\WriteHtmlCacheBehavior [ RunTime:0.000608s ]
INFO: [ view_filter ] --END-- [ RunTime:0.000646s ]
INFO: [ app_end ] --START--
INFO: Run Behavior\ShowPageTraceBehavior [ RunTime:0.000703s ]
INFO: [ app_end ] --END-- [ RunTime:0.000742s ]

[ 2016-10-27T00:21:43+08:00 ] ::1 /jianghu/index.php/Admin/introduce/showdetail.html?id=74
INFO: [ app_init ] --START--
INFO: Run Behavior\BuildLiteBehavior [ RunTime:0.000012s ]
INFO: [ app_init ] --END-- [ RunTime:0.000462s ]
INFO: [ app_begin ] --START--
INFO: Run Behavior\ReadHtmlCacheBehavior [ RunTime:0.000895s ]
INFO: [ app_begin ] --END-- [ RunTime:0.000977s ]
SQL: SHOW COLUMNS FROM `jianghu_introduce` [ RunTime:0.0033s ]
SQL: SHOW COLUMNS FROM `jianghu_introduce_domain` [ RunTime:0.0063s ]
SQL: SHOW COLUMNS FROM `jianghu_introduce_images` [ RunTime:0.0032s ]
SQL: SHOW COLUMNS FROM `jianghu_user` [ RunTime:0.0032s ]
SQL: SELECT * FROM `jianghu_introduce` WHERE `id` = 74  [ RunTime:0.0003s ]
SQL: SELECT * FROM `jianghu_introduce_domain` WHERE `introduce_id` = 74  [ RunTime:0.0003s ]
SQL: SELECT `user_id` FROM `jianghu_introduce` WHERE `id` = 74 LIMIT 1   [ RunTime:0.0003s ]
SQL: SELECT `id` FROM `jianghu_introduce` WHERE `id` = 74 LIMIT 1   [ RunTime:0.0002s ]
SQL: SELECT * FROM `jianghu_introduce_images` WHERE `introduce_id` = 74  [ RunTime:0.0003s ]
SQL: SELECT `username` FROM `jianghu_user` WHERE `id` = 4 LIMIT 1   [ RunTime:0.0003s ]
NOTIC: [8] Undefined variable: image D:\xampp\htdocs\jianghu\Application\Admin\Controller\IntroduceController.class.php 第 76 行.
INFO: [ view_parse ] --START--
INFO: [ template_filter ] --START--
INFO: Run Behavior\ContentReplaceBehavior [ RunTime:0.000036s ]
INFO: [ template_filter ] --END-- [ RunTime:0.000081s ]
INFO: Run Behavior\ParseTemplateBehavior [ RunTime:0.010475s ]
INFO: [ view_parse ] --END-- [ RunTime:0.010596s ]
INFO: [ view_filter ] --START--
INFO: Run Behavior\WriteHtmlCacheBehavior [ RunTime:0.000573s ]
INFO: [ view_filter ] --END-- [ RunTime:0.000613s ]
INFO: [ app_end ] --START--
INFO: Run Behavior\ShowPageTraceBehavior [ RunTime:0.000648s ]
INFO: [ app_end ] --END-- [ RunTime:0.000682s ]

[ 2016-10-27T00:22:47+08:00 ] ::1 /jianghu/index.php/Admin/introduce/showIntroduce/where/u.id%3D4.html
INFO: [ app_init ] --START--
INFO: Run Behavior\BuildLiteBehavior [ RunTime:0.000011s ]
INFO: [ app_init ] --END-- [ RunTime:0.000460s ]
INFO: [ app_begin ] --START--
INFO: Run Behavior\ReadHtmlCacheBehavior [ RunTime:0.000810s ]
INFO: [ app_begin ] --END-- [ RunTime:0.000877s ]
SQL: SHOW COLUMNS FROM `jianghu_introduce` [ RunTime:0.0063s ]
SQL: SHOW COLUMNS FROM `jianghu_introduce_images` [ RunTime:0.0032s ]
SQL: SHOW COLUMNS FROM `jianghu_introduce` [ RunTime:0.0042s ]
SQL: SELECT COUNT(*) AS tp_count FROM jianghu_introduce m left join jianghu_user u on m.user_id=u.id  WHERE ( u.id=4 ) LIMIT 1   [ RunTime:0.0004s ]
SQL: SHOW COLUMNS FROM `jianghu_introduce` [ RunTime:0.0042s ]
SQL: SELECT m.*,u.username FROM jianghu_introduce m left join jianghu_user u on m.user_id=u.id  WHERE ( u.id=4 ) ORDER BY time desc LIMIT 0,3   [ RunTime:0.0006s ]
INFO: [ view_parse ] --START--
INFO: [ template_filter ] --START--
INFO: Run Behavior\ContentReplaceBehavior [ RunTime:0.000040s ]
INFO: [ template_filter ] --END-- [ RunTime:0.000086s ]
INFO: Run Behavior\ParseTemplateBehavior [ RunTime:0.008807s ]
INFO: [ view_parse ] --END-- [ RunTime:0.008878s ]
INFO: [ view_filter ] --START--
INFO: Run Behavior\WriteHtmlCacheBehavior [ RunTime:0.000643s ]
INFO: [ view_filter ] --END-- [ RunTime:0.000682s ]
INFO: [ app_end ] --START--
INFO: Run Behavior\ShowPageTraceBehavior [ RunTime:0.000806s ]
INFO: [ app_end ] --END-- [ RunTime:0.000848s ]

[ 2016-10-27T00:22:49+08:00 ] ::1 /jianghu/index.php/Admin/introduce/showdetail.html?id=74
INFO: [ app_init ] --START--
INFO: Run Behavior\BuildLiteBehavior [ RunTime:0.000012s ]
INFO: [ app_init ] --END-- [ RunTime:0.000527s ]
INFO: [ app_begin ] --START--
INFO: Run Behavior\ReadHtmlCacheBehavior [ RunTime:0.001004s ]
INFO: [ app_begin ] --END-- [ RunTime:0.001074s ]
SQL: SHOW COLUMNS FROM `jianghu_introduce` [ RunTime:0.0048s ]
SQL: SHOW COLUMNS FROM `jianghu_introduce_domain` [ RunTime:0.0046s ]
SQL: SHOW COLUMNS FROM `jianghu_introduce_images` [ RunTime:0.0031s ]
SQL: SHOW COLUMNS FROM `jianghu_user` [ RunTime:0.0039s ]
SQL: SELECT * FROM `jianghu_introduce` WHERE `id` = 74  [ RunTime:0.0004s ]
SQL: SELECT * FROM `jianghu_introduce_domain` WHERE `introduce_id` = 74  [ RunTime:0.0003s ]
SQL: SELECT `user_id` FROM `jianghu_introduce` WHERE `id` = 74 LIMIT 1   [ RunTime:0.0002s ]
SQL: SELECT `id` FROM `jianghu_introduce` WHERE `id` = 74 LIMIT 1   [ RunTime:0.0002s ]
SQL: SELECT * FROM `jianghu_introduce_images` WHERE `introduce_id` = 74  [ RunTime:0.0003s ]
SQL: SELECT `username` FROM `jianghu_user` WHERE `id` = 4 LIMIT 1   [ RunTime:0.0002s ]
NOTIC: [8] Undefined variable: image D:\xampp\htdocs\jianghu\Application\Admin\Controller\IntroduceController.class.php 第 76 行.
INFO: [ view_parse ] --START--
INFO: [ template_filter ] --START--
INFO: Run Behavior\ContentReplaceBehavior [ RunTime:0.000069s ]
INFO: [ template_filter ] --END-- [ RunTime:0.000156s ]
INFO: Run Behavior\ParseTemplateBehavior [ RunTime:0.010496s ]
INFO: [ view_parse ] --END-- [ RunTime:0.010574s ]
INFO: [ view_filter ] --START--
INFO: Run Behavior\WriteHtmlCacheBehavior [ RunTime:0.000678s ]
INFO: [ view_filter ] --END-- [ RunTime:0.000719s ]
INFO: [ app_end ] --START--
INFO: Run Behavior\ShowPageTraceBehavior [ RunTime:0.000828s ]
INFO: [ app_end ] --END-- [ RunTime:0.000870s ]

[ 2016-10-27T00:22:51+08:00 ] ::1 /jianghu/index.php/Admin/user/userdetails.html?username=huang
INFO: [ app_init ] --START--
INFO: Run Behavior\BuildLiteBehavior [ RunTime:0.000011s ]
INFO: [ app_init ] --END-- [ RunTime:0.000445s ]
INFO: [ app_begin ] --START--
INFO: Run Behavior\ReadHtmlCacheBehavior [ RunTime:0.000899s ]
INFO: [ app_begin ] --END-- [ RunTime:0.000964s ]
SQL: SHOW COLUMNS FROM `jianghu_user` [ RunTime:0.0066s ]
SQL: SELECT * FROM `jianghu_user` WHERE `username` = 'huang'  [ RunTime:0.0004s ]
INFO: [ view_parse ] --START--
INFO: [ template_filter ] --START--
INFO: Run Behavior\ContentReplaceBehavior [ RunTime:0.000038s ]
INFO: [ template_filter ] --END-- [ RunTime:0.000094s ]
NOTIC: [8] Undefined variable: description D:\xampp\htdocs\jianghu\Application\Runtime\Cache\Admin\15c7eebfed225aff2357fe2665153870.php 第 42 行.
INFO: Run Behavior\ParseTemplateBehavior [ RunTime:0.009110s ]
INFO: [ view_parse ] --END-- [ RunTime:0.009188s ]
INFO: [ view_filter ] --START--
INFO: Run Behavior\WriteHtmlCacheBehavior [ RunTime:0.001064s ]
INFO: [ view_filter ] --END-- [ RunTime:0.001212s ]
INFO: [ app_end ] --START--
INFO: Run Behavior\ShowPageTraceBehavior [ RunTime:0.002078s ]
INFO: [ app_end ] --END-- [ RunTime:0.002156s ]

[ 2016-10-27T00:22:53+08:00 ] ::1 /jianghu/index.php/Admin/introduce/showdetail.html?id=74
INFO: [ app_init ] --START--
INFO: Run Behavior\BuildLiteBehavior [ RunTime:0.000012s ]
INFO: [ app_init ] --END-- [ RunTime:0.000573s ]
INFO: [ app_begin ] --START--
INFO: Run Behavior\ReadHtmlCacheBehavior [ RunTime:0.000875s ]
INFO: [ app_begin ] --END-- [ RunTime:0.000930s ]
SQL: SHOW COLUMNS FROM `jianghu_introduce` [ RunTime:0.0051s ]
SQL: SHOW COLUMNS FROM `jianghu_introduce_domain` [ RunTime:0.0032s ]
SQL: SHOW COLUMNS FROM `jianghu_introduce_images` [ RunTime:0.0036s ]
SQL: SHOW COLUMNS FROM `jianghu_user` [ RunTime:0.0062s ]
SQL: SELECT * FROM `jianghu_introduce` WHERE `id` = 74  [ RunTime:0.0004s ]
SQL: SELECT * FROM `jianghu_introduce_domain` WHERE `introduce_id` = 74  [ RunTime:0.0002s ]
SQL: SELECT `user_id` FROM `jianghu_introduce` WHERE `id` = 74 LIMIT 1   [ RunTime:0.0002s ]
SQL: SELECT `id` FROM `jianghu_introduce` WHERE `id` = 74 LIMIT 1   [ RunTime:0.0002s ]
SQL: SELECT * FROM `jianghu_introduce_images` WHERE `introduce_id` = 74  [ RunTime:0.0002s ]
SQL: SELECT `username` FROM `jianghu_user` WHERE `id` = 4 LIMIT 1   [ RunTime:0.0003s ]
NOTIC: [8] Undefined variable: image D:\xampp\htdocs\jianghu\Application\Admin\Controller\IntroduceController.class.php 第 76 行.
INFO: [ view_parse ] --START--
INFO: [ template_filter ] --START--
INFO: Run Behavior\ContentReplaceBehavior [ RunTime:0.000486s ]
INFO: [ template_filter ] --END-- [ RunTime:0.001136s ]
INFO: Run Behavior\ParseTemplateBehavior [ RunTime:0.011832s ]
INFO: [ view_parse ] --END-- [ RunTime:0.011906s ]
INFO: [ view_filter ] --START--
INFO: Run Behavior\WriteHtmlCacheBehavior [ RunTime:0.000567s ]
INFO: [ view_filter ] --END-- [ RunTime:0.000609s ]
INFO: [ app_end ] --START--
INFO: Run Behavior\ShowPageTraceBehavior [ RunTime:0.000880s ]
INFO: [ app_end ] --END-- [ RunTime:0.000921s ]

[ 2016-10-27T00:22:55+08:00 ] ::1 /jianghu/index.php/Admin/introduce/showdetail.html?id=70
INFO: [ app_init ] --START--
INFO: Run Behavior\BuildLiteBehavior [ RunTime:0.000018s ]
INFO: [ app_init ] --END-- [ RunTime:0.000596s ]
INFO: [ app_begin ] --START--
INFO: Run Behavior\ReadHtmlCacheBehavior [ RunTime:0.000885s ]
INFO: [ app_begin ] --END-- [ RunTime:0.000945s ]
SQL: SHOW COLUMNS FROM `jianghu_introduce` [ RunTime:0.0043s ]
SQL: SHOW COLUMNS FROM `jianghu_introduce_domain` [ RunTime:0.0033s ]
SQL: SHOW COLUMNS FROM `jianghu_introduce_images` [ RunTime:0.0032s ]
SQL: SHOW COLUMNS FROM `jianghu_user` [ RunTime:0.0045s ]
SQL: SELECT * FROM `jianghu_introduce` WHERE `id` = 70  [ RunTime:0.0004s ]
SQL: SELECT * FROM `jianghu_introduce_domain` WHERE `introduce_id` = 70  [ RunTime:0.0003s ]
SQL: SELECT `user_id` FROM `jianghu_introduce` WHERE `id` = 70 LIMIT 1   [ RunTime:0.0003s ]
SQL: SELECT `id` FROM `jianghu_introduce` WHERE `id` = 70 LIMIT 1   [ RunTime:0.0003s ]
SQL: SELECT * FROM `jianghu_introduce_images` WHERE `introduce_id` = 70  [ RunTime:0.0004s ]
SQL: SELECT `username` FROM `jianghu_user` WHERE `id` = 19 LIMIT 1   [ RunTime:0.0004s ]
NOTIC: [8] Undefined variable: image D:\xampp\htdocs\jianghu\Application\Admin\Controller\IntroduceController.class.php 第 76 行.
INFO: [ view_parse ] --START--
INFO: [ template_filter ] --START--
INFO: Run Behavior\ContentReplaceBehavior [ RunTime:0.000038s ]
INFO: [ template_filter ] --END-- [ RunTime:0.000081s ]
INFO: Run Behavior\ParseTemplateBehavior [ RunTime:0.008159s ]
INFO: [ view_parse ] --END-- [ RunTime:0.008214s ]
INFO: [ view_filter ] --START--
INFO: Run Behavior\WriteHtmlCacheBehavior [ RunTime:0.000526s ]
INFO: [ view_filter ] --END-- [ RunTime:0.000569s ]
INFO: [ app_end ] --START--
INFO: Run Behavior\ShowPageTraceBehavior [ RunTime:0.000827s ]
INFO: [ app_end ] --END-- [ RunTime:0.000878s ]

[ 2016-10-27T00:23:02+08:00 ] ::1 /jianghu/index.php/Admin/introduce/showdetail.html?id=%E8%BF%99%E6%9D%A1%E6%98%AF%E5%8E%9F%E5%88%9B%E6%8E%A8%E8%8D%90
INFO: [ app_init ] --START--
INFO: Run Behavior\BuildLiteBehavior [ RunTime:0.000013s ]
INFO: [ app_init ] --END-- [ RunTime:0.000581s ]
INFO: [ app_begin ] --START--
INFO: Run Behavior\ReadHtmlCacheBehavior [ RunTime:0.000973s ]
INFO: [ app_begin ] --END-- [ RunTime:0.001045s ]
SQL: SHOW COLUMNS FROM `jianghu_introduce` [ RunTime:0.0033s ]
SQL: SHOW COLUMNS FROM `jianghu_introduce_domain` [ RunTime:0.0034s ]
SQL: SHOW COLUMNS FROM `jianghu_introduce_images` [ RunTime:0.0061s ]
SQL: SHOW COLUMNS FROM `jianghu_user` [ RunTime:0.0057s ]
SQL: SELECT * FROM `jianghu_introduce` WHERE `id` = 0  [ RunTime:0.0004s ]
SQL: SELECT * FROM `jianghu_introduce_domain` WHERE `introduce_id` = 0  [ RunTime:0.0003s ]
SQL: SELECT `user_id` FROM `jianghu_introduce` WHERE `id` = 0 LIMIT 1   [ RunTime:0.0003s ]
SQL: SELECT `id` FROM `jianghu_introduce` WHERE `id` = 0 LIMIT 1   [ RunTime:0.0004s ]
SQL: SELECT * FROM `jianghu_introduce_images` WHERE `introduce_id` = null  [ RunTime:0.0006s ]
SQL: SELECT `username` FROM `jianghu_user` WHERE `id` = null LIMIT 1   [ RunTime:0.0003s ]
NOTIC: [8] Undefined variable: original_intro D:\xampp\htdocs\jianghu\Application\Admin\Controller\IntroduceController.class.php 第 68 行.
NOTIC: [8] Undefined variable: image D:\xampp\htdocs\jianghu\Application\Admin\Controller\IntroduceController.class.php 第 76 行.
INFO: [ view_parse ] --START--
INFO: [ template_filter ] --START--
INFO: Run Behavior\ContentReplaceBehavior [ RunTime:0.000037s ]
INFO: [ template_filter ] --END-- [ RunTime:0.000086s ]
INFO: Run Behavior\ParseTemplateBehavior [ RunTime:0.010435s ]
INFO: [ view_parse ] --END-- [ RunTime:0.010505s ]
INFO: [ view_filter ] --START--
INFO: Run Behavior\WriteHtmlCacheBehavior [ RunTime:0.000658s ]
INFO: [ view_filter ] --END-- [ RunTime:0.000694s ]
INFO: [ app_end ] --START--
INFO: Run Behavior\ShowPageTraceBehavior [ RunTime:0.000743s ]
INFO: [ app_end ] --END-- [ RunTime:0.000780s ]

[ 2016-10-27T00:23:06+08:00 ] ::1 /jianghu/index.php/Admin/introduce/showdetail.html?id=%E8%BF%99%E6%9D%A1%E6%98%AF%E5%8E%9F%E5%88%9B%E6%8E%A8%E8%8D%90
INFO: [ app_init ] --START--
INFO: Run Behavior\BuildLiteBehavior [ RunTime:0.000013s ]
INFO: [ app_init ] --END-- [ RunTime:0.000572s ]
INFO: [ app_begin ] --START--
INFO: Run Behavior\ReadHtmlCacheBehavior [ RunTime:0.001444s ]
INFO: [ app_begin ] --END-- [ RunTime:0.001548s ]
SQL: SHOW COLUMNS FROM `jianghu_introduce` [ RunTime:0.0178s ]
SQL: SHOW COLUMNS FROM `jianghu_introduce_domain` [ RunTime:0.0516s ]
SQL: SHOW COLUMNS FROM `jianghu_introduce_images` [ RunTime:0.0560s ]
SQL: SHOW COLUMNS FROM `jianghu_user` [ RunTime:0.0468s ]
SQL: SELECT * FROM `jianghu_introduce` WHERE `id` = 0  [ RunTime:0.0003s ]
SQL: SELECT * FROM `jianghu_introduce_domain` WHERE `introduce_id` = 0  [ RunTime:0.0003s ]
SQL: SELECT `user_id` FROM `jianghu_introduce` WHERE `id` = 0 LIMIT 1   [ RunTime:0.0002s ]
SQL: SELECT `id` FROM `jianghu_introduce` WHERE `id` = 0 LIMIT 1   [ RunTime:0.0003s ]
SQL: SELECT * FROM `jianghu_introduce_images` WHERE `introduce_id` = null  [ RunTime:0.0003s ]
SQL: SELECT `username` FROM `jianghu_user` WHERE `id` = null LIMIT 1   [ RunTime:0.0002s ]
NOTIC: [8] Undefined variable: original_intro D:\xampp\htdocs\jianghu\Application\Admin\Controller\IntroduceController.class.php 第 68 行.
NOTIC: [8] Undefined variable: image D:\xampp\htdocs\jianghu\Application\Admin\Controller\IntroduceController.class.php 第 76 行.
INFO: [ view_parse ] --START--
INFO: [ template_filter ] --START--
INFO: Run Behavior\ContentReplaceBehavior [ RunTime:0.000034s ]
INFO: [ template_filter ] --END-- [ RunTime:0.000110s ]
INFO: Run Behavior\ParseTemplateBehavior [ RunTime:0.009791s ]
INFO: [ view_parse ] --END-- [ RunTime:0.009873s ]
INFO: [ view_filter ] --START--
INFO: Run Behavior\WriteHtmlCacheBehavior [ RunTime:0.000962s ]
INFO: [ view_filter ] --END-- [ RunTime:0.001034s ]
INFO: [ app_end ] --START--
INFO: Run Behavior\ShowPageTraceBehavior [ RunTime:0.001112s ]
INFO: [ app_end ] --END-- [ RunTime:0.001161s ]

[ 2016-10-27T00:23:07+08:00 ] ::1 /jianghu/index.php/Admin/introduce/showdetail.html?id=%E8%BF%99%E6%9D%A1%E6%98%AF%E5%8E%9F%E5%88%9B%E6%8E%A8%E8%8D%90
INFO: [ app_init ] --START--
INFO: Run Behavior\BuildLiteBehavior [ RunTime:0.000014s ]
INFO: [ app_init ] --END-- [ RunTime:0.000641s ]
INFO: [ app_begin ] --START--
INFO: Run Behavior\ReadHtmlCacheBehavior [ RunTime:0.000906s ]
INFO: [ app_begin ] --END-- [ RunTime:0.000992s ]
SQL: SHOW COLUMNS FROM `jianghu_introduce` [ RunTime:0.0044s ]
SQL: SHOW COLUMNS FROM `jianghu_introduce_domain` [ RunTime:0.0038s ]
SQL: SHOW COLUMNS FROM `jianghu_introduce_images` [ RunTime:0.0032s ]
SQL: SHOW COLUMNS FROM `jianghu_user` [ RunTime:0.0036s ]
SQL: SELECT * FROM `jianghu_introduce` WHERE `id` = 0  [ RunTime:0.0003s ]
SQL: SELECT * FROM `jianghu_introduce_domain` WHERE `introduce_id` = 0  [ RunTime:0.0003s ]
SQL: SELECT `user_id` FROM `jianghu_introduce` WHERE `id` = 0 LIMIT 1   [ RunTime:0.0003s ]
SQL: SELECT `id` FROM `jianghu_introduce` WHERE `id` = 0 LIMIT 1   [ RunTime:0.0003s ]
SQL: SELECT * FROM `jianghu_introduce_images` WHERE `introduce_id` = null  [ RunTime:0.0006s ]
SQL: SELECT `username` FROM `jianghu_user` WHERE `id` = null LIMIT 1   [ RunTime:0.0005s ]
NOTIC: [8] Undefined variable: original_intro D:\xampp\htdocs\jianghu\Application\Admin\Controller\IntroduceController.class.php 第 68 行.
NOTIC: [8] Undefined variable: image D:\xampp\htdocs\jianghu\Application\Admin\Controller\IntroduceController.class.php 第 76 行.
INFO: [ view_parse ] --START--
INFO: [ template_filter ] --START--
INFO: Run Behavior\ContentReplaceBehavior [ RunTime:0.000034s ]
INFO: [ template_filter ] --END-- [ RunTime:0.000077s ]
INFO: Run Behavior\ParseTemplateBehavior [ RunTime:0.008785s ]
INFO: [ view_parse ] --END-- [ RunTime:0.008853s ]
INFO: [ view_filter ] --START--
INFO: Run Behavior\WriteHtmlCacheBehavior [ RunTime:0.000605s ]
INFO: [ view_filter ] --END-- [ RunTime:0.000640s ]
INFO: [ app_end ] --START--
INFO: Run Behavior\ShowPageTraceBehavior [ RunTime:0.000802s ]
INFO: [ app_end ] --END-- [ RunTime:0.000843s ]

[ 2016-10-27T00:23:08+08:00 ] ::1 /jianghu/index.php/Admin/introduce/showdetail.html?id=%E8%BF%99%E6%9D%A1%E6%98%AF%E5%8E%9F%E5%88%9B%E6%8E%A8%E8%8D%90
INFO: [ app_init ] --START--
INFO: Run Behavior\BuildLiteBehavior [ RunTime:0.000010s ]
INFO: [ app_init ] --END-- [ RunTime:0.000482s ]
INFO: [ app_begin ] --START--
INFO: Run Behavior\ReadHtmlCacheBehavior [ RunTime:0.000751s ]
INFO: [ app_begin ] --END-- [ RunTime:0.000806s ]
SQL: SHOW COLUMNS FROM `jianghu_introduce` [ RunTime:0.0219s ]
SQL: SHOW COLUMNS FROM `jianghu_introduce_domain` [ RunTime:0.0038s ]
SQL: SHOW COLUMNS FROM `jianghu_introduce_images` [ RunTime:0.0040s ]
SQL: SHOW COLUMNS FROM `jianghu_user` [ RunTime:0.0035s ]
SQL: SELECT * FROM `jianghu_introduce` WHERE `id` = 0  [ RunTime:0.0003s ]
SQL: SELECT * FROM `jianghu_introduce_domain` WHERE `introduce_id` = 0  [ RunTime:0.0003s ]
SQL: SELECT `user_id` FROM `jianghu_introduce` WHERE `id` = 0 LIMIT 1   [ RunTime:0.0002s ]
SQL: SELECT `id` FROM `jianghu_introduce` WHERE `id` = 0 LIMIT 1   [ RunTime:0.0002s ]
SQL: SELECT * FROM `jianghu_introduce_images` WHERE `introduce_id` = null  [ RunTime:0.0003s ]
SQL: SELECT `username` FROM `jianghu_user` WHERE `id` = null LIMIT 1   [ RunTime:0.0002s ]
NOTIC: [8] Undefined variable: original_intro D:\xampp\htdocs\jianghu\Application\Admin\Controller\IntroduceController.class.php 第 68 行.
NOTIC: [8] Undefined variable: image D:\xampp\htdocs\jianghu\Application\Admin\Controller\IntroduceController.class.php 第 76 行.
INFO: [ view_parse ] --START--
INFO: [ template_filter ] --START--
INFO: Run Behavior\ContentReplaceBehavior [ RunTime:0.000067s ]
INFO: [ template_filter ] --END-- [ RunTime:0.000140s ]
INFO: Run Behavior\ParseTemplateBehavior [ RunTime:0.011255s ]
INFO: [ view_parse ] --END-- [ RunTime:0.011323s ]
INFO: [ view_filter ] --START--
INFO: Run Behavior\WriteHtmlCacheBehavior [ RunTime:0.000609s ]
INFO: [ view_filter ] --END-- [ RunTime:0.000650s ]
INFO: [ app_end ] --START--
INFO: Run Behavior\ShowPageTraceBehavior [ RunTime:0.000812s ]
INFO: [ app_end ] --END-- [ RunTime:0.000861s ]

[ 2016-10-27T00:23:09+08:00 ] ::1 /jianghu/index.php/Admin/introduce/showdetail.html?id=%E8%BF%99%E6%9D%A1%E6%98%AF%E5%8E%9F%E5%88%9B%E6%8E%A8%E8%8D%90
INFO: [ app_init ] --START--
INFO: Run Behavior\BuildLiteBehavior [ RunTime:0.000011s ]
INFO: [ app_init ] --END-- [ RunTime:0.000554s ]
INFO: [ app_begin ] --START--
INFO: Run Behavior\ReadHtmlCacheBehavior [ RunTime:0.001007s ]
INFO: [ app_begin ] --END-- [ RunTime:0.001093s ]
SQL: SHOW COLUMNS FROM `jianghu_introduce` [ RunTime:0.0046s ]
SQL: SHOW COLUMNS FROM `jianghu_introduce_domain` [ RunTime:0.0044s ]
SQL: SHOW COLUMNS FROM `jianghu_introduce_images` [ RunTime:0.0033s ]
SQL: SHOW COLUMNS FROM `jianghu_user` [ RunTime:0.0042s ]
SQL: SELECT * FROM `jianghu_introduce` WHERE `id` = 0  [ RunTime:0.0004s ]
SQL: SELECT * FROM `jianghu_introduce_domain` WHERE `introduce_id` = 0  [ RunTime:0.0003s ]
SQL: SELECT `user_id` FROM `jianghu_introduce` WHERE `id` = 0 LIMIT 1   [ RunTime:0.0003s ]
SQL: SELECT `id` FROM `jianghu_introduce` WHERE `id` = 0 LIMIT 1   [ RunTime:0.0002s ]
SQL: SELECT * FROM `jianghu_introduce_images` WHERE `introduce_id` = null  [ RunTime:0.0003s ]
SQL: SELECT `username` FROM `jianghu_user` WHERE `id` = null LIMIT 1   [ RunTime:0.0002s ]
NOTIC: [8] Undefined variable: original_intro D:\xampp\htdocs\jianghu\Application\Admin\Controller\IntroduceController.class.php 第 68 行.
NOTIC: [8] Undefined variable: image D:\xampp\htdocs\jianghu\Application\Admin\Controller\IntroduceController.class.php 第 76 行.
INFO: [ view_parse ] --START--
INFO: [ template_filter ] --START--
INFO: Run Behavior\ContentReplaceBehavior [ RunTime:0.000054s ]
INFO: [ template_filter ] --END-- [ RunTime:0.000127s ]
INFO: Run Behavior\ParseTemplateBehavior [ RunTime:0.009795s ]
INFO: [ view_parse ] --END-- [ RunTime:0.009847s ]
INFO: [ view_filter ] --START--
INFO: Run Behavior\WriteHtmlCacheBehavior [ RunTime:0.000640s ]
INFO: [ view_filter ] --END-- [ RunTime:0.000672s ]
INFO: [ app_end ] --START--
INFO: Run Behavior\ShowPageTraceBehavior [ RunTime:0.000743s ]
INFO: [ app_end ] --END-- [ RunTime:0.000779s ]

[ 2016-10-27T00:23:10+08:00 ] ::1 /jianghu/index.php/Admin/introduce/showdetail.html?id=%E8%BF%99%E6%9D%A1%E6%98%AF%E5%8E%9F%E5%88%9B%E6%8E%A8%E8%8D%90
INFO: [ app_init ] --START--
INFO: Run Behavior\BuildLiteBehavior [ RunTime:0.000013s ]
INFO: [ app_init ] --END-- [ RunTime:0.000504s ]
INFO: [ app_begin ] --START--
INFO: Run Behavior\ReadHtmlCacheBehavior [ RunTime:0.001055s ]
INFO: [ app_begin ] --END-- [ RunTime:0.001137s ]
SQL: SHOW COLUMNS FROM `jianghu_introduce` [ RunTime:0.0448s ]
SQL: SHOW COLUMNS FROM `jianghu_introduce_domain` [ RunTime:0.0034s ]
SQL: SHOW COLUMNS FROM `jianghu_introduce_images` [ RunTime:0.0031s ]
SQL: SHOW COLUMNS FROM `jianghu_user` [ RunTime:0.0033s ]
SQL: SELECT * FROM `jianghu_introduce` WHERE `id` = 0  [ RunTime:0.0003s ]
SQL: SELECT * FROM `jianghu_introduce_domain` WHERE `introduce_id` = 0  [ RunTime:0.0002s ]
SQL: SELECT `user_id` FROM `jianghu_introduce` WHERE `id` = 0 LIMIT 1   [ RunTime:0.0002s ]
SQL: SELECT `id` FROM `jianghu_introduce` WHERE `id` = 0 LIMIT 1   [ RunTime:0.0004s ]
SQL: SELECT * FROM `jianghu_introduce_images` WHERE `introduce_id` = null  [ RunTime:0.0015s ]
SQL: SELECT `username` FROM `jianghu_user` WHERE `id` = null LIMIT 1   [ RunTime:0.0004s ]
NOTIC: [8] Undefined variable: original_intro D:\xampp\htdocs\jianghu\Application\Admin\Controller\IntroduceController.class.php 第 68 行.
NOTIC: [8] Undefined variable: image D:\xampp\htdocs\jianghu\Application\Admin\Controller\IntroduceController.class.php 第 76 行.
INFO: [ view_parse ] --START--
INFO: [ template_filter ] --START--
INFO: Run Behavior\ContentReplaceBehavior [ RunTime:0.000063s ]
INFO: [ template_filter ] --END-- [ RunTime:0.000135s ]
INFO: Run Behavior\ParseTemplateBehavior [ RunTime:0.009808s ]
INFO: [ view_parse ] --END-- [ RunTime:0.009881s ]
INFO: [ view_filter ] --START--
INFO: Run Behavior\WriteHtmlCacheBehavior [ RunTime:0.000787s ]
INFO: [ view_filter ] --END-- [ RunTime:0.000837s ]
INFO: [ app_end ] --START--
INFO: Run Behavior\ShowPageTraceBehavior [ RunTime:0.000901s ]
INFO: [ app_end ] --END-- [ RunTime:0.000944s ]

[ 2016-10-27T00:23:10+08:00 ] ::1 /jianghu/index.php/Admin/introduce/showdetail.html?id=%E8%BF%99%E6%9D%A1%E6%98%AF%E5%8E%9F%E5%88%9B%E6%8E%A8%E8%8D%90
INFO: [ app_init ] --START--
INFO: Run Behavior\BuildLiteBehavior [ RunTime:0.000011s ]
INFO: [ app_init ] --END-- [ RunTime:0.000526s ]
INFO: [ app_begin ] --START--
INFO: Run Behavior\ReadHtmlCacheBehavior [ RunTime:0.000724s ]
INFO: [ app_begin ] --END-- [ RunTime:0.000780s ]
SQL: SHOW COLUMNS FROM `jianghu_introduce` [ RunTime:0.0052s ]
SQL: SHOW COLUMNS FROM `jianghu_introduce_domain` [ RunTime:0.0031s ]
SQL: SHOW COLUMNS FROM `jianghu_introduce_images` [ RunTime:0.0039s ]
SQL: SHOW COLUMNS FROM `jianghu_user` [ RunTime:0.0042s ]
SQL: SELECT * FROM `jianghu_introduce` WHERE `id` = 0  [ RunTime:0.0004s ]
SQL: SELECT * FROM `jianghu_introduce_domain` WHERE `introduce_id` = 0  [ RunTime:0.0003s ]
SQL: SELECT `user_id` FROM `jianghu_introduce` WHERE `id` = 0 LIMIT 1   [ RunTime:0.0003s ]
SQL: SELECT `id` FROM `jianghu_introduce` WHERE `id` = 0 LIMIT 1   [ RunTime:0.0006s ]
SQL: SELECT * FROM `jianghu_introduce_images` WHERE `introduce_id` = null  [ RunTime:0.0003s ]
SQL: SELECT `username` FROM `jianghu_user` WHERE `id` = null LIMIT 1   [ RunTime:0.0002s ]
NOTIC: [8] Undefined variable: original_intro D:\xampp\htdocs\jianghu\Application\Admin\Controller\IntroduceController.class.php 第 68 行.
NOTIC: [8] Undefined variable: image D:\xampp\htdocs\jianghu\Application\Admin\Controller\IntroduceController.class.php 第 76 行.
INFO: [ view_parse ] --START--
INFO: [ template_filter ] --START--
INFO: Run Behavior\ContentReplaceBehavior [ RunTime:0.000038s ]
INFO: [ template_filter ] --END-- [ RunTime:0.000086s ]
INFO: Run Behavior\ParseTemplateBehavior [ RunTime:0.008746s ]
INFO: [ view_parse ] --END-- [ RunTime:0.008801s ]
INFO: [ view_filter ] --START--
INFO: Run Behavior\WriteHtmlCacheBehavior [ RunTime:0.000666s ]
INFO: [ view_filter ] --END-- [ RunTime:0.000712s ]
INFO: [ app_end ] --START--
INFO: Run Behavior\ShowPageTraceBehavior [ RunTime:0.000887s ]
INFO: [ app_end ] --END-- [ RunTime:0.000935s ]

[ 2016-10-27T00:23:11+08:00 ] ::1 /jianghu/index.php/Admin/introduce/showdetail.html?id=%E8%BF%99%E6%9D%A1%E6%98%AF%E5%8E%9F%E5%88%9B%E6%8E%A8%E8%8D%90
INFO: [ app_init ] --START--
INFO: Run Behavior\BuildLiteBehavior [ RunTime:0.000022s ]
INFO: [ app_init ] --END-- [ RunTime:0.000632s ]
INFO: [ app_begin ] --START--
INFO: Run Behavior\ReadHtmlCacheBehavior [ RunTime:0.000789s ]
INFO: [ app_begin ] --END-- [ RunTime:0.000846s ]
SQL: SHOW COLUMNS FROM `jianghu_introduce` [ RunTime:0.0046s ]
SQL: SHOW COLUMNS FROM `jianghu_introduce_domain` [ RunTime:0.0047s ]
SQL: SHOW COLUMNS FROM `jianghu_introduce_images` [ RunTime:0.0034s ]
SQL: SHOW COLUMNS FROM `jianghu_user` [ RunTime:0.0033s ]
SQL: SELECT * FROM `jianghu_introduce` WHERE `id` = 0  [ RunTime:0.0003s ]
SQL: SELECT * FROM `jianghu_introduce_domain` WHERE `introduce_id` = 0  [ RunTime:0.0003s ]
SQL: SELECT `user_id` FROM `jianghu_introduce` WHERE `id` = 0 LIMIT 1   [ RunTime:0.0003s ]
SQL: SELECT `id` FROM `jianghu_introduce` WHERE `id` = 0 LIMIT 1   [ RunTime:0.0003s ]
SQL: SELECT * FROM `jianghu_introduce_images` WHERE `introduce_id` = null  [ RunTime:0.0005s ]
SQL: SELECT `username` FROM `jianghu_user` WHERE `id` = null LIMIT 1   [ RunTime:0.0003s ]
NOTIC: [8] Undefined variable: original_intro D:\xampp\htdocs\jianghu\Application\Admin\Controller\IntroduceController.class.php 第 68 行.
NOTIC: [8] Undefined variable: image D:\xampp\htdocs\jianghu\Application\Admin\Controller\IntroduceController.class.php 第 76 行.
INFO: [ view_parse ] --START--
INFO: [ template_filter ] --START--
INFO: Run Behavior\ContentReplaceBehavior [ RunTime:0.000036s ]
INFO: [ template_filter ] --END-- [ RunTime:0.000080s ]
INFO: Run Behavior\ParseTemplateBehavior [ RunTime:0.009437s ]
INFO: [ view_parse ] --END-- [ RunTime:0.009507s ]
INFO: [ view_filter ] --START--
INFO: Run Behavior\WriteHtmlCacheBehavior [ RunTime:0.000612s ]
INFO: [ view_filter ] --END-- [ RunTime:0.000664s ]
INFO: [ app_end ] --START--
INFO: Run Behavior\ShowPageTraceBehavior [ RunTime:0.000838s ]
INFO: [ app_end ] --END-- [ RunTime:0.000880s ]

[ 2016-10-27T00:23:11+08:00 ] ::1 /jianghu/index.php/Admin/introduce/showdetail.html?id=%E8%BF%99%E6%9D%A1%E6%98%AF%E5%8E%9F%E5%88%9B%E6%8E%A8%E8%8D%90
INFO: [ app_init ] --START--
INFO: Run Behavior\BuildLiteBehavior [ RunTime:0.000023s ]
INFO: [ app_init ] --END-- [ RunTime:0.001008s ]
INFO: [ app_begin ] --START--
INFO: Run Behavior\ReadHtmlCacheBehavior [ RunTime:0.001121s ]
INFO: [ app_begin ] --END-- [ RunTime:0.001209s ]
SQL: SHOW COLUMNS FROM `jianghu_introduce` [ RunTime:0.0049s ]
SQL: SHOW COLUMNS FROM `jianghu_introduce_domain` [ RunTime:0.0041s ]
SQL: SHOW COLUMNS FROM `jianghu_introduce_images` [ RunTime:0.0031s ]
SQL: SHOW COLUMNS FROM `jianghu_user` [ RunTime:0.0032s ]
SQL: SELECT * FROM `jianghu_introduce` WHERE `id` = 0  [ RunTime:0.0003s ]
SQL: SELECT * FROM `jianghu_introduce_domain` WHERE `introduce_id` = 0  [ RunTime:0.0003s ]
SQL: SELECT `user_id` FROM `jianghu_introduce` WHERE `id` = 0 LIMIT 1   [ RunTime:0.0003s ]
SQL: SELECT `id` FROM `jianghu_introduce` WHERE `id` = 0 LIMIT 1   [ RunTime:0.0003s ]
SQL: SELECT * FROM `jianghu_introduce_images` WHERE `introduce_id` = null  [ RunTime:0.0004s ]
SQL: SELECT `username` FROM `jianghu_user` WHERE `id` = null LIMIT 1   [ RunTime:0.0003s ]
NOTIC: [8] Undefined variable: original_intro D:\xampp\htdocs\jianghu\Application\Admin\Controller\IntroduceController.class.php 第 68 行.
NOTIC: [8] Undefined variable: image D:\xampp\htdocs\jianghu\Application\Admin\Controller\IntroduceController.class.php 第 76 行.
INFO: [ view_parse ] --START--
INFO: [ template_filter ] --START--
INFO: Run Behavior\ContentReplaceBehavior [ RunTime:0.000036s ]
INFO: [ template_filter ] --END-- [ RunTime:0.000081s ]
INFO: Run Behavior\ParseTemplateBehavior [ RunTime:0.009651s ]
INFO: [ view_parse ] --END-- [ RunTime:0.009751s ]
INFO: [ view_filter ] --START--
INFO: Run Behavior\WriteHtmlCacheBehavior [ RunTime:0.000660s ]
INFO: [ view_filter ] --END-- [ RunTime:0.000704s ]
INFO: [ app_end ] --START--
INFO: Run Behavior\ShowPageTraceBehavior [ RunTime:0.000779s ]
INFO: [ app_end ] --END-- [ RunTime:0.000820s ]

[ 2016-10-27T00:23:13+08:00 ] ::1 /jianghu/index.php/Admin/introduce/showdetail.html?id=%E8%BF%99%E6%9D%A1%E6%98%AF%E5%8E%9F%E5%88%9B%E6%8E%A8%E8%8D%90
INFO: [ app_init ] --START--
INFO: Run Behavior\BuildLiteBehavior [ RunTime:0.000020s ]
INFO: [ app_init ] --END-- [ RunTime:0.000666s ]
INFO: [ app_begin ] --START--
INFO: Run Behavior\ReadHtmlCacheBehavior [ RunTime:0.000805s ]
INFO: [ app_begin ] --END-- [ RunTime:0.000866s ]
SQL: SHOW COLUMNS FROM `jianghu_introduce` [ RunTime:0.0051s ]
SQL: SHOW COLUMNS FROM `jianghu_introduce_domain` [ RunTime:0.0062s ]
SQL: SHOW COLUMNS FROM `jianghu_introduce_images` [ RunTime:0.0055s ]
SQL: SHOW COLUMNS FROM `jianghu_user` [ RunTime:0.0041s ]
SQL: SELECT * FROM `jianghu_introduce` WHERE `id` = 0  [ RunTime:0.0004s ]
SQL: SELECT * FROM `jianghu_introduce_domain` WHERE `introduce_id` = 0  [ RunTime:0.0002s ]
SQL: SELECT `user_id` FROM `jianghu_introduce` WHERE `id` = 0 LIMIT 1   [ RunTime:0.0003s ]
SQL: SELECT `id` FROM `jianghu_introduce` WHERE `id` = 0 LIMIT 1   [ RunTime:0.0002s ]
SQL: SELECT * FROM `jianghu_introduce_images` WHERE `introduce_id` = null  [ RunTime:0.0003s ]
SQL: SELECT `username` FROM `jianghu_user` WHERE `id` = null LIMIT 1   [ RunTime:0.0002s ]
NOTIC: [8] Undefined variable: original_intro D:\xampp\htdocs\jianghu\Application\Admin\Controller\IntroduceController.class.php 第 68 行.
NOTIC: [8] Undefined variable: image D:\xampp\htdocs\jianghu\Application\Admin\Controller\IntroduceController.class.php 第 76 行.
INFO: [ view_parse ] --START--
INFO: [ template_filter ] --START--
INFO: Run Behavior\ContentReplaceBehavior [ RunTime:0.000038s ]
INFO: [ template_filter ] --END-- [ RunTime:0.000091s ]
INFO: Run Behavior\ParseTemplateBehavior [ RunTime:0.011261s ]
INFO: [ view_parse ] --END-- [ RunTime:0.011347s ]
INFO: [ view_filter ] --START--
INFO: Run Behavior\WriteHtmlCacheBehavior [ RunTime:0.000618s ]
INFO: [ view_filter ] --END-- [ RunTime:0.000657s ]
INFO: [ app_end ] --START--
INFO: Run Behavior\ShowPageTraceBehavior [ RunTime:0.000893s ]
INFO: [ app_end ] --END-- [ RunTime:0.000948s ]

[ 2016-10-27T00:24:03+08:00 ] ::1 /jianghu/index.php/Admin/introduce/showdetail.html?id=70
INFO: [ app_init ] --START--
INFO: Run Behavior\BuildLiteBehavior [ RunTime:0.000021s ]
INFO: [ app_init ] --END-- [ RunTime:0.001053s ]
INFO: [ app_begin ] --START--
INFO: Run Behavior\ReadHtmlCacheBehavior [ RunTime:0.000931s ]
INFO: [ app_begin ] --END-- [ RunTime:0.001002s ]
SQL: SHOW COLUMNS FROM `jianghu_introduce` [ RunTime:0.0079s ]
SQL: SHOW COLUMNS FROM `jianghu_introduce_domain` [ RunTime:0.0049s ]
SQL: SHOW COLUMNS FROM `jianghu_introduce_images` [ RunTime:0.0053s ]
SQL: SHOW COLUMNS FROM `jianghu_user` [ RunTime:0.0044s ]
SQL: SELECT * FROM `jianghu_introduce` WHERE `id` = 70  [ RunTime:0.0004s ]
SQL: SELECT * FROM `jianghu_introduce_domain` WHERE `introduce_id` = 70  [ RunTime:0.0003s ]
SQL: SELECT `user_id` FROM `jianghu_introduce` WHERE `id` = 70 LIMIT 1   [ RunTime:0.0003s ]
SQL: SELECT `id` FROM `jianghu_introduce` WHERE `id` = 70 LIMIT 1   [ RunTime:0.0003s ]
SQL: SELECT * FROM `jianghu_introduce_images` WHERE `introduce_id` = 70  [ RunTime:0.0003s ]
SQL: SELECT `username` FROM `jianghu_user` WHERE `id` = 19 LIMIT 1   [ RunTime:0.0003s ]
NOTIC: [8] Undefined variable: image D:\xampp\htdocs\jianghu\Application\Admin\Controller\IntroduceController.class.php 第 76 行.
INFO: [ view_parse ] --START--
INFO: [ template_filter ] --START--
INFO: Run Behavior\ContentReplaceBehavior [ RunTime:0.000257s ]
INFO: [ template_filter ] --END-- [ RunTime:0.000419s ]
INFO: Run Behavior\ParseTemplateBehavior [ RunTime:0.011701s ]
INFO: [ view_parse ] --END-- [ RunTime:0.011760s ]
INFO: [ view_filter ] --START--
INFO: Run Behavior\WriteHtmlCacheBehavior [ RunTime:0.000571s ]
INFO: [ view_filter ] --END-- [ RunTime:0.000611s ]
INFO: [ app_end ] --START--
INFO: Run Behavior\ShowPageTraceBehavior [ RunTime:0.000788s ]
INFO: [ app_end ] --END-- [ RunTime:0.000829s ]

[ 2016-10-27T00:24:05+08:00 ] ::1 /jianghu/index.php/Admin/introduce/showdetail.html?id=%E8%BF%99%E6%9D%A1%E6%98%AF%E5%8E%9F%E5%88%9B%E6%8E%A8%E8%8D%90
INFO: [ app_init ] --START--
INFO: Run Behavior\BuildLiteBehavior [ RunTime:0.000040s ]
INFO: [ app_init ] --END-- [ RunTime:0.000805s ]
INFO: [ app_begin ] --START--
INFO: Run Behavior\ReadHtmlCacheBehavior [ RunTime:0.001064s ]
INFO: [ app_begin ] --END-- [ RunTime:0.001140s ]
SQL: SHOW COLUMNS FROM `jianghu_introduce` [ RunTime:0.0044s ]
SQL: SHOW COLUMNS FROM `jianghu_introduce_domain` [ RunTime:0.0034s ]
SQL: SHOW COLUMNS FROM `jianghu_introduce_images` [ RunTime:0.0034s ]
SQL: SHOW COLUMNS FROM `jianghu_user` [ RunTime:0.0043s ]
SQL: SELECT * FROM `jianghu_introduce` WHERE `id` = 0  [ RunTime:0.0004s ]
SQL: SELECT * FROM `jianghu_introduce_domain` WHERE `introduce_id` = 0  [ RunTime:0.0003s ]
SQL: SELECT `user_id` FROM `jianghu_introduce` WHERE `id` = 0 LIMIT 1   [ RunTime:0.0003s ]
SQL: SELECT `id` FROM `jianghu_introduce` WHERE `id` = 0 LIMIT 1   [ RunTime:0.0002s ]
SQL: SELECT * FROM `jianghu_introduce_images` WHERE `introduce_id` = null  [ RunTime:0.0005s ]
SQL: SELECT `username` FROM `jianghu_user` WHERE `id` = null LIMIT 1   [ RunTime:0.0005s ]
NOTIC: [8] Undefined variable: original_intro D:\xampp\htdocs\jianghu\Application\Admin\Controller\IntroduceController.class.php 第 68 行.
NOTIC: [8] Undefined variable: image D:\xampp\htdocs\jianghu\Application\Admin\Controller\IntroduceController.class.php 第 76 行.
INFO: [ view_parse ] --START--
INFO: [ template_filter ] --START--
INFO: Run Behavior\ContentReplaceBehavior [ RunTime:0.000049s ]
INFO: [ template_filter ] --END-- [ RunTime:0.000129s ]
INFO: Run Behavior\ParseTemplateBehavior [ RunTime:0.011145s ]
INFO: [ view_parse ] --END-- [ RunTime:0.011204s ]
INFO: [ view_filter ] --START--
INFO: Run Behavior\WriteHtmlCacheBehavior [ RunTime:0.000679s ]
INFO: [ view_filter ] --END-- [ RunTime:0.000719s ]
INFO: [ app_end ] --START--
INFO: Run Behavior\ShowPageTraceBehavior [ RunTime:0.000740s ]
INFO: [ app_end ] --END-- [ RunTime:0.000776s ]

[ 2016-10-27T00:24:07+08:00 ] ::1 /jianghu/index.php/Admin/introduce/showdetail.html?id=70
INFO: [ app_init ] --START--
INFO: Run Behavior\BuildLiteBehavior [ RunTime:0.000069s ]
INFO: [ app_init ] --END-- [ RunTime:0.000849s ]
INFO: [ app_begin ] --START--
INFO: Run Behavior\ReadHtmlCacheBehavior [ RunTime:0.001018s ]
INFO: [ app_begin ] --END-- [ RunTime:0.001093s ]
SQL: SHOW COLUMNS FROM `jianghu_introduce` [ RunTime:0.0052s ]
SQL: SHOW COLUMNS FROM `jianghu_introduce_domain` [ RunTime:0.0038s ]
SQL: SHOW COLUMNS FROM `jianghu_introduce_images` [ RunTime:0.0045s ]
SQL: SHOW COLUMNS FROM `jianghu_user` [ RunTime:0.0045s ]
SQL: SELECT * FROM `jianghu_introduce` WHERE `id` = 70  [ RunTime:0.0004s ]
SQL: SELECT * FROM `jianghu_introduce_domain` WHERE `introduce_id` = 70  [ RunTime:0.0003s ]
SQL: SELECT `user_id` FROM `jianghu_introduce` WHERE `id` = 70 LIMIT 1   [ RunTime:0.0003s ]
SQL: SELECT `id` FROM `jianghu_introduce` WHERE `id` = 70 LIMIT 1   [ RunTime:0.0002s ]
SQL: SELECT * FROM `jianghu_introduce_images` WHERE `introduce_id` = 70  [ RunTime:0.0003s ]
SQL: SELECT `username` FROM `jianghu_user` WHERE `id` = 19 LIMIT 1   [ RunTime:0.0003s ]
NOTIC: [8] Undefined variable: image D:\xampp\htdocs\jianghu\Application\Admin\Controller\IntroduceController.class.php 第 76 行.
INFO: [ view_parse ] --START--
INFO: [ template_filter ] --START--
INFO: Run Behavior\ContentReplaceBehavior [ RunTime:0.000042s ]
INFO: [ template_filter ] --END-- [ RunTime:0.000100s ]
INFO: Run Behavior\ParseTemplateBehavior [ RunTime:0.011418s ]
INFO: [ view_parse ] --END-- [ RunTime:0.011492s ]
INFO: [ view_filter ] --START--
INFO: Run Behavior\WriteHtmlCacheBehavior [ RunTime:0.000979s ]
INFO: [ view_filter ] --END-- [ RunTime:0.001023s ]
INFO: [ app_end ] --START--
INFO: Run Behavior\ShowPageTraceBehavior [ RunTime:0.000793s ]
INFO: [ app_end ] --END-- [ RunTime:0.000829s ]

[ 2016-10-27T00:25:48+08:00 ] ::1 /jianghu/index.php/Admin/index/index.html
INFO: [ app_init ] --START--
INFO: Run Behavior\BuildLiteBehavior [ RunTime:0.000012s ]
INFO: [ app_init ] --END-- [ RunTime:0.000560s ]
INFO: [ app_begin ] --START--
INFO: Run Behavior\ReadHtmlCacheBehavior [ RunTime:0.000859s ]
INFO: [ app_begin ] --END-- [ RunTime:0.000964s ]
INFO: [ view_parse ] --START--
INFO: [ template_filter ] --START--
INFO: Run Behavior\ContentReplaceBehavior [ RunTime:0.000041s ]
INFO: [ template_filter ] --END-- [ RunTime:0.000091s ]
INFO: Run Behavior\ParseTemplateBehavior [ RunTime:0.009381s ]
INFO: [ view_parse ] --END-- [ RunTime:0.009431s ]
INFO: [ view_filter ] --START--
INFO: Run Behavior\WriteHtmlCacheBehavior [ RunTime:0.000564s ]
INFO: [ view_filter ] --END-- [ RunTime:0.000598s ]
INFO: [ app_end ] --START--
INFO: Run Behavior\ShowPageTraceBehavior [ RunTime:0.000763s ]
INFO: [ app_end ] --END-- [ RunTime:0.000798s ]

[ 2016-10-27T00:25:48+08:00 ] ::1 /jianghu/index.php/Admin/index/main.html
INFO: [ app_init ] --START--
INFO: Run Behavior\BuildLiteBehavior [ RunTime:0.000022s ]
INFO: [ app_init ] --END-- [ RunTime:0.000832s ]
INFO: [ app_begin ] --START--
INFO: Run Behavior\ReadHtmlCacheBehavior [ RunTime:0.001112s ]
INFO: [ app_begin ] --END-- [ RunTime:0.001206s ]
INFO: [ view_parse ] --START--
INFO: [ template_filter ] --START--
INFO: Run Behavior\ContentReplaceBehavior [ RunTime:0.000034s ]
INFO: [ template_filter ] --END-- [ RunTime:0.000083s ]
INFO: Run Behavior\ParseTemplateBehavior [ RunTime:0.007031s ]
INFO: [ view_parse ] --END-- [ RunTime:0.007103s ]
INFO: [ view_filter ] --START--
INFO: Run Behavior\WriteHtmlCacheBehavior [ RunTime:0.000867s ]
INFO: [ view_filter ] --END-- [ RunTime:0.000934s ]
INFO: [ app_end ] --START--
INFO: Run Behavior\ShowPageTraceBehavior [ RunTime:0.003448s ]
INFO: [ app_end ] --END-- [ RunTime:0.003780s ]

[ 2016-10-27T00:25:50+08:00 ] ::1 /jianghu/index.php/Admin/introduce/showIntroduce.html
INFO: [ app_init ] --START--
INFO: Run Behavior\BuildLiteBehavior [ RunTime:0.000012s ]
INFO: [ app_init ] --END-- [ RunTime:0.000609s ]
INFO: [ app_begin ] --START--
INFO: Run Behavior\ReadHtmlCacheBehavior [ RunTime:0.000749s ]
INFO: [ app_begin ] --END-- [ RunTime:0.000801s ]
SQL: SHOW COLUMNS FROM `jianghu_introduce` [ RunTime:0.0205s ]
SQL: SHOW COLUMNS FROM `jianghu_introduce_images` [ RunTime:0.0048s ]
SQL: SHOW COLUMNS FROM `jianghu_introduce` [ RunTime:0.0059s ]
SQL: SELECT COUNT(*) AS tp_count FROM jianghu_introduce m left join jianghu_user u on m.user_id=u.id  LIMIT 1   [ RunTime:0.0005s ]
SQL: SHOW COLUMNS FROM `jianghu_introduce` [ RunTime:0.0032s ]
SQL: SELECT m.*,u.username FROM jianghu_introduce m left join jianghu_user u on m.user_id=u.id  ORDER BY time desc LIMIT 0,3   [ RunTime:0.0005s ]
INFO: [ view_parse ] --START--
INFO: [ template_filter ] --START--
INFO: Run Behavior\ContentReplaceBehavior [ RunTime:0.000063s ]
INFO: [ template_filter ] --END-- [ RunTime:0.000142s ]
INFO: Run Behavior\ParseTemplateBehavior [ RunTime:0.009209s ]
INFO: [ view_parse ] --END-- [ RunTime:0.009316s ]
INFO: [ view_filter ] --START--
INFO: Run Behavior\WriteHtmlCacheBehavior [ RunTime:0.000999s ]
INFO: [ view_filter ] --END-- [ RunTime:0.001095s ]
INFO: [ app_end ] --START--
INFO: Run Behavior\ShowPageTraceBehavior [ RunTime:0.001149s ]
INFO: [ app_end ] --END-- [ RunTime:0.001214s ]

[ 2016-10-27T00:25:52+08:00 ] ::1 /jianghu/index.php/Admin/introduce/showdetail.html?id=76
INFO: [ app_init ] --START--
INFO: Run Behavior\BuildLiteBehavior [ RunTime:0.000013s ]
INFO: [ app_init ] --END-- [ RunTime:0.000549s ]
INFO: [ app_begin ] --START--
INFO: Run Behavior\ReadHtmlCacheBehavior [ RunTime:0.000811s ]
INFO: [ app_begin ] --END-- [ RunTime:0.000875s ]
SQL: SHOW COLUMNS FROM `jianghu_introduce` [ RunTime:0.0059s ]
SQL: SHOW COLUMNS FROM `jianghu_introduce_domain` [ RunTime:0.0039s ]
SQL: SHOW COLUMNS FROM `jianghu_introduce_images` [ RunTime:0.0031s ]
SQL: SHOW COLUMNS FROM `jianghu_user` [ RunTime:0.0033s ]
SQL: SELECT * FROM `jianghu_introduce` WHERE `id` = 76  [ RunTime:0.0005s ]
SQL: SELECT * FROM `jianghu_introduce_domain` WHERE `introduce_id` = 76  [ RunTime:0.0007s ]
SQL: SELECT `user_id` FROM `jianghu_introduce` WHERE `id` = 76 LIMIT 1   [ RunTime:0.0004s ]
SQL: SELECT `id` FROM `jianghu_introduce` WHERE `id` = 76 LIMIT 1   [ RunTime:0.0003s ]
SQL: SELECT * FROM `jianghu_introduce_images` WHERE `introduce_id` = 76  [ RunTime:0.0003s ]
SQL: SELECT `username` FROM `jianghu_user` WHERE `id` = 17 LIMIT 1   [ RunTime:0.0002s ]
NOTIC: [8] Undefined variable: image D:\xampp\htdocs\jianghu\Application\Admin\Controller\IntroduceController.class.php 第 76 行.
INFO: [ view_parse ] --START--
INFO: [ template_filter ] --START--
INFO: Run Behavior\ContentReplaceBehavior [ RunTime:0.000037s ]
INFO: [ template_filter ] --END-- [ RunTime:0.000087s ]
NOTIC: [8] Undefined variable: msg D:\xampp\htdocs\jianghu\Application\Runtime\Cache\Admin\61fa4ba4871a14c6e05e05cfa1aedd59.php 第 54 行.
INFO: Run Behavior\ParseTemplateBehavior [ RunTime:0.009499s ]
INFO: [ view_parse ] --END-- [ RunTime:0.009543s ]
INFO: [ view_filter ] --START--
INFO: Run Behavior\WriteHtmlCacheBehavior [ RunTime:0.000645s ]
INFO: [ view_filter ] --END-- [ RunTime:0.000693s ]
INFO: [ app_end ] --START--
INFO: Run Behavior\ShowPageTraceBehavior [ RunTime:0.000829s ]
INFO: [ app_end ] --END-- [ RunTime:0.000873s ]

[ 2016-10-27T00:25:54+08:00 ] ::1 /jianghu/index.php/Admin/introduce/showdetail.html?id=70
INFO: [ app_init ] --START--
INFO: Run Behavior\BuildLiteBehavior [ RunTime:0.000017s ]
INFO: [ app_init ] --END-- [ RunTime:0.000656s ]
INFO: [ app_begin ] --START--
INFO: Run Behavior\ReadHtmlCacheBehavior [ RunTime:0.001703s ]
INFO: [ app_begin ] --END-- [ RunTime:0.001774s ]
SQL: SHOW COLUMNS FROM `jianghu_introduce` [ RunTime:0.0067s ]
SQL: SHOW COLUMNS FROM `jianghu_introduce_domain` [ RunTime:0.0045s ]
SQL: SHOW COLUMNS FROM `jianghu_introduce_images` [ RunTime:0.0033s ]
SQL: SHOW COLUMNS FROM `jianghu_user` [ RunTime:0.0038s ]
SQL: SELECT * FROM `jianghu_introduce` WHERE `id` = 70  [ RunTime:0.0004s ]
SQL: SELECT * FROM `jianghu_introduce_domain` WHERE `introduce_id` = 70  [ RunTime:0.0003s ]
SQL: SELECT `user_id` FROM `jianghu_introduce` WHERE `id` = 70 LIMIT 1   [ RunTime:0.0003s ]
SQL: SELECT `id` FROM `jianghu_introduce` WHERE `id` = 70 LIMIT 1   [ RunTime:0.0004s ]
SQL: SELECT * FROM `jianghu_introduce_images` WHERE `introduce_id` = 70  [ RunTime:0.0004s ]
SQL: SELECT `username` FROM `jianghu_user` WHERE `id` = 19 LIMIT 1   [ RunTime:0.0005s ]
NOTIC: [8] Undefined variable: image D:\xampp\htdocs\jianghu\Application\Admin\Controller\IntroduceController.class.php 第 76 行.
INFO: [ view_parse ] --START--
INFO: [ template_filter ] --START--
INFO: Run Behavior\ContentReplaceBehavior [ RunTime:0.000037s ]
INFO: [ template_filter ] --END-- [ RunTime:0.000085s ]
NOTIC: [8] Undefined variable: original_intro D:\xampp\htdocs\jianghu\Application\Runtime\Cache\Admin\61fa4ba4871a14c6e05e05cfa1aedd59.php 第 54 行.
NOTIC: [8] Undefined variable: original_intro D:\xampp\htdocs\jianghu\Application\Runtime\Cache\Admin\61fa4ba4871a14c6e05e05cfa1aedd59.php 第 54 行.
INFO: Run Behavior\ParseTemplateBehavior [ RunTime:0.009236s ]
INFO: [ view_parse ] --END-- [ RunTime:0.009322s ]
INFO: [ view_filter ] --START--
INFO: Run Behavior\WriteHtmlCacheBehavior [ RunTime:0.000684s ]
INFO: [ view_filter ] --END-- [ RunTime:0.000722s ]
INFO: [ app_end ] --START--
INFO: Run Behavior\ShowPageTraceBehavior [ RunTime:0.000723s ]
INFO: [ app_end ] --END-- [ RunTime:0.000758s ]

[ 2016-10-27T00:25:58+08:00 ] ::1 /jianghu/index.php/Admin/introduce/showdetail.html?id=76
INFO: [ app_init ] --START--
INFO: Run Behavior\BuildLiteBehavior [ RunTime:0.000014s ]
INFO: [ app_init ] --END-- [ RunTime:0.000562s ]
INFO: [ app_begin ] --START--
INFO: Run Behavior\ReadHtmlCacheBehavior [ RunTime:0.000774s ]
INFO: [ app_begin ] --END-- [ RunTime:0.000823s ]
SQL: SHOW COLUMNS FROM `jianghu_introduce` [ RunTime:0.0042s ]
SQL: SHOW COLUMNS FROM `jianghu_introduce_domain` [ RunTime:0.0031s ]
SQL: SHOW COLUMNS FROM `jianghu_introduce_images` [ RunTime:0.0044s ]
SQL: SHOW COLUMNS FROM `jianghu_user` [ RunTime:0.0038s ]
SQL: SELECT * FROM `jianghu_introduce` WHERE `id` = 76  [ RunTime:0.0004s ]
SQL: SELECT * FROM `jianghu_introduce_domain` WHERE `introduce_id` = 76  [ RunTime:0.0003s ]
SQL: SELECT `user_id` FROM `jianghu_introduce` WHERE `id` = 76 LIMIT 1   [ RunTime:0.0003s ]
SQL: SELECT `id` FROM `jianghu_introduce` WHERE `id` = 76 LIMIT 1   [ RunTime:0.0003s ]
SQL: SELECT * FROM `jianghu_introduce_images` WHERE `introduce_id` = 76  [ RunTime:0.0003s ]
SQL: SELECT `username` FROM `jianghu_user` WHERE `id` = 17 LIMIT 1   [ RunTime:0.0002s ]
NOTIC: [8] Undefined variable: image D:\xampp\htdocs\jianghu\Application\Admin\Controller\IntroduceController.class.php 第 76 行.
INFO: [ view_parse ] --START--
INFO: [ template_filter ] --START--
INFO: Run Behavior\ContentReplaceBehavior [ RunTime:0.000034s ]
INFO: [ template_filter ] --END-- [ RunTime:0.000084s ]
NOTIC: [8] Undefined variable: msg D:\xampp\htdocs\jianghu\Application\Runtime\Cache\Admin\61fa4ba4871a14c6e05e05cfa1aedd59.php 第 54 行.
INFO: Run Behavior\ParseTemplateBehavior [ RunTime:0.009681s ]
INFO: [ view_parse ] --END-- [ RunTime:0.009754s ]
INFO: [ view_filter ] --START--
INFO: Run Behavior\WriteHtmlCacheBehavior [ RunTime:0.000825s ]
INFO: [ view_filter ] --END-- [ RunTime:0.000884s ]
INFO: [ app_end ] --START--
INFO: Run Behavior\ShowPageTraceBehavior [ RunTime:0.000972s ]
INFO: [ app_end ] --END-- [ RunTime:0.001031s ]

[ 2016-10-27T00:26:00+08:00 ] ::1 /jianghu/index.php/Admin/introduce/showdetail.html?id=70
INFO: [ app_init ] --START--
INFO: Run Behavior\BuildLiteBehavior [ RunTime:0.000021s ]
INFO: [ app_init ] --END-- [ RunTime:0.000781s ]
INFO: [ app_begin ] --START--
INFO: Run Behavior\ReadHtmlCacheBehavior [ RunTime:0.000858s ]
INFO: [ app_begin ] --END-- [ RunTime:0.000946s ]
SQL: SHOW COLUMNS FROM `jianghu_introduce` [ RunTime:0.0034s ]
SQL: SHOW COLUMNS FROM `jianghu_introduce_domain` [ RunTime:0.0044s ]
SQL: SHOW COLUMNS FROM `jianghu_introduce_images` [ RunTime:0.0035s ]
SQL: SHOW COLUMNS FROM `jianghu_user` [ RunTime:0.0043s ]
SQL: SELECT * FROM `jianghu_introduce` WHERE `id` = 70  [ RunTime:0.0003s ]
SQL: SELECT * FROM `jianghu_introduce_domain` WHERE `introduce_id` = 70  [ RunTime:0.0003s ]
SQL: SELECT `user_id` FROM `jianghu_introduce` WHERE `id` = 70 LIMIT 1   [ RunTime:0.0003s ]
SQL: SELECT `id` FROM `jianghu_introduce` WHERE `id` = 70 LIMIT 1   [ RunTime:0.0002s ]
SQL: SELECT * FROM `jianghu_introduce_images` WHERE `introduce_id` = 70  [ RunTime:0.0003s ]
SQL: SELECT `username` FROM `jianghu_user` WHERE `id` = 19 LIMIT 1   [ RunTime:0.0004s ]
NOTIC: [8] Undefined variable: image D:\xampp\htdocs\jianghu\Application\Admin\Controller\IntroduceController.class.php 第 76 行.
INFO: [ view_parse ] --START--
INFO: [ template_filter ] --START--
INFO: Run Behavior\ContentReplaceBehavior [ RunTime:0.000033s ]
INFO: [ template_filter ] --END-- [ RunTime:0.000075s ]
NOTIC: [8] Undefined variable: original_intro D:\xampp\htdocs\jianghu\Application\Runtime\Cache\Admin\61fa4ba4871a14c6e05e05cfa1aedd59.php 第 54 行.
NOTIC: [8] Undefined variable: original_intro D:\xampp\htdocs\jianghu\Application\Runtime\Cache\Admin\61fa4ba4871a14c6e05e05cfa1aedd59.php 第 54 行.
INFO: Run Behavior\ParseTemplateBehavior [ RunTime:0.009267s ]
INFO: [ view_parse ] --END-- [ RunTime:0.009340s ]
INFO: [ view_filter ] --START--
INFO: Run Behavior\WriteHtmlCacheBehavior [ RunTime:0.000995s ]
INFO: [ view_filter ] --END-- [ RunTime:0.001155s ]
INFO: [ app_end ] --START--
INFO: Run Behavior\ShowPageTraceBehavior [ RunTime:0.001447s ]
INFO: [ app_end ] --END-- [ RunTime:0.001521s ]

[ 2016-10-27T00:26:07+08:00 ] ::1 /jianghu/index.php/Admin/user/userdetails.html?username=C
INFO: [ app_init ] --START--
INFO: Run Behavior\BuildLiteBehavior [ RunTime:0.000013s ]
INFO: [ app_init ] --END-- [ RunTime:0.000510s ]
INFO: [ app_begin ] --START--
INFO: Run Behavior\ReadHtmlCacheBehavior [ RunTime:0.000893s ]
INFO: [ app_begin ] --END-- [ RunTime:0.000966s ]
SQL: SHOW COLUMNS FROM `jianghu_user` [ RunTime:0.0066s ]
SQL: SELECT * FROM `jianghu_user` WHERE `username` = 'C'  [ RunTime:0.0005s ]
INFO: [ view_parse ] --START--
INFO: [ template_filter ] --START--
INFO: Run Behavior\ContentReplaceBehavior [ RunTime:0.000036s ]
INFO: [ template_filter ] --END-- [ RunTime:0.000080s ]
NOTIC: [8] Undefined variable: description D:\xampp\htdocs\jianghu\Application\Runtime\Cache\Admin\15c7eebfed225aff2357fe2665153870.php 第 42 行.
INFO: Run Behavior\ParseTemplateBehavior [ RunTime:0.007751s ]
INFO: [ view_parse ] --END-- [ RunTime:0.007856s ]
INFO: [ view_filter ] --START--
INFO: Run Behavior\WriteHtmlCacheBehavior [ RunTime:0.000864s ]
INFO: [ view_filter ] --END-- [ RunTime:0.000941s ]
INFO: [ app_end ] --START--
INFO: Run Behavior\ShowPageTraceBehavior [ RunTime:0.001447s ]
INFO: [ app_end ] --END-- [ RunTime:0.001508s ]

[ 2016-10-27T00:26:11+08:00 ] ::1 /jianghu/index.php/Admin/search/searchByUid.html?user_id=19
INFO: [ app_init ] --START--
INFO: Run Behavior\BuildLiteBehavior [ RunTime:0.000022s ]
INFO: [ app_init ] --END-- [ RunTime:0.000726s ]
INFO: [ app_begin ] --START--
INFO: Run Behavior\ReadHtmlCacheBehavior [ RunTime:0.001104s ]
INFO: [ app_begin ] --END-- [ RunTime:0.001191s ]

[ 2016-10-27T00:26:11+08:00 ] ::1 /jianghu/index.php/Admin/introduce/showIntroduce/where/u.id%3D19.html
INFO: [ app_init ] --START--
INFO: Run Behavior\BuildLiteBehavior [ RunTime:0.000016s ]
INFO: [ app_init ] --END-- [ RunTime:0.000505s ]
INFO: [ app_begin ] --START--
INFO: Run Behavior\ReadHtmlCacheBehavior [ RunTime:0.000843s ]
INFO: [ app_begin ] --END-- [ RunTime:0.000896s ]
SQL: SHOW COLUMNS FROM `jianghu_introduce` [ RunTime:0.0033s ]
SQL: SHOW COLUMNS FROM `jianghu_introduce_images` [ RunTime:0.0032s ]
SQL: SHOW COLUMNS FROM `jianghu_introduce` [ RunTime:0.0033s ]
SQL: SELECT COUNT(*) AS tp_count FROM jianghu_introduce m left join jianghu_user u on m.user_id=u.id  WHERE ( u.id=19 ) LIMIT 1   [ RunTime:0.0006s ]
SQL: SHOW COLUMNS FROM `jianghu_introduce` [ RunTime:0.0052s ]
SQL: SELECT m.*,u.username FROM jianghu_introduce m left join jianghu_user u on m.user_id=u.id  WHERE ( u.id=19 ) ORDER BY time desc LIMIT 0,3   [ RunTime:0.0007s ]
INFO: [ view_parse ] --START--
INFO: [ template_filter ] --START--
INFO: Run Behavior\ContentReplaceBehavior [ RunTime:0.000039s ]
INFO: [ template_filter ] --END-- [ RunTime:0.000090s ]
INFO: Run Behavior\ParseTemplateBehavior [ RunTime:0.009438s ]
INFO: [ view_parse ] --END-- [ RunTime:0.009527s ]
INFO: [ view_filter ] --START--
INFO: Run Behavior\WriteHtmlCacheBehavior [ RunTime:0.000980s ]
INFO: [ view_filter ] --END-- [ RunTime:0.001064s ]
INFO: [ app_end ] --START--
INFO: Run Behavior\ShowPageTraceBehavior [ RunTime:0.001232s ]
INFO: [ app_end ] --END-- [ RunTime:0.001316s ]

[ 2016-10-27T00:26:17+08:00 ] ::1 /jianghu/index.php/Admin/user/userdetails.html?username=C
INFO: [ app_init ] --START--
INFO: Run Behavior\BuildLiteBehavior [ RunTime:0.000025s ]
INFO: [ app_init ] --END-- [ RunTime:0.000948s ]
INFO: [ app_begin ] --START--
INFO: Run Behavior\ReadHtmlCacheBehavior [ RunTime:0.001316s ]
INFO: [ app_begin ] --END-- [ RunTime:0.001411s ]
SQL: SHOW COLUMNS FROM `jianghu_user` [ RunTime:0.0050s ]
SQL: SELECT * FROM `jianghu_user` WHERE `username` = 'C'  [ RunTime:0.0004s ]
INFO: [ view_parse ] --START--
INFO: [ template_filter ] --START--
INFO: Run Behavior\ContentReplaceBehavior [ RunTime:0.000032s ]
INFO: [ template_filter ] --END-- [ RunTime:0.000074s ]
NOTIC: [8] Undefined variable: description D:\xampp\htdocs\jianghu\Application\Runtime\Cache\Admin\15c7eebfed225aff2357fe2665153870.php 第 42 行.
INFO: Run Behavior\ParseTemplateBehavior [ RunTime:0.007465s ]
INFO: [ view_parse ] --END-- [ RunTime:0.007518s ]
INFO: [ view_filter ] --START--
INFO: Run Behavior\WriteHtmlCacheBehavior [ RunTime:0.000660s ]
INFO: [ view_filter ] --END-- [ RunTime:0.000695s ]
INFO: [ app_end ] --START--
INFO: Run Behavior\ShowPageTraceBehavior [ RunTime:0.000802s ]
INFO: [ app_end ] --END-- [ RunTime:0.000838s ]

[ 2016-10-27T00:26:23+08:00 ] ::1 /jianghu/index.php/Admin/introduce/showIntroduce/where/u.id%3D19.html
INFO: [ app_init ] --START--
INFO: Run Behavior\BuildLiteBehavior [ RunTime:0.000012s ]
INFO: [ app_init ] --END-- [ RunTime:0.000471s ]
INFO: [ app_begin ] --START--
INFO: Run Behavior\ReadHtmlCacheBehavior [ RunTime:0.001349s ]
INFO: [ app_begin ] --END-- [ RunTime:0.001444s ]
SQL: SHOW COLUMNS FROM `jianghu_introduce` [ RunTime:0.0044s ]
SQL: SHOW COLUMNS FROM `jianghu_introduce_images` [ RunTime:0.0038s ]
SQL: SHOW COLUMNS FROM `jianghu_introduce` [ RunTime:0.0035s ]
SQL: SELECT COUNT(*) AS tp_count FROM jianghu_introduce m left join jianghu_user u on m.user_id=u.id  WHERE ( u.id=19 ) LIMIT 1   [ RunTime:0.0006s ]
SQL: SHOW COLUMNS FROM `jianghu_introduce` [ RunTime:0.0036s ]
SQL: SELECT m.*,u.username FROM jianghu_introduce m left join jianghu_user u on m.user_id=u.id  WHERE ( u.id=19 ) ORDER BY time desc LIMIT 0,3   [ RunTime:0.0007s ]
INFO: [ view_parse ] --START--
INFO: [ template_filter ] --START--
INFO: Run Behavior\ContentReplaceBehavior [ RunTime:0.000072s ]
INFO: [ template_filter ] --END-- [ RunTime:0.000141s ]
INFO: Run Behavior\ParseTemplateBehavior [ RunTime:0.009567s ]
INFO: [ view_parse ] --END-- [ RunTime:0.009700s ]
INFO: [ view_filter ] --START--
INFO: Run Behavior\WriteHtmlCacheBehavior [ RunTime:0.000674s ]
INFO: [ view_filter ] --END-- [ RunTime:0.000720s ]
INFO: [ app_end ] --START--
INFO: Run Behavior\ShowPageTraceBehavior [ RunTime:0.001119s ]
INFO: [ app_end ] --END-- [ RunTime:0.001174s ]

[ 2016-10-27T00:26:35+08:00 ] ::1 /jianghu/index.php/Admin/user/userdetails.html?username=C
INFO: [ app_init ] --START--
INFO: Run Behavior\BuildLiteBehavior [ RunTime:0.000024s ]
INFO: [ app_init ] --END-- [ RunTime:0.001104s ]
INFO: [ app_begin ] --START--
INFO: Run Behavior\ReadHtmlCacheBehavior [ RunTime:0.000984s ]
INFO: [ app_begin ] --END-- [ RunTime:0.001056s ]
SQL: SHOW COLUMNS FROM `jianghu_user` [ RunTime:0.0054s ]
SQL: SELECT * FROM `jianghu_user` WHERE `username` = 'C'  [ RunTime:0.0004s ]
INFO: [ view_parse ] --START--
INFO: [ template_filter ] --START--
INFO: Run Behavior\ContentReplaceBehavior [ RunTime:0.000032s ]
INFO: [ template_filter ] --END-- [ RunTime:0.000121s ]
NOTIC: [8] Undefined variable: description D:\xampp\htdocs\jianghu\Application\Runtime\Cache\Admin\15c7eebfed225aff2357fe2665153870.php 第 42 行.
INFO: Run Behavior\ParseTemplateBehavior [ RunTime:0.009462s ]
INFO: [ view_parse ] --END-- [ RunTime:0.009519s ]
INFO: [ view_filter ] --START--
INFO: Run Behavior\WriteHtmlCacheBehavior [ RunTime:0.000646s ]
INFO: [ view_filter ] --END-- [ RunTime:0.000682s ]
INFO: [ app_end ] --START--
INFO: Run Behavior\ShowPageTraceBehavior [ RunTime:0.000852s ]
INFO: [ app_end ] --END-- [ RunTime:0.000892s ]

[ 2016-10-27T00:26:36+08:00 ] ::1 /jianghu/index.php/Admin/introduce/showIntroduce/where/u.id%3D19.html
INFO: [ app_init ] --START--
INFO: Run Behavior\BuildLiteBehavior [ RunTime:0.000014s ]
INFO: [ app_init ] --END-- [ RunTime:0.000582s ]
INFO: [ app_begin ] --START--
INFO: Run Behavior\ReadHtmlCacheBehavior [ RunTime:0.000999s ]
INFO: [ app_begin ] --END-- [ RunTime:0.001063s ]
SQL: SHOW COLUMNS FROM `jianghu_introduce` [ RunTime:0.0138s ]
SQL: SHOW COLUMNS FROM `jianghu_introduce_images` [ RunTime:0.0044s ]
SQL: SHOW COLUMNS FROM `jianghu_introduce` [ RunTime:0.0034s ]
SQL: SELECT COUNT(*) AS tp_count FROM jianghu_introduce m left join jianghu_user u on m.user_id=u.id  WHERE ( u.id=19 ) LIMIT 1   [ RunTime:0.0004s ]
SQL: SHOW COLUMNS FROM `jianghu_introduce` [ RunTime:0.0050s ]
SQL: SELECT m.*,u.username FROM jianghu_introduce m left join jianghu_user u on m.user_id=u.id  WHERE ( u.id=19 ) ORDER BY time desc LIMIT 0,3   [ RunTime:0.0005s ]
INFO: [ view_parse ] --START--
INFO: [ template_filter ] --START--
INFO: Run Behavior\ContentReplaceBehavior [ RunTime:0.000034s ]
INFO: [ template_filter ] --END-- [ RunTime:0.000074s ]
INFO: Run Behavior\ParseTemplateBehavior [ RunTime:0.007334s ]
INFO: [ view_parse ] --END-- [ RunTime:0.007384s ]
INFO: [ view_filter ] --START--
INFO: Run Behavior\WriteHtmlCacheBehavior [ RunTime:0.000635s ]
INFO: [ view_filter ] --END-- [ RunTime:0.000670s ]
INFO: [ app_end ] --START--
INFO: Run Behavior\ShowPageTraceBehavior [ RunTime:0.000856s ]
INFO: [ app_end ] --END-- [ RunTime:0.000900s ]

[ 2016-10-27T00:26:40+08:00 ] ::1 /jianghu/index.php/Admin/introduce/showIntroduce.html
INFO: [ app_init ] --START--
INFO: Run Behavior\BuildLiteBehavior [ RunTime:0.000020s ]
INFO: [ app_init ] --END-- [ RunTime:0.000731s ]
INFO: [ app_begin ] --START--
INFO: Run Behavior\ReadHtmlCacheBehavior [ RunTime:0.000924s ]
INFO: [ app_begin ] --END-- [ RunTime:0.000993s ]
SQL: SHOW COLUMNS FROM `jianghu_introduce` [ RunTime:0.0049s ]
SQL: SHOW COLUMNS FROM `jianghu_introduce_images` [ RunTime:0.0039s ]
SQL: SHOW COLUMNS FROM `jianghu_introduce` [ RunTime:0.0034s ]
SQL: SELECT COUNT(*) AS tp_count FROM jianghu_introduce m left join jianghu_user u on m.user_id=u.id  LIMIT 1   [ RunTime:0.0004s ]
SQL: SHOW COLUMNS FROM `jianghu_introduce` [ RunTime:0.0041s ]
SQL: SELECT m.*,u.username FROM jianghu_introduce m left join jianghu_user u on m.user_id=u.id  ORDER BY time desc LIMIT 0,3   [ RunTime:0.0004s ]
INFO: [ view_parse ] --START--
INFO: [ template_filter ] --START--
INFO: Run Behavior\ContentReplaceBehavior [ RunTime:0.000038s ]
INFO: [ template_filter ] --END-- [ RunTime:0.000086s ]
INFO: Run Behavior\ParseTemplateBehavior [ RunTime:0.008191s ]
INFO: [ view_parse ] --END-- [ RunTime:0.008256s ]
INFO: [ view_filter ] --START--
INFO: Run Behavior\WriteHtmlCacheBehavior [ RunTime:0.001290s ]
INFO: [ view_filter ] --END-- [ RunTime:0.001423s ]
INFO: [ app_end ] --START--
INFO: Run Behavior\ShowPageTraceBehavior [ RunTime:0.001520s ]
INFO: [ app_end ] --END-- [ RunTime:0.001595s ]

