[ 2017-09-02T16:22:31+08:00 ] ::1 /jianghu/index.php/Admin/index/index.html
INFO: [ app_init ] --START--
INFO: Run Behavior\BuildLiteBehavior [ RunTime:0.000012s ]
INFO: [ app_init ] --END-- [ RunTime:0.000537s ]
INFO: [ app_begin ] --START--
INFO: Run Behavior\ReadHtmlCacheBehavior [ RunTime:0.000818s ]
INFO: [ app_begin ] --END-- [ RunTime:0.000872s ]
INFO: [ view_parse ] --START--
INFO: [ template_filter ] --START--
INFO: Run Behavior\ContentReplaceBehavior [ RunTime:0.000063s ]
INFO: [ template_filter ] --END-- [ RunTime:0.000110s ]
INFO: Run Behavior\ParseTemplateBehavior [ RunTime:0.011405s ]
INFO: [ view_parse ] --END-- [ RunTime:0.011458s ]
INFO: [ view_filter ] --START--
INFO: Run Behavior\WriteHtmlCacheBehavior [ RunTime:0.001023s ]
INFO: [ view_filter ] --END-- [ RunTime:0.001070s ]
INFO: [ app_end ] --START--
INFO: Run Behavior\ShowPageTraceBehavior [ RunTime:0.001397s ]
INFO: [ app_end ] --END-- [ RunTime:0.001512s ]

[ 2017-09-02T16:22:31+08:00 ] ::1 /jianghu/index.php/Admin/index/main.html
INFO: [ app_init ] --START--
INFO: Run Behavior\BuildLiteBehavior [ RunTime:0.000014s ]
INFO: [ app_init ] --END-- [ RunTime:0.000531s ]
INFO: [ app_begin ] --START--
INFO: Run Behavior\ReadHtmlCacheBehavior [ RunTime:0.000909s ]
INFO: [ app_begin ] --END-- [ RunTime:0.000972s ]
INFO: [ view_parse ] --START--
INFO: [ template_filter ] --START--
INFO: Run Behavior\ContentReplaceBehavior [ RunTime:0.000054s ]
INFO: [ template_filter ] --END-- [ RunTime:0.000139s ]
INFO: Run Behavior\ParseTemplateBehavior [ RunTime:0.011800s ]
INFO: [ view_parse ] --END-- [ RunTime:0.011891s ]
INFO: [ view_filter ] --START--
INFO: Run Behavior\WriteHtmlCacheBehavior [ RunTime:0.001525s ]
INFO: [ view_filter ] --END-- [ RunTime:0.002002s ]
INFO: [ app_end ] --START--
INFO: Run Behavior\ShowPageTraceBehavior [ RunTime:0.001300s ]
INFO: [ app_end ] --END-- [ RunTime:0.001395s ]

[ 2017-09-02T16:22:38+08:00 ] ::1 /jianghu/index.php/Admin/business/add.html
INFO: [ app_init ] --START--
INFO: Run Behavior\BuildLiteBehavior [ RunTime:0.000013s ]
INFO: [ app_init ] --END-- [ RunTime:0.000634s ]
INFO: [ app_begin ] --START--
INFO: Run Behavior\ReadHtmlCacheBehavior [ RunTime:0.001395s ]
INFO: [ app_begin ] --END-- [ RunTime:0.001481s ]
INFO: [ view_parse ] --START--
INFO: [ template_filter ] --START--
INFO: Run Behavior\ContentReplaceBehavior [ RunTime:0.000045s ]
INFO: [ template_filter ] --END-- [ RunTime:0.000110s ]
INFO: Run Behavior\ParseTemplateBehavior [ RunTime:0.028665s ]
INFO: [ view_parse ] --END-- [ RunTime:0.028736s ]
INFO: [ view_filter ] --START--
INFO: Run Behavior\WriteHtmlCacheBehavior [ RunTime:0.001152s ]
INFO: [ view_filter ] --END-- [ RunTime:0.001215s ]
INFO: [ app_end ] --START--
INFO: Run Behavior\ShowPageTraceBehavior [ RunTime:0.001287s ]
INFO: [ app_end ] --END-- [ RunTime:0.001380s ]

[ 2017-09-02T16:22:55+08:00 ] ::1 /jianghu/index.php/Admin/business/doadd.html
INFO: [ app_init ] --START--
INFO: Run Behavior\BuildLiteBehavior [ RunTime:0.000018s ]
INFO: [ app_init ] --END-- [ RunTime:0.000755s ]
INFO: [ app_begin ] --START--
INFO: Run Behavior\ReadHtmlCacheBehavior [ RunTime:0.001071s ]
INFO: [ app_begin ] --END-- [ RunTime:0.001150s ]
SQL: SHOW COLUMNS FROM `jianghu_business` [ RunTime:0.0038s ]
NOTIC: [2] call_user_func() expects parameter 1 to be a valid callback, no array or string given D:\xampp\htdocs\jianghu\ThinkPHP\Library\Think\Upload.class.php 第 170 行.
NOTIC: [8] Undefined offset: 0 D:\xampp\htdocs\jianghu\Application\Common\Common\function.php 第 65 行.
NOTIC: [8] Undefined offset: 0 D:\xampp\htdocs\jianghu\Application\Common\Common\function.php 第 66 行.
NOTIC: [8] Undefined offset: 0 D:\xampp\htdocs\jianghu\Application\Common\Common\function.php 第 67 行.
NOTIC: [8] Undefined index: validate D:\xampp\htdocs\jianghu\ThinkPHP\Library\Think\Model.class.php 第 1185 行.
NOTIC: [8] Undefined index: auto D:\xampp\htdocs\jianghu\ThinkPHP\Library\Think\Model.class.php 第 1128 行.
SQL: INSERT INTO `jianghu_business` (`name`,`addr`,`discription`,`phone`,`star`,`joindate`) VALUES ('hjk','fdsa','fdas','asdf','3','2017-09-02') [ RunTime:0.0508s ]
SQL: UPDATE `jianghu_business` SET `logopath`='./Uploads/2017-09-02/59aa6a5f30291.png' WHERE `id` = 21 [ RunTime:0.0704s ]
SQL: UPDATE `jianghu_business` SET `logourl`='http://localhost/jianghu/Uploads/2017-09-02/59aa6a5f30291.png' WHERE `id` = 21 [ RunTime:0.0465s ]
INFO: [ view_parse ] --START--
INFO: [ template_filter ] --START--
INFO: Run Behavior\ContentReplaceBehavior [ RunTime:0.000066s ]
INFO: [ template_filter ] --END-- [ RunTime:0.000145s ]
INFO: Run Behavior\ParseTemplateBehavior [ RunTime:0.013075s ]
INFO: [ view_parse ] --END-- [ RunTime:0.013207s ]
INFO: [ view_filter ] --START--
INFO: Run Behavior\WriteHtmlCacheBehavior [ RunTime:0.002379s ]
INFO: [ view_filter ] --END-- [ RunTime:0.002536s ]
INFO: [ app_end ] --START--
INFO: Run Behavior\ShowPageTraceBehavior [ RunTime:0.002326s ]
INFO: [ app_end ] --END-- [ RunTime:0.002447s ]

[ 2017-09-02T16:22:56+08:00 ] ::1 /jianghu/index.php/Admin/business/businessList.html
INFO: [ app_init ] --START--
INFO: Run Behavior\BuildLiteBehavior [ RunTime:0.000023s ]
INFO: [ app_init ] --END-- [ RunTime:0.000870s ]
INFO: [ app_begin ] --START--
INFO: Run Behavior\ReadHtmlCacheBehavior [ RunTime:0.001368s ]
INFO: [ app_begin ] --END-- [ RunTime:0.001456s ]
SQL: SHOW COLUMNS FROM `jianghu_business` [ RunTime:0.0044s ]
SQL: SHOW COLUMNS FROM `jianghu_business` [ RunTime:0.0054s ]
SQL: SELECT COUNT(*) AS tp_count FROM jianghu_business b left join jianghu_user u on b.user_id=u.id  WHERE ( state=0 ) LIMIT 1   [ RunTime:0.0006s ]
SQL: SHOW COLUMNS FROM `jianghu_business` [ RunTime:0.0037s ]
SQL: SELECT b.*,u.username FROM jianghu_business b left join jianghu_user u on b.user_id=u.id  WHERE ( state=0 ) ORDER BY joindate desc LIMIT 0,10   [ RunTime:0.0016s ]
INFO: [ view_parse ] --START--
INFO: [ template_filter ] --START--
INFO: Run Behavior\ContentReplaceBehavior [ RunTime:0.000041s ]
INFO: [ template_filter ] --END-- [ RunTime:0.000098s ]
INFO: Run Behavior\ParseTemplateBehavior [ RunTime:0.026869s ]
INFO: [ view_parse ] --END-- [ RunTime:0.026942s ]
INFO: [ view_filter ] --START--
INFO: Run Behavior\WriteHtmlCacheBehavior [ RunTime:0.000768s ]
INFO: [ view_filter ] --END-- [ RunTime:0.000812s ]
INFO: [ app_end ] --START--
INFO: Run Behavior\ShowPageTraceBehavior [ RunTime:0.001647s ]
INFO: [ app_end ] --END-- [ RunTime:0.001724s ]

[ 2017-09-02T16:23:33+08:00 ] ::1 /jianghu/index.php/Admin/business/showdetail.html?id=21
INFO: [ app_init ] --START--
INFO: Run Behavior\BuildLiteBehavior [ RunTime:0.000012s ]
INFO: [ app_init ] --END-- [ RunTime:0.000576s ]
INFO: [ app_begin ] --START--
INFO: Run Behavior\ReadHtmlCacheBehavior [ RunTime:0.001154s ]
INFO: [ app_begin ] --END-- [ RunTime:0.001231s ]
SQL: SHOW COLUMNS FROM `jianghu_business` [ RunTime:0.0051s ]
NOTIC: [8] Use of undefined constant user - assumed 'user' D:\xampp\htdocs\jianghu\Application\Admin\Controller\BusinessController.class.php 第 72 行.
SQL: SHOW COLUMNS FROM `jianghu_user` [ RunTime:0.0039s ]
SQL: SELECT * FROM `jianghu_business` WHERE `id` = 21  [ RunTime:0.0004s ]
SQL: SELECT `user_id` FROM `jianghu_business` WHERE `id` = 21 LIMIT 1   [ RunTime:0.0002s ]
SQL: SELECT `username` FROM `jianghu_user` WHERE `id` = 0 LIMIT 1   [ RunTime:0.0002s ]
INFO: [ view_parse ] --START--
INFO: [ template_filter ] --START--
INFO: Run Behavior\ContentReplaceBehavior [ RunTime:0.000034s ]
INFO: [ template_filter ] --END-- [ RunTime:0.000077s ]
INFO: Run Behavior\ParseTemplateBehavior [ RunTime:0.058669s ]
INFO: [ view_parse ] --END-- [ RunTime:0.058734s ]
INFO: [ view_filter ] --START--
INFO: Run Behavior\WriteHtmlCacheBehavior [ RunTime:0.000608s ]
INFO: [ view_filter ] --END-- [ RunTime:0.000645s ]
INFO: [ app_end ] --START--
INFO: Run Behavior\ShowPageTraceBehavior [ RunTime:0.000723s ]
INFO: [ app_end ] --END-- [ RunTime:0.000760s ]

[ 2017-09-02T16:23:36+08:00 ] ::1 /jianghu/index.php/Admin/business/businessList.html
INFO: [ app_init ] --START--
INFO: Run Behavior\BuildLiteBehavior [ RunTime:0.000012s ]
INFO: [ app_init ] --END-- [ RunTime:0.000520s ]
INFO: [ app_begin ] --START--
INFO: Run Behavior\ReadHtmlCacheBehavior [ RunTime:0.000752s ]
INFO: [ app_begin ] --END-- [ RunTime:0.000805s ]
SQL: SHOW COLUMNS FROM `jianghu_business` [ RunTime:0.0038s ]
SQL: SHOW COLUMNS FROM `jianghu_business` [ RunTime:0.0052s ]
SQL: SELECT COUNT(*) AS tp_count FROM jianghu_business b left join jianghu_user u on b.user_id=u.id  WHERE ( state=0 ) LIMIT 1   [ RunTime:0.0007s ]
SQL: SHOW COLUMNS FROM `jianghu_business` [ RunTime:0.0050s ]
SQL: SELECT b.*,u.username FROM jianghu_business b left join jianghu_user u on b.user_id=u.id  WHERE ( state=0 ) ORDER BY joindate desc LIMIT 0,10   [ RunTime:0.0006s ]
INFO: [ view_parse ] --START--
INFO: [ template_filter ] --START--
INFO: Run Behavior\ContentReplaceBehavior [ RunTime:0.000035s ]
INFO: [ template_filter ] --END-- [ RunTime:0.000079s ]
INFO: Run Behavior\ParseTemplateBehavior [ RunTime:0.007719s ]
INFO: [ view_parse ] --END-- [ RunTime:0.007770s ]
INFO: [ view_filter ] --START--
INFO: Run Behavior\WriteHtmlCacheBehavior [ RunTime:0.000583s ]
INFO: [ view_filter ] --END-- [ RunTime:0.000619s ]
INFO: [ app_end ] --START--
INFO: Run Behavior\ShowPageTraceBehavior [ RunTime:0.000854s ]
INFO: [ app_end ] --END-- [ RunTime:0.000942s ]

[ 2017-09-02T16:44:37+08:00 ] ::1 /jianghu/index.php/Admin/business/businessList.html
INFO: [ app_init ] --START--
INFO: Run Behavior\BuildLiteBehavior [ RunTime:0.000029s ]
INFO: [ app_init ] --END-- [ RunTime:0.000627s ]
INFO: [ app_begin ] --START--
INFO: Run Behavior\ReadHtmlCacheBehavior [ RunTime:0.000796s ]
INFO: [ app_begin ] --END-- [ RunTime:0.000847s ]
SQL: SHOW COLUMNS FROM `jianghu_business` [ RunTime:0.0041s ]
SQL: SHOW COLUMNS FROM `jianghu_business` [ RunTime:0.0042s ]
SQL: SELECT COUNT(*) AS tp_count FROM jianghu_business b left join jianghu_user u on b.user_id=u.id  WHERE ( state=0 ) LIMIT 1   [ RunTime:0.0006s ]
SQL: SHOW COLUMNS FROM `jianghu_business` [ RunTime:0.0037s ]
SQL: SELECT b.*,u.username FROM jianghu_business b left join jianghu_user u on b.user_id=u.id  WHERE ( state=0 ) ORDER BY joindate desc LIMIT 0,10   [ RunTime:0.0005s ]
INFO: [ view_parse ] --START--
INFO: [ template_filter ] --START--
INFO: Run Behavior\ContentReplaceBehavior [ RunTime:0.000040s ]
INFO: [ template_filter ] --END-- [ RunTime:0.000084s ]
INFO: Run Behavior\ParseTemplateBehavior [ RunTime:0.008353s ]
INFO: [ view_parse ] --END-- [ RunTime:0.008407s ]
INFO: [ view_filter ] --START--
INFO: Run Behavior\WriteHtmlCacheBehavior [ RunTime:0.000612s ]
INFO: [ view_filter ] --END-- [ RunTime:0.000650s ]
INFO: [ app_end ] --START--
INFO: Run Behavior\ShowPageTraceBehavior [ RunTime:0.000859s ]
INFO: [ app_end ] --END-- [ RunTime:0.000917s ]

[ 2017-09-02T16:58:56+08:00 ] ::1 /jianghu/index.php/Admin/business/uncheckList.html
INFO: [ app_init ] --START--
INFO: Run Behavior\BuildLiteBehavior [ RunTime:0.000012s ]
INFO: [ app_init ] --END-- [ RunTime:0.000479s ]
INFO: [ app_begin ] --START--
INFO: Run Behavior\ReadHtmlCacheBehavior [ RunTime:0.000778s ]
INFO: [ app_begin ] --END-- [ RunTime:0.000841s ]
SQL: SHOW COLUMNS FROM `jianghu_business` [ RunTime:0.0424s ]
SQL: SELECT * FROM `jianghu_business` WHERE `state` = 1  [ RunTime:0.0007s ]
INFO: [ view_parse ] --START--
INFO: [ template_filter ] --START--
INFO: Run Behavior\ContentReplaceBehavior [ RunTime:0.000059s ]
INFO: [ template_filter ] --END-- [ RunTime:0.000134s ]
NOTIC: [8] Undefined variable: page D:\xampp\htdocs\jianghu\Application\Runtime\Cache\Admin\309052a032a05a8996bf8f233aeb7cf9.php 第 44 行.
INFO: Run Behavior\ParseTemplateBehavior [ RunTime:0.011452s ]
INFO: [ view_parse ] --END-- [ RunTime:0.011532s ]
INFO: [ view_filter ] --START--
INFO: Run Behavior\WriteHtmlCacheBehavior [ RunTime:0.000746s ]
INFO: [ view_filter ] --END-- [ RunTime:0.000818s ]
INFO: [ app_end ] --START--
INFO: Run Behavior\ShowPageTraceBehavior [ RunTime:0.000971s ]
INFO: [ app_end ] --END-- [ RunTime:0.001052s ]

[ 2017-09-02T18:19:11+08:00 ] ::1 /jianghu/index.php/Admin/index/index.html
INFO: [ app_init ] --START--
INFO: Run Behavior\BuildLiteBehavior [ RunTime:0.000013s ]
INFO: [ app_init ] --END-- [ RunTime:0.000589s ]
INFO: [ app_begin ] --START--
INFO: Run Behavior\ReadHtmlCacheBehavior [ RunTime:0.000799s ]
INFO: [ app_begin ] --END-- [ RunTime:0.000847s ]
INFO: [ view_parse ] --START--
INFO: [ template_filter ] --START--
INFO: Run Behavior\ContentReplaceBehavior [ RunTime:0.000064s ]
INFO: [ template_filter ] --END-- [ RunTime:0.000126s ]
INFO: Run Behavior\ParseTemplateBehavior [ RunTime:0.010000s ]
INFO: [ view_parse ] --END-- [ RunTime:0.010049s ]
INFO: [ view_filter ] --START--
INFO: Run Behavior\WriteHtmlCacheBehavior [ RunTime:0.000608s ]
INFO: [ view_filter ] --END-- [ RunTime:0.000641s ]
INFO: [ app_end ] --START--
INFO: Run Behavior\ShowPageTraceBehavior [ RunTime:0.000815s ]
INFO: [ app_end ] --END-- [ RunTime:0.000888s ]

[ 2017-09-02T18:19:12+08:00 ] ::1 /jianghu/index.php/Admin/index/main.html
INFO: [ app_init ] --START--
INFO: Run Behavior\BuildLiteBehavior [ RunTime:0.000020s ]
INFO: [ app_init ] --END-- [ RunTime:0.000828s ]
INFO: [ app_begin ] --START--
INFO: Run Behavior\ReadHtmlCacheBehavior [ RunTime:0.001073s ]
INFO: [ app_begin ] --END-- [ RunTime:0.001172s ]
INFO: [ view_parse ] --START--
INFO: [ template_filter ] --START--
INFO: Run Behavior\ContentReplaceBehavior [ RunTime:0.000056s ]
INFO: [ template_filter ] --END-- [ RunTime:0.000133s ]
INFO: Run Behavior\ParseTemplateBehavior [ RunTime:0.010802s ]
INFO: [ view_parse ] --END-- [ RunTime:0.010893s ]
INFO: [ view_filter ] --START--
INFO: Run Behavior\WriteHtmlCacheBehavior [ RunTime:0.001055s ]
INFO: [ view_filter ] --END-- [ RunTime:0.001128s ]
INFO: [ app_end ] --START--
INFO: Run Behavior\ShowPageTraceBehavior [ RunTime:0.003004s ]
INFO: [ app_end ] --END-- [ RunTime:0.003096s ]

[ 2017-09-02T18:19:21+08:00 ] ::1 /jianghu/index.php/Admin/introduce/showIntroduce.html
INFO: [ app_init ] --START--
INFO: Run Behavior\BuildLiteBehavior [ RunTime:0.000014s ]
INFO: [ app_init ] --END-- [ RunTime:0.000606s ]
INFO: [ app_begin ] --START--
INFO: Run Behavior\ReadHtmlCacheBehavior [ RunTime:0.000715s ]
INFO: [ app_begin ] --END-- [ RunTime:0.000776s ]
SQL: SHOW COLUMNS FROM `jianghu_introduce` [ RunTime:0.0324s ]
SQL: SHOW COLUMNS FROM `jianghu_introduce_images` [ RunTime:0.0191s ]
SQL: SHOW COLUMNS FROM `jianghu_introduce` [ RunTime:0.0042s ]
SQL: SELECT COUNT(*) AS tp_count FROM jianghu_introduce m left join jianghu_user u on m.user_id=u.id  LIMIT 1   [ RunTime:0.0215s ]
SQL: SHOW COLUMNS FROM `jianghu_introduce` [ RunTime:0.0039s ]
SQL: SELECT m.*,u.username FROM jianghu_introduce m left join jianghu_user u on m.user_id=u.id  ORDER BY time desc LIMIT 0,10   [ RunTime:0.0009s ]
INFO: [ view_parse ] --START--
INFO: [ template_filter ] --START--
INFO: Run Behavior\ContentReplaceBehavior [ RunTime:0.000041s ]
INFO: [ template_filter ] --END-- [ RunTime:0.000089s ]
INFO: Run Behavior\ParseTemplateBehavior [ RunTime:0.028291s ]
INFO: [ view_parse ] --END-- [ RunTime:0.028348s ]
INFO: [ view_filter ] --START--
INFO: Run Behavior\WriteHtmlCacheBehavior [ RunTime:0.000653s ]
INFO: [ view_filter ] --END-- [ RunTime:0.000695s ]
INFO: [ app_end ] --START--
INFO: Run Behavior\ShowPageTraceBehavior [ RunTime:0.001086s ]
INFO: [ app_end ] --END-- [ RunTime:0.001174s ]

[ 2017-09-02T18:19:22+08:00 ] ::1 /jianghu/index.php/Admin/introduce/reportedList.html
INFO: [ app_init ] --START--
INFO: Run Behavior\BuildLiteBehavior [ RunTime:0.000013s ]
INFO: [ app_init ] --END-- [ RunTime:0.000602s ]
INFO: [ app_begin ] --START--
INFO: Run Behavior\ReadHtmlCacheBehavior [ RunTime:0.000725s ]
INFO: [ app_begin ] --END-- [ RunTime:0.000783s ]
SQL: SHOW COLUMNS FROM `jianghu_introduce_report` [ RunTime:0.1871s ]
SQL: SHOW COLUMNS FROM `jianghu_user` [ RunTime:0.0077s ]
SQL: SHOW COLUMNS FROM `jianghu_introduce` [ RunTime:0.0065s ]
SQL: SELECT COUNT(*) AS tp_count FROM `jianghu_introduce_report` LIMIT 1   [ RunTime:0.0004s ]
SQL: SELECT * FROM `jianghu_introduce_report` ORDER BY time desc LIMIT 0,10   [ RunTime:0.0009s ]
SQL: SELECT `username` FROM `jianghu_user` WHERE `id` = 98 LIMIT 1   [ RunTime:0.0009s ]
SQL: SELECT `text` FROM `jianghu_introduce` WHERE `id` = 342 LIMIT 1   [ RunTime:0.0007s ]
SQL: SELECT `username` FROM `jianghu_user` WHERE `id` = 1 LIMIT 1   [ RunTime:0.0005s ]
SQL: SELECT `text` FROM `jianghu_introduce` WHERE `id` = 11 LIMIT 1   [ RunTime:0.0004s ]
SQL: SELECT `username` FROM `jianghu_user` WHERE `id` = 1 LIMIT 1   [ RunTime:0.0004s ]
SQL: SELECT `text` FROM `jianghu_introduce` WHERE `id` = 177 LIMIT 1   [ RunTime:0.0005s ]
SQL: SELECT `username` FROM `jianghu_user` WHERE `id` = 1 LIMIT 1   [ RunTime:0.0004s ]
SQL: SELECT `text` FROM `jianghu_introduce` WHERE `id` = 175 LIMIT 1   [ RunTime:0.0003s ]
SQL: SELECT `username` FROM `jianghu_user` WHERE `id` = 1 LIMIT 1   [ RunTime:0.0003s ]
SQL: SELECT `text` FROM `jianghu_introduce` WHERE `id` = 2 LIMIT 1   [ RunTime:0.0003s ]
SQL: SELECT `username` FROM `jianghu_user` WHERE `id` = 1 LIMIT 1   [ RunTime:0.0003s ]
SQL: SELECT `text` FROM `jianghu_introduce` WHERE `id` = 2 LIMIT 1   [ RunTime:0.0004s ]
INFO: [ view_parse ] --START--
INFO: [ template_filter ] --START--
INFO: Run Behavior\ContentReplaceBehavior [ RunTime:0.000055s ]
INFO: [ template_filter ] --END-- [ RunTime:0.000130s ]
INFO: Run Behavior\ParseTemplateBehavior [ RunTime:0.029033s ]
INFO: [ view_parse ] --END-- [ RunTime:0.029117s ]
INFO: [ view_filter ] --START--
INFO: Run Behavior\WriteHtmlCacheBehavior [ RunTime:0.001087s ]
INFO: [ view_filter ] --END-- [ RunTime:0.001153s ]
INFO: [ app_end ] --START--
INFO: Run Behavior\ShowPageTraceBehavior [ RunTime:0.001221s ]
INFO: [ app_end ] --END-- [ RunTime:0.001288s ]

[ 2017-09-02T18:19:24+08:00 ] ::1 /jianghu/index.php/Admin/introduce/reportedList.html
INFO: [ app_init ] --START--
INFO: Run Behavior\BuildLiteBehavior [ RunTime:0.000014s ]
INFO: [ app_init ] --END-- [ RunTime:0.000619s ]
INFO: [ app_begin ] --START--
INFO: Run Behavior\ReadHtmlCacheBehavior [ RunTime:0.000709s ]
INFO: [ app_begin ] --END-- [ RunTime:0.000764s ]
SQL: SHOW COLUMNS FROM `jianghu_introduce_report` [ RunTime:0.0039s ]
SQL: SHOW COLUMNS FROM `jianghu_user` [ RunTime:0.0043s ]
SQL: SHOW COLUMNS FROM `jianghu_introduce` [ RunTime:0.0038s ]
SQL: SELECT COUNT(*) AS tp_count FROM `jianghu_introduce_report` LIMIT 1   [ RunTime:0.0003s ]
SQL: SELECT * FROM `jianghu_introduce_report` ORDER BY time desc LIMIT 0,10   [ RunTime:0.0004s ]
SQL: SELECT `username` FROM `jianghu_user` WHERE `id` = 98 LIMIT 1   [ RunTime:0.0003s ]
SQL: SELECT `text` FROM `jianghu_introduce` WHERE `id` = 342 LIMIT 1   [ RunTime:0.0002s ]
SQL: SELECT `username` FROM `jianghu_user` WHERE `id` = 1 LIMIT 1   [ RunTime:0.0002s ]
SQL: SELECT `text` FROM `jianghu_introduce` WHERE `id` = 11 LIMIT 1   [ RunTime:0.0002s ]
SQL: SELECT `username` FROM `jianghu_user` WHERE `id` = 1 LIMIT 1   [ RunTime:0.0003s ]
SQL: SELECT `text` FROM `jianghu_introduce` WHERE `id` = 177 LIMIT 1   [ RunTime:0.0003s ]
SQL: SELECT `username` FROM `jianghu_user` WHERE `id` = 1 LIMIT 1   [ RunTime:0.0002s ]
SQL: SELECT `text` FROM `jianghu_introduce` WHERE `id` = 175 LIMIT 1   [ RunTime:0.0002s ]
SQL: SELECT `username` FROM `jianghu_user` WHERE `id` = 1 LIMIT 1   [ RunTime:0.0002s ]
SQL: SELECT `text` FROM `jianghu_introduce` WHERE `id` = 2 LIMIT 1   [ RunTime:0.0002s ]
SQL: SELECT `username` FROM `jianghu_user` WHERE `id` = 1 LIMIT 1   [ RunTime:0.0002s ]
SQL: SELECT `text` FROM `jianghu_introduce` WHERE `id` = 2 LIMIT 1   [ RunTime:0.0002s ]
INFO: [ view_parse ] --START--
INFO: [ template_filter ] --START--
INFO: Run Behavior\ContentReplaceBehavior [ RunTime:0.000034s ]
INFO: [ template_filter ] --END-- [ RunTime:0.000081s ]
INFO: Run Behavior\ParseTemplateBehavior [ RunTime:0.009315s ]
INFO: [ view_parse ] --END-- [ RunTime:0.009367s ]
INFO: [ view_filter ] --START--
INFO: Run Behavior\WriteHtmlCacheBehavior [ RunTime:0.000617s ]
INFO: [ view_filter ] --END-- [ RunTime:0.000657s ]
INFO: [ app_end ] --START--
INFO: Run Behavior\ShowPageTraceBehavior [ RunTime:0.000905s ]
INFO: [ app_end ] --END-- [ RunTime:0.000952s ]

